[2024-04-07T14:39:21.589+0000] {processor.py:161} INFO - Started process (PID=58) to work on /home/airflow/.local/lib/python3.8/site-packages/airflow/example_dags/example_xcom.py
[2024-04-07T14:39:21.591+0000] {processor.py:830} INFO - Processing file /home/airflow/.local/lib/python3.8/site-packages/airflow/example_dags/example_xcom.py for tasks to queue
[2024-04-07T14:39:21.596+0000] {logging_mixin.py:188} INFO - [2024-04-07T14:39:21.595+0000] {dagbag.py:540} INFO - Filling up the DagBag from /home/airflow/.local/lib/python3.8/site-packages/airflow/example_dags/example_xcom.py
[2024-04-07T14:39:21.614+0000] {processor.py:840} INFO - DAG(s) 'example_xcom' retrieved from /home/airflow/.local/lib/python3.8/site-packages/airflow/example_dags/example_xcom.py
[2024-04-07T14:39:21.756+0000] {logging_mixin.py:188} INFO - [2024-04-07T14:39:21.753+0000] {dag.py:3047} INFO - Sync 1 DAGs
[2024-04-07T14:39:21.827+0000] {logging_mixin.py:188} INFO - [2024-04-07T14:39:21.826+0000] {dag.py:3834} INFO - Setting next_dagrun for example_xcom to 2021-01-01 00:00:00+00:00, run_after=2021-01-01 00:00:00+00:00
[2024-04-07T14:39:22.119+0000] {processor.py:183} INFO - Processing /home/airflow/.local/lib/python3.8/site-packages/airflow/example_dags/example_xcom.py took 0.537 seconds
[2024-04-07T14:39:53.520+0000] {processor.py:161} INFO - Started process (PID=115) to work on /home/airflow/.local/lib/python3.8/site-packages/airflow/example_dags/example_xcom.py
[2024-04-07T14:39:53.523+0000] {processor.py:830} INFO - Processing file /home/airflow/.local/lib/python3.8/site-packages/airflow/example_dags/example_xcom.py for tasks to queue
[2024-04-07T14:39:53.526+0000] {logging_mixin.py:188} INFO - [2024-04-07T14:39:53.526+0000] {dagbag.py:540} INFO - Filling up the DagBag from /home/airflow/.local/lib/python3.8/site-packages/airflow/example_dags/example_xcom.py
[2024-04-07T14:39:53.540+0000] {processor.py:840} INFO - DAG(s) 'example_xcom' retrieved from /home/airflow/.local/lib/python3.8/site-packages/airflow/example_dags/example_xcom.py
[2024-04-07T14:39:53.577+0000] {logging_mixin.py:188} INFO - [2024-04-07T14:39:53.577+0000] {dag.py:3047} INFO - Sync 1 DAGs
[2024-04-07T14:39:53.623+0000] {logging_mixin.py:188} INFO - [2024-04-07T14:39:53.622+0000] {dag.py:3834} INFO - Setting next_dagrun for example_xcom to 2021-01-01 00:00:00+00:00, run_after=2021-01-01 00:00:00+00:00
[2024-04-07T14:39:53.728+0000] {processor.py:183} INFO - Processing /home/airflow/.local/lib/python3.8/site-packages/airflow/example_dags/example_xcom.py took 0.213 seconds
[2024-04-07T14:40:27.563+0000] {processor.py:161} INFO - Started process (PID=172) to work on /home/airflow/.local/lib/python3.8/site-packages/airflow/example_dags/example_xcom.py
[2024-04-07T14:40:27.567+0000] {processor.py:830} INFO - Processing file /home/airflow/.local/lib/python3.8/site-packages/airflow/example_dags/example_xcom.py for tasks to queue
[2024-04-07T14:40:27.579+0000] {logging_mixin.py:188} INFO - [2024-04-07T14:40:27.578+0000] {dagbag.py:540} INFO - Filling up the DagBag from /home/airflow/.local/lib/python3.8/site-packages/airflow/example_dags/example_xcom.py
[2024-04-07T14:40:27.628+0000] {processor.py:840} INFO - DAG(s) 'example_xcom' retrieved from /home/airflow/.local/lib/python3.8/site-packages/airflow/example_dags/example_xcom.py
[2024-04-07T14:40:27.759+0000] {logging_mixin.py:188} INFO - [2024-04-07T14:40:27.758+0000] {dag.py:3047} INFO - Sync 1 DAGs
[2024-04-07T14:40:27.841+0000] {logging_mixin.py:188} INFO - [2024-04-07T14:40:27.840+0000] {dag.py:3834} INFO - Setting next_dagrun for example_xcom to 2021-01-01 00:00:00+00:00, run_after=2021-01-01 00:00:00+00:00
[2024-04-07T14:40:28.020+0000] {processor.py:183} INFO - Processing /home/airflow/.local/lib/python3.8/site-packages/airflow/example_dags/example_xcom.py took 0.463 seconds
[2024-04-07T14:40:58.600+0000] {processor.py:161} INFO - Started process (PID=229) to work on /home/airflow/.local/lib/python3.8/site-packages/airflow/example_dags/example_xcom.py
[2024-04-07T14:40:58.604+0000] {processor.py:830} INFO - Processing file /home/airflow/.local/lib/python3.8/site-packages/airflow/example_dags/example_xcom.py for tasks to queue
[2024-04-07T14:40:58.617+0000] {logging_mixin.py:188} INFO - [2024-04-07T14:40:58.616+0000] {dagbag.py:540} INFO - Filling up the DagBag from /home/airflow/.local/lib/python3.8/site-packages/airflow/example_dags/example_xcom.py
[2024-04-07T14:40:58.682+0000] {processor.py:840} INFO - DAG(s) 'example_xcom' retrieved from /home/airflow/.local/lib/python3.8/site-packages/airflow/example_dags/example_xcom.py
[2024-04-07T14:40:58.817+0000] {logging_mixin.py:188} INFO - [2024-04-07T14:40:58.816+0000] {dag.py:3047} INFO - Sync 1 DAGs
[2024-04-07T14:40:58.899+0000] {logging_mixin.py:188} INFO - [2024-04-07T14:40:58.899+0000] {dag.py:3834} INFO - Setting next_dagrun for example_xcom to 2021-01-01 00:00:00+00:00, run_after=2021-01-01 00:00:00+00:00
[2024-04-07T14:40:59.004+0000] {processor.py:183} INFO - Processing /home/airflow/.local/lib/python3.8/site-packages/airflow/example_dags/example_xcom.py took 0.420 seconds
[2024-04-07T14:41:33.525+0000] {processor.py:161} INFO - Started process (PID=292) to work on /home/airflow/.local/lib/python3.8/site-packages/airflow/example_dags/example_xcom.py
[2024-04-07T14:41:33.528+0000] {processor.py:830} INFO - Processing file /home/airflow/.local/lib/python3.8/site-packages/airflow/example_dags/example_xcom.py for tasks to queue
[2024-04-07T14:41:33.533+0000] {logging_mixin.py:188} INFO - [2024-04-07T14:41:33.532+0000] {dagbag.py:540} INFO - Filling up the DagBag from /home/airflow/.local/lib/python3.8/site-packages/airflow/example_dags/example_xcom.py
[2024-04-07T14:41:33.558+0000] {processor.py:840} INFO - DAG(s) 'example_xcom' retrieved from /home/airflow/.local/lib/python3.8/site-packages/airflow/example_dags/example_xcom.py
[2024-04-07T14:41:33.614+0000] {logging_mixin.py:188} INFO - [2024-04-07T14:41:33.613+0000] {dag.py:3047} INFO - Sync 1 DAGs
[2024-04-07T14:41:33.680+0000] {logging_mixin.py:188} INFO - [2024-04-07T14:41:33.674+0000] {dag.py:3834} INFO - Setting next_dagrun for example_xcom to 2021-01-01 00:00:00+00:00, run_after=2021-01-01 00:00:00+00:00
[2024-04-07T14:41:33.828+0000] {processor.py:183} INFO - Processing /home/airflow/.local/lib/python3.8/site-packages/airflow/example_dags/example_xcom.py took 0.312 seconds
[2024-04-07T14:42:05.478+0000] {processor.py:161} INFO - Started process (PID=349) to work on /home/airflow/.local/lib/python3.8/site-packages/airflow/example_dags/example_xcom.py
[2024-04-07T14:42:05.489+0000] {processor.py:830} INFO - Processing file /home/airflow/.local/lib/python3.8/site-packages/airflow/example_dags/example_xcom.py for tasks to queue
[2024-04-07T14:42:05.496+0000] {logging_mixin.py:188} INFO - [2024-04-07T14:42:05.495+0000] {dagbag.py:540} INFO - Filling up the DagBag from /home/airflow/.local/lib/python3.8/site-packages/airflow/example_dags/example_xcom.py
[2024-04-07T14:42:05.544+0000] {processor.py:840} INFO - DAG(s) 'example_xcom' retrieved from /home/airflow/.local/lib/python3.8/site-packages/airflow/example_dags/example_xcom.py
[2024-04-07T14:42:05.617+0000] {logging_mixin.py:188} INFO - [2024-04-07T14:42:05.615+0000] {dag.py:3047} INFO - Sync 1 DAGs
[2024-04-07T14:42:05.691+0000] {logging_mixin.py:188} INFO - [2024-04-07T14:42:05.690+0000] {dag.py:3834} INFO - Setting next_dagrun for example_xcom to 2021-01-01 00:00:00+00:00, run_after=2021-01-01 00:00:00+00:00
[2024-04-07T14:42:05.745+0000] {processor.py:183} INFO - Processing /home/airflow/.local/lib/python3.8/site-packages/airflow/example_dags/example_xcom.py took 0.280 seconds
[2024-04-07T14:42:35.979+0000] {processor.py:161} INFO - Started process (PID=406) to work on /home/airflow/.local/lib/python3.8/site-packages/airflow/example_dags/example_xcom.py
[2024-04-07T14:42:35.981+0000] {processor.py:830} INFO - Processing file /home/airflow/.local/lib/python3.8/site-packages/airflow/example_dags/example_xcom.py for tasks to queue
[2024-04-07T14:42:35.993+0000] {logging_mixin.py:188} INFO - [2024-04-07T14:42:35.992+0000] {dagbag.py:540} INFO - Filling up the DagBag from /home/airflow/.local/lib/python3.8/site-packages/airflow/example_dags/example_xcom.py
[2024-04-07T14:42:36.028+0000] {processor.py:840} INFO - DAG(s) 'example_xcom' retrieved from /home/airflow/.local/lib/python3.8/site-packages/airflow/example_dags/example_xcom.py
[2024-04-07T14:42:36.112+0000] {logging_mixin.py:188} INFO - [2024-04-07T14:42:36.112+0000] {dag.py:3047} INFO - Sync 1 DAGs
[2024-04-07T14:42:36.239+0000] {logging_mixin.py:188} INFO - [2024-04-07T14:42:36.238+0000] {dag.py:3834} INFO - Setting next_dagrun for example_xcom to 2021-01-01 00:00:00+00:00, run_after=2021-01-01 00:00:00+00:00
[2024-04-07T14:42:36.359+0000] {processor.py:183} INFO - Processing /home/airflow/.local/lib/python3.8/site-packages/airflow/example_dags/example_xcom.py took 0.387 seconds
[2024-04-07T14:43:08.353+0000] {processor.py:161} INFO - Started process (PID=464) to work on /home/airflow/.local/lib/python3.8/site-packages/airflow/example_dags/example_xcom.py
[2024-04-07T14:43:08.375+0000] {processor.py:830} INFO - Processing file /home/airflow/.local/lib/python3.8/site-packages/airflow/example_dags/example_xcom.py for tasks to queue
[2024-04-07T14:43:08.387+0000] {logging_mixin.py:188} INFO - [2024-04-07T14:43:08.386+0000] {dagbag.py:540} INFO - Filling up the DagBag from /home/airflow/.local/lib/python3.8/site-packages/airflow/example_dags/example_xcom.py
[2024-04-07T14:43:08.420+0000] {processor.py:840} INFO - DAG(s) 'example_xcom' retrieved from /home/airflow/.local/lib/python3.8/site-packages/airflow/example_dags/example_xcom.py
[2024-04-07T14:43:08.526+0000] {logging_mixin.py:188} INFO - [2024-04-07T14:43:08.523+0000] {dag.py:3047} INFO - Sync 1 DAGs
[2024-04-07T14:43:08.683+0000] {logging_mixin.py:188} INFO - [2024-04-07T14:43:08.673+0000] {dag.py:3834} INFO - Setting next_dagrun for example_xcom to 2021-01-01 00:00:00+00:00, run_after=2021-01-01 00:00:00+00:00
[2024-04-07T14:43:08.800+0000] {processor.py:183} INFO - Processing /home/airflow/.local/lib/python3.8/site-packages/airflow/example_dags/example_xcom.py took 0.467 seconds
[2024-04-07T14:43:40.021+0000] {processor.py:161} INFO - Started process (PID=521) to work on /home/airflow/.local/lib/python3.8/site-packages/airflow/example_dags/example_xcom.py
[2024-04-07T14:43:40.025+0000] {processor.py:830} INFO - Processing file /home/airflow/.local/lib/python3.8/site-packages/airflow/example_dags/example_xcom.py for tasks to queue
[2024-04-07T14:43:40.028+0000] {logging_mixin.py:188} INFO - [2024-04-07T14:43:40.027+0000] {dagbag.py:540} INFO - Filling up the DagBag from /home/airflow/.local/lib/python3.8/site-packages/airflow/example_dags/example_xcom.py
[2024-04-07T14:43:40.052+0000] {processor.py:840} INFO - DAG(s) 'example_xcom' retrieved from /home/airflow/.local/lib/python3.8/site-packages/airflow/example_dags/example_xcom.py
[2024-04-07T14:43:40.114+0000] {logging_mixin.py:188} INFO - [2024-04-07T14:43:40.113+0000] {dag.py:3047} INFO - Sync 1 DAGs
[2024-04-07T14:43:40.178+0000] {logging_mixin.py:188} INFO - [2024-04-07T14:43:40.178+0000] {dag.py:3834} INFO - Setting next_dagrun for example_xcom to 2021-01-01 00:00:00+00:00, run_after=2021-01-01 00:00:00+00:00
[2024-04-07T14:43:40.260+0000] {processor.py:183} INFO - Processing /home/airflow/.local/lib/python3.8/site-packages/airflow/example_dags/example_xcom.py took 0.248 seconds
[2024-04-07T14:44:10.404+0000] {processor.py:161} INFO - Started process (PID=578) to work on /home/airflow/.local/lib/python3.8/site-packages/airflow/example_dags/example_xcom.py
[2024-04-07T14:44:10.406+0000] {processor.py:830} INFO - Processing file /home/airflow/.local/lib/python3.8/site-packages/airflow/example_dags/example_xcom.py for tasks to queue
[2024-04-07T14:44:10.418+0000] {logging_mixin.py:188} INFO - [2024-04-07T14:44:10.417+0000] {dagbag.py:540} INFO - Filling up the DagBag from /home/airflow/.local/lib/python3.8/site-packages/airflow/example_dags/example_xcom.py
[2024-04-07T14:44:10.439+0000] {processor.py:840} INFO - DAG(s) 'example_xcom' retrieved from /home/airflow/.local/lib/python3.8/site-packages/airflow/example_dags/example_xcom.py
[2024-04-07T14:44:10.481+0000] {logging_mixin.py:188} INFO - [2024-04-07T14:44:10.481+0000] {dag.py:3047} INFO - Sync 1 DAGs
[2024-04-07T14:44:10.519+0000] {logging_mixin.py:188} INFO - [2024-04-07T14:44:10.519+0000] {dag.py:3834} INFO - Setting next_dagrun for example_xcom to 2021-01-01 00:00:00+00:00, run_after=2021-01-01 00:00:00+00:00
[2024-04-07T14:44:10.694+0000] {processor.py:183} INFO - Processing /home/airflow/.local/lib/python3.8/site-packages/airflow/example_dags/example_xcom.py took 0.308 seconds
[2024-04-07T14:44:47.233+0000] {processor.py:161} INFO - Started process (PID=633) to work on /home/airflow/.local/lib/python3.8/site-packages/airflow/example_dags/example_xcom.py
[2024-04-07T14:44:47.267+0000] {processor.py:830} INFO - Processing file /home/airflow/.local/lib/python3.8/site-packages/airflow/example_dags/example_xcom.py for tasks to queue
[2024-04-07T14:44:47.283+0000] {logging_mixin.py:188} INFO - [2024-04-07T14:44:47.278+0000] {dagbag.py:540} INFO - Filling up the DagBag from /home/airflow/.local/lib/python3.8/site-packages/airflow/example_dags/example_xcom.py
[2024-04-07T14:44:47.335+0000] {processor.py:840} INFO - DAG(s) 'example_xcom' retrieved from /home/airflow/.local/lib/python3.8/site-packages/airflow/example_dags/example_xcom.py
[2024-04-07T14:44:47.491+0000] {logging_mixin.py:188} INFO - [2024-04-07T14:44:47.478+0000] {dag.py:3047} INFO - Sync 1 DAGs
[2024-04-07T14:44:47.749+0000] {logging_mixin.py:188} INFO - [2024-04-07T14:44:47.748+0000] {dag.py:3834} INFO - Setting next_dagrun for example_xcom to 2021-01-01 00:00:00+00:00, run_after=2021-01-01 00:00:00+00:00
[2024-04-07T14:44:47.965+0000] {processor.py:183} INFO - Processing /home/airflow/.local/lib/python3.8/site-packages/airflow/example_dags/example_xcom.py took 0.751 seconds
[2024-04-07T14:45:18.413+0000] {processor.py:161} INFO - Started process (PID=690) to work on /home/airflow/.local/lib/python3.8/site-packages/airflow/example_dags/example_xcom.py
[2024-04-07T14:45:18.415+0000] {processor.py:830} INFO - Processing file /home/airflow/.local/lib/python3.8/site-packages/airflow/example_dags/example_xcom.py for tasks to queue
[2024-04-07T14:45:18.420+0000] {logging_mixin.py:188} INFO - [2024-04-07T14:45:18.419+0000] {dagbag.py:540} INFO - Filling up the DagBag from /home/airflow/.local/lib/python3.8/site-packages/airflow/example_dags/example_xcom.py
[2024-04-07T14:45:18.437+0000] {processor.py:840} INFO - DAG(s) 'example_xcom' retrieved from /home/airflow/.local/lib/python3.8/site-packages/airflow/example_dags/example_xcom.py
[2024-04-07T14:45:18.479+0000] {logging_mixin.py:188} INFO - [2024-04-07T14:45:18.478+0000] {dag.py:3047} INFO - Sync 1 DAGs
[2024-04-07T14:45:18.530+0000] {logging_mixin.py:188} INFO - [2024-04-07T14:45:18.530+0000] {dag.py:3834} INFO - Setting next_dagrun for example_xcom to 2021-01-01 00:00:00+00:00, run_after=2021-01-01 00:00:00+00:00
[2024-04-07T14:45:18.588+0000] {processor.py:183} INFO - Processing /home/airflow/.local/lib/python3.8/site-packages/airflow/example_dags/example_xcom.py took 0.180 seconds
[2024-04-07T14:45:48.673+0000] {processor.py:161} INFO - Started process (PID=747) to work on /home/airflow/.local/lib/python3.8/site-packages/airflow/example_dags/example_xcom.py
[2024-04-07T14:45:48.675+0000] {processor.py:830} INFO - Processing file /home/airflow/.local/lib/python3.8/site-packages/airflow/example_dags/example_xcom.py for tasks to queue
[2024-04-07T14:45:48.679+0000] {logging_mixin.py:188} INFO - [2024-04-07T14:45:48.679+0000] {dagbag.py:540} INFO - Filling up the DagBag from /home/airflow/.local/lib/python3.8/site-packages/airflow/example_dags/example_xcom.py
[2024-04-07T14:45:48.692+0000] {processor.py:840} INFO - DAG(s) 'example_xcom' retrieved from /home/airflow/.local/lib/python3.8/site-packages/airflow/example_dags/example_xcom.py
[2024-04-07T14:45:48.738+0000] {logging_mixin.py:188} INFO - [2024-04-07T14:45:48.737+0000] {dag.py:3047} INFO - Sync 1 DAGs
[2024-04-07T14:45:48.776+0000] {logging_mixin.py:188} INFO - [2024-04-07T14:45:48.775+0000] {dag.py:3834} INFO - Setting next_dagrun for example_xcom to 2021-01-01 00:00:00+00:00, run_after=2021-01-01 00:00:00+00:00
[2024-04-07T14:45:48.820+0000] {processor.py:183} INFO - Processing /home/airflow/.local/lib/python3.8/site-packages/airflow/example_dags/example_xcom.py took 0.152 seconds
[2024-04-07T14:46:18.970+0000] {processor.py:161} INFO - Started process (PID=804) to work on /home/airflow/.local/lib/python3.8/site-packages/airflow/example_dags/example_xcom.py
[2024-04-07T14:46:18.972+0000] {processor.py:830} INFO - Processing file /home/airflow/.local/lib/python3.8/site-packages/airflow/example_dags/example_xcom.py for tasks to queue
[2024-04-07T14:46:18.976+0000] {logging_mixin.py:188} INFO - [2024-04-07T14:46:18.975+0000] {dagbag.py:540} INFO - Filling up the DagBag from /home/airflow/.local/lib/python3.8/site-packages/airflow/example_dags/example_xcom.py
[2024-04-07T14:46:19.006+0000] {processor.py:840} INFO - DAG(s) 'example_xcom' retrieved from /home/airflow/.local/lib/python3.8/site-packages/airflow/example_dags/example_xcom.py
[2024-04-07T14:46:19.047+0000] {logging_mixin.py:188} INFO - [2024-04-07T14:46:19.046+0000] {dag.py:3047} INFO - Sync 1 DAGs
[2024-04-07T14:46:19.115+0000] {logging_mixin.py:188} INFO - [2024-04-07T14:46:19.114+0000] {dag.py:3834} INFO - Setting next_dagrun for example_xcom to 2021-01-01 00:00:00+00:00, run_after=2021-01-01 00:00:00+00:00
[2024-04-07T14:46:19.157+0000] {processor.py:183} INFO - Processing /home/airflow/.local/lib/python3.8/site-packages/airflow/example_dags/example_xcom.py took 0.194 seconds
[2024-04-07T14:46:49.518+0000] {processor.py:161} INFO - Started process (PID=861) to work on /home/airflow/.local/lib/python3.8/site-packages/airflow/example_dags/example_xcom.py
[2024-04-07T14:46:49.520+0000] {processor.py:830} INFO - Processing file /home/airflow/.local/lib/python3.8/site-packages/airflow/example_dags/example_xcom.py for tasks to queue
[2024-04-07T14:46:49.524+0000] {logging_mixin.py:188} INFO - [2024-04-07T14:46:49.524+0000] {dagbag.py:540} INFO - Filling up the DagBag from /home/airflow/.local/lib/python3.8/site-packages/airflow/example_dags/example_xcom.py
[2024-04-07T14:46:49.550+0000] {processor.py:840} INFO - DAG(s) 'example_xcom' retrieved from /home/airflow/.local/lib/python3.8/site-packages/airflow/example_dags/example_xcom.py
[2024-04-07T14:46:49.595+0000] {logging_mixin.py:188} INFO - [2024-04-07T14:46:49.594+0000] {dag.py:3047} INFO - Sync 1 DAGs
[2024-04-07T14:46:49.663+0000] {logging_mixin.py:188} INFO - [2024-04-07T14:46:49.663+0000] {dag.py:3834} INFO - Setting next_dagrun for example_xcom to 2021-01-01 00:00:00+00:00, run_after=2021-01-01 00:00:00+00:00
[2024-04-07T14:46:49.799+0000] {processor.py:183} INFO - Processing /home/airflow/.local/lib/python3.8/site-packages/airflow/example_dags/example_xcom.py took 0.286 seconds
[2024-04-07T14:47:20.219+0000] {processor.py:161} INFO - Started process (PID=918) to work on /home/airflow/.local/lib/python3.8/site-packages/airflow/example_dags/example_xcom.py
[2024-04-07T14:47:20.223+0000] {processor.py:830} INFO - Processing file /home/airflow/.local/lib/python3.8/site-packages/airflow/example_dags/example_xcom.py for tasks to queue
[2024-04-07T14:47:20.226+0000] {logging_mixin.py:188} INFO - [2024-04-07T14:47:20.226+0000] {dagbag.py:540} INFO - Filling up the DagBag from /home/airflow/.local/lib/python3.8/site-packages/airflow/example_dags/example_xcom.py
[2024-04-07T14:47:20.238+0000] {processor.py:840} INFO - DAG(s) 'example_xcom' retrieved from /home/airflow/.local/lib/python3.8/site-packages/airflow/example_dags/example_xcom.py
[2024-04-07T14:47:20.276+0000] {logging_mixin.py:188} INFO - [2024-04-07T14:47:20.276+0000] {dag.py:3047} INFO - Sync 1 DAGs
[2024-04-07T14:47:20.316+0000] {logging_mixin.py:188} INFO - [2024-04-07T14:47:20.315+0000] {dag.py:3834} INFO - Setting next_dagrun for example_xcom to 2021-01-01 00:00:00+00:00, run_after=2021-01-01 00:00:00+00:00
[2024-04-07T14:47:20.353+0000] {processor.py:183} INFO - Processing /home/airflow/.local/lib/python3.8/site-packages/airflow/example_dags/example_xcom.py took 0.140 seconds
[2024-04-07T14:47:50.908+0000] {processor.py:161} INFO - Started process (PID=975) to work on /home/airflow/.local/lib/python3.8/site-packages/airflow/example_dags/example_xcom.py
[2024-04-07T14:47:50.921+0000] {processor.py:830} INFO - Processing file /home/airflow/.local/lib/python3.8/site-packages/airflow/example_dags/example_xcom.py for tasks to queue
[2024-04-07T14:47:50.930+0000] {logging_mixin.py:188} INFO - [2024-04-07T14:47:50.929+0000] {dagbag.py:540} INFO - Filling up the DagBag from /home/airflow/.local/lib/python3.8/site-packages/airflow/example_dags/example_xcom.py
[2024-04-07T14:47:50.952+0000] {processor.py:840} INFO - DAG(s) 'example_xcom' retrieved from /home/airflow/.local/lib/python3.8/site-packages/airflow/example_dags/example_xcom.py
[2024-04-07T14:47:51.015+0000] {logging_mixin.py:188} INFO - [2024-04-07T14:47:51.015+0000] {dag.py:3047} INFO - Sync 1 DAGs
[2024-04-07T14:47:51.098+0000] {logging_mixin.py:188} INFO - [2024-04-07T14:47:51.098+0000] {dag.py:3834} INFO - Setting next_dagrun for example_xcom to 2021-01-01 00:00:00+00:00, run_after=2021-01-01 00:00:00+00:00
[2024-04-07T14:47:51.162+0000] {processor.py:183} INFO - Processing /home/airflow/.local/lib/python3.8/site-packages/airflow/example_dags/example_xcom.py took 0.260 seconds
[2024-04-07T14:48:22.087+0000] {processor.py:161} INFO - Started process (PID=1031) to work on /home/airflow/.local/lib/python3.8/site-packages/airflow/example_dags/example_xcom.py
[2024-04-07T14:48:22.090+0000] {processor.py:830} INFO - Processing file /home/airflow/.local/lib/python3.8/site-packages/airflow/example_dags/example_xcom.py for tasks to queue
[2024-04-07T14:48:22.094+0000] {logging_mixin.py:188} INFO - [2024-04-07T14:48:22.093+0000] {dagbag.py:540} INFO - Filling up the DagBag from /home/airflow/.local/lib/python3.8/site-packages/airflow/example_dags/example_xcom.py
[2024-04-07T14:48:22.113+0000] {processor.py:840} INFO - DAG(s) 'example_xcom' retrieved from /home/airflow/.local/lib/python3.8/site-packages/airflow/example_dags/example_xcom.py
[2024-04-07T14:48:22.159+0000] {logging_mixin.py:188} INFO - [2024-04-07T14:48:22.158+0000] {dag.py:3047} INFO - Sync 1 DAGs
[2024-04-07T14:48:22.225+0000] {logging_mixin.py:188} INFO - [2024-04-07T14:48:22.225+0000] {dag.py:3834} INFO - Setting next_dagrun for example_xcom to 2021-01-01 00:00:00+00:00, run_after=2021-01-01 00:00:00+00:00
[2024-04-07T14:48:22.452+0000] {processor.py:183} INFO - Processing /home/airflow/.local/lib/python3.8/site-packages/airflow/example_dags/example_xcom.py took 0.371 seconds
[2024-04-07T14:48:53.098+0000] {processor.py:161} INFO - Started process (PID=1088) to work on /home/airflow/.local/lib/python3.8/site-packages/airflow/example_dags/example_xcom.py
[2024-04-07T14:48:53.101+0000] {processor.py:830} INFO - Processing file /home/airflow/.local/lib/python3.8/site-packages/airflow/example_dags/example_xcom.py for tasks to queue
[2024-04-07T14:48:53.104+0000] {logging_mixin.py:188} INFO - [2024-04-07T14:48:53.104+0000] {dagbag.py:540} INFO - Filling up the DagBag from /home/airflow/.local/lib/python3.8/site-packages/airflow/example_dags/example_xcom.py
[2024-04-07T14:48:53.119+0000] {processor.py:840} INFO - DAG(s) 'example_xcom' retrieved from /home/airflow/.local/lib/python3.8/site-packages/airflow/example_dags/example_xcom.py
[2024-04-07T14:48:53.168+0000] {logging_mixin.py:188} INFO - [2024-04-07T14:48:53.167+0000] {dag.py:3047} INFO - Sync 1 DAGs
[2024-04-07T14:48:53.227+0000] {logging_mixin.py:188} INFO - [2024-04-07T14:48:53.226+0000] {dag.py:3834} INFO - Setting next_dagrun for example_xcom to 2021-01-01 00:00:00+00:00, run_after=2021-01-01 00:00:00+00:00
[2024-04-07T14:48:53.289+0000] {processor.py:183} INFO - Processing /home/airflow/.local/lib/python3.8/site-packages/airflow/example_dags/example_xcom.py took 0.197 seconds
[2024-04-07T14:49:23.920+0000] {processor.py:161} INFO - Started process (PID=1145) to work on /home/airflow/.local/lib/python3.8/site-packages/airflow/example_dags/example_xcom.py
[2024-04-07T14:49:23.922+0000] {processor.py:830} INFO - Processing file /home/airflow/.local/lib/python3.8/site-packages/airflow/example_dags/example_xcom.py for tasks to queue
[2024-04-07T14:49:23.929+0000] {logging_mixin.py:188} INFO - [2024-04-07T14:49:23.928+0000] {dagbag.py:540} INFO - Filling up the DagBag from /home/airflow/.local/lib/python3.8/site-packages/airflow/example_dags/example_xcom.py
[2024-04-07T14:49:23.955+0000] {processor.py:840} INFO - DAG(s) 'example_xcom' retrieved from /home/airflow/.local/lib/python3.8/site-packages/airflow/example_dags/example_xcom.py
[2024-04-07T14:49:24.023+0000] {logging_mixin.py:188} INFO - [2024-04-07T14:49:24.022+0000] {dag.py:3047} INFO - Sync 1 DAGs
[2024-04-07T14:49:24.103+0000] {logging_mixin.py:188} INFO - [2024-04-07T14:49:24.103+0000] {dag.py:3834} INFO - Setting next_dagrun for example_xcom to 2021-01-01 00:00:00+00:00, run_after=2021-01-01 00:00:00+00:00
[2024-04-07T14:49:24.171+0000] {processor.py:183} INFO - Processing /home/airflow/.local/lib/python3.8/site-packages/airflow/example_dags/example_xcom.py took 0.258 seconds
[2024-04-07T14:49:54.959+0000] {processor.py:161} INFO - Started process (PID=1202) to work on /home/airflow/.local/lib/python3.8/site-packages/airflow/example_dags/example_xcom.py
[2024-04-07T14:49:54.960+0000] {processor.py:830} INFO - Processing file /home/airflow/.local/lib/python3.8/site-packages/airflow/example_dags/example_xcom.py for tasks to queue
[2024-04-07T14:49:54.963+0000] {logging_mixin.py:188} INFO - [2024-04-07T14:49:54.962+0000] {dagbag.py:540} INFO - Filling up the DagBag from /home/airflow/.local/lib/python3.8/site-packages/airflow/example_dags/example_xcom.py
[2024-04-07T14:49:54.974+0000] {processor.py:840} INFO - DAG(s) 'example_xcom' retrieved from /home/airflow/.local/lib/python3.8/site-packages/airflow/example_dags/example_xcom.py
[2024-04-07T14:49:55.008+0000] {logging_mixin.py:188} INFO - [2024-04-07T14:49:55.007+0000] {dag.py:3047} INFO - Sync 1 DAGs
[2024-04-07T14:49:55.052+0000] {logging_mixin.py:188} INFO - [2024-04-07T14:49:55.051+0000] {dag.py:3834} INFO - Setting next_dagrun for example_xcom to 2021-01-01 00:00:00+00:00, run_after=2021-01-01 00:00:00+00:00
[2024-04-07T14:49:55.127+0000] {processor.py:183} INFO - Processing /home/airflow/.local/lib/python3.8/site-packages/airflow/example_dags/example_xcom.py took 0.173 seconds
[2024-04-07T14:50:27.198+0000] {processor.py:161} INFO - Started process (PID=1258) to work on /home/airflow/.local/lib/python3.8/site-packages/airflow/example_dags/example_xcom.py
[2024-04-07T14:50:27.200+0000] {processor.py:830} INFO - Processing file /home/airflow/.local/lib/python3.8/site-packages/airflow/example_dags/example_xcom.py for tasks to queue
[2024-04-07T14:50:27.205+0000] {logging_mixin.py:188} INFO - [2024-04-07T14:50:27.204+0000] {dagbag.py:540} INFO - Filling up the DagBag from /home/airflow/.local/lib/python3.8/site-packages/airflow/example_dags/example_xcom.py
[2024-04-07T14:50:27.224+0000] {processor.py:840} INFO - DAG(s) 'example_xcom' retrieved from /home/airflow/.local/lib/python3.8/site-packages/airflow/example_dags/example_xcom.py
[2024-04-07T14:50:27.279+0000] {logging_mixin.py:188} INFO - [2024-04-07T14:50:27.279+0000] {dag.py:3047} INFO - Sync 1 DAGs
[2024-04-07T14:50:27.388+0000] {logging_mixin.py:188} INFO - [2024-04-07T14:50:27.387+0000] {dag.py:3834} INFO - Setting next_dagrun for example_xcom to 2021-01-01 00:00:00+00:00, run_after=2021-01-01 00:00:00+00:00
[2024-04-07T14:50:27.667+0000] {processor.py:183} INFO - Processing /home/airflow/.local/lib/python3.8/site-packages/airflow/example_dags/example_xcom.py took 0.476 seconds
[2024-04-07T14:50:58.316+0000] {processor.py:161} INFO - Started process (PID=1316) to work on /home/airflow/.local/lib/python3.8/site-packages/airflow/example_dags/example_xcom.py
[2024-04-07T14:50:58.319+0000] {processor.py:830} INFO - Processing file /home/airflow/.local/lib/python3.8/site-packages/airflow/example_dags/example_xcom.py for tasks to queue
[2024-04-07T14:50:58.325+0000] {logging_mixin.py:188} INFO - [2024-04-07T14:50:58.324+0000] {dagbag.py:540} INFO - Filling up the DagBag from /home/airflow/.local/lib/python3.8/site-packages/airflow/example_dags/example_xcom.py
[2024-04-07T14:50:58.346+0000] {processor.py:840} INFO - DAG(s) 'example_xcom' retrieved from /home/airflow/.local/lib/python3.8/site-packages/airflow/example_dags/example_xcom.py
[2024-04-07T14:50:58.395+0000] {logging_mixin.py:188} INFO - [2024-04-07T14:50:58.394+0000] {dag.py:3047} INFO - Sync 1 DAGs
[2024-04-07T14:50:58.451+0000] {logging_mixin.py:188} INFO - [2024-04-07T14:50:58.450+0000] {dag.py:3834} INFO - Setting next_dagrun for example_xcom to 2021-01-01 00:00:00+00:00, run_after=2021-01-01 00:00:00+00:00
[2024-04-07T14:50:58.513+0000] {processor.py:183} INFO - Processing /home/airflow/.local/lib/python3.8/site-packages/airflow/example_dags/example_xcom.py took 0.204 seconds
[2024-04-07T14:51:29.121+0000] {processor.py:161} INFO - Started process (PID=1372) to work on /home/airflow/.local/lib/python3.8/site-packages/airflow/example_dags/example_xcom.py
[2024-04-07T14:51:29.128+0000] {processor.py:830} INFO - Processing file /home/airflow/.local/lib/python3.8/site-packages/airflow/example_dags/example_xcom.py for tasks to queue
[2024-04-07T14:51:29.133+0000] {logging_mixin.py:188} INFO - [2024-04-07T14:51:29.132+0000] {dagbag.py:540} INFO - Filling up the DagBag from /home/airflow/.local/lib/python3.8/site-packages/airflow/example_dags/example_xcom.py
[2024-04-07T14:51:29.168+0000] {processor.py:840} INFO - DAG(s) 'example_xcom' retrieved from /home/airflow/.local/lib/python3.8/site-packages/airflow/example_dags/example_xcom.py
[2024-04-07T14:51:29.261+0000] {logging_mixin.py:188} INFO - [2024-04-07T14:51:29.260+0000] {dag.py:3047} INFO - Sync 1 DAGs
[2024-04-07T14:51:29.344+0000] {logging_mixin.py:188} INFO - [2024-04-07T14:51:29.343+0000] {dag.py:3834} INFO - Setting next_dagrun for example_xcom to 2021-01-01 00:00:00+00:00, run_after=2021-01-01 00:00:00+00:00
[2024-04-07T14:51:29.419+0000] {processor.py:183} INFO - Processing /home/airflow/.local/lib/python3.8/site-packages/airflow/example_dags/example_xcom.py took 0.305 seconds
[2024-04-07T14:52:00.238+0000] {processor.py:161} INFO - Started process (PID=1430) to work on /home/airflow/.local/lib/python3.8/site-packages/airflow/example_dags/example_xcom.py
[2024-04-07T14:52:00.246+0000] {processor.py:830} INFO - Processing file /home/airflow/.local/lib/python3.8/site-packages/airflow/example_dags/example_xcom.py for tasks to queue
[2024-04-07T14:52:00.263+0000] {logging_mixin.py:188} INFO - [2024-04-07T14:52:00.262+0000] {dagbag.py:540} INFO - Filling up the DagBag from /home/airflow/.local/lib/python3.8/site-packages/airflow/example_dags/example_xcom.py
[2024-04-07T14:52:00.345+0000] {processor.py:840} INFO - DAG(s) 'example_xcom' retrieved from /home/airflow/.local/lib/python3.8/site-packages/airflow/example_dags/example_xcom.py
[2024-04-07T14:52:00.518+0000] {logging_mixin.py:188} INFO - [2024-04-07T14:52:00.517+0000] {dag.py:3047} INFO - Sync 1 DAGs
[2024-04-07T14:52:00.671+0000] {logging_mixin.py:188} INFO - [2024-04-07T14:52:00.670+0000] {dag.py:3834} INFO - Setting next_dagrun for example_xcom to 2021-01-01 00:00:00+00:00, run_after=2021-01-01 00:00:00+00:00
[2024-04-07T14:52:00.886+0000] {processor.py:183} INFO - Processing /home/airflow/.local/lib/python3.8/site-packages/airflow/example_dags/example_xcom.py took 0.663 seconds
[2024-04-07T14:52:31.191+0000] {processor.py:161} INFO - Started process (PID=1487) to work on /home/airflow/.local/lib/python3.8/site-packages/airflow/example_dags/example_xcom.py
[2024-04-07T14:52:31.193+0000] {processor.py:830} INFO - Processing file /home/airflow/.local/lib/python3.8/site-packages/airflow/example_dags/example_xcom.py for tasks to queue
[2024-04-07T14:52:31.199+0000] {logging_mixin.py:188} INFO - [2024-04-07T14:52:31.198+0000] {dagbag.py:540} INFO - Filling up the DagBag from /home/airflow/.local/lib/python3.8/site-packages/airflow/example_dags/example_xcom.py
[2024-04-07T14:52:31.212+0000] {processor.py:840} INFO - DAG(s) 'example_xcom' retrieved from /home/airflow/.local/lib/python3.8/site-packages/airflow/example_dags/example_xcom.py
[2024-04-07T14:52:31.258+0000] {logging_mixin.py:188} INFO - [2024-04-07T14:52:31.257+0000] {dag.py:3047} INFO - Sync 1 DAGs
[2024-04-07T14:52:31.294+0000] {logging_mixin.py:188} INFO - [2024-04-07T14:52:31.294+0000] {dag.py:3834} INFO - Setting next_dagrun for example_xcom to 2021-01-01 00:00:00+00:00, run_after=2021-01-01 00:00:00+00:00
[2024-04-07T14:52:31.341+0000] {processor.py:183} INFO - Processing /home/airflow/.local/lib/python3.8/site-packages/airflow/example_dags/example_xcom.py took 0.155 seconds
[2024-04-07T14:53:01.793+0000] {processor.py:161} INFO - Started process (PID=1544) to work on /home/airflow/.local/lib/python3.8/site-packages/airflow/example_dags/example_xcom.py
[2024-04-07T14:53:01.799+0000] {processor.py:830} INFO - Processing file /home/airflow/.local/lib/python3.8/site-packages/airflow/example_dags/example_xcom.py for tasks to queue
[2024-04-07T14:53:01.803+0000] {logging_mixin.py:188} INFO - [2024-04-07T14:53:01.802+0000] {dagbag.py:540} INFO - Filling up the DagBag from /home/airflow/.local/lib/python3.8/site-packages/airflow/example_dags/example_xcom.py
[2024-04-07T14:53:01.837+0000] {processor.py:840} INFO - DAG(s) 'example_xcom' retrieved from /home/airflow/.local/lib/python3.8/site-packages/airflow/example_dags/example_xcom.py
[2024-04-07T14:53:01.980+0000] {logging_mixin.py:188} INFO - [2024-04-07T14:53:01.979+0000] {dag.py:3047} INFO - Sync 1 DAGs
[2024-04-07T14:53:02.084+0000] {logging_mixin.py:188} INFO - [2024-04-07T14:53:02.084+0000] {dag.py:3834} INFO - Setting next_dagrun for example_xcom to 2021-01-01 00:00:00+00:00, run_after=2021-01-01 00:00:00+00:00
[2024-04-07T14:53:02.165+0000] {processor.py:183} INFO - Processing /home/airflow/.local/lib/python3.8/site-packages/airflow/example_dags/example_xcom.py took 0.380 seconds
[2024-04-07T14:53:32.559+0000] {processor.py:161} INFO - Started process (PID=1601) to work on /home/airflow/.local/lib/python3.8/site-packages/airflow/example_dags/example_xcom.py
[2024-04-07T14:53:32.561+0000] {processor.py:830} INFO - Processing file /home/airflow/.local/lib/python3.8/site-packages/airflow/example_dags/example_xcom.py for tasks to queue
[2024-04-07T14:53:32.566+0000] {logging_mixin.py:188} INFO - [2024-04-07T14:53:32.565+0000] {dagbag.py:540} INFO - Filling up the DagBag from /home/airflow/.local/lib/python3.8/site-packages/airflow/example_dags/example_xcom.py
[2024-04-07T14:53:32.618+0000] {processor.py:840} INFO - DAG(s) 'example_xcom' retrieved from /home/airflow/.local/lib/python3.8/site-packages/airflow/example_dags/example_xcom.py
[2024-04-07T14:53:32.735+0000] {logging_mixin.py:188} INFO - [2024-04-07T14:53:32.734+0000] {dag.py:3047} INFO - Sync 1 DAGs
[2024-04-07T14:53:32.801+0000] {logging_mixin.py:188} INFO - [2024-04-07T14:53:32.801+0000] {dag.py:3834} INFO - Setting next_dagrun for example_xcom to 2021-01-01 00:00:00+00:00, run_after=2021-01-01 00:00:00+00:00
[2024-04-07T14:53:32.849+0000] {processor.py:183} INFO - Processing /home/airflow/.local/lib/python3.8/site-packages/airflow/example_dags/example_xcom.py took 0.302 seconds
[2024-04-07T14:54:03.316+0000] {processor.py:161} INFO - Started process (PID=1664) to work on /home/airflow/.local/lib/python3.8/site-packages/airflow/example_dags/example_xcom.py
[2024-04-07T14:54:03.318+0000] {processor.py:830} INFO - Processing file /home/airflow/.local/lib/python3.8/site-packages/airflow/example_dags/example_xcom.py for tasks to queue
[2024-04-07T14:54:03.322+0000] {logging_mixin.py:188} INFO - [2024-04-07T14:54:03.321+0000] {dagbag.py:540} INFO - Filling up the DagBag from /home/airflow/.local/lib/python3.8/site-packages/airflow/example_dags/example_xcom.py
[2024-04-07T14:54:03.334+0000] {processor.py:840} INFO - DAG(s) 'example_xcom' retrieved from /home/airflow/.local/lib/python3.8/site-packages/airflow/example_dags/example_xcom.py
[2024-04-07T14:54:03.383+0000] {logging_mixin.py:188} INFO - [2024-04-07T14:54:03.382+0000] {dag.py:3047} INFO - Sync 1 DAGs
[2024-04-07T14:54:03.456+0000] {logging_mixin.py:188} INFO - [2024-04-07T14:54:03.455+0000] {dag.py:3834} INFO - Setting next_dagrun for example_xcom to 2021-01-01 00:00:00+00:00, run_after=2021-01-01 00:00:00+00:00
[2024-04-07T14:54:03.535+0000] {processor.py:183} INFO - Processing /home/airflow/.local/lib/python3.8/site-packages/airflow/example_dags/example_xcom.py took 0.225 seconds
[2024-04-07T14:54:34.052+0000] {processor.py:161} INFO - Started process (PID=1721) to work on /home/airflow/.local/lib/python3.8/site-packages/airflow/example_dags/example_xcom.py
[2024-04-07T14:54:34.054+0000] {processor.py:830} INFO - Processing file /home/airflow/.local/lib/python3.8/site-packages/airflow/example_dags/example_xcom.py for tasks to queue
[2024-04-07T14:54:34.059+0000] {logging_mixin.py:188} INFO - [2024-04-07T14:54:34.057+0000] {dagbag.py:540} INFO - Filling up the DagBag from /home/airflow/.local/lib/python3.8/site-packages/airflow/example_dags/example_xcom.py
[2024-04-07T14:54:34.072+0000] {processor.py:840} INFO - DAG(s) 'example_xcom' retrieved from /home/airflow/.local/lib/python3.8/site-packages/airflow/example_dags/example_xcom.py
[2024-04-07T14:54:34.126+0000] {logging_mixin.py:188} INFO - [2024-04-07T14:54:34.125+0000] {dag.py:3047} INFO - Sync 1 DAGs
[2024-04-07T14:54:34.211+0000] {logging_mixin.py:188} INFO - [2024-04-07T14:54:34.206+0000] {dag.py:3834} INFO - Setting next_dagrun for example_xcom to 2021-01-01 00:00:00+00:00, run_after=2021-01-01 00:00:00+00:00
[2024-04-07T14:54:34.272+0000] {processor.py:183} INFO - Processing /home/airflow/.local/lib/python3.8/site-packages/airflow/example_dags/example_xcom.py took 0.224 seconds
[2024-04-07T14:55:05.153+0000] {processor.py:161} INFO - Started process (PID=1777) to work on /home/airflow/.local/lib/python3.8/site-packages/airflow/example_dags/example_xcom.py
[2024-04-07T14:55:05.155+0000] {processor.py:830} INFO - Processing file /home/airflow/.local/lib/python3.8/site-packages/airflow/example_dags/example_xcom.py for tasks to queue
[2024-04-07T14:55:05.160+0000] {logging_mixin.py:188} INFO - [2024-04-07T14:55:05.159+0000] {dagbag.py:540} INFO - Filling up the DagBag from /home/airflow/.local/lib/python3.8/site-packages/airflow/example_dags/example_xcom.py
[2024-04-07T14:55:05.180+0000] {processor.py:840} INFO - DAG(s) 'example_xcom' retrieved from /home/airflow/.local/lib/python3.8/site-packages/airflow/example_dags/example_xcom.py
[2024-04-07T14:55:05.235+0000] {logging_mixin.py:188} INFO - [2024-04-07T14:55:05.234+0000] {dag.py:3047} INFO - Sync 1 DAGs
[2024-04-07T14:55:05.303+0000] {logging_mixin.py:188} INFO - [2024-04-07T14:55:05.303+0000] {dag.py:3834} INFO - Setting next_dagrun for example_xcom to 2021-01-01 00:00:00+00:00, run_after=2021-01-01 00:00:00+00:00
[2024-04-07T14:55:05.346+0000] {processor.py:183} INFO - Processing /home/airflow/.local/lib/python3.8/site-packages/airflow/example_dags/example_xcom.py took 0.199 seconds
[2024-04-07T14:55:35.663+0000] {processor.py:161} INFO - Started process (PID=1834) to work on /home/airflow/.local/lib/python3.8/site-packages/airflow/example_dags/example_xcom.py
[2024-04-07T14:55:35.665+0000] {processor.py:830} INFO - Processing file /home/airflow/.local/lib/python3.8/site-packages/airflow/example_dags/example_xcom.py for tasks to queue
[2024-04-07T14:55:35.669+0000] {logging_mixin.py:188} INFO - [2024-04-07T14:55:35.669+0000] {dagbag.py:540} INFO - Filling up the DagBag from /home/airflow/.local/lib/python3.8/site-packages/airflow/example_dags/example_xcom.py
[2024-04-07T14:55:35.698+0000] {processor.py:840} INFO - DAG(s) 'example_xcom' retrieved from /home/airflow/.local/lib/python3.8/site-packages/airflow/example_dags/example_xcom.py
[2024-04-07T14:55:35.740+0000] {logging_mixin.py:188} INFO - [2024-04-07T14:55:35.740+0000] {dag.py:3047} INFO - Sync 1 DAGs
[2024-04-07T14:55:35.798+0000] {logging_mixin.py:188} INFO - [2024-04-07T14:55:35.795+0000] {dag.py:3834} INFO - Setting next_dagrun for example_xcom to 2021-01-01 00:00:00+00:00, run_after=2021-01-01 00:00:00+00:00
[2024-04-07T14:55:35.856+0000] {processor.py:183} INFO - Processing /home/airflow/.local/lib/python3.8/site-packages/airflow/example_dags/example_xcom.py took 0.203 seconds
[2024-04-07T14:56:06.840+0000] {processor.py:161} INFO - Started process (PID=1892) to work on /home/airflow/.local/lib/python3.8/site-packages/airflow/example_dags/example_xcom.py
[2024-04-07T14:56:06.843+0000] {processor.py:830} INFO - Processing file /home/airflow/.local/lib/python3.8/site-packages/airflow/example_dags/example_xcom.py for tasks to queue
[2024-04-07T14:56:06.847+0000] {logging_mixin.py:188} INFO - [2024-04-07T14:56:06.846+0000] {dagbag.py:540} INFO - Filling up the DagBag from /home/airflow/.local/lib/python3.8/site-packages/airflow/example_dags/example_xcom.py
[2024-04-07T14:56:06.860+0000] {processor.py:840} INFO - DAG(s) 'example_xcom' retrieved from /home/airflow/.local/lib/python3.8/site-packages/airflow/example_dags/example_xcom.py
[2024-04-07T14:56:06.901+0000] {logging_mixin.py:188} INFO - [2024-04-07T14:56:06.901+0000] {dag.py:3047} INFO - Sync 1 DAGs
[2024-04-07T14:56:06.948+0000] {logging_mixin.py:188} INFO - [2024-04-07T14:56:06.947+0000] {dag.py:3834} INFO - Setting next_dagrun for example_xcom to 2021-01-01 00:00:00+00:00, run_after=2021-01-01 00:00:00+00:00
[2024-04-07T14:56:07.042+0000] {processor.py:183} INFO - Processing /home/airflow/.local/lib/python3.8/site-packages/airflow/example_dags/example_xcom.py took 0.210 seconds
[2024-04-07T14:56:37.202+0000] {processor.py:161} INFO - Started process (PID=1948) to work on /home/airflow/.local/lib/python3.8/site-packages/airflow/example_dags/example_xcom.py
[2024-04-07T14:56:37.204+0000] {processor.py:830} INFO - Processing file /home/airflow/.local/lib/python3.8/site-packages/airflow/example_dags/example_xcom.py for tasks to queue
[2024-04-07T14:56:37.207+0000] {logging_mixin.py:188} INFO - [2024-04-07T14:56:37.206+0000] {dagbag.py:540} INFO - Filling up the DagBag from /home/airflow/.local/lib/python3.8/site-packages/airflow/example_dags/example_xcom.py
[2024-04-07T14:56:37.220+0000] {processor.py:840} INFO - DAG(s) 'example_xcom' retrieved from /home/airflow/.local/lib/python3.8/site-packages/airflow/example_dags/example_xcom.py
[2024-04-07T14:56:37.300+0000] {logging_mixin.py:188} INFO - [2024-04-07T14:56:37.299+0000] {dag.py:3047} INFO - Sync 1 DAGs
[2024-04-07T14:56:37.374+0000] {logging_mixin.py:188} INFO - [2024-04-07T14:56:37.373+0000] {dag.py:3834} INFO - Setting next_dagrun for example_xcom to 2021-01-01 00:00:00+00:00, run_after=2021-01-01 00:00:00+00:00
[2024-04-07T14:56:37.437+0000] {processor.py:183} INFO - Processing /home/airflow/.local/lib/python3.8/site-packages/airflow/example_dags/example_xcom.py took 0.240 seconds
[2024-04-07T14:57:07.500+0000] {processor.py:161} INFO - Started process (PID=2005) to work on /home/airflow/.local/lib/python3.8/site-packages/airflow/example_dags/example_xcom.py
[2024-04-07T14:57:07.502+0000] {processor.py:830} INFO - Processing file /home/airflow/.local/lib/python3.8/site-packages/airflow/example_dags/example_xcom.py for tasks to queue
[2024-04-07T14:57:07.506+0000] {logging_mixin.py:188} INFO - [2024-04-07T14:57:07.505+0000] {dagbag.py:540} INFO - Filling up the DagBag from /home/airflow/.local/lib/python3.8/site-packages/airflow/example_dags/example_xcom.py
[2024-04-07T14:57:07.523+0000] {processor.py:840} INFO - DAG(s) 'example_xcom' retrieved from /home/airflow/.local/lib/python3.8/site-packages/airflow/example_dags/example_xcom.py
[2024-04-07T14:57:07.558+0000] {logging_mixin.py:188} INFO - [2024-04-07T14:57:07.558+0000] {dag.py:3047} INFO - Sync 1 DAGs
[2024-04-07T14:57:07.606+0000] {logging_mixin.py:188} INFO - [2024-04-07T14:57:07.606+0000] {dag.py:3834} INFO - Setting next_dagrun for example_xcom to 2021-01-01 00:00:00+00:00, run_after=2021-01-01 00:00:00+00:00
[2024-04-07T14:57:07.653+0000] {processor.py:183} INFO - Processing /home/airflow/.local/lib/python3.8/site-packages/airflow/example_dags/example_xcom.py took 0.162 seconds
[2024-04-07T14:57:37.850+0000] {processor.py:161} INFO - Started process (PID=2063) to work on /home/airflow/.local/lib/python3.8/site-packages/airflow/example_dags/example_xcom.py
[2024-04-07T14:57:37.852+0000] {processor.py:830} INFO - Processing file /home/airflow/.local/lib/python3.8/site-packages/airflow/example_dags/example_xcom.py for tasks to queue
[2024-04-07T14:57:37.855+0000] {logging_mixin.py:188} INFO - [2024-04-07T14:57:37.854+0000] {dagbag.py:540} INFO - Filling up the DagBag from /home/airflow/.local/lib/python3.8/site-packages/airflow/example_dags/example_xcom.py
[2024-04-07T14:57:37.867+0000] {processor.py:840} INFO - DAG(s) 'example_xcom' retrieved from /home/airflow/.local/lib/python3.8/site-packages/airflow/example_dags/example_xcom.py
[2024-04-07T14:57:37.913+0000] {logging_mixin.py:188} INFO - [2024-04-07T14:57:37.912+0000] {dag.py:3047} INFO - Sync 1 DAGs
[2024-04-07T14:57:37.985+0000] {logging_mixin.py:188} INFO - [2024-04-07T14:57:37.985+0000] {dag.py:3834} INFO - Setting next_dagrun for example_xcom to 2021-01-01 00:00:00+00:00, run_after=2021-01-01 00:00:00+00:00
[2024-04-07T14:57:38.043+0000] {processor.py:183} INFO - Processing /home/airflow/.local/lib/python3.8/site-packages/airflow/example_dags/example_xcom.py took 0.198 seconds
[2024-04-07T14:58:08.529+0000] {processor.py:161} INFO - Started process (PID=2120) to work on /home/airflow/.local/lib/python3.8/site-packages/airflow/example_dags/example_xcom.py
[2024-04-07T14:58:08.531+0000] {processor.py:830} INFO - Processing file /home/airflow/.local/lib/python3.8/site-packages/airflow/example_dags/example_xcom.py for tasks to queue
[2024-04-07T14:58:08.535+0000] {logging_mixin.py:188} INFO - [2024-04-07T14:58:08.534+0000] {dagbag.py:540} INFO - Filling up the DagBag from /home/airflow/.local/lib/python3.8/site-packages/airflow/example_dags/example_xcom.py
[2024-04-07T14:58:08.557+0000] {processor.py:840} INFO - DAG(s) 'example_xcom' retrieved from /home/airflow/.local/lib/python3.8/site-packages/airflow/example_dags/example_xcom.py
[2024-04-07T14:58:08.618+0000] {logging_mixin.py:188} INFO - [2024-04-07T14:58:08.617+0000] {dag.py:3047} INFO - Sync 1 DAGs
[2024-04-07T14:58:08.683+0000] {logging_mixin.py:188} INFO - [2024-04-07T14:58:08.682+0000] {dag.py:3834} INFO - Setting next_dagrun for example_xcom to 2021-01-01 00:00:00+00:00, run_after=2021-01-01 00:00:00+00:00
[2024-04-07T14:58:08.738+0000] {processor.py:183} INFO - Processing /home/airflow/.local/lib/python3.8/site-packages/airflow/example_dags/example_xcom.py took 0.216 seconds
[2024-04-07T14:58:39.111+0000] {processor.py:161} INFO - Started process (PID=2177) to work on /home/airflow/.local/lib/python3.8/site-packages/airflow/example_dags/example_xcom.py
[2024-04-07T14:58:39.114+0000] {processor.py:830} INFO - Processing file /home/airflow/.local/lib/python3.8/site-packages/airflow/example_dags/example_xcom.py for tasks to queue
[2024-04-07T14:58:39.119+0000] {logging_mixin.py:188} INFO - [2024-04-07T14:58:39.117+0000] {dagbag.py:540} INFO - Filling up the DagBag from /home/airflow/.local/lib/python3.8/site-packages/airflow/example_dags/example_xcom.py
[2024-04-07T14:58:39.135+0000] {processor.py:840} INFO - DAG(s) 'example_xcom' retrieved from /home/airflow/.local/lib/python3.8/site-packages/airflow/example_dags/example_xcom.py
[2024-04-07T14:58:39.178+0000] {logging_mixin.py:188} INFO - [2024-04-07T14:58:39.177+0000] {dag.py:3047} INFO - Sync 1 DAGs
[2024-04-07T14:58:39.237+0000] {logging_mixin.py:188} INFO - [2024-04-07T14:58:39.237+0000] {dag.py:3834} INFO - Setting next_dagrun for example_xcom to 2021-01-01 00:00:00+00:00, run_after=2021-01-01 00:00:00+00:00
[2024-04-07T14:58:39.303+0000] {processor.py:183} INFO - Processing /home/airflow/.local/lib/python3.8/site-packages/airflow/example_dags/example_xcom.py took 0.199 seconds
[2024-04-07T14:59:09.536+0000] {processor.py:161} INFO - Started process (PID=2234) to work on /home/airflow/.local/lib/python3.8/site-packages/airflow/example_dags/example_xcom.py
[2024-04-07T14:59:09.538+0000] {processor.py:830} INFO - Processing file /home/airflow/.local/lib/python3.8/site-packages/airflow/example_dags/example_xcom.py for tasks to queue
[2024-04-07T14:59:09.542+0000] {logging_mixin.py:188} INFO - [2024-04-07T14:59:09.541+0000] {dagbag.py:540} INFO - Filling up the DagBag from /home/airflow/.local/lib/python3.8/site-packages/airflow/example_dags/example_xcom.py
[2024-04-07T14:59:09.554+0000] {processor.py:840} INFO - DAG(s) 'example_xcom' retrieved from /home/airflow/.local/lib/python3.8/site-packages/airflow/example_dags/example_xcom.py
[2024-04-07T14:59:09.588+0000] {logging_mixin.py:188} INFO - [2024-04-07T14:59:09.588+0000] {dag.py:3047} INFO - Sync 1 DAGs
[2024-04-07T14:59:09.632+0000] {logging_mixin.py:188} INFO - [2024-04-07T14:59:09.632+0000] {dag.py:3834} INFO - Setting next_dagrun for example_xcom to 2021-01-01 00:00:00+00:00, run_after=2021-01-01 00:00:00+00:00
[2024-04-07T14:59:09.665+0000] {processor.py:183} INFO - Processing /home/airflow/.local/lib/python3.8/site-packages/airflow/example_dags/example_xcom.py took 0.134 seconds
[2024-04-07T14:59:41.105+0000] {processor.py:161} INFO - Started process (PID=2291) to work on /home/airflow/.local/lib/python3.8/site-packages/airflow/example_dags/example_xcom.py
[2024-04-07T14:59:41.109+0000] {processor.py:830} INFO - Processing file /home/airflow/.local/lib/python3.8/site-packages/airflow/example_dags/example_xcom.py for tasks to queue
[2024-04-07T14:59:41.114+0000] {logging_mixin.py:188} INFO - [2024-04-07T14:59:41.113+0000] {dagbag.py:540} INFO - Filling up the DagBag from /home/airflow/.local/lib/python3.8/site-packages/airflow/example_dags/example_xcom.py
[2024-04-07T14:59:41.144+0000] {processor.py:840} INFO - DAG(s) 'example_xcom' retrieved from /home/airflow/.local/lib/python3.8/site-packages/airflow/example_dags/example_xcom.py
[2024-04-07T14:59:41.230+0000] {logging_mixin.py:188} INFO - [2024-04-07T14:59:41.229+0000] {dag.py:3047} INFO - Sync 1 DAGs
[2024-04-07T14:59:41.286+0000] {logging_mixin.py:188} INFO - [2024-04-07T14:59:41.286+0000] {dag.py:3834} INFO - Setting next_dagrun for example_xcom to 2021-01-01 00:00:00+00:00, run_after=2021-01-01 00:00:00+00:00
[2024-04-07T14:59:41.345+0000] {processor.py:183} INFO - Processing /home/airflow/.local/lib/python3.8/site-packages/airflow/example_dags/example_xcom.py took 0.252 seconds
[2024-04-07T15:00:11.912+0000] {processor.py:161} INFO - Started process (PID=2348) to work on /home/airflow/.local/lib/python3.8/site-packages/airflow/example_dags/example_xcom.py
[2024-04-07T15:00:11.915+0000] {processor.py:830} INFO - Processing file /home/airflow/.local/lib/python3.8/site-packages/airflow/example_dags/example_xcom.py for tasks to queue
[2024-04-07T15:00:11.920+0000] {logging_mixin.py:188} INFO - [2024-04-07T15:00:11.919+0000] {dagbag.py:540} INFO - Filling up the DagBag from /home/airflow/.local/lib/python3.8/site-packages/airflow/example_dags/example_xcom.py
[2024-04-07T15:00:11.936+0000] {processor.py:840} INFO - DAG(s) 'example_xcom' retrieved from /home/airflow/.local/lib/python3.8/site-packages/airflow/example_dags/example_xcom.py
[2024-04-07T15:00:11.982+0000] {logging_mixin.py:188} INFO - [2024-04-07T15:00:11.982+0000] {dag.py:3047} INFO - Sync 1 DAGs
[2024-04-07T15:00:12.043+0000] {logging_mixin.py:188} INFO - [2024-04-07T15:00:12.042+0000] {dag.py:3834} INFO - Setting next_dagrun for example_xcom to 2021-01-01 00:00:00+00:00, run_after=2021-01-01 00:00:00+00:00
[2024-04-07T15:00:12.095+0000] {processor.py:183} INFO - Processing /home/airflow/.local/lib/python3.8/site-packages/airflow/example_dags/example_xcom.py took 0.191 seconds
