[2024-04-07T14:39:32.160+0000] {processor.py:161} INFO - Started process (PID=78) to work on /home/airflow/.local/lib/python3.8/site-packages/airflow/example_dags/example_params_trigger_ui.py
[2024-04-07T14:39:32.175+0000] {processor.py:830} INFO - Processing file /home/airflow/.local/lib/python3.8/site-packages/airflow/example_dags/example_params_trigger_ui.py for tasks to queue
[2024-04-07T14:39:32.186+0000] {logging_mixin.py:188} INFO - [2024-04-07T14:39:32.185+0000] {dagbag.py:540} INFO - Filling up the DagBag from /home/airflow/.local/lib/python3.8/site-packages/airflow/example_dags/example_params_trigger_ui.py
[2024-04-07T14:39:32.287+0000] {processor.py:840} INFO - DAG(s) 'example_params_trigger_ui' retrieved from /home/airflow/.local/lib/python3.8/site-packages/airflow/example_dags/example_params_trigger_ui.py
[2024-04-07T14:39:32.665+0000] {logging_mixin.py:188} INFO - [2024-04-07T14:39:32.664+0000] {dag.py:3047} INFO - Sync 1 DAGs
[2024-04-07T14:39:32.700+0000] {logging_mixin.py:188} INFO - [2024-04-07T14:39:32.699+0000] {dag.py:3834} INFO - Setting next_dagrun for example_params_trigger_ui to None, run_after=None
[2024-04-07T14:39:32.829+0000] {processor.py:183} INFO - Processing /home/airflow/.local/lib/python3.8/site-packages/airflow/example_dags/example_params_trigger_ui.py took 0.687 seconds
[2024-04-07T14:40:06.062+0000] {processor.py:161} INFO - Started process (PID=135) to work on /home/airflow/.local/lib/python3.8/site-packages/airflow/example_dags/example_params_trigger_ui.py
[2024-04-07T14:40:06.064+0000] {processor.py:830} INFO - Processing file /home/airflow/.local/lib/python3.8/site-packages/airflow/example_dags/example_params_trigger_ui.py for tasks to queue
[2024-04-07T14:40:06.069+0000] {logging_mixin.py:188} INFO - [2024-04-07T14:40:06.069+0000] {dagbag.py:540} INFO - Filling up the DagBag from /home/airflow/.local/lib/python3.8/site-packages/airflow/example_dags/example_params_trigger_ui.py
[2024-04-07T14:40:06.220+0000] {processor.py:840} INFO - DAG(s) 'example_params_trigger_ui' retrieved from /home/airflow/.local/lib/python3.8/site-packages/airflow/example_dags/example_params_trigger_ui.py
[2024-04-07T14:40:06.749+0000] {logging_mixin.py:188} INFO - [2024-04-07T14:40:06.749+0000] {dag.py:3047} INFO - Sync 1 DAGs
[2024-04-07T14:40:06.941+0000] {logging_mixin.py:188} INFO - [2024-04-07T14:40:06.940+0000] {dag.py:3834} INFO - Setting next_dagrun for example_params_trigger_ui to None, run_after=None
[2024-04-07T14:40:08.188+0000] {processor.py:183} INFO - Processing /home/airflow/.local/lib/python3.8/site-packages/airflow/example_dags/example_params_trigger_ui.py took 2.289 seconds
[2024-04-07T14:40:38.968+0000] {processor.py:161} INFO - Started process (PID=192) to work on /home/airflow/.local/lib/python3.8/site-packages/airflow/example_dags/example_params_trigger_ui.py
[2024-04-07T14:40:38.972+0000] {processor.py:830} INFO - Processing file /home/airflow/.local/lib/python3.8/site-packages/airflow/example_dags/example_params_trigger_ui.py for tasks to queue
[2024-04-07T14:40:38.977+0000] {logging_mixin.py:188} INFO - [2024-04-07T14:40:38.976+0000] {dagbag.py:540} INFO - Filling up the DagBag from /home/airflow/.local/lib/python3.8/site-packages/airflow/example_dags/example_params_trigger_ui.py
[2024-04-07T14:40:39.046+0000] {processor.py:840} INFO - DAG(s) 'example_params_trigger_ui' retrieved from /home/airflow/.local/lib/python3.8/site-packages/airflow/example_dags/example_params_trigger_ui.py
[2024-04-07T14:40:39.275+0000] {logging_mixin.py:188} INFO - [2024-04-07T14:40:39.274+0000] {dag.py:3047} INFO - Sync 1 DAGs
[2024-04-07T14:40:39.315+0000] {logging_mixin.py:188} INFO - [2024-04-07T14:40:39.313+0000] {dag.py:3834} INFO - Setting next_dagrun for example_params_trigger_ui to None, run_after=None
[2024-04-07T14:40:39.428+0000] {processor.py:183} INFO - Processing /home/airflow/.local/lib/python3.8/site-packages/airflow/example_dags/example_params_trigger_ui.py took 0.477 seconds
[2024-04-07T14:41:09.672+0000] {processor.py:161} INFO - Started process (PID=249) to work on /home/airflow/.local/lib/python3.8/site-packages/airflow/example_dags/example_params_trigger_ui.py
[2024-04-07T14:41:09.679+0000] {processor.py:830} INFO - Processing file /home/airflow/.local/lib/python3.8/site-packages/airflow/example_dags/example_params_trigger_ui.py for tasks to queue
[2024-04-07T14:41:09.685+0000] {logging_mixin.py:188} INFO - [2024-04-07T14:41:09.684+0000] {dagbag.py:540} INFO - Filling up the DagBag from /home/airflow/.local/lib/python3.8/site-packages/airflow/example_dags/example_params_trigger_ui.py
[2024-04-07T14:41:09.721+0000] {processor.py:840} INFO - DAG(s) 'example_params_trigger_ui' retrieved from /home/airflow/.local/lib/python3.8/site-packages/airflow/example_dags/example_params_trigger_ui.py
[2024-04-07T14:41:09.861+0000] {logging_mixin.py:188} INFO - [2024-04-07T14:41:09.860+0000] {dag.py:3047} INFO - Sync 1 DAGs
[2024-04-07T14:41:09.884+0000] {logging_mixin.py:188} INFO - [2024-04-07T14:41:09.884+0000] {dag.py:3834} INFO - Setting next_dagrun for example_params_trigger_ui to None, run_after=None
[2024-04-07T14:41:09.945+0000] {processor.py:183} INFO - Processing /home/airflow/.local/lib/python3.8/site-packages/airflow/example_dags/example_params_trigger_ui.py took 0.282 seconds
[2024-04-07T14:41:40.434+0000] {processor.py:161} INFO - Started process (PID=307) to work on /home/airflow/.local/lib/python3.8/site-packages/airflow/example_dags/example_params_trigger_ui.py
[2024-04-07T14:41:40.438+0000] {processor.py:830} INFO - Processing file /home/airflow/.local/lib/python3.8/site-packages/airflow/example_dags/example_params_trigger_ui.py for tasks to queue
[2024-04-07T14:41:40.445+0000] {logging_mixin.py:188} INFO - [2024-04-07T14:41:40.444+0000] {dagbag.py:540} INFO - Filling up the DagBag from /home/airflow/.local/lib/python3.8/site-packages/airflow/example_dags/example_params_trigger_ui.py
[2024-04-07T14:41:40.485+0000] {processor.py:840} INFO - DAG(s) 'example_params_trigger_ui' retrieved from /home/airflow/.local/lib/python3.8/site-packages/airflow/example_dags/example_params_trigger_ui.py
[2024-04-07T14:41:40.650+0000] {logging_mixin.py:188} INFO - [2024-04-07T14:41:40.650+0000] {dag.py:3047} INFO - Sync 1 DAGs
[2024-04-07T14:41:40.702+0000] {logging_mixin.py:188} INFO - [2024-04-07T14:41:40.701+0000] {dag.py:3834} INFO - Setting next_dagrun for example_params_trigger_ui to None, run_after=None
[2024-04-07T14:41:40.773+0000] {processor.py:183} INFO - Processing /home/airflow/.local/lib/python3.8/site-packages/airflow/example_dags/example_params_trigger_ui.py took 0.346 seconds
[2024-04-07T14:42:10.882+0000] {processor.py:161} INFO - Started process (PID=363) to work on /home/airflow/.local/lib/python3.8/site-packages/airflow/example_dags/example_params_trigger_ui.py
[2024-04-07T14:42:10.884+0000] {processor.py:830} INFO - Processing file /home/airflow/.local/lib/python3.8/site-packages/airflow/example_dags/example_params_trigger_ui.py for tasks to queue
[2024-04-07T14:42:10.888+0000] {logging_mixin.py:188} INFO - [2024-04-07T14:42:10.887+0000] {dagbag.py:540} INFO - Filling up the DagBag from /home/airflow/.local/lib/python3.8/site-packages/airflow/example_dags/example_params_trigger_ui.py
[2024-04-07T14:42:10.928+0000] {processor.py:840} INFO - DAG(s) 'example_params_trigger_ui' retrieved from /home/airflow/.local/lib/python3.8/site-packages/airflow/example_dags/example_params_trigger_ui.py
[2024-04-07T14:42:11.241+0000] {logging_mixin.py:188} INFO - [2024-04-07T14:42:11.241+0000] {dag.py:3047} INFO - Sync 1 DAGs
[2024-04-07T14:42:11.316+0000] {logging_mixin.py:188} INFO - [2024-04-07T14:42:11.316+0000] {dag.py:3834} INFO - Setting next_dagrun for example_params_trigger_ui to None, run_after=None
[2024-04-07T14:42:11.400+0000] {processor.py:183} INFO - Processing /home/airflow/.local/lib/python3.8/site-packages/airflow/example_dags/example_params_trigger_ui.py took 0.525 seconds
[2024-04-07T14:42:42.923+0000] {processor.py:161} INFO - Started process (PID=420) to work on /home/airflow/.local/lib/python3.8/site-packages/airflow/example_dags/example_params_trigger_ui.py
[2024-04-07T14:42:42.925+0000] {processor.py:830} INFO - Processing file /home/airflow/.local/lib/python3.8/site-packages/airflow/example_dags/example_params_trigger_ui.py for tasks to queue
[2024-04-07T14:42:42.930+0000] {logging_mixin.py:188} INFO - [2024-04-07T14:42:42.929+0000] {dagbag.py:540} INFO - Filling up the DagBag from /home/airflow/.local/lib/python3.8/site-packages/airflow/example_dags/example_params_trigger_ui.py
[2024-04-07T14:42:43.052+0000] {processor.py:840} INFO - DAG(s) 'example_params_trigger_ui' retrieved from /home/airflow/.local/lib/python3.8/site-packages/airflow/example_dags/example_params_trigger_ui.py
[2024-04-07T14:42:43.430+0000] {logging_mixin.py:188} INFO - [2024-04-07T14:42:43.430+0000] {dag.py:3047} INFO - Sync 1 DAGs
[2024-04-07T14:42:43.487+0000] {logging_mixin.py:188} INFO - [2024-04-07T14:42:43.487+0000] {dag.py:3834} INFO - Setting next_dagrun for example_params_trigger_ui to None, run_after=None
[2024-04-07T14:42:43.967+0000] {processor.py:183} INFO - Processing /home/airflow/.local/lib/python3.8/site-packages/airflow/example_dags/example_params_trigger_ui.py took 1.055 seconds
[2024-04-07T14:43:14.133+0000] {processor.py:161} INFO - Started process (PID=478) to work on /home/airflow/.local/lib/python3.8/site-packages/airflow/example_dags/example_params_trigger_ui.py
[2024-04-07T14:43:14.135+0000] {processor.py:830} INFO - Processing file /home/airflow/.local/lib/python3.8/site-packages/airflow/example_dags/example_params_trigger_ui.py for tasks to queue
[2024-04-07T14:43:14.140+0000] {logging_mixin.py:188} INFO - [2024-04-07T14:43:14.138+0000] {dagbag.py:540} INFO - Filling up the DagBag from /home/airflow/.local/lib/python3.8/site-packages/airflow/example_dags/example_params_trigger_ui.py
[2024-04-07T14:43:14.170+0000] {processor.py:840} INFO - DAG(s) 'example_params_trigger_ui' retrieved from /home/airflow/.local/lib/python3.8/site-packages/airflow/example_dags/example_params_trigger_ui.py
[2024-04-07T14:43:14.316+0000] {logging_mixin.py:188} INFO - [2024-04-07T14:43:14.315+0000] {dag.py:3047} INFO - Sync 1 DAGs
[2024-04-07T14:43:14.361+0000] {logging_mixin.py:188} INFO - [2024-04-07T14:43:14.360+0000] {dag.py:3834} INFO - Setting next_dagrun for example_params_trigger_ui to None, run_after=None
[2024-04-07T14:43:14.432+0000] {processor.py:183} INFO - Processing /home/airflow/.local/lib/python3.8/site-packages/airflow/example_dags/example_params_trigger_ui.py took 0.305 seconds
[2024-04-07T14:43:44.746+0000] {processor.py:161} INFO - Started process (PID=535) to work on /home/airflow/.local/lib/python3.8/site-packages/airflow/example_dags/example_params_trigger_ui.py
[2024-04-07T14:43:44.748+0000] {processor.py:830} INFO - Processing file /home/airflow/.local/lib/python3.8/site-packages/airflow/example_dags/example_params_trigger_ui.py for tasks to queue
[2024-04-07T14:43:44.755+0000] {logging_mixin.py:188} INFO - [2024-04-07T14:43:44.754+0000] {dagbag.py:540} INFO - Filling up the DagBag from /home/airflow/.local/lib/python3.8/site-packages/airflow/example_dags/example_params_trigger_ui.py
[2024-04-07T14:43:44.785+0000] {processor.py:840} INFO - DAG(s) 'example_params_trigger_ui' retrieved from /home/airflow/.local/lib/python3.8/site-packages/airflow/example_dags/example_params_trigger_ui.py
[2024-04-07T14:43:44.912+0000] {logging_mixin.py:188} INFO - [2024-04-07T14:43:44.912+0000] {dag.py:3047} INFO - Sync 1 DAGs
[2024-04-07T14:43:44.937+0000] {logging_mixin.py:188} INFO - [2024-04-07T14:43:44.936+0000] {dag.py:3834} INFO - Setting next_dagrun for example_params_trigger_ui to None, run_after=None
[2024-04-07T14:43:44.996+0000] {processor.py:183} INFO - Processing /home/airflow/.local/lib/python3.8/site-packages/airflow/example_dags/example_params_trigger_ui.py took 0.255 seconds
[2024-04-07T14:44:16.359+0000] {processor.py:161} INFO - Started process (PID=592) to work on /home/airflow/.local/lib/python3.8/site-packages/airflow/example_dags/example_params_trigger_ui.py
[2024-04-07T14:44:16.362+0000] {processor.py:830} INFO - Processing file /home/airflow/.local/lib/python3.8/site-packages/airflow/example_dags/example_params_trigger_ui.py for tasks to queue
[2024-04-07T14:44:16.374+0000] {logging_mixin.py:188} INFO - [2024-04-07T14:44:16.373+0000] {dagbag.py:540} INFO - Filling up the DagBag from /home/airflow/.local/lib/python3.8/site-packages/airflow/example_dags/example_params_trigger_ui.py
[2024-04-07T14:44:16.415+0000] {processor.py:840} INFO - DAG(s) 'example_params_trigger_ui' retrieved from /home/airflow/.local/lib/python3.8/site-packages/airflow/example_dags/example_params_trigger_ui.py
[2024-04-07T14:44:16.540+0000] {logging_mixin.py:188} INFO - [2024-04-07T14:44:16.538+0000] {dag.py:3047} INFO - Sync 1 DAGs
[2024-04-07T14:44:16.573+0000] {logging_mixin.py:188} INFO - [2024-04-07T14:44:16.572+0000] {dag.py:3834} INFO - Setting next_dagrun for example_params_trigger_ui to None, run_after=None
[2024-04-07T14:44:16.687+0000] {processor.py:183} INFO - Processing /home/airflow/.local/lib/python3.8/site-packages/airflow/example_dags/example_params_trigger_ui.py took 0.338 seconds
[2024-04-07T14:45:00.137+0000] {processor.py:161} INFO - Started process (PID=649) to work on /home/airflow/.local/lib/python3.8/site-packages/airflow/example_dags/example_params_trigger_ui.py
[2024-04-07T14:45:00.139+0000] {processor.py:830} INFO - Processing file /home/airflow/.local/lib/python3.8/site-packages/airflow/example_dags/example_params_trigger_ui.py for tasks to queue
[2024-04-07T14:45:00.143+0000] {logging_mixin.py:188} INFO - [2024-04-07T14:45:00.142+0000] {dagbag.py:540} INFO - Filling up the DagBag from /home/airflow/.local/lib/python3.8/site-packages/airflow/example_dags/example_params_trigger_ui.py
[2024-04-07T14:45:00.167+0000] {processor.py:840} INFO - DAG(s) 'example_params_trigger_ui' retrieved from /home/airflow/.local/lib/python3.8/site-packages/airflow/example_dags/example_params_trigger_ui.py
[2024-04-07T14:45:00.299+0000] {logging_mixin.py:188} INFO - [2024-04-07T14:45:00.299+0000] {dag.py:3047} INFO - Sync 1 DAGs
[2024-04-07T14:45:00.327+0000] {logging_mixin.py:188} INFO - [2024-04-07T14:45:00.327+0000] {dag.py:3834} INFO - Setting next_dagrun for example_params_trigger_ui to None, run_after=None
[2024-04-07T14:45:02.026+0000] {processor.py:183} INFO - Processing /home/airflow/.local/lib/python3.8/site-packages/airflow/example_dags/example_params_trigger_ui.py took 1.895 seconds
[2024-04-07T14:45:32.524+0000] {processor.py:161} INFO - Started process (PID=712) to work on /home/airflow/.local/lib/python3.8/site-packages/airflow/example_dags/example_params_trigger_ui.py
[2024-04-07T14:45:32.526+0000] {processor.py:830} INFO - Processing file /home/airflow/.local/lib/python3.8/site-packages/airflow/example_dags/example_params_trigger_ui.py for tasks to queue
[2024-04-07T14:45:32.533+0000] {logging_mixin.py:188} INFO - [2024-04-07T14:45:32.532+0000] {dagbag.py:540} INFO - Filling up the DagBag from /home/airflow/.local/lib/python3.8/site-packages/airflow/example_dags/example_params_trigger_ui.py
[2024-04-07T14:45:32.575+0000] {processor.py:840} INFO - DAG(s) 'example_params_trigger_ui' retrieved from /home/airflow/.local/lib/python3.8/site-packages/airflow/example_dags/example_params_trigger_ui.py
[2024-04-07T14:45:32.780+0000] {logging_mixin.py:188} INFO - [2024-04-07T14:45:32.778+0000] {dag.py:3047} INFO - Sync 1 DAGs
[2024-04-07T14:45:32.811+0000] {logging_mixin.py:188} INFO - [2024-04-07T14:45:32.810+0000] {dag.py:3834} INFO - Setting next_dagrun for example_params_trigger_ui to None, run_after=None
[2024-04-07T14:45:32.941+0000] {processor.py:183} INFO - Processing /home/airflow/.local/lib/python3.8/site-packages/airflow/example_dags/example_params_trigger_ui.py took 0.423 seconds
[2024-04-07T14:46:03.132+0000] {processor.py:161} INFO - Started process (PID=769) to work on /home/airflow/.local/lib/python3.8/site-packages/airflow/example_dags/example_params_trigger_ui.py
[2024-04-07T14:46:03.134+0000] {processor.py:830} INFO - Processing file /home/airflow/.local/lib/python3.8/site-packages/airflow/example_dags/example_params_trigger_ui.py for tasks to queue
[2024-04-07T14:46:03.139+0000] {logging_mixin.py:188} INFO - [2024-04-07T14:46:03.138+0000] {dagbag.py:540} INFO - Filling up the DagBag from /home/airflow/.local/lib/python3.8/site-packages/airflow/example_dags/example_params_trigger_ui.py
[2024-04-07T14:46:03.199+0000] {processor.py:840} INFO - DAG(s) 'example_params_trigger_ui' retrieved from /home/airflow/.local/lib/python3.8/site-packages/airflow/example_dags/example_params_trigger_ui.py
[2024-04-07T14:46:03.303+0000] {logging_mixin.py:188} INFO - [2024-04-07T14:46:03.302+0000] {dag.py:3047} INFO - Sync 1 DAGs
[2024-04-07T14:46:03.323+0000] {logging_mixin.py:188} INFO - [2024-04-07T14:46:03.323+0000] {dag.py:3834} INFO - Setting next_dagrun for example_params_trigger_ui to None, run_after=None
[2024-04-07T14:46:03.376+0000] {processor.py:183} INFO - Processing /home/airflow/.local/lib/python3.8/site-packages/airflow/example_dags/example_params_trigger_ui.py took 0.249 seconds
[2024-04-07T14:46:34.052+0000] {processor.py:161} INFO - Started process (PID=826) to work on /home/airflow/.local/lib/python3.8/site-packages/airflow/example_dags/example_params_trigger_ui.py
[2024-04-07T14:46:34.065+0000] {processor.py:830} INFO - Processing file /home/airflow/.local/lib/python3.8/site-packages/airflow/example_dags/example_params_trigger_ui.py for tasks to queue
[2024-04-07T14:46:34.089+0000] {logging_mixin.py:188} INFO - [2024-04-07T14:46:34.081+0000] {dagbag.py:540} INFO - Filling up the DagBag from /home/airflow/.local/lib/python3.8/site-packages/airflow/example_dags/example_params_trigger_ui.py
[2024-04-07T14:46:34.169+0000] {processor.py:840} INFO - DAG(s) 'example_params_trigger_ui' retrieved from /home/airflow/.local/lib/python3.8/site-packages/airflow/example_dags/example_params_trigger_ui.py
[2024-04-07T14:46:34.717+0000] {logging_mixin.py:188} INFO - [2024-04-07T14:46:34.716+0000] {dag.py:3047} INFO - Sync 1 DAGs
[2024-04-07T14:46:34.815+0000] {logging_mixin.py:188} INFO - [2024-04-07T14:46:34.814+0000] {dag.py:3834} INFO - Setting next_dagrun for example_params_trigger_ui to None, run_after=None
[2024-04-07T14:46:34.983+0000] {processor.py:183} INFO - Processing /home/airflow/.local/lib/python3.8/site-packages/airflow/example_dags/example_params_trigger_ui.py took 0.960 seconds
[2024-04-07T14:47:05.923+0000] {processor.py:161} INFO - Started process (PID=883) to work on /home/airflow/.local/lib/python3.8/site-packages/airflow/example_dags/example_params_trigger_ui.py
[2024-04-07T14:47:05.932+0000] {processor.py:830} INFO - Processing file /home/airflow/.local/lib/python3.8/site-packages/airflow/example_dags/example_params_trigger_ui.py for tasks to queue
[2024-04-07T14:47:05.936+0000] {logging_mixin.py:188} INFO - [2024-04-07T14:47:05.935+0000] {dagbag.py:540} INFO - Filling up the DagBag from /home/airflow/.local/lib/python3.8/site-packages/airflow/example_dags/example_params_trigger_ui.py
[2024-04-07T14:47:05.989+0000] {processor.py:840} INFO - DAG(s) 'example_params_trigger_ui' retrieved from /home/airflow/.local/lib/python3.8/site-packages/airflow/example_dags/example_params_trigger_ui.py
[2024-04-07T14:47:06.172+0000] {logging_mixin.py:188} INFO - [2024-04-07T14:47:06.172+0000] {dag.py:3047} INFO - Sync 1 DAGs
[2024-04-07T14:47:06.200+0000] {logging_mixin.py:188} INFO - [2024-04-07T14:47:06.199+0000] {dag.py:3834} INFO - Setting next_dagrun for example_params_trigger_ui to None, run_after=None
[2024-04-07T14:47:06.237+0000] {processor.py:183} INFO - Processing /home/airflow/.local/lib/python3.8/site-packages/airflow/example_dags/example_params_trigger_ui.py took 0.321 seconds
[2024-04-07T14:47:36.453+0000] {processor.py:161} INFO - Started process (PID=940) to work on /home/airflow/.local/lib/python3.8/site-packages/airflow/example_dags/example_params_trigger_ui.py
[2024-04-07T14:47:36.455+0000] {processor.py:830} INFO - Processing file /home/airflow/.local/lib/python3.8/site-packages/airflow/example_dags/example_params_trigger_ui.py for tasks to queue
[2024-04-07T14:47:36.458+0000] {logging_mixin.py:188} INFO - [2024-04-07T14:47:36.457+0000] {dagbag.py:540} INFO - Filling up the DagBag from /home/airflow/.local/lib/python3.8/site-packages/airflow/example_dags/example_params_trigger_ui.py
[2024-04-07T14:47:36.481+0000] {processor.py:840} INFO - DAG(s) 'example_params_trigger_ui' retrieved from /home/airflow/.local/lib/python3.8/site-packages/airflow/example_dags/example_params_trigger_ui.py
[2024-04-07T14:47:36.608+0000] {logging_mixin.py:188} INFO - [2024-04-07T14:47:36.607+0000] {dag.py:3047} INFO - Sync 1 DAGs
[2024-04-07T14:47:36.641+0000] {logging_mixin.py:188} INFO - [2024-04-07T14:47:36.640+0000] {dag.py:3834} INFO - Setting next_dagrun for example_params_trigger_ui to None, run_after=None
[2024-04-07T14:47:36.674+0000] {processor.py:183} INFO - Processing /home/airflow/.local/lib/python3.8/site-packages/airflow/example_dags/example_params_trigger_ui.py took 0.227 seconds
[2024-04-07T14:48:07.362+0000] {processor.py:161} INFO - Started process (PID=997) to work on /home/airflow/.local/lib/python3.8/site-packages/airflow/example_dags/example_params_trigger_ui.py
[2024-04-07T14:48:07.364+0000] {processor.py:830} INFO - Processing file /home/airflow/.local/lib/python3.8/site-packages/airflow/example_dags/example_params_trigger_ui.py for tasks to queue
[2024-04-07T14:48:07.368+0000] {logging_mixin.py:188} INFO - [2024-04-07T14:48:07.367+0000] {dagbag.py:540} INFO - Filling up the DagBag from /home/airflow/.local/lib/python3.8/site-packages/airflow/example_dags/example_params_trigger_ui.py
[2024-04-07T14:48:07.389+0000] {processor.py:840} INFO - DAG(s) 'example_params_trigger_ui' retrieved from /home/airflow/.local/lib/python3.8/site-packages/airflow/example_dags/example_params_trigger_ui.py
[2024-04-07T14:48:07.480+0000] {logging_mixin.py:188} INFO - [2024-04-07T14:48:07.479+0000] {dag.py:3047} INFO - Sync 1 DAGs
[2024-04-07T14:48:07.498+0000] {logging_mixin.py:188} INFO - [2024-04-07T14:48:07.498+0000] {dag.py:3834} INFO - Setting next_dagrun for example_params_trigger_ui to None, run_after=None
[2024-04-07T14:48:07.535+0000] {processor.py:183} INFO - Processing /home/airflow/.local/lib/python3.8/site-packages/airflow/example_dags/example_params_trigger_ui.py took 0.177 seconds
[2024-04-07T14:48:37.797+0000] {processor.py:161} INFO - Started process (PID=1054) to work on /home/airflow/.local/lib/python3.8/site-packages/airflow/example_dags/example_params_trigger_ui.py
[2024-04-07T14:48:37.800+0000] {processor.py:830} INFO - Processing file /home/airflow/.local/lib/python3.8/site-packages/airflow/example_dags/example_params_trigger_ui.py for tasks to queue
[2024-04-07T14:48:37.807+0000] {logging_mixin.py:188} INFO - [2024-04-07T14:48:37.806+0000] {dagbag.py:540} INFO - Filling up the DagBag from /home/airflow/.local/lib/python3.8/site-packages/airflow/example_dags/example_params_trigger_ui.py
[2024-04-07T14:48:37.846+0000] {processor.py:840} INFO - DAG(s) 'example_params_trigger_ui' retrieved from /home/airflow/.local/lib/python3.8/site-packages/airflow/example_dags/example_params_trigger_ui.py
[2024-04-07T14:48:38.059+0000] {logging_mixin.py:188} INFO - [2024-04-07T14:48:38.058+0000] {dag.py:3047} INFO - Sync 1 DAGs
[2024-04-07T14:48:38.080+0000] {logging_mixin.py:188} INFO - [2024-04-07T14:48:38.080+0000] {dag.py:3834} INFO - Setting next_dagrun for example_params_trigger_ui to None, run_after=None
[2024-04-07T14:48:38.112+0000] {processor.py:183} INFO - Processing /home/airflow/.local/lib/python3.8/site-packages/airflow/example_dags/example_params_trigger_ui.py took 0.323 seconds
[2024-04-07T14:49:08.527+0000] {processor.py:161} INFO - Started process (PID=1111) to work on /home/airflow/.local/lib/python3.8/site-packages/airflow/example_dags/example_params_trigger_ui.py
[2024-04-07T14:49:08.534+0000] {processor.py:830} INFO - Processing file /home/airflow/.local/lib/python3.8/site-packages/airflow/example_dags/example_params_trigger_ui.py for tasks to queue
[2024-04-07T14:49:08.539+0000] {logging_mixin.py:188} INFO - [2024-04-07T14:49:08.538+0000] {dagbag.py:540} INFO - Filling up the DagBag from /home/airflow/.local/lib/python3.8/site-packages/airflow/example_dags/example_params_trigger_ui.py
[2024-04-07T14:49:08.581+0000] {processor.py:840} INFO - DAG(s) 'example_params_trigger_ui' retrieved from /home/airflow/.local/lib/python3.8/site-packages/airflow/example_dags/example_params_trigger_ui.py
[2024-04-07T14:49:08.806+0000] {logging_mixin.py:188} INFO - [2024-04-07T14:49:08.805+0000] {dag.py:3047} INFO - Sync 1 DAGs
[2024-04-07T14:49:08.865+0000] {logging_mixin.py:188} INFO - [2024-04-07T14:49:08.864+0000] {dag.py:3834} INFO - Setting next_dagrun for example_params_trigger_ui to None, run_after=None
[2024-04-07T14:49:08.982+0000] {processor.py:183} INFO - Processing /home/airflow/.local/lib/python3.8/site-packages/airflow/example_dags/example_params_trigger_ui.py took 0.464 seconds
[2024-04-07T14:49:39.385+0000] {processor.py:161} INFO - Started process (PID=1166) to work on /home/airflow/.local/lib/python3.8/site-packages/airflow/example_dags/example_params_trigger_ui.py
[2024-04-07T14:49:39.387+0000] {processor.py:830} INFO - Processing file /home/airflow/.local/lib/python3.8/site-packages/airflow/example_dags/example_params_trigger_ui.py for tasks to queue
[2024-04-07T14:49:39.393+0000] {logging_mixin.py:188} INFO - [2024-04-07T14:49:39.393+0000] {dagbag.py:540} INFO - Filling up the DagBag from /home/airflow/.local/lib/python3.8/site-packages/airflow/example_dags/example_params_trigger_ui.py
[2024-04-07T14:49:39.421+0000] {processor.py:840} INFO - DAG(s) 'example_params_trigger_ui' retrieved from /home/airflow/.local/lib/python3.8/site-packages/airflow/example_dags/example_params_trigger_ui.py
[2024-04-07T14:49:39.564+0000] {logging_mixin.py:188} INFO - [2024-04-07T14:49:39.563+0000] {dag.py:3047} INFO - Sync 1 DAGs
[2024-04-07T14:49:39.593+0000] {logging_mixin.py:188} INFO - [2024-04-07T14:49:39.592+0000] {dag.py:3834} INFO - Setting next_dagrun for example_params_trigger_ui to None, run_after=None
[2024-04-07T14:49:39.642+0000] {processor.py:183} INFO - Processing /home/airflow/.local/lib/python3.8/site-packages/airflow/example_dags/example_params_trigger_ui.py took 0.264 seconds
[2024-04-07T14:50:09.804+0000] {processor.py:161} INFO - Started process (PID=1223) to work on /home/airflow/.local/lib/python3.8/site-packages/airflow/example_dags/example_params_trigger_ui.py
[2024-04-07T14:50:09.806+0000] {processor.py:830} INFO - Processing file /home/airflow/.local/lib/python3.8/site-packages/airflow/example_dags/example_params_trigger_ui.py for tasks to queue
[2024-04-07T14:50:09.810+0000] {logging_mixin.py:188} INFO - [2024-04-07T14:50:09.809+0000] {dagbag.py:540} INFO - Filling up the DagBag from /home/airflow/.local/lib/python3.8/site-packages/airflow/example_dags/example_params_trigger_ui.py
[2024-04-07T14:50:09.840+0000] {processor.py:840} INFO - DAG(s) 'example_params_trigger_ui' retrieved from /home/airflow/.local/lib/python3.8/site-packages/airflow/example_dags/example_params_trigger_ui.py
[2024-04-07T14:50:09.978+0000] {logging_mixin.py:188} INFO - [2024-04-07T14:50:09.977+0000] {dag.py:3047} INFO - Sync 1 DAGs
[2024-04-07T14:50:10.001+0000] {logging_mixin.py:188} INFO - [2024-04-07T14:50:10.001+0000] {dag.py:3834} INFO - Setting next_dagrun for example_params_trigger_ui to None, run_after=None
[2024-04-07T14:50:10.310+0000] {processor.py:183} INFO - Processing /home/airflow/.local/lib/python3.8/site-packages/airflow/example_dags/example_params_trigger_ui.py took 0.512 seconds
[2024-04-07T14:50:40.477+0000] {processor.py:161} INFO - Started process (PID=1281) to work on /home/airflow/.local/lib/python3.8/site-packages/airflow/example_dags/example_params_trigger_ui.py
[2024-04-07T14:50:40.488+0000] {processor.py:830} INFO - Processing file /home/airflow/.local/lib/python3.8/site-packages/airflow/example_dags/example_params_trigger_ui.py for tasks to queue
[2024-04-07T14:50:40.492+0000] {logging_mixin.py:188} INFO - [2024-04-07T14:50:40.491+0000] {dagbag.py:540} INFO - Filling up the DagBag from /home/airflow/.local/lib/python3.8/site-packages/airflow/example_dags/example_params_trigger_ui.py
[2024-04-07T14:50:40.557+0000] {processor.py:840} INFO - DAG(s) 'example_params_trigger_ui' retrieved from /home/airflow/.local/lib/python3.8/site-packages/airflow/example_dags/example_params_trigger_ui.py
[2024-04-07T14:50:40.816+0000] {logging_mixin.py:188} INFO - [2024-04-07T14:50:40.815+0000] {dag.py:3047} INFO - Sync 1 DAGs
[2024-04-07T14:50:40.881+0000] {logging_mixin.py:188} INFO - [2024-04-07T14:50:40.881+0000] {dag.py:3834} INFO - Setting next_dagrun for example_params_trigger_ui to None, run_after=None
[2024-04-07T14:50:40.933+0000] {processor.py:183} INFO - Processing /home/airflow/.local/lib/python3.8/site-packages/airflow/example_dags/example_params_trigger_ui.py took 0.463 seconds
[2024-04-07T14:51:11.082+0000] {processor.py:161} INFO - Started process (PID=1337) to work on /home/airflow/.local/lib/python3.8/site-packages/airflow/example_dags/example_params_trigger_ui.py
[2024-04-07T14:51:11.084+0000] {processor.py:830} INFO - Processing file /home/airflow/.local/lib/python3.8/site-packages/airflow/example_dags/example_params_trigger_ui.py for tasks to queue
[2024-04-07T14:51:11.087+0000] {logging_mixin.py:188} INFO - [2024-04-07T14:51:11.087+0000] {dagbag.py:540} INFO - Filling up the DagBag from /home/airflow/.local/lib/python3.8/site-packages/airflow/example_dags/example_params_trigger_ui.py
[2024-04-07T14:51:11.114+0000] {processor.py:840} INFO - DAG(s) 'example_params_trigger_ui' retrieved from /home/airflow/.local/lib/python3.8/site-packages/airflow/example_dags/example_params_trigger_ui.py
[2024-04-07T14:51:11.242+0000] {logging_mixin.py:188} INFO - [2024-04-07T14:51:11.242+0000] {dag.py:3047} INFO - Sync 1 DAGs
[2024-04-07T14:51:11.290+0000] {logging_mixin.py:188} INFO - [2024-04-07T14:51:11.289+0000] {dag.py:3834} INFO - Setting next_dagrun for example_params_trigger_ui to None, run_after=None
[2024-04-07T14:51:11.399+0000] {processor.py:183} INFO - Processing /home/airflow/.local/lib/python3.8/site-packages/airflow/example_dags/example_params_trigger_ui.py took 0.323 seconds
[2024-04-07T14:51:42.090+0000] {processor.py:161} INFO - Started process (PID=1395) to work on /home/airflow/.local/lib/python3.8/site-packages/airflow/example_dags/example_params_trigger_ui.py
[2024-04-07T14:51:42.094+0000] {processor.py:830} INFO - Processing file /home/airflow/.local/lib/python3.8/site-packages/airflow/example_dags/example_params_trigger_ui.py for tasks to queue
[2024-04-07T14:51:42.104+0000] {logging_mixin.py:188} INFO - [2024-04-07T14:51:42.097+0000] {dagbag.py:540} INFO - Filling up the DagBag from /home/airflow/.local/lib/python3.8/site-packages/airflow/example_dags/example_params_trigger_ui.py
[2024-04-07T14:51:42.150+0000] {processor.py:840} INFO - DAG(s) 'example_params_trigger_ui' retrieved from /home/airflow/.local/lib/python3.8/site-packages/airflow/example_dags/example_params_trigger_ui.py
[2024-04-07T14:51:42.457+0000] {logging_mixin.py:188} INFO - [2024-04-07T14:51:42.457+0000] {dag.py:3047} INFO - Sync 1 DAGs
[2024-04-07T14:51:42.520+0000] {logging_mixin.py:188} INFO - [2024-04-07T14:51:42.518+0000] {dag.py:3834} INFO - Setting next_dagrun for example_params_trigger_ui to None, run_after=None
[2024-04-07T14:51:42.626+0000] {processor.py:183} INFO - Processing /home/airflow/.local/lib/python3.8/site-packages/airflow/example_dags/example_params_trigger_ui.py took 0.545 seconds
[2024-04-07T14:52:12.819+0000] {processor.py:161} INFO - Started process (PID=1452) to work on /home/airflow/.local/lib/python3.8/site-packages/airflow/example_dags/example_params_trigger_ui.py
[2024-04-07T14:52:12.831+0000] {processor.py:830} INFO - Processing file /home/airflow/.local/lib/python3.8/site-packages/airflow/example_dags/example_params_trigger_ui.py for tasks to queue
[2024-04-07T14:52:12.837+0000] {logging_mixin.py:188} INFO - [2024-04-07T14:52:12.836+0000] {dagbag.py:540} INFO - Filling up the DagBag from /home/airflow/.local/lib/python3.8/site-packages/airflow/example_dags/example_params_trigger_ui.py
[2024-04-07T14:52:12.908+0000] {processor.py:840} INFO - DAG(s) 'example_params_trigger_ui' retrieved from /home/airflow/.local/lib/python3.8/site-packages/airflow/example_dags/example_params_trigger_ui.py
[2024-04-07T14:52:13.061+0000] {logging_mixin.py:188} INFO - [2024-04-07T14:52:13.060+0000] {dag.py:3047} INFO - Sync 1 DAGs
[2024-04-07T14:52:13.103+0000] {logging_mixin.py:188} INFO - [2024-04-07T14:52:13.103+0000] {dag.py:3834} INFO - Setting next_dagrun for example_params_trigger_ui to None, run_after=None
[2024-04-07T14:52:13.152+0000] {processor.py:183} INFO - Processing /home/airflow/.local/lib/python3.8/site-packages/airflow/example_dags/example_params_trigger_ui.py took 0.344 seconds
[2024-04-07T14:52:43.586+0000] {processor.py:161} INFO - Started process (PID=1509) to work on /home/airflow/.local/lib/python3.8/site-packages/airflow/example_dags/example_params_trigger_ui.py
[2024-04-07T14:52:43.588+0000] {processor.py:830} INFO - Processing file /home/airflow/.local/lib/python3.8/site-packages/airflow/example_dags/example_params_trigger_ui.py for tasks to queue
[2024-04-07T14:52:43.592+0000] {logging_mixin.py:188} INFO - [2024-04-07T14:52:43.591+0000] {dagbag.py:540} INFO - Filling up the DagBag from /home/airflow/.local/lib/python3.8/site-packages/airflow/example_dags/example_params_trigger_ui.py
[2024-04-07T14:52:43.619+0000] {processor.py:840} INFO - DAG(s) 'example_params_trigger_ui' retrieved from /home/airflow/.local/lib/python3.8/site-packages/airflow/example_dags/example_params_trigger_ui.py
[2024-04-07T14:52:43.784+0000] {logging_mixin.py:188} INFO - [2024-04-07T14:52:43.783+0000] {dag.py:3047} INFO - Sync 1 DAGs
[2024-04-07T14:52:43.809+0000] {logging_mixin.py:188} INFO - [2024-04-07T14:52:43.808+0000] {dag.py:3834} INFO - Setting next_dagrun for example_params_trigger_ui to None, run_after=None
[2024-04-07T14:52:43.846+0000] {processor.py:183} INFO - Processing /home/airflow/.local/lib/python3.8/site-packages/airflow/example_dags/example_params_trigger_ui.py took 0.266 seconds
[2024-04-07T14:53:14.164+0000] {processor.py:161} INFO - Started process (PID=1566) to work on /home/airflow/.local/lib/python3.8/site-packages/airflow/example_dags/example_params_trigger_ui.py
[2024-04-07T14:53:14.166+0000] {processor.py:830} INFO - Processing file /home/airflow/.local/lib/python3.8/site-packages/airflow/example_dags/example_params_trigger_ui.py for tasks to queue
[2024-04-07T14:53:14.171+0000] {logging_mixin.py:188} INFO - [2024-04-07T14:53:14.170+0000] {dagbag.py:540} INFO - Filling up the DagBag from /home/airflow/.local/lib/python3.8/site-packages/airflow/example_dags/example_params_trigger_ui.py
[2024-04-07T14:53:14.199+0000] {processor.py:840} INFO - DAG(s) 'example_params_trigger_ui' retrieved from /home/airflow/.local/lib/python3.8/site-packages/airflow/example_dags/example_params_trigger_ui.py
[2024-04-07T14:53:14.304+0000] {logging_mixin.py:188} INFO - [2024-04-07T14:53:14.304+0000] {dag.py:3047} INFO - Sync 1 DAGs
[2024-04-07T14:53:14.326+0000] {logging_mixin.py:188} INFO - [2024-04-07T14:53:14.325+0000] {dag.py:3834} INFO - Setting next_dagrun for example_params_trigger_ui to None, run_after=None
[2024-04-07T14:53:14.366+0000] {processor.py:183} INFO - Processing /home/airflow/.local/lib/python3.8/site-packages/airflow/example_dags/example_params_trigger_ui.py took 0.208 seconds
[2024-04-07T14:53:44.975+0000] {processor.py:161} INFO - Started process (PID=1623) to work on /home/airflow/.local/lib/python3.8/site-packages/airflow/example_dags/example_params_trigger_ui.py
[2024-04-07T14:53:44.976+0000] {processor.py:830} INFO - Processing file /home/airflow/.local/lib/python3.8/site-packages/airflow/example_dags/example_params_trigger_ui.py for tasks to queue
[2024-04-07T14:53:44.979+0000] {logging_mixin.py:188} INFO - [2024-04-07T14:53:44.979+0000] {dagbag.py:540} INFO - Filling up the DagBag from /home/airflow/.local/lib/python3.8/site-packages/airflow/example_dags/example_params_trigger_ui.py
[2024-04-07T14:53:45.004+0000] {processor.py:840} INFO - DAG(s) 'example_params_trigger_ui' retrieved from /home/airflow/.local/lib/python3.8/site-packages/airflow/example_dags/example_params_trigger_ui.py
[2024-04-07T14:53:45.103+0000] {logging_mixin.py:188} INFO - [2024-04-07T14:53:45.102+0000] {dag.py:3047} INFO - Sync 1 DAGs
[2024-04-07T14:53:45.123+0000] {logging_mixin.py:188} INFO - [2024-04-07T14:53:45.122+0000] {dag.py:3834} INFO - Setting next_dagrun for example_params_trigger_ui to None, run_after=None
[2024-04-07T14:53:45.158+0000] {processor.py:183} INFO - Processing /home/airflow/.local/lib/python3.8/site-packages/airflow/example_dags/example_params_trigger_ui.py took 0.188 seconds
[2024-04-07T14:54:15.254+0000] {processor.py:161} INFO - Started process (PID=1680) to work on /home/airflow/.local/lib/python3.8/site-packages/airflow/example_dags/example_params_trigger_ui.py
[2024-04-07T14:54:15.257+0000] {processor.py:830} INFO - Processing file /home/airflow/.local/lib/python3.8/site-packages/airflow/example_dags/example_params_trigger_ui.py for tasks to queue
[2024-04-07T14:54:15.261+0000] {logging_mixin.py:188} INFO - [2024-04-07T14:54:15.260+0000] {dagbag.py:540} INFO - Filling up the DagBag from /home/airflow/.local/lib/python3.8/site-packages/airflow/example_dags/example_params_trigger_ui.py
[2024-04-07T14:54:15.326+0000] {processor.py:840} INFO - DAG(s) 'example_params_trigger_ui' retrieved from /home/airflow/.local/lib/python3.8/site-packages/airflow/example_dags/example_params_trigger_ui.py
[2024-04-07T14:54:15.540+0000] {logging_mixin.py:188} INFO - [2024-04-07T14:54:15.539+0000] {dag.py:3047} INFO - Sync 1 DAGs
[2024-04-07T14:54:15.584+0000] {logging_mixin.py:188} INFO - [2024-04-07T14:54:15.583+0000] {dag.py:3834} INFO - Setting next_dagrun for example_params_trigger_ui to None, run_after=None
[2024-04-07T14:54:15.664+0000] {processor.py:183} INFO - Processing /home/airflow/.local/lib/python3.8/site-packages/airflow/example_dags/example_params_trigger_ui.py took 0.417 seconds
[2024-04-07T14:54:46.043+0000] {processor.py:161} INFO - Started process (PID=1737) to work on /home/airflow/.local/lib/python3.8/site-packages/airflow/example_dags/example_params_trigger_ui.py
[2024-04-07T14:54:46.045+0000] {processor.py:830} INFO - Processing file /home/airflow/.local/lib/python3.8/site-packages/airflow/example_dags/example_params_trigger_ui.py for tasks to queue
[2024-04-07T14:54:46.049+0000] {logging_mixin.py:188} INFO - [2024-04-07T14:54:46.048+0000] {dagbag.py:540} INFO - Filling up the DagBag from /home/airflow/.local/lib/python3.8/site-packages/airflow/example_dags/example_params_trigger_ui.py
[2024-04-07T14:54:46.091+0000] {processor.py:840} INFO - DAG(s) 'example_params_trigger_ui' retrieved from /home/airflow/.local/lib/python3.8/site-packages/airflow/example_dags/example_params_trigger_ui.py
[2024-04-07T14:54:46.265+0000] {logging_mixin.py:188} INFO - [2024-04-07T14:54:46.264+0000] {dag.py:3047} INFO - Sync 1 DAGs
[2024-04-07T14:54:46.301+0000] {logging_mixin.py:188} INFO - [2024-04-07T14:54:46.300+0000] {dag.py:3834} INFO - Setting next_dagrun for example_params_trigger_ui to None, run_after=None
[2024-04-07T14:54:46.332+0000] {processor.py:183} INFO - Processing /home/airflow/.local/lib/python3.8/site-packages/airflow/example_dags/example_params_trigger_ui.py took 0.298 seconds
[2024-04-07T14:55:17.403+0000] {processor.py:161} INFO - Started process (PID=1793) to work on /home/airflow/.local/lib/python3.8/site-packages/airflow/example_dags/example_params_trigger_ui.py
[2024-04-07T14:55:17.406+0000] {processor.py:830} INFO - Processing file /home/airflow/.local/lib/python3.8/site-packages/airflow/example_dags/example_params_trigger_ui.py for tasks to queue
[2024-04-07T14:55:17.418+0000] {logging_mixin.py:188} INFO - [2024-04-07T14:55:17.417+0000] {dagbag.py:540} INFO - Filling up the DagBag from /home/airflow/.local/lib/python3.8/site-packages/airflow/example_dags/example_params_trigger_ui.py
[2024-04-07T14:55:17.515+0000] {processor.py:840} INFO - DAG(s) 'example_params_trigger_ui' retrieved from /home/airflow/.local/lib/python3.8/site-packages/airflow/example_dags/example_params_trigger_ui.py
[2024-04-07T14:55:17.709+0000] {logging_mixin.py:188} INFO - [2024-04-07T14:55:17.709+0000] {dag.py:3047} INFO - Sync 1 DAGs
[2024-04-07T14:55:17.736+0000] {logging_mixin.py:188} INFO - [2024-04-07T14:55:17.735+0000] {dag.py:3834} INFO - Setting next_dagrun for example_params_trigger_ui to None, run_after=None
[2024-04-07T14:55:17.771+0000] {processor.py:183} INFO - Processing /home/airflow/.local/lib/python3.8/site-packages/airflow/example_dags/example_params_trigger_ui.py took 0.374 seconds
[2024-04-07T14:55:48.350+0000] {processor.py:161} INFO - Started process (PID=1850) to work on /home/airflow/.local/lib/python3.8/site-packages/airflow/example_dags/example_params_trigger_ui.py
[2024-04-07T14:55:48.353+0000] {processor.py:830} INFO - Processing file /home/airflow/.local/lib/python3.8/site-packages/airflow/example_dags/example_params_trigger_ui.py for tasks to queue
[2024-04-07T14:55:48.356+0000] {logging_mixin.py:188} INFO - [2024-04-07T14:55:48.356+0000] {dagbag.py:540} INFO - Filling up the DagBag from /home/airflow/.local/lib/python3.8/site-packages/airflow/example_dags/example_params_trigger_ui.py
[2024-04-07T14:55:48.382+0000] {processor.py:840} INFO - DAG(s) 'example_params_trigger_ui' retrieved from /home/airflow/.local/lib/python3.8/site-packages/airflow/example_dags/example_params_trigger_ui.py
[2024-04-07T14:55:48.486+0000] {logging_mixin.py:188} INFO - [2024-04-07T14:55:48.485+0000] {dag.py:3047} INFO - Sync 1 DAGs
[2024-04-07T14:55:48.514+0000] {logging_mixin.py:188} INFO - [2024-04-07T14:55:48.514+0000] {dag.py:3834} INFO - Setting next_dagrun for example_params_trigger_ui to None, run_after=None
[2024-04-07T14:55:48.545+0000] {processor.py:183} INFO - Processing /home/airflow/.local/lib/python3.8/site-packages/airflow/example_dags/example_params_trigger_ui.py took 0.201 seconds
[2024-04-07T14:56:18.738+0000] {processor.py:161} INFO - Started process (PID=1908) to work on /home/airflow/.local/lib/python3.8/site-packages/airflow/example_dags/example_params_trigger_ui.py
[2024-04-07T14:56:18.740+0000] {processor.py:830} INFO - Processing file /home/airflow/.local/lib/python3.8/site-packages/airflow/example_dags/example_params_trigger_ui.py for tasks to queue
[2024-04-07T14:56:18.743+0000] {logging_mixin.py:188} INFO - [2024-04-07T14:56:18.742+0000] {dagbag.py:540} INFO - Filling up the DagBag from /home/airflow/.local/lib/python3.8/site-packages/airflow/example_dags/example_params_trigger_ui.py
[2024-04-07T14:56:18.762+0000] {processor.py:840} INFO - DAG(s) 'example_params_trigger_ui' retrieved from /home/airflow/.local/lib/python3.8/site-packages/airflow/example_dags/example_params_trigger_ui.py
[2024-04-07T14:56:18.847+0000] {logging_mixin.py:188} INFO - [2024-04-07T14:56:18.847+0000] {dag.py:3047} INFO - Sync 1 DAGs
[2024-04-07T14:56:18.864+0000] {logging_mixin.py:188} INFO - [2024-04-07T14:56:18.864+0000] {dag.py:3834} INFO - Setting next_dagrun for example_params_trigger_ui to None, run_after=None
[2024-04-07T14:56:18.894+0000] {processor.py:183} INFO - Processing /home/airflow/.local/lib/python3.8/site-packages/airflow/example_dags/example_params_trigger_ui.py took 0.160 seconds
[2024-04-07T14:56:49.275+0000] {processor.py:161} INFO - Started process (PID=1964) to work on /home/airflow/.local/lib/python3.8/site-packages/airflow/example_dags/example_params_trigger_ui.py
[2024-04-07T14:56:49.277+0000] {processor.py:830} INFO - Processing file /home/airflow/.local/lib/python3.8/site-packages/airflow/example_dags/example_params_trigger_ui.py for tasks to queue
[2024-04-07T14:56:49.281+0000] {logging_mixin.py:188} INFO - [2024-04-07T14:56:49.280+0000] {dagbag.py:540} INFO - Filling up the DagBag from /home/airflow/.local/lib/python3.8/site-packages/airflow/example_dags/example_params_trigger_ui.py
[2024-04-07T14:56:49.307+0000] {processor.py:840} INFO - DAG(s) 'example_params_trigger_ui' retrieved from /home/airflow/.local/lib/python3.8/site-packages/airflow/example_dags/example_params_trigger_ui.py
[2024-04-07T14:56:49.439+0000] {logging_mixin.py:188} INFO - [2024-04-07T14:56:49.438+0000] {dag.py:3047} INFO - Sync 1 DAGs
[2024-04-07T14:56:49.470+0000] {logging_mixin.py:188} INFO - [2024-04-07T14:56:49.469+0000] {dag.py:3834} INFO - Setting next_dagrun for example_params_trigger_ui to None, run_after=None
[2024-04-07T14:56:49.502+0000] {processor.py:183} INFO - Processing /home/airflow/.local/lib/python3.8/site-packages/airflow/example_dags/example_params_trigger_ui.py took 0.233 seconds
[2024-04-07T14:57:19.609+0000] {processor.py:161} INFO - Started process (PID=2021) to work on /home/airflow/.local/lib/python3.8/site-packages/airflow/example_dags/example_params_trigger_ui.py
[2024-04-07T14:57:19.611+0000] {processor.py:830} INFO - Processing file /home/airflow/.local/lib/python3.8/site-packages/airflow/example_dags/example_params_trigger_ui.py for tasks to queue
[2024-04-07T14:57:19.614+0000] {logging_mixin.py:188} INFO - [2024-04-07T14:57:19.613+0000] {dagbag.py:540} INFO - Filling up the DagBag from /home/airflow/.local/lib/python3.8/site-packages/airflow/example_dags/example_params_trigger_ui.py
[2024-04-07T14:57:19.642+0000] {processor.py:840} INFO - DAG(s) 'example_params_trigger_ui' retrieved from /home/airflow/.local/lib/python3.8/site-packages/airflow/example_dags/example_params_trigger_ui.py
[2024-04-07T14:57:19.763+0000] {logging_mixin.py:188} INFO - [2024-04-07T14:57:19.763+0000] {dag.py:3047} INFO - Sync 1 DAGs
[2024-04-07T14:57:19.790+0000] {logging_mixin.py:188} INFO - [2024-04-07T14:57:19.789+0000] {dag.py:3834} INFO - Setting next_dagrun for example_params_trigger_ui to None, run_after=None
[2024-04-07T14:57:19.819+0000] {processor.py:183} INFO - Processing /home/airflow/.local/lib/python3.8/site-packages/airflow/example_dags/example_params_trigger_ui.py took 0.215 seconds
[2024-04-07T14:57:50.515+0000] {processor.py:161} INFO - Started process (PID=2079) to work on /home/airflow/.local/lib/python3.8/site-packages/airflow/example_dags/example_params_trigger_ui.py
[2024-04-07T14:57:50.517+0000] {processor.py:830} INFO - Processing file /home/airflow/.local/lib/python3.8/site-packages/airflow/example_dags/example_params_trigger_ui.py for tasks to queue
[2024-04-07T14:57:50.521+0000] {logging_mixin.py:188} INFO - [2024-04-07T14:57:50.520+0000] {dagbag.py:540} INFO - Filling up the DagBag from /home/airflow/.local/lib/python3.8/site-packages/airflow/example_dags/example_params_trigger_ui.py
[2024-04-07T14:57:50.559+0000] {processor.py:840} INFO - DAG(s) 'example_params_trigger_ui' retrieved from /home/airflow/.local/lib/python3.8/site-packages/airflow/example_dags/example_params_trigger_ui.py
[2024-04-07T14:57:50.983+0000] {logging_mixin.py:188} INFO - [2024-04-07T14:57:50.979+0000] {dag.py:3047} INFO - Sync 1 DAGs
[2024-04-07T14:57:51.064+0000] {logging_mixin.py:188} INFO - [2024-04-07T14:57:51.064+0000] {dag.py:3834} INFO - Setting next_dagrun for example_params_trigger_ui to None, run_after=None
[2024-04-07T14:57:51.158+0000] {processor.py:183} INFO - Processing /home/airflow/.local/lib/python3.8/site-packages/airflow/example_dags/example_params_trigger_ui.py took 0.651 seconds
[2024-04-07T14:58:21.368+0000] {processor.py:161} INFO - Started process (PID=2136) to work on /home/airflow/.local/lib/python3.8/site-packages/airflow/example_dags/example_params_trigger_ui.py
[2024-04-07T14:58:21.371+0000] {processor.py:830} INFO - Processing file /home/airflow/.local/lib/python3.8/site-packages/airflow/example_dags/example_params_trigger_ui.py for tasks to queue
[2024-04-07T14:58:21.374+0000] {logging_mixin.py:188} INFO - [2024-04-07T14:58:21.374+0000] {dagbag.py:540} INFO - Filling up the DagBag from /home/airflow/.local/lib/python3.8/site-packages/airflow/example_dags/example_params_trigger_ui.py
[2024-04-07T14:58:21.397+0000] {processor.py:840} INFO - DAG(s) 'example_params_trigger_ui' retrieved from /home/airflow/.local/lib/python3.8/site-packages/airflow/example_dags/example_params_trigger_ui.py
[2024-04-07T14:58:21.489+0000] {logging_mixin.py:188} INFO - [2024-04-07T14:58:21.489+0000] {dag.py:3047} INFO - Sync 1 DAGs
[2024-04-07T14:58:21.519+0000] {logging_mixin.py:188} INFO - [2024-04-07T14:58:21.518+0000] {dag.py:3834} INFO - Setting next_dagrun for example_params_trigger_ui to None, run_after=None
[2024-04-07T14:58:21.555+0000] {processor.py:183} INFO - Processing /home/airflow/.local/lib/python3.8/site-packages/airflow/example_dags/example_params_trigger_ui.py took 0.194 seconds
[2024-04-07T14:58:51.616+0000] {processor.py:161} INFO - Started process (PID=2193) to work on /home/airflow/.local/lib/python3.8/site-packages/airflow/example_dags/example_params_trigger_ui.py
[2024-04-07T14:58:51.618+0000] {processor.py:830} INFO - Processing file /home/airflow/.local/lib/python3.8/site-packages/airflow/example_dags/example_params_trigger_ui.py for tasks to queue
[2024-04-07T14:58:51.621+0000] {logging_mixin.py:188} INFO - [2024-04-07T14:58:51.621+0000] {dagbag.py:540} INFO - Filling up the DagBag from /home/airflow/.local/lib/python3.8/site-packages/airflow/example_dags/example_params_trigger_ui.py
[2024-04-07T14:58:51.645+0000] {processor.py:840} INFO - DAG(s) 'example_params_trigger_ui' retrieved from /home/airflow/.local/lib/python3.8/site-packages/airflow/example_dags/example_params_trigger_ui.py
[2024-04-07T14:58:51.770+0000] {logging_mixin.py:188} INFO - [2024-04-07T14:58:51.770+0000] {dag.py:3047} INFO - Sync 1 DAGs
[2024-04-07T14:58:51.804+0000] {logging_mixin.py:188} INFO - [2024-04-07T14:58:51.804+0000] {dag.py:3834} INFO - Setting next_dagrun for example_params_trigger_ui to None, run_after=None
[2024-04-07T14:58:51.852+0000] {processor.py:183} INFO - Processing /home/airflow/.local/lib/python3.8/site-packages/airflow/example_dags/example_params_trigger_ui.py took 0.243 seconds
[2024-04-07T14:59:24.288+0000] {processor.py:161} INFO - Started process (PID=2251) to work on /home/airflow/.local/lib/python3.8/site-packages/airflow/example_dags/example_params_trigger_ui.py
[2024-04-07T14:59:24.297+0000] {processor.py:830} INFO - Processing file /home/airflow/.local/lib/python3.8/site-packages/airflow/example_dags/example_params_trigger_ui.py for tasks to queue
[2024-04-07T14:59:24.314+0000] {logging_mixin.py:188} INFO - [2024-04-07T14:59:24.313+0000] {dagbag.py:540} INFO - Filling up the DagBag from /home/airflow/.local/lib/python3.8/site-packages/airflow/example_dags/example_params_trigger_ui.py
[2024-04-07T14:59:24.400+0000] {processor.py:840} INFO - DAG(s) 'example_params_trigger_ui' retrieved from /home/airflow/.local/lib/python3.8/site-packages/airflow/example_dags/example_params_trigger_ui.py
[2024-04-07T14:59:24.655+0000] {logging_mixin.py:188} INFO - [2024-04-07T14:59:24.655+0000] {dag.py:3047} INFO - Sync 1 DAGs
[2024-04-07T14:59:24.695+0000] {logging_mixin.py:188} INFO - [2024-04-07T14:59:24.695+0000] {dag.py:3834} INFO - Setting next_dagrun for example_params_trigger_ui to None, run_after=None
[2024-04-07T14:59:24.741+0000] {processor.py:183} INFO - Processing /home/airflow/.local/lib/python3.8/site-packages/airflow/example_dags/example_params_trigger_ui.py took 0.471 seconds
[2024-04-07T14:59:55.164+0000] {processor.py:161} INFO - Started process (PID=2310) to work on /home/airflow/.local/lib/python3.8/site-packages/airflow/example_dags/example_params_trigger_ui.py
[2024-04-07T14:59:55.166+0000] {processor.py:830} INFO - Processing file /home/airflow/.local/lib/python3.8/site-packages/airflow/example_dags/example_params_trigger_ui.py for tasks to queue
[2024-04-07T14:59:55.170+0000] {logging_mixin.py:188} INFO - [2024-04-07T14:59:55.169+0000] {dagbag.py:540} INFO - Filling up the DagBag from /home/airflow/.local/lib/python3.8/site-packages/airflow/example_dags/example_params_trigger_ui.py
[2024-04-07T14:59:55.189+0000] {processor.py:840} INFO - DAG(s) 'example_params_trigger_ui' retrieved from /home/airflow/.local/lib/python3.8/site-packages/airflow/example_dags/example_params_trigger_ui.py
[2024-04-07T14:59:55.274+0000] {logging_mixin.py:188} INFO - [2024-04-07T14:59:55.273+0000] {dag.py:3047} INFO - Sync 1 DAGs
[2024-04-07T14:59:55.293+0000] {logging_mixin.py:188} INFO - [2024-04-07T14:59:55.292+0000] {dag.py:3834} INFO - Setting next_dagrun for example_params_trigger_ui to None, run_after=None
[2024-04-07T14:59:55.327+0000] {processor.py:183} INFO - Processing /home/airflow/.local/lib/python3.8/site-packages/airflow/example_dags/example_params_trigger_ui.py took 0.169 seconds
[2024-04-07T15:00:26.016+0000] {processor.py:161} INFO - Started process (PID=2366) to work on /home/airflow/.local/lib/python3.8/site-packages/airflow/example_dags/example_params_trigger_ui.py
[2024-04-07T15:00:26.018+0000] {processor.py:830} INFO - Processing file /home/airflow/.local/lib/python3.8/site-packages/airflow/example_dags/example_params_trigger_ui.py for tasks to queue
[2024-04-07T15:00:26.021+0000] {logging_mixin.py:188} INFO - [2024-04-07T15:00:26.020+0000] {dagbag.py:540} INFO - Filling up the DagBag from /home/airflow/.local/lib/python3.8/site-packages/airflow/example_dags/example_params_trigger_ui.py
[2024-04-07T15:00:26.056+0000] {processor.py:840} INFO - DAG(s) 'example_params_trigger_ui' retrieved from /home/airflow/.local/lib/python3.8/site-packages/airflow/example_dags/example_params_trigger_ui.py
[2024-04-07T15:00:26.205+0000] {logging_mixin.py:188} INFO - [2024-04-07T15:00:26.205+0000] {dag.py:3047} INFO - Sync 1 DAGs
[2024-04-07T15:00:26.245+0000] {logging_mixin.py:188} INFO - [2024-04-07T15:00:26.244+0000] {dag.py:3834} INFO - Setting next_dagrun for example_params_trigger_ui to None, run_after=None
[2024-04-07T15:00:26.284+0000] {processor.py:183} INFO - Processing /home/airflow/.local/lib/python3.8/site-packages/airflow/example_dags/example_params_trigger_ui.py took 0.274 seconds
[2024-04-07T15:00:56.525+0000] {processor.py:161} INFO - Started process (PID=2424) to work on /home/airflow/.local/lib/python3.8/site-packages/airflow/example_dags/example_params_trigger_ui.py
[2024-04-07T15:00:56.528+0000] {processor.py:830} INFO - Processing file /home/airflow/.local/lib/python3.8/site-packages/airflow/example_dags/example_params_trigger_ui.py for tasks to queue
[2024-04-07T15:00:56.533+0000] {logging_mixin.py:188} INFO - [2024-04-07T15:00:56.532+0000] {dagbag.py:540} INFO - Filling up the DagBag from /home/airflow/.local/lib/python3.8/site-packages/airflow/example_dags/example_params_trigger_ui.py
[2024-04-07T15:00:56.560+0000] {processor.py:840} INFO - DAG(s) 'example_params_trigger_ui' retrieved from /home/airflow/.local/lib/python3.8/site-packages/airflow/example_dags/example_params_trigger_ui.py
[2024-04-07T15:00:56.656+0000] {logging_mixin.py:188} INFO - [2024-04-07T15:00:56.656+0000] {dag.py:3047} INFO - Sync 1 DAGs
[2024-04-07T15:00:56.677+0000] {logging_mixin.py:188} INFO - [2024-04-07T15:00:56.676+0000] {dag.py:3834} INFO - Setting next_dagrun for example_params_trigger_ui to None, run_after=None
[2024-04-07T15:00:56.724+0000] {processor.py:183} INFO - Processing /home/airflow/.local/lib/python3.8/site-packages/airflow/example_dags/example_params_trigger_ui.py took 0.206 seconds
[2024-04-07T15:01:28.037+0000] {processor.py:161} INFO - Started process (PID=2481) to work on /home/airflow/.local/lib/python3.8/site-packages/airflow/example_dags/example_params_trigger_ui.py
[2024-04-07T15:01:28.044+0000] {processor.py:830} INFO - Processing file /home/airflow/.local/lib/python3.8/site-packages/airflow/example_dags/example_params_trigger_ui.py for tasks to queue
[2024-04-07T15:01:28.050+0000] {logging_mixin.py:188} INFO - [2024-04-07T15:01:28.049+0000] {dagbag.py:540} INFO - Filling up the DagBag from /home/airflow/.local/lib/python3.8/site-packages/airflow/example_dags/example_params_trigger_ui.py
[2024-04-07T15:01:28.090+0000] {processor.py:840} INFO - DAG(s) 'example_params_trigger_ui' retrieved from /home/airflow/.local/lib/python3.8/site-packages/airflow/example_dags/example_params_trigger_ui.py
[2024-04-07T15:01:28.218+0000] {logging_mixin.py:188} INFO - [2024-04-07T15:01:28.217+0000] {dag.py:3047} INFO - Sync 1 DAGs
[2024-04-07T15:01:28.246+0000] {logging_mixin.py:188} INFO - [2024-04-07T15:01:28.245+0000] {dag.py:3834} INFO - Setting next_dagrun for example_params_trigger_ui to None, run_after=None
[2024-04-07T15:01:28.285+0000] {processor.py:183} INFO - Processing /home/airflow/.local/lib/python3.8/site-packages/airflow/example_dags/example_params_trigger_ui.py took 0.258 seconds
[2024-04-07T15:01:58.465+0000] {processor.py:161} INFO - Started process (PID=2537) to work on /home/airflow/.local/lib/python3.8/site-packages/airflow/example_dags/example_params_trigger_ui.py
[2024-04-07T15:01:58.467+0000] {processor.py:830} INFO - Processing file /home/airflow/.local/lib/python3.8/site-packages/airflow/example_dags/example_params_trigger_ui.py for tasks to queue
[2024-04-07T15:01:58.472+0000] {logging_mixin.py:188} INFO - [2024-04-07T15:01:58.471+0000] {dagbag.py:540} INFO - Filling up the DagBag from /home/airflow/.local/lib/python3.8/site-packages/airflow/example_dags/example_params_trigger_ui.py
[2024-04-07T15:01:58.502+0000] {processor.py:840} INFO - DAG(s) 'example_params_trigger_ui' retrieved from /home/airflow/.local/lib/python3.8/site-packages/airflow/example_dags/example_params_trigger_ui.py
[2024-04-07T15:01:58.707+0000] {logging_mixin.py:188} INFO - [2024-04-07T15:01:58.707+0000] {dag.py:3047} INFO - Sync 1 DAGs
[2024-04-07T15:01:58.744+0000] {logging_mixin.py:188} INFO - [2024-04-07T15:01:58.743+0000] {dag.py:3834} INFO - Setting next_dagrun for example_params_trigger_ui to None, run_after=None
[2024-04-07T15:01:58.798+0000] {processor.py:183} INFO - Processing /home/airflow/.local/lib/python3.8/site-packages/airflow/example_dags/example_params_trigger_ui.py took 0.340 seconds
[2024-04-07T15:02:28.971+0000] {processor.py:161} INFO - Started process (PID=2594) to work on /home/airflow/.local/lib/python3.8/site-packages/airflow/example_dags/example_params_trigger_ui.py
[2024-04-07T15:02:28.972+0000] {processor.py:830} INFO - Processing file /home/airflow/.local/lib/python3.8/site-packages/airflow/example_dags/example_params_trigger_ui.py for tasks to queue
[2024-04-07T15:02:28.975+0000] {logging_mixin.py:188} INFO - [2024-04-07T15:02:28.975+0000] {dagbag.py:540} INFO - Filling up the DagBag from /home/airflow/.local/lib/python3.8/site-packages/airflow/example_dags/example_params_trigger_ui.py
[2024-04-07T15:02:28.994+0000] {processor.py:840} INFO - DAG(s) 'example_params_trigger_ui' retrieved from /home/airflow/.local/lib/python3.8/site-packages/airflow/example_dags/example_params_trigger_ui.py
[2024-04-07T15:02:29.078+0000] {logging_mixin.py:188} INFO - [2024-04-07T15:02:29.078+0000] {dag.py:3047} INFO - Sync 1 DAGs
[2024-04-07T15:02:29.096+0000] {logging_mixin.py:188} INFO - [2024-04-07T15:02:29.096+0000] {dag.py:3834} INFO - Setting next_dagrun for example_params_trigger_ui to None, run_after=None
[2024-04-07T15:02:29.130+0000] {processor.py:183} INFO - Processing /home/airflow/.local/lib/python3.8/site-packages/airflow/example_dags/example_params_trigger_ui.py took 0.164 seconds
[2024-04-07T15:02:59.282+0000] {processor.py:161} INFO - Started process (PID=2651) to work on /home/airflow/.local/lib/python3.8/site-packages/airflow/example_dags/example_params_trigger_ui.py
[2024-04-07T15:02:59.294+0000] {processor.py:830} INFO - Processing file /home/airflow/.local/lib/python3.8/site-packages/airflow/example_dags/example_params_trigger_ui.py for tasks to queue
[2024-04-07T15:02:59.298+0000] {logging_mixin.py:188} INFO - [2024-04-07T15:02:59.297+0000] {dagbag.py:540} INFO - Filling up the DagBag from /home/airflow/.local/lib/python3.8/site-packages/airflow/example_dags/example_params_trigger_ui.py
[2024-04-07T15:02:59.343+0000] {processor.py:840} INFO - DAG(s) 'example_params_trigger_ui' retrieved from /home/airflow/.local/lib/python3.8/site-packages/airflow/example_dags/example_params_trigger_ui.py
[2024-04-07T15:02:59.580+0000] {logging_mixin.py:188} INFO - [2024-04-07T15:02:59.579+0000] {dag.py:3047} INFO - Sync 1 DAGs
[2024-04-07T15:02:59.633+0000] {logging_mixin.py:188} INFO - [2024-04-07T15:02:59.633+0000] {dag.py:3834} INFO - Setting next_dagrun for example_params_trigger_ui to None, run_after=None
[2024-04-07T15:02:59.689+0000] {processor.py:183} INFO - Processing /home/airflow/.local/lib/python3.8/site-packages/airflow/example_dags/example_params_trigger_ui.py took 0.413 seconds
[2024-04-07T15:03:30.373+0000] {processor.py:161} INFO - Started process (PID=2708) to work on /home/airflow/.local/lib/python3.8/site-packages/airflow/example_dags/example_params_trigger_ui.py
[2024-04-07T15:03:30.375+0000] {processor.py:830} INFO - Processing file /home/airflow/.local/lib/python3.8/site-packages/airflow/example_dags/example_params_trigger_ui.py for tasks to queue
[2024-04-07T15:03:30.378+0000] {logging_mixin.py:188} INFO - [2024-04-07T15:03:30.377+0000] {dagbag.py:540} INFO - Filling up the DagBag from /home/airflow/.local/lib/python3.8/site-packages/airflow/example_dags/example_params_trigger_ui.py
[2024-04-07T15:03:30.397+0000] {processor.py:840} INFO - DAG(s) 'example_params_trigger_ui' retrieved from /home/airflow/.local/lib/python3.8/site-packages/airflow/example_dags/example_params_trigger_ui.py
[2024-04-07T15:03:30.482+0000] {logging_mixin.py:188} INFO - [2024-04-07T15:03:30.481+0000] {dag.py:3047} INFO - Sync 1 DAGs
[2024-04-07T15:03:30.500+0000] {logging_mixin.py:188} INFO - [2024-04-07T15:03:30.500+0000] {dag.py:3834} INFO - Setting next_dagrun for example_params_trigger_ui to None, run_after=None
[2024-04-07T15:03:30.641+0000] {processor.py:183} INFO - Processing /home/airflow/.local/lib/python3.8/site-packages/airflow/example_dags/example_params_trigger_ui.py took 0.273 seconds
[2024-04-07T15:04:00.720+0000] {processor.py:161} INFO - Started process (PID=2765) to work on /home/airflow/.local/lib/python3.8/site-packages/airflow/example_dags/example_params_trigger_ui.py
[2024-04-07T15:04:00.722+0000] {processor.py:830} INFO - Processing file /home/airflow/.local/lib/python3.8/site-packages/airflow/example_dags/example_params_trigger_ui.py for tasks to queue
[2024-04-07T15:04:00.725+0000] {logging_mixin.py:188} INFO - [2024-04-07T15:04:00.724+0000] {dagbag.py:540} INFO - Filling up the DagBag from /home/airflow/.local/lib/python3.8/site-packages/airflow/example_dags/example_params_trigger_ui.py
[2024-04-07T15:04:00.755+0000] {processor.py:840} INFO - DAG(s) 'example_params_trigger_ui' retrieved from /home/airflow/.local/lib/python3.8/site-packages/airflow/example_dags/example_params_trigger_ui.py
[2024-04-07T15:04:00.927+0000] {logging_mixin.py:188} INFO - [2024-04-07T15:04:00.927+0000] {dag.py:3047} INFO - Sync 1 DAGs
[2024-04-07T15:04:00.945+0000] {logging_mixin.py:188} INFO - [2024-04-07T15:04:00.945+0000] {dag.py:3834} INFO - Setting next_dagrun for example_params_trigger_ui to None, run_after=None
[2024-04-07T15:04:00.973+0000] {processor.py:183} INFO - Processing /home/airflow/.local/lib/python3.8/site-packages/airflow/example_dags/example_params_trigger_ui.py took 0.260 seconds
[2024-04-07T15:04:31.311+0000] {processor.py:161} INFO - Started process (PID=2822) to work on /home/airflow/.local/lib/python3.8/site-packages/airflow/example_dags/example_params_trigger_ui.py
[2024-04-07T15:04:31.313+0000] {processor.py:830} INFO - Processing file /home/airflow/.local/lib/python3.8/site-packages/airflow/example_dags/example_params_trigger_ui.py for tasks to queue
[2024-04-07T15:04:31.316+0000] {logging_mixin.py:188} INFO - [2024-04-07T15:04:31.315+0000] {dagbag.py:540} INFO - Filling up the DagBag from /home/airflow/.local/lib/python3.8/site-packages/airflow/example_dags/example_params_trigger_ui.py
[2024-04-07T15:04:31.335+0000] {processor.py:840} INFO - DAG(s) 'example_params_trigger_ui' retrieved from /home/airflow/.local/lib/python3.8/site-packages/airflow/example_dags/example_params_trigger_ui.py
[2024-04-07T15:04:31.427+0000] {logging_mixin.py:188} INFO - [2024-04-07T15:04:31.427+0000] {dag.py:3047} INFO - Sync 1 DAGs
[2024-04-07T15:04:31.445+0000] {logging_mixin.py:188} INFO - [2024-04-07T15:04:31.445+0000] {dag.py:3834} INFO - Setting next_dagrun for example_params_trigger_ui to None, run_after=None
[2024-04-07T15:04:31.474+0000] {processor.py:183} INFO - Processing /home/airflow/.local/lib/python3.8/site-packages/airflow/example_dags/example_params_trigger_ui.py took 0.168 seconds
[2024-04-07T15:05:01.589+0000] {processor.py:161} INFO - Started process (PID=2879) to work on /home/airflow/.local/lib/python3.8/site-packages/airflow/example_dags/example_params_trigger_ui.py
[2024-04-07T15:05:01.591+0000] {processor.py:830} INFO - Processing file /home/airflow/.local/lib/python3.8/site-packages/airflow/example_dags/example_params_trigger_ui.py for tasks to queue
[2024-04-07T15:05:01.595+0000] {logging_mixin.py:188} INFO - [2024-04-07T15:05:01.595+0000] {dagbag.py:540} INFO - Filling up the DagBag from /home/airflow/.local/lib/python3.8/site-packages/airflow/example_dags/example_params_trigger_ui.py
[2024-04-07T15:05:01.624+0000] {processor.py:840} INFO - DAG(s) 'example_params_trigger_ui' retrieved from /home/airflow/.local/lib/python3.8/site-packages/airflow/example_dags/example_params_trigger_ui.py
[2024-04-07T15:05:01.753+0000] {logging_mixin.py:188} INFO - [2024-04-07T15:05:01.753+0000] {dag.py:3047} INFO - Sync 1 DAGs
[2024-04-07T15:05:01.785+0000] {logging_mixin.py:188} INFO - [2024-04-07T15:05:01.785+0000] {dag.py:3834} INFO - Setting next_dagrun for example_params_trigger_ui to None, run_after=None
[2024-04-07T15:05:01.824+0000] {processor.py:183} INFO - Processing /home/airflow/.local/lib/python3.8/site-packages/airflow/example_dags/example_params_trigger_ui.py took 0.244 seconds
[2024-04-07T15:05:32.057+0000] {processor.py:161} INFO - Started process (PID=2936) to work on /home/airflow/.local/lib/python3.8/site-packages/airflow/example_dags/example_params_trigger_ui.py
[2024-04-07T15:05:32.059+0000] {processor.py:830} INFO - Processing file /home/airflow/.local/lib/python3.8/site-packages/airflow/example_dags/example_params_trigger_ui.py for tasks to queue
[2024-04-07T15:05:32.063+0000] {logging_mixin.py:188} INFO - [2024-04-07T15:05:32.063+0000] {dagbag.py:540} INFO - Filling up the DagBag from /home/airflow/.local/lib/python3.8/site-packages/airflow/example_dags/example_params_trigger_ui.py
[2024-04-07T15:05:32.089+0000] {processor.py:840} INFO - DAG(s) 'example_params_trigger_ui' retrieved from /home/airflow/.local/lib/python3.8/site-packages/airflow/example_dags/example_params_trigger_ui.py
[2024-04-07T15:05:32.205+0000] {logging_mixin.py:188} INFO - [2024-04-07T15:05:32.205+0000] {dag.py:3047} INFO - Sync 1 DAGs
[2024-04-07T15:05:32.224+0000] {logging_mixin.py:188} INFO - [2024-04-07T15:05:32.223+0000] {dag.py:3834} INFO - Setting next_dagrun for example_params_trigger_ui to None, run_after=None
[2024-04-07T15:05:32.371+0000] {processor.py:183} INFO - Processing /home/airflow/.local/lib/python3.8/site-packages/airflow/example_dags/example_params_trigger_ui.py took 0.323 seconds
[2024-04-07T15:06:02.693+0000] {processor.py:161} INFO - Started process (PID=2993) to work on /home/airflow/.local/lib/python3.8/site-packages/airflow/example_dags/example_params_trigger_ui.py
[2024-04-07T15:06:02.695+0000] {processor.py:830} INFO - Processing file /home/airflow/.local/lib/python3.8/site-packages/airflow/example_dags/example_params_trigger_ui.py for tasks to queue
[2024-04-07T15:06:02.698+0000] {logging_mixin.py:188} INFO - [2024-04-07T15:06:02.698+0000] {dagbag.py:540} INFO - Filling up the DagBag from /home/airflow/.local/lib/python3.8/site-packages/airflow/example_dags/example_params_trigger_ui.py
[2024-04-07T15:06:02.725+0000] {processor.py:840} INFO - DAG(s) 'example_params_trigger_ui' retrieved from /home/airflow/.local/lib/python3.8/site-packages/airflow/example_dags/example_params_trigger_ui.py
[2024-04-07T15:06:02.832+0000] {logging_mixin.py:188} INFO - [2024-04-07T15:06:02.831+0000] {dag.py:3047} INFO - Sync 1 DAGs
[2024-04-07T15:06:02.854+0000] {logging_mixin.py:188} INFO - [2024-04-07T15:06:02.854+0000] {dag.py:3834} INFO - Setting next_dagrun for example_params_trigger_ui to None, run_after=None
[2024-04-07T15:06:02.883+0000] {processor.py:183} INFO - Processing /home/airflow/.local/lib/python3.8/site-packages/airflow/example_dags/example_params_trigger_ui.py took 0.195 seconds
[2024-04-07T15:06:33.062+0000] {processor.py:161} INFO - Started process (PID=3051) to work on /home/airflow/.local/lib/python3.8/site-packages/airflow/example_dags/example_params_trigger_ui.py
[2024-04-07T15:06:33.063+0000] {processor.py:830} INFO - Processing file /home/airflow/.local/lib/python3.8/site-packages/airflow/example_dags/example_params_trigger_ui.py for tasks to queue
[2024-04-07T15:06:33.066+0000] {logging_mixin.py:188} INFO - [2024-04-07T15:06:33.066+0000] {dagbag.py:540} INFO - Filling up the DagBag from /home/airflow/.local/lib/python3.8/site-packages/airflow/example_dags/example_params_trigger_ui.py
[2024-04-07T15:06:33.086+0000] {processor.py:840} INFO - DAG(s) 'example_params_trigger_ui' retrieved from /home/airflow/.local/lib/python3.8/site-packages/airflow/example_dags/example_params_trigger_ui.py
[2024-04-07T15:06:33.170+0000] {logging_mixin.py:188} INFO - [2024-04-07T15:06:33.170+0000] {dag.py:3047} INFO - Sync 1 DAGs
[2024-04-07T15:06:33.190+0000] {logging_mixin.py:188} INFO - [2024-04-07T15:06:33.189+0000] {dag.py:3834} INFO - Setting next_dagrun for example_params_trigger_ui to None, run_after=None
[2024-04-07T15:06:33.227+0000] {processor.py:183} INFO - Processing /home/airflow/.local/lib/python3.8/site-packages/airflow/example_dags/example_params_trigger_ui.py took 0.170 seconds
[2024-04-07T15:07:03.434+0000] {processor.py:161} INFO - Started process (PID=3108) to work on /home/airflow/.local/lib/python3.8/site-packages/airflow/example_dags/example_params_trigger_ui.py
[2024-04-07T15:07:03.436+0000] {processor.py:830} INFO - Processing file /home/airflow/.local/lib/python3.8/site-packages/airflow/example_dags/example_params_trigger_ui.py for tasks to queue
[2024-04-07T15:07:03.439+0000] {logging_mixin.py:188} INFO - [2024-04-07T15:07:03.438+0000] {dagbag.py:540} INFO - Filling up the DagBag from /home/airflow/.local/lib/python3.8/site-packages/airflow/example_dags/example_params_trigger_ui.py
[2024-04-07T15:07:03.458+0000] {processor.py:840} INFO - DAG(s) 'example_params_trigger_ui' retrieved from /home/airflow/.local/lib/python3.8/site-packages/airflow/example_dags/example_params_trigger_ui.py
[2024-04-07T15:07:03.549+0000] {logging_mixin.py:188} INFO - [2024-04-07T15:07:03.549+0000] {dag.py:3047} INFO - Sync 1 DAGs
[2024-04-07T15:07:03.578+0000] {logging_mixin.py:188} INFO - [2024-04-07T15:07:03.578+0000] {dag.py:3834} INFO - Setting next_dagrun for example_params_trigger_ui to None, run_after=None
[2024-04-07T15:07:03.625+0000] {processor.py:183} INFO - Processing /home/airflow/.local/lib/python3.8/site-packages/airflow/example_dags/example_params_trigger_ui.py took 0.196 seconds
[2024-04-07T15:07:34.259+0000] {processor.py:161} INFO - Started process (PID=3165) to work on /home/airflow/.local/lib/python3.8/site-packages/airflow/example_dags/example_params_trigger_ui.py
[2024-04-07T15:07:34.277+0000] {processor.py:830} INFO - Processing file /home/airflow/.local/lib/python3.8/site-packages/airflow/example_dags/example_params_trigger_ui.py for tasks to queue
[2024-04-07T15:07:34.285+0000] {logging_mixin.py:188} INFO - [2024-04-07T15:07:34.284+0000] {dagbag.py:540} INFO - Filling up the DagBag from /home/airflow/.local/lib/python3.8/site-packages/airflow/example_dags/example_params_trigger_ui.py
[2024-04-07T15:07:34.334+0000] {processor.py:840} INFO - DAG(s) 'example_params_trigger_ui' retrieved from /home/airflow/.local/lib/python3.8/site-packages/airflow/example_dags/example_params_trigger_ui.py
[2024-04-07T15:07:34.583+0000] {logging_mixin.py:188} INFO - [2024-04-07T15:07:34.582+0000] {dag.py:3047} INFO - Sync 1 DAGs
[2024-04-07T15:07:34.655+0000] {logging_mixin.py:188} INFO - [2024-04-07T15:07:34.654+0000] {dag.py:3834} INFO - Setting next_dagrun for example_params_trigger_ui to None, run_after=None
[2024-04-07T15:07:34.712+0000] {processor.py:183} INFO - Processing /home/airflow/.local/lib/python3.8/site-packages/airflow/example_dags/example_params_trigger_ui.py took 0.459 seconds
[2024-04-07T15:08:04.914+0000] {processor.py:161} INFO - Started process (PID=3220) to work on /home/airflow/.local/lib/python3.8/site-packages/airflow/example_dags/example_params_trigger_ui.py
[2024-04-07T15:08:04.916+0000] {processor.py:830} INFO - Processing file /home/airflow/.local/lib/python3.8/site-packages/airflow/example_dags/example_params_trigger_ui.py for tasks to queue
[2024-04-07T15:08:04.919+0000] {logging_mixin.py:188} INFO - [2024-04-07T15:08:04.918+0000] {dagbag.py:540} INFO - Filling up the DagBag from /home/airflow/.local/lib/python3.8/site-packages/airflow/example_dags/example_params_trigger_ui.py
[2024-04-07T15:08:04.938+0000] {processor.py:840} INFO - DAG(s) 'example_params_trigger_ui' retrieved from /home/airflow/.local/lib/python3.8/site-packages/airflow/example_dags/example_params_trigger_ui.py
[2024-04-07T15:08:05.022+0000] {logging_mixin.py:188} INFO - [2024-04-07T15:08:05.021+0000] {dag.py:3047} INFO - Sync 1 DAGs
[2024-04-07T15:08:05.042+0000] {logging_mixin.py:188} INFO - [2024-04-07T15:08:05.042+0000] {dag.py:3834} INFO - Setting next_dagrun for example_params_trigger_ui to None, run_after=None
[2024-04-07T15:08:05.075+0000] {processor.py:183} INFO - Processing /home/airflow/.local/lib/python3.8/site-packages/airflow/example_dags/example_params_trigger_ui.py took 0.165 seconds
[2024-04-07T15:08:35.754+0000] {processor.py:161} INFO - Started process (PID=3282) to work on /home/airflow/.local/lib/python3.8/site-packages/airflow/example_dags/example_params_trigger_ui.py
[2024-04-07T15:08:35.766+0000] {processor.py:830} INFO - Processing file /home/airflow/.local/lib/python3.8/site-packages/airflow/example_dags/example_params_trigger_ui.py for tasks to queue
[2024-04-07T15:08:35.770+0000] {logging_mixin.py:188} INFO - [2024-04-07T15:08:35.769+0000] {dagbag.py:540} INFO - Filling up the DagBag from /home/airflow/.local/lib/python3.8/site-packages/airflow/example_dags/example_params_trigger_ui.py
[2024-04-07T15:08:35.814+0000] {processor.py:840} INFO - DAG(s) 'example_params_trigger_ui' retrieved from /home/airflow/.local/lib/python3.8/site-packages/airflow/example_dags/example_params_trigger_ui.py
[2024-04-07T15:08:35.970+0000] {logging_mixin.py:188} INFO - [2024-04-07T15:08:35.969+0000] {dag.py:3047} INFO - Sync 1 DAGs
[2024-04-07T15:08:35.997+0000] {logging_mixin.py:188} INFO - [2024-04-07T15:08:35.997+0000] {dag.py:3834} INFO - Setting next_dagrun for example_params_trigger_ui to None, run_after=None
[2024-04-07T15:08:37.221+0000] {processor.py:183} INFO - Processing /home/airflow/.local/lib/python3.8/site-packages/airflow/example_dags/example_params_trigger_ui.py took 1.474 seconds
[2024-04-07T15:09:22.148+0000] {processor.py:161} INFO - Started process (PID=3341) to work on /home/airflow/.local/lib/python3.8/site-packages/airflow/example_dags/example_params_trigger_ui.py
[2024-04-07T15:09:22.149+0000] {processor.py:830} INFO - Processing file /home/airflow/.local/lib/python3.8/site-packages/airflow/example_dags/example_params_trigger_ui.py for tasks to queue
[2024-04-07T15:09:22.152+0000] {logging_mixin.py:188} INFO - [2024-04-07T15:09:22.152+0000] {dagbag.py:540} INFO - Filling up the DagBag from /home/airflow/.local/lib/python3.8/site-packages/airflow/example_dags/example_params_trigger_ui.py
[2024-04-07T15:09:22.174+0000] {processor.py:840} INFO - DAG(s) 'example_params_trigger_ui' retrieved from /home/airflow/.local/lib/python3.8/site-packages/airflow/example_dags/example_params_trigger_ui.py
[2024-04-07T15:09:22.267+0000] {logging_mixin.py:188} INFO - [2024-04-07T15:09:22.266+0000] {dag.py:3047} INFO - Sync 1 DAGs
[2024-04-07T15:09:22.287+0000] {logging_mixin.py:188} INFO - [2024-04-07T15:09:22.287+0000] {dag.py:3834} INFO - Setting next_dagrun for example_params_trigger_ui to None, run_after=None
[2024-04-07T15:09:25.704+0000] {processor.py:183} INFO - Processing /home/airflow/.local/lib/python3.8/site-packages/airflow/example_dags/example_params_trigger_ui.py took 3.561 seconds
[2024-04-07T15:09:56.624+0000] {processor.py:161} INFO - Started process (PID=3399) to work on /home/airflow/.local/lib/python3.8/site-packages/airflow/example_dags/example_params_trigger_ui.py
[2024-04-07T15:09:56.629+0000] {processor.py:830} INFO - Processing file /home/airflow/.local/lib/python3.8/site-packages/airflow/example_dags/example_params_trigger_ui.py for tasks to queue
[2024-04-07T15:09:56.634+0000] {logging_mixin.py:188} INFO - [2024-04-07T15:09:56.634+0000] {dagbag.py:540} INFO - Filling up the DagBag from /home/airflow/.local/lib/python3.8/site-packages/airflow/example_dags/example_params_trigger_ui.py
[2024-04-07T15:09:56.697+0000] {processor.py:840} INFO - DAG(s) 'example_params_trigger_ui' retrieved from /home/airflow/.local/lib/python3.8/site-packages/airflow/example_dags/example_params_trigger_ui.py
[2024-04-07T15:09:56.878+0000] {logging_mixin.py:188} INFO - [2024-04-07T15:09:56.877+0000] {dag.py:3047} INFO - Sync 1 DAGs
[2024-04-07T15:09:56.941+0000] {logging_mixin.py:188} INFO - [2024-04-07T15:09:56.940+0000] {dag.py:3834} INFO - Setting next_dagrun for example_params_trigger_ui to None, run_after=None
[2024-04-07T15:09:56.985+0000] {processor.py:183} INFO - Processing /home/airflow/.local/lib/python3.8/site-packages/airflow/example_dags/example_params_trigger_ui.py took 0.368 seconds
[2024-04-07T15:10:27.877+0000] {processor.py:161} INFO - Started process (PID=3456) to work on /home/airflow/.local/lib/python3.8/site-packages/airflow/example_dags/example_params_trigger_ui.py
[2024-04-07T15:10:27.879+0000] {processor.py:830} INFO - Processing file /home/airflow/.local/lib/python3.8/site-packages/airflow/example_dags/example_params_trigger_ui.py for tasks to queue
[2024-04-07T15:10:27.884+0000] {logging_mixin.py:188} INFO - [2024-04-07T15:10:27.883+0000] {dagbag.py:540} INFO - Filling up the DagBag from /home/airflow/.local/lib/python3.8/site-packages/airflow/example_dags/example_params_trigger_ui.py
[2024-04-07T15:10:27.928+0000] {processor.py:840} INFO - DAG(s) 'example_params_trigger_ui' retrieved from /home/airflow/.local/lib/python3.8/site-packages/airflow/example_dags/example_params_trigger_ui.py
[2024-04-07T15:10:28.111+0000] {logging_mixin.py:188} INFO - [2024-04-07T15:10:28.111+0000] {dag.py:3047} INFO - Sync 1 DAGs
[2024-04-07T15:10:28.147+0000] {logging_mixin.py:188} INFO - [2024-04-07T15:10:28.146+0000] {dag.py:3834} INFO - Setting next_dagrun for example_params_trigger_ui to None, run_after=None
[2024-04-07T15:10:28.204+0000] {processor.py:183} INFO - Processing /home/airflow/.local/lib/python3.8/site-packages/airflow/example_dags/example_params_trigger_ui.py took 0.335 seconds
[2024-04-07T15:10:58.847+0000] {processor.py:161} INFO - Started process (PID=3513) to work on /home/airflow/.local/lib/python3.8/site-packages/airflow/example_dags/example_params_trigger_ui.py
[2024-04-07T15:10:58.850+0000] {processor.py:830} INFO - Processing file /home/airflow/.local/lib/python3.8/site-packages/airflow/example_dags/example_params_trigger_ui.py for tasks to queue
[2024-04-07T15:10:58.858+0000] {logging_mixin.py:188} INFO - [2024-04-07T15:10:58.857+0000] {dagbag.py:540} INFO - Filling up the DagBag from /home/airflow/.local/lib/python3.8/site-packages/airflow/example_dags/example_params_trigger_ui.py
[2024-04-07T15:10:58.898+0000] {processor.py:840} INFO - DAG(s) 'example_params_trigger_ui' retrieved from /home/airflow/.local/lib/python3.8/site-packages/airflow/example_dags/example_params_trigger_ui.py
[2024-04-07T15:10:59.134+0000] {logging_mixin.py:188} INFO - [2024-04-07T15:10:59.134+0000] {dag.py:3047} INFO - Sync 1 DAGs
[2024-04-07T15:10:59.161+0000] {logging_mixin.py:188} INFO - [2024-04-07T15:10:59.161+0000] {dag.py:3834} INFO - Setting next_dagrun for example_params_trigger_ui to None, run_after=None
[2024-04-07T15:10:59.356+0000] {processor.py:183} INFO - Processing /home/airflow/.local/lib/python3.8/site-packages/airflow/example_dags/example_params_trigger_ui.py took 0.522 seconds
[2024-04-07T15:11:29.791+0000] {processor.py:161} INFO - Started process (PID=3570) to work on /home/airflow/.local/lib/python3.8/site-packages/airflow/example_dags/example_params_trigger_ui.py
[2024-04-07T15:11:29.794+0000] {processor.py:830} INFO - Processing file /home/airflow/.local/lib/python3.8/site-packages/airflow/example_dags/example_params_trigger_ui.py for tasks to queue
[2024-04-07T15:11:29.798+0000] {logging_mixin.py:188} INFO - [2024-04-07T15:11:29.797+0000] {dagbag.py:540} INFO - Filling up the DagBag from /home/airflow/.local/lib/python3.8/site-packages/airflow/example_dags/example_params_trigger_ui.py
[2024-04-07T15:11:29.839+0000] {processor.py:840} INFO - DAG(s) 'example_params_trigger_ui' retrieved from /home/airflow/.local/lib/python3.8/site-packages/airflow/example_dags/example_params_trigger_ui.py
[2024-04-07T15:11:29.972+0000] {logging_mixin.py:188} INFO - [2024-04-07T15:11:29.971+0000] {dag.py:3047} INFO - Sync 1 DAGs
[2024-04-07T15:11:30.007+0000] {logging_mixin.py:188} INFO - [2024-04-07T15:11:30.007+0000] {dag.py:3834} INFO - Setting next_dagrun for example_params_trigger_ui to None, run_after=None
[2024-04-07T15:11:30.047+0000] {processor.py:183} INFO - Processing /home/airflow/.local/lib/python3.8/site-packages/airflow/example_dags/example_params_trigger_ui.py took 0.261 seconds
[2024-04-07T15:12:00.230+0000] {processor.py:161} INFO - Started process (PID=3627) to work on /home/airflow/.local/lib/python3.8/site-packages/airflow/example_dags/example_params_trigger_ui.py
[2024-04-07T15:12:00.232+0000] {processor.py:830} INFO - Processing file /home/airflow/.local/lib/python3.8/site-packages/airflow/example_dags/example_params_trigger_ui.py for tasks to queue
[2024-04-07T15:12:00.235+0000] {logging_mixin.py:188} INFO - [2024-04-07T15:12:00.235+0000] {dagbag.py:540} INFO - Filling up the DagBag from /home/airflow/.local/lib/python3.8/site-packages/airflow/example_dags/example_params_trigger_ui.py
[2024-04-07T15:12:00.258+0000] {processor.py:840} INFO - DAG(s) 'example_params_trigger_ui' retrieved from /home/airflow/.local/lib/python3.8/site-packages/airflow/example_dags/example_params_trigger_ui.py
[2024-04-07T15:12:00.534+0000] {logging_mixin.py:188} INFO - [2024-04-07T15:12:00.534+0000] {dag.py:3047} INFO - Sync 1 DAGs
[2024-04-07T15:12:00.606+0000] {logging_mixin.py:188} INFO - [2024-04-07T15:12:00.604+0000] {dag.py:3834} INFO - Setting next_dagrun for example_params_trigger_ui to None, run_after=None
[2024-04-07T15:12:00.724+0000] {processor.py:183} INFO - Processing /home/airflow/.local/lib/python3.8/site-packages/airflow/example_dags/example_params_trigger_ui.py took 0.499 seconds
