[2024-04-07T14:39:26.454+0000] {processor.py:161} INFO - Started process (PID=63) to work on /home/airflow/.local/lib/python3.8/site-packages/airflow/example_dags/example_time_delta_sensor_async.py
[2024-04-07T14:39:26.473+0000] {processor.py:830} INFO - Processing file /home/airflow/.local/lib/python3.8/site-packages/airflow/example_dags/example_time_delta_sensor_async.py for tasks to queue
[2024-04-07T14:39:26.512+0000] {logging_mixin.py:188} INFO - [2024-04-07T14:39:26.511+0000] {dagbag.py:540} INFO - Filling up the DagBag from /home/airflow/.local/lib/python3.8/site-packages/airflow/example_dags/example_time_delta_sensor_async.py
[2024-04-07T14:39:26.602+0000] {processor.py:840} INFO - DAG(s) 'example_time_delta_sensor_async' retrieved from /home/airflow/.local/lib/python3.8/site-packages/airflow/example_dags/example_time_delta_sensor_async.py
[2024-04-07T14:39:27.447+0000] {logging_mixin.py:188} INFO - [2024-04-07T14:39:27.447+0000] {dag.py:3047} INFO - Sync 1 DAGs
[2024-04-07T14:39:27.728+0000] {logging_mixin.py:188} INFO - [2024-04-07T14:39:27.696+0000] {dag.py:3834} INFO - Setting next_dagrun for example_time_delta_sensor_async to None, run_after=None
[2024-04-07T14:39:27.942+0000] {processor.py:183} INFO - Processing /home/airflow/.local/lib/python3.8/site-packages/airflow/example_dags/example_time_delta_sensor_async.py took 1.576 seconds
[2024-04-07T14:39:58.052+0000] {processor.py:161} INFO - Started process (PID=120) to work on /home/airflow/.local/lib/python3.8/site-packages/airflow/example_dags/example_time_delta_sensor_async.py
[2024-04-07T14:39:58.056+0000] {processor.py:830} INFO - Processing file /home/airflow/.local/lib/python3.8/site-packages/airflow/example_dags/example_time_delta_sensor_async.py for tasks to queue
[2024-04-07T14:39:58.060+0000] {logging_mixin.py:188} INFO - [2024-04-07T14:39:58.059+0000] {dagbag.py:540} INFO - Filling up the DagBag from /home/airflow/.local/lib/python3.8/site-packages/airflow/example_dags/example_time_delta_sensor_async.py
[2024-04-07T14:39:58.073+0000] {processor.py:840} INFO - DAG(s) 'example_time_delta_sensor_async' retrieved from /home/airflow/.local/lib/python3.8/site-packages/airflow/example_dags/example_time_delta_sensor_async.py
[2024-04-07T14:39:58.133+0000] {logging_mixin.py:188} INFO - [2024-04-07T14:39:58.133+0000] {dag.py:3047} INFO - Sync 1 DAGs
[2024-04-07T14:39:58.169+0000] {logging_mixin.py:188} INFO - [2024-04-07T14:39:58.169+0000] {dag.py:3834} INFO - Setting next_dagrun for example_time_delta_sensor_async to None, run_after=None
[2024-04-07T14:39:58.290+0000] {processor.py:183} INFO - Processing /home/airflow/.local/lib/python3.8/site-packages/airflow/example_dags/example_time_delta_sensor_async.py took 0.247 seconds
[2024-04-07T14:40:29.176+0000] {processor.py:161} INFO - Started process (PID=183) to work on /home/airflow/.local/lib/python3.8/site-packages/airflow/example_dags/example_time_delta_sensor_async.py
[2024-04-07T14:40:29.181+0000] {processor.py:830} INFO - Processing file /home/airflow/.local/lib/python3.8/site-packages/airflow/example_dags/example_time_delta_sensor_async.py for tasks to queue
[2024-04-07T14:40:29.189+0000] {logging_mixin.py:188} INFO - [2024-04-07T14:40:29.189+0000] {dagbag.py:540} INFO - Filling up the DagBag from /home/airflow/.local/lib/python3.8/site-packages/airflow/example_dags/example_time_delta_sensor_async.py
[2024-04-07T14:40:29.200+0000] {processor.py:840} INFO - DAG(s) 'example_time_delta_sensor_async' retrieved from /home/airflow/.local/lib/python3.8/site-packages/airflow/example_dags/example_time_delta_sensor_async.py
[2024-04-07T14:40:29.298+0000] {logging_mixin.py:188} INFO - [2024-04-07T14:40:29.297+0000] {dag.py:3047} INFO - Sync 1 DAGs
[2024-04-07T14:40:29.353+0000] {logging_mixin.py:188} INFO - [2024-04-07T14:40:29.352+0000] {dag.py:3834} INFO - Setting next_dagrun for example_time_delta_sensor_async to None, run_after=None
[2024-04-07T14:40:29.566+0000] {processor.py:183} INFO - Processing /home/airflow/.local/lib/python3.8/site-packages/airflow/example_dags/example_time_delta_sensor_async.py took 0.401 seconds
[2024-04-07T14:41:00.231+0000] {processor.py:161} INFO - Started process (PID=240) to work on /home/airflow/.local/lib/python3.8/site-packages/airflow/example_dags/example_time_delta_sensor_async.py
[2024-04-07T14:41:00.233+0000] {processor.py:830} INFO - Processing file /home/airflow/.local/lib/python3.8/site-packages/airflow/example_dags/example_time_delta_sensor_async.py for tasks to queue
[2024-04-07T14:41:00.236+0000] {logging_mixin.py:188} INFO - [2024-04-07T14:41:00.235+0000] {dagbag.py:540} INFO - Filling up the DagBag from /home/airflow/.local/lib/python3.8/site-packages/airflow/example_dags/example_time_delta_sensor_async.py
[2024-04-07T14:41:00.246+0000] {processor.py:840} INFO - DAG(s) 'example_time_delta_sensor_async' retrieved from /home/airflow/.local/lib/python3.8/site-packages/airflow/example_dags/example_time_delta_sensor_async.py
[2024-04-07T14:41:00.289+0000] {logging_mixin.py:188} INFO - [2024-04-07T14:41:00.289+0000] {dag.py:3047} INFO - Sync 1 DAGs
[2024-04-07T14:41:00.316+0000] {logging_mixin.py:188} INFO - [2024-04-07T14:41:00.316+0000] {dag.py:3834} INFO - Setting next_dagrun for example_time_delta_sensor_async to None, run_after=None
[2024-04-07T14:41:00.366+0000] {processor.py:183} INFO - Processing /home/airflow/.local/lib/python3.8/site-packages/airflow/example_dags/example_time_delta_sensor_async.py took 0.142 seconds
[2024-04-07T14:41:35.472+0000] {processor.py:161} INFO - Started process (PID=297) to work on /home/airflow/.local/lib/python3.8/site-packages/airflow/example_dags/example_time_delta_sensor_async.py
[2024-04-07T14:41:35.486+0000] {processor.py:830} INFO - Processing file /home/airflow/.local/lib/python3.8/site-packages/airflow/example_dags/example_time_delta_sensor_async.py for tasks to queue
[2024-04-07T14:41:35.489+0000] {logging_mixin.py:188} INFO - [2024-04-07T14:41:35.489+0000] {dagbag.py:540} INFO - Filling up the DagBag from /home/airflow/.local/lib/python3.8/site-packages/airflow/example_dags/example_time_delta_sensor_async.py
[2024-04-07T14:41:35.521+0000] {processor.py:840} INFO - DAG(s) 'example_time_delta_sensor_async' retrieved from /home/airflow/.local/lib/python3.8/site-packages/airflow/example_dags/example_time_delta_sensor_async.py
[2024-04-07T14:41:35.648+0000] {logging_mixin.py:188} INFO - [2024-04-07T14:41:35.648+0000] {dag.py:3047} INFO - Sync 1 DAGs
[2024-04-07T14:41:35.748+0000] {logging_mixin.py:188} INFO - [2024-04-07T14:41:35.747+0000] {dag.py:3834} INFO - Setting next_dagrun for example_time_delta_sensor_async to None, run_after=None
[2024-04-07T14:41:35.838+0000] {processor.py:183} INFO - Processing /home/airflow/.local/lib/python3.8/site-packages/airflow/example_dags/example_time_delta_sensor_async.py took 0.373 seconds
[2024-04-07T14:42:07.420+0000] {processor.py:161} INFO - Started process (PID=354) to work on /home/airflow/.local/lib/python3.8/site-packages/airflow/example_dags/example_time_delta_sensor_async.py
[2024-04-07T14:42:07.425+0000] {processor.py:830} INFO - Processing file /home/airflow/.local/lib/python3.8/site-packages/airflow/example_dags/example_time_delta_sensor_async.py for tasks to queue
[2024-04-07T14:42:07.432+0000] {logging_mixin.py:188} INFO - [2024-04-07T14:42:07.431+0000] {dagbag.py:540} INFO - Filling up the DagBag from /home/airflow/.local/lib/python3.8/site-packages/airflow/example_dags/example_time_delta_sensor_async.py
[2024-04-07T14:42:07.443+0000] {processor.py:840} INFO - DAG(s) 'example_time_delta_sensor_async' retrieved from /home/airflow/.local/lib/python3.8/site-packages/airflow/example_dags/example_time_delta_sensor_async.py
[2024-04-07T14:42:07.502+0000] {logging_mixin.py:188} INFO - [2024-04-07T14:42:07.501+0000] {dag.py:3047} INFO - Sync 1 DAGs
[2024-04-07T14:42:07.558+0000] {logging_mixin.py:188} INFO - [2024-04-07T14:42:07.558+0000] {dag.py:3834} INFO - Setting next_dagrun for example_time_delta_sensor_async to None, run_after=None
[2024-04-07T14:42:07.674+0000] {processor.py:183} INFO - Processing /home/airflow/.local/lib/python3.8/site-packages/airflow/example_dags/example_time_delta_sensor_async.py took 0.262 seconds
[2024-04-07T14:42:39.143+0000] {processor.py:161} INFO - Started process (PID=411) to work on /home/airflow/.local/lib/python3.8/site-packages/airflow/example_dags/example_time_delta_sensor_async.py
[2024-04-07T14:42:39.150+0000] {processor.py:830} INFO - Processing file /home/airflow/.local/lib/python3.8/site-packages/airflow/example_dags/example_time_delta_sensor_async.py for tasks to queue
[2024-04-07T14:42:39.160+0000] {logging_mixin.py:188} INFO - [2024-04-07T14:42:39.160+0000] {dagbag.py:540} INFO - Filling up the DagBag from /home/airflow/.local/lib/python3.8/site-packages/airflow/example_dags/example_time_delta_sensor_async.py
[2024-04-07T14:42:39.191+0000] {processor.py:840} INFO - DAG(s) 'example_time_delta_sensor_async' retrieved from /home/airflow/.local/lib/python3.8/site-packages/airflow/example_dags/example_time_delta_sensor_async.py
[2024-04-07T14:42:39.349+0000] {logging_mixin.py:188} INFO - [2024-04-07T14:42:39.336+0000] {dag.py:3047} INFO - Sync 1 DAGs
[2024-04-07T14:42:39.713+0000] {logging_mixin.py:188} INFO - [2024-04-07T14:42:39.713+0000] {dag.py:3834} INFO - Setting next_dagrun for example_time_delta_sensor_async to None, run_after=None
[2024-04-07T14:42:39.958+0000] {processor.py:183} INFO - Processing /home/airflow/.local/lib/python3.8/site-packages/airflow/example_dags/example_time_delta_sensor_async.py took 0.824 seconds
[2024-04-07T14:43:10.378+0000] {processor.py:161} INFO - Started process (PID=469) to work on /home/airflow/.local/lib/python3.8/site-packages/airflow/example_dags/example_time_delta_sensor_async.py
[2024-04-07T14:43:10.382+0000] {processor.py:830} INFO - Processing file /home/airflow/.local/lib/python3.8/site-packages/airflow/example_dags/example_time_delta_sensor_async.py for tasks to queue
[2024-04-07T14:43:10.387+0000] {logging_mixin.py:188} INFO - [2024-04-07T14:43:10.386+0000] {dagbag.py:540} INFO - Filling up the DagBag from /home/airflow/.local/lib/python3.8/site-packages/airflow/example_dags/example_time_delta_sensor_async.py
[2024-04-07T14:43:10.406+0000] {processor.py:840} INFO - DAG(s) 'example_time_delta_sensor_async' retrieved from /home/airflow/.local/lib/python3.8/site-packages/airflow/example_dags/example_time_delta_sensor_async.py
[2024-04-07T14:43:10.466+0000] {logging_mixin.py:188} INFO - [2024-04-07T14:43:10.465+0000] {dag.py:3047} INFO - Sync 1 DAGs
[2024-04-07T14:43:10.506+0000] {logging_mixin.py:188} INFO - [2024-04-07T14:43:10.505+0000] {dag.py:3834} INFO - Setting next_dagrun for example_time_delta_sensor_async to None, run_after=None
[2024-04-07T14:43:10.555+0000] {processor.py:183} INFO - Processing /home/airflow/.local/lib/python3.8/site-packages/airflow/example_dags/example_time_delta_sensor_async.py took 0.189 seconds
[2024-04-07T14:43:41.814+0000] {processor.py:161} INFO - Started process (PID=526) to work on /home/airflow/.local/lib/python3.8/site-packages/airflow/example_dags/example_time_delta_sensor_async.py
[2024-04-07T14:43:41.821+0000] {processor.py:830} INFO - Processing file /home/airflow/.local/lib/python3.8/site-packages/airflow/example_dags/example_time_delta_sensor_async.py for tasks to queue
[2024-04-07T14:43:41.829+0000] {logging_mixin.py:188} INFO - [2024-04-07T14:43:41.829+0000] {dagbag.py:540} INFO - Filling up the DagBag from /home/airflow/.local/lib/python3.8/site-packages/airflow/example_dags/example_time_delta_sensor_async.py
[2024-04-07T14:43:41.840+0000] {processor.py:840} INFO - DAG(s) 'example_time_delta_sensor_async' retrieved from /home/airflow/.local/lib/python3.8/site-packages/airflow/example_dags/example_time_delta_sensor_async.py
[2024-04-07T14:43:41.893+0000] {logging_mixin.py:188} INFO - [2024-04-07T14:43:41.893+0000] {dag.py:3047} INFO - Sync 1 DAGs
[2024-04-07T14:43:41.930+0000] {logging_mixin.py:188} INFO - [2024-04-07T14:43:41.930+0000] {dag.py:3834} INFO - Setting next_dagrun for example_time_delta_sensor_async to None, run_after=None
[2024-04-07T14:43:42.214+0000] {processor.py:183} INFO - Processing /home/airflow/.local/lib/python3.8/site-packages/airflow/example_dags/example_time_delta_sensor_async.py took 0.407 seconds
[2024-04-07T14:44:12.638+0000] {processor.py:161} INFO - Started process (PID=583) to work on /home/airflow/.local/lib/python3.8/site-packages/airflow/example_dags/example_time_delta_sensor_async.py
[2024-04-07T14:44:12.650+0000] {processor.py:830} INFO - Processing file /home/airflow/.local/lib/python3.8/site-packages/airflow/example_dags/example_time_delta_sensor_async.py for tasks to queue
[2024-04-07T14:44:12.654+0000] {logging_mixin.py:188} INFO - [2024-04-07T14:44:12.654+0000] {dagbag.py:540} INFO - Filling up the DagBag from /home/airflow/.local/lib/python3.8/site-packages/airflow/example_dags/example_time_delta_sensor_async.py
[2024-04-07T14:44:12.670+0000] {processor.py:840} INFO - DAG(s) 'example_time_delta_sensor_async' retrieved from /home/airflow/.local/lib/python3.8/site-packages/airflow/example_dags/example_time_delta_sensor_async.py
[2024-04-07T14:44:12.779+0000] {logging_mixin.py:188} INFO - [2024-04-07T14:44:12.779+0000] {dag.py:3047} INFO - Sync 1 DAGs
[2024-04-07T14:44:12.812+0000] {logging_mixin.py:188} INFO - [2024-04-07T14:44:12.812+0000] {dag.py:3834} INFO - Setting next_dagrun for example_time_delta_sensor_async to None, run_after=None
[2024-04-07T14:44:12.863+0000] {processor.py:183} INFO - Processing /home/airflow/.local/lib/python3.8/site-packages/airflow/example_dags/example_time_delta_sensor_async.py took 0.232 seconds
[2024-04-07T14:44:53.997+0000] {processor.py:161} INFO - Started process (PID=640) to work on /home/airflow/.local/lib/python3.8/site-packages/airflow/example_dags/example_time_delta_sensor_async.py
[2024-04-07T14:44:54.013+0000] {processor.py:830} INFO - Processing file /home/airflow/.local/lib/python3.8/site-packages/airflow/example_dags/example_time_delta_sensor_async.py for tasks to queue
[2024-04-07T14:44:54.030+0000] {logging_mixin.py:188} INFO - [2024-04-07T14:44:54.029+0000] {dagbag.py:540} INFO - Filling up the DagBag from /home/airflow/.local/lib/python3.8/site-packages/airflow/example_dags/example_time_delta_sensor_async.py
[2024-04-07T14:44:54.078+0000] {processor.py:840} INFO - DAG(s) 'example_time_delta_sensor_async' retrieved from /home/airflow/.local/lib/python3.8/site-packages/airflow/example_dags/example_time_delta_sensor_async.py
[2024-04-07T14:44:54.240+0000] {logging_mixin.py:188} INFO - [2024-04-07T14:44:54.240+0000] {dag.py:3047} INFO - Sync 1 DAGs
[2024-04-07T14:44:54.337+0000] {logging_mixin.py:188} INFO - [2024-04-07T14:44:54.336+0000] {dag.py:3834} INFO - Setting next_dagrun for example_time_delta_sensor_async to None, run_after=None
[2024-04-07T14:44:54.605+0000] {processor.py:183} INFO - Processing /home/airflow/.local/lib/python3.8/site-packages/airflow/example_dags/example_time_delta_sensor_async.py took 0.638 seconds
[2024-04-07T14:45:25.313+0000] {processor.py:161} INFO - Started process (PID=697) to work on /home/airflow/.local/lib/python3.8/site-packages/airflow/example_dags/example_time_delta_sensor_async.py
[2024-04-07T14:45:25.315+0000] {processor.py:830} INFO - Processing file /home/airflow/.local/lib/python3.8/site-packages/airflow/example_dags/example_time_delta_sensor_async.py for tasks to queue
[2024-04-07T14:45:25.319+0000] {logging_mixin.py:188} INFO - [2024-04-07T14:45:25.318+0000] {dagbag.py:540} INFO - Filling up the DagBag from /home/airflow/.local/lib/python3.8/site-packages/airflow/example_dags/example_time_delta_sensor_async.py
[2024-04-07T14:45:25.328+0000] {processor.py:840} INFO - DAG(s) 'example_time_delta_sensor_async' retrieved from /home/airflow/.local/lib/python3.8/site-packages/airflow/example_dags/example_time_delta_sensor_async.py
[2024-04-07T14:45:25.363+0000] {logging_mixin.py:188} INFO - [2024-04-07T14:45:25.363+0000] {dag.py:3047} INFO - Sync 1 DAGs
[2024-04-07T14:45:25.391+0000] {logging_mixin.py:188} INFO - [2024-04-07T14:45:25.391+0000] {dag.py:3834} INFO - Setting next_dagrun for example_time_delta_sensor_async to None, run_after=None
[2024-04-07T14:45:25.434+0000] {processor.py:183} INFO - Processing /home/airflow/.local/lib/python3.8/site-packages/airflow/example_dags/example_time_delta_sensor_async.py took 0.128 seconds
[2024-04-07T14:45:56.424+0000] {processor.py:161} INFO - Started process (PID=752) to work on /home/airflow/.local/lib/python3.8/site-packages/airflow/example_dags/example_time_delta_sensor_async.py
[2024-04-07T14:45:56.426+0000] {processor.py:830} INFO - Processing file /home/airflow/.local/lib/python3.8/site-packages/airflow/example_dags/example_time_delta_sensor_async.py for tasks to queue
[2024-04-07T14:45:56.434+0000] {logging_mixin.py:188} INFO - [2024-04-07T14:45:56.433+0000] {dagbag.py:540} INFO - Filling up the DagBag from /home/airflow/.local/lib/python3.8/site-packages/airflow/example_dags/example_time_delta_sensor_async.py
[2024-04-07T14:45:56.448+0000] {processor.py:840} INFO - DAG(s) 'example_time_delta_sensor_async' retrieved from /home/airflow/.local/lib/python3.8/site-packages/airflow/example_dags/example_time_delta_sensor_async.py
[2024-04-07T14:45:56.536+0000] {logging_mixin.py:188} INFO - [2024-04-07T14:45:56.536+0000] {dag.py:3047} INFO - Sync 1 DAGs
[2024-04-07T14:45:56.585+0000] {logging_mixin.py:188} INFO - [2024-04-07T14:45:56.584+0000] {dag.py:3834} INFO - Setting next_dagrun for example_time_delta_sensor_async to None, run_after=None
[2024-04-07T14:45:56.649+0000] {processor.py:183} INFO - Processing /home/airflow/.local/lib/python3.8/site-packages/airflow/example_dags/example_time_delta_sensor_async.py took 0.232 seconds
[2024-04-07T14:46:27.117+0000] {processor.py:161} INFO - Started process (PID=809) to work on /home/airflow/.local/lib/python3.8/site-packages/airflow/example_dags/example_time_delta_sensor_async.py
[2024-04-07T14:46:27.120+0000] {processor.py:830} INFO - Processing file /home/airflow/.local/lib/python3.8/site-packages/airflow/example_dags/example_time_delta_sensor_async.py for tasks to queue
[2024-04-07T14:46:27.124+0000] {logging_mixin.py:188} INFO - [2024-04-07T14:46:27.123+0000] {dagbag.py:540} INFO - Filling up the DagBag from /home/airflow/.local/lib/python3.8/site-packages/airflow/example_dags/example_time_delta_sensor_async.py
[2024-04-07T14:46:27.138+0000] {processor.py:840} INFO - DAG(s) 'example_time_delta_sensor_async' retrieved from /home/airflow/.local/lib/python3.8/site-packages/airflow/example_dags/example_time_delta_sensor_async.py
[2024-04-07T14:46:27.192+0000] {logging_mixin.py:188} INFO - [2024-04-07T14:46:27.190+0000] {dag.py:3047} INFO - Sync 1 DAGs
[2024-04-07T14:46:27.235+0000] {logging_mixin.py:188} INFO - [2024-04-07T14:46:27.235+0000] {dag.py:3834} INFO - Setting next_dagrun for example_time_delta_sensor_async to None, run_after=None
[2024-04-07T14:46:27.290+0000] {processor.py:183} INFO - Processing /home/airflow/.local/lib/python3.8/site-packages/airflow/example_dags/example_time_delta_sensor_async.py took 0.185 seconds
[2024-04-07T14:46:57.873+0000] {processor.py:161} INFO - Started process (PID=866) to work on /home/airflow/.local/lib/python3.8/site-packages/airflow/example_dags/example_time_delta_sensor_async.py
[2024-04-07T14:46:57.876+0000] {processor.py:830} INFO - Processing file /home/airflow/.local/lib/python3.8/site-packages/airflow/example_dags/example_time_delta_sensor_async.py for tasks to queue
[2024-04-07T14:46:57.880+0000] {logging_mixin.py:188} INFO - [2024-04-07T14:46:57.879+0000] {dagbag.py:540} INFO - Filling up the DagBag from /home/airflow/.local/lib/python3.8/site-packages/airflow/example_dags/example_time_delta_sensor_async.py
[2024-04-07T14:46:57.888+0000] {processor.py:840} INFO - DAG(s) 'example_time_delta_sensor_async' retrieved from /home/airflow/.local/lib/python3.8/site-packages/airflow/example_dags/example_time_delta_sensor_async.py
[2024-04-07T14:46:57.923+0000] {logging_mixin.py:188} INFO - [2024-04-07T14:46:57.923+0000] {dag.py:3047} INFO - Sync 1 DAGs
[2024-04-07T14:46:57.953+0000] {logging_mixin.py:188} INFO - [2024-04-07T14:46:57.953+0000] {dag.py:3834} INFO - Setting next_dagrun for example_time_delta_sensor_async to None, run_after=None
[2024-04-07T14:46:57.992+0000] {processor.py:183} INFO - Processing /home/airflow/.local/lib/python3.8/site-packages/airflow/example_dags/example_time_delta_sensor_async.py took 0.128 seconds
[2024-04-07T14:47:28.828+0000] {processor.py:161} INFO - Started process (PID=923) to work on /home/airflow/.local/lib/python3.8/site-packages/airflow/example_dags/example_time_delta_sensor_async.py
[2024-04-07T14:47:28.830+0000] {processor.py:830} INFO - Processing file /home/airflow/.local/lib/python3.8/site-packages/airflow/example_dags/example_time_delta_sensor_async.py for tasks to queue
[2024-04-07T14:47:28.833+0000] {logging_mixin.py:188} INFO - [2024-04-07T14:47:28.832+0000] {dagbag.py:540} INFO - Filling up the DagBag from /home/airflow/.local/lib/python3.8/site-packages/airflow/example_dags/example_time_delta_sensor_async.py
[2024-04-07T14:47:28.841+0000] {processor.py:840} INFO - DAG(s) 'example_time_delta_sensor_async' retrieved from /home/airflow/.local/lib/python3.8/site-packages/airflow/example_dags/example_time_delta_sensor_async.py
[2024-04-07T14:47:28.877+0000] {logging_mixin.py:188} INFO - [2024-04-07T14:47:28.876+0000] {dag.py:3047} INFO - Sync 1 DAGs
[2024-04-07T14:47:28.899+0000] {logging_mixin.py:188} INFO - [2024-04-07T14:47:28.899+0000] {dag.py:3834} INFO - Setting next_dagrun for example_time_delta_sensor_async to None, run_after=None
[2024-04-07T14:47:28.944+0000] {processor.py:183} INFO - Processing /home/airflow/.local/lib/python3.8/site-packages/airflow/example_dags/example_time_delta_sensor_async.py took 0.121 seconds
[2024-04-07T14:47:59.304+0000] {processor.py:161} INFO - Started process (PID=980) to work on /home/airflow/.local/lib/python3.8/site-packages/airflow/example_dags/example_time_delta_sensor_async.py
[2024-04-07T14:47:59.307+0000] {processor.py:830} INFO - Processing file /home/airflow/.local/lib/python3.8/site-packages/airflow/example_dags/example_time_delta_sensor_async.py for tasks to queue
[2024-04-07T14:47:59.311+0000] {logging_mixin.py:188} INFO - [2024-04-07T14:47:59.311+0000] {dagbag.py:540} INFO - Filling up the DagBag from /home/airflow/.local/lib/python3.8/site-packages/airflow/example_dags/example_time_delta_sensor_async.py
[2024-04-07T14:47:59.320+0000] {processor.py:840} INFO - DAG(s) 'example_time_delta_sensor_async' retrieved from /home/airflow/.local/lib/python3.8/site-packages/airflow/example_dags/example_time_delta_sensor_async.py
[2024-04-07T14:47:59.361+0000] {logging_mixin.py:188} INFO - [2024-04-07T14:47:59.361+0000] {dag.py:3047} INFO - Sync 1 DAGs
[2024-04-07T14:47:59.398+0000] {logging_mixin.py:188} INFO - [2024-04-07T14:47:59.397+0000] {dag.py:3834} INFO - Setting next_dagrun for example_time_delta_sensor_async to None, run_after=None
[2024-04-07T14:47:59.441+0000] {processor.py:183} INFO - Processing /home/airflow/.local/lib/python3.8/site-packages/airflow/example_dags/example_time_delta_sensor_async.py took 0.144 seconds
[2024-04-07T14:48:29.950+0000] {processor.py:161} INFO - Started process (PID=1037) to work on /home/airflow/.local/lib/python3.8/site-packages/airflow/example_dags/example_time_delta_sensor_async.py
[2024-04-07T14:48:29.953+0000] {processor.py:830} INFO - Processing file /home/airflow/.local/lib/python3.8/site-packages/airflow/example_dags/example_time_delta_sensor_async.py for tasks to queue
[2024-04-07T14:48:29.960+0000] {logging_mixin.py:188} INFO - [2024-04-07T14:48:29.959+0000] {dagbag.py:540} INFO - Filling up the DagBag from /home/airflow/.local/lib/python3.8/site-packages/airflow/example_dags/example_time_delta_sensor_async.py
[2024-04-07T14:48:29.972+0000] {processor.py:840} INFO - DAG(s) 'example_time_delta_sensor_async' retrieved from /home/airflow/.local/lib/python3.8/site-packages/airflow/example_dags/example_time_delta_sensor_async.py
[2024-04-07T14:48:30.030+0000] {logging_mixin.py:188} INFO - [2024-04-07T14:48:30.029+0000] {dag.py:3047} INFO - Sync 1 DAGs
[2024-04-07T14:48:30.084+0000] {logging_mixin.py:188} INFO - [2024-04-07T14:48:30.083+0000] {dag.py:3834} INFO - Setting next_dagrun for example_time_delta_sensor_async to None, run_after=None
[2024-04-07T14:48:30.150+0000] {processor.py:183} INFO - Processing /home/airflow/.local/lib/python3.8/site-packages/airflow/example_dags/example_time_delta_sensor_async.py took 0.208 seconds
[2024-04-07T14:49:00.781+0000] {processor.py:161} INFO - Started process (PID=1094) to work on /home/airflow/.local/lib/python3.8/site-packages/airflow/example_dags/example_time_delta_sensor_async.py
[2024-04-07T14:49:00.784+0000] {processor.py:830} INFO - Processing file /home/airflow/.local/lib/python3.8/site-packages/airflow/example_dags/example_time_delta_sensor_async.py for tasks to queue
[2024-04-07T14:49:00.787+0000] {logging_mixin.py:188} INFO - [2024-04-07T14:49:00.787+0000] {dagbag.py:540} INFO - Filling up the DagBag from /home/airflow/.local/lib/python3.8/site-packages/airflow/example_dags/example_time_delta_sensor_async.py
[2024-04-07T14:49:00.796+0000] {processor.py:840} INFO - DAG(s) 'example_time_delta_sensor_async' retrieved from /home/airflow/.local/lib/python3.8/site-packages/airflow/example_dags/example_time_delta_sensor_async.py
[2024-04-07T14:49:00.832+0000] {logging_mixin.py:188} INFO - [2024-04-07T14:49:00.831+0000] {dag.py:3047} INFO - Sync 1 DAGs
[2024-04-07T14:49:00.852+0000] {logging_mixin.py:188} INFO - [2024-04-07T14:49:00.852+0000] {dag.py:3834} INFO - Setting next_dagrun for example_time_delta_sensor_async to None, run_after=None
[2024-04-07T14:49:00.942+0000] {processor.py:183} INFO - Processing /home/airflow/.local/lib/python3.8/site-packages/airflow/example_dags/example_time_delta_sensor_async.py took 0.168 seconds
[2024-04-07T14:49:31.634+0000] {processor.py:161} INFO - Started process (PID=1157) to work on /home/airflow/.local/lib/python3.8/site-packages/airflow/example_dags/example_time_delta_sensor_async.py
[2024-04-07T14:49:31.637+0000] {processor.py:830} INFO - Processing file /home/airflow/.local/lib/python3.8/site-packages/airflow/example_dags/example_time_delta_sensor_async.py for tasks to queue
[2024-04-07T14:49:31.648+0000] {logging_mixin.py:188} INFO - [2024-04-07T14:49:31.643+0000] {dagbag.py:540} INFO - Filling up the DagBag from /home/airflow/.local/lib/python3.8/site-packages/airflow/example_dags/example_time_delta_sensor_async.py
[2024-04-07T14:49:31.658+0000] {processor.py:840} INFO - DAG(s) 'example_time_delta_sensor_async' retrieved from /home/airflow/.local/lib/python3.8/site-packages/airflow/example_dags/example_time_delta_sensor_async.py
[2024-04-07T14:49:31.717+0000] {logging_mixin.py:188} INFO - [2024-04-07T14:49:31.717+0000] {dag.py:3047} INFO - Sync 1 DAGs
[2024-04-07T14:49:31.758+0000] {logging_mixin.py:188} INFO - [2024-04-07T14:49:31.757+0000] {dag.py:3834} INFO - Setting next_dagrun for example_time_delta_sensor_async to None, run_after=None
[2024-04-07T14:49:31.856+0000] {processor.py:183} INFO - Processing /home/airflow/.local/lib/python3.8/site-packages/airflow/example_dags/example_time_delta_sensor_async.py took 0.230 seconds
[2024-04-07T14:50:02.836+0000] {processor.py:161} INFO - Started process (PID=1214) to work on /home/airflow/.local/lib/python3.8/site-packages/airflow/example_dags/example_time_delta_sensor_async.py
[2024-04-07T14:50:02.838+0000] {processor.py:830} INFO - Processing file /home/airflow/.local/lib/python3.8/site-packages/airflow/example_dags/example_time_delta_sensor_async.py for tasks to queue
[2024-04-07T14:50:02.842+0000] {logging_mixin.py:188} INFO - [2024-04-07T14:50:02.841+0000] {dagbag.py:540} INFO - Filling up the DagBag from /home/airflow/.local/lib/python3.8/site-packages/airflow/example_dags/example_time_delta_sensor_async.py
[2024-04-07T14:50:02.854+0000] {processor.py:840} INFO - DAG(s) 'example_time_delta_sensor_async' retrieved from /home/airflow/.local/lib/python3.8/site-packages/airflow/example_dags/example_time_delta_sensor_async.py
[2024-04-07T14:50:02.915+0000] {logging_mixin.py:188} INFO - [2024-04-07T14:50:02.912+0000] {dag.py:3047} INFO - Sync 1 DAGs
[2024-04-07T14:50:02.949+0000] {logging_mixin.py:188} INFO - [2024-04-07T14:50:02.947+0000] {dag.py:3834} INFO - Setting next_dagrun for example_time_delta_sensor_async to None, run_after=None
[2024-04-07T14:50:02.988+0000] {processor.py:183} INFO - Processing /home/airflow/.local/lib/python3.8/site-packages/airflow/example_dags/example_time_delta_sensor_async.py took 0.160 seconds
[2024-04-07T14:50:33.819+0000] {processor.py:161} INFO - Started process (PID=1272) to work on /home/airflow/.local/lib/python3.8/site-packages/airflow/example_dags/example_time_delta_sensor_async.py
[2024-04-07T14:50:33.821+0000] {processor.py:830} INFO - Processing file /home/airflow/.local/lib/python3.8/site-packages/airflow/example_dags/example_time_delta_sensor_async.py for tasks to queue
[2024-04-07T14:50:33.824+0000] {logging_mixin.py:188} INFO - [2024-04-07T14:50:33.824+0000] {dagbag.py:540} INFO - Filling up the DagBag from /home/airflow/.local/lib/python3.8/site-packages/airflow/example_dags/example_time_delta_sensor_async.py
[2024-04-07T14:50:33.835+0000] {processor.py:840} INFO - DAG(s) 'example_time_delta_sensor_async' retrieved from /home/airflow/.local/lib/python3.8/site-packages/airflow/example_dags/example_time_delta_sensor_async.py
[2024-04-07T14:50:33.897+0000] {logging_mixin.py:188} INFO - [2024-04-07T14:50:33.896+0000] {dag.py:3047} INFO - Sync 1 DAGs
[2024-04-07T14:50:33.945+0000] {logging_mixin.py:188} INFO - [2024-04-07T14:50:33.944+0000] {dag.py:3834} INFO - Setting next_dagrun for example_time_delta_sensor_async to None, run_after=None
[2024-04-07T14:50:34.255+0000] {processor.py:183} INFO - Processing /home/airflow/.local/lib/python3.8/site-packages/airflow/example_dags/example_time_delta_sensor_async.py took 0.444 seconds
[2024-04-07T14:51:05.281+0000] {processor.py:161} INFO - Started process (PID=1328) to work on /home/airflow/.local/lib/python3.8/site-packages/airflow/example_dags/example_time_delta_sensor_async.py
[2024-04-07T14:51:05.300+0000] {processor.py:830} INFO - Processing file /home/airflow/.local/lib/python3.8/site-packages/airflow/example_dags/example_time_delta_sensor_async.py for tasks to queue
[2024-04-07T14:51:05.306+0000] {logging_mixin.py:188} INFO - [2024-04-07T14:51:05.305+0000] {dagbag.py:540} INFO - Filling up the DagBag from /home/airflow/.local/lib/python3.8/site-packages/airflow/example_dags/example_time_delta_sensor_async.py
[2024-04-07T14:51:05.380+0000] {processor.py:840} INFO - DAG(s) 'example_time_delta_sensor_async' retrieved from /home/airflow/.local/lib/python3.8/site-packages/airflow/example_dags/example_time_delta_sensor_async.py
[2024-04-07T14:51:05.515+0000] {logging_mixin.py:188} INFO - [2024-04-07T14:51:05.514+0000] {dag.py:3047} INFO - Sync 1 DAGs
[2024-04-07T14:51:05.641+0000] {logging_mixin.py:188} INFO - [2024-04-07T14:51:05.640+0000] {dag.py:3834} INFO - Setting next_dagrun for example_time_delta_sensor_async to None, run_after=None
[2024-04-07T14:51:06.004+0000] {processor.py:183} INFO - Processing /home/airflow/.local/lib/python3.8/site-packages/airflow/example_dags/example_time_delta_sensor_async.py took 0.737 seconds
[2024-04-07T14:51:36.646+0000] {processor.py:161} INFO - Started process (PID=1386) to work on /home/airflow/.local/lib/python3.8/site-packages/airflow/example_dags/example_time_delta_sensor_async.py
[2024-04-07T14:51:36.649+0000] {processor.py:830} INFO - Processing file /home/airflow/.local/lib/python3.8/site-packages/airflow/example_dags/example_time_delta_sensor_async.py for tasks to queue
[2024-04-07T14:51:36.660+0000] {logging_mixin.py:188} INFO - [2024-04-07T14:51:36.659+0000] {dagbag.py:540} INFO - Filling up the DagBag from /home/airflow/.local/lib/python3.8/site-packages/airflow/example_dags/example_time_delta_sensor_async.py
[2024-04-07T14:51:36.674+0000] {processor.py:840} INFO - DAG(s) 'example_time_delta_sensor_async' retrieved from /home/airflow/.local/lib/python3.8/site-packages/airflow/example_dags/example_time_delta_sensor_async.py
[2024-04-07T14:51:36.740+0000] {logging_mixin.py:188} INFO - [2024-04-07T14:51:36.740+0000] {dag.py:3047} INFO - Sync 1 DAGs
[2024-04-07T14:51:36.792+0000] {logging_mixin.py:188} INFO - [2024-04-07T14:51:36.791+0000] {dag.py:3834} INFO - Setting next_dagrun for example_time_delta_sensor_async to None, run_after=None
[2024-04-07T14:51:36.854+0000] {processor.py:183} INFO - Processing /home/airflow/.local/lib/python3.8/site-packages/airflow/example_dags/example_time_delta_sensor_async.py took 0.216 seconds
[2024-04-07T14:52:07.538+0000] {processor.py:161} INFO - Started process (PID=1443) to work on /home/airflow/.local/lib/python3.8/site-packages/airflow/example_dags/example_time_delta_sensor_async.py
[2024-04-07T14:52:07.540+0000] {processor.py:830} INFO - Processing file /home/airflow/.local/lib/python3.8/site-packages/airflow/example_dags/example_time_delta_sensor_async.py for tasks to queue
[2024-04-07T14:52:07.545+0000] {logging_mixin.py:188} INFO - [2024-04-07T14:52:07.544+0000] {dagbag.py:540} INFO - Filling up the DagBag from /home/airflow/.local/lib/python3.8/site-packages/airflow/example_dags/example_time_delta_sensor_async.py
[2024-04-07T14:52:07.553+0000] {processor.py:840} INFO - DAG(s) 'example_time_delta_sensor_async' retrieved from /home/airflow/.local/lib/python3.8/site-packages/airflow/example_dags/example_time_delta_sensor_async.py
[2024-04-07T14:52:07.599+0000] {logging_mixin.py:188} INFO - [2024-04-07T14:52:07.598+0000] {dag.py:3047} INFO - Sync 1 DAGs
[2024-04-07T14:52:07.632+0000] {logging_mixin.py:188} INFO - [2024-04-07T14:52:07.632+0000] {dag.py:3834} INFO - Setting next_dagrun for example_time_delta_sensor_async to None, run_after=None
[2024-04-07T14:52:07.689+0000] {processor.py:183} INFO - Processing /home/airflow/.local/lib/python3.8/site-packages/airflow/example_dags/example_time_delta_sensor_async.py took 0.158 seconds
[2024-04-07T14:52:38.449+0000] {processor.py:161} INFO - Started process (PID=1500) to work on /home/airflow/.local/lib/python3.8/site-packages/airflow/example_dags/example_time_delta_sensor_async.py
[2024-04-07T14:52:38.452+0000] {processor.py:830} INFO - Processing file /home/airflow/.local/lib/python3.8/site-packages/airflow/example_dags/example_time_delta_sensor_async.py for tasks to queue
[2024-04-07T14:52:38.459+0000] {logging_mixin.py:188} INFO - [2024-04-07T14:52:38.458+0000] {dagbag.py:540} INFO - Filling up the DagBag from /home/airflow/.local/lib/python3.8/site-packages/airflow/example_dags/example_time_delta_sensor_async.py
[2024-04-07T14:52:38.481+0000] {processor.py:840} INFO - DAG(s) 'example_time_delta_sensor_async' retrieved from /home/airflow/.local/lib/python3.8/site-packages/airflow/example_dags/example_time_delta_sensor_async.py
[2024-04-07T14:52:38.561+0000] {logging_mixin.py:188} INFO - [2024-04-07T14:52:38.559+0000] {dag.py:3047} INFO - Sync 1 DAGs
[2024-04-07T14:52:38.649+0000] {logging_mixin.py:188} INFO - [2024-04-07T14:52:38.648+0000] {dag.py:3834} INFO - Setting next_dagrun for example_time_delta_sensor_async to None, run_after=None
[2024-04-07T14:52:38.791+0000] {processor.py:183} INFO - Processing /home/airflow/.local/lib/python3.8/site-packages/airflow/example_dags/example_time_delta_sensor_async.py took 0.349 seconds
[2024-04-07T14:53:09.131+0000] {processor.py:161} INFO - Started process (PID=1557) to work on /home/airflow/.local/lib/python3.8/site-packages/airflow/example_dags/example_time_delta_sensor_async.py
[2024-04-07T14:53:09.134+0000] {processor.py:830} INFO - Processing file /home/airflow/.local/lib/python3.8/site-packages/airflow/example_dags/example_time_delta_sensor_async.py for tasks to queue
[2024-04-07T14:53:09.138+0000] {logging_mixin.py:188} INFO - [2024-04-07T14:53:09.137+0000] {dagbag.py:540} INFO - Filling up the DagBag from /home/airflow/.local/lib/python3.8/site-packages/airflow/example_dags/example_time_delta_sensor_async.py
[2024-04-07T14:53:09.148+0000] {processor.py:840} INFO - DAG(s) 'example_time_delta_sensor_async' retrieved from /home/airflow/.local/lib/python3.8/site-packages/airflow/example_dags/example_time_delta_sensor_async.py
[2024-04-07T14:53:09.198+0000] {logging_mixin.py:188} INFO - [2024-04-07T14:53:09.195+0000] {dag.py:3047} INFO - Sync 1 DAGs
[2024-04-07T14:53:09.226+0000] {logging_mixin.py:188} INFO - [2024-04-07T14:53:09.226+0000] {dag.py:3834} INFO - Setting next_dagrun for example_time_delta_sensor_async to None, run_after=None
[2024-04-07T14:53:09.268+0000] {processor.py:183} INFO - Processing /home/airflow/.local/lib/python3.8/site-packages/airflow/example_dags/example_time_delta_sensor_async.py took 0.144 seconds
[2024-04-07T14:53:39.894+0000] {processor.py:161} INFO - Started process (PID=1614) to work on /home/airflow/.local/lib/python3.8/site-packages/airflow/example_dags/example_time_delta_sensor_async.py
[2024-04-07T14:53:39.896+0000] {processor.py:830} INFO - Processing file /home/airflow/.local/lib/python3.8/site-packages/airflow/example_dags/example_time_delta_sensor_async.py for tasks to queue
[2024-04-07T14:53:39.900+0000] {logging_mixin.py:188} INFO - [2024-04-07T14:53:39.899+0000] {dagbag.py:540} INFO - Filling up the DagBag from /home/airflow/.local/lib/python3.8/site-packages/airflow/example_dags/example_time_delta_sensor_async.py
[2024-04-07T14:53:39.910+0000] {processor.py:840} INFO - DAG(s) 'example_time_delta_sensor_async' retrieved from /home/airflow/.local/lib/python3.8/site-packages/airflow/example_dags/example_time_delta_sensor_async.py
[2024-04-07T14:53:39.962+0000] {logging_mixin.py:188} INFO - [2024-04-07T14:53:39.961+0000] {dag.py:3047} INFO - Sync 1 DAGs
[2024-04-07T14:53:39.992+0000] {logging_mixin.py:188} INFO - [2024-04-07T14:53:39.991+0000] {dag.py:3834} INFO - Setting next_dagrun for example_time_delta_sensor_async to None, run_after=None
[2024-04-07T14:53:40.041+0000] {processor.py:183} INFO - Processing /home/airflow/.local/lib/python3.8/site-packages/airflow/example_dags/example_time_delta_sensor_async.py took 0.155 seconds
[2024-04-07T14:54:10.453+0000] {processor.py:161} INFO - Started process (PID=1671) to work on /home/airflow/.local/lib/python3.8/site-packages/airflow/example_dags/example_time_delta_sensor_async.py
[2024-04-07T14:54:10.455+0000] {processor.py:830} INFO - Processing file /home/airflow/.local/lib/python3.8/site-packages/airflow/example_dags/example_time_delta_sensor_async.py for tasks to queue
[2024-04-07T14:54:10.458+0000] {logging_mixin.py:188} INFO - [2024-04-07T14:54:10.458+0000] {dagbag.py:540} INFO - Filling up the DagBag from /home/airflow/.local/lib/python3.8/site-packages/airflow/example_dags/example_time_delta_sensor_async.py
[2024-04-07T14:54:10.468+0000] {processor.py:840} INFO - DAG(s) 'example_time_delta_sensor_async' retrieved from /home/airflow/.local/lib/python3.8/site-packages/airflow/example_dags/example_time_delta_sensor_async.py
[2024-04-07T14:54:10.539+0000] {logging_mixin.py:188} INFO - [2024-04-07T14:54:10.539+0000] {dag.py:3047} INFO - Sync 1 DAGs
[2024-04-07T14:54:10.601+0000] {logging_mixin.py:188} INFO - [2024-04-07T14:54:10.600+0000] {dag.py:3834} INFO - Setting next_dagrun for example_time_delta_sensor_async to None, run_after=None
[2024-04-07T14:54:10.706+0000] {processor.py:183} INFO - Processing /home/airflow/.local/lib/python3.8/site-packages/airflow/example_dags/example_time_delta_sensor_async.py took 0.259 seconds
[2024-04-07T14:54:41.170+0000] {processor.py:161} INFO - Started process (PID=1728) to work on /home/airflow/.local/lib/python3.8/site-packages/airflow/example_dags/example_time_delta_sensor_async.py
[2024-04-07T14:54:41.173+0000] {processor.py:830} INFO - Processing file /home/airflow/.local/lib/python3.8/site-packages/airflow/example_dags/example_time_delta_sensor_async.py for tasks to queue
[2024-04-07T14:54:41.176+0000] {logging_mixin.py:188} INFO - [2024-04-07T14:54:41.176+0000] {dagbag.py:540} INFO - Filling up the DagBag from /home/airflow/.local/lib/python3.8/site-packages/airflow/example_dags/example_time_delta_sensor_async.py
[2024-04-07T14:54:41.191+0000] {processor.py:840} INFO - DAG(s) 'example_time_delta_sensor_async' retrieved from /home/airflow/.local/lib/python3.8/site-packages/airflow/example_dags/example_time_delta_sensor_async.py
[2024-04-07T14:54:41.239+0000] {logging_mixin.py:188} INFO - [2024-04-07T14:54:41.238+0000] {dag.py:3047} INFO - Sync 1 DAGs
[2024-04-07T14:54:41.271+0000] {logging_mixin.py:188} INFO - [2024-04-07T14:54:41.270+0000] {dag.py:3834} INFO - Setting next_dagrun for example_time_delta_sensor_async to None, run_after=None
[2024-04-07T14:54:41.349+0000] {processor.py:183} INFO - Processing /home/airflow/.local/lib/python3.8/site-packages/airflow/example_dags/example_time_delta_sensor_async.py took 0.185 seconds
[2024-04-07T14:55:12.152+0000] {processor.py:161} INFO - Started process (PID=1784) to work on /home/airflow/.local/lib/python3.8/site-packages/airflow/example_dags/example_time_delta_sensor_async.py
[2024-04-07T14:55:12.155+0000] {processor.py:830} INFO - Processing file /home/airflow/.local/lib/python3.8/site-packages/airflow/example_dags/example_time_delta_sensor_async.py for tasks to queue
[2024-04-07T14:55:12.162+0000] {logging_mixin.py:188} INFO - [2024-04-07T14:55:12.161+0000] {dagbag.py:540} INFO - Filling up the DagBag from /home/airflow/.local/lib/python3.8/site-packages/airflow/example_dags/example_time_delta_sensor_async.py
[2024-04-07T14:55:12.172+0000] {processor.py:840} INFO - DAG(s) 'example_time_delta_sensor_async' retrieved from /home/airflow/.local/lib/python3.8/site-packages/airflow/example_dags/example_time_delta_sensor_async.py
[2024-04-07T14:55:12.233+0000] {logging_mixin.py:188} INFO - [2024-04-07T14:55:12.232+0000] {dag.py:3047} INFO - Sync 1 DAGs
[2024-04-07T14:55:12.263+0000] {logging_mixin.py:188} INFO - [2024-04-07T14:55:12.263+0000] {dag.py:3834} INFO - Setting next_dagrun for example_time_delta_sensor_async to None, run_after=None
[2024-04-07T14:55:12.330+0000] {processor.py:183} INFO - Processing /home/airflow/.local/lib/python3.8/site-packages/airflow/example_dags/example_time_delta_sensor_async.py took 0.186 seconds
[2024-04-07T14:55:42.626+0000] {processor.py:161} INFO - Started process (PID=1841) to work on /home/airflow/.local/lib/python3.8/site-packages/airflow/example_dags/example_time_delta_sensor_async.py
[2024-04-07T14:55:42.629+0000] {processor.py:830} INFO - Processing file /home/airflow/.local/lib/python3.8/site-packages/airflow/example_dags/example_time_delta_sensor_async.py for tasks to queue
[2024-04-07T14:55:42.632+0000] {logging_mixin.py:188} INFO - [2024-04-07T14:55:42.631+0000] {dagbag.py:540} INFO - Filling up the DagBag from /home/airflow/.local/lib/python3.8/site-packages/airflow/example_dags/example_time_delta_sensor_async.py
[2024-04-07T14:55:42.640+0000] {processor.py:840} INFO - DAG(s) 'example_time_delta_sensor_async' retrieved from /home/airflow/.local/lib/python3.8/site-packages/airflow/example_dags/example_time_delta_sensor_async.py
[2024-04-07T14:55:42.673+0000] {logging_mixin.py:188} INFO - [2024-04-07T14:55:42.673+0000] {dag.py:3047} INFO - Sync 1 DAGs
[2024-04-07T14:55:42.734+0000] {logging_mixin.py:188} INFO - [2024-04-07T14:55:42.734+0000] {dag.py:3834} INFO - Setting next_dagrun for example_time_delta_sensor_async to None, run_after=None
[2024-04-07T14:55:42.842+0000] {processor.py:183} INFO - Processing /home/airflow/.local/lib/python3.8/site-packages/airflow/example_dags/example_time_delta_sensor_async.py took 0.222 seconds
[2024-04-07T14:56:12.948+0000] {processor.py:161} INFO - Started process (PID=1899) to work on /home/airflow/.local/lib/python3.8/site-packages/airflow/example_dags/example_time_delta_sensor_async.py
[2024-04-07T14:56:12.950+0000] {processor.py:830} INFO - Processing file /home/airflow/.local/lib/python3.8/site-packages/airflow/example_dags/example_time_delta_sensor_async.py for tasks to queue
[2024-04-07T14:56:12.954+0000] {logging_mixin.py:188} INFO - [2024-04-07T14:56:12.953+0000] {dagbag.py:540} INFO - Filling up the DagBag from /home/airflow/.local/lib/python3.8/site-packages/airflow/example_dags/example_time_delta_sensor_async.py
[2024-04-07T14:56:12.960+0000] {processor.py:840} INFO - DAG(s) 'example_time_delta_sensor_async' retrieved from /home/airflow/.local/lib/python3.8/site-packages/airflow/example_dags/example_time_delta_sensor_async.py
[2024-04-07T14:56:13.001+0000] {logging_mixin.py:188} INFO - [2024-04-07T14:56:13.000+0000] {dag.py:3047} INFO - Sync 1 DAGs
[2024-04-07T14:56:13.023+0000] {logging_mixin.py:188} INFO - [2024-04-07T14:56:13.022+0000] {dag.py:3834} INFO - Setting next_dagrun for example_time_delta_sensor_async to None, run_after=None
[2024-04-07T14:56:13.065+0000] {processor.py:183} INFO - Processing /home/airflow/.local/lib/python3.8/site-packages/airflow/example_dags/example_time_delta_sensor_async.py took 0.124 seconds
[2024-04-07T14:56:43.464+0000] {processor.py:161} INFO - Started process (PID=1955) to work on /home/airflow/.local/lib/python3.8/site-packages/airflow/example_dags/example_time_delta_sensor_async.py
[2024-04-07T14:56:43.466+0000] {processor.py:830} INFO - Processing file /home/airflow/.local/lib/python3.8/site-packages/airflow/example_dags/example_time_delta_sensor_async.py for tasks to queue
[2024-04-07T14:56:43.469+0000] {logging_mixin.py:188} INFO - [2024-04-07T14:56:43.469+0000] {dagbag.py:540} INFO - Filling up the DagBag from /home/airflow/.local/lib/python3.8/site-packages/airflow/example_dags/example_time_delta_sensor_async.py
[2024-04-07T14:56:43.481+0000] {processor.py:840} INFO - DAG(s) 'example_time_delta_sensor_async' retrieved from /home/airflow/.local/lib/python3.8/site-packages/airflow/example_dags/example_time_delta_sensor_async.py
[2024-04-07T14:56:43.520+0000] {logging_mixin.py:188} INFO - [2024-04-07T14:56:43.520+0000] {dag.py:3047} INFO - Sync 1 DAGs
[2024-04-07T14:56:43.548+0000] {logging_mixin.py:188} INFO - [2024-04-07T14:56:43.547+0000] {dag.py:3834} INFO - Setting next_dagrun for example_time_delta_sensor_async to None, run_after=None
[2024-04-07T14:56:43.595+0000] {processor.py:183} INFO - Processing /home/airflow/.local/lib/python3.8/site-packages/airflow/example_dags/example_time_delta_sensor_async.py took 0.139 seconds
[2024-04-07T14:57:13.846+0000] {processor.py:161} INFO - Started process (PID=2012) to work on /home/airflow/.local/lib/python3.8/site-packages/airflow/example_dags/example_time_delta_sensor_async.py
[2024-04-07T14:57:13.877+0000] {processor.py:830} INFO - Processing file /home/airflow/.local/lib/python3.8/site-packages/airflow/example_dags/example_time_delta_sensor_async.py for tasks to queue
[2024-04-07T14:57:13.882+0000] {logging_mixin.py:188} INFO - [2024-04-07T14:57:13.881+0000] {dagbag.py:540} INFO - Filling up the DagBag from /home/airflow/.local/lib/python3.8/site-packages/airflow/example_dags/example_time_delta_sensor_async.py
[2024-04-07T14:57:13.899+0000] {processor.py:840} INFO - DAG(s) 'example_time_delta_sensor_async' retrieved from /home/airflow/.local/lib/python3.8/site-packages/airflow/example_dags/example_time_delta_sensor_async.py
[2024-04-07T14:57:13.954+0000] {logging_mixin.py:188} INFO - [2024-04-07T14:57:13.954+0000] {dag.py:3047} INFO - Sync 1 DAGs
[2024-04-07T14:57:14.008+0000] {logging_mixin.py:188} INFO - [2024-04-07T14:57:14.008+0000] {dag.py:3834} INFO - Setting next_dagrun for example_time_delta_sensor_async to None, run_after=None
[2024-04-07T14:57:14.082+0000] {processor.py:183} INFO - Processing /home/airflow/.local/lib/python3.8/site-packages/airflow/example_dags/example_time_delta_sensor_async.py took 0.250 seconds
[2024-04-07T14:57:44.727+0000] {processor.py:161} INFO - Started process (PID=2070) to work on /home/airflow/.local/lib/python3.8/site-packages/airflow/example_dags/example_time_delta_sensor_async.py
[2024-04-07T14:57:44.729+0000] {processor.py:830} INFO - Processing file /home/airflow/.local/lib/python3.8/site-packages/airflow/example_dags/example_time_delta_sensor_async.py for tasks to queue
[2024-04-07T14:57:44.733+0000] {logging_mixin.py:188} INFO - [2024-04-07T14:57:44.732+0000] {dagbag.py:540} INFO - Filling up the DagBag from /home/airflow/.local/lib/python3.8/site-packages/airflow/example_dags/example_time_delta_sensor_async.py
[2024-04-07T14:57:44.742+0000] {processor.py:840} INFO - DAG(s) 'example_time_delta_sensor_async' retrieved from /home/airflow/.local/lib/python3.8/site-packages/airflow/example_dags/example_time_delta_sensor_async.py
[2024-04-07T14:57:44.776+0000] {logging_mixin.py:188} INFO - [2024-04-07T14:57:44.775+0000] {dag.py:3047} INFO - Sync 1 DAGs
[2024-04-07T14:57:44.802+0000] {logging_mixin.py:188} INFO - [2024-04-07T14:57:44.802+0000] {dag.py:3834} INFO - Setting next_dagrun for example_time_delta_sensor_async to None, run_after=None
[2024-04-07T14:57:44.843+0000] {processor.py:183} INFO - Processing /home/airflow/.local/lib/python3.8/site-packages/airflow/example_dags/example_time_delta_sensor_async.py took 0.121 seconds
[2024-04-07T14:58:15.448+0000] {processor.py:161} INFO - Started process (PID=2127) to work on /home/airflow/.local/lib/python3.8/site-packages/airflow/example_dags/example_time_delta_sensor_async.py
[2024-04-07T14:58:15.451+0000] {processor.py:830} INFO - Processing file /home/airflow/.local/lib/python3.8/site-packages/airflow/example_dags/example_time_delta_sensor_async.py for tasks to queue
[2024-04-07T14:58:15.455+0000] {logging_mixin.py:188} INFO - [2024-04-07T14:58:15.454+0000] {dagbag.py:540} INFO - Filling up the DagBag from /home/airflow/.local/lib/python3.8/site-packages/airflow/example_dags/example_time_delta_sensor_async.py
[2024-04-07T14:58:15.465+0000] {processor.py:840} INFO - DAG(s) 'example_time_delta_sensor_async' retrieved from /home/airflow/.local/lib/python3.8/site-packages/airflow/example_dags/example_time_delta_sensor_async.py
[2024-04-07T14:58:15.510+0000] {logging_mixin.py:188} INFO - [2024-04-07T14:58:15.509+0000] {dag.py:3047} INFO - Sync 1 DAGs
[2024-04-07T14:58:15.539+0000] {logging_mixin.py:188} INFO - [2024-04-07T14:58:15.538+0000] {dag.py:3834} INFO - Setting next_dagrun for example_time_delta_sensor_async to None, run_after=None
[2024-04-07T14:58:15.600+0000] {processor.py:183} INFO - Processing /home/airflow/.local/lib/python3.8/site-packages/airflow/example_dags/example_time_delta_sensor_async.py took 0.156 seconds
[2024-04-07T14:58:46.024+0000] {processor.py:161} INFO - Started process (PID=2184) to work on /home/airflow/.local/lib/python3.8/site-packages/airflow/example_dags/example_time_delta_sensor_async.py
[2024-04-07T14:58:46.026+0000] {processor.py:830} INFO - Processing file /home/airflow/.local/lib/python3.8/site-packages/airflow/example_dags/example_time_delta_sensor_async.py for tasks to queue
[2024-04-07T14:58:46.029+0000] {logging_mixin.py:188} INFO - [2024-04-07T14:58:46.029+0000] {dagbag.py:540} INFO - Filling up the DagBag from /home/airflow/.local/lib/python3.8/site-packages/airflow/example_dags/example_time_delta_sensor_async.py
[2024-04-07T14:58:46.046+0000] {processor.py:840} INFO - DAG(s) 'example_time_delta_sensor_async' retrieved from /home/airflow/.local/lib/python3.8/site-packages/airflow/example_dags/example_time_delta_sensor_async.py
[2024-04-07T14:58:46.112+0000] {logging_mixin.py:188} INFO - [2024-04-07T14:58:46.112+0000] {dag.py:3047} INFO - Sync 1 DAGs
[2024-04-07T14:58:46.137+0000] {logging_mixin.py:188} INFO - [2024-04-07T14:58:46.136+0000] {dag.py:3834} INFO - Setting next_dagrun for example_time_delta_sensor_async to None, run_after=None
[2024-04-07T14:58:46.173+0000] {processor.py:183} INFO - Processing /home/airflow/.local/lib/python3.8/site-packages/airflow/example_dags/example_time_delta_sensor_async.py took 0.155 seconds
[2024-04-07T14:59:16.470+0000] {processor.py:161} INFO - Started process (PID=2241) to work on /home/airflow/.local/lib/python3.8/site-packages/airflow/example_dags/example_time_delta_sensor_async.py
[2024-04-07T14:59:16.472+0000] {processor.py:830} INFO - Processing file /home/airflow/.local/lib/python3.8/site-packages/airflow/example_dags/example_time_delta_sensor_async.py for tasks to queue
[2024-04-07T14:59:16.475+0000] {logging_mixin.py:188} INFO - [2024-04-07T14:59:16.475+0000] {dagbag.py:540} INFO - Filling up the DagBag from /home/airflow/.local/lib/python3.8/site-packages/airflow/example_dags/example_time_delta_sensor_async.py
[2024-04-07T14:59:16.483+0000] {processor.py:840} INFO - DAG(s) 'example_time_delta_sensor_async' retrieved from /home/airflow/.local/lib/python3.8/site-packages/airflow/example_dags/example_time_delta_sensor_async.py
[2024-04-07T14:59:16.517+0000] {logging_mixin.py:188} INFO - [2024-04-07T14:59:16.516+0000] {dag.py:3047} INFO - Sync 1 DAGs
[2024-04-07T14:59:16.546+0000] {logging_mixin.py:188} INFO - [2024-04-07T14:59:16.545+0000] {dag.py:3834} INFO - Setting next_dagrun for example_time_delta_sensor_async to None, run_after=None
[2024-04-07T14:59:16.673+0000] {processor.py:183} INFO - Processing /home/airflow/.local/lib/python3.8/site-packages/airflow/example_dags/example_time_delta_sensor_async.py took 0.208 seconds
[2024-04-07T14:59:47.117+0000] {processor.py:161} INFO - Started process (PID=2298) to work on /home/airflow/.local/lib/python3.8/site-packages/airflow/example_dags/example_time_delta_sensor_async.py
[2024-04-07T14:59:47.119+0000] {processor.py:830} INFO - Processing file /home/airflow/.local/lib/python3.8/site-packages/airflow/example_dags/example_time_delta_sensor_async.py for tasks to queue
[2024-04-07T14:59:47.122+0000] {logging_mixin.py:188} INFO - [2024-04-07T14:59:47.121+0000] {dagbag.py:540} INFO - Filling up the DagBag from /home/airflow/.local/lib/python3.8/site-packages/airflow/example_dags/example_time_delta_sensor_async.py
[2024-04-07T14:59:47.129+0000] {processor.py:840} INFO - DAG(s) 'example_time_delta_sensor_async' retrieved from /home/airflow/.local/lib/python3.8/site-packages/airflow/example_dags/example_time_delta_sensor_async.py
[2024-04-07T14:59:47.162+0000] {logging_mixin.py:188} INFO - [2024-04-07T14:59:47.162+0000] {dag.py:3047} INFO - Sync 1 DAGs
[2024-04-07T14:59:47.188+0000] {logging_mixin.py:188} INFO - [2024-04-07T14:59:47.188+0000] {dag.py:3834} INFO - Setting next_dagrun for example_time_delta_sensor_async to None, run_after=None
[2024-04-07T14:59:47.221+0000] {processor.py:183} INFO - Processing /home/airflow/.local/lib/python3.8/site-packages/airflow/example_dags/example_time_delta_sensor_async.py took 0.110 seconds
[2024-04-07T15:00:18.116+0000] {processor.py:161} INFO - Started process (PID=2355) to work on /home/airflow/.local/lib/python3.8/site-packages/airflow/example_dags/example_time_delta_sensor_async.py
[2024-04-07T15:00:18.122+0000] {processor.py:830} INFO - Processing file /home/airflow/.local/lib/python3.8/site-packages/airflow/example_dags/example_time_delta_sensor_async.py for tasks to queue
[2024-04-07T15:00:18.125+0000] {logging_mixin.py:188} INFO - [2024-04-07T15:00:18.125+0000] {dagbag.py:540} INFO - Filling up the DagBag from /home/airflow/.local/lib/python3.8/site-packages/airflow/example_dags/example_time_delta_sensor_async.py
[2024-04-07T15:00:18.133+0000] {processor.py:840} INFO - DAG(s) 'example_time_delta_sensor_async' retrieved from /home/airflow/.local/lib/python3.8/site-packages/airflow/example_dags/example_time_delta_sensor_async.py
[2024-04-07T15:00:18.175+0000] {logging_mixin.py:188} INFO - [2024-04-07T15:00:18.175+0000] {dag.py:3047} INFO - Sync 1 DAGs
[2024-04-07T15:00:18.199+0000] {logging_mixin.py:188} INFO - [2024-04-07T15:00:18.198+0000] {dag.py:3834} INFO - Setting next_dagrun for example_time_delta_sensor_async to None, run_after=None
[2024-04-07T15:00:18.233+0000] {processor.py:183} INFO - Processing /home/airflow/.local/lib/python3.8/site-packages/airflow/example_dags/example_time_delta_sensor_async.py took 0.125 seconds
