[2024-04-07T14:39:17.354+0000] {processor.py:161} INFO - Started process (PID=51) to work on /home/airflow/.local/lib/python3.8/site-packages/airflow/example_dags/example_branch_operator.py
[2024-04-07T14:39:17.360+0000] {processor.py:830} INFO - Processing file /home/airflow/.local/lib/python3.8/site-packages/airflow/example_dags/example_branch_operator.py for tasks to queue
[2024-04-07T14:39:17.367+0000] {logging_mixin.py:188} INFO - [2024-04-07T14:39:17.366+0000] {dagbag.py:540} INFO - Filling up the DagBag from /home/airflow/.local/lib/python3.8/site-packages/airflow/example_dags/example_branch_operator.py
[2024-04-07T14:39:17.737+0000] {processor.py:840} INFO - DAG(s) 'example_branch_operator' retrieved from /home/airflow/.local/lib/python3.8/site-packages/airflow/example_dags/example_branch_operator.py
[2024-04-07T14:39:18.085+0000] {logging_mixin.py:188} INFO - [2024-04-07T14:39:18.084+0000] {dag.py:3047} INFO - Sync 1 DAGs
[2024-04-07T14:39:18.130+0000] {logging_mixin.py:188} INFO - [2024-04-07T14:39:18.130+0000] {dag.py:3834} INFO - Setting next_dagrun for example_branch_operator to 2024-04-06 00:00:00+00:00, run_after=2024-04-07 00:00:00+00:00
[2024-04-07T14:39:18.427+0000] {processor.py:183} INFO - Processing /home/airflow/.local/lib/python3.8/site-packages/airflow/example_dags/example_branch_operator.py took 1.080 seconds
[2024-04-07T14:39:51.095+0000] {processor.py:161} INFO - Started process (PID=108) to work on /home/airflow/.local/lib/python3.8/site-packages/airflow/example_dags/example_branch_operator.py
[2024-04-07T14:39:51.097+0000] {processor.py:830} INFO - Processing file /home/airflow/.local/lib/python3.8/site-packages/airflow/example_dags/example_branch_operator.py for tasks to queue
[2024-04-07T14:39:51.100+0000] {logging_mixin.py:188} INFO - [2024-04-07T14:39:51.100+0000] {dagbag.py:540} INFO - Filling up the DagBag from /home/airflow/.local/lib/python3.8/site-packages/airflow/example_dags/example_branch_operator.py
[2024-04-07T14:39:51.151+0000] {processor.py:840} INFO - DAG(s) 'example_branch_operator' retrieved from /home/airflow/.local/lib/python3.8/site-packages/airflow/example_dags/example_branch_operator.py
[2024-04-07T14:39:51.339+0000] {logging_mixin.py:188} INFO - [2024-04-07T14:39:51.338+0000] {dag.py:3047} INFO - Sync 1 DAGs
[2024-04-07T14:39:51.849+0000] {logging_mixin.py:188} INFO - [2024-04-07T14:39:51.848+0000] {dag.py:3834} INFO - Setting next_dagrun for example_branch_operator to 2024-04-06 00:00:00+00:00, run_after=2024-04-07 00:00:00+00:00
[2024-04-07T14:39:52.131+0000] {processor.py:183} INFO - Processing /home/airflow/.local/lib/python3.8/site-packages/airflow/example_dags/example_branch_operator.py took 1.045 seconds
[2024-04-07T14:40:25.757+0000] {processor.py:161} INFO - Started process (PID=165) to work on /home/airflow/.local/lib/python3.8/site-packages/airflow/example_dags/example_branch_operator.py
[2024-04-07T14:40:25.759+0000] {processor.py:830} INFO - Processing file /home/airflow/.local/lib/python3.8/site-packages/airflow/example_dags/example_branch_operator.py for tasks to queue
[2024-04-07T14:40:25.770+0000] {logging_mixin.py:188} INFO - [2024-04-07T14:40:25.769+0000] {dagbag.py:540} INFO - Filling up the DagBag from /home/airflow/.local/lib/python3.8/site-packages/airflow/example_dags/example_branch_operator.py
[2024-04-07T14:40:25.905+0000] {processor.py:840} INFO - DAG(s) 'example_branch_operator' retrieved from /home/airflow/.local/lib/python3.8/site-packages/airflow/example_dags/example_branch_operator.py
[2024-04-07T14:40:26.092+0000] {logging_mixin.py:188} INFO - [2024-04-07T14:40:26.092+0000] {dag.py:3047} INFO - Sync 1 DAGs
[2024-04-07T14:40:26.233+0000] {logging_mixin.py:188} INFO - [2024-04-07T14:40:26.232+0000] {dag.py:3834} INFO - Setting next_dagrun for example_branch_operator to 2024-04-06 00:00:00+00:00, run_after=2024-04-07 00:00:00+00:00
[2024-04-07T14:40:26.329+0000] {processor.py:183} INFO - Processing /home/airflow/.local/lib/python3.8/site-packages/airflow/example_dags/example_branch_operator.py took 0.585 seconds
[2024-04-07T14:40:56.938+0000] {processor.py:161} INFO - Started process (PID=222) to work on /home/airflow/.local/lib/python3.8/site-packages/airflow/example_dags/example_branch_operator.py
[2024-04-07T14:40:56.942+0000] {processor.py:830} INFO - Processing file /home/airflow/.local/lib/python3.8/site-packages/airflow/example_dags/example_branch_operator.py for tasks to queue
[2024-04-07T14:40:56.947+0000] {logging_mixin.py:188} INFO - [2024-04-07T14:40:56.946+0000] {dagbag.py:540} INFO - Filling up the DagBag from /home/airflow/.local/lib/python3.8/site-packages/airflow/example_dags/example_branch_operator.py
[2024-04-07T14:40:57.019+0000] {processor.py:840} INFO - DAG(s) 'example_branch_operator' retrieved from /home/airflow/.local/lib/python3.8/site-packages/airflow/example_dags/example_branch_operator.py
[2024-04-07T14:40:57.116+0000] {logging_mixin.py:188} INFO - [2024-04-07T14:40:57.115+0000] {dag.py:3047} INFO - Sync 1 DAGs
[2024-04-07T14:40:57.200+0000] {logging_mixin.py:188} INFO - [2024-04-07T14:40:57.199+0000] {dag.py:3834} INFO - Setting next_dagrun for example_branch_operator to 2024-04-06 00:00:00+00:00, run_after=2024-04-07 00:00:00+00:00
[2024-04-07T14:40:57.358+0000] {processor.py:183} INFO - Processing /home/airflow/.local/lib/python3.8/site-packages/airflow/example_dags/example_branch_operator.py took 0.429 seconds
[2024-04-07T14:41:31.412+0000] {processor.py:161} INFO - Started process (PID=285) to work on /home/airflow/.local/lib/python3.8/site-packages/airflow/example_dags/example_branch_operator.py
[2024-04-07T14:41:31.414+0000] {processor.py:830} INFO - Processing file /home/airflow/.local/lib/python3.8/site-packages/airflow/example_dags/example_branch_operator.py for tasks to queue
[2024-04-07T14:41:31.419+0000] {logging_mixin.py:188} INFO - [2024-04-07T14:41:31.418+0000] {dagbag.py:540} INFO - Filling up the DagBag from /home/airflow/.local/lib/python3.8/site-packages/airflow/example_dags/example_branch_operator.py
[2024-04-07T14:41:31.472+0000] {processor.py:840} INFO - DAG(s) 'example_branch_operator' retrieved from /home/airflow/.local/lib/python3.8/site-packages/airflow/example_dags/example_branch_operator.py
[2024-04-07T14:41:31.556+0000] {logging_mixin.py:188} INFO - [2024-04-07T14:41:31.555+0000] {dag.py:3047} INFO - Sync 1 DAGs
[2024-04-07T14:41:31.620+0000] {logging_mixin.py:188} INFO - [2024-04-07T14:41:31.620+0000] {dag.py:3834} INFO - Setting next_dagrun for example_branch_operator to 2024-04-06 00:00:00+00:00, run_after=2024-04-07 00:00:00+00:00
[2024-04-07T14:41:31.686+0000] {processor.py:183} INFO - Processing /home/airflow/.local/lib/python3.8/site-packages/airflow/example_dags/example_branch_operator.py took 0.280 seconds
[2024-04-07T14:42:03.786+0000] {processor.py:161} INFO - Started process (PID=342) to work on /home/airflow/.local/lib/python3.8/site-packages/airflow/example_dags/example_branch_operator.py
[2024-04-07T14:42:03.791+0000] {processor.py:830} INFO - Processing file /home/airflow/.local/lib/python3.8/site-packages/airflow/example_dags/example_branch_operator.py for tasks to queue
[2024-04-07T14:42:03.801+0000] {logging_mixin.py:188} INFO - [2024-04-07T14:42:03.800+0000] {dagbag.py:540} INFO - Filling up the DagBag from /home/airflow/.local/lib/python3.8/site-packages/airflow/example_dags/example_branch_operator.py
[2024-04-07T14:42:03.927+0000] {processor.py:840} INFO - DAG(s) 'example_branch_operator' retrieved from /home/airflow/.local/lib/python3.8/site-packages/airflow/example_dags/example_branch_operator.py
[2024-04-07T14:42:04.068+0000] {logging_mixin.py:188} INFO - [2024-04-07T14:42:04.067+0000] {dag.py:3047} INFO - Sync 1 DAGs
[2024-04-07T14:42:04.194+0000] {logging_mixin.py:188} INFO - [2024-04-07T14:42:04.193+0000] {dag.py:3834} INFO - Setting next_dagrun for example_branch_operator to 2024-04-06 00:00:00+00:00, run_after=2024-04-07 00:00:00+00:00
[2024-04-07T14:42:04.254+0000] {processor.py:183} INFO - Processing /home/airflow/.local/lib/python3.8/site-packages/airflow/example_dags/example_branch_operator.py took 0.476 seconds
[2024-04-07T14:42:34.399+0000] {processor.py:161} INFO - Started process (PID=399) to work on /home/airflow/.local/lib/python3.8/site-packages/airflow/example_dags/example_branch_operator.py
[2024-04-07T14:42:34.405+0000] {processor.py:830} INFO - Processing file /home/airflow/.local/lib/python3.8/site-packages/airflow/example_dags/example_branch_operator.py for tasks to queue
[2024-04-07T14:42:34.410+0000] {logging_mixin.py:188} INFO - [2024-04-07T14:42:34.409+0000] {dagbag.py:540} INFO - Filling up the DagBag from /home/airflow/.local/lib/python3.8/site-packages/airflow/example_dags/example_branch_operator.py
[2024-04-07T14:42:34.462+0000] {processor.py:840} INFO - DAG(s) 'example_branch_operator' retrieved from /home/airflow/.local/lib/python3.8/site-packages/airflow/example_dags/example_branch_operator.py
[2024-04-07T14:42:34.531+0000] {logging_mixin.py:188} INFO - [2024-04-07T14:42:34.531+0000] {dag.py:3047} INFO - Sync 1 DAGs
[2024-04-07T14:42:34.590+0000] {logging_mixin.py:188} INFO - [2024-04-07T14:42:34.590+0000] {dag.py:3834} INFO - Setting next_dagrun for example_branch_operator to 2024-04-06 00:00:00+00:00, run_after=2024-04-07 00:00:00+00:00
[2024-04-07T14:42:34.799+0000] {processor.py:183} INFO - Processing /home/airflow/.local/lib/python3.8/site-packages/airflow/example_dags/example_branch_operator.py took 0.417 seconds
[2024-04-07T14:43:06.200+0000] {processor.py:161} INFO - Started process (PID=457) to work on /home/airflow/.local/lib/python3.8/site-packages/airflow/example_dags/example_branch_operator.py
[2024-04-07T14:43:06.205+0000] {processor.py:830} INFO - Processing file /home/airflow/.local/lib/python3.8/site-packages/airflow/example_dags/example_branch_operator.py for tasks to queue
[2024-04-07T14:43:06.210+0000] {logging_mixin.py:188} INFO - [2024-04-07T14:43:06.209+0000] {dagbag.py:540} INFO - Filling up the DagBag from /home/airflow/.local/lib/python3.8/site-packages/airflow/example_dags/example_branch_operator.py
[2024-04-07T14:43:06.256+0000] {processor.py:840} INFO - DAG(s) 'example_branch_operator' retrieved from /home/airflow/.local/lib/python3.8/site-packages/airflow/example_dags/example_branch_operator.py
[2024-04-07T14:43:06.378+0000] {logging_mixin.py:188} INFO - [2024-04-07T14:43:06.377+0000] {dag.py:3047} INFO - Sync 1 DAGs
[2024-04-07T14:43:06.487+0000] {logging_mixin.py:188} INFO - [2024-04-07T14:43:06.485+0000] {dag.py:3834} INFO - Setting next_dagrun for example_branch_operator to 2024-04-06 00:00:00+00:00, run_after=2024-04-07 00:00:00+00:00
[2024-04-07T14:43:06.552+0000] {processor.py:183} INFO - Processing /home/airflow/.local/lib/python3.8/site-packages/airflow/example_dags/example_branch_operator.py took 0.358 seconds
[2024-04-07T14:43:36.893+0000] {processor.py:161} INFO - Started process (PID=514) to work on /home/airflow/.local/lib/python3.8/site-packages/airflow/example_dags/example_branch_operator.py
[2024-04-07T14:43:36.899+0000] {processor.py:830} INFO - Processing file /home/airflow/.local/lib/python3.8/site-packages/airflow/example_dags/example_branch_operator.py for tasks to queue
[2024-04-07T14:43:36.905+0000] {logging_mixin.py:188} INFO - [2024-04-07T14:43:36.904+0000] {dagbag.py:540} INFO - Filling up the DagBag from /home/airflow/.local/lib/python3.8/site-packages/airflow/example_dags/example_branch_operator.py
[2024-04-07T14:43:36.947+0000] {processor.py:840} INFO - DAG(s) 'example_branch_operator' retrieved from /home/airflow/.local/lib/python3.8/site-packages/airflow/example_dags/example_branch_operator.py
[2024-04-07T14:43:37.036+0000] {logging_mixin.py:188} INFO - [2024-04-07T14:43:37.035+0000] {dag.py:3047} INFO - Sync 1 DAGs
[2024-04-07T14:43:37.166+0000] {logging_mixin.py:188} INFO - [2024-04-07T14:43:37.166+0000] {dag.py:3834} INFO - Setting next_dagrun for example_branch_operator to 2024-04-06 00:00:00+00:00, run_after=2024-04-07 00:00:00+00:00
[2024-04-07T14:43:37.419+0000] {processor.py:183} INFO - Processing /home/airflow/.local/lib/python3.8/site-packages/airflow/example_dags/example_branch_operator.py took 0.533 seconds
[2024-04-07T14:44:07.827+0000] {processor.py:161} INFO - Started process (PID=569) to work on /home/airflow/.local/lib/python3.8/site-packages/airflow/example_dags/example_branch_operator.py
[2024-04-07T14:44:07.829+0000] {processor.py:830} INFO - Processing file /home/airflow/.local/lib/python3.8/site-packages/airflow/example_dags/example_branch_operator.py for tasks to queue
[2024-04-07T14:44:07.832+0000] {logging_mixin.py:188} INFO - [2024-04-07T14:44:07.832+0000] {dagbag.py:540} INFO - Filling up the DagBag from /home/airflow/.local/lib/python3.8/site-packages/airflow/example_dags/example_branch_operator.py
[2024-04-07T14:44:07.863+0000] {processor.py:840} INFO - DAG(s) 'example_branch_operator' retrieved from /home/airflow/.local/lib/python3.8/site-packages/airflow/example_dags/example_branch_operator.py
[2024-04-07T14:44:07.933+0000] {logging_mixin.py:188} INFO - [2024-04-07T14:44:07.929+0000] {dag.py:3047} INFO - Sync 1 DAGs
[2024-04-07T14:44:08.042+0000] {logging_mixin.py:188} INFO - [2024-04-07T14:44:08.041+0000] {dag.py:3834} INFO - Setting next_dagrun for example_branch_operator to 2024-04-06 00:00:00+00:00, run_after=2024-04-07 00:00:00+00:00
[2024-04-07T14:44:08.150+0000] {processor.py:183} INFO - Processing /home/airflow/.local/lib/python3.8/site-packages/airflow/example_dags/example_branch_operator.py took 0.330 seconds
[2024-04-07T14:44:40.939+0000] {processor.py:161} INFO - Started process (PID=626) to work on /home/airflow/.local/lib/python3.8/site-packages/airflow/example_dags/example_branch_operator.py
[2024-04-07T14:44:40.943+0000] {processor.py:830} INFO - Processing file /home/airflow/.local/lib/python3.8/site-packages/airflow/example_dags/example_branch_operator.py for tasks to queue
[2024-04-07T14:44:40.949+0000] {logging_mixin.py:188} INFO - [2024-04-07T14:44:40.948+0000] {dagbag.py:540} INFO - Filling up the DagBag from /home/airflow/.local/lib/python3.8/site-packages/airflow/example_dags/example_branch_operator.py
[2024-04-07T14:44:41.137+0000] {processor.py:840} INFO - DAG(s) 'example_branch_operator' retrieved from /home/airflow/.local/lib/python3.8/site-packages/airflow/example_dags/example_branch_operator.py
[2024-04-07T14:44:41.325+0000] {logging_mixin.py:188} INFO - [2024-04-07T14:44:41.324+0000] {dag.py:3047} INFO - Sync 1 DAGs
[2024-04-07T14:44:41.425+0000] {logging_mixin.py:188} INFO - [2024-04-07T14:44:41.424+0000] {dag.py:3834} INFO - Setting next_dagrun for example_branch_operator to 2024-04-06 00:00:00+00:00, run_after=2024-04-07 00:00:00+00:00
[2024-04-07T14:44:41.781+0000] {processor.py:183} INFO - Processing /home/airflow/.local/lib/python3.8/site-packages/airflow/example_dags/example_branch_operator.py took 0.857 seconds
[2024-04-07T14:45:12.019+0000] {processor.py:161} INFO - Started process (PID=683) to work on /home/airflow/.local/lib/python3.8/site-packages/airflow/example_dags/example_branch_operator.py
[2024-04-07T14:45:12.022+0000] {processor.py:830} INFO - Processing file /home/airflow/.local/lib/python3.8/site-packages/airflow/example_dags/example_branch_operator.py for tasks to queue
[2024-04-07T14:45:12.026+0000] {logging_mixin.py:188} INFO - [2024-04-07T14:45:12.025+0000] {dagbag.py:540} INFO - Filling up the DagBag from /home/airflow/.local/lib/python3.8/site-packages/airflow/example_dags/example_branch_operator.py
[2024-04-07T14:45:12.066+0000] {processor.py:840} INFO - DAG(s) 'example_branch_operator' retrieved from /home/airflow/.local/lib/python3.8/site-packages/airflow/example_dags/example_branch_operator.py
[2024-04-07T14:45:12.122+0000] {logging_mixin.py:188} INFO - [2024-04-07T14:45:12.121+0000] {dag.py:3047} INFO - Sync 1 DAGs
[2024-04-07T14:45:12.174+0000] {logging_mixin.py:188} INFO - [2024-04-07T14:45:12.173+0000] {dag.py:3834} INFO - Setting next_dagrun for example_branch_operator to 2024-04-06 00:00:00+00:00, run_after=2024-04-07 00:00:00+00:00
[2024-04-07T14:45:12.220+0000] {processor.py:183} INFO - Processing /home/airflow/.local/lib/python3.8/site-packages/airflow/example_dags/example_branch_operator.py took 0.213 seconds
[2024-04-07T14:45:43.038+0000] {processor.py:161} INFO - Started process (PID=739) to work on /home/airflow/.local/lib/python3.8/site-packages/airflow/example_dags/example_branch_operator.py
[2024-04-07T14:45:43.041+0000] {processor.py:830} INFO - Processing file /home/airflow/.local/lib/python3.8/site-packages/airflow/example_dags/example_branch_operator.py for tasks to queue
[2024-04-07T14:45:43.045+0000] {logging_mixin.py:188} INFO - [2024-04-07T14:45:43.044+0000] {dagbag.py:540} INFO - Filling up the DagBag from /home/airflow/.local/lib/python3.8/site-packages/airflow/example_dags/example_branch_operator.py
[2024-04-07T14:45:43.094+0000] {processor.py:840} INFO - DAG(s) 'example_branch_operator' retrieved from /home/airflow/.local/lib/python3.8/site-packages/airflow/example_dags/example_branch_operator.py
[2024-04-07T14:45:43.158+0000] {logging_mixin.py:188} INFO - [2024-04-07T14:45:43.157+0000] {dag.py:3047} INFO - Sync 1 DAGs
[2024-04-07T14:45:43.211+0000] {logging_mixin.py:188} INFO - [2024-04-07T14:45:43.210+0000] {dag.py:3834} INFO - Setting next_dagrun for example_branch_operator to 2024-04-06 00:00:00+00:00, run_after=2024-04-07 00:00:00+00:00
[2024-04-07T14:45:43.262+0000] {processor.py:183} INFO - Processing /home/airflow/.local/lib/python3.8/site-packages/airflow/example_dags/example_branch_operator.py took 0.230 seconds
[2024-04-07T14:46:14.540+0000] {processor.py:161} INFO - Started process (PID=796) to work on /home/airflow/.local/lib/python3.8/site-packages/airflow/example_dags/example_branch_operator.py
[2024-04-07T14:46:14.543+0000] {processor.py:830} INFO - Processing file /home/airflow/.local/lib/python3.8/site-packages/airflow/example_dags/example_branch_operator.py for tasks to queue
[2024-04-07T14:46:14.556+0000] {logging_mixin.py:188} INFO - [2024-04-07T14:46:14.555+0000] {dagbag.py:540} INFO - Filling up the DagBag from /home/airflow/.local/lib/python3.8/site-packages/airflow/example_dags/example_branch_operator.py
[2024-04-07T14:46:14.626+0000] {processor.py:840} INFO - DAG(s) 'example_branch_operator' retrieved from /home/airflow/.local/lib/python3.8/site-packages/airflow/example_dags/example_branch_operator.py
[2024-04-07T14:46:14.703+0000] {logging_mixin.py:188} INFO - [2024-04-07T14:46:14.703+0000] {dag.py:3047} INFO - Sync 1 DAGs
[2024-04-07T14:46:14.758+0000] {logging_mixin.py:188} INFO - [2024-04-07T14:46:14.757+0000] {dag.py:3834} INFO - Setting next_dagrun for example_branch_operator to 2024-04-06 00:00:00+00:00, run_after=2024-04-07 00:00:00+00:00
[2024-04-07T14:46:14.818+0000] {processor.py:183} INFO - Processing /home/airflow/.local/lib/python3.8/site-packages/airflow/example_dags/example_branch_operator.py took 0.289 seconds
[2024-04-07T14:46:46.902+0000] {processor.py:161} INFO - Started process (PID=853) to work on /home/airflow/.local/lib/python3.8/site-packages/airflow/example_dags/example_branch_operator.py
[2024-04-07T14:46:46.904+0000] {processor.py:830} INFO - Processing file /home/airflow/.local/lib/python3.8/site-packages/airflow/example_dags/example_branch_operator.py for tasks to queue
[2024-04-07T14:46:46.909+0000] {logging_mixin.py:188} INFO - [2024-04-07T14:46:46.908+0000] {dagbag.py:540} INFO - Filling up the DagBag from /home/airflow/.local/lib/python3.8/site-packages/airflow/example_dags/example_branch_operator.py
[2024-04-07T14:46:46.949+0000] {processor.py:840} INFO - DAG(s) 'example_branch_operator' retrieved from /home/airflow/.local/lib/python3.8/site-packages/airflow/example_dags/example_branch_operator.py
[2024-04-07T14:46:47.014+0000] {logging_mixin.py:188} INFO - [2024-04-07T14:46:47.013+0000] {dag.py:3047} INFO - Sync 1 DAGs
[2024-04-07T14:46:47.054+0000] {logging_mixin.py:188} INFO - [2024-04-07T14:46:47.054+0000] {dag.py:3834} INFO - Setting next_dagrun for example_branch_operator to 2024-04-06 00:00:00+00:00, run_after=2024-04-07 00:00:00+00:00
[2024-04-07T14:46:47.100+0000] {processor.py:183} INFO - Processing /home/airflow/.local/lib/python3.8/site-packages/airflow/example_dags/example_branch_operator.py took 0.204 seconds
[2024-04-07T14:47:18.262+0000] {processor.py:161} INFO - Started process (PID=910) to work on /home/airflow/.local/lib/python3.8/site-packages/airflow/example_dags/example_branch_operator.py
[2024-04-07T14:47:18.269+0000] {processor.py:830} INFO - Processing file /home/airflow/.local/lib/python3.8/site-packages/airflow/example_dags/example_branch_operator.py for tasks to queue
[2024-04-07T14:47:18.276+0000] {logging_mixin.py:188} INFO - [2024-04-07T14:47:18.276+0000] {dagbag.py:540} INFO - Filling up the DagBag from /home/airflow/.local/lib/python3.8/site-packages/airflow/example_dags/example_branch_operator.py
[2024-04-07T14:47:18.364+0000] {processor.py:840} INFO - DAG(s) 'example_branch_operator' retrieved from /home/airflow/.local/lib/python3.8/site-packages/airflow/example_dags/example_branch_operator.py
[2024-04-07T14:47:18.437+0000] {logging_mixin.py:188} INFO - [2024-04-07T14:47:18.436+0000] {dag.py:3047} INFO - Sync 1 DAGs
[2024-04-07T14:47:18.507+0000] {logging_mixin.py:188} INFO - [2024-04-07T14:47:18.506+0000] {dag.py:3834} INFO - Setting next_dagrun for example_branch_operator to 2024-04-06 00:00:00+00:00, run_after=2024-04-07 00:00:00+00:00
[2024-04-07T14:47:18.597+0000] {processor.py:183} INFO - Processing /home/airflow/.local/lib/python3.8/site-packages/airflow/example_dags/example_branch_operator.py took 0.351 seconds
[2024-04-07T14:47:49.471+0000] {processor.py:161} INFO - Started process (PID=967) to work on /home/airflow/.local/lib/python3.8/site-packages/airflow/example_dags/example_branch_operator.py
[2024-04-07T14:47:49.473+0000] {processor.py:830} INFO - Processing file /home/airflow/.local/lib/python3.8/site-packages/airflow/example_dags/example_branch_operator.py for tasks to queue
[2024-04-07T14:47:49.478+0000] {logging_mixin.py:188} INFO - [2024-04-07T14:47:49.477+0000] {dagbag.py:540} INFO - Filling up the DagBag from /home/airflow/.local/lib/python3.8/site-packages/airflow/example_dags/example_branch_operator.py
[2024-04-07T14:47:49.568+0000] {processor.py:840} INFO - DAG(s) 'example_branch_operator' retrieved from /home/airflow/.local/lib/python3.8/site-packages/airflow/example_dags/example_branch_operator.py
[2024-04-07T14:47:49.678+0000] {logging_mixin.py:188} INFO - [2024-04-07T14:47:49.678+0000] {dag.py:3047} INFO - Sync 1 DAGs
[2024-04-07T14:47:49.764+0000] {logging_mixin.py:188} INFO - [2024-04-07T14:47:49.764+0000] {dag.py:3834} INFO - Setting next_dagrun for example_branch_operator to 2024-04-06 00:00:00+00:00, run_after=2024-04-07 00:00:00+00:00
[2024-04-07T14:47:49.818+0000] {processor.py:183} INFO - Processing /home/airflow/.local/lib/python3.8/site-packages/airflow/example_dags/example_branch_operator.py took 0.365 seconds
[2024-04-07T14:48:20.341+0000] {processor.py:161} INFO - Started process (PID=1024) to work on /home/airflow/.local/lib/python3.8/site-packages/airflow/example_dags/example_branch_operator.py
[2024-04-07T14:48:20.343+0000] {processor.py:830} INFO - Processing file /home/airflow/.local/lib/python3.8/site-packages/airflow/example_dags/example_branch_operator.py for tasks to queue
[2024-04-07T14:48:20.348+0000] {logging_mixin.py:188} INFO - [2024-04-07T14:48:20.348+0000] {dagbag.py:540} INFO - Filling up the DagBag from /home/airflow/.local/lib/python3.8/site-packages/airflow/example_dags/example_branch_operator.py
[2024-04-07T14:48:20.392+0000] {processor.py:840} INFO - DAG(s) 'example_branch_operator' retrieved from /home/airflow/.local/lib/python3.8/site-packages/airflow/example_dags/example_branch_operator.py
[2024-04-07T14:48:20.450+0000] {logging_mixin.py:188} INFO - [2024-04-07T14:48:20.449+0000] {dag.py:3047} INFO - Sync 1 DAGs
[2024-04-07T14:48:20.501+0000] {logging_mixin.py:188} INFO - [2024-04-07T14:48:20.500+0000] {dag.py:3834} INFO - Setting next_dagrun for example_branch_operator to 2024-04-06 00:00:00+00:00, run_after=2024-04-07 00:00:00+00:00
[2024-04-07T14:48:20.557+0000] {processor.py:183} INFO - Processing /home/airflow/.local/lib/python3.8/site-packages/airflow/example_dags/example_branch_operator.py took 0.223 seconds
[2024-04-07T14:48:51.096+0000] {processor.py:161} INFO - Started process (PID=1081) to work on /home/airflow/.local/lib/python3.8/site-packages/airflow/example_dags/example_branch_operator.py
[2024-04-07T14:48:51.099+0000] {processor.py:830} INFO - Processing file /home/airflow/.local/lib/python3.8/site-packages/airflow/example_dags/example_branch_operator.py for tasks to queue
[2024-04-07T14:48:51.104+0000] {logging_mixin.py:188} INFO - [2024-04-07T14:48:51.104+0000] {dagbag.py:540} INFO - Filling up the DagBag from /home/airflow/.local/lib/python3.8/site-packages/airflow/example_dags/example_branch_operator.py
[2024-04-07T14:48:51.154+0000] {processor.py:840} INFO - DAG(s) 'example_branch_operator' retrieved from /home/airflow/.local/lib/python3.8/site-packages/airflow/example_dags/example_branch_operator.py
[2024-04-07T14:48:51.247+0000] {logging_mixin.py:188} INFO - [2024-04-07T14:48:51.247+0000] {dag.py:3047} INFO - Sync 1 DAGs
[2024-04-07T14:48:51.317+0000] {logging_mixin.py:188} INFO - [2024-04-07T14:48:51.316+0000] {dag.py:3834} INFO - Setting next_dagrun for example_branch_operator to 2024-04-06 00:00:00+00:00, run_after=2024-04-07 00:00:00+00:00
[2024-04-07T14:48:51.382+0000] {processor.py:183} INFO - Processing /home/airflow/.local/lib/python3.8/site-packages/airflow/example_dags/example_branch_operator.py took 0.292 seconds
[2024-04-07T14:49:22.209+0000] {processor.py:161} INFO - Started process (PID=1139) to work on /home/airflow/.local/lib/python3.8/site-packages/airflow/example_dags/example_branch_operator.py
[2024-04-07T14:49:22.212+0000] {processor.py:830} INFO - Processing file /home/airflow/.local/lib/python3.8/site-packages/airflow/example_dags/example_branch_operator.py for tasks to queue
[2024-04-07T14:49:22.218+0000] {logging_mixin.py:188} INFO - [2024-04-07T14:49:22.216+0000] {dagbag.py:540} INFO - Filling up the DagBag from /home/airflow/.local/lib/python3.8/site-packages/airflow/example_dags/example_branch_operator.py
[2024-04-07T14:49:22.271+0000] {processor.py:840} INFO - DAG(s) 'example_branch_operator' retrieved from /home/airflow/.local/lib/python3.8/site-packages/airflow/example_dags/example_branch_operator.py
[2024-04-07T14:49:22.353+0000] {logging_mixin.py:188} INFO - [2024-04-07T14:49:22.352+0000] {dag.py:3047} INFO - Sync 1 DAGs
[2024-04-07T14:49:22.423+0000] {logging_mixin.py:188} INFO - [2024-04-07T14:49:22.423+0000] {dag.py:3834} INFO - Setting next_dagrun for example_branch_operator to 2024-04-06 00:00:00+00:00, run_after=2024-04-07 00:00:00+00:00
[2024-04-07T14:49:22.474+0000] {processor.py:183} INFO - Processing /home/airflow/.local/lib/python3.8/site-packages/airflow/example_dags/example_branch_operator.py took 0.271 seconds
[2024-04-07T14:49:52.821+0000] {processor.py:161} INFO - Started process (PID=1193) to work on /home/airflow/.local/lib/python3.8/site-packages/airflow/example_dags/example_branch_operator.py
[2024-04-07T14:49:52.824+0000] {processor.py:830} INFO - Processing file /home/airflow/.local/lib/python3.8/site-packages/airflow/example_dags/example_branch_operator.py for tasks to queue
[2024-04-07T14:49:52.830+0000] {logging_mixin.py:188} INFO - [2024-04-07T14:49:52.830+0000] {dagbag.py:540} INFO - Filling up the DagBag from /home/airflow/.local/lib/python3.8/site-packages/airflow/example_dags/example_branch_operator.py
[2024-04-07T14:49:52.926+0000] {processor.py:840} INFO - DAG(s) 'example_branch_operator' retrieved from /home/airflow/.local/lib/python3.8/site-packages/airflow/example_dags/example_branch_operator.py
[2024-04-07T14:49:53.001+0000] {logging_mixin.py:188} INFO - [2024-04-07T14:49:53.000+0000] {dag.py:3047} INFO - Sync 1 DAGs
[2024-04-07T14:49:53.057+0000] {logging_mixin.py:188} INFO - [2024-04-07T14:49:53.056+0000] {dag.py:3834} INFO - Setting next_dagrun for example_branch_operator to 2024-04-06 00:00:00+00:00, run_after=2024-04-07 00:00:00+00:00
[2024-04-07T14:49:53.155+0000] {processor.py:183} INFO - Processing /home/airflow/.local/lib/python3.8/site-packages/airflow/example_dags/example_branch_operator.py took 0.350 seconds
[2024-04-07T14:50:23.900+0000] {processor.py:161} INFO - Started process (PID=1248) to work on /home/airflow/.local/lib/python3.8/site-packages/airflow/example_dags/example_branch_operator.py
[2024-04-07T14:50:23.907+0000] {processor.py:830} INFO - Processing file /home/airflow/.local/lib/python3.8/site-packages/airflow/example_dags/example_branch_operator.py for tasks to queue
[2024-04-07T14:50:23.912+0000] {logging_mixin.py:188} INFO - [2024-04-07T14:50:23.911+0000] {dagbag.py:540} INFO - Filling up the DagBag from /home/airflow/.local/lib/python3.8/site-packages/airflow/example_dags/example_branch_operator.py
[2024-04-07T14:50:24.004+0000] {processor.py:840} INFO - DAG(s) 'example_branch_operator' retrieved from /home/airflow/.local/lib/python3.8/site-packages/airflow/example_dags/example_branch_operator.py
[2024-04-07T14:50:24.139+0000] {logging_mixin.py:188} INFO - [2024-04-07T14:50:24.139+0000] {dag.py:3047} INFO - Sync 1 DAGs
[2024-04-07T14:50:24.207+0000] {logging_mixin.py:188} INFO - [2024-04-07T14:50:24.206+0000] {dag.py:3834} INFO - Setting next_dagrun for example_branch_operator to 2024-04-06 00:00:00+00:00, run_after=2024-04-07 00:00:00+00:00
[2024-04-07T14:50:24.399+0000] {processor.py:183} INFO - Processing /home/airflow/.local/lib/python3.8/site-packages/airflow/example_dags/example_branch_operator.py took 0.517 seconds
[2024-04-07T14:50:54.538+0000] {processor.py:161} INFO - Started process (PID=1305) to work on /home/airflow/.local/lib/python3.8/site-packages/airflow/example_dags/example_branch_operator.py
[2024-04-07T14:50:54.542+0000] {processor.py:830} INFO - Processing file /home/airflow/.local/lib/python3.8/site-packages/airflow/example_dags/example_branch_operator.py for tasks to queue
[2024-04-07T14:50:54.546+0000] {logging_mixin.py:188} INFO - [2024-04-07T14:50:54.545+0000] {dagbag.py:540} INFO - Filling up the DagBag from /home/airflow/.local/lib/python3.8/site-packages/airflow/example_dags/example_branch_operator.py
[2024-04-07T14:50:54.582+0000] {processor.py:840} INFO - DAG(s) 'example_branch_operator' retrieved from /home/airflow/.local/lib/python3.8/site-packages/airflow/example_dags/example_branch_operator.py
[2024-04-07T14:50:54.644+0000] {logging_mixin.py:188} INFO - [2024-04-07T14:50:54.643+0000] {dag.py:3047} INFO - Sync 1 DAGs
[2024-04-07T14:50:54.689+0000] {logging_mixin.py:188} INFO - [2024-04-07T14:50:54.688+0000] {dag.py:3834} INFO - Setting next_dagrun for example_branch_operator to 2024-04-06 00:00:00+00:00, run_after=2024-04-07 00:00:00+00:00
[2024-04-07T14:50:54.756+0000] {processor.py:183} INFO - Processing /home/airflow/.local/lib/python3.8/site-packages/airflow/example_dags/example_branch_operator.py took 0.224 seconds
[2024-04-07T14:51:24.848+0000] {processor.py:161} INFO - Started process (PID=1361) to work on /home/airflow/.local/lib/python3.8/site-packages/airflow/example_dags/example_branch_operator.py
[2024-04-07T14:51:24.850+0000] {processor.py:830} INFO - Processing file /home/airflow/.local/lib/python3.8/site-packages/airflow/example_dags/example_branch_operator.py for tasks to queue
[2024-04-07T14:51:24.853+0000] {logging_mixin.py:188} INFO - [2024-04-07T14:51:24.852+0000] {dagbag.py:540} INFO - Filling up the DagBag from /home/airflow/.local/lib/python3.8/site-packages/airflow/example_dags/example_branch_operator.py
[2024-04-07T14:51:24.889+0000] {processor.py:840} INFO - DAG(s) 'example_branch_operator' retrieved from /home/airflow/.local/lib/python3.8/site-packages/airflow/example_dags/example_branch_operator.py
[2024-04-07T14:51:24.948+0000] {logging_mixin.py:188} INFO - [2024-04-07T14:51:24.947+0000] {dag.py:3047} INFO - Sync 1 DAGs
[2024-04-07T14:51:24.995+0000] {logging_mixin.py:188} INFO - [2024-04-07T14:51:24.995+0000] {dag.py:3834} INFO - Setting next_dagrun for example_branch_operator to 2024-04-06 00:00:00+00:00, run_after=2024-04-07 00:00:00+00:00
[2024-04-07T14:51:25.064+0000] {processor.py:183} INFO - Processing /home/airflow/.local/lib/python3.8/site-packages/airflow/example_dags/example_branch_operator.py took 0.222 seconds
[2024-04-07T14:51:56.352+0000] {processor.py:161} INFO - Started process (PID=1419) to work on /home/airflow/.local/lib/python3.8/site-packages/airflow/example_dags/example_branch_operator.py
[2024-04-07T14:51:56.365+0000] {processor.py:830} INFO - Processing file /home/airflow/.local/lib/python3.8/site-packages/airflow/example_dags/example_branch_operator.py for tasks to queue
[2024-04-07T14:51:56.370+0000] {logging_mixin.py:188} INFO - [2024-04-07T14:51:56.369+0000] {dagbag.py:540} INFO - Filling up the DagBag from /home/airflow/.local/lib/python3.8/site-packages/airflow/example_dags/example_branch_operator.py
[2024-04-07T14:51:56.483+0000] {processor.py:840} INFO - DAG(s) 'example_branch_operator' retrieved from /home/airflow/.local/lib/python3.8/site-packages/airflow/example_dags/example_branch_operator.py
[2024-04-07T14:51:56.650+0000] {logging_mixin.py:188} INFO - [2024-04-07T14:51:56.650+0000] {dag.py:3047} INFO - Sync 1 DAGs
[2024-04-07T14:51:56.760+0000] {logging_mixin.py:188} INFO - [2024-04-07T14:51:56.760+0000] {dag.py:3834} INFO - Setting next_dagrun for example_branch_operator to 2024-04-06 00:00:00+00:00, run_after=2024-04-07 00:00:00+00:00
[2024-04-07T14:51:56.834+0000] {processor.py:183} INFO - Processing /home/airflow/.local/lib/python3.8/site-packages/airflow/example_dags/example_branch_operator.py took 0.488 seconds
[2024-04-07T14:52:26.957+0000] {processor.py:161} INFO - Started process (PID=1476) to work on /home/airflow/.local/lib/python3.8/site-packages/airflow/example_dags/example_branch_operator.py
[2024-04-07T14:52:26.959+0000] {processor.py:830} INFO - Processing file /home/airflow/.local/lib/python3.8/site-packages/airflow/example_dags/example_branch_operator.py for tasks to queue
[2024-04-07T14:52:26.963+0000] {logging_mixin.py:188} INFO - [2024-04-07T14:52:26.962+0000] {dagbag.py:540} INFO - Filling up the DagBag from /home/airflow/.local/lib/python3.8/site-packages/airflow/example_dags/example_branch_operator.py
[2024-04-07T14:52:27.012+0000] {processor.py:840} INFO - DAG(s) 'example_branch_operator' retrieved from /home/airflow/.local/lib/python3.8/site-packages/airflow/example_dags/example_branch_operator.py
[2024-04-07T14:52:27.104+0000] {logging_mixin.py:188} INFO - [2024-04-07T14:52:27.103+0000] {dag.py:3047} INFO - Sync 1 DAGs
[2024-04-07T14:52:27.186+0000] {logging_mixin.py:188} INFO - [2024-04-07T14:52:27.185+0000] {dag.py:3834} INFO - Setting next_dagrun for example_branch_operator to 2024-04-06 00:00:00+00:00, run_after=2024-04-07 00:00:00+00:00
[2024-04-07T14:52:27.280+0000] {processor.py:183} INFO - Processing /home/airflow/.local/lib/python3.8/site-packages/airflow/example_dags/example_branch_operator.py took 0.336 seconds
[2024-04-07T14:52:57.481+0000] {processor.py:161} INFO - Started process (PID=1533) to work on /home/airflow/.local/lib/python3.8/site-packages/airflow/example_dags/example_branch_operator.py
[2024-04-07T14:52:57.483+0000] {processor.py:830} INFO - Processing file /home/airflow/.local/lib/python3.8/site-packages/airflow/example_dags/example_branch_operator.py for tasks to queue
[2024-04-07T14:52:57.489+0000] {logging_mixin.py:188} INFO - [2024-04-07T14:52:57.488+0000] {dagbag.py:540} INFO - Filling up the DagBag from /home/airflow/.local/lib/python3.8/site-packages/airflow/example_dags/example_branch_operator.py
[2024-04-07T14:52:57.533+0000] {processor.py:840} INFO - DAG(s) 'example_branch_operator' retrieved from /home/airflow/.local/lib/python3.8/site-packages/airflow/example_dags/example_branch_operator.py
[2024-04-07T14:52:57.593+0000] {logging_mixin.py:188} INFO - [2024-04-07T14:52:57.592+0000] {dag.py:3047} INFO - Sync 1 DAGs
[2024-04-07T14:52:57.650+0000] {logging_mixin.py:188} INFO - [2024-04-07T14:52:57.650+0000] {dag.py:3834} INFO - Setting next_dagrun for example_branch_operator to 2024-04-06 00:00:00+00:00, run_after=2024-04-07 00:00:00+00:00
[2024-04-07T14:52:57.699+0000] {processor.py:183} INFO - Processing /home/airflow/.local/lib/python3.8/site-packages/airflow/example_dags/example_branch_operator.py took 0.223 seconds
[2024-04-07T14:53:28.241+0000] {processor.py:161} INFO - Started process (PID=1590) to work on /home/airflow/.local/lib/python3.8/site-packages/airflow/example_dags/example_branch_operator.py
[2024-04-07T14:53:28.245+0000] {processor.py:830} INFO - Processing file /home/airflow/.local/lib/python3.8/site-packages/airflow/example_dags/example_branch_operator.py for tasks to queue
[2024-04-07T14:53:28.250+0000] {logging_mixin.py:188} INFO - [2024-04-07T14:53:28.249+0000] {dagbag.py:540} INFO - Filling up the DagBag from /home/airflow/.local/lib/python3.8/site-packages/airflow/example_dags/example_branch_operator.py
[2024-04-07T14:53:28.338+0000] {processor.py:840} INFO - DAG(s) 'example_branch_operator' retrieved from /home/airflow/.local/lib/python3.8/site-packages/airflow/example_dags/example_branch_operator.py
[2024-04-07T14:53:28.477+0000] {logging_mixin.py:188} INFO - [2024-04-07T14:53:28.477+0000] {dag.py:3047} INFO - Sync 1 DAGs
[2024-04-07T14:53:28.592+0000] {logging_mixin.py:188} INFO - [2024-04-07T14:53:28.592+0000] {dag.py:3834} INFO - Setting next_dagrun for example_branch_operator to 2024-04-06 00:00:00+00:00, run_after=2024-04-07 00:00:00+00:00
[2024-04-07T14:53:28.692+0000] {processor.py:183} INFO - Processing /home/airflow/.local/lib/python3.8/site-packages/airflow/example_dags/example_branch_operator.py took 0.462 seconds
[2024-04-07T14:53:58.775+0000] {processor.py:161} INFO - Started process (PID=1647) to work on /home/airflow/.local/lib/python3.8/site-packages/airflow/example_dags/example_branch_operator.py
[2024-04-07T14:53:58.779+0000] {processor.py:830} INFO - Processing file /home/airflow/.local/lib/python3.8/site-packages/airflow/example_dags/example_branch_operator.py for tasks to queue
[2024-04-07T14:53:58.783+0000] {logging_mixin.py:188} INFO - [2024-04-07T14:53:58.782+0000] {dagbag.py:540} INFO - Filling up the DagBag from /home/airflow/.local/lib/python3.8/site-packages/airflow/example_dags/example_branch_operator.py
[2024-04-07T14:53:58.826+0000] {processor.py:840} INFO - DAG(s) 'example_branch_operator' retrieved from /home/airflow/.local/lib/python3.8/site-packages/airflow/example_dags/example_branch_operator.py
[2024-04-07T14:53:58.879+0000] {logging_mixin.py:188} INFO - [2024-04-07T14:53:58.878+0000] {dag.py:3047} INFO - Sync 1 DAGs
[2024-04-07T14:53:58.934+0000] {logging_mixin.py:188} INFO - [2024-04-07T14:53:58.933+0000] {dag.py:3834} INFO - Setting next_dagrun for example_branch_operator to 2024-04-06 00:00:00+00:00, run_after=2024-04-07 00:00:00+00:00
[2024-04-07T14:53:58.985+0000] {processor.py:183} INFO - Processing /home/airflow/.local/lib/python3.8/site-packages/airflow/example_dags/example_branch_operator.py took 0.217 seconds
[2024-04-07T14:54:29.176+0000] {processor.py:161} INFO - Started process (PID=1704) to work on /home/airflow/.local/lib/python3.8/site-packages/airflow/example_dags/example_branch_operator.py
[2024-04-07T14:54:29.180+0000] {processor.py:830} INFO - Processing file /home/airflow/.local/lib/python3.8/site-packages/airflow/example_dags/example_branch_operator.py for tasks to queue
[2024-04-07T14:54:29.183+0000] {logging_mixin.py:188} INFO - [2024-04-07T14:54:29.183+0000] {dagbag.py:540} INFO - Filling up the DagBag from /home/airflow/.local/lib/python3.8/site-packages/airflow/example_dags/example_branch_operator.py
[2024-04-07T14:54:29.219+0000] {processor.py:840} INFO - DAG(s) 'example_branch_operator' retrieved from /home/airflow/.local/lib/python3.8/site-packages/airflow/example_dags/example_branch_operator.py
[2024-04-07T14:54:29.283+0000] {logging_mixin.py:188} INFO - [2024-04-07T14:54:29.283+0000] {dag.py:3047} INFO - Sync 1 DAGs
[2024-04-07T14:54:29.332+0000] {logging_mixin.py:188} INFO - [2024-04-07T14:54:29.331+0000] {dag.py:3834} INFO - Setting next_dagrun for example_branch_operator to 2024-04-06 00:00:00+00:00, run_after=2024-04-07 00:00:00+00:00
[2024-04-07T14:54:29.373+0000] {processor.py:183} INFO - Processing /home/airflow/.local/lib/python3.8/site-packages/airflow/example_dags/example_branch_operator.py took 0.205 seconds
[2024-04-07T14:54:59.973+0000] {processor.py:161} INFO - Started process (PID=1761) to work on /home/airflow/.local/lib/python3.8/site-packages/airflow/example_dags/example_branch_operator.py
[2024-04-07T14:54:59.975+0000] {processor.py:830} INFO - Processing file /home/airflow/.local/lib/python3.8/site-packages/airflow/example_dags/example_branch_operator.py for tasks to queue
[2024-04-07T14:54:59.980+0000] {logging_mixin.py:188} INFO - [2024-04-07T14:54:59.978+0000] {dagbag.py:540} INFO - Filling up the DagBag from /home/airflow/.local/lib/python3.8/site-packages/airflow/example_dags/example_branch_operator.py
[2024-04-07T14:55:00.029+0000] {processor.py:840} INFO - DAG(s) 'example_branch_operator' retrieved from /home/airflow/.local/lib/python3.8/site-packages/airflow/example_dags/example_branch_operator.py
[2024-04-07T14:55:00.088+0000] {logging_mixin.py:188} INFO - [2024-04-07T14:55:00.088+0000] {dag.py:3047} INFO - Sync 1 DAGs
[2024-04-07T14:55:00.155+0000] {logging_mixin.py:188} INFO - [2024-04-07T14:55:00.155+0000] {dag.py:3834} INFO - Setting next_dagrun for example_branch_operator to 2024-04-06 00:00:00+00:00, run_after=2024-04-07 00:00:00+00:00
[2024-04-07T14:55:00.227+0000] {processor.py:183} INFO - Processing /home/airflow/.local/lib/python3.8/site-packages/airflow/example_dags/example_branch_operator.py took 0.259 seconds
[2024-04-07T14:55:30.753+0000] {processor.py:161} INFO - Started process (PID=1817) to work on /home/airflow/.local/lib/python3.8/site-packages/airflow/example_dags/example_branch_operator.py
[2024-04-07T14:55:30.755+0000] {processor.py:830} INFO - Processing file /home/airflow/.local/lib/python3.8/site-packages/airflow/example_dags/example_branch_operator.py for tasks to queue
[2024-04-07T14:55:30.759+0000] {logging_mixin.py:188} INFO - [2024-04-07T14:55:30.759+0000] {dagbag.py:540} INFO - Filling up the DagBag from /home/airflow/.local/lib/python3.8/site-packages/airflow/example_dags/example_branch_operator.py
[2024-04-07T14:55:30.801+0000] {processor.py:840} INFO - DAG(s) 'example_branch_operator' retrieved from /home/airflow/.local/lib/python3.8/site-packages/airflow/example_dags/example_branch_operator.py
[2024-04-07T14:55:30.865+0000] {logging_mixin.py:188} INFO - [2024-04-07T14:55:30.865+0000] {dag.py:3047} INFO - Sync 1 DAGs
[2024-04-07T14:55:30.913+0000] {logging_mixin.py:188} INFO - [2024-04-07T14:55:30.913+0000] {dag.py:3834} INFO - Setting next_dagrun for example_branch_operator to 2024-04-06 00:00:00+00:00, run_after=2024-04-07 00:00:00+00:00
[2024-04-07T14:55:30.955+0000] {processor.py:183} INFO - Processing /home/airflow/.local/lib/python3.8/site-packages/airflow/example_dags/example_branch_operator.py took 0.208 seconds
[2024-04-07T14:56:01.269+0000] {processor.py:161} INFO - Started process (PID=1874) to work on /home/airflow/.local/lib/python3.8/site-packages/airflow/example_dags/example_branch_operator.py
[2024-04-07T14:56:01.271+0000] {processor.py:830} INFO - Processing file /home/airflow/.local/lib/python3.8/site-packages/airflow/example_dags/example_branch_operator.py for tasks to queue
[2024-04-07T14:56:01.275+0000] {logging_mixin.py:188} INFO - [2024-04-07T14:56:01.275+0000] {dagbag.py:540} INFO - Filling up the DagBag from /home/airflow/.local/lib/python3.8/site-packages/airflow/example_dags/example_branch_operator.py
[2024-04-07T14:56:01.313+0000] {processor.py:840} INFO - DAG(s) 'example_branch_operator' retrieved from /home/airflow/.local/lib/python3.8/site-packages/airflow/example_dags/example_branch_operator.py
[2024-04-07T14:56:01.369+0000] {logging_mixin.py:188} INFO - [2024-04-07T14:56:01.369+0000] {dag.py:3047} INFO - Sync 1 DAGs
[2024-04-07T14:56:01.421+0000] {logging_mixin.py:188} INFO - [2024-04-07T14:56:01.421+0000] {dag.py:3834} INFO - Setting next_dagrun for example_branch_operator to 2024-04-06 00:00:00+00:00, run_after=2024-04-07 00:00:00+00:00
[2024-04-07T14:56:01.460+0000] {processor.py:183} INFO - Processing /home/airflow/.local/lib/python3.8/site-packages/airflow/example_dags/example_branch_operator.py took 0.196 seconds
[2024-04-07T14:56:31.838+0000] {processor.py:161} INFO - Started process (PID=1932) to work on /home/airflow/.local/lib/python3.8/site-packages/airflow/example_dags/example_branch_operator.py
[2024-04-07T14:56:31.841+0000] {processor.py:830} INFO - Processing file /home/airflow/.local/lib/python3.8/site-packages/airflow/example_dags/example_branch_operator.py for tasks to queue
[2024-04-07T14:56:31.845+0000] {logging_mixin.py:188} INFO - [2024-04-07T14:56:31.844+0000] {dagbag.py:540} INFO - Filling up the DagBag from /home/airflow/.local/lib/python3.8/site-packages/airflow/example_dags/example_branch_operator.py
[2024-04-07T14:56:31.889+0000] {processor.py:840} INFO - DAG(s) 'example_branch_operator' retrieved from /home/airflow/.local/lib/python3.8/site-packages/airflow/example_dags/example_branch_operator.py
[2024-04-07T14:56:31.947+0000] {logging_mixin.py:188} INFO - [2024-04-07T14:56:31.947+0000] {dag.py:3047} INFO - Sync 1 DAGs
[2024-04-07T14:56:31.993+0000] {logging_mixin.py:188} INFO - [2024-04-07T14:56:31.991+0000] {dag.py:3834} INFO - Setting next_dagrun for example_branch_operator to 2024-04-06 00:00:00+00:00, run_after=2024-04-07 00:00:00+00:00
[2024-04-07T14:56:32.028+0000] {processor.py:183} INFO - Processing /home/airflow/.local/lib/python3.8/site-packages/airflow/example_dags/example_branch_operator.py took 0.197 seconds
[2024-04-07T14:57:02.177+0000] {processor.py:161} INFO - Started process (PID=1988) to work on /home/airflow/.local/lib/python3.8/site-packages/airflow/example_dags/example_branch_operator.py
[2024-04-07T14:57:02.179+0000] {processor.py:830} INFO - Processing file /home/airflow/.local/lib/python3.8/site-packages/airflow/example_dags/example_branch_operator.py for tasks to queue
[2024-04-07T14:57:02.184+0000] {logging_mixin.py:188} INFO - [2024-04-07T14:57:02.183+0000] {dagbag.py:540} INFO - Filling up the DagBag from /home/airflow/.local/lib/python3.8/site-packages/airflow/example_dags/example_branch_operator.py
[2024-04-07T14:57:02.213+0000] {processor.py:840} INFO - DAG(s) 'example_branch_operator' retrieved from /home/airflow/.local/lib/python3.8/site-packages/airflow/example_dags/example_branch_operator.py
[2024-04-07T14:57:02.266+0000] {logging_mixin.py:188} INFO - [2024-04-07T14:57:02.265+0000] {dag.py:3047} INFO - Sync 1 DAGs
[2024-04-07T14:57:02.306+0000] {logging_mixin.py:188} INFO - [2024-04-07T14:57:02.306+0000] {dag.py:3834} INFO - Setting next_dagrun for example_branch_operator to 2024-04-06 00:00:00+00:00, run_after=2024-04-07 00:00:00+00:00
[2024-04-07T14:57:02.344+0000] {processor.py:183} INFO - Processing /home/airflow/.local/lib/python3.8/site-packages/airflow/example_dags/example_branch_operator.py took 0.174 seconds
[2024-04-07T14:57:33.029+0000] {processor.py:161} INFO - Started process (PID=2043) to work on /home/airflow/.local/lib/python3.8/site-packages/airflow/example_dags/example_branch_operator.py
[2024-04-07T14:57:33.031+0000] {processor.py:830} INFO - Processing file /home/airflow/.local/lib/python3.8/site-packages/airflow/example_dags/example_branch_operator.py for tasks to queue
[2024-04-07T14:57:33.034+0000] {logging_mixin.py:188} INFO - [2024-04-07T14:57:33.034+0000] {dagbag.py:540} INFO - Filling up the DagBag from /home/airflow/.local/lib/python3.8/site-packages/airflow/example_dags/example_branch_operator.py
[2024-04-07T14:57:33.062+0000] {processor.py:840} INFO - DAG(s) 'example_branch_operator' retrieved from /home/airflow/.local/lib/python3.8/site-packages/airflow/example_dags/example_branch_operator.py
[2024-04-07T14:57:33.104+0000] {logging_mixin.py:188} INFO - [2024-04-07T14:57:33.104+0000] {dag.py:3047} INFO - Sync 1 DAGs
[2024-04-07T14:57:33.140+0000] {logging_mixin.py:188} INFO - [2024-04-07T14:57:33.140+0000] {dag.py:3834} INFO - Setting next_dagrun for example_branch_operator to 2024-04-06 00:00:00+00:00, run_after=2024-04-07 00:00:00+00:00
[2024-04-07T14:57:33.174+0000] {processor.py:183} INFO - Processing /home/airflow/.local/lib/python3.8/site-packages/airflow/example_dags/example_branch_operator.py took 0.152 seconds
[2024-04-07T14:58:03.550+0000] {processor.py:161} INFO - Started process (PID=2107) to work on /home/airflow/.local/lib/python3.8/site-packages/airflow/example_dags/example_branch_operator.py
[2024-04-07T14:58:03.552+0000] {processor.py:830} INFO - Processing file /home/airflow/.local/lib/python3.8/site-packages/airflow/example_dags/example_branch_operator.py for tasks to queue
[2024-04-07T14:58:03.556+0000] {logging_mixin.py:188} INFO - [2024-04-07T14:58:03.555+0000] {dagbag.py:540} INFO - Filling up the DagBag from /home/airflow/.local/lib/python3.8/site-packages/airflow/example_dags/example_branch_operator.py
[2024-04-07T14:58:03.590+0000] {processor.py:840} INFO - DAG(s) 'example_branch_operator' retrieved from /home/airflow/.local/lib/python3.8/site-packages/airflow/example_dags/example_branch_operator.py
[2024-04-07T14:58:03.646+0000] {logging_mixin.py:188} INFO - [2024-04-07T14:58:03.645+0000] {dag.py:3047} INFO - Sync 1 DAGs
[2024-04-07T14:58:03.683+0000] {logging_mixin.py:188} INFO - [2024-04-07T14:58:03.683+0000] {dag.py:3834} INFO - Setting next_dagrun for example_branch_operator to 2024-04-06 00:00:00+00:00, run_after=2024-04-07 00:00:00+00:00
[2024-04-07T14:58:03.720+0000] {processor.py:183} INFO - Processing /home/airflow/.local/lib/python3.8/site-packages/airflow/example_dags/example_branch_operator.py took 0.177 seconds
[2024-04-07T14:58:34.486+0000] {processor.py:161} INFO - Started process (PID=2164) to work on /home/airflow/.local/lib/python3.8/site-packages/airflow/example_dags/example_branch_operator.py
[2024-04-07T14:58:34.488+0000] {processor.py:830} INFO - Processing file /home/airflow/.local/lib/python3.8/site-packages/airflow/example_dags/example_branch_operator.py for tasks to queue
[2024-04-07T14:58:34.502+0000] {logging_mixin.py:188} INFO - [2024-04-07T14:58:34.501+0000] {dagbag.py:540} INFO - Filling up the DagBag from /home/airflow/.local/lib/python3.8/site-packages/airflow/example_dags/example_branch_operator.py
[2024-04-07T14:58:34.558+0000] {processor.py:840} INFO - DAG(s) 'example_branch_operator' retrieved from /home/airflow/.local/lib/python3.8/site-packages/airflow/example_dags/example_branch_operator.py
[2024-04-07T14:58:34.614+0000] {logging_mixin.py:188} INFO - [2024-04-07T14:58:34.613+0000] {dag.py:3047} INFO - Sync 1 DAGs
[2024-04-07T14:58:34.662+0000] {logging_mixin.py:188} INFO - [2024-04-07T14:58:34.661+0000] {dag.py:3834} INFO - Setting next_dagrun for example_branch_operator to 2024-04-06 00:00:00+00:00, run_after=2024-04-07 00:00:00+00:00
[2024-04-07T14:58:34.701+0000] {processor.py:183} INFO - Processing /home/airflow/.local/lib/python3.8/site-packages/airflow/example_dags/example_branch_operator.py took 0.222 seconds
[2024-04-07T14:59:05.530+0000] {processor.py:161} INFO - Started process (PID=2221) to work on /home/airflow/.local/lib/python3.8/site-packages/airflow/example_dags/example_branch_operator.py
[2024-04-07T14:59:05.532+0000] {processor.py:830} INFO - Processing file /home/airflow/.local/lib/python3.8/site-packages/airflow/example_dags/example_branch_operator.py for tasks to queue
[2024-04-07T14:59:05.537+0000] {logging_mixin.py:188} INFO - [2024-04-07T14:59:05.536+0000] {dagbag.py:540} INFO - Filling up the DagBag from /home/airflow/.local/lib/python3.8/site-packages/airflow/example_dags/example_branch_operator.py
[2024-04-07T14:59:05.584+0000] {processor.py:840} INFO - DAG(s) 'example_branch_operator' retrieved from /home/airflow/.local/lib/python3.8/site-packages/airflow/example_dags/example_branch_operator.py
[2024-04-07T14:59:05.692+0000] {logging_mixin.py:188} INFO - [2024-04-07T14:59:05.691+0000] {dag.py:3047} INFO - Sync 1 DAGs
[2024-04-07T14:59:05.784+0000] {logging_mixin.py:188} INFO - [2024-04-07T14:59:05.784+0000] {dag.py:3834} INFO - Setting next_dagrun for example_branch_operator to 2024-04-06 00:00:00+00:00, run_after=2024-04-07 00:00:00+00:00
[2024-04-07T14:59:05.829+0000] {processor.py:183} INFO - Processing /home/airflow/.local/lib/python3.8/site-packages/airflow/example_dags/example_branch_operator.py took 0.305 seconds
[2024-04-07T14:59:36.459+0000] {processor.py:161} INFO - Started process (PID=2278) to work on /home/airflow/.local/lib/python3.8/site-packages/airflow/example_dags/example_branch_operator.py
[2024-04-07T14:59:36.461+0000] {processor.py:830} INFO - Processing file /home/airflow/.local/lib/python3.8/site-packages/airflow/example_dags/example_branch_operator.py for tasks to queue
[2024-04-07T14:59:36.465+0000] {logging_mixin.py:188} INFO - [2024-04-07T14:59:36.465+0000] {dagbag.py:540} INFO - Filling up the DagBag from /home/airflow/.local/lib/python3.8/site-packages/airflow/example_dags/example_branch_operator.py
[2024-04-07T14:59:36.508+0000] {processor.py:840} INFO - DAG(s) 'example_branch_operator' retrieved from /home/airflow/.local/lib/python3.8/site-packages/airflow/example_dags/example_branch_operator.py
[2024-04-07T14:59:36.580+0000] {logging_mixin.py:188} INFO - [2024-04-07T14:59:36.579+0000] {dag.py:3047} INFO - Sync 1 DAGs
[2024-04-07T14:59:36.634+0000] {logging_mixin.py:188} INFO - [2024-04-07T14:59:36.633+0000] {dag.py:3834} INFO - Setting next_dagrun for example_branch_operator to 2024-04-06 00:00:00+00:00, run_after=2024-04-07 00:00:00+00:00
[2024-04-07T14:59:36.713+0000] {processor.py:183} INFO - Processing /home/airflow/.local/lib/python3.8/site-packages/airflow/example_dags/example_branch_operator.py took 0.262 seconds
[2024-04-07T15:00:06.927+0000] {processor.py:161} INFO - Started process (PID=2335) to work on /home/airflow/.local/lib/python3.8/site-packages/airflow/example_dags/example_branch_operator.py
[2024-04-07T15:00:06.929+0000] {processor.py:830} INFO - Processing file /home/airflow/.local/lib/python3.8/site-packages/airflow/example_dags/example_branch_operator.py for tasks to queue
[2024-04-07T15:00:06.933+0000] {logging_mixin.py:188} INFO - [2024-04-07T15:00:06.932+0000] {dagbag.py:540} INFO - Filling up the DagBag from /home/airflow/.local/lib/python3.8/site-packages/airflow/example_dags/example_branch_operator.py
[2024-04-07T15:00:06.968+0000] {processor.py:840} INFO - DAG(s) 'example_branch_operator' retrieved from /home/airflow/.local/lib/python3.8/site-packages/airflow/example_dags/example_branch_operator.py
[2024-04-07T15:00:07.015+0000] {logging_mixin.py:188} INFO - [2024-04-07T15:00:07.015+0000] {dag.py:3047} INFO - Sync 1 DAGs
[2024-04-07T15:00:07.057+0000] {logging_mixin.py:188} INFO - [2024-04-07T15:00:07.057+0000] {dag.py:3834} INFO - Setting next_dagrun for example_branch_operator to 2024-04-06 00:00:00+00:00, run_after=2024-04-07 00:00:00+00:00
[2024-04-07T15:00:07.095+0000] {processor.py:183} INFO - Processing /home/airflow/.local/lib/python3.8/site-packages/airflow/example_dags/example_branch_operator.py took 0.175 seconds
[2024-04-07T15:00:39.341+0000] {processor.py:161} INFO - Started process (PID=2390) to work on /home/airflow/.local/lib/python3.8/site-packages/airflow/example_dags/example_branch_operator.py
[2024-04-07T15:00:39.343+0000] {processor.py:830} INFO - Processing file /home/airflow/.local/lib/python3.8/site-packages/airflow/example_dags/example_branch_operator.py for tasks to queue
[2024-04-07T15:00:39.346+0000] {logging_mixin.py:188} INFO - [2024-04-07T15:00:39.345+0000] {dagbag.py:540} INFO - Filling up the DagBag from /home/airflow/.local/lib/python3.8/site-packages/airflow/example_dags/example_branch_operator.py
[2024-04-07T15:00:39.391+0000] {processor.py:840} INFO - DAG(s) 'example_branch_operator' retrieved from /home/airflow/.local/lib/python3.8/site-packages/airflow/example_dags/example_branch_operator.py
[2024-04-07T15:00:39.445+0000] {logging_mixin.py:188} INFO - [2024-04-07T15:00:39.445+0000] {dag.py:3047} INFO - Sync 1 DAGs
[2024-04-07T15:00:39.481+0000] {logging_mixin.py:188} INFO - [2024-04-07T15:00:39.481+0000] {dag.py:3834} INFO - Setting next_dagrun for example_branch_operator to 2024-04-06 00:00:00+00:00, run_after=2024-04-07 00:00:00+00:00
[2024-04-07T15:00:39.511+0000] {processor.py:183} INFO - Processing /home/airflow/.local/lib/python3.8/site-packages/airflow/example_dags/example_branch_operator.py took 0.176 seconds
[2024-04-07T15:01:10.481+0000] {processor.py:161} INFO - Started process (PID=2447) to work on /home/airflow/.local/lib/python3.8/site-packages/airflow/example_dags/example_branch_operator.py
[2024-04-07T15:01:10.483+0000] {processor.py:830} INFO - Processing file /home/airflow/.local/lib/python3.8/site-packages/airflow/example_dags/example_branch_operator.py for tasks to queue
[2024-04-07T15:01:10.487+0000] {logging_mixin.py:188} INFO - [2024-04-07T15:01:10.486+0000] {dagbag.py:540} INFO - Filling up the DagBag from /home/airflow/.local/lib/python3.8/site-packages/airflow/example_dags/example_branch_operator.py
[2024-04-07T15:01:10.532+0000] {processor.py:840} INFO - DAG(s) 'example_branch_operator' retrieved from /home/airflow/.local/lib/python3.8/site-packages/airflow/example_dags/example_branch_operator.py
[2024-04-07T15:01:10.585+0000] {logging_mixin.py:188} INFO - [2024-04-07T15:01:10.585+0000] {dag.py:3047} INFO - Sync 1 DAGs
[2024-04-07T15:01:10.635+0000] {logging_mixin.py:188} INFO - [2024-04-07T15:01:10.635+0000] {dag.py:3834} INFO - Setting next_dagrun for example_branch_operator to 2024-04-06 00:00:00+00:00, run_after=2024-04-07 00:00:00+00:00
[2024-04-07T15:01:10.682+0000] {processor.py:183} INFO - Processing /home/airflow/.local/lib/python3.8/site-packages/airflow/example_dags/example_branch_operator.py took 0.212 seconds
[2024-04-07T15:01:40.752+0000] {processor.py:161} INFO - Started process (PID=2504) to work on /home/airflow/.local/lib/python3.8/site-packages/airflow/example_dags/example_branch_operator.py
[2024-04-07T15:01:40.754+0000] {processor.py:830} INFO - Processing file /home/airflow/.local/lib/python3.8/site-packages/airflow/example_dags/example_branch_operator.py for tasks to queue
[2024-04-07T15:01:40.758+0000] {logging_mixin.py:188} INFO - [2024-04-07T15:01:40.757+0000] {dagbag.py:540} INFO - Filling up the DagBag from /home/airflow/.local/lib/python3.8/site-packages/airflow/example_dags/example_branch_operator.py
[2024-04-07T15:01:40.797+0000] {processor.py:840} INFO - DAG(s) 'example_branch_operator' retrieved from /home/airflow/.local/lib/python3.8/site-packages/airflow/example_dags/example_branch_operator.py
[2024-04-07T15:01:40.852+0000] {logging_mixin.py:188} INFO - [2024-04-07T15:01:40.852+0000] {dag.py:3047} INFO - Sync 1 DAGs
[2024-04-07T15:01:40.896+0000] {logging_mixin.py:188} INFO - [2024-04-07T15:01:40.895+0000] {dag.py:3834} INFO - Setting next_dagrun for example_branch_operator to 2024-04-06 00:00:00+00:00, run_after=2024-04-07 00:00:00+00:00
[2024-04-07T15:01:40.933+0000] {processor.py:183} INFO - Processing /home/airflow/.local/lib/python3.8/site-packages/airflow/example_dags/example_branch_operator.py took 0.188 seconds
[2024-04-07T15:02:11.217+0000] {processor.py:161} INFO - Started process (PID=2561) to work on /home/airflow/.local/lib/python3.8/site-packages/airflow/example_dags/example_branch_operator.py
[2024-04-07T15:02:11.221+0000] {processor.py:830} INFO - Processing file /home/airflow/.local/lib/python3.8/site-packages/airflow/example_dags/example_branch_operator.py for tasks to queue
[2024-04-07T15:02:11.226+0000] {logging_mixin.py:188} INFO - [2024-04-07T15:02:11.225+0000] {dagbag.py:540} INFO - Filling up the DagBag from /home/airflow/.local/lib/python3.8/site-packages/airflow/example_dags/example_branch_operator.py
[2024-04-07T15:02:11.278+0000] {processor.py:840} INFO - DAG(s) 'example_branch_operator' retrieved from /home/airflow/.local/lib/python3.8/site-packages/airflow/example_dags/example_branch_operator.py
[2024-04-07T15:02:11.343+0000] {logging_mixin.py:188} INFO - [2024-04-07T15:02:11.342+0000] {dag.py:3047} INFO - Sync 1 DAGs
[2024-04-07T15:02:11.392+0000] {logging_mixin.py:188} INFO - [2024-04-07T15:02:11.391+0000] {dag.py:3834} INFO - Setting next_dagrun for example_branch_operator to 2024-04-06 00:00:00+00:00, run_after=2024-04-07 00:00:00+00:00
[2024-04-07T15:02:11.439+0000] {processor.py:183} INFO - Processing /home/airflow/.local/lib/python3.8/site-packages/airflow/example_dags/example_branch_operator.py took 0.238 seconds
[2024-04-07T15:02:41.607+0000] {processor.py:161} INFO - Started process (PID=2618) to work on /home/airflow/.local/lib/python3.8/site-packages/airflow/example_dags/example_branch_operator.py
[2024-04-07T15:02:41.611+0000] {processor.py:830} INFO - Processing file /home/airflow/.local/lib/python3.8/site-packages/airflow/example_dags/example_branch_operator.py for tasks to queue
[2024-04-07T15:02:41.616+0000] {logging_mixin.py:188} INFO - [2024-04-07T15:02:41.615+0000] {dagbag.py:540} INFO - Filling up the DagBag from /home/airflow/.local/lib/python3.8/site-packages/airflow/example_dags/example_branch_operator.py
[2024-04-07T15:02:41.673+0000] {processor.py:840} INFO - DAG(s) 'example_branch_operator' retrieved from /home/airflow/.local/lib/python3.8/site-packages/airflow/example_dags/example_branch_operator.py
[2024-04-07T15:02:41.873+0000] {logging_mixin.py:188} INFO - [2024-04-07T15:02:41.872+0000] {dag.py:3047} INFO - Sync 1 DAGs
[2024-04-07T15:02:41.988+0000] {logging_mixin.py:188} INFO - [2024-04-07T15:02:41.988+0000] {dag.py:3834} INFO - Setting next_dagrun for example_branch_operator to 2024-04-06 00:00:00+00:00, run_after=2024-04-07 00:00:00+00:00
[2024-04-07T15:02:42.107+0000] {processor.py:183} INFO - Processing /home/airflow/.local/lib/python3.8/site-packages/airflow/example_dags/example_branch_operator.py took 0.507 seconds
[2024-04-07T15:03:12.861+0000] {processor.py:161} INFO - Started process (PID=2675) to work on /home/airflow/.local/lib/python3.8/site-packages/airflow/example_dags/example_branch_operator.py
[2024-04-07T15:03:12.863+0000] {processor.py:830} INFO - Processing file /home/airflow/.local/lib/python3.8/site-packages/airflow/example_dags/example_branch_operator.py for tasks to queue
[2024-04-07T15:03:12.866+0000] {logging_mixin.py:188} INFO - [2024-04-07T15:03:12.866+0000] {dagbag.py:540} INFO - Filling up the DagBag from /home/airflow/.local/lib/python3.8/site-packages/airflow/example_dags/example_branch_operator.py
[2024-04-07T15:03:12.900+0000] {processor.py:840} INFO - DAG(s) 'example_branch_operator' retrieved from /home/airflow/.local/lib/python3.8/site-packages/airflow/example_dags/example_branch_operator.py
[2024-04-07T15:03:12.955+0000] {logging_mixin.py:188} INFO - [2024-04-07T15:03:12.954+0000] {dag.py:3047} INFO - Sync 1 DAGs
[2024-04-07T15:03:13.001+0000] {logging_mixin.py:188} INFO - [2024-04-07T15:03:13.000+0000] {dag.py:3834} INFO - Setting next_dagrun for example_branch_operator to 2024-04-06 00:00:00+00:00, run_after=2024-04-07 00:00:00+00:00
[2024-04-07T15:03:13.033+0000] {processor.py:183} INFO - Processing /home/airflow/.local/lib/python3.8/site-packages/airflow/example_dags/example_branch_operator.py took 0.177 seconds
[2024-04-07T15:03:43.237+0000] {processor.py:161} INFO - Started process (PID=2733) to work on /home/airflow/.local/lib/python3.8/site-packages/airflow/example_dags/example_branch_operator.py
[2024-04-07T15:03:43.239+0000] {processor.py:830} INFO - Processing file /home/airflow/.local/lib/python3.8/site-packages/airflow/example_dags/example_branch_operator.py for tasks to queue
[2024-04-07T15:03:43.242+0000] {logging_mixin.py:188} INFO - [2024-04-07T15:03:43.241+0000] {dagbag.py:540} INFO - Filling up the DagBag from /home/airflow/.local/lib/python3.8/site-packages/airflow/example_dags/example_branch_operator.py
[2024-04-07T15:03:43.266+0000] {processor.py:840} INFO - DAG(s) 'example_branch_operator' retrieved from /home/airflow/.local/lib/python3.8/site-packages/airflow/example_dags/example_branch_operator.py
[2024-04-07T15:03:43.315+0000] {logging_mixin.py:188} INFO - [2024-04-07T15:03:43.314+0000] {dag.py:3047} INFO - Sync 1 DAGs
[2024-04-07T15:03:43.352+0000] {logging_mixin.py:188} INFO - [2024-04-07T15:03:43.351+0000] {dag.py:3834} INFO - Setting next_dagrun for example_branch_operator to 2024-04-06 00:00:00+00:00, run_after=2024-04-07 00:00:00+00:00
[2024-04-07T15:03:43.381+0000] {processor.py:183} INFO - Processing /home/airflow/.local/lib/python3.8/site-packages/airflow/example_dags/example_branch_operator.py took 0.148 seconds
[2024-04-07T15:04:13.662+0000] {processor.py:161} INFO - Started process (PID=2790) to work on /home/airflow/.local/lib/python3.8/site-packages/airflow/example_dags/example_branch_operator.py
[2024-04-07T15:04:13.664+0000] {processor.py:830} INFO - Processing file /home/airflow/.local/lib/python3.8/site-packages/airflow/example_dags/example_branch_operator.py for tasks to queue
[2024-04-07T15:04:13.667+0000] {logging_mixin.py:188} INFO - [2024-04-07T15:04:13.667+0000] {dagbag.py:540} INFO - Filling up the DagBag from /home/airflow/.local/lib/python3.8/site-packages/airflow/example_dags/example_branch_operator.py
[2024-04-07T15:04:13.699+0000] {processor.py:840} INFO - DAG(s) 'example_branch_operator' retrieved from /home/airflow/.local/lib/python3.8/site-packages/airflow/example_dags/example_branch_operator.py
[2024-04-07T15:04:13.748+0000] {logging_mixin.py:188} INFO - [2024-04-07T15:04:13.747+0000] {dag.py:3047} INFO - Sync 1 DAGs
[2024-04-07T15:04:13.801+0000] {logging_mixin.py:188} INFO - [2024-04-07T15:04:13.800+0000] {dag.py:3834} INFO - Setting next_dagrun for example_branch_operator to 2024-04-06 00:00:00+00:00, run_after=2024-04-07 00:00:00+00:00
[2024-04-07T15:04:13.847+0000] {processor.py:183} INFO - Processing /home/airflow/.local/lib/python3.8/site-packages/airflow/example_dags/example_branch_operator.py took 0.189 seconds
[2024-04-07T15:04:44.342+0000] {processor.py:161} INFO - Started process (PID=2846) to work on /home/airflow/.local/lib/python3.8/site-packages/airflow/example_dags/example_branch_operator.py
[2024-04-07T15:04:44.345+0000] {processor.py:830} INFO - Processing file /home/airflow/.local/lib/python3.8/site-packages/airflow/example_dags/example_branch_operator.py for tasks to queue
[2024-04-07T15:04:44.349+0000] {logging_mixin.py:188} INFO - [2024-04-07T15:04:44.349+0000] {dagbag.py:540} INFO - Filling up the DagBag from /home/airflow/.local/lib/python3.8/site-packages/airflow/example_dags/example_branch_operator.py
[2024-04-07T15:04:44.394+0000] {processor.py:840} INFO - DAG(s) 'example_branch_operator' retrieved from /home/airflow/.local/lib/python3.8/site-packages/airflow/example_dags/example_branch_operator.py
[2024-04-07T15:04:44.445+0000] {logging_mixin.py:188} INFO - [2024-04-07T15:04:44.445+0000] {dag.py:3047} INFO - Sync 1 DAGs
[2024-04-07T15:04:44.487+0000] {logging_mixin.py:188} INFO - [2024-04-07T15:04:44.487+0000] {dag.py:3834} INFO - Setting next_dagrun for example_branch_operator to 2024-04-06 00:00:00+00:00, run_after=2024-04-07 00:00:00+00:00
[2024-04-07T15:04:44.538+0000] {processor.py:183} INFO - Processing /home/airflow/.local/lib/python3.8/site-packages/airflow/example_dags/example_branch_operator.py took 0.208 seconds
[2024-04-07T15:05:14.724+0000] {processor.py:161} INFO - Started process (PID=2903) to work on /home/airflow/.local/lib/python3.8/site-packages/airflow/example_dags/example_branch_operator.py
[2024-04-07T15:05:14.726+0000] {processor.py:830} INFO - Processing file /home/airflow/.local/lib/python3.8/site-packages/airflow/example_dags/example_branch_operator.py for tasks to queue
[2024-04-07T15:05:14.729+0000] {logging_mixin.py:188} INFO - [2024-04-07T15:05:14.729+0000] {dagbag.py:540} INFO - Filling up the DagBag from /home/airflow/.local/lib/python3.8/site-packages/airflow/example_dags/example_branch_operator.py
[2024-04-07T15:05:14.765+0000] {processor.py:840} INFO - DAG(s) 'example_branch_operator' retrieved from /home/airflow/.local/lib/python3.8/site-packages/airflow/example_dags/example_branch_operator.py
[2024-04-07T15:05:14.816+0000] {logging_mixin.py:188} INFO - [2024-04-07T15:05:14.816+0000] {dag.py:3047} INFO - Sync 1 DAGs
[2024-04-07T15:05:14.855+0000] {logging_mixin.py:188} INFO - [2024-04-07T15:05:14.854+0000] {dag.py:3834} INFO - Setting next_dagrun for example_branch_operator to 2024-04-06 00:00:00+00:00, run_after=2024-04-07 00:00:00+00:00
[2024-04-07T15:05:14.895+0000] {processor.py:183} INFO - Processing /home/airflow/.local/lib/python3.8/site-packages/airflow/example_dags/example_branch_operator.py took 0.176 seconds
[2024-04-07T15:05:45.463+0000] {processor.py:161} INFO - Started process (PID=2960) to work on /home/airflow/.local/lib/python3.8/site-packages/airflow/example_dags/example_branch_operator.py
[2024-04-07T15:05:45.466+0000] {processor.py:830} INFO - Processing file /home/airflow/.local/lib/python3.8/site-packages/airflow/example_dags/example_branch_operator.py for tasks to queue
[2024-04-07T15:05:45.469+0000] {logging_mixin.py:188} INFO - [2024-04-07T15:05:45.469+0000] {dagbag.py:540} INFO - Filling up the DagBag from /home/airflow/.local/lib/python3.8/site-packages/airflow/example_dags/example_branch_operator.py
[2024-04-07T15:05:45.501+0000] {processor.py:840} INFO - DAG(s) 'example_branch_operator' retrieved from /home/airflow/.local/lib/python3.8/site-packages/airflow/example_dags/example_branch_operator.py
[2024-04-07T15:05:45.548+0000] {logging_mixin.py:188} INFO - [2024-04-07T15:05:45.547+0000] {dag.py:3047} INFO - Sync 1 DAGs
[2024-04-07T15:05:45.584+0000] {logging_mixin.py:188} INFO - [2024-04-07T15:05:45.584+0000] {dag.py:3834} INFO - Setting next_dagrun for example_branch_operator to 2024-04-06 00:00:00+00:00, run_after=2024-04-07 00:00:00+00:00
[2024-04-07T15:05:45.757+0000] {processor.py:183} INFO - Processing /home/airflow/.local/lib/python3.8/site-packages/airflow/example_dags/example_branch_operator.py took 0.301 seconds
[2024-04-07T15:06:15.905+0000] {processor.py:161} INFO - Started process (PID=3017) to work on /home/airflow/.local/lib/python3.8/site-packages/airflow/example_dags/example_branch_operator.py
[2024-04-07T15:06:15.907+0000] {processor.py:830} INFO - Processing file /home/airflow/.local/lib/python3.8/site-packages/airflow/example_dags/example_branch_operator.py for tasks to queue
[2024-04-07T15:06:15.911+0000] {logging_mixin.py:188} INFO - [2024-04-07T15:06:15.910+0000] {dagbag.py:540} INFO - Filling up the DagBag from /home/airflow/.local/lib/python3.8/site-packages/airflow/example_dags/example_branch_operator.py
[2024-04-07T15:06:15.958+0000] {processor.py:840} INFO - DAG(s) 'example_branch_operator' retrieved from /home/airflow/.local/lib/python3.8/site-packages/airflow/example_dags/example_branch_operator.py
[2024-04-07T15:06:16.020+0000] {logging_mixin.py:188} INFO - [2024-04-07T15:06:16.019+0000] {dag.py:3047} INFO - Sync 1 DAGs
[2024-04-07T15:06:16.080+0000] {logging_mixin.py:188} INFO - [2024-04-07T15:06:16.079+0000] {dag.py:3834} INFO - Setting next_dagrun for example_branch_operator to 2024-04-06 00:00:00+00:00, run_after=2024-04-07 00:00:00+00:00
[2024-04-07T15:06:16.193+0000] {processor.py:183} INFO - Processing /home/airflow/.local/lib/python3.8/site-packages/airflow/example_dags/example_branch_operator.py took 0.292 seconds
[2024-04-07T15:06:46.332+0000] {processor.py:161} INFO - Started process (PID=3074) to work on /home/airflow/.local/lib/python3.8/site-packages/airflow/example_dags/example_branch_operator.py
[2024-04-07T15:06:46.336+0000] {processor.py:830} INFO - Processing file /home/airflow/.local/lib/python3.8/site-packages/airflow/example_dags/example_branch_operator.py for tasks to queue
[2024-04-07T15:06:46.339+0000] {logging_mixin.py:188} INFO - [2024-04-07T15:06:46.339+0000] {dagbag.py:540} INFO - Filling up the DagBag from /home/airflow/.local/lib/python3.8/site-packages/airflow/example_dags/example_branch_operator.py
[2024-04-07T15:06:46.374+0000] {processor.py:840} INFO - DAG(s) 'example_branch_operator' retrieved from /home/airflow/.local/lib/python3.8/site-packages/airflow/example_dags/example_branch_operator.py
[2024-04-07T15:06:46.431+0000] {logging_mixin.py:188} INFO - [2024-04-07T15:06:46.430+0000] {dag.py:3047} INFO - Sync 1 DAGs
[2024-04-07T15:06:46.485+0000] {logging_mixin.py:188} INFO - [2024-04-07T15:06:46.484+0000] {dag.py:3834} INFO - Setting next_dagrun for example_branch_operator to 2024-04-06 00:00:00+00:00, run_after=2024-04-07 00:00:00+00:00
[2024-04-07T15:06:46.535+0000] {processor.py:183} INFO - Processing /home/airflow/.local/lib/python3.8/site-packages/airflow/example_dags/example_branch_operator.py took 0.209 seconds
[2024-04-07T15:07:16.640+0000] {processor.py:161} INFO - Started process (PID=3131) to work on /home/airflow/.local/lib/python3.8/site-packages/airflow/example_dags/example_branch_operator.py
[2024-04-07T15:07:16.645+0000] {processor.py:830} INFO - Processing file /home/airflow/.local/lib/python3.8/site-packages/airflow/example_dags/example_branch_operator.py for tasks to queue
[2024-04-07T15:07:16.649+0000] {logging_mixin.py:188} INFO - [2024-04-07T15:07:16.648+0000] {dagbag.py:540} INFO - Filling up the DagBag from /home/airflow/.local/lib/python3.8/site-packages/airflow/example_dags/example_branch_operator.py
[2024-04-07T15:07:16.712+0000] {processor.py:840} INFO - DAG(s) 'example_branch_operator' retrieved from /home/airflow/.local/lib/python3.8/site-packages/airflow/example_dags/example_branch_operator.py
[2024-04-07T15:07:16.804+0000] {logging_mixin.py:188} INFO - [2024-04-07T15:07:16.804+0000] {dag.py:3047} INFO - Sync 1 DAGs
[2024-04-07T15:07:16.873+0000] {logging_mixin.py:188} INFO - [2024-04-07T15:07:16.873+0000] {dag.py:3834} INFO - Setting next_dagrun for example_branch_operator to 2024-04-06 00:00:00+00:00, run_after=2024-04-07 00:00:00+00:00
[2024-04-07T15:07:16.933+0000] {processor.py:183} INFO - Processing /home/airflow/.local/lib/python3.8/site-packages/airflow/example_dags/example_branch_operator.py took 0.304 seconds
[2024-04-07T15:07:47.622+0000] {processor.py:161} INFO - Started process (PID=3188) to work on /home/airflow/.local/lib/python3.8/site-packages/airflow/example_dags/example_branch_operator.py
[2024-04-07T15:07:47.624+0000] {processor.py:830} INFO - Processing file /home/airflow/.local/lib/python3.8/site-packages/airflow/example_dags/example_branch_operator.py for tasks to queue
[2024-04-07T15:07:47.627+0000] {logging_mixin.py:188} INFO - [2024-04-07T15:07:47.626+0000] {dagbag.py:540} INFO - Filling up the DagBag from /home/airflow/.local/lib/python3.8/site-packages/airflow/example_dags/example_branch_operator.py
[2024-04-07T15:07:47.664+0000] {processor.py:840} INFO - DAG(s) 'example_branch_operator' retrieved from /home/airflow/.local/lib/python3.8/site-packages/airflow/example_dags/example_branch_operator.py
[2024-04-07T15:07:47.718+0000] {logging_mixin.py:188} INFO - [2024-04-07T15:07:47.718+0000] {dag.py:3047} INFO - Sync 1 DAGs
[2024-04-07T15:07:47.767+0000] {logging_mixin.py:188} INFO - [2024-04-07T15:07:47.766+0000] {dag.py:3834} INFO - Setting next_dagrun for example_branch_operator to 2024-04-06 00:00:00+00:00, run_after=2024-04-07 00:00:00+00:00
[2024-04-07T15:07:47.811+0000] {processor.py:183} INFO - Processing /home/airflow/.local/lib/python3.8/site-packages/airflow/example_dags/example_branch_operator.py took 0.197 seconds
[2024-04-07T15:08:18.295+0000] {processor.py:161} INFO - Started process (PID=3245) to work on /home/airflow/.local/lib/python3.8/site-packages/airflow/example_dags/example_branch_operator.py
[2024-04-07T15:08:18.297+0000] {processor.py:830} INFO - Processing file /home/airflow/.local/lib/python3.8/site-packages/airflow/example_dags/example_branch_operator.py for tasks to queue
[2024-04-07T15:08:18.300+0000] {logging_mixin.py:188} INFO - [2024-04-07T15:08:18.300+0000] {dagbag.py:540} INFO - Filling up the DagBag from /home/airflow/.local/lib/python3.8/site-packages/airflow/example_dags/example_branch_operator.py
[2024-04-07T15:08:18.337+0000] {processor.py:840} INFO - DAG(s) 'example_branch_operator' retrieved from /home/airflow/.local/lib/python3.8/site-packages/airflow/example_dags/example_branch_operator.py
[2024-04-07T15:08:18.385+0000] {logging_mixin.py:188} INFO - [2024-04-07T15:08:18.385+0000] {dag.py:3047} INFO - Sync 1 DAGs
[2024-04-07T15:08:18.428+0000] {logging_mixin.py:188} INFO - [2024-04-07T15:08:18.428+0000] {dag.py:3834} INFO - Setting next_dagrun for example_branch_operator to 2024-04-06 00:00:00+00:00, run_after=2024-04-07 00:00:00+00:00
[2024-04-07T15:08:18.528+0000] {processor.py:183} INFO - Processing /home/airflow/.local/lib/python3.8/site-packages/airflow/example_dags/example_branch_operator.py took 0.242 seconds
[2024-04-07T15:08:48.774+0000] {processor.py:161} INFO - Started process (PID=3302) to work on /home/airflow/.local/lib/python3.8/site-packages/airflow/example_dags/example_branch_operator.py
[2024-04-07T15:08:48.777+0000] {processor.py:830} INFO - Processing file /home/airflow/.local/lib/python3.8/site-packages/airflow/example_dags/example_branch_operator.py for tasks to queue
[2024-04-07T15:08:48.784+0000] {logging_mixin.py:188} INFO - [2024-04-07T15:08:48.780+0000] {dagbag.py:540} INFO - Filling up the DagBag from /home/airflow/.local/lib/python3.8/site-packages/airflow/example_dags/example_branch_operator.py
[2024-04-07T15:08:48.867+0000] {processor.py:840} INFO - DAG(s) 'example_branch_operator' retrieved from /home/airflow/.local/lib/python3.8/site-packages/airflow/example_dags/example_branch_operator.py
[2024-04-07T15:08:48.981+0000] {logging_mixin.py:188} INFO - [2024-04-07T15:08:48.981+0000] {dag.py:3047} INFO - Sync 1 DAGs
[2024-04-07T15:08:49.083+0000] {logging_mixin.py:188} INFO - [2024-04-07T15:08:49.083+0000] {dag.py:3834} INFO - Setting next_dagrun for example_branch_operator to 2024-04-06 00:00:00+00:00, run_after=2024-04-07 00:00:00+00:00
[2024-04-07T15:08:49.396+0000] {processor.py:183} INFO - Processing /home/airflow/.local/lib/python3.8/site-packages/airflow/example_dags/example_branch_operator.py took 0.652 seconds
[2024-04-07T15:09:38.831+0000] {processor.py:161} INFO - Started process (PID=3360) to work on /home/airflow/.local/lib/python3.8/site-packages/airflow/example_dags/example_branch_operator.py
[2024-04-07T15:09:38.842+0000] {processor.py:830} INFO - Processing file /home/airflow/.local/lib/python3.8/site-packages/airflow/example_dags/example_branch_operator.py for tasks to queue
[2024-04-07T15:09:38.860+0000] {logging_mixin.py:188} INFO - [2024-04-07T15:09:38.859+0000] {dagbag.py:540} INFO - Filling up the DagBag from /home/airflow/.local/lib/python3.8/site-packages/airflow/example_dags/example_branch_operator.py
[2024-04-07T15:09:38.989+0000] {processor.py:840} INFO - DAG(s) 'example_branch_operator' retrieved from /home/airflow/.local/lib/python3.8/site-packages/airflow/example_dags/example_branch_operator.py
[2024-04-07T15:09:39.191+0000] {logging_mixin.py:188} INFO - [2024-04-07T15:09:39.191+0000] {dag.py:3047} INFO - Sync 1 DAGs
[2024-04-07T15:09:39.329+0000] {logging_mixin.py:188} INFO - [2024-04-07T15:09:39.329+0000] {dag.py:3834} INFO - Setting next_dagrun for example_branch_operator to 2024-04-06 00:00:00+00:00, run_after=2024-04-07 00:00:00+00:00
[2024-04-07T15:09:39.398+0000] {processor.py:183} INFO - Processing /home/airflow/.local/lib/python3.8/site-packages/airflow/example_dags/example_branch_operator.py took 0.584 seconds
[2024-04-07T15:10:09.727+0000] {processor.py:161} INFO - Started process (PID=3417) to work on /home/airflow/.local/lib/python3.8/site-packages/airflow/example_dags/example_branch_operator.py
[2024-04-07T15:10:09.732+0000] {processor.py:830} INFO - Processing file /home/airflow/.local/lib/python3.8/site-packages/airflow/example_dags/example_branch_operator.py for tasks to queue
[2024-04-07T15:10:09.738+0000] {logging_mixin.py:188} INFO - [2024-04-07T15:10:09.738+0000] {dagbag.py:540} INFO - Filling up the DagBag from /home/airflow/.local/lib/python3.8/site-packages/airflow/example_dags/example_branch_operator.py
[2024-04-07T15:10:09.816+0000] {processor.py:840} INFO - DAG(s) 'example_branch_operator' retrieved from /home/airflow/.local/lib/python3.8/site-packages/airflow/example_dags/example_branch_operator.py
[2024-04-07T15:10:09.972+0000] {logging_mixin.py:188} INFO - [2024-04-07T15:10:09.971+0000] {dag.py:3047} INFO - Sync 1 DAGs
[2024-04-07T15:10:10.061+0000] {logging_mixin.py:188} INFO - [2024-04-07T15:10:10.060+0000] {dag.py:3834} INFO - Setting next_dagrun for example_branch_operator to 2024-04-06 00:00:00+00:00, run_after=2024-04-07 00:00:00+00:00
[2024-04-07T15:10:10.141+0000] {processor.py:183} INFO - Processing /home/airflow/.local/lib/python3.8/site-packages/airflow/example_dags/example_branch_operator.py took 0.427 seconds
[2024-04-07T15:10:40.965+0000] {processor.py:161} INFO - Started process (PID=3475) to work on /home/airflow/.local/lib/python3.8/site-packages/airflow/example_dags/example_branch_operator.py
[2024-04-07T15:10:40.968+0000] {processor.py:830} INFO - Processing file /home/airflow/.local/lib/python3.8/site-packages/airflow/example_dags/example_branch_operator.py for tasks to queue
[2024-04-07T15:10:40.973+0000] {logging_mixin.py:188} INFO - [2024-04-07T15:10:40.972+0000] {dagbag.py:540} INFO - Filling up the DagBag from /home/airflow/.local/lib/python3.8/site-packages/airflow/example_dags/example_branch_operator.py
[2024-04-07T15:10:41.046+0000] {processor.py:840} INFO - DAG(s) 'example_branch_operator' retrieved from /home/airflow/.local/lib/python3.8/site-packages/airflow/example_dags/example_branch_operator.py
[2024-04-07T15:10:41.191+0000] {logging_mixin.py:188} INFO - [2024-04-07T15:10:41.190+0000] {dag.py:3047} INFO - Sync 1 DAGs
[2024-04-07T15:10:41.256+0000] {logging_mixin.py:188} INFO - [2024-04-07T15:10:41.256+0000] {dag.py:3834} INFO - Setting next_dagrun for example_branch_operator to 2024-04-06 00:00:00+00:00, run_after=2024-04-07 00:00:00+00:00
[2024-04-07T15:10:41.606+0000] {processor.py:183} INFO - Processing /home/airflow/.local/lib/python3.8/site-packages/airflow/example_dags/example_branch_operator.py took 0.655 seconds
[2024-04-07T15:11:11.984+0000] {processor.py:161} INFO - Started process (PID=3532) to work on /home/airflow/.local/lib/python3.8/site-packages/airflow/example_dags/example_branch_operator.py
[2024-04-07T15:11:11.985+0000] {processor.py:830} INFO - Processing file /home/airflow/.local/lib/python3.8/site-packages/airflow/example_dags/example_branch_operator.py for tasks to queue
[2024-04-07T15:11:11.988+0000] {logging_mixin.py:188} INFO - [2024-04-07T15:11:11.988+0000] {dagbag.py:540} INFO - Filling up the DagBag from /home/airflow/.local/lib/python3.8/site-packages/airflow/example_dags/example_branch_operator.py
[2024-04-07T15:11:12.030+0000] {processor.py:840} INFO - DAG(s) 'example_branch_operator' retrieved from /home/airflow/.local/lib/python3.8/site-packages/airflow/example_dags/example_branch_operator.py
[2024-04-07T15:11:12.079+0000] {logging_mixin.py:188} INFO - [2024-04-07T15:11:12.078+0000] {dag.py:3047} INFO - Sync 1 DAGs
[2024-04-07T15:11:12.117+0000] {logging_mixin.py:188} INFO - [2024-04-07T15:11:12.117+0000] {dag.py:3834} INFO - Setting next_dagrun for example_branch_operator to 2024-04-06 00:00:00+00:00, run_after=2024-04-07 00:00:00+00:00
[2024-04-07T15:11:12.157+0000] {processor.py:183} INFO - Processing /home/airflow/.local/lib/python3.8/site-packages/airflow/example_dags/example_branch_operator.py took 0.179 seconds
[2024-04-07T15:11:42.842+0000] {processor.py:161} INFO - Started process (PID=3589) to work on /home/airflow/.local/lib/python3.8/site-packages/airflow/example_dags/example_branch_operator.py
[2024-04-07T15:11:42.845+0000] {processor.py:830} INFO - Processing file /home/airflow/.local/lib/python3.8/site-packages/airflow/example_dags/example_branch_operator.py for tasks to queue
[2024-04-07T15:11:42.849+0000] {logging_mixin.py:188} INFO - [2024-04-07T15:11:42.848+0000] {dagbag.py:540} INFO - Filling up the DagBag from /home/airflow/.local/lib/python3.8/site-packages/airflow/example_dags/example_branch_operator.py
[2024-04-07T15:11:42.891+0000] {processor.py:840} INFO - DAG(s) 'example_branch_operator' retrieved from /home/airflow/.local/lib/python3.8/site-packages/airflow/example_dags/example_branch_operator.py
[2024-04-07T15:11:42.947+0000] {logging_mixin.py:188} INFO - [2024-04-07T15:11:42.947+0000] {dag.py:3047} INFO - Sync 1 DAGs
[2024-04-07T15:11:42.989+0000] {logging_mixin.py:188} INFO - [2024-04-07T15:11:42.989+0000] {dag.py:3834} INFO - Setting next_dagrun for example_branch_operator to 2024-04-06 00:00:00+00:00, run_after=2024-04-07 00:00:00+00:00
[2024-04-07T15:11:43.033+0000] {processor.py:183} INFO - Processing /home/airflow/.local/lib/python3.8/site-packages/airflow/example_dags/example_branch_operator.py took 0.197 seconds
[2024-04-07T15:12:13.454+0000] {processor.py:161} INFO - Started process (PID=3646) to work on /home/airflow/.local/lib/python3.8/site-packages/airflow/example_dags/example_branch_operator.py
[2024-04-07T15:12:13.455+0000] {processor.py:830} INFO - Processing file /home/airflow/.local/lib/python3.8/site-packages/airflow/example_dags/example_branch_operator.py for tasks to queue
[2024-04-07T15:12:13.459+0000] {logging_mixin.py:188} INFO - [2024-04-07T15:12:13.458+0000] {dagbag.py:540} INFO - Filling up the DagBag from /home/airflow/.local/lib/python3.8/site-packages/airflow/example_dags/example_branch_operator.py
[2024-04-07T15:12:13.485+0000] {processor.py:840} INFO - DAG(s) 'example_branch_operator' retrieved from /home/airflow/.local/lib/python3.8/site-packages/airflow/example_dags/example_branch_operator.py
[2024-04-07T15:12:13.551+0000] {logging_mixin.py:188} INFO - [2024-04-07T15:12:13.551+0000] {dag.py:3047} INFO - Sync 1 DAGs
[2024-04-07T15:12:13.591+0000] {logging_mixin.py:188} INFO - [2024-04-07T15:12:13.590+0000] {dag.py:3834} INFO - Setting next_dagrun for example_branch_operator to 2024-04-06 00:00:00+00:00, run_after=2024-04-07 00:00:00+00:00
[2024-04-07T15:12:13.633+0000] {processor.py:183} INFO - Processing /home/airflow/.local/lib/python3.8/site-packages/airflow/example_dags/example_branch_operator.py took 0.184 seconds
[2024-04-07T15:12:44.225+0000] {processor.py:161} INFO - Started process (PID=3704) to work on /home/airflow/.local/lib/python3.8/site-packages/airflow/example_dags/example_branch_operator.py
[2024-04-07T15:12:44.227+0000] {processor.py:830} INFO - Processing file /home/airflow/.local/lib/python3.8/site-packages/airflow/example_dags/example_branch_operator.py for tasks to queue
[2024-04-07T15:12:44.230+0000] {logging_mixin.py:188} INFO - [2024-04-07T15:12:44.229+0000] {dagbag.py:540} INFO - Filling up the DagBag from /home/airflow/.local/lib/python3.8/site-packages/airflow/example_dags/example_branch_operator.py
[2024-04-07T15:12:44.259+0000] {processor.py:840} INFO - DAG(s) 'example_branch_operator' retrieved from /home/airflow/.local/lib/python3.8/site-packages/airflow/example_dags/example_branch_operator.py
[2024-04-07T15:12:44.320+0000] {logging_mixin.py:188} INFO - [2024-04-07T15:12:44.320+0000] {dag.py:3047} INFO - Sync 1 DAGs
[2024-04-07T15:12:44.373+0000] {logging_mixin.py:188} INFO - [2024-04-07T15:12:44.373+0000] {dag.py:3834} INFO - Setting next_dagrun for example_branch_operator to 2024-04-06 00:00:00+00:00, run_after=2024-04-07 00:00:00+00:00
[2024-04-07T15:12:44.415+0000] {processor.py:183} INFO - Processing /home/airflow/.local/lib/python3.8/site-packages/airflow/example_dags/example_branch_operator.py took 0.195 seconds
[2024-04-07T15:13:14.699+0000] {processor.py:161} INFO - Started process (PID=3761) to work on /home/airflow/.local/lib/python3.8/site-packages/airflow/example_dags/example_branch_operator.py
[2024-04-07T15:13:14.701+0000] {processor.py:830} INFO - Processing file /home/airflow/.local/lib/python3.8/site-packages/airflow/example_dags/example_branch_operator.py for tasks to queue
[2024-04-07T15:13:14.704+0000] {logging_mixin.py:188} INFO - [2024-04-07T15:13:14.704+0000] {dagbag.py:540} INFO - Filling up the DagBag from /home/airflow/.local/lib/python3.8/site-packages/airflow/example_dags/example_branch_operator.py
[2024-04-07T15:13:14.739+0000] {processor.py:840} INFO - DAG(s) 'example_branch_operator' retrieved from /home/airflow/.local/lib/python3.8/site-packages/airflow/example_dags/example_branch_operator.py
[2024-04-07T15:13:14.796+0000] {logging_mixin.py:188} INFO - [2024-04-07T15:13:14.796+0000] {dag.py:3047} INFO - Sync 1 DAGs
[2024-04-07T15:13:14.842+0000] {logging_mixin.py:188} INFO - [2024-04-07T15:13:14.842+0000] {dag.py:3834} INFO - Setting next_dagrun for example_branch_operator to 2024-04-06 00:00:00+00:00, run_after=2024-04-07 00:00:00+00:00
[2024-04-07T15:13:15.066+0000] {processor.py:183} INFO - Processing /home/airflow/.local/lib/python3.8/site-packages/airflow/example_dags/example_branch_operator.py took 0.373 seconds
[2024-04-07T15:13:45.963+0000] {processor.py:161} INFO - Started process (PID=3818) to work on /home/airflow/.local/lib/python3.8/site-packages/airflow/example_dags/example_branch_operator.py
[2024-04-07T15:13:45.965+0000] {processor.py:830} INFO - Processing file /home/airflow/.local/lib/python3.8/site-packages/airflow/example_dags/example_branch_operator.py for tasks to queue
[2024-04-07T15:13:45.968+0000] {logging_mixin.py:188} INFO - [2024-04-07T15:13:45.967+0000] {dagbag.py:540} INFO - Filling up the DagBag from /home/airflow/.local/lib/python3.8/site-packages/airflow/example_dags/example_branch_operator.py
[2024-04-07T15:13:45.999+0000] {processor.py:840} INFO - DAG(s) 'example_branch_operator' retrieved from /home/airflow/.local/lib/python3.8/site-packages/airflow/example_dags/example_branch_operator.py
[2024-04-07T15:13:46.050+0000] {logging_mixin.py:188} INFO - [2024-04-07T15:13:46.049+0000] {dag.py:3047} INFO - Sync 1 DAGs
[2024-04-07T15:13:46.087+0000] {logging_mixin.py:188} INFO - [2024-04-07T15:13:46.086+0000] {dag.py:3834} INFO - Setting next_dagrun for example_branch_operator to 2024-04-06 00:00:00+00:00, run_after=2024-04-07 00:00:00+00:00
[2024-04-07T15:13:46.129+0000] {processor.py:183} INFO - Processing /home/airflow/.local/lib/python3.8/site-packages/airflow/example_dags/example_branch_operator.py took 0.171 seconds
[2024-04-07T15:14:16.727+0000] {processor.py:161} INFO - Started process (PID=3875) to work on /home/airflow/.local/lib/python3.8/site-packages/airflow/example_dags/example_branch_operator.py
[2024-04-07T15:14:16.729+0000] {processor.py:830} INFO - Processing file /home/airflow/.local/lib/python3.8/site-packages/airflow/example_dags/example_branch_operator.py for tasks to queue
[2024-04-07T15:14:16.732+0000] {logging_mixin.py:188} INFO - [2024-04-07T15:14:16.732+0000] {dagbag.py:540} INFO - Filling up the DagBag from /home/airflow/.local/lib/python3.8/site-packages/airflow/example_dags/example_branch_operator.py
[2024-04-07T15:14:16.778+0000] {processor.py:840} INFO - DAG(s) 'example_branch_operator' retrieved from /home/airflow/.local/lib/python3.8/site-packages/airflow/example_dags/example_branch_operator.py
[2024-04-07T15:14:16.840+0000] {logging_mixin.py:188} INFO - [2024-04-07T15:14:16.839+0000] {dag.py:3047} INFO - Sync 1 DAGs
[2024-04-07T15:14:16.884+0000] {logging_mixin.py:188} INFO - [2024-04-07T15:14:16.884+0000] {dag.py:3834} INFO - Setting next_dagrun for example_branch_operator to 2024-04-06 00:00:00+00:00, run_after=2024-04-07 00:00:00+00:00
[2024-04-07T15:14:16.917+0000] {processor.py:183} INFO - Processing /home/airflow/.local/lib/python3.8/site-packages/airflow/example_dags/example_branch_operator.py took 0.196 seconds
[2024-04-07T15:14:47.048+0000] {processor.py:161} INFO - Started process (PID=3932) to work on /home/airflow/.local/lib/python3.8/site-packages/airflow/example_dags/example_branch_operator.py
[2024-04-07T15:14:47.050+0000] {processor.py:830} INFO - Processing file /home/airflow/.local/lib/python3.8/site-packages/airflow/example_dags/example_branch_operator.py for tasks to queue
[2024-04-07T15:14:47.053+0000] {logging_mixin.py:188} INFO - [2024-04-07T15:14:47.052+0000] {dagbag.py:540} INFO - Filling up the DagBag from /home/airflow/.local/lib/python3.8/site-packages/airflow/example_dags/example_branch_operator.py
[2024-04-07T15:14:47.085+0000] {processor.py:840} INFO - DAG(s) 'example_branch_operator' retrieved from /home/airflow/.local/lib/python3.8/site-packages/airflow/example_dags/example_branch_operator.py
[2024-04-07T15:14:47.142+0000] {logging_mixin.py:188} INFO - [2024-04-07T15:14:47.142+0000] {dag.py:3047} INFO - Sync 1 DAGs
[2024-04-07T15:14:47.186+0000] {logging_mixin.py:188} INFO - [2024-04-07T15:14:47.186+0000] {dag.py:3834} INFO - Setting next_dagrun for example_branch_operator to 2024-04-06 00:00:00+00:00, run_after=2024-04-07 00:00:00+00:00
[2024-04-07T15:14:47.398+0000] {processor.py:183} INFO - Processing /home/airflow/.local/lib/python3.8/site-packages/airflow/example_dags/example_branch_operator.py took 0.356 seconds
[2024-04-07T15:15:17.541+0000] {processor.py:161} INFO - Started process (PID=3989) to work on /home/airflow/.local/lib/python3.8/site-packages/airflow/example_dags/example_branch_operator.py
[2024-04-07T15:15:17.544+0000] {processor.py:830} INFO - Processing file /home/airflow/.local/lib/python3.8/site-packages/airflow/example_dags/example_branch_operator.py for tasks to queue
[2024-04-07T15:15:17.547+0000] {logging_mixin.py:188} INFO - [2024-04-07T15:15:17.547+0000] {dagbag.py:540} INFO - Filling up the DagBag from /home/airflow/.local/lib/python3.8/site-packages/airflow/example_dags/example_branch_operator.py
[2024-04-07T15:15:17.584+0000] {processor.py:840} INFO - DAG(s) 'example_branch_operator' retrieved from /home/airflow/.local/lib/python3.8/site-packages/airflow/example_dags/example_branch_operator.py
[2024-04-07T15:15:17.663+0000] {logging_mixin.py:188} INFO - [2024-04-07T15:15:17.663+0000] {dag.py:3047} INFO - Sync 1 DAGs
[2024-04-07T15:15:17.708+0000] {logging_mixin.py:188} INFO - [2024-04-07T15:15:17.708+0000] {dag.py:3834} INFO - Setting next_dagrun for example_branch_operator to 2024-04-06 00:00:00+00:00, run_after=2024-04-07 00:00:00+00:00
[2024-04-07T15:15:17.750+0000] {processor.py:183} INFO - Processing /home/airflow/.local/lib/python3.8/site-packages/airflow/example_dags/example_branch_operator.py took 0.216 seconds
