[2024-04-07T14:39:33.437+0000] {processor.py:161} INFO - Started process (PID=81) to work on /home/airflow/.local/lib/python3.8/site-packages/airflow/example_dags/example_python_decorator.py
[2024-04-07T14:39:33.440+0000] {processor.py:830} INFO - Processing file /home/airflow/.local/lib/python3.8/site-packages/airflow/example_dags/example_python_decorator.py for tasks to queue
[2024-04-07T14:39:33.444+0000] {logging_mixin.py:188} INFO - [2024-04-07T14:39:33.444+0000] {dagbag.py:540} INFO - Filling up the DagBag from /home/airflow/.local/lib/python3.8/site-packages/airflow/example_dags/example_python_decorator.py
[2024-04-07T14:39:34.050+0000] {processor.py:840} INFO - DAG(s) 'example_python_decorator' retrieved from /home/airflow/.local/lib/python3.8/site-packages/airflow/example_dags/example_python_decorator.py
[2024-04-07T14:39:35.178+0000] {logging_mixin.py:188} INFO - [2024-04-07T14:39:35.178+0000] {dag.py:3047} INFO - Sync 1 DAGs
[2024-04-07T14:39:35.240+0000] {logging_mixin.py:188} INFO - [2024-04-07T14:39:35.240+0000] {dag.py:3834} INFO - Setting next_dagrun for example_python_decorator to None, run_after=None
[2024-04-07T14:39:36.185+0000] {processor.py:183} INFO - Processing /home/airflow/.local/lib/python3.8/site-packages/airflow/example_dags/example_python_decorator.py took 2.755 seconds
[2024-04-07T14:40:09.032+0000] {processor.py:161} INFO - Started process (PID=138) to work on /home/airflow/.local/lib/python3.8/site-packages/airflow/example_dags/example_python_decorator.py
[2024-04-07T14:40:09.034+0000] {processor.py:830} INFO - Processing file /home/airflow/.local/lib/python3.8/site-packages/airflow/example_dags/example_python_decorator.py for tasks to queue
[2024-04-07T14:40:09.215+0000] {logging_mixin.py:188} INFO - [2024-04-07T14:40:09.214+0000] {dagbag.py:540} INFO - Filling up the DagBag from /home/airflow/.local/lib/python3.8/site-packages/airflow/example_dags/example_python_decorator.py
[2024-04-07T14:40:09.367+0000] {processor.py:840} INFO - DAG(s) 'example_python_decorator' retrieved from /home/airflow/.local/lib/python3.8/site-packages/airflow/example_dags/example_python_decorator.py
[2024-04-07T14:40:10.800+0000] {logging_mixin.py:188} INFO - [2024-04-07T14:40:10.799+0000] {dag.py:3047} INFO - Sync 1 DAGs
[2024-04-07T14:40:11.375+0000] {logging_mixin.py:188} INFO - [2024-04-07T14:40:11.375+0000] {dag.py:3834} INFO - Setting next_dagrun for example_python_decorator to None, run_after=None
[2024-04-07T14:40:12.573+0000] {processor.py:183} INFO - Processing /home/airflow/.local/lib/python3.8/site-packages/airflow/example_dags/example_python_decorator.py took 3.555 seconds
[2024-04-07T14:40:43.359+0000] {processor.py:161} INFO - Started process (PID=195) to work on /home/airflow/.local/lib/python3.8/site-packages/airflow/example_dags/example_python_decorator.py
[2024-04-07T14:40:43.361+0000] {processor.py:830} INFO - Processing file /home/airflow/.local/lib/python3.8/site-packages/airflow/example_dags/example_python_decorator.py for tasks to queue
[2024-04-07T14:40:43.365+0000] {logging_mixin.py:188} INFO - [2024-04-07T14:40:43.364+0000] {dagbag.py:540} INFO - Filling up the DagBag from /home/airflow/.local/lib/python3.8/site-packages/airflow/example_dags/example_python_decorator.py
[2024-04-07T14:40:43.399+0000] {processor.py:840} INFO - DAG(s) 'example_python_decorator' retrieved from /home/airflow/.local/lib/python3.8/site-packages/airflow/example_dags/example_python_decorator.py
[2024-04-07T14:40:43.468+0000] {logging_mixin.py:188} INFO - [2024-04-07T14:40:43.467+0000] {dag.py:3047} INFO - Sync 1 DAGs
[2024-04-07T14:40:43.514+0000] {logging_mixin.py:188} INFO - [2024-04-07T14:40:43.514+0000] {dag.py:3834} INFO - Setting next_dagrun for example_python_decorator to None, run_after=None
[2024-04-07T14:40:43.582+0000] {processor.py:183} INFO - Processing /home/airflow/.local/lib/python3.8/site-packages/airflow/example_dags/example_python_decorator.py took 0.231 seconds
[2024-04-07T14:41:14.034+0000] {processor.py:161} INFO - Started process (PID=252) to work on /home/airflow/.local/lib/python3.8/site-packages/airflow/example_dags/example_python_decorator.py
[2024-04-07T14:41:14.037+0000] {processor.py:830} INFO - Processing file /home/airflow/.local/lib/python3.8/site-packages/airflow/example_dags/example_python_decorator.py for tasks to queue
[2024-04-07T14:41:14.041+0000] {logging_mixin.py:188} INFO - [2024-04-07T14:41:14.040+0000] {dagbag.py:540} INFO - Filling up the DagBag from /home/airflow/.local/lib/python3.8/site-packages/airflow/example_dags/example_python_decorator.py
[2024-04-07T14:41:14.068+0000] {processor.py:840} INFO - DAG(s) 'example_python_decorator' retrieved from /home/airflow/.local/lib/python3.8/site-packages/airflow/example_dags/example_python_decorator.py
[2024-04-07T14:41:14.102+0000] {logging_mixin.py:188} INFO - [2024-04-07T14:41:14.101+0000] {dag.py:3047} INFO - Sync 1 DAGs
[2024-04-07T14:41:14.124+0000] {logging_mixin.py:188} INFO - [2024-04-07T14:41:14.123+0000] {dag.py:3834} INFO - Setting next_dagrun for example_python_decorator to None, run_after=None
[2024-04-07T14:41:14.230+0000] {processor.py:183} INFO - Processing /home/airflow/.local/lib/python3.8/site-packages/airflow/example_dags/example_python_decorator.py took 0.202 seconds
[2024-04-07T14:41:44.971+0000] {processor.py:161} INFO - Started process (PID=309) to work on /home/airflow/.local/lib/python3.8/site-packages/airflow/example_dags/example_python_decorator.py
[2024-04-07T14:41:44.983+0000] {processor.py:830} INFO - Processing file /home/airflow/.local/lib/python3.8/site-packages/airflow/example_dags/example_python_decorator.py for tasks to queue
[2024-04-07T14:41:44.995+0000] {logging_mixin.py:188} INFO - [2024-04-07T14:41:44.995+0000] {dagbag.py:540} INFO - Filling up the DagBag from /home/airflow/.local/lib/python3.8/site-packages/airflow/example_dags/example_python_decorator.py
[2024-04-07T14:41:45.101+0000] {processor.py:840} INFO - DAG(s) 'example_python_decorator' retrieved from /home/airflow/.local/lib/python3.8/site-packages/airflow/example_dags/example_python_decorator.py
[2024-04-07T14:41:45.241+0000] {logging_mixin.py:188} INFO - [2024-04-07T14:41:45.240+0000] {dag.py:3047} INFO - Sync 1 DAGs
[2024-04-07T14:41:45.312+0000] {logging_mixin.py:188} INFO - [2024-04-07T14:41:45.311+0000] {dag.py:3834} INFO - Setting next_dagrun for example_python_decorator to None, run_after=None
[2024-04-07T14:41:45.460+0000] {processor.py:183} INFO - Processing /home/airflow/.local/lib/python3.8/site-packages/airflow/example_dags/example_python_decorator.py took 0.496 seconds
[2024-04-07T14:42:16.694+0000] {processor.py:161} INFO - Started process (PID=366) to work on /home/airflow/.local/lib/python3.8/site-packages/airflow/example_dags/example_python_decorator.py
[2024-04-07T14:42:16.696+0000] {processor.py:830} INFO - Processing file /home/airflow/.local/lib/python3.8/site-packages/airflow/example_dags/example_python_decorator.py for tasks to queue
[2024-04-07T14:42:16.704+0000] {logging_mixin.py:188} INFO - [2024-04-07T14:42:16.703+0000] {dagbag.py:540} INFO - Filling up the DagBag from /home/airflow/.local/lib/python3.8/site-packages/airflow/example_dags/example_python_decorator.py
[2024-04-07T14:42:16.772+0000] {processor.py:840} INFO - DAG(s) 'example_python_decorator' retrieved from /home/airflow/.local/lib/python3.8/site-packages/airflow/example_dags/example_python_decorator.py
[2024-04-07T14:42:16.861+0000] {logging_mixin.py:188} INFO - [2024-04-07T14:42:16.860+0000] {dag.py:3047} INFO - Sync 1 DAGs
[2024-04-07T14:42:16.888+0000] {logging_mixin.py:188} INFO - [2024-04-07T14:42:16.887+0000] {dag.py:3834} INFO - Setting next_dagrun for example_python_decorator to None, run_after=None
[2024-04-07T14:42:17.208+0000] {processor.py:183} INFO - Processing /home/airflow/.local/lib/python3.8/site-packages/airflow/example_dags/example_python_decorator.py took 0.526 seconds
[2024-04-07T14:42:47.816+0000] {processor.py:161} INFO - Started process (PID=423) to work on /home/airflow/.local/lib/python3.8/site-packages/airflow/example_dags/example_python_decorator.py
[2024-04-07T14:42:47.823+0000] {processor.py:830} INFO - Processing file /home/airflow/.local/lib/python3.8/site-packages/airflow/example_dags/example_python_decorator.py for tasks to queue
[2024-04-07T14:42:47.832+0000] {logging_mixin.py:188} INFO - [2024-04-07T14:42:47.831+0000] {dagbag.py:540} INFO - Filling up the DagBag from /home/airflow/.local/lib/python3.8/site-packages/airflow/example_dags/example_python_decorator.py
[2024-04-07T14:42:47.932+0000] {processor.py:840} INFO - DAG(s) 'example_python_decorator' retrieved from /home/airflow/.local/lib/python3.8/site-packages/airflow/example_dags/example_python_decorator.py
[2024-04-07T14:42:48.247+0000] {logging_mixin.py:188} INFO - [2024-04-07T14:42:48.246+0000] {dag.py:3047} INFO - Sync 1 DAGs
[2024-04-07T14:42:48.344+0000] {logging_mixin.py:188} INFO - [2024-04-07T14:42:48.343+0000] {dag.py:3834} INFO - Setting next_dagrun for example_python_decorator to None, run_after=None
[2024-04-07T14:42:48.502+0000] {processor.py:183} INFO - Processing /home/airflow/.local/lib/python3.8/site-packages/airflow/example_dags/example_python_decorator.py took 0.692 seconds
[2024-04-07T14:43:18.857+0000] {processor.py:161} INFO - Started process (PID=481) to work on /home/airflow/.local/lib/python3.8/site-packages/airflow/example_dags/example_python_decorator.py
[2024-04-07T14:43:18.866+0000] {processor.py:830} INFO - Processing file /home/airflow/.local/lib/python3.8/site-packages/airflow/example_dags/example_python_decorator.py for tasks to queue
[2024-04-07T14:43:18.872+0000] {logging_mixin.py:188} INFO - [2024-04-07T14:43:18.871+0000] {dagbag.py:540} INFO - Filling up the DagBag from /home/airflow/.local/lib/python3.8/site-packages/airflow/example_dags/example_python_decorator.py
[2024-04-07T14:43:18.973+0000] {processor.py:840} INFO - DAG(s) 'example_python_decorator' retrieved from /home/airflow/.local/lib/python3.8/site-packages/airflow/example_dags/example_python_decorator.py
[2024-04-07T14:43:19.053+0000] {logging_mixin.py:188} INFO - [2024-04-07T14:43:19.052+0000] {dag.py:3047} INFO - Sync 1 DAGs
[2024-04-07T14:43:19.096+0000] {logging_mixin.py:188} INFO - [2024-04-07T14:43:19.096+0000] {dag.py:3834} INFO - Setting next_dagrun for example_python_decorator to None, run_after=None
[2024-04-07T14:43:19.150+0000] {processor.py:183} INFO - Processing /home/airflow/.local/lib/python3.8/site-packages/airflow/example_dags/example_python_decorator.py took 0.301 seconds
[2024-04-07T14:43:49.855+0000] {processor.py:161} INFO - Started process (PID=538) to work on /home/airflow/.local/lib/python3.8/site-packages/airflow/example_dags/example_python_decorator.py
[2024-04-07T14:43:49.858+0000] {processor.py:830} INFO - Processing file /home/airflow/.local/lib/python3.8/site-packages/airflow/example_dags/example_python_decorator.py for tasks to queue
[2024-04-07T14:43:49.861+0000] {logging_mixin.py:188} INFO - [2024-04-07T14:43:49.861+0000] {dagbag.py:540} INFO - Filling up the DagBag from /home/airflow/.local/lib/python3.8/site-packages/airflow/example_dags/example_python_decorator.py
[2024-04-07T14:43:49.905+0000] {processor.py:840} INFO - DAG(s) 'example_python_decorator' retrieved from /home/airflow/.local/lib/python3.8/site-packages/airflow/example_dags/example_python_decorator.py
[2024-04-07T14:43:49.960+0000] {logging_mixin.py:188} INFO - [2024-04-07T14:43:49.959+0000] {dag.py:3047} INFO - Sync 1 DAGs
[2024-04-07T14:43:49.997+0000] {logging_mixin.py:188} INFO - [2024-04-07T14:43:49.996+0000] {dag.py:3834} INFO - Setting next_dagrun for example_python_decorator to None, run_after=None
[2024-04-07T14:43:50.057+0000] {processor.py:183} INFO - Processing /home/airflow/.local/lib/python3.8/site-packages/airflow/example_dags/example_python_decorator.py took 0.208 seconds
[2024-04-07T14:44:20.385+0000] {processor.py:161} INFO - Started process (PID=595) to work on /home/airflow/.local/lib/python3.8/site-packages/airflow/example_dags/example_python_decorator.py
[2024-04-07T14:44:20.386+0000] {processor.py:830} INFO - Processing file /home/airflow/.local/lib/python3.8/site-packages/airflow/example_dags/example_python_decorator.py for tasks to queue
[2024-04-07T14:44:20.397+0000] {logging_mixin.py:188} INFO - [2024-04-07T14:44:20.396+0000] {dagbag.py:540} INFO - Filling up the DagBag from /home/airflow/.local/lib/python3.8/site-packages/airflow/example_dags/example_python_decorator.py
[2024-04-07T14:44:20.437+0000] {processor.py:840} INFO - DAG(s) 'example_python_decorator' retrieved from /home/airflow/.local/lib/python3.8/site-packages/airflow/example_dags/example_python_decorator.py
[2024-04-07T14:44:20.490+0000] {logging_mixin.py:188} INFO - [2024-04-07T14:44:20.490+0000] {dag.py:3047} INFO - Sync 1 DAGs
[2024-04-07T14:44:20.523+0000] {logging_mixin.py:188} INFO - [2024-04-07T14:44:20.522+0000] {dag.py:3834} INFO - Setting next_dagrun for example_python_decorator to None, run_after=None
[2024-04-07T14:44:20.566+0000] {processor.py:183} INFO - Processing /home/airflow/.local/lib/python3.8/site-packages/airflow/example_dags/example_python_decorator.py took 0.187 seconds
[2024-04-07T14:45:08.857+0000] {processor.py:161} INFO - Started process (PID=664) to work on /home/airflow/.local/lib/python3.8/site-packages/airflow/example_dags/example_python_decorator.py
[2024-04-07T14:45:08.859+0000] {processor.py:830} INFO - Processing file /home/airflow/.local/lib/python3.8/site-packages/airflow/example_dags/example_python_decorator.py for tasks to queue
[2024-04-07T14:45:08.862+0000] {logging_mixin.py:188} INFO - [2024-04-07T14:45:08.861+0000] {dagbag.py:540} INFO - Filling up the DagBag from /home/airflow/.local/lib/python3.8/site-packages/airflow/example_dags/example_python_decorator.py
[2024-04-07T14:45:08.881+0000] {processor.py:840} INFO - DAG(s) 'example_python_decorator' retrieved from /home/airflow/.local/lib/python3.8/site-packages/airflow/example_dags/example_python_decorator.py
[2024-04-07T14:45:08.916+0000] {logging_mixin.py:188} INFO - [2024-04-07T14:45:08.915+0000] {dag.py:3047} INFO - Sync 1 DAGs
[2024-04-07T14:45:08.934+0000] {logging_mixin.py:188} INFO - [2024-04-07T14:45:08.934+0000] {dag.py:3834} INFO - Setting next_dagrun for example_python_decorator to None, run_after=None
[2024-04-07T14:45:08.969+0000] {processor.py:183} INFO - Processing /home/airflow/.local/lib/python3.8/site-packages/airflow/example_dags/example_python_decorator.py took 0.117 seconds
[2024-04-07T14:45:39.261+0000] {processor.py:161} INFO - Started process (PID=721) to work on /home/airflow/.local/lib/python3.8/site-packages/airflow/example_dags/example_python_decorator.py
[2024-04-07T14:45:39.263+0000] {processor.py:830} INFO - Processing file /home/airflow/.local/lib/python3.8/site-packages/airflow/example_dags/example_python_decorator.py for tasks to queue
[2024-04-07T14:45:39.274+0000] {logging_mixin.py:188} INFO - [2024-04-07T14:45:39.273+0000] {dagbag.py:540} INFO - Filling up the DagBag from /home/airflow/.local/lib/python3.8/site-packages/airflow/example_dags/example_python_decorator.py
[2024-04-07T14:45:39.327+0000] {processor.py:840} INFO - DAG(s) 'example_python_decorator' retrieved from /home/airflow/.local/lib/python3.8/site-packages/airflow/example_dags/example_python_decorator.py
[2024-04-07T14:45:39.391+0000] {logging_mixin.py:188} INFO - [2024-04-07T14:45:39.391+0000] {dag.py:3047} INFO - Sync 1 DAGs
[2024-04-07T14:45:39.421+0000] {logging_mixin.py:188} INFO - [2024-04-07T14:45:39.420+0000] {dag.py:3834} INFO - Setting next_dagrun for example_python_decorator to None, run_after=None
[2024-04-07T14:45:39.472+0000] {processor.py:183} INFO - Processing /home/airflow/.local/lib/python3.8/site-packages/airflow/example_dags/example_python_decorator.py took 0.217 seconds
[2024-04-07T14:46:10.400+0000] {processor.py:161} INFO - Started process (PID=778) to work on /home/airflow/.local/lib/python3.8/site-packages/airflow/example_dags/example_python_decorator.py
[2024-04-07T14:46:10.403+0000] {processor.py:830} INFO - Processing file /home/airflow/.local/lib/python3.8/site-packages/airflow/example_dags/example_python_decorator.py for tasks to queue
[2024-04-07T14:46:10.407+0000] {logging_mixin.py:188} INFO - [2024-04-07T14:46:10.406+0000] {dagbag.py:540} INFO - Filling up the DagBag from /home/airflow/.local/lib/python3.8/site-packages/airflow/example_dags/example_python_decorator.py
[2024-04-07T14:46:10.429+0000] {processor.py:840} INFO - DAG(s) 'example_python_decorator' retrieved from /home/airflow/.local/lib/python3.8/site-packages/airflow/example_dags/example_python_decorator.py
[2024-04-07T14:46:10.470+0000] {logging_mixin.py:188} INFO - [2024-04-07T14:46:10.470+0000] {dag.py:3047} INFO - Sync 1 DAGs
[2024-04-07T14:46:10.493+0000] {logging_mixin.py:188} INFO - [2024-04-07T14:46:10.493+0000] {dag.py:3834} INFO - Setting next_dagrun for example_python_decorator to None, run_after=None
[2024-04-07T14:46:10.531+0000] {processor.py:183} INFO - Processing /home/airflow/.local/lib/python3.8/site-packages/airflow/example_dags/example_python_decorator.py took 0.138 seconds
[2024-04-07T14:46:41.345+0000] {processor.py:161} INFO - Started process (PID=835) to work on /home/airflow/.local/lib/python3.8/site-packages/airflow/example_dags/example_python_decorator.py
[2024-04-07T14:46:41.348+0000] {processor.py:830} INFO - Processing file /home/airflow/.local/lib/python3.8/site-packages/airflow/example_dags/example_python_decorator.py for tasks to queue
[2024-04-07T14:46:41.353+0000] {logging_mixin.py:188} INFO - [2024-04-07T14:46:41.351+0000] {dagbag.py:540} INFO - Filling up the DagBag from /home/airflow/.local/lib/python3.8/site-packages/airflow/example_dags/example_python_decorator.py
[2024-04-07T14:46:41.437+0000] {processor.py:840} INFO - DAG(s) 'example_python_decorator' retrieved from /home/airflow/.local/lib/python3.8/site-packages/airflow/example_dags/example_python_decorator.py
[2024-04-07T14:46:41.648+0000] {logging_mixin.py:188} INFO - [2024-04-07T14:46:41.635+0000] {dag.py:3047} INFO - Sync 1 DAGs
[2024-04-07T14:46:41.794+0000] {logging_mixin.py:188} INFO - [2024-04-07T14:46:41.793+0000] {dag.py:3834} INFO - Setting next_dagrun for example_python_decorator to None, run_after=None
[2024-04-07T14:46:41.996+0000] {processor.py:183} INFO - Processing /home/airflow/.local/lib/python3.8/site-packages/airflow/example_dags/example_python_decorator.py took 0.667 seconds
[2024-04-07T14:47:12.292+0000] {processor.py:161} INFO - Started process (PID=892) to work on /home/airflow/.local/lib/python3.8/site-packages/airflow/example_dags/example_python_decorator.py
[2024-04-07T14:47:12.298+0000] {processor.py:830} INFO - Processing file /home/airflow/.local/lib/python3.8/site-packages/airflow/example_dags/example_python_decorator.py for tasks to queue
[2024-04-07T14:47:12.302+0000] {logging_mixin.py:188} INFO - [2024-04-07T14:47:12.301+0000] {dagbag.py:540} INFO - Filling up the DagBag from /home/airflow/.local/lib/python3.8/site-packages/airflow/example_dags/example_python_decorator.py
[2024-04-07T14:47:12.342+0000] {processor.py:840} INFO - DAG(s) 'example_python_decorator' retrieved from /home/airflow/.local/lib/python3.8/site-packages/airflow/example_dags/example_python_decorator.py
[2024-04-07T14:47:12.398+0000] {logging_mixin.py:188} INFO - [2024-04-07T14:47:12.397+0000] {dag.py:3047} INFO - Sync 1 DAGs
[2024-04-07T14:47:12.429+0000] {logging_mixin.py:188} INFO - [2024-04-07T14:47:12.429+0000] {dag.py:3834} INFO - Setting next_dagrun for example_python_decorator to None, run_after=None
[2024-04-07T14:47:12.471+0000] {processor.py:183} INFO - Processing /home/airflow/.local/lib/python3.8/site-packages/airflow/example_dags/example_python_decorator.py took 0.188 seconds
[2024-04-07T14:47:42.546+0000] {processor.py:161} INFO - Started process (PID=949) to work on /home/airflow/.local/lib/python3.8/site-packages/airflow/example_dags/example_python_decorator.py
[2024-04-07T14:47:42.548+0000] {processor.py:830} INFO - Processing file /home/airflow/.local/lib/python3.8/site-packages/airflow/example_dags/example_python_decorator.py for tasks to queue
[2024-04-07T14:47:42.551+0000] {logging_mixin.py:188} INFO - [2024-04-07T14:47:42.550+0000] {dagbag.py:540} INFO - Filling up the DagBag from /home/airflow/.local/lib/python3.8/site-packages/airflow/example_dags/example_python_decorator.py
[2024-04-07T14:47:42.572+0000] {processor.py:840} INFO - DAG(s) 'example_python_decorator' retrieved from /home/airflow/.local/lib/python3.8/site-packages/airflow/example_dags/example_python_decorator.py
[2024-04-07T14:47:42.608+0000] {logging_mixin.py:188} INFO - [2024-04-07T14:47:42.608+0000] {dag.py:3047} INFO - Sync 1 DAGs
[2024-04-07T14:47:42.629+0000] {logging_mixin.py:188} INFO - [2024-04-07T14:47:42.629+0000] {dag.py:3834} INFO - Setting next_dagrun for example_python_decorator to None, run_after=None
[2024-04-07T14:47:42.671+0000] {processor.py:183} INFO - Processing /home/airflow/.local/lib/python3.8/site-packages/airflow/example_dags/example_python_decorator.py took 0.130 seconds
[2024-04-07T14:48:12.978+0000] {processor.py:161} INFO - Started process (PID=1006) to work on /home/airflow/.local/lib/python3.8/site-packages/airflow/example_dags/example_python_decorator.py
[2024-04-07T14:48:12.980+0000] {processor.py:830} INFO - Processing file /home/airflow/.local/lib/python3.8/site-packages/airflow/example_dags/example_python_decorator.py for tasks to queue
[2024-04-07T14:48:12.983+0000] {logging_mixin.py:188} INFO - [2024-04-07T14:48:12.983+0000] {dagbag.py:540} INFO - Filling up the DagBag from /home/airflow/.local/lib/python3.8/site-packages/airflow/example_dags/example_python_decorator.py
[2024-04-07T14:48:13.004+0000] {processor.py:840} INFO - DAG(s) 'example_python_decorator' retrieved from /home/airflow/.local/lib/python3.8/site-packages/airflow/example_dags/example_python_decorator.py
[2024-04-07T14:48:13.039+0000] {logging_mixin.py:188} INFO - [2024-04-07T14:48:13.039+0000] {dag.py:3047} INFO - Sync 1 DAGs
[2024-04-07T14:48:13.066+0000] {logging_mixin.py:188} INFO - [2024-04-07T14:48:13.066+0000] {dag.py:3834} INFO - Setting next_dagrun for example_python_decorator to None, run_after=None
[2024-04-07T14:48:13.102+0000] {processor.py:183} INFO - Processing /home/airflow/.local/lib/python3.8/site-packages/airflow/example_dags/example_python_decorator.py took 0.129 seconds
[2024-04-07T14:48:43.617+0000] {processor.py:161} INFO - Started process (PID=1063) to work on /home/airflow/.local/lib/python3.8/site-packages/airflow/example_dags/example_python_decorator.py
[2024-04-07T14:48:43.619+0000] {processor.py:830} INFO - Processing file /home/airflow/.local/lib/python3.8/site-packages/airflow/example_dags/example_python_decorator.py for tasks to queue
[2024-04-07T14:48:43.621+0000] {logging_mixin.py:188} INFO - [2024-04-07T14:48:43.621+0000] {dagbag.py:540} INFO - Filling up the DagBag from /home/airflow/.local/lib/python3.8/site-packages/airflow/example_dags/example_python_decorator.py
[2024-04-07T14:48:43.652+0000] {processor.py:840} INFO - DAG(s) 'example_python_decorator' retrieved from /home/airflow/.local/lib/python3.8/site-packages/airflow/example_dags/example_python_decorator.py
[2024-04-07T14:48:43.692+0000] {logging_mixin.py:188} INFO - [2024-04-07T14:48:43.691+0000] {dag.py:3047} INFO - Sync 1 DAGs
[2024-04-07T14:48:43.712+0000] {logging_mixin.py:188} INFO - [2024-04-07T14:48:43.712+0000] {dag.py:3834} INFO - Setting next_dagrun for example_python_decorator to None, run_after=None
[2024-04-07T14:48:43.746+0000] {processor.py:183} INFO - Processing /home/airflow/.local/lib/python3.8/site-packages/airflow/example_dags/example_python_decorator.py took 0.134 seconds
[2024-04-07T14:49:14.277+0000] {processor.py:161} INFO - Started process (PID=1120) to work on /home/airflow/.local/lib/python3.8/site-packages/airflow/example_dags/example_python_decorator.py
[2024-04-07T14:49:14.280+0000] {processor.py:830} INFO - Processing file /home/airflow/.local/lib/python3.8/site-packages/airflow/example_dags/example_python_decorator.py for tasks to queue
[2024-04-07T14:49:14.284+0000] {logging_mixin.py:188} INFO - [2024-04-07T14:49:14.283+0000] {dagbag.py:540} INFO - Filling up the DagBag from /home/airflow/.local/lib/python3.8/site-packages/airflow/example_dags/example_python_decorator.py
[2024-04-07T14:49:14.331+0000] {processor.py:840} INFO - DAG(s) 'example_python_decorator' retrieved from /home/airflow/.local/lib/python3.8/site-packages/airflow/example_dags/example_python_decorator.py
[2024-04-07T14:49:14.449+0000] {logging_mixin.py:188} INFO - [2024-04-07T14:49:14.449+0000] {dag.py:3047} INFO - Sync 1 DAGs
[2024-04-07T14:49:14.553+0000] {logging_mixin.py:188} INFO - [2024-04-07T14:49:14.552+0000] {dag.py:3834} INFO - Setting next_dagrun for example_python_decorator to None, run_after=None
[2024-04-07T14:49:14.859+0000] {processor.py:183} INFO - Processing /home/airflow/.local/lib/python3.8/site-packages/airflow/example_dags/example_python_decorator.py took 0.591 seconds
[2024-04-07T14:49:45.548+0000] {processor.py:161} INFO - Started process (PID=1177) to work on /home/airflow/.local/lib/python3.8/site-packages/airflow/example_dags/example_python_decorator.py
[2024-04-07T14:49:45.575+0000] {processor.py:830} INFO - Processing file /home/airflow/.local/lib/python3.8/site-packages/airflow/example_dags/example_python_decorator.py for tasks to queue
[2024-04-07T14:49:45.580+0000] {logging_mixin.py:188} INFO - [2024-04-07T14:49:45.579+0000] {dagbag.py:540} INFO - Filling up the DagBag from /home/airflow/.local/lib/python3.8/site-packages/airflow/example_dags/example_python_decorator.py
[2024-04-07T14:49:45.699+0000] {processor.py:840} INFO - DAG(s) 'example_python_decorator' retrieved from /home/airflow/.local/lib/python3.8/site-packages/airflow/example_dags/example_python_decorator.py
[2024-04-07T14:49:45.875+0000] {logging_mixin.py:188} INFO - [2024-04-07T14:49:45.875+0000] {dag.py:3047} INFO - Sync 1 DAGs
[2024-04-07T14:49:45.942+0000] {logging_mixin.py:188} INFO - [2024-04-07T14:49:45.942+0000] {dag.py:3834} INFO - Setting next_dagrun for example_python_decorator to None, run_after=None
[2024-04-07T14:49:46.054+0000] {processor.py:183} INFO - Processing /home/airflow/.local/lib/python3.8/site-packages/airflow/example_dags/example_python_decorator.py took 0.513 seconds
[2024-04-07T14:50:16.196+0000] {processor.py:161} INFO - Started process (PID=1234) to work on /home/airflow/.local/lib/python3.8/site-packages/airflow/example_dags/example_python_decorator.py
[2024-04-07T14:50:16.198+0000] {processor.py:830} INFO - Processing file /home/airflow/.local/lib/python3.8/site-packages/airflow/example_dags/example_python_decorator.py for tasks to queue
[2024-04-07T14:50:16.202+0000] {logging_mixin.py:188} INFO - [2024-04-07T14:50:16.201+0000] {dagbag.py:540} INFO - Filling up the DagBag from /home/airflow/.local/lib/python3.8/site-packages/airflow/example_dags/example_python_decorator.py
[2024-04-07T14:50:16.240+0000] {processor.py:840} INFO - DAG(s) 'example_python_decorator' retrieved from /home/airflow/.local/lib/python3.8/site-packages/airflow/example_dags/example_python_decorator.py
[2024-04-07T14:50:16.364+0000] {logging_mixin.py:188} INFO - [2024-04-07T14:50:16.364+0000] {dag.py:3047} INFO - Sync 1 DAGs
[2024-04-07T14:50:16.458+0000] {logging_mixin.py:188} INFO - [2024-04-07T14:50:16.457+0000] {dag.py:3834} INFO - Setting next_dagrun for example_python_decorator to None, run_after=None
[2024-04-07T14:50:16.592+0000] {processor.py:183} INFO - Processing /home/airflow/.local/lib/python3.8/site-packages/airflow/example_dags/example_python_decorator.py took 0.414 seconds
[2024-04-07T14:50:47.280+0000] {processor.py:161} INFO - Started process (PID=1292) to work on /home/airflow/.local/lib/python3.8/site-packages/airflow/example_dags/example_python_decorator.py
[2024-04-07T14:50:47.282+0000] {processor.py:830} INFO - Processing file /home/airflow/.local/lib/python3.8/site-packages/airflow/example_dags/example_python_decorator.py for tasks to queue
[2024-04-07T14:50:47.287+0000] {logging_mixin.py:188} INFO - [2024-04-07T14:50:47.287+0000] {dagbag.py:540} INFO - Filling up the DagBag from /home/airflow/.local/lib/python3.8/site-packages/airflow/example_dags/example_python_decorator.py
[2024-04-07T14:50:47.332+0000] {processor.py:840} INFO - DAG(s) 'example_python_decorator' retrieved from /home/airflow/.local/lib/python3.8/site-packages/airflow/example_dags/example_python_decorator.py
[2024-04-07T14:50:47.404+0000] {logging_mixin.py:188} INFO - [2024-04-07T14:50:47.403+0000] {dag.py:3047} INFO - Sync 1 DAGs
[2024-04-07T14:50:47.441+0000] {logging_mixin.py:188} INFO - [2024-04-07T14:50:47.441+0000] {dag.py:3834} INFO - Setting next_dagrun for example_python_decorator to None, run_after=None
[2024-04-07T14:50:47.497+0000] {processor.py:183} INFO - Processing /home/airflow/.local/lib/python3.8/site-packages/airflow/example_dags/example_python_decorator.py took 0.230 seconds
[2024-04-07T14:51:17.759+0000] {processor.py:161} INFO - Started process (PID=1348) to work on /home/airflow/.local/lib/python3.8/site-packages/airflow/example_dags/example_python_decorator.py
[2024-04-07T14:51:17.761+0000] {processor.py:830} INFO - Processing file /home/airflow/.local/lib/python3.8/site-packages/airflow/example_dags/example_python_decorator.py for tasks to queue
[2024-04-07T14:51:17.767+0000] {logging_mixin.py:188} INFO - [2024-04-07T14:51:17.766+0000] {dagbag.py:540} INFO - Filling up the DagBag from /home/airflow/.local/lib/python3.8/site-packages/airflow/example_dags/example_python_decorator.py
[2024-04-07T14:51:17.802+0000] {processor.py:840} INFO - DAG(s) 'example_python_decorator' retrieved from /home/airflow/.local/lib/python3.8/site-packages/airflow/example_dags/example_python_decorator.py
[2024-04-07T14:51:17.844+0000] {logging_mixin.py:188} INFO - [2024-04-07T14:51:17.843+0000] {dag.py:3047} INFO - Sync 1 DAGs
[2024-04-07T14:51:17.868+0000] {logging_mixin.py:188} INFO - [2024-04-07T14:51:17.867+0000] {dag.py:3834} INFO - Setting next_dagrun for example_python_decorator to None, run_after=None
[2024-04-07T14:51:17.933+0000] {processor.py:183} INFO - Processing /home/airflow/.local/lib/python3.8/site-packages/airflow/example_dags/example_python_decorator.py took 0.180 seconds
[2024-04-07T14:51:49.559+0000] {processor.py:161} INFO - Started process (PID=1406) to work on /home/airflow/.local/lib/python3.8/site-packages/airflow/example_dags/example_python_decorator.py
[2024-04-07T14:51:49.588+0000] {processor.py:830} INFO - Processing file /home/airflow/.local/lib/python3.8/site-packages/airflow/example_dags/example_python_decorator.py for tasks to queue
[2024-04-07T14:51:49.599+0000] {logging_mixin.py:188} INFO - [2024-04-07T14:51:49.598+0000] {dagbag.py:540} INFO - Filling up the DagBag from /home/airflow/.local/lib/python3.8/site-packages/airflow/example_dags/example_python_decorator.py
[2024-04-07T14:51:49.691+0000] {processor.py:840} INFO - DAG(s) 'example_python_decorator' retrieved from /home/airflow/.local/lib/python3.8/site-packages/airflow/example_dags/example_python_decorator.py
[2024-04-07T14:51:49.953+0000] {logging_mixin.py:188} INFO - [2024-04-07T14:51:49.952+0000] {dag.py:3047} INFO - Sync 1 DAGs
[2024-04-07T14:51:50.042+0000] {logging_mixin.py:188} INFO - [2024-04-07T14:51:50.042+0000] {dag.py:3834} INFO - Setting next_dagrun for example_python_decorator to None, run_after=None
[2024-04-07T14:51:50.173+0000] {processor.py:183} INFO - Processing /home/airflow/.local/lib/python3.8/site-packages/airflow/example_dags/example_python_decorator.py took 0.639 seconds
[2024-04-07T14:52:20.416+0000] {processor.py:161} INFO - Started process (PID=1463) to work on /home/airflow/.local/lib/python3.8/site-packages/airflow/example_dags/example_python_decorator.py
[2024-04-07T14:52:20.419+0000] {processor.py:830} INFO - Processing file /home/airflow/.local/lib/python3.8/site-packages/airflow/example_dags/example_python_decorator.py for tasks to queue
[2024-04-07T14:52:20.422+0000] {logging_mixin.py:188} INFO - [2024-04-07T14:52:20.422+0000] {dagbag.py:540} INFO - Filling up the DagBag from /home/airflow/.local/lib/python3.8/site-packages/airflow/example_dags/example_python_decorator.py
[2024-04-07T14:52:20.446+0000] {processor.py:840} INFO - DAG(s) 'example_python_decorator' retrieved from /home/airflow/.local/lib/python3.8/site-packages/airflow/example_dags/example_python_decorator.py
[2024-04-07T14:52:20.490+0000] {logging_mixin.py:188} INFO - [2024-04-07T14:52:20.490+0000] {dag.py:3047} INFO - Sync 1 DAGs
[2024-04-07T14:52:20.519+0000] {logging_mixin.py:188} INFO - [2024-04-07T14:52:20.518+0000] {dag.py:3834} INFO - Setting next_dagrun for example_python_decorator to None, run_after=None
[2024-04-07T14:52:20.564+0000] {processor.py:183} INFO - Processing /home/airflow/.local/lib/python3.8/site-packages/airflow/example_dags/example_python_decorator.py took 0.152 seconds
[2024-04-07T14:52:50.991+0000] {processor.py:161} INFO - Started process (PID=1520) to work on /home/airflow/.local/lib/python3.8/site-packages/airflow/example_dags/example_python_decorator.py
[2024-04-07T14:52:50.994+0000] {processor.py:830} INFO - Processing file /home/airflow/.local/lib/python3.8/site-packages/airflow/example_dags/example_python_decorator.py for tasks to queue
[2024-04-07T14:52:51.001+0000] {logging_mixin.py:188} INFO - [2024-04-07T14:52:51.000+0000] {dagbag.py:540} INFO - Filling up the DagBag from /home/airflow/.local/lib/python3.8/site-packages/airflow/example_dags/example_python_decorator.py
[2024-04-07T14:52:51.033+0000] {processor.py:840} INFO - DAG(s) 'example_python_decorator' retrieved from /home/airflow/.local/lib/python3.8/site-packages/airflow/example_dags/example_python_decorator.py
[2024-04-07T14:52:51.078+0000] {logging_mixin.py:188} INFO - [2024-04-07T14:52:51.077+0000] {dag.py:3047} INFO - Sync 1 DAGs
[2024-04-07T14:52:51.099+0000] {logging_mixin.py:188} INFO - [2024-04-07T14:52:51.099+0000] {dag.py:3834} INFO - Setting next_dagrun for example_python_decorator to None, run_after=None
[2024-04-07T14:52:51.164+0000] {processor.py:183} INFO - Processing /home/airflow/.local/lib/python3.8/site-packages/airflow/example_dags/example_python_decorator.py took 0.183 seconds
[2024-04-07T14:53:21.492+0000] {processor.py:161} INFO - Started process (PID=1577) to work on /home/airflow/.local/lib/python3.8/site-packages/airflow/example_dags/example_python_decorator.py
[2024-04-07T14:53:21.497+0000] {processor.py:830} INFO - Processing file /home/airflow/.local/lib/python3.8/site-packages/airflow/example_dags/example_python_decorator.py for tasks to queue
[2024-04-07T14:53:21.502+0000] {logging_mixin.py:188} INFO - [2024-04-07T14:53:21.501+0000] {dagbag.py:540} INFO - Filling up the DagBag from /home/airflow/.local/lib/python3.8/site-packages/airflow/example_dags/example_python_decorator.py
[2024-04-07T14:53:21.539+0000] {processor.py:840} INFO - DAG(s) 'example_python_decorator' retrieved from /home/airflow/.local/lib/python3.8/site-packages/airflow/example_dags/example_python_decorator.py
[2024-04-07T14:53:21.593+0000] {logging_mixin.py:188} INFO - [2024-04-07T14:53:21.592+0000] {dag.py:3047} INFO - Sync 1 DAGs
[2024-04-07T14:53:21.624+0000] {logging_mixin.py:188} INFO - [2024-04-07T14:53:21.624+0000] {dag.py:3834} INFO - Setting next_dagrun for example_python_decorator to None, run_after=None
[2024-04-07T14:53:21.680+0000] {processor.py:183} INFO - Processing /home/airflow/.local/lib/python3.8/site-packages/airflow/example_dags/example_python_decorator.py took 0.196 seconds
[2024-04-07T14:53:51.892+0000] {processor.py:161} INFO - Started process (PID=1632) to work on /home/airflow/.local/lib/python3.8/site-packages/airflow/example_dags/example_python_decorator.py
[2024-04-07T14:53:51.900+0000] {processor.py:830} INFO - Processing file /home/airflow/.local/lib/python3.8/site-packages/airflow/example_dags/example_python_decorator.py for tasks to queue
[2024-04-07T14:53:51.904+0000] {logging_mixin.py:188} INFO - [2024-04-07T14:53:51.903+0000] {dagbag.py:540} INFO - Filling up the DagBag from /home/airflow/.local/lib/python3.8/site-packages/airflow/example_dags/example_python_decorator.py
[2024-04-07T14:53:51.954+0000] {processor.py:840} INFO - DAG(s) 'example_python_decorator' retrieved from /home/airflow/.local/lib/python3.8/site-packages/airflow/example_dags/example_python_decorator.py
[2024-04-07T14:53:52.018+0000] {logging_mixin.py:188} INFO - [2024-04-07T14:53:52.018+0000] {dag.py:3047} INFO - Sync 1 DAGs
[2024-04-07T14:53:52.042+0000] {logging_mixin.py:188} INFO - [2024-04-07T14:53:52.041+0000] {dag.py:3834} INFO - Setting next_dagrun for example_python_decorator to None, run_after=None
[2024-04-07T14:53:52.101+0000] {processor.py:183} INFO - Processing /home/airflow/.local/lib/python3.8/site-packages/airflow/example_dags/example_python_decorator.py took 0.219 seconds
[2024-04-07T14:54:22.771+0000] {processor.py:161} INFO - Started process (PID=1689) to work on /home/airflow/.local/lib/python3.8/site-packages/airflow/example_dags/example_python_decorator.py
[2024-04-07T14:54:22.773+0000] {processor.py:830} INFO - Processing file /home/airflow/.local/lib/python3.8/site-packages/airflow/example_dags/example_python_decorator.py for tasks to queue
[2024-04-07T14:54:22.776+0000] {logging_mixin.py:188} INFO - [2024-04-07T14:54:22.776+0000] {dagbag.py:540} INFO - Filling up the DagBag from /home/airflow/.local/lib/python3.8/site-packages/airflow/example_dags/example_python_decorator.py
[2024-04-07T14:54:22.800+0000] {processor.py:840} INFO - DAG(s) 'example_python_decorator' retrieved from /home/airflow/.local/lib/python3.8/site-packages/airflow/example_dags/example_python_decorator.py
[2024-04-07T14:54:22.843+0000] {logging_mixin.py:188} INFO - [2024-04-07T14:54:22.842+0000] {dag.py:3047} INFO - Sync 1 DAGs
[2024-04-07T14:54:22.869+0000] {logging_mixin.py:188} INFO - [2024-04-07T14:54:22.869+0000] {dag.py:3834} INFO - Setting next_dagrun for example_python_decorator to None, run_after=None
[2024-04-07T14:54:22.909+0000] {processor.py:183} INFO - Processing /home/airflow/.local/lib/python3.8/site-packages/airflow/example_dags/example_python_decorator.py took 0.145 seconds
[2024-04-07T14:54:53.332+0000] {processor.py:161} INFO - Started process (PID=1746) to work on /home/airflow/.local/lib/python3.8/site-packages/airflow/example_dags/example_python_decorator.py
[2024-04-07T14:54:53.337+0000] {processor.py:830} INFO - Processing file /home/airflow/.local/lib/python3.8/site-packages/airflow/example_dags/example_python_decorator.py for tasks to queue
[2024-04-07T14:54:53.349+0000] {logging_mixin.py:188} INFO - [2024-04-07T14:54:53.348+0000] {dagbag.py:540} INFO - Filling up the DagBag from /home/airflow/.local/lib/python3.8/site-packages/airflow/example_dags/example_python_decorator.py
[2024-04-07T14:54:53.410+0000] {processor.py:840} INFO - DAG(s) 'example_python_decorator' retrieved from /home/airflow/.local/lib/python3.8/site-packages/airflow/example_dags/example_python_decorator.py
[2024-04-07T14:54:53.488+0000] {logging_mixin.py:188} INFO - [2024-04-07T14:54:53.488+0000] {dag.py:3047} INFO - Sync 1 DAGs
[2024-04-07T14:54:53.526+0000] {logging_mixin.py:188} INFO - [2024-04-07T14:54:53.525+0000] {dag.py:3834} INFO - Setting next_dagrun for example_python_decorator to None, run_after=None
[2024-04-07T14:54:53.579+0000] {processor.py:183} INFO - Processing /home/airflow/.local/lib/python3.8/site-packages/airflow/example_dags/example_python_decorator.py took 0.265 seconds
[2024-04-07T14:55:23.828+0000] {processor.py:161} INFO - Started process (PID=1802) to work on /home/airflow/.local/lib/python3.8/site-packages/airflow/example_dags/example_python_decorator.py
[2024-04-07T14:55:23.831+0000] {processor.py:830} INFO - Processing file /home/airflow/.local/lib/python3.8/site-packages/airflow/example_dags/example_python_decorator.py for tasks to queue
[2024-04-07T14:55:23.835+0000] {logging_mixin.py:188} INFO - [2024-04-07T14:55:23.834+0000] {dagbag.py:540} INFO - Filling up the DagBag from /home/airflow/.local/lib/python3.8/site-packages/airflow/example_dags/example_python_decorator.py
[2024-04-07T14:55:23.875+0000] {processor.py:840} INFO - DAG(s) 'example_python_decorator' retrieved from /home/airflow/.local/lib/python3.8/site-packages/airflow/example_dags/example_python_decorator.py
[2024-04-07T14:55:23.926+0000] {logging_mixin.py:188} INFO - [2024-04-07T14:55:23.925+0000] {dag.py:3047} INFO - Sync 1 DAGs
[2024-04-07T14:55:23.959+0000] {logging_mixin.py:188} INFO - [2024-04-07T14:55:23.958+0000] {dag.py:3834} INFO - Setting next_dagrun for example_python_decorator to None, run_after=None
[2024-04-07T14:55:24.007+0000] {processor.py:183} INFO - Processing /home/airflow/.local/lib/python3.8/site-packages/airflow/example_dags/example_python_decorator.py took 0.190 seconds
[2024-04-07T14:55:54.197+0000] {processor.py:161} INFO - Started process (PID=1859) to work on /home/airflow/.local/lib/python3.8/site-packages/airflow/example_dags/example_python_decorator.py
[2024-04-07T14:55:54.200+0000] {processor.py:830} INFO - Processing file /home/airflow/.local/lib/python3.8/site-packages/airflow/example_dags/example_python_decorator.py for tasks to queue
[2024-04-07T14:55:54.205+0000] {logging_mixin.py:188} INFO - [2024-04-07T14:55:54.204+0000] {dagbag.py:540} INFO - Filling up the DagBag from /home/airflow/.local/lib/python3.8/site-packages/airflow/example_dags/example_python_decorator.py
[2024-04-07T14:55:54.236+0000] {processor.py:840} INFO - DAG(s) 'example_python_decorator' retrieved from /home/airflow/.local/lib/python3.8/site-packages/airflow/example_dags/example_python_decorator.py
[2024-04-07T14:55:54.296+0000] {logging_mixin.py:188} INFO - [2024-04-07T14:55:54.295+0000] {dag.py:3047} INFO - Sync 1 DAGs
[2024-04-07T14:55:54.321+0000] {logging_mixin.py:188} INFO - [2024-04-07T14:55:54.321+0000] {dag.py:3834} INFO - Setting next_dagrun for example_python_decorator to None, run_after=None
[2024-04-07T14:55:54.362+0000] {processor.py:183} INFO - Processing /home/airflow/.local/lib/python3.8/site-packages/airflow/example_dags/example_python_decorator.py took 0.173 seconds
[2024-04-07T14:56:24.573+0000] {processor.py:161} INFO - Started process (PID=1917) to work on /home/airflow/.local/lib/python3.8/site-packages/airflow/example_dags/example_python_decorator.py
[2024-04-07T14:56:24.575+0000] {processor.py:830} INFO - Processing file /home/airflow/.local/lib/python3.8/site-packages/airflow/example_dags/example_python_decorator.py for tasks to queue
[2024-04-07T14:56:24.579+0000] {logging_mixin.py:188} INFO - [2024-04-07T14:56:24.578+0000] {dagbag.py:540} INFO - Filling up the DagBag from /home/airflow/.local/lib/python3.8/site-packages/airflow/example_dags/example_python_decorator.py
[2024-04-07T14:56:24.598+0000] {processor.py:840} INFO - DAG(s) 'example_python_decorator' retrieved from /home/airflow/.local/lib/python3.8/site-packages/airflow/example_dags/example_python_decorator.py
[2024-04-07T14:56:24.636+0000] {logging_mixin.py:188} INFO - [2024-04-07T14:56:24.636+0000] {dag.py:3047} INFO - Sync 1 DAGs
[2024-04-07T14:56:24.655+0000] {logging_mixin.py:188} INFO - [2024-04-07T14:56:24.655+0000] {dag.py:3834} INFO - Setting next_dagrun for example_python_decorator to None, run_after=None
[2024-04-07T14:56:24.701+0000] {processor.py:183} INFO - Processing /home/airflow/.local/lib/python3.8/site-packages/airflow/example_dags/example_python_decorator.py took 0.136 seconds
[2024-04-07T14:56:55.017+0000] {processor.py:161} INFO - Started process (PID=1973) to work on /home/airflow/.local/lib/python3.8/site-packages/airflow/example_dags/example_python_decorator.py
[2024-04-07T14:56:55.019+0000] {processor.py:830} INFO - Processing file /home/airflow/.local/lib/python3.8/site-packages/airflow/example_dags/example_python_decorator.py for tasks to queue
[2024-04-07T14:56:55.022+0000] {logging_mixin.py:188} INFO - [2024-04-07T14:56:55.021+0000] {dagbag.py:540} INFO - Filling up the DagBag from /home/airflow/.local/lib/python3.8/site-packages/airflow/example_dags/example_python_decorator.py
[2024-04-07T14:56:55.046+0000] {processor.py:840} INFO - DAG(s) 'example_python_decorator' retrieved from /home/airflow/.local/lib/python3.8/site-packages/airflow/example_dags/example_python_decorator.py
[2024-04-07T14:56:55.085+0000] {logging_mixin.py:188} INFO - [2024-04-07T14:56:55.085+0000] {dag.py:3047} INFO - Sync 1 DAGs
[2024-04-07T14:56:55.107+0000] {logging_mixin.py:188} INFO - [2024-04-07T14:56:55.107+0000] {dag.py:3834} INFO - Setting next_dagrun for example_python_decorator to None, run_after=None
[2024-04-07T14:56:55.146+0000] {processor.py:183} INFO - Processing /home/airflow/.local/lib/python3.8/site-packages/airflow/example_dags/example_python_decorator.py took 0.133 seconds
[2024-04-07T14:57:25.334+0000] {processor.py:161} INFO - Started process (PID=2030) to work on /home/airflow/.local/lib/python3.8/site-packages/airflow/example_dags/example_python_decorator.py
[2024-04-07T14:57:25.336+0000] {processor.py:830} INFO - Processing file /home/airflow/.local/lib/python3.8/site-packages/airflow/example_dags/example_python_decorator.py for tasks to queue
[2024-04-07T14:57:25.339+0000] {logging_mixin.py:188} INFO - [2024-04-07T14:57:25.338+0000] {dagbag.py:540} INFO - Filling up the DagBag from /home/airflow/.local/lib/python3.8/site-packages/airflow/example_dags/example_python_decorator.py
[2024-04-07T14:57:25.366+0000] {processor.py:840} INFO - DAG(s) 'example_python_decorator' retrieved from /home/airflow/.local/lib/python3.8/site-packages/airflow/example_dags/example_python_decorator.py
[2024-04-07T14:57:25.418+0000] {logging_mixin.py:188} INFO - [2024-04-07T14:57:25.417+0000] {dag.py:3047} INFO - Sync 1 DAGs
[2024-04-07T14:57:25.456+0000] {logging_mixin.py:188} INFO - [2024-04-07T14:57:25.456+0000] {dag.py:3834} INFO - Setting next_dagrun for example_python_decorator to None, run_after=None
[2024-04-07T14:57:25.552+0000] {processor.py:183} INFO - Processing /home/airflow/.local/lib/python3.8/site-packages/airflow/example_dags/example_python_decorator.py took 0.223 seconds
[2024-04-07T14:57:55.704+0000] {processor.py:161} INFO - Started process (PID=2088) to work on /home/airflow/.local/lib/python3.8/site-packages/airflow/example_dags/example_python_decorator.py
[2024-04-07T14:57:55.707+0000] {processor.py:830} INFO - Processing file /home/airflow/.local/lib/python3.8/site-packages/airflow/example_dags/example_python_decorator.py for tasks to queue
[2024-04-07T14:57:55.711+0000] {logging_mixin.py:188} INFO - [2024-04-07T14:57:55.710+0000] {dagbag.py:540} INFO - Filling up the DagBag from /home/airflow/.local/lib/python3.8/site-packages/airflow/example_dags/example_python_decorator.py
[2024-04-07T14:57:55.739+0000] {processor.py:840} INFO - DAG(s) 'example_python_decorator' retrieved from /home/airflow/.local/lib/python3.8/site-packages/airflow/example_dags/example_python_decorator.py
[2024-04-07T14:57:55.780+0000] {logging_mixin.py:188} INFO - [2024-04-07T14:57:55.780+0000] {dag.py:3047} INFO - Sync 1 DAGs
[2024-04-07T14:57:55.807+0000] {logging_mixin.py:188} INFO - [2024-04-07T14:57:55.807+0000] {dag.py:3834} INFO - Setting next_dagrun for example_python_decorator to None, run_after=None
[2024-04-07T14:57:55.845+0000] {processor.py:183} INFO - Processing /home/airflow/.local/lib/python3.8/site-packages/airflow/example_dags/example_python_decorator.py took 0.149 seconds
[2024-04-07T14:58:26.659+0000] {processor.py:161} INFO - Started process (PID=2145) to work on /home/airflow/.local/lib/python3.8/site-packages/airflow/example_dags/example_python_decorator.py
[2024-04-07T14:58:26.666+0000] {processor.py:830} INFO - Processing file /home/airflow/.local/lib/python3.8/site-packages/airflow/example_dags/example_python_decorator.py for tasks to queue
[2024-04-07T14:58:26.671+0000] {logging_mixin.py:188} INFO - [2024-04-07T14:58:26.671+0000] {dagbag.py:540} INFO - Filling up the DagBag from /home/airflow/.local/lib/python3.8/site-packages/airflow/example_dags/example_python_decorator.py
[2024-04-07T14:58:26.725+0000] {processor.py:840} INFO - DAG(s) 'example_python_decorator' retrieved from /home/airflow/.local/lib/python3.8/site-packages/airflow/example_dags/example_python_decorator.py
[2024-04-07T14:58:26.804+0000] {logging_mixin.py:188} INFO - [2024-04-07T14:58:26.803+0000] {dag.py:3047} INFO - Sync 1 DAGs
[2024-04-07T14:58:26.840+0000] {logging_mixin.py:188} INFO - [2024-04-07T14:58:26.839+0000] {dag.py:3834} INFO - Setting next_dagrun for example_python_decorator to None, run_after=None
[2024-04-07T14:58:26.936+0000] {processor.py:183} INFO - Processing /home/airflow/.local/lib/python3.8/site-packages/airflow/example_dags/example_python_decorator.py took 0.286 seconds
[2024-04-07T14:58:57.328+0000] {processor.py:161} INFO - Started process (PID=2202) to work on /home/airflow/.local/lib/python3.8/site-packages/airflow/example_dags/example_python_decorator.py
[2024-04-07T14:58:57.329+0000] {processor.py:830} INFO - Processing file /home/airflow/.local/lib/python3.8/site-packages/airflow/example_dags/example_python_decorator.py for tasks to queue
[2024-04-07T14:58:57.333+0000] {logging_mixin.py:188} INFO - [2024-04-07T14:58:57.332+0000] {dagbag.py:540} INFO - Filling up the DagBag from /home/airflow/.local/lib/python3.8/site-packages/airflow/example_dags/example_python_decorator.py
[2024-04-07T14:58:57.355+0000] {processor.py:840} INFO - DAG(s) 'example_python_decorator' retrieved from /home/airflow/.local/lib/python3.8/site-packages/airflow/example_dags/example_python_decorator.py
[2024-04-07T14:58:57.389+0000] {logging_mixin.py:188} INFO - [2024-04-07T14:58:57.389+0000] {dag.py:3047} INFO - Sync 1 DAGs
[2024-04-07T14:58:57.412+0000] {logging_mixin.py:188} INFO - [2024-04-07T14:58:57.411+0000] {dag.py:3834} INFO - Setting next_dagrun for example_python_decorator to None, run_after=None
[2024-04-07T14:58:57.446+0000] {processor.py:183} INFO - Processing /home/airflow/.local/lib/python3.8/site-packages/airflow/example_dags/example_python_decorator.py took 0.124 seconds
[2024-04-07T14:59:28.216+0000] {processor.py:161} INFO - Started process (PID=2259) to work on /home/airflow/.local/lib/python3.8/site-packages/airflow/example_dags/example_python_decorator.py
[2024-04-07T14:59:28.217+0000] {processor.py:830} INFO - Processing file /home/airflow/.local/lib/python3.8/site-packages/airflow/example_dags/example_python_decorator.py for tasks to queue
[2024-04-07T14:59:28.220+0000] {logging_mixin.py:188} INFO - [2024-04-07T14:59:28.220+0000] {dagbag.py:540} INFO - Filling up the DagBag from /home/airflow/.local/lib/python3.8/site-packages/airflow/example_dags/example_python_decorator.py
[2024-04-07T14:59:28.243+0000] {processor.py:840} INFO - DAG(s) 'example_python_decorator' retrieved from /home/airflow/.local/lib/python3.8/site-packages/airflow/example_dags/example_python_decorator.py
[2024-04-07T14:59:28.289+0000] {logging_mixin.py:188} INFO - [2024-04-07T14:59:28.288+0000] {dag.py:3047} INFO - Sync 1 DAGs
[2024-04-07T14:59:28.320+0000] {logging_mixin.py:188} INFO - [2024-04-07T14:59:28.320+0000] {dag.py:3834} INFO - Setting next_dagrun for example_python_decorator to None, run_after=None
[2024-04-07T14:59:28.366+0000] {processor.py:183} INFO - Processing /home/airflow/.local/lib/python3.8/site-packages/airflow/example_dags/example_python_decorator.py took 0.156 seconds
[2024-04-07T14:59:58.645+0000] {processor.py:161} INFO - Started process (PID=2316) to work on /home/airflow/.local/lib/python3.8/site-packages/airflow/example_dags/example_python_decorator.py
[2024-04-07T14:59:58.648+0000] {processor.py:830} INFO - Processing file /home/airflow/.local/lib/python3.8/site-packages/airflow/example_dags/example_python_decorator.py for tasks to queue
[2024-04-07T14:59:58.652+0000] {logging_mixin.py:188} INFO - [2024-04-07T14:59:58.651+0000] {dagbag.py:540} INFO - Filling up the DagBag from /home/airflow/.local/lib/python3.8/site-packages/airflow/example_dags/example_python_decorator.py
[2024-04-07T14:59:58.688+0000] {processor.py:840} INFO - DAG(s) 'example_python_decorator' retrieved from /home/airflow/.local/lib/python3.8/site-packages/airflow/example_dags/example_python_decorator.py
[2024-04-07T14:59:58.753+0000] {logging_mixin.py:188} INFO - [2024-04-07T14:59:58.753+0000] {dag.py:3047} INFO - Sync 1 DAGs
[2024-04-07T14:59:58.785+0000] {logging_mixin.py:188} INFO - [2024-04-07T14:59:58.785+0000] {dag.py:3834} INFO - Setting next_dagrun for example_python_decorator to None, run_after=None
[2024-04-07T14:59:58.815+0000] {processor.py:183} INFO - Processing /home/airflow/.local/lib/python3.8/site-packages/airflow/example_dags/example_python_decorator.py took 0.176 seconds
[2024-04-07T15:00:29.080+0000] {processor.py:161} INFO - Started process (PID=2373) to work on /home/airflow/.local/lib/python3.8/site-packages/airflow/example_dags/example_python_decorator.py
[2024-04-07T15:00:29.082+0000] {processor.py:830} INFO - Processing file /home/airflow/.local/lib/python3.8/site-packages/airflow/example_dags/example_python_decorator.py for tasks to queue
[2024-04-07T15:00:29.086+0000] {logging_mixin.py:188} INFO - [2024-04-07T15:00:29.086+0000] {dagbag.py:540} INFO - Filling up the DagBag from /home/airflow/.local/lib/python3.8/site-packages/airflow/example_dags/example_python_decorator.py
[2024-04-07T15:00:29.107+0000] {processor.py:840} INFO - DAG(s) 'example_python_decorator' retrieved from /home/airflow/.local/lib/python3.8/site-packages/airflow/example_dags/example_python_decorator.py
[2024-04-07T15:00:29.146+0000] {logging_mixin.py:188} INFO - [2024-04-07T15:00:29.145+0000] {dag.py:3047} INFO - Sync 1 DAGs
[2024-04-07T15:00:29.171+0000] {logging_mixin.py:188} INFO - [2024-04-07T15:00:29.171+0000] {dag.py:3834} INFO - Setting next_dagrun for example_python_decorator to None, run_after=None
[2024-04-07T15:00:29.214+0000] {processor.py:183} INFO - Processing /home/airflow/.local/lib/python3.8/site-packages/airflow/example_dags/example_python_decorator.py took 0.139 seconds
