[2024-04-07T14:37:13.986+0000] {processor.py:161} INFO - Started process (PID=49) to work on /home/airflow/.local/lib/python3.8/site-packages/airflow/example_dags/example_bash_operator.py
[2024-04-07T14:37:14.007+0000] {processor.py:830} INFO - Processing file /home/airflow/.local/lib/python3.8/site-packages/airflow/example_dags/example_bash_operator.py for tasks to queue
[2024-04-07T14:37:14.023+0000] {logging_mixin.py:188} INFO - [2024-04-07T14:37:14.022+0000] {dagbag.py:540} INFO - Filling up the DagBag from /home/airflow/.local/lib/python3.8/site-packages/airflow/example_dags/example_bash_operator.py
[2024-04-07T14:37:14.457+0000] {processor.py:840} INFO - DAG(s) 'example_bash_operator' retrieved from /home/airflow/.local/lib/python3.8/site-packages/airflow/example_dags/example_bash_operator.py
[2024-04-07T14:37:15.256+0000] {logging_mixin.py:188} INFO - [2024-04-07T14:37:15.255+0000] {dag.py:3047} INFO - Sync 1 DAGs
[2024-04-07T14:37:15.458+0000] {logging_mixin.py:188} INFO - [2024-04-07T14:37:15.458+0000] {dag.py:3834} INFO - Setting next_dagrun for example_bash_operator to 2024-04-06 00:00:00+00:00, run_after=2024-04-07 00:00:00+00:00
[2024-04-07T14:37:17.374+0000] {processor.py:183} INFO - Processing /home/airflow/.local/lib/python3.8/site-packages/airflow/example_dags/example_bash_operator.py took 3.424 seconds
[2024-04-07T14:39:11.635+0000] {processor.py:161} INFO - Started process (PID=39) to work on /home/airflow/.local/lib/python3.8/site-packages/airflow/example_dags/example_bash_operator.py
[2024-04-07T14:39:11.637+0000] {processor.py:830} INFO - Processing file /home/airflow/.local/lib/python3.8/site-packages/airflow/example_dags/example_bash_operator.py for tasks to queue
[2024-04-07T14:39:11.641+0000] {logging_mixin.py:188} INFO - [2024-04-07T14:39:11.640+0000] {dagbag.py:540} INFO - Filling up the DagBag from /home/airflow/.local/lib/python3.8/site-packages/airflow/example_dags/example_bash_operator.py
[2024-04-07T14:39:11.666+0000] {processor.py:840} INFO - DAG(s) 'example_bash_operator' retrieved from /home/airflow/.local/lib/python3.8/site-packages/airflow/example_dags/example_bash_operator.py
[2024-04-07T14:39:11.737+0000] {logging_mixin.py:188} INFO - [2024-04-07T14:39:11.736+0000] {dag.py:3047} INFO - Sync 1 DAGs
[2024-04-07T14:39:11.795+0000] {logging_mixin.py:188} INFO - [2024-04-07T14:39:11.795+0000] {dag.py:3834} INFO - Setting next_dagrun for example_bash_operator to 2024-04-06 00:00:00+00:00, run_after=2024-04-07 00:00:00+00:00
[2024-04-07T14:39:12.058+0000] {processor.py:183} INFO - Processing /home/airflow/.local/lib/python3.8/site-packages/airflow/example_dags/example_bash_operator.py took 0.429 seconds
[2024-04-07T14:39:46.518+0000] {processor.py:161} INFO - Started process (PID=96) to work on /home/airflow/.local/lib/python3.8/site-packages/airflow/example_dags/example_bash_operator.py
[2024-04-07T14:39:46.520+0000] {processor.py:830} INFO - Processing file /home/airflow/.local/lib/python3.8/site-packages/airflow/example_dags/example_bash_operator.py for tasks to queue
[2024-04-07T14:39:46.525+0000] {logging_mixin.py:188} INFO - [2024-04-07T14:39:46.523+0000] {dagbag.py:540} INFO - Filling up the DagBag from /home/airflow/.local/lib/python3.8/site-packages/airflow/example_dags/example_bash_operator.py
[2024-04-07T14:39:46.570+0000] {processor.py:840} INFO - DAG(s) 'example_bash_operator' retrieved from /home/airflow/.local/lib/python3.8/site-packages/airflow/example_dags/example_bash_operator.py
[2024-04-07T14:39:46.718+0000] {logging_mixin.py:188} INFO - [2024-04-07T14:39:46.717+0000] {dag.py:3047} INFO - Sync 1 DAGs
[2024-04-07T14:39:46.764+0000] {logging_mixin.py:188} INFO - [2024-04-07T14:39:46.763+0000] {dag.py:3834} INFO - Setting next_dagrun for example_bash_operator to 2024-04-06 00:00:00+00:00, run_after=2024-04-07 00:00:00+00:00
[2024-04-07T14:39:47.449+0000] {processor.py:183} INFO - Processing /home/airflow/.local/lib/python3.8/site-packages/airflow/example_dags/example_bash_operator.py took 0.944 seconds
[2024-04-07T14:40:20.867+0000] {processor.py:161} INFO - Started process (PID=153) to work on /home/airflow/.local/lib/python3.8/site-packages/airflow/example_dags/example_bash_operator.py
[2024-04-07T14:40:20.876+0000] {processor.py:830} INFO - Processing file /home/airflow/.local/lib/python3.8/site-packages/airflow/example_dags/example_bash_operator.py for tasks to queue
[2024-04-07T14:40:20.892+0000] {logging_mixin.py:188} INFO - [2024-04-07T14:40:20.891+0000] {dagbag.py:540} INFO - Filling up the DagBag from /home/airflow/.local/lib/python3.8/site-packages/airflow/example_dags/example_bash_operator.py
[2024-04-07T14:40:20.983+0000] {processor.py:840} INFO - DAG(s) 'example_bash_operator' retrieved from /home/airflow/.local/lib/python3.8/site-packages/airflow/example_dags/example_bash_operator.py
[2024-04-07T14:40:21.235+0000] {logging_mixin.py:188} INFO - [2024-04-07T14:40:21.235+0000] {dag.py:3047} INFO - Sync 1 DAGs
[2024-04-07T14:40:21.406+0000] {logging_mixin.py:188} INFO - [2024-04-07T14:40:21.405+0000] {dag.py:3834} INFO - Setting next_dagrun for example_bash_operator to 2024-04-06 00:00:00+00:00, run_after=2024-04-07 00:00:00+00:00
[2024-04-07T14:40:21.599+0000] {processor.py:183} INFO - Processing /home/airflow/.local/lib/python3.8/site-packages/airflow/example_dags/example_bash_operator.py took 0.751 seconds
[2024-04-07T14:40:51.732+0000] {processor.py:161} INFO - Started process (PID=208) to work on /home/airflow/.local/lib/python3.8/site-packages/airflow/example_dags/example_bash_operator.py
[2024-04-07T14:40:51.734+0000] {processor.py:830} INFO - Processing file /home/airflow/.local/lib/python3.8/site-packages/airflow/example_dags/example_bash_operator.py for tasks to queue
[2024-04-07T14:40:51.737+0000] {logging_mixin.py:188} INFO - [2024-04-07T14:40:51.737+0000] {dagbag.py:540} INFO - Filling up the DagBag from /home/airflow/.local/lib/python3.8/site-packages/airflow/example_dags/example_bash_operator.py
[2024-04-07T14:40:51.772+0000] {processor.py:840} INFO - DAG(s) 'example_bash_operator' retrieved from /home/airflow/.local/lib/python3.8/site-packages/airflow/example_dags/example_bash_operator.py
[2024-04-07T14:40:51.862+0000] {logging_mixin.py:188} INFO - [2024-04-07T14:40:51.861+0000] {dag.py:3047} INFO - Sync 1 DAGs
[2024-04-07T14:40:51.961+0000] {logging_mixin.py:188} INFO - [2024-04-07T14:40:51.961+0000] {dag.py:3834} INFO - Setting next_dagrun for example_bash_operator to 2024-04-06 00:00:00+00:00, run_after=2024-04-07 00:00:00+00:00
[2024-04-07T14:40:52.136+0000] {processor.py:183} INFO - Processing /home/airflow/.local/lib/python3.8/site-packages/airflow/example_dags/example_bash_operator.py took 0.410 seconds
[2024-04-07T14:41:23.568+0000] {processor.py:161} INFO - Started process (PID=265) to work on /home/airflow/.local/lib/python3.8/site-packages/airflow/example_dags/example_bash_operator.py
[2024-04-07T14:41:23.573+0000] {processor.py:830} INFO - Processing file /home/airflow/.local/lib/python3.8/site-packages/airflow/example_dags/example_bash_operator.py for tasks to queue
[2024-04-07T14:41:23.584+0000] {logging_mixin.py:188} INFO - [2024-04-07T14:41:23.583+0000] {dagbag.py:540} INFO - Filling up the DagBag from /home/airflow/.local/lib/python3.8/site-packages/airflow/example_dags/example_bash_operator.py
[2024-04-07T14:41:23.702+0000] {processor.py:840} INFO - DAG(s) 'example_bash_operator' retrieved from /home/airflow/.local/lib/python3.8/site-packages/airflow/example_dags/example_bash_operator.py
[2024-04-07T14:41:23.922+0000] {logging_mixin.py:188} INFO - [2024-04-07T14:41:23.922+0000] {dag.py:3047} INFO - Sync 1 DAGs
[2024-04-07T14:41:24.220+0000] {logging_mixin.py:188} INFO - [2024-04-07T14:41:24.219+0000] {dag.py:3834} INFO - Setting next_dagrun for example_bash_operator to 2024-04-06 00:00:00+00:00, run_after=2024-04-07 00:00:00+00:00
[2024-04-07T14:41:24.381+0000] {processor.py:183} INFO - Processing /home/airflow/.local/lib/python3.8/site-packages/airflow/example_dags/example_bash_operator.py took 0.832 seconds
[2024-04-07T14:41:55.262+0000] {processor.py:161} INFO - Started process (PID=321) to work on /home/airflow/.local/lib/python3.8/site-packages/airflow/example_dags/example_bash_operator.py
[2024-04-07T14:41:55.266+0000] {processor.py:830} INFO - Processing file /home/airflow/.local/lib/python3.8/site-packages/airflow/example_dags/example_bash_operator.py for tasks to queue
[2024-04-07T14:41:55.274+0000] {logging_mixin.py:188} INFO - [2024-04-07T14:41:55.274+0000] {dagbag.py:540} INFO - Filling up the DagBag from /home/airflow/.local/lib/python3.8/site-packages/airflow/example_dags/example_bash_operator.py
[2024-04-07T14:41:55.334+0000] {processor.py:840} INFO - DAG(s) 'example_bash_operator' retrieved from /home/airflow/.local/lib/python3.8/site-packages/airflow/example_dags/example_bash_operator.py
[2024-04-07T14:41:55.476+0000] {logging_mixin.py:188} INFO - [2024-04-07T14:41:55.475+0000] {dag.py:3047} INFO - Sync 1 DAGs
[2024-04-07T14:41:55.549+0000] {logging_mixin.py:188} INFO - [2024-04-07T14:41:55.549+0000] {dag.py:3834} INFO - Setting next_dagrun for example_bash_operator to 2024-04-06 00:00:00+00:00, run_after=2024-04-07 00:00:00+00:00
[2024-04-07T14:41:55.706+0000] {processor.py:183} INFO - Processing /home/airflow/.local/lib/python3.8/site-packages/airflow/example_dags/example_bash_operator.py took 0.456 seconds
[2024-04-07T14:42:26.621+0000] {processor.py:161} INFO - Started process (PID=378) to work on /home/airflow/.local/lib/python3.8/site-packages/airflow/example_dags/example_bash_operator.py
[2024-04-07T14:42:26.623+0000] {processor.py:830} INFO - Processing file /home/airflow/.local/lib/python3.8/site-packages/airflow/example_dags/example_bash_operator.py for tasks to queue
[2024-04-07T14:42:26.626+0000] {logging_mixin.py:188} INFO - [2024-04-07T14:42:26.626+0000] {dagbag.py:540} INFO - Filling up the DagBag from /home/airflow/.local/lib/python3.8/site-packages/airflow/example_dags/example_bash_operator.py
[2024-04-07T14:42:26.645+0000] {processor.py:840} INFO - DAG(s) 'example_bash_operator' retrieved from /home/airflow/.local/lib/python3.8/site-packages/airflow/example_dags/example_bash_operator.py
[2024-04-07T14:42:26.710+0000] {logging_mixin.py:188} INFO - [2024-04-07T14:42:26.710+0000] {dag.py:3047} INFO - Sync 1 DAGs
[2024-04-07T14:42:26.752+0000] {logging_mixin.py:188} INFO - [2024-04-07T14:42:26.752+0000] {dag.py:3834} INFO - Setting next_dagrun for example_bash_operator to 2024-04-06 00:00:00+00:00, run_after=2024-04-07 00:00:00+00:00
[2024-04-07T14:42:26.805+0000] {processor.py:183} INFO - Processing /home/airflow/.local/lib/python3.8/site-packages/airflow/example_dags/example_bash_operator.py took 0.190 seconds
[2024-04-07T14:42:57.116+0000] {processor.py:161} INFO - Started process (PID=436) to work on /home/airflow/.local/lib/python3.8/site-packages/airflow/example_dags/example_bash_operator.py
[2024-04-07T14:42:57.118+0000] {processor.py:830} INFO - Processing file /home/airflow/.local/lib/python3.8/site-packages/airflow/example_dags/example_bash_operator.py for tasks to queue
[2024-04-07T14:42:57.127+0000] {logging_mixin.py:188} INFO - [2024-04-07T14:42:57.123+0000] {dagbag.py:540} INFO - Filling up the DagBag from /home/airflow/.local/lib/python3.8/site-packages/airflow/example_dags/example_bash_operator.py
[2024-04-07T14:42:57.160+0000] {processor.py:840} INFO - DAG(s) 'example_bash_operator' retrieved from /home/airflow/.local/lib/python3.8/site-packages/airflow/example_dags/example_bash_operator.py
[2024-04-07T14:42:57.249+0000] {logging_mixin.py:188} INFO - [2024-04-07T14:42:57.248+0000] {dag.py:3047} INFO - Sync 1 DAGs
[2024-04-07T14:42:57.311+0000] {logging_mixin.py:188} INFO - [2024-04-07T14:42:57.311+0000] {dag.py:3834} INFO - Setting next_dagrun for example_bash_operator to 2024-04-06 00:00:00+00:00, run_after=2024-04-07 00:00:00+00:00
[2024-04-07T14:42:57.433+0000] {processor.py:183} INFO - Processing /home/airflow/.local/lib/python3.8/site-packages/airflow/example_dags/example_bash_operator.py took 0.323 seconds
[2024-04-07T14:43:27.772+0000] {processor.py:161} INFO - Started process (PID=493) to work on /home/airflow/.local/lib/python3.8/site-packages/airflow/example_dags/example_bash_operator.py
[2024-04-07T14:43:27.775+0000] {processor.py:830} INFO - Processing file /home/airflow/.local/lib/python3.8/site-packages/airflow/example_dags/example_bash_operator.py for tasks to queue
[2024-04-07T14:43:27.780+0000] {logging_mixin.py:188} INFO - [2024-04-07T14:43:27.778+0000] {dagbag.py:540} INFO - Filling up the DagBag from /home/airflow/.local/lib/python3.8/site-packages/airflow/example_dags/example_bash_operator.py
[2024-04-07T14:43:27.831+0000] {processor.py:840} INFO - DAG(s) 'example_bash_operator' retrieved from /home/airflow/.local/lib/python3.8/site-packages/airflow/example_dags/example_bash_operator.py
[2024-04-07T14:43:27.938+0000] {logging_mixin.py:188} INFO - [2024-04-07T14:43:27.938+0000] {dag.py:3047} INFO - Sync 1 DAGs
[2024-04-07T14:43:28.007+0000] {logging_mixin.py:188} INFO - [2024-04-07T14:43:28.006+0000] {dag.py:3834} INFO - Setting next_dagrun for example_bash_operator to 2024-04-06 00:00:00+00:00, run_after=2024-04-07 00:00:00+00:00
[2024-04-07T14:43:28.081+0000] {processor.py:183} INFO - Processing /home/airflow/.local/lib/python3.8/site-packages/airflow/example_dags/example_bash_operator.py took 0.316 seconds
[2024-04-07T14:43:58.330+0000] {processor.py:161} INFO - Started process (PID=550) to work on /home/airflow/.local/lib/python3.8/site-packages/airflow/example_dags/example_bash_operator.py
[2024-04-07T14:43:58.332+0000] {processor.py:830} INFO - Processing file /home/airflow/.local/lib/python3.8/site-packages/airflow/example_dags/example_bash_operator.py for tasks to queue
[2024-04-07T14:43:58.339+0000] {logging_mixin.py:188} INFO - [2024-04-07T14:43:58.338+0000] {dagbag.py:540} INFO - Filling up the DagBag from /home/airflow/.local/lib/python3.8/site-packages/airflow/example_dags/example_bash_operator.py
[2024-04-07T14:43:58.400+0000] {processor.py:840} INFO - DAG(s) 'example_bash_operator' retrieved from /home/airflow/.local/lib/python3.8/site-packages/airflow/example_dags/example_bash_operator.py
[2024-04-07T14:43:58.575+0000] {logging_mixin.py:188} INFO - [2024-04-07T14:43:58.573+0000] {dag.py:3047} INFO - Sync 1 DAGs
[2024-04-07T14:43:58.651+0000] {logging_mixin.py:188} INFO - [2024-04-07T14:43:58.649+0000] {dag.py:3834} INFO - Setting next_dagrun for example_bash_operator to 2024-04-06 00:00:00+00:00, run_after=2024-04-07 00:00:00+00:00
[2024-04-07T14:43:58.843+0000] {processor.py:183} INFO - Processing /home/airflow/.local/lib/python3.8/site-packages/airflow/example_dags/example_bash_operator.py took 0.529 seconds
[2024-04-07T14:44:29.132+0000] {processor.py:161} INFO - Started process (PID=607) to work on /home/airflow/.local/lib/python3.8/site-packages/airflow/example_dags/example_bash_operator.py
[2024-04-07T14:44:29.139+0000] {processor.py:830} INFO - Processing file /home/airflow/.local/lib/python3.8/site-packages/airflow/example_dags/example_bash_operator.py for tasks to queue
[2024-04-07T14:44:29.150+0000] {logging_mixin.py:188} INFO - [2024-04-07T14:44:29.149+0000] {dagbag.py:540} INFO - Filling up the DagBag from /home/airflow/.local/lib/python3.8/site-packages/airflow/example_dags/example_bash_operator.py
[2024-04-07T14:44:29.201+0000] {processor.py:840} INFO - DAG(s) 'example_bash_operator' retrieved from /home/airflow/.local/lib/python3.8/site-packages/airflow/example_dags/example_bash_operator.py
[2024-04-07T14:44:29.309+0000] {logging_mixin.py:188} INFO - [2024-04-07T14:44:29.307+0000] {dag.py:3047} INFO - Sync 1 DAGs
[2024-04-07T14:44:29.389+0000] {logging_mixin.py:188} INFO - [2024-04-07T14:44:29.388+0000] {dag.py:3834} INFO - Setting next_dagrun for example_bash_operator to 2024-04-06 00:00:00+00:00, run_after=2024-04-07 00:00:00+00:00
[2024-04-07T14:44:29.653+0000] {processor.py:183} INFO - Processing /home/airflow/.local/lib/python3.8/site-packages/airflow/example_dags/example_bash_operator.py took 0.538 seconds
[2024-04-07T14:45:03.750+0000] {processor.py:161} INFO - Started process (PID=659) to work on /home/airflow/.local/lib/python3.8/site-packages/airflow/example_dags/example_bash_operator.py
[2024-04-07T14:45:03.763+0000] {processor.py:830} INFO - Processing file /home/airflow/.local/lib/python3.8/site-packages/airflow/example_dags/example_bash_operator.py for tasks to queue
[2024-04-07T14:45:03.767+0000] {logging_mixin.py:188} INFO - [2024-04-07T14:45:03.766+0000] {dagbag.py:540} INFO - Filling up the DagBag from /home/airflow/.local/lib/python3.8/site-packages/airflow/example_dags/example_bash_operator.py
[2024-04-07T14:45:03.818+0000] {processor.py:840} INFO - DAG(s) 'example_bash_operator' retrieved from /home/airflow/.local/lib/python3.8/site-packages/airflow/example_dags/example_bash_operator.py
[2024-04-07T14:45:03.886+0000] {logging_mixin.py:188} INFO - [2024-04-07T14:45:03.886+0000] {dag.py:3047} INFO - Sync 1 DAGs
[2024-04-07T14:45:03.925+0000] {logging_mixin.py:188} INFO - [2024-04-07T14:45:03.925+0000] {dag.py:3834} INFO - Setting next_dagrun for example_bash_operator to 2024-04-06 00:00:00+00:00, run_after=2024-04-07 00:00:00+00:00
[2024-04-07T14:45:05.513+0000] {processor.py:183} INFO - Processing /home/airflow/.local/lib/python3.8/site-packages/airflow/example_dags/example_bash_operator.py took 1.778 seconds
[2024-04-07T14:45:36.141+0000] {processor.py:161} INFO - Started process (PID=716) to work on /home/airflow/.local/lib/python3.8/site-packages/airflow/example_dags/example_bash_operator.py
[2024-04-07T14:45:36.153+0000] {processor.py:830} INFO - Processing file /home/airflow/.local/lib/python3.8/site-packages/airflow/example_dags/example_bash_operator.py for tasks to queue
[2024-04-07T14:45:36.160+0000] {logging_mixin.py:188} INFO - [2024-04-07T14:45:36.159+0000] {dagbag.py:540} INFO - Filling up the DagBag from /home/airflow/.local/lib/python3.8/site-packages/airflow/example_dags/example_bash_operator.py
[2024-04-07T14:45:36.243+0000] {processor.py:840} INFO - DAG(s) 'example_bash_operator' retrieved from /home/airflow/.local/lib/python3.8/site-packages/airflow/example_dags/example_bash_operator.py
[2024-04-07T14:45:36.396+0000] {logging_mixin.py:188} INFO - [2024-04-07T14:45:36.395+0000] {dag.py:3047} INFO - Sync 1 DAGs
[2024-04-07T14:45:36.540+0000] {logging_mixin.py:188} INFO - [2024-04-07T14:45:36.540+0000] {dag.py:3834} INFO - Setting next_dagrun for example_bash_operator to 2024-04-06 00:00:00+00:00, run_after=2024-04-07 00:00:00+00:00
[2024-04-07T14:45:36.645+0000] {processor.py:183} INFO - Processing /home/airflow/.local/lib/python3.8/site-packages/airflow/example_dags/example_bash_operator.py took 0.519 seconds
[2024-04-07T14:46:07.457+0000] {processor.py:161} INFO - Started process (PID=773) to work on /home/airflow/.local/lib/python3.8/site-packages/airflow/example_dags/example_bash_operator.py
[2024-04-07T14:46:07.459+0000] {processor.py:830} INFO - Processing file /home/airflow/.local/lib/python3.8/site-packages/airflow/example_dags/example_bash_operator.py for tasks to queue
[2024-04-07T14:46:07.462+0000] {logging_mixin.py:188} INFO - [2024-04-07T14:46:07.462+0000] {dagbag.py:540} INFO - Filling up the DagBag from /home/airflow/.local/lib/python3.8/site-packages/airflow/example_dags/example_bash_operator.py
[2024-04-07T14:46:07.487+0000] {processor.py:840} INFO - DAG(s) 'example_bash_operator' retrieved from /home/airflow/.local/lib/python3.8/site-packages/airflow/example_dags/example_bash_operator.py
[2024-04-07T14:46:07.541+0000] {logging_mixin.py:188} INFO - [2024-04-07T14:46:07.540+0000] {dag.py:3047} INFO - Sync 1 DAGs
[2024-04-07T14:46:07.655+0000] {logging_mixin.py:188} INFO - [2024-04-07T14:46:07.655+0000] {dag.py:3834} INFO - Setting next_dagrun for example_bash_operator to 2024-04-06 00:00:00+00:00, run_after=2024-04-07 00:00:00+00:00
[2024-04-07T14:46:07.763+0000] {processor.py:183} INFO - Processing /home/airflow/.local/lib/python3.8/site-packages/airflow/example_dags/example_bash_operator.py took 0.315 seconds
[2024-04-07T14:46:38.357+0000] {processor.py:161} INFO - Started process (PID=830) to work on /home/airflow/.local/lib/python3.8/site-packages/airflow/example_dags/example_bash_operator.py
[2024-04-07T14:46:38.370+0000] {processor.py:830} INFO - Processing file /home/airflow/.local/lib/python3.8/site-packages/airflow/example_dags/example_bash_operator.py for tasks to queue
[2024-04-07T14:46:38.378+0000] {logging_mixin.py:188} INFO - [2024-04-07T14:46:38.378+0000] {dagbag.py:540} INFO - Filling up the DagBag from /home/airflow/.local/lib/python3.8/site-packages/airflow/example_dags/example_bash_operator.py
[2024-04-07T14:46:38.455+0000] {processor.py:840} INFO - DAG(s) 'example_bash_operator' retrieved from /home/airflow/.local/lib/python3.8/site-packages/airflow/example_dags/example_bash_operator.py
[2024-04-07T14:46:38.611+0000] {logging_mixin.py:188} INFO - [2024-04-07T14:46:38.611+0000] {dag.py:3047} INFO - Sync 1 DAGs
[2024-04-07T14:46:38.687+0000] {logging_mixin.py:188} INFO - [2024-04-07T14:46:38.686+0000] {dag.py:3834} INFO - Setting next_dagrun for example_bash_operator to 2024-04-06 00:00:00+00:00, run_after=2024-04-07 00:00:00+00:00
[2024-04-07T14:46:38.743+0000] {processor.py:183} INFO - Processing /home/airflow/.local/lib/python3.8/site-packages/airflow/example_dags/example_bash_operator.py took 0.404 seconds
[2024-04-07T14:47:09.388+0000] {processor.py:161} INFO - Started process (PID=887) to work on /home/airflow/.local/lib/python3.8/site-packages/airflow/example_dags/example_bash_operator.py
[2024-04-07T14:47:09.390+0000] {processor.py:830} INFO - Processing file /home/airflow/.local/lib/python3.8/site-packages/airflow/example_dags/example_bash_operator.py for tasks to queue
[2024-04-07T14:47:09.393+0000] {logging_mixin.py:188} INFO - [2024-04-07T14:47:09.393+0000] {dagbag.py:540} INFO - Filling up the DagBag from /home/airflow/.local/lib/python3.8/site-packages/airflow/example_dags/example_bash_operator.py
[2024-04-07T14:47:09.414+0000] {processor.py:840} INFO - DAG(s) 'example_bash_operator' retrieved from /home/airflow/.local/lib/python3.8/site-packages/airflow/example_dags/example_bash_operator.py
[2024-04-07T14:47:09.465+0000] {logging_mixin.py:188} INFO - [2024-04-07T14:47:09.464+0000] {dag.py:3047} INFO - Sync 1 DAGs
[2024-04-07T14:47:09.511+0000] {logging_mixin.py:188} INFO - [2024-04-07T14:47:09.508+0000] {dag.py:3834} INFO - Setting next_dagrun for example_bash_operator to 2024-04-06 00:00:00+00:00, run_after=2024-04-07 00:00:00+00:00
[2024-04-07T14:47:09.546+0000] {processor.py:183} INFO - Processing /home/airflow/.local/lib/python3.8/site-packages/airflow/example_dags/example_bash_operator.py took 0.163 seconds
[2024-04-07T14:47:39.807+0000] {processor.py:161} INFO - Started process (PID=944) to work on /home/airflow/.local/lib/python3.8/site-packages/airflow/example_dags/example_bash_operator.py
[2024-04-07T14:47:39.809+0000] {processor.py:830} INFO - Processing file /home/airflow/.local/lib/python3.8/site-packages/airflow/example_dags/example_bash_operator.py for tasks to queue
[2024-04-07T14:47:39.814+0000] {logging_mixin.py:188} INFO - [2024-04-07T14:47:39.813+0000] {dagbag.py:540} INFO - Filling up the DagBag from /home/airflow/.local/lib/python3.8/site-packages/airflow/example_dags/example_bash_operator.py
[2024-04-07T14:47:39.839+0000] {processor.py:840} INFO - DAG(s) 'example_bash_operator' retrieved from /home/airflow/.local/lib/python3.8/site-packages/airflow/example_dags/example_bash_operator.py
[2024-04-07T14:47:39.922+0000] {logging_mixin.py:188} INFO - [2024-04-07T14:47:39.921+0000] {dag.py:3047} INFO - Sync 1 DAGs
[2024-04-07T14:47:39.963+0000] {logging_mixin.py:188} INFO - [2024-04-07T14:47:39.962+0000] {dag.py:3834} INFO - Setting next_dagrun for example_bash_operator to 2024-04-06 00:00:00+00:00, run_after=2024-04-07 00:00:00+00:00
[2024-04-07T14:47:39.991+0000] {processor.py:183} INFO - Processing /home/airflow/.local/lib/python3.8/site-packages/airflow/example_dags/example_bash_operator.py took 0.189 seconds
[2024-04-07T14:48:10.788+0000] {processor.py:161} INFO - Started process (PID=1001) to work on /home/airflow/.local/lib/python3.8/site-packages/airflow/example_dags/example_bash_operator.py
[2024-04-07T14:48:10.791+0000] {processor.py:830} INFO - Processing file /home/airflow/.local/lib/python3.8/site-packages/airflow/example_dags/example_bash_operator.py for tasks to queue
[2024-04-07T14:48:10.794+0000] {logging_mixin.py:188} INFO - [2024-04-07T14:48:10.794+0000] {dagbag.py:540} INFO - Filling up the DagBag from /home/airflow/.local/lib/python3.8/site-packages/airflow/example_dags/example_bash_operator.py
[2024-04-07T14:48:10.820+0000] {processor.py:840} INFO - DAG(s) 'example_bash_operator' retrieved from /home/airflow/.local/lib/python3.8/site-packages/airflow/example_dags/example_bash_operator.py
[2024-04-07T14:48:10.977+0000] {logging_mixin.py:188} INFO - [2024-04-07T14:48:10.977+0000] {dag.py:3047} INFO - Sync 1 DAGs
[2024-04-07T14:48:11.055+0000] {logging_mixin.py:188} INFO - [2024-04-07T14:48:11.054+0000] {dag.py:3834} INFO - Setting next_dagrun for example_bash_operator to 2024-04-06 00:00:00+00:00, run_after=2024-04-07 00:00:00+00:00
[2024-04-07T14:48:11.112+0000] {processor.py:183} INFO - Processing /home/airflow/.local/lib/python3.8/site-packages/airflow/example_dags/example_bash_operator.py took 0.329 seconds
[2024-04-07T14:48:41.626+0000] {processor.py:161} INFO - Started process (PID=1058) to work on /home/airflow/.local/lib/python3.8/site-packages/airflow/example_dags/example_bash_operator.py
[2024-04-07T14:48:41.637+0000] {processor.py:830} INFO - Processing file /home/airflow/.local/lib/python3.8/site-packages/airflow/example_dags/example_bash_operator.py for tasks to queue
[2024-04-07T14:48:41.641+0000] {logging_mixin.py:188} INFO - [2024-04-07T14:48:41.640+0000] {dagbag.py:540} INFO - Filling up the DagBag from /home/airflow/.local/lib/python3.8/site-packages/airflow/example_dags/example_bash_operator.py
[2024-04-07T14:48:41.694+0000] {processor.py:840} INFO - DAG(s) 'example_bash_operator' retrieved from /home/airflow/.local/lib/python3.8/site-packages/airflow/example_dags/example_bash_operator.py
[2024-04-07T14:48:41.778+0000] {logging_mixin.py:188} INFO - [2024-04-07T14:48:41.778+0000] {dag.py:3047} INFO - Sync 1 DAGs
[2024-04-07T14:48:41.824+0000] {logging_mixin.py:188} INFO - [2024-04-07T14:48:41.824+0000] {dag.py:3834} INFO - Setting next_dagrun for example_bash_operator to 2024-04-06 00:00:00+00:00, run_after=2024-04-07 00:00:00+00:00
[2024-04-07T14:48:41.866+0000] {processor.py:183} INFO - Processing /home/airflow/.local/lib/python3.8/site-packages/airflow/example_dags/example_bash_operator.py took 0.248 seconds
[2024-04-07T14:49:12.548+0000] {processor.py:161} INFO - Started process (PID=1115) to work on /home/airflow/.local/lib/python3.8/site-packages/airflow/example_dags/example_bash_operator.py
[2024-04-07T14:49:12.554+0000] {processor.py:830} INFO - Processing file /home/airflow/.local/lib/python3.8/site-packages/airflow/example_dags/example_bash_operator.py for tasks to queue
[2024-04-07T14:49:12.560+0000] {logging_mixin.py:188} INFO - [2024-04-07T14:49:12.559+0000] {dagbag.py:540} INFO - Filling up the DagBag from /home/airflow/.local/lib/python3.8/site-packages/airflow/example_dags/example_bash_operator.py
[2024-04-07T14:49:12.603+0000] {processor.py:840} INFO - DAG(s) 'example_bash_operator' retrieved from /home/airflow/.local/lib/python3.8/site-packages/airflow/example_dags/example_bash_operator.py
[2024-04-07T14:49:12.759+0000] {logging_mixin.py:188} INFO - [2024-04-07T14:49:12.758+0000] {dag.py:3047} INFO - Sync 1 DAGs
[2024-04-07T14:49:12.913+0000] {logging_mixin.py:188} INFO - [2024-04-07T14:49:12.900+0000] {dag.py:3834} INFO - Setting next_dagrun for example_bash_operator to 2024-04-06 00:00:00+00:00, run_after=2024-04-07 00:00:00+00:00
[2024-04-07T14:49:13.048+0000] {processor.py:183} INFO - Processing /home/airflow/.local/lib/python3.8/site-packages/airflow/example_dags/example_bash_operator.py took 0.510 seconds
[2024-04-07T14:49:44.119+0000] {processor.py:161} INFO - Started process (PID=1173) to work on /home/airflow/.local/lib/python3.8/site-packages/airflow/example_dags/example_bash_operator.py
[2024-04-07T14:49:44.124+0000] {processor.py:830} INFO - Processing file /home/airflow/.local/lib/python3.8/site-packages/airflow/example_dags/example_bash_operator.py for tasks to queue
[2024-04-07T14:49:44.135+0000] {logging_mixin.py:188} INFO - [2024-04-07T14:49:44.134+0000] {dagbag.py:540} INFO - Filling up the DagBag from /home/airflow/.local/lib/python3.8/site-packages/airflow/example_dags/example_bash_operator.py
[2024-04-07T14:49:44.193+0000] {processor.py:840} INFO - DAG(s) 'example_bash_operator' retrieved from /home/airflow/.local/lib/python3.8/site-packages/airflow/example_dags/example_bash_operator.py
[2024-04-07T14:49:44.367+0000] {logging_mixin.py:188} INFO - [2024-04-07T14:49:44.355+0000] {dag.py:3047} INFO - Sync 1 DAGs
[2024-04-07T14:49:44.459+0000] {logging_mixin.py:188} INFO - [2024-04-07T14:49:44.459+0000] {dag.py:3834} INFO - Setting next_dagrun for example_bash_operator to 2024-04-06 00:00:00+00:00, run_after=2024-04-07 00:00:00+00:00
[2024-04-07T14:49:44.560+0000] {processor.py:183} INFO - Processing /home/airflow/.local/lib/python3.8/site-packages/airflow/example_dags/example_bash_operator.py took 0.456 seconds
[2024-04-07T14:50:14.676+0000] {processor.py:161} INFO - Started process (PID=1230) to work on /home/airflow/.local/lib/python3.8/site-packages/airflow/example_dags/example_bash_operator.py
[2024-04-07T14:50:14.678+0000] {processor.py:830} INFO - Processing file /home/airflow/.local/lib/python3.8/site-packages/airflow/example_dags/example_bash_operator.py for tasks to queue
[2024-04-07T14:50:14.682+0000] {logging_mixin.py:188} INFO - [2024-04-07T14:50:14.681+0000] {dagbag.py:540} INFO - Filling up the DagBag from /home/airflow/.local/lib/python3.8/site-packages/airflow/example_dags/example_bash_operator.py
[2024-04-07T14:50:14.702+0000] {processor.py:840} INFO - DAG(s) 'example_bash_operator' retrieved from /home/airflow/.local/lib/python3.8/site-packages/airflow/example_dags/example_bash_operator.py
[2024-04-07T14:50:14.777+0000] {logging_mixin.py:188} INFO - [2024-04-07T14:50:14.776+0000] {dag.py:3047} INFO - Sync 1 DAGs
[2024-04-07T14:50:14.830+0000] {logging_mixin.py:188} INFO - [2024-04-07T14:50:14.830+0000] {dag.py:3834} INFO - Setting next_dagrun for example_bash_operator to 2024-04-06 00:00:00+00:00, run_after=2024-04-07 00:00:00+00:00
[2024-04-07T14:50:14.863+0000] {processor.py:183} INFO - Processing /home/airflow/.local/lib/python3.8/site-packages/airflow/example_dags/example_bash_operator.py took 0.192 seconds
[2024-04-07T14:50:45.449+0000] {processor.py:161} INFO - Started process (PID=1287) to work on /home/airflow/.local/lib/python3.8/site-packages/airflow/example_dags/example_bash_operator.py
[2024-04-07T14:50:45.452+0000] {processor.py:830} INFO - Processing file /home/airflow/.local/lib/python3.8/site-packages/airflow/example_dags/example_bash_operator.py for tasks to queue
[2024-04-07T14:50:45.455+0000] {logging_mixin.py:188} INFO - [2024-04-07T14:50:45.455+0000] {dagbag.py:540} INFO - Filling up the DagBag from /home/airflow/.local/lib/python3.8/site-packages/airflow/example_dags/example_bash_operator.py
[2024-04-07T14:50:45.484+0000] {processor.py:840} INFO - DAG(s) 'example_bash_operator' retrieved from /home/airflow/.local/lib/python3.8/site-packages/airflow/example_dags/example_bash_operator.py
[2024-04-07T14:50:45.561+0000] {logging_mixin.py:188} INFO - [2024-04-07T14:50:45.560+0000] {dag.py:3047} INFO - Sync 1 DAGs
[2024-04-07T14:50:45.643+0000] {logging_mixin.py:188} INFO - [2024-04-07T14:50:45.643+0000] {dag.py:3834} INFO - Setting next_dagrun for example_bash_operator to 2024-04-06 00:00:00+00:00, run_after=2024-04-07 00:00:00+00:00
[2024-04-07T14:50:45.868+0000] {processor.py:183} INFO - Processing /home/airflow/.local/lib/python3.8/site-packages/airflow/example_dags/example_bash_operator.py took 0.426 seconds
[2024-04-07T14:51:15.985+0000] {processor.py:161} INFO - Started process (PID=1343) to work on /home/airflow/.local/lib/python3.8/site-packages/airflow/example_dags/example_bash_operator.py
[2024-04-07T14:51:15.987+0000] {processor.py:830} INFO - Processing file /home/airflow/.local/lib/python3.8/site-packages/airflow/example_dags/example_bash_operator.py for tasks to queue
[2024-04-07T14:51:15.994+0000] {logging_mixin.py:188} INFO - [2024-04-07T14:51:15.993+0000] {dagbag.py:540} INFO - Filling up the DagBag from /home/airflow/.local/lib/python3.8/site-packages/airflow/example_dags/example_bash_operator.py
[2024-04-07T14:51:16.027+0000] {processor.py:840} INFO - DAG(s) 'example_bash_operator' retrieved from /home/airflow/.local/lib/python3.8/site-packages/airflow/example_dags/example_bash_operator.py
[2024-04-07T14:51:16.118+0000] {logging_mixin.py:188} INFO - [2024-04-07T14:51:16.117+0000] {dag.py:3047} INFO - Sync 1 DAGs
[2024-04-07T14:51:16.196+0000] {logging_mixin.py:188} INFO - [2024-04-07T14:51:16.196+0000] {dag.py:3834} INFO - Setting next_dagrun for example_bash_operator to 2024-04-06 00:00:00+00:00, run_after=2024-04-07 00:00:00+00:00
[2024-04-07T14:51:16.450+0000] {processor.py:183} INFO - Processing /home/airflow/.local/lib/python3.8/site-packages/airflow/example_dags/example_bash_operator.py took 0.472 seconds
[2024-04-07T14:51:46.672+0000] {processor.py:161} INFO - Started process (PID=1401) to work on /home/airflow/.local/lib/python3.8/site-packages/airflow/example_dags/example_bash_operator.py
[2024-04-07T14:51:46.704+0000] {processor.py:830} INFO - Processing file /home/airflow/.local/lib/python3.8/site-packages/airflow/example_dags/example_bash_operator.py for tasks to queue
[2024-04-07T14:51:46.713+0000] {logging_mixin.py:188} INFO - [2024-04-07T14:51:46.712+0000] {dagbag.py:540} INFO - Filling up the DagBag from /home/airflow/.local/lib/python3.8/site-packages/airflow/example_dags/example_bash_operator.py
[2024-04-07T14:51:46.791+0000] {processor.py:840} INFO - DAG(s) 'example_bash_operator' retrieved from /home/airflow/.local/lib/python3.8/site-packages/airflow/example_dags/example_bash_operator.py
[2024-04-07T14:51:47.065+0000] {logging_mixin.py:188} INFO - [2024-04-07T14:51:47.065+0000] {dag.py:3047} INFO - Sync 1 DAGs
[2024-04-07T14:51:47.303+0000] {logging_mixin.py:188} INFO - [2024-04-07T14:51:47.303+0000] {dag.py:3834} INFO - Setting next_dagrun for example_bash_operator to 2024-04-06 00:00:00+00:00, run_after=2024-04-07 00:00:00+00:00
[2024-04-07T14:51:47.441+0000] {processor.py:183} INFO - Processing /home/airflow/.local/lib/python3.8/site-packages/airflow/example_dags/example_bash_operator.py took 0.785 seconds
[2024-04-07T14:52:17.671+0000] {processor.py:161} INFO - Started process (PID=1456) to work on /home/airflow/.local/lib/python3.8/site-packages/airflow/example_dags/example_bash_operator.py
[2024-04-07T14:52:17.673+0000] {processor.py:830} INFO - Processing file /home/airflow/.local/lib/python3.8/site-packages/airflow/example_dags/example_bash_operator.py for tasks to queue
[2024-04-07T14:52:17.677+0000] {logging_mixin.py:188} INFO - [2024-04-07T14:52:17.676+0000] {dagbag.py:540} INFO - Filling up the DagBag from /home/airflow/.local/lib/python3.8/site-packages/airflow/example_dags/example_bash_operator.py
[2024-04-07T14:52:17.698+0000] {processor.py:840} INFO - DAG(s) 'example_bash_operator' retrieved from /home/airflow/.local/lib/python3.8/site-packages/airflow/example_dags/example_bash_operator.py
[2024-04-07T14:52:17.756+0000] {logging_mixin.py:188} INFO - [2024-04-07T14:52:17.756+0000] {dag.py:3047} INFO - Sync 1 DAGs
[2024-04-07T14:52:17.792+0000] {logging_mixin.py:188} INFO - [2024-04-07T14:52:17.791+0000] {dag.py:3834} INFO - Setting next_dagrun for example_bash_operator to 2024-04-06 00:00:00+00:00, run_after=2024-04-07 00:00:00+00:00
[2024-04-07T14:52:17.932+0000] {processor.py:183} INFO - Processing /home/airflow/.local/lib/python3.8/site-packages/airflow/example_dags/example_bash_operator.py took 0.267 seconds
[2024-04-07T14:52:48.188+0000] {processor.py:161} INFO - Started process (PID=1513) to work on /home/airflow/.local/lib/python3.8/site-packages/airflow/example_dags/example_bash_operator.py
[2024-04-07T14:52:48.192+0000] {processor.py:830} INFO - Processing file /home/airflow/.local/lib/python3.8/site-packages/airflow/example_dags/example_bash_operator.py for tasks to queue
[2024-04-07T14:52:48.195+0000] {logging_mixin.py:188} INFO - [2024-04-07T14:52:48.195+0000] {dagbag.py:540} INFO - Filling up the DagBag from /home/airflow/.local/lib/python3.8/site-packages/airflow/example_dags/example_bash_operator.py
[2024-04-07T14:52:48.220+0000] {processor.py:840} INFO - DAG(s) 'example_bash_operator' retrieved from /home/airflow/.local/lib/python3.8/site-packages/airflow/example_dags/example_bash_operator.py
[2024-04-07T14:52:48.282+0000] {logging_mixin.py:188} INFO - [2024-04-07T14:52:48.282+0000] {dag.py:3047} INFO - Sync 1 DAGs
[2024-04-07T14:52:48.334+0000] {logging_mixin.py:188} INFO - [2024-04-07T14:52:48.333+0000] {dag.py:3834} INFO - Setting next_dagrun for example_bash_operator to 2024-04-06 00:00:00+00:00, run_after=2024-04-07 00:00:00+00:00
[2024-04-07T14:52:48.380+0000] {processor.py:183} INFO - Processing /home/airflow/.local/lib/python3.8/site-packages/airflow/example_dags/example_bash_operator.py took 0.200 seconds
[2024-04-07T14:53:18.520+0000] {processor.py:161} INFO - Started process (PID=1570) to work on /home/airflow/.local/lib/python3.8/site-packages/airflow/example_dags/example_bash_operator.py
[2024-04-07T14:53:18.522+0000] {processor.py:830} INFO - Processing file /home/airflow/.local/lib/python3.8/site-packages/airflow/example_dags/example_bash_operator.py for tasks to queue
[2024-04-07T14:53:18.526+0000] {logging_mixin.py:188} INFO - [2024-04-07T14:53:18.525+0000] {dagbag.py:540} INFO - Filling up the DagBag from /home/airflow/.local/lib/python3.8/site-packages/airflow/example_dags/example_bash_operator.py
[2024-04-07T14:53:18.551+0000] {processor.py:840} INFO - DAG(s) 'example_bash_operator' retrieved from /home/airflow/.local/lib/python3.8/site-packages/airflow/example_dags/example_bash_operator.py
[2024-04-07T14:53:18.607+0000] {logging_mixin.py:188} INFO - [2024-04-07T14:53:18.606+0000] {dag.py:3047} INFO - Sync 1 DAGs
[2024-04-07T14:53:18.650+0000] {logging_mixin.py:188} INFO - [2024-04-07T14:53:18.650+0000] {dag.py:3834} INFO - Setting next_dagrun for example_bash_operator to 2024-04-06 00:00:00+00:00, run_after=2024-04-07 00:00:00+00:00
[2024-04-07T14:53:18.694+0000] {processor.py:183} INFO - Processing /home/airflow/.local/lib/python3.8/site-packages/airflow/example_dags/example_bash_operator.py took 0.178 seconds
[2024-04-07T14:53:49.437+0000] {processor.py:161} INFO - Started process (PID=1627) to work on /home/airflow/.local/lib/python3.8/site-packages/airflow/example_dags/example_bash_operator.py
[2024-04-07T14:53:49.439+0000] {processor.py:830} INFO - Processing file /home/airflow/.local/lib/python3.8/site-packages/airflow/example_dags/example_bash_operator.py for tasks to queue
[2024-04-07T14:53:49.442+0000] {logging_mixin.py:188} INFO - [2024-04-07T14:53:49.442+0000] {dagbag.py:540} INFO - Filling up the DagBag from /home/airflow/.local/lib/python3.8/site-packages/airflow/example_dags/example_bash_operator.py
[2024-04-07T14:53:49.475+0000] {processor.py:840} INFO - DAG(s) 'example_bash_operator' retrieved from /home/airflow/.local/lib/python3.8/site-packages/airflow/example_dags/example_bash_operator.py
[2024-04-07T14:53:49.560+0000] {logging_mixin.py:188} INFO - [2024-04-07T14:53:49.560+0000] {dag.py:3047} INFO - Sync 1 DAGs
[2024-04-07T14:53:49.610+0000] {logging_mixin.py:188} INFO - [2024-04-07T14:53:49.609+0000] {dag.py:3834} INFO - Setting next_dagrun for example_bash_operator to 2024-04-06 00:00:00+00:00, run_after=2024-04-07 00:00:00+00:00
[2024-04-07T14:53:49.711+0000] {processor.py:183} INFO - Processing /home/airflow/.local/lib/python3.8/site-packages/airflow/example_dags/example_bash_operator.py took 0.283 seconds
[2024-04-07T14:54:20.380+0000] {processor.py:161} INFO - Started process (PID=1684) to work on /home/airflow/.local/lib/python3.8/site-packages/airflow/example_dags/example_bash_operator.py
[2024-04-07T14:54:20.383+0000] {processor.py:830} INFO - Processing file /home/airflow/.local/lib/python3.8/site-packages/airflow/example_dags/example_bash_operator.py for tasks to queue
[2024-04-07T14:54:20.390+0000] {logging_mixin.py:188} INFO - [2024-04-07T14:54:20.389+0000] {dagbag.py:540} INFO - Filling up the DagBag from /home/airflow/.local/lib/python3.8/site-packages/airflow/example_dags/example_bash_operator.py
[2024-04-07T14:54:20.410+0000] {processor.py:840} INFO - DAG(s) 'example_bash_operator' retrieved from /home/airflow/.local/lib/python3.8/site-packages/airflow/example_dags/example_bash_operator.py
[2024-04-07T14:54:20.457+0000] {logging_mixin.py:188} INFO - [2024-04-07T14:54:20.457+0000] {dag.py:3047} INFO - Sync 1 DAGs
[2024-04-07T14:54:20.496+0000] {logging_mixin.py:188} INFO - [2024-04-07T14:54:20.496+0000] {dag.py:3834} INFO - Setting next_dagrun for example_bash_operator to 2024-04-06 00:00:00+00:00, run_after=2024-04-07 00:00:00+00:00
[2024-04-07T14:54:20.527+0000] {processor.py:183} INFO - Processing /home/airflow/.local/lib/python3.8/site-packages/airflow/example_dags/example_bash_operator.py took 0.152 seconds
[2024-04-07T14:54:50.812+0000] {processor.py:161} INFO - Started process (PID=1741) to work on /home/airflow/.local/lib/python3.8/site-packages/airflow/example_dags/example_bash_operator.py
[2024-04-07T14:54:50.814+0000] {processor.py:830} INFO - Processing file /home/airflow/.local/lib/python3.8/site-packages/airflow/example_dags/example_bash_operator.py for tasks to queue
[2024-04-07T14:54:50.820+0000] {logging_mixin.py:188} INFO - [2024-04-07T14:54:50.819+0000] {dagbag.py:540} INFO - Filling up the DagBag from /home/airflow/.local/lib/python3.8/site-packages/airflow/example_dags/example_bash_operator.py
[2024-04-07T14:54:50.857+0000] {processor.py:840} INFO - DAG(s) 'example_bash_operator' retrieved from /home/airflow/.local/lib/python3.8/site-packages/airflow/example_dags/example_bash_operator.py
[2024-04-07T14:54:50.971+0000] {logging_mixin.py:188} INFO - [2024-04-07T14:54:50.970+0000] {dag.py:3047} INFO - Sync 1 DAGs
[2024-04-07T14:54:51.039+0000] {logging_mixin.py:188} INFO - [2024-04-07T14:54:51.038+0000] {dag.py:3834} INFO - Setting next_dagrun for example_bash_operator to 2024-04-06 00:00:00+00:00, run_after=2024-04-07 00:00:00+00:00
[2024-04-07T14:54:51.091+0000] {processor.py:183} INFO - Processing /home/airflow/.local/lib/python3.8/site-packages/airflow/example_dags/example_bash_operator.py took 0.286 seconds
[2024-04-07T14:55:21.222+0000] {processor.py:161} INFO - Started process (PID=1797) to work on /home/airflow/.local/lib/python3.8/site-packages/airflow/example_dags/example_bash_operator.py
[2024-04-07T14:55:21.224+0000] {processor.py:830} INFO - Processing file /home/airflow/.local/lib/python3.8/site-packages/airflow/example_dags/example_bash_operator.py for tasks to queue
[2024-04-07T14:55:21.226+0000] {logging_mixin.py:188} INFO - [2024-04-07T14:55:21.226+0000] {dagbag.py:540} INFO - Filling up the DagBag from /home/airflow/.local/lib/python3.8/site-packages/airflow/example_dags/example_bash_operator.py
[2024-04-07T14:55:21.248+0000] {processor.py:840} INFO - DAG(s) 'example_bash_operator' retrieved from /home/airflow/.local/lib/python3.8/site-packages/airflow/example_dags/example_bash_operator.py
[2024-04-07T14:55:21.302+0000] {logging_mixin.py:188} INFO - [2024-04-07T14:55:21.301+0000] {dag.py:3047} INFO - Sync 1 DAGs
[2024-04-07T14:55:21.335+0000] {logging_mixin.py:188} INFO - [2024-04-07T14:55:21.334+0000] {dag.py:3834} INFO - Setting next_dagrun for example_bash_operator to 2024-04-06 00:00:00+00:00, run_after=2024-04-07 00:00:00+00:00
[2024-04-07T14:55:21.363+0000] {processor.py:183} INFO - Processing /home/airflow/.local/lib/python3.8/site-packages/airflow/example_dags/example_bash_operator.py took 0.146 seconds
[2024-04-07T14:55:51.807+0000] {processor.py:161} INFO - Started process (PID=1854) to work on /home/airflow/.local/lib/python3.8/site-packages/airflow/example_dags/example_bash_operator.py
[2024-04-07T14:55:51.809+0000] {processor.py:830} INFO - Processing file /home/airflow/.local/lib/python3.8/site-packages/airflow/example_dags/example_bash_operator.py for tasks to queue
[2024-04-07T14:55:51.812+0000] {logging_mixin.py:188} INFO - [2024-04-07T14:55:51.811+0000] {dagbag.py:540} INFO - Filling up the DagBag from /home/airflow/.local/lib/python3.8/site-packages/airflow/example_dags/example_bash_operator.py
[2024-04-07T14:55:51.829+0000] {processor.py:840} INFO - DAG(s) 'example_bash_operator' retrieved from /home/airflow/.local/lib/python3.8/site-packages/airflow/example_dags/example_bash_operator.py
[2024-04-07T14:55:51.874+0000] {logging_mixin.py:188} INFO - [2024-04-07T14:55:51.874+0000] {dag.py:3047} INFO - Sync 1 DAGs
[2024-04-07T14:55:51.908+0000] {logging_mixin.py:188} INFO - [2024-04-07T14:55:51.907+0000] {dag.py:3834} INFO - Setting next_dagrun for example_bash_operator to 2024-04-06 00:00:00+00:00, run_after=2024-04-07 00:00:00+00:00
[2024-04-07T14:55:51.939+0000] {processor.py:183} INFO - Processing /home/airflow/.local/lib/python3.8/site-packages/airflow/example_dags/example_bash_operator.py took 0.137 seconds
[2024-04-07T14:56:22.010+0000] {processor.py:161} INFO - Started process (PID=1912) to work on /home/airflow/.local/lib/python3.8/site-packages/airflow/example_dags/example_bash_operator.py
[2024-04-07T14:56:22.013+0000] {processor.py:830} INFO - Processing file /home/airflow/.local/lib/python3.8/site-packages/airflow/example_dags/example_bash_operator.py for tasks to queue
[2024-04-07T14:56:22.018+0000] {logging_mixin.py:188} INFO - [2024-04-07T14:56:22.017+0000] {dagbag.py:540} INFO - Filling up the DagBag from /home/airflow/.local/lib/python3.8/site-packages/airflow/example_dags/example_bash_operator.py
[2024-04-07T14:56:22.047+0000] {processor.py:840} INFO - DAG(s) 'example_bash_operator' retrieved from /home/airflow/.local/lib/python3.8/site-packages/airflow/example_dags/example_bash_operator.py
[2024-04-07T14:56:22.093+0000] {logging_mixin.py:188} INFO - [2024-04-07T14:56:22.092+0000] {dag.py:3047} INFO - Sync 1 DAGs
[2024-04-07T14:56:22.135+0000] {logging_mixin.py:188} INFO - [2024-04-07T14:56:22.134+0000] {dag.py:3834} INFO - Setting next_dagrun for example_bash_operator to 2024-04-06 00:00:00+00:00, run_after=2024-04-07 00:00:00+00:00
[2024-04-07T14:56:22.164+0000] {processor.py:183} INFO - Processing /home/airflow/.local/lib/python3.8/site-packages/airflow/example_dags/example_bash_operator.py took 0.160 seconds
[2024-04-07T14:56:52.630+0000] {processor.py:161} INFO - Started process (PID=1968) to work on /home/airflow/.local/lib/python3.8/site-packages/airflow/example_dags/example_bash_operator.py
[2024-04-07T14:56:52.632+0000] {processor.py:830} INFO - Processing file /home/airflow/.local/lib/python3.8/site-packages/airflow/example_dags/example_bash_operator.py for tasks to queue
[2024-04-07T14:56:52.635+0000] {logging_mixin.py:188} INFO - [2024-04-07T14:56:52.635+0000] {dagbag.py:540} INFO - Filling up the DagBag from /home/airflow/.local/lib/python3.8/site-packages/airflow/example_dags/example_bash_operator.py
[2024-04-07T14:56:52.654+0000] {processor.py:840} INFO - DAG(s) 'example_bash_operator' retrieved from /home/airflow/.local/lib/python3.8/site-packages/airflow/example_dags/example_bash_operator.py
[2024-04-07T14:56:52.700+0000] {logging_mixin.py:188} INFO - [2024-04-07T14:56:52.699+0000] {dag.py:3047} INFO - Sync 1 DAGs
[2024-04-07T14:56:52.734+0000] {logging_mixin.py:188} INFO - [2024-04-07T14:56:52.734+0000] {dag.py:3834} INFO - Setting next_dagrun for example_bash_operator to 2024-04-06 00:00:00+00:00, run_after=2024-04-07 00:00:00+00:00
[2024-04-07T14:56:52.777+0000] {processor.py:183} INFO - Processing /home/airflow/.local/lib/python3.8/site-packages/airflow/example_dags/example_bash_operator.py took 0.152 seconds
[2024-04-07T14:57:23.098+0000] {processor.py:161} INFO - Started process (PID=2025) to work on /home/airflow/.local/lib/python3.8/site-packages/airflow/example_dags/example_bash_operator.py
[2024-04-07T14:57:23.100+0000] {processor.py:830} INFO - Processing file /home/airflow/.local/lib/python3.8/site-packages/airflow/example_dags/example_bash_operator.py for tasks to queue
[2024-04-07T14:57:23.103+0000] {logging_mixin.py:188} INFO - [2024-04-07T14:57:23.102+0000] {dagbag.py:540} INFO - Filling up the DagBag from /home/airflow/.local/lib/python3.8/site-packages/airflow/example_dags/example_bash_operator.py
[2024-04-07T14:57:23.120+0000] {processor.py:840} INFO - DAG(s) 'example_bash_operator' retrieved from /home/airflow/.local/lib/python3.8/site-packages/airflow/example_dags/example_bash_operator.py
[2024-04-07T14:57:23.165+0000] {logging_mixin.py:188} INFO - [2024-04-07T14:57:23.164+0000] {dag.py:3047} INFO - Sync 1 DAGs
[2024-04-07T14:57:23.200+0000] {logging_mixin.py:188} INFO - [2024-04-07T14:57:23.200+0000] {dag.py:3834} INFO - Setting next_dagrun for example_bash_operator to 2024-04-06 00:00:00+00:00, run_after=2024-04-07 00:00:00+00:00
[2024-04-07T14:57:23.243+0000] {processor.py:183} INFO - Processing /home/airflow/.local/lib/python3.8/site-packages/airflow/example_dags/example_bash_operator.py took 0.149 seconds
[2024-04-07T14:57:53.852+0000] {processor.py:161} INFO - Started process (PID=2083) to work on /home/airflow/.local/lib/python3.8/site-packages/airflow/example_dags/example_bash_operator.py
[2024-04-07T14:57:53.866+0000] {processor.py:830} INFO - Processing file /home/airflow/.local/lib/python3.8/site-packages/airflow/example_dags/example_bash_operator.py for tasks to queue
[2024-04-07T14:57:53.870+0000] {logging_mixin.py:188} INFO - [2024-04-07T14:57:53.870+0000] {dagbag.py:540} INFO - Filling up the DagBag from /home/airflow/.local/lib/python3.8/site-packages/airflow/example_dags/example_bash_operator.py
[2024-04-07T14:57:53.925+0000] {processor.py:840} INFO - DAG(s) 'example_bash_operator' retrieved from /home/airflow/.local/lib/python3.8/site-packages/airflow/example_dags/example_bash_operator.py
[2024-04-07T14:57:54.091+0000] {logging_mixin.py:188} INFO - [2024-04-07T14:57:54.091+0000] {dag.py:3047} INFO - Sync 1 DAGs
[2024-04-07T14:57:54.164+0000] {logging_mixin.py:188} INFO - [2024-04-07T14:57:54.164+0000] {dag.py:3834} INFO - Setting next_dagrun for example_bash_operator to 2024-04-06 00:00:00+00:00, run_after=2024-04-07 00:00:00+00:00
[2024-04-07T14:57:54.225+0000] {processor.py:183} INFO - Processing /home/airflow/.local/lib/python3.8/site-packages/airflow/example_dags/example_bash_operator.py took 0.381 seconds
[2024-04-07T14:58:24.292+0000] {processor.py:161} INFO - Started process (PID=2140) to work on /home/airflow/.local/lib/python3.8/site-packages/airflow/example_dags/example_bash_operator.py
[2024-04-07T14:58:24.294+0000] {processor.py:830} INFO - Processing file /home/airflow/.local/lib/python3.8/site-packages/airflow/example_dags/example_bash_operator.py for tasks to queue
[2024-04-07T14:58:24.298+0000] {logging_mixin.py:188} INFO - [2024-04-07T14:58:24.297+0000] {dagbag.py:540} INFO - Filling up the DagBag from /home/airflow/.local/lib/python3.8/site-packages/airflow/example_dags/example_bash_operator.py
[2024-04-07T14:58:24.334+0000] {processor.py:840} INFO - DAG(s) 'example_bash_operator' retrieved from /home/airflow/.local/lib/python3.8/site-packages/airflow/example_dags/example_bash_operator.py
[2024-04-07T14:58:24.404+0000] {logging_mixin.py:188} INFO - [2024-04-07T14:58:24.404+0000] {dag.py:3047} INFO - Sync 1 DAGs
[2024-04-07T14:58:24.502+0000] {logging_mixin.py:188} INFO - [2024-04-07T14:58:24.501+0000] {dag.py:3834} INFO - Setting next_dagrun for example_bash_operator to 2024-04-06 00:00:00+00:00, run_after=2024-04-07 00:00:00+00:00
[2024-04-07T14:58:24.543+0000] {processor.py:183} INFO - Processing /home/airflow/.local/lib/python3.8/site-packages/airflow/example_dags/example_bash_operator.py took 0.256 seconds
[2024-04-07T14:58:55.068+0000] {processor.py:161} INFO - Started process (PID=2197) to work on /home/airflow/.local/lib/python3.8/site-packages/airflow/example_dags/example_bash_operator.py
[2024-04-07T14:58:55.070+0000] {processor.py:830} INFO - Processing file /home/airflow/.local/lib/python3.8/site-packages/airflow/example_dags/example_bash_operator.py for tasks to queue
[2024-04-07T14:58:55.073+0000] {logging_mixin.py:188} INFO - [2024-04-07T14:58:55.072+0000] {dagbag.py:540} INFO - Filling up the DagBag from /home/airflow/.local/lib/python3.8/site-packages/airflow/example_dags/example_bash_operator.py
[2024-04-07T14:58:55.090+0000] {processor.py:840} INFO - DAG(s) 'example_bash_operator' retrieved from /home/airflow/.local/lib/python3.8/site-packages/airflow/example_dags/example_bash_operator.py
[2024-04-07T14:58:55.136+0000] {logging_mixin.py:188} INFO - [2024-04-07T14:58:55.136+0000] {dag.py:3047} INFO - Sync 1 DAGs
[2024-04-07T14:58:55.174+0000] {logging_mixin.py:188} INFO - [2024-04-07T14:58:55.173+0000] {dag.py:3834} INFO - Setting next_dagrun for example_bash_operator to 2024-04-06 00:00:00+00:00, run_after=2024-04-07 00:00:00+00:00
[2024-04-07T14:58:55.205+0000] {processor.py:183} INFO - Processing /home/airflow/.local/lib/python3.8/site-packages/airflow/example_dags/example_bash_operator.py took 0.142 seconds
[2024-04-07T14:59:25.823+0000] {processor.py:161} INFO - Started process (PID=2254) to work on /home/airflow/.local/lib/python3.8/site-packages/airflow/example_dags/example_bash_operator.py
[2024-04-07T14:59:25.826+0000] {processor.py:830} INFO - Processing file /home/airflow/.local/lib/python3.8/site-packages/airflow/example_dags/example_bash_operator.py for tasks to queue
[2024-04-07T14:59:25.829+0000] {logging_mixin.py:188} INFO - [2024-04-07T14:59:25.828+0000] {dagbag.py:540} INFO - Filling up the DagBag from /home/airflow/.local/lib/python3.8/site-packages/airflow/example_dags/example_bash_operator.py
[2024-04-07T14:59:25.850+0000] {processor.py:840} INFO - DAG(s) 'example_bash_operator' retrieved from /home/airflow/.local/lib/python3.8/site-packages/airflow/example_dags/example_bash_operator.py
[2024-04-07T14:59:25.910+0000] {logging_mixin.py:188} INFO - [2024-04-07T14:59:25.910+0000] {dag.py:3047} INFO - Sync 1 DAGs
[2024-04-07T14:59:25.952+0000] {logging_mixin.py:188} INFO - [2024-04-07T14:59:25.951+0000] {dag.py:3834} INFO - Setting next_dagrun for example_bash_operator to 2024-04-06 00:00:00+00:00, run_after=2024-04-07 00:00:00+00:00
[2024-04-07T14:59:26.001+0000] {processor.py:183} INFO - Processing /home/airflow/.local/lib/python3.8/site-packages/airflow/example_dags/example_bash_operator.py took 0.183 seconds
[2024-04-07T14:59:56.215+0000] {processor.py:161} INFO - Started process (PID=2311) to work on /home/airflow/.local/lib/python3.8/site-packages/airflow/example_dags/example_bash_operator.py
[2024-04-07T14:59:56.217+0000] {processor.py:830} INFO - Processing file /home/airflow/.local/lib/python3.8/site-packages/airflow/example_dags/example_bash_operator.py for tasks to queue
[2024-04-07T14:59:56.220+0000] {logging_mixin.py:188} INFO - [2024-04-07T14:59:56.220+0000] {dagbag.py:540} INFO - Filling up the DagBag from /home/airflow/.local/lib/python3.8/site-packages/airflow/example_dags/example_bash_operator.py
[2024-04-07T14:59:56.241+0000] {processor.py:840} INFO - DAG(s) 'example_bash_operator' retrieved from /home/airflow/.local/lib/python3.8/site-packages/airflow/example_dags/example_bash_operator.py
[2024-04-07T14:59:56.293+0000] {logging_mixin.py:188} INFO - [2024-04-07T14:59:56.292+0000] {dag.py:3047} INFO - Sync 1 DAGs
[2024-04-07T14:59:56.328+0000] {logging_mixin.py:188} INFO - [2024-04-07T14:59:56.327+0000] {dag.py:3834} INFO - Setting next_dagrun for example_bash_operator to 2024-04-06 00:00:00+00:00, run_after=2024-04-07 00:00:00+00:00
[2024-04-07T14:59:56.357+0000] {processor.py:183} INFO - Processing /home/airflow/.local/lib/python3.8/site-packages/airflow/example_dags/example_bash_operator.py took 0.149 seconds
[2024-04-07T15:00:27.300+0000] {processor.py:161} INFO - Started process (PID=2368) to work on /home/airflow/.local/lib/python3.8/site-packages/airflow/example_dags/example_bash_operator.py
[2024-04-07T15:00:27.302+0000] {processor.py:830} INFO - Processing file /home/airflow/.local/lib/python3.8/site-packages/airflow/example_dags/example_bash_operator.py for tasks to queue
[2024-04-07T15:00:27.306+0000] {logging_mixin.py:188} INFO - [2024-04-07T15:00:27.306+0000] {dagbag.py:540} INFO - Filling up the DagBag from /home/airflow/.local/lib/python3.8/site-packages/airflow/example_dags/example_bash_operator.py
[2024-04-07T15:00:27.334+0000] {processor.py:840} INFO - DAG(s) 'example_bash_operator' retrieved from /home/airflow/.local/lib/python3.8/site-packages/airflow/example_dags/example_bash_operator.py
[2024-04-07T15:00:27.420+0000] {logging_mixin.py:188} INFO - [2024-04-07T15:00:27.419+0000] {dag.py:3047} INFO - Sync 1 DAGs
[2024-04-07T15:00:27.479+0000] {logging_mixin.py:188} INFO - [2024-04-07T15:00:27.479+0000] {dag.py:3834} INFO - Setting next_dagrun for example_bash_operator to 2024-04-06 00:00:00+00:00, run_after=2024-04-07 00:00:00+00:00
[2024-04-07T15:00:27.556+0000] {processor.py:183} INFO - Processing /home/airflow/.local/lib/python3.8/site-packages/airflow/example_dags/example_bash_operator.py took 0.264 seconds
