[2024-04-07T14:39:16.351+0000] {processor.py:161} INFO - Started process (PID=49) to work on /home/airflow/.local/lib/python3.8/site-packages/airflow/example_dags/example_nested_branch_dag.py
[2024-04-07T14:39:16.366+0000] {processor.py:830} INFO - Processing file /home/airflow/.local/lib/python3.8/site-packages/airflow/example_dags/example_nested_branch_dag.py for tasks to queue
[2024-04-07T14:39:16.382+0000] {logging_mixin.py:188} INFO - [2024-04-07T14:39:16.381+0000] {dagbag.py:540} INFO - Filling up the DagBag from /home/airflow/.local/lib/python3.8/site-packages/airflow/example_dags/example_nested_branch_dag.py
[2024-04-07T14:39:16.671+0000] {processor.py:840} INFO - DAG(s) 'example_nested_branch_dag' retrieved from /home/airflow/.local/lib/python3.8/site-packages/airflow/example_dags/example_nested_branch_dag.py
[2024-04-07T14:39:16.788+0000] {logging_mixin.py:188} INFO - [2024-04-07T14:39:16.787+0000] {dag.py:3047} INFO - Sync 1 DAGs
[2024-04-07T14:39:16.873+0000] {logging_mixin.py:188} INFO - [2024-04-07T14:39:16.872+0000] {dag.py:3834} INFO - Setting next_dagrun for example_nested_branch_dag to 2024-04-06 00:00:00+00:00, run_after=2024-04-07 00:00:00+00:00
[2024-04-07T14:39:17.210+0000] {processor.py:183} INFO - Processing /home/airflow/.local/lib/python3.8/site-packages/airflow/example_dags/example_nested_branch_dag.py took 0.868 seconds
[2024-04-07T14:39:50.323+0000] {processor.py:161} INFO - Started process (PID=106) to work on /home/airflow/.local/lib/python3.8/site-packages/airflow/example_dags/example_nested_branch_dag.py
[2024-04-07T14:39:50.327+0000] {processor.py:830} INFO - Processing file /home/airflow/.local/lib/python3.8/site-packages/airflow/example_dags/example_nested_branch_dag.py for tasks to queue
[2024-04-07T14:39:50.332+0000] {logging_mixin.py:188} INFO - [2024-04-07T14:39:50.330+0000] {dagbag.py:540} INFO - Filling up the DagBag from /home/airflow/.local/lib/python3.8/site-packages/airflow/example_dags/example_nested_branch_dag.py
[2024-04-07T14:39:50.360+0000] {processor.py:840} INFO - DAG(s) 'example_nested_branch_dag' retrieved from /home/airflow/.local/lib/python3.8/site-packages/airflow/example_dags/example_nested_branch_dag.py
[2024-04-07T14:39:50.412+0000] {logging_mixin.py:188} INFO - [2024-04-07T14:39:50.411+0000] {dag.py:3047} INFO - Sync 1 DAGs
[2024-04-07T14:39:50.466+0000] {logging_mixin.py:188} INFO - [2024-04-07T14:39:50.465+0000] {dag.py:3834} INFO - Setting next_dagrun for example_nested_branch_dag to 2024-04-06 00:00:00+00:00, run_after=2024-04-07 00:00:00+00:00
[2024-04-07T14:39:50.618+0000] {processor.py:183} INFO - Processing /home/airflow/.local/lib/python3.8/site-packages/airflow/example_dags/example_nested_branch_dag.py took 0.302 seconds
[2024-04-07T14:40:24.826+0000] {processor.py:161} INFO - Started process (PID=163) to work on /home/airflow/.local/lib/python3.8/site-packages/airflow/example_dags/example_nested_branch_dag.py
[2024-04-07T14:40:24.840+0000] {processor.py:830} INFO - Processing file /home/airflow/.local/lib/python3.8/site-packages/airflow/example_dags/example_nested_branch_dag.py for tasks to queue
[2024-04-07T14:40:24.844+0000] {logging_mixin.py:188} INFO - [2024-04-07T14:40:24.844+0000] {dagbag.py:540} INFO - Filling up the DagBag from /home/airflow/.local/lib/python3.8/site-packages/airflow/example_dags/example_nested_branch_dag.py
[2024-04-07T14:40:24.926+0000] {processor.py:840} INFO - DAG(s) 'example_nested_branch_dag' retrieved from /home/airflow/.local/lib/python3.8/site-packages/airflow/example_dags/example_nested_branch_dag.py
[2024-04-07T14:40:25.042+0000] {logging_mixin.py:188} INFO - [2024-04-07T14:40:25.041+0000] {dag.py:3047} INFO - Sync 1 DAGs
[2024-04-07T14:40:25.136+0000] {logging_mixin.py:188} INFO - [2024-04-07T14:40:25.135+0000] {dag.py:3834} INFO - Setting next_dagrun for example_nested_branch_dag to 2024-04-06 00:00:00+00:00, run_after=2024-04-07 00:00:00+00:00
[2024-04-07T14:40:25.208+0000] {processor.py:183} INFO - Processing /home/airflow/.local/lib/python3.8/site-packages/airflow/example_dags/example_nested_branch_dag.py took 0.396 seconds
[2024-04-07T14:40:56.213+0000] {processor.py:161} INFO - Started process (PID=220) to work on /home/airflow/.local/lib/python3.8/site-packages/airflow/example_dags/example_nested_branch_dag.py
[2024-04-07T14:40:56.244+0000] {processor.py:830} INFO - Processing file /home/airflow/.local/lib/python3.8/site-packages/airflow/example_dags/example_nested_branch_dag.py for tasks to queue
[2024-04-07T14:40:56.264+0000] {logging_mixin.py:188} INFO - [2024-04-07T14:40:56.264+0000] {dagbag.py:540} INFO - Filling up the DagBag from /home/airflow/.local/lib/python3.8/site-packages/airflow/example_dags/example_nested_branch_dag.py
[2024-04-07T14:40:56.330+0000] {processor.py:840} INFO - DAG(s) 'example_nested_branch_dag' retrieved from /home/airflow/.local/lib/python3.8/site-packages/airflow/example_dags/example_nested_branch_dag.py
[2024-04-07T14:40:56.503+0000] {logging_mixin.py:188} INFO - [2024-04-07T14:40:56.502+0000] {dag.py:3047} INFO - Sync 1 DAGs
[2024-04-07T14:40:56.627+0000] {logging_mixin.py:188} INFO - [2024-04-07T14:40:56.626+0000] {dag.py:3834} INFO - Setting next_dagrun for example_nested_branch_dag to 2024-04-06 00:00:00+00:00, run_after=2024-04-07 00:00:00+00:00
[2024-04-07T14:40:56.738+0000] {processor.py:183} INFO - Processing /home/airflow/.local/lib/python3.8/site-packages/airflow/example_dags/example_nested_branch_dag.py took 0.532 seconds
[2024-04-07T14:41:30.718+0000] {processor.py:161} INFO - Started process (PID=283) to work on /home/airflow/.local/lib/python3.8/site-packages/airflow/example_dags/example_nested_branch_dag.py
[2024-04-07T14:41:30.721+0000] {processor.py:830} INFO - Processing file /home/airflow/.local/lib/python3.8/site-packages/airflow/example_dags/example_nested_branch_dag.py for tasks to queue
[2024-04-07T14:41:30.739+0000] {logging_mixin.py:188} INFO - [2024-04-07T14:41:30.738+0000] {dagbag.py:540} INFO - Filling up the DagBag from /home/airflow/.local/lib/python3.8/site-packages/airflow/example_dags/example_nested_branch_dag.py
[2024-04-07T14:41:30.829+0000] {processor.py:840} INFO - DAG(s) 'example_nested_branch_dag' retrieved from /home/airflow/.local/lib/python3.8/site-packages/airflow/example_dags/example_nested_branch_dag.py
[2024-04-07T14:41:30.942+0000] {logging_mixin.py:188} INFO - [2024-04-07T14:41:30.940+0000] {dag.py:3047} INFO - Sync 1 DAGs
[2024-04-07T14:41:31.070+0000] {logging_mixin.py:188} INFO - [2024-04-07T14:41:31.070+0000] {dag.py:3834} INFO - Setting next_dagrun for example_nested_branch_dag to 2024-04-06 00:00:00+00:00, run_after=2024-04-07 00:00:00+00:00
[2024-04-07T14:41:31.316+0000] {processor.py:183} INFO - Processing /home/airflow/.local/lib/python3.8/site-packages/airflow/example_dags/example_nested_branch_dag.py took 0.627 seconds
[2024-04-07T14:42:03.397+0000] {processor.py:161} INFO - Started process (PID=340) to work on /home/airflow/.local/lib/python3.8/site-packages/airflow/example_dags/example_nested_branch_dag.py
[2024-04-07T14:42:03.400+0000] {processor.py:830} INFO - Processing file /home/airflow/.local/lib/python3.8/site-packages/airflow/example_dags/example_nested_branch_dag.py for tasks to queue
[2024-04-07T14:42:03.404+0000] {logging_mixin.py:188} INFO - [2024-04-07T14:42:03.404+0000] {dagbag.py:540} INFO - Filling up the DagBag from /home/airflow/.local/lib/python3.8/site-packages/airflow/example_dags/example_nested_branch_dag.py
[2024-04-07T14:42:03.438+0000] {processor.py:840} INFO - DAG(s) 'example_nested_branch_dag' retrieved from /home/airflow/.local/lib/python3.8/site-packages/airflow/example_dags/example_nested_branch_dag.py
[2024-04-07T14:42:03.528+0000] {logging_mixin.py:188} INFO - [2024-04-07T14:42:03.525+0000] {dag.py:3047} INFO - Sync 1 DAGs
[2024-04-07T14:42:03.686+0000] {logging_mixin.py:188} INFO - [2024-04-07T14:42:03.671+0000] {dag.py:3834} INFO - Setting next_dagrun for example_nested_branch_dag to 2024-04-06 00:00:00+00:00, run_after=2024-04-07 00:00:00+00:00
[2024-04-07T14:42:03.816+0000] {processor.py:183} INFO - Processing /home/airflow/.local/lib/python3.8/site-packages/airflow/example_dags/example_nested_branch_dag.py took 0.429 seconds
[2024-04-07T14:42:34.013+0000] {processor.py:161} INFO - Started process (PID=398) to work on /home/airflow/.local/lib/python3.8/site-packages/airflow/example_dags/example_nested_branch_dag.py
[2024-04-07T14:42:34.016+0000] {processor.py:830} INFO - Processing file /home/airflow/.local/lib/python3.8/site-packages/airflow/example_dags/example_nested_branch_dag.py for tasks to queue
[2024-04-07T14:42:34.029+0000] {logging_mixin.py:188} INFO - [2024-04-07T14:42:34.029+0000] {dagbag.py:540} INFO - Filling up the DagBag from /home/airflow/.local/lib/python3.8/site-packages/airflow/example_dags/example_nested_branch_dag.py
[2024-04-07T14:42:34.084+0000] {processor.py:840} INFO - DAG(s) 'example_nested_branch_dag' retrieved from /home/airflow/.local/lib/python3.8/site-packages/airflow/example_dags/example_nested_branch_dag.py
[2024-04-07T14:42:34.223+0000] {logging_mixin.py:188} INFO - [2024-04-07T14:42:34.221+0000] {dag.py:3047} INFO - Sync 1 DAGs
[2024-04-07T14:42:34.353+0000] {logging_mixin.py:188} INFO - [2024-04-07T14:42:34.352+0000] {dag.py:3834} INFO - Setting next_dagrun for example_nested_branch_dag to 2024-04-06 00:00:00+00:00, run_after=2024-04-07 00:00:00+00:00
[2024-04-07T14:42:34.441+0000] {processor.py:183} INFO - Processing /home/airflow/.local/lib/python3.8/site-packages/airflow/example_dags/example_nested_branch_dag.py took 0.444 seconds
[2024-04-07T14:43:05.721+0000] {processor.py:161} INFO - Started process (PID=456) to work on /home/airflow/.local/lib/python3.8/site-packages/airflow/example_dags/example_nested_branch_dag.py
[2024-04-07T14:43:05.724+0000] {processor.py:830} INFO - Processing file /home/airflow/.local/lib/python3.8/site-packages/airflow/example_dags/example_nested_branch_dag.py for tasks to queue
[2024-04-07T14:43:05.738+0000] {logging_mixin.py:188} INFO - [2024-04-07T14:43:05.737+0000] {dagbag.py:540} INFO - Filling up the DagBag from /home/airflow/.local/lib/python3.8/site-packages/airflow/example_dags/example_nested_branch_dag.py
[2024-04-07T14:43:05.798+0000] {processor.py:840} INFO - DAG(s) 'example_nested_branch_dag' retrieved from /home/airflow/.local/lib/python3.8/site-packages/airflow/example_dags/example_nested_branch_dag.py
[2024-04-07T14:43:05.924+0000] {logging_mixin.py:188} INFO - [2024-04-07T14:43:05.921+0000] {dag.py:3047} INFO - Sync 1 DAGs
[2024-04-07T14:43:06.030+0000] {logging_mixin.py:188} INFO - [2024-04-07T14:43:06.028+0000] {dag.py:3834} INFO - Setting next_dagrun for example_nested_branch_dag to 2024-04-06 00:00:00+00:00, run_after=2024-04-07 00:00:00+00:00
[2024-04-07T14:43:06.157+0000] {processor.py:183} INFO - Processing /home/airflow/.local/lib/python3.8/site-packages/airflow/example_dags/example_nested_branch_dag.py took 0.453 seconds
[2024-04-07T14:43:36.398+0000] {processor.py:161} INFO - Started process (PID=511) to work on /home/airflow/.local/lib/python3.8/site-packages/airflow/example_dags/example_nested_branch_dag.py
[2024-04-07T14:43:36.411+0000] {processor.py:830} INFO - Processing file /home/airflow/.local/lib/python3.8/site-packages/airflow/example_dags/example_nested_branch_dag.py for tasks to queue
[2024-04-07T14:43:36.414+0000] {logging_mixin.py:188} INFO - [2024-04-07T14:43:36.414+0000] {dagbag.py:540} INFO - Filling up the DagBag from /home/airflow/.local/lib/python3.8/site-packages/airflow/example_dags/example_nested_branch_dag.py
[2024-04-07T14:43:36.492+0000] {processor.py:840} INFO - DAG(s) 'example_nested_branch_dag' retrieved from /home/airflow/.local/lib/python3.8/site-packages/airflow/example_dags/example_nested_branch_dag.py
[2024-04-07T14:43:36.619+0000] {logging_mixin.py:188} INFO - [2024-04-07T14:43:36.618+0000] {dag.py:3047} INFO - Sync 1 DAGs
[2024-04-07T14:43:36.749+0000] {logging_mixin.py:188} INFO - [2024-04-07T14:43:36.748+0000] {dag.py:3834} INFO - Setting next_dagrun for example_nested_branch_dag to 2024-04-06 00:00:00+00:00, run_after=2024-04-07 00:00:00+00:00
[2024-04-07T14:43:36.828+0000] {processor.py:183} INFO - Processing /home/airflow/.local/lib/python3.8/site-packages/airflow/example_dags/example_nested_branch_dag.py took 0.438 seconds
[2024-04-07T14:44:07.504+0000] {processor.py:161} INFO - Started process (PID=568) to work on /home/airflow/.local/lib/python3.8/site-packages/airflow/example_dags/example_nested_branch_dag.py
[2024-04-07T14:44:07.507+0000] {processor.py:830} INFO - Processing file /home/airflow/.local/lib/python3.8/site-packages/airflow/example_dags/example_nested_branch_dag.py for tasks to queue
[2024-04-07T14:44:07.514+0000] {logging_mixin.py:188} INFO - [2024-04-07T14:44:07.513+0000] {dagbag.py:540} INFO - Filling up the DagBag from /home/airflow/.local/lib/python3.8/site-packages/airflow/example_dags/example_nested_branch_dag.py
[2024-04-07T14:44:07.546+0000] {processor.py:840} INFO - DAG(s) 'example_nested_branch_dag' retrieved from /home/airflow/.local/lib/python3.8/site-packages/airflow/example_dags/example_nested_branch_dag.py
[2024-04-07T14:44:07.614+0000] {logging_mixin.py:188} INFO - [2024-04-07T14:44:07.611+0000] {dag.py:3047} INFO - Sync 1 DAGs
[2024-04-07T14:44:07.763+0000] {logging_mixin.py:188} INFO - [2024-04-07T14:44:07.762+0000] {dag.py:3834} INFO - Setting next_dagrun for example_nested_branch_dag to 2024-04-06 00:00:00+00:00, run_after=2024-04-07 00:00:00+00:00
[2024-04-07T14:44:07.960+0000] {processor.py:183} INFO - Processing /home/airflow/.local/lib/python3.8/site-packages/airflow/example_dags/example_nested_branch_dag.py took 0.465 seconds
[2024-04-07T14:44:40.279+0000] {processor.py:161} INFO - Started process (PID=624) to work on /home/airflow/.local/lib/python3.8/site-packages/airflow/example_dags/example_nested_branch_dag.py
[2024-04-07T14:44:40.289+0000] {processor.py:830} INFO - Processing file /home/airflow/.local/lib/python3.8/site-packages/airflow/example_dags/example_nested_branch_dag.py for tasks to queue
[2024-04-07T14:44:40.297+0000] {logging_mixin.py:188} INFO - [2024-04-07T14:44:40.297+0000] {dagbag.py:540} INFO - Filling up the DagBag from /home/airflow/.local/lib/python3.8/site-packages/airflow/example_dags/example_nested_branch_dag.py
[2024-04-07T14:44:40.397+0000] {processor.py:840} INFO - DAG(s) 'example_nested_branch_dag' retrieved from /home/airflow/.local/lib/python3.8/site-packages/airflow/example_dags/example_nested_branch_dag.py
[2024-04-07T14:44:40.538+0000] {logging_mixin.py:188} INFO - [2024-04-07T14:44:40.537+0000] {dag.py:3047} INFO - Sync 1 DAGs
[2024-04-07T14:44:40.589+0000] {logging_mixin.py:188} INFO - [2024-04-07T14:44:40.589+0000] {dag.py:3834} INFO - Setting next_dagrun for example_nested_branch_dag to 2024-04-06 00:00:00+00:00, run_after=2024-04-07 00:00:00+00:00
[2024-04-07T14:44:40.766+0000] {processor.py:183} INFO - Processing /home/airflow/.local/lib/python3.8/site-packages/airflow/example_dags/example_nested_branch_dag.py took 0.513 seconds
[2024-04-07T14:45:11.455+0000] {processor.py:161} INFO - Started process (PID=681) to work on /home/airflow/.local/lib/python3.8/site-packages/airflow/example_dags/example_nested_branch_dag.py
[2024-04-07T14:45:11.458+0000] {processor.py:830} INFO - Processing file /home/airflow/.local/lib/python3.8/site-packages/airflow/example_dags/example_nested_branch_dag.py for tasks to queue
[2024-04-07T14:45:11.461+0000] {logging_mixin.py:188} INFO - [2024-04-07T14:45:11.461+0000] {dagbag.py:540} INFO - Filling up the DagBag from /home/airflow/.local/lib/python3.8/site-packages/airflow/example_dags/example_nested_branch_dag.py
[2024-04-07T14:45:11.483+0000] {processor.py:840} INFO - DAG(s) 'example_nested_branch_dag' retrieved from /home/airflow/.local/lib/python3.8/site-packages/airflow/example_dags/example_nested_branch_dag.py
[2024-04-07T14:45:11.539+0000] {logging_mixin.py:188} INFO - [2024-04-07T14:45:11.538+0000] {dag.py:3047} INFO - Sync 1 DAGs
[2024-04-07T14:45:11.587+0000] {logging_mixin.py:188} INFO - [2024-04-07T14:45:11.587+0000] {dag.py:3834} INFO - Setting next_dagrun for example_nested_branch_dag to 2024-04-06 00:00:00+00:00, run_after=2024-04-07 00:00:00+00:00
[2024-04-07T14:45:11.628+0000] {processor.py:183} INFO - Processing /home/airflow/.local/lib/python3.8/site-packages/airflow/example_dags/example_nested_branch_dag.py took 0.179 seconds
[2024-04-07T14:45:42.709+0000] {processor.py:161} INFO - Started process (PID=737) to work on /home/airflow/.local/lib/python3.8/site-packages/airflow/example_dags/example_nested_branch_dag.py
[2024-04-07T14:45:42.717+0000] {processor.py:830} INFO - Processing file /home/airflow/.local/lib/python3.8/site-packages/airflow/example_dags/example_nested_branch_dag.py for tasks to queue
[2024-04-07T14:45:42.724+0000] {logging_mixin.py:188} INFO - [2024-04-07T14:45:42.721+0000] {dagbag.py:540} INFO - Filling up the DagBag from /home/airflow/.local/lib/python3.8/site-packages/airflow/example_dags/example_nested_branch_dag.py
[2024-04-07T14:45:42.800+0000] {processor.py:840} INFO - DAG(s) 'example_nested_branch_dag' retrieved from /home/airflow/.local/lib/python3.8/site-packages/airflow/example_dags/example_nested_branch_dag.py
[2024-04-07T14:45:42.860+0000] {logging_mixin.py:188} INFO - [2024-04-07T14:45:42.859+0000] {dag.py:3047} INFO - Sync 1 DAGs
[2024-04-07T14:45:42.916+0000] {logging_mixin.py:188} INFO - [2024-04-07T14:45:42.915+0000] {dag.py:3834} INFO - Setting next_dagrun for example_nested_branch_dag to 2024-04-06 00:00:00+00:00, run_after=2024-04-07 00:00:00+00:00
[2024-04-07T14:45:42.962+0000] {processor.py:183} INFO - Processing /home/airflow/.local/lib/python3.8/site-packages/airflow/example_dags/example_nested_branch_dag.py took 0.259 seconds
[2024-04-07T14:46:13.745+0000] {processor.py:161} INFO - Started process (PID=794) to work on /home/airflow/.local/lib/python3.8/site-packages/airflow/example_dags/example_nested_branch_dag.py
[2024-04-07T14:46:13.750+0000] {processor.py:830} INFO - Processing file /home/airflow/.local/lib/python3.8/site-packages/airflow/example_dags/example_nested_branch_dag.py for tasks to queue
[2024-04-07T14:46:13.754+0000] {logging_mixin.py:188} INFO - [2024-04-07T14:46:13.753+0000] {dagbag.py:540} INFO - Filling up the DagBag from /home/airflow/.local/lib/python3.8/site-packages/airflow/example_dags/example_nested_branch_dag.py
[2024-04-07T14:46:13.787+0000] {processor.py:840} INFO - DAG(s) 'example_nested_branch_dag' retrieved from /home/airflow/.local/lib/python3.8/site-packages/airflow/example_dags/example_nested_branch_dag.py
[2024-04-07T14:46:13.883+0000] {logging_mixin.py:188} INFO - [2024-04-07T14:46:13.883+0000] {dag.py:3047} INFO - Sync 1 DAGs
[2024-04-07T14:46:14.035+0000] {logging_mixin.py:188} INFO - [2024-04-07T14:46:14.034+0000] {dag.py:3834} INFO - Setting next_dagrun for example_nested_branch_dag to 2024-04-06 00:00:00+00:00, run_after=2024-04-07 00:00:00+00:00
[2024-04-07T14:46:14.143+0000] {processor.py:183} INFO - Processing /home/airflow/.local/lib/python3.8/site-packages/airflow/example_dags/example_nested_branch_dag.py took 0.403 seconds
[2024-04-07T14:46:46.661+0000] {processor.py:161} INFO - Started process (PID=851) to work on /home/airflow/.local/lib/python3.8/site-packages/airflow/example_dags/example_nested_branch_dag.py
[2024-04-07T14:46:46.664+0000] {processor.py:830} INFO - Processing file /home/airflow/.local/lib/python3.8/site-packages/airflow/example_dags/example_nested_branch_dag.py for tasks to queue
[2024-04-07T14:46:46.669+0000] {logging_mixin.py:188} INFO - [2024-04-07T14:46:46.668+0000] {dagbag.py:540} INFO - Filling up the DagBag from /home/airflow/.local/lib/python3.8/site-packages/airflow/example_dags/example_nested_branch_dag.py
[2024-04-07T14:46:46.695+0000] {processor.py:840} INFO - DAG(s) 'example_nested_branch_dag' retrieved from /home/airflow/.local/lib/python3.8/site-packages/airflow/example_dags/example_nested_branch_dag.py
[2024-04-07T14:46:46.737+0000] {logging_mixin.py:188} INFO - [2024-04-07T14:46:46.737+0000] {dag.py:3047} INFO - Sync 1 DAGs
[2024-04-07T14:46:46.791+0000] {logging_mixin.py:188} INFO - [2024-04-07T14:46:46.790+0000] {dag.py:3834} INFO - Setting next_dagrun for example_nested_branch_dag to 2024-04-06 00:00:00+00:00, run_after=2024-04-07 00:00:00+00:00
[2024-04-07T14:46:46.833+0000] {processor.py:183} INFO - Processing /home/airflow/.local/lib/python3.8/site-packages/airflow/example_dags/example_nested_branch_dag.py took 0.179 seconds
[2024-04-07T14:47:17.578+0000] {processor.py:161} INFO - Started process (PID=906) to work on /home/airflow/.local/lib/python3.8/site-packages/airflow/example_dags/example_nested_branch_dag.py
[2024-04-07T14:47:17.580+0000] {processor.py:830} INFO - Processing file /home/airflow/.local/lib/python3.8/site-packages/airflow/example_dags/example_nested_branch_dag.py for tasks to queue
[2024-04-07T14:47:17.583+0000] {logging_mixin.py:188} INFO - [2024-04-07T14:47:17.582+0000] {dagbag.py:540} INFO - Filling up the DagBag from /home/airflow/.local/lib/python3.8/site-packages/airflow/example_dags/example_nested_branch_dag.py
[2024-04-07T14:47:17.612+0000] {processor.py:840} INFO - DAG(s) 'example_nested_branch_dag' retrieved from /home/airflow/.local/lib/python3.8/site-packages/airflow/example_dags/example_nested_branch_dag.py
[2024-04-07T14:47:17.688+0000] {logging_mixin.py:188} INFO - [2024-04-07T14:47:17.686+0000] {dag.py:3047} INFO - Sync 1 DAGs
[2024-04-07T14:47:17.769+0000] {logging_mixin.py:188} INFO - [2024-04-07T14:47:17.769+0000] {dag.py:3834} INFO - Setting next_dagrun for example_nested_branch_dag to 2024-04-06 00:00:00+00:00, run_after=2024-04-07 00:00:00+00:00
[2024-04-07T14:47:17.830+0000] {processor.py:183} INFO - Processing /home/airflow/.local/lib/python3.8/site-packages/airflow/example_dags/example_nested_branch_dag.py took 0.259 seconds
[2024-04-07T14:47:47.963+0000] {processor.py:161} INFO - Started process (PID=963) to work on /home/airflow/.local/lib/python3.8/site-packages/airflow/example_dags/example_nested_branch_dag.py
[2024-04-07T14:47:47.965+0000] {processor.py:830} INFO - Processing file /home/airflow/.local/lib/python3.8/site-packages/airflow/example_dags/example_nested_branch_dag.py for tasks to queue
[2024-04-07T14:47:47.969+0000] {logging_mixin.py:188} INFO - [2024-04-07T14:47:47.969+0000] {dagbag.py:540} INFO - Filling up the DagBag from /home/airflow/.local/lib/python3.8/site-packages/airflow/example_dags/example_nested_branch_dag.py
[2024-04-07T14:47:47.989+0000] {processor.py:840} INFO - DAG(s) 'example_nested_branch_dag' retrieved from /home/airflow/.local/lib/python3.8/site-packages/airflow/example_dags/example_nested_branch_dag.py
[2024-04-07T14:47:48.030+0000] {logging_mixin.py:188} INFO - [2024-04-07T14:47:48.029+0000] {dag.py:3047} INFO - Sync 1 DAGs
[2024-04-07T14:47:48.068+0000] {logging_mixin.py:188} INFO - [2024-04-07T14:47:48.068+0000] {dag.py:3834} INFO - Setting next_dagrun for example_nested_branch_dag to 2024-04-06 00:00:00+00:00, run_after=2024-04-07 00:00:00+00:00
[2024-04-07T14:47:48.101+0000] {processor.py:183} INFO - Processing /home/airflow/.local/lib/python3.8/site-packages/airflow/example_dags/example_nested_branch_dag.py took 0.145 seconds
[2024-04-07T14:48:18.558+0000] {processor.py:161} INFO - Started process (PID=1017) to work on /home/airflow/.local/lib/python3.8/site-packages/airflow/example_dags/example_nested_branch_dag.py
[2024-04-07T14:48:18.560+0000] {processor.py:830} INFO - Processing file /home/airflow/.local/lib/python3.8/site-packages/airflow/example_dags/example_nested_branch_dag.py for tasks to queue
[2024-04-07T14:48:18.565+0000] {logging_mixin.py:188} INFO - [2024-04-07T14:48:18.564+0000] {dagbag.py:540} INFO - Filling up the DagBag from /home/airflow/.local/lib/python3.8/site-packages/airflow/example_dags/example_nested_branch_dag.py
[2024-04-07T14:48:18.587+0000] {processor.py:840} INFO - DAG(s) 'example_nested_branch_dag' retrieved from /home/airflow/.local/lib/python3.8/site-packages/airflow/example_dags/example_nested_branch_dag.py
[2024-04-07T14:48:18.632+0000] {logging_mixin.py:188} INFO - [2024-04-07T14:48:18.632+0000] {dag.py:3047} INFO - Sync 1 DAGs
[2024-04-07T14:48:18.687+0000] {logging_mixin.py:188} INFO - [2024-04-07T14:48:18.686+0000] {dag.py:3834} INFO - Setting next_dagrun for example_nested_branch_dag to 2024-04-06 00:00:00+00:00, run_after=2024-04-07 00:00:00+00:00
[2024-04-07T14:48:18.751+0000] {processor.py:183} INFO - Processing /home/airflow/.local/lib/python3.8/site-packages/airflow/example_dags/example_nested_branch_dag.py took 0.199 seconds
[2024-04-07T14:48:49.229+0000] {processor.py:161} INFO - Started process (PID=1074) to work on /home/airflow/.local/lib/python3.8/site-packages/airflow/example_dags/example_nested_branch_dag.py
[2024-04-07T14:48:49.232+0000] {processor.py:830} INFO - Processing file /home/airflow/.local/lib/python3.8/site-packages/airflow/example_dags/example_nested_branch_dag.py for tasks to queue
[2024-04-07T14:48:49.235+0000] {logging_mixin.py:188} INFO - [2024-04-07T14:48:49.235+0000] {dagbag.py:540} INFO - Filling up the DagBag from /home/airflow/.local/lib/python3.8/site-packages/airflow/example_dags/example_nested_branch_dag.py
[2024-04-07T14:48:49.261+0000] {processor.py:840} INFO - DAG(s) 'example_nested_branch_dag' retrieved from /home/airflow/.local/lib/python3.8/site-packages/airflow/example_dags/example_nested_branch_dag.py
[2024-04-07T14:48:49.321+0000] {logging_mixin.py:188} INFO - [2024-04-07T14:48:49.320+0000] {dag.py:3047} INFO - Sync 1 DAGs
[2024-04-07T14:48:49.401+0000] {logging_mixin.py:188} INFO - [2024-04-07T14:48:49.400+0000] {dag.py:3834} INFO - Setting next_dagrun for example_nested_branch_dag to 2024-04-06 00:00:00+00:00, run_after=2024-04-07 00:00:00+00:00
[2024-04-07T14:48:49.460+0000] {processor.py:183} INFO - Processing /home/airflow/.local/lib/python3.8/site-packages/airflow/example_dags/example_nested_branch_dag.py took 0.239 seconds
[2024-04-07T14:49:20.430+0000] {processor.py:161} INFO - Started process (PID=1131) to work on /home/airflow/.local/lib/python3.8/site-packages/airflow/example_dags/example_nested_branch_dag.py
[2024-04-07T14:49:20.432+0000] {processor.py:830} INFO - Processing file /home/airflow/.local/lib/python3.8/site-packages/airflow/example_dags/example_nested_branch_dag.py for tasks to queue
[2024-04-07T14:49:20.438+0000] {logging_mixin.py:188} INFO - [2024-04-07T14:49:20.437+0000] {dagbag.py:540} INFO - Filling up the DagBag from /home/airflow/.local/lib/python3.8/site-packages/airflow/example_dags/example_nested_branch_dag.py
[2024-04-07T14:49:20.469+0000] {processor.py:840} INFO - DAG(s) 'example_nested_branch_dag' retrieved from /home/airflow/.local/lib/python3.8/site-packages/airflow/example_dags/example_nested_branch_dag.py
[2024-04-07T14:49:20.526+0000] {logging_mixin.py:188} INFO - [2024-04-07T14:49:20.525+0000] {dag.py:3047} INFO - Sync 1 DAGs
[2024-04-07T14:49:20.587+0000] {logging_mixin.py:188} INFO - [2024-04-07T14:49:20.586+0000] {dag.py:3834} INFO - Setting next_dagrun for example_nested_branch_dag to 2024-04-06 00:00:00+00:00, run_after=2024-04-07 00:00:00+00:00
[2024-04-07T14:49:20.653+0000] {processor.py:183} INFO - Processing /home/airflow/.local/lib/python3.8/site-packages/airflow/example_dags/example_nested_branch_dag.py took 0.233 seconds
[2024-04-07T14:49:51.428+0000] {processor.py:161} INFO - Started process (PID=1188) to work on /home/airflow/.local/lib/python3.8/site-packages/airflow/example_dags/example_nested_branch_dag.py
[2024-04-07T14:49:51.430+0000] {processor.py:830} INFO - Processing file /home/airflow/.local/lib/python3.8/site-packages/airflow/example_dags/example_nested_branch_dag.py for tasks to queue
[2024-04-07T14:49:51.445+0000] {logging_mixin.py:188} INFO - [2024-04-07T14:49:51.438+0000] {dagbag.py:540} INFO - Filling up the DagBag from /home/airflow/.local/lib/python3.8/site-packages/airflow/example_dags/example_nested_branch_dag.py
[2024-04-07T14:49:51.473+0000] {processor.py:840} INFO - DAG(s) 'example_nested_branch_dag' retrieved from /home/airflow/.local/lib/python3.8/site-packages/airflow/example_dags/example_nested_branch_dag.py
[2024-04-07T14:49:51.546+0000] {logging_mixin.py:188} INFO - [2024-04-07T14:49:51.546+0000] {dag.py:3047} INFO - Sync 1 DAGs
[2024-04-07T14:49:51.648+0000] {logging_mixin.py:188} INFO - [2024-04-07T14:49:51.647+0000] {dag.py:3834} INFO - Setting next_dagrun for example_nested_branch_dag to 2024-04-06 00:00:00+00:00, run_after=2024-04-07 00:00:00+00:00
[2024-04-07T14:49:51.727+0000] {processor.py:183} INFO - Processing /home/airflow/.local/lib/python3.8/site-packages/airflow/example_dags/example_nested_branch_dag.py took 0.310 seconds
[2024-04-07T14:50:22.739+0000] {processor.py:161} INFO - Started process (PID=1245) to work on /home/airflow/.local/lib/python3.8/site-packages/airflow/example_dags/example_nested_branch_dag.py
[2024-04-07T14:50:22.756+0000] {processor.py:830} INFO - Processing file /home/airflow/.local/lib/python3.8/site-packages/airflow/example_dags/example_nested_branch_dag.py for tasks to queue
[2024-04-07T14:50:22.761+0000] {logging_mixin.py:188} INFO - [2024-04-07T14:50:22.760+0000] {dagbag.py:540} INFO - Filling up the DagBag from /home/airflow/.local/lib/python3.8/site-packages/airflow/example_dags/example_nested_branch_dag.py
[2024-04-07T14:50:22.818+0000] {processor.py:840} INFO - DAG(s) 'example_nested_branch_dag' retrieved from /home/airflow/.local/lib/python3.8/site-packages/airflow/example_dags/example_nested_branch_dag.py
[2024-04-07T14:50:22.932+0000] {logging_mixin.py:188} INFO - [2024-04-07T14:50:22.931+0000] {dag.py:3047} INFO - Sync 1 DAGs
[2024-04-07T14:50:23.016+0000] {logging_mixin.py:188} INFO - [2024-04-07T14:50:23.015+0000] {dag.py:3834} INFO - Setting next_dagrun for example_nested_branch_dag to 2024-04-06 00:00:00+00:00, run_after=2024-04-07 00:00:00+00:00
[2024-04-07T14:50:23.462+0000] {processor.py:183} INFO - Processing /home/airflow/.local/lib/python3.8/site-packages/airflow/example_dags/example_nested_branch_dag.py took 0.730 seconds
[2024-04-07T14:50:54.244+0000] {processor.py:161} INFO - Started process (PID=1303) to work on /home/airflow/.local/lib/python3.8/site-packages/airflow/example_dags/example_nested_branch_dag.py
[2024-04-07T14:50:54.247+0000] {processor.py:830} INFO - Processing file /home/airflow/.local/lib/python3.8/site-packages/airflow/example_dags/example_nested_branch_dag.py for tasks to queue
[2024-04-07T14:50:54.252+0000] {logging_mixin.py:188} INFO - [2024-04-07T14:50:54.251+0000] {dagbag.py:540} INFO - Filling up the DagBag from /home/airflow/.local/lib/python3.8/site-packages/airflow/example_dags/example_nested_branch_dag.py
[2024-04-07T14:50:54.275+0000] {processor.py:840} INFO - DAG(s) 'example_nested_branch_dag' retrieved from /home/airflow/.local/lib/python3.8/site-packages/airflow/example_dags/example_nested_branch_dag.py
[2024-04-07T14:50:54.331+0000] {logging_mixin.py:188} INFO - [2024-04-07T14:50:54.330+0000] {dag.py:3047} INFO - Sync 1 DAGs
[2024-04-07T14:50:54.399+0000] {logging_mixin.py:188} INFO - [2024-04-07T14:50:54.399+0000] {dag.py:3834} INFO - Setting next_dagrun for example_nested_branch_dag to 2024-04-06 00:00:00+00:00, run_after=2024-04-07 00:00:00+00:00
[2024-04-07T14:50:54.449+0000] {processor.py:183} INFO - Processing /home/airflow/.local/lib/python3.8/site-packages/airflow/example_dags/example_nested_branch_dag.py took 0.212 seconds
[2024-04-07T14:51:24.575+0000] {processor.py:161} INFO - Started process (PID=1359) to work on /home/airflow/.local/lib/python3.8/site-packages/airflow/example_dags/example_nested_branch_dag.py
[2024-04-07T14:51:24.578+0000] {processor.py:830} INFO - Processing file /home/airflow/.local/lib/python3.8/site-packages/airflow/example_dags/example_nested_branch_dag.py for tasks to queue
[2024-04-07T14:51:24.582+0000] {logging_mixin.py:188} INFO - [2024-04-07T14:51:24.582+0000] {dagbag.py:540} INFO - Filling up the DagBag from /home/airflow/.local/lib/python3.8/site-packages/airflow/example_dags/example_nested_branch_dag.py
[2024-04-07T14:51:24.609+0000] {processor.py:840} INFO - DAG(s) 'example_nested_branch_dag' retrieved from /home/airflow/.local/lib/python3.8/site-packages/airflow/example_dags/example_nested_branch_dag.py
[2024-04-07T14:51:24.651+0000] {logging_mixin.py:188} INFO - [2024-04-07T14:51:24.650+0000] {dag.py:3047} INFO - Sync 1 DAGs
[2024-04-07T14:51:24.706+0000] {logging_mixin.py:188} INFO - [2024-04-07T14:51:24.706+0000] {dag.py:3834} INFO - Setting next_dagrun for example_nested_branch_dag to 2024-04-06 00:00:00+00:00, run_after=2024-04-07 00:00:00+00:00
[2024-04-07T14:51:24.765+0000] {processor.py:183} INFO - Processing /home/airflow/.local/lib/python3.8/site-packages/airflow/example_dags/example_nested_branch_dag.py took 0.196 seconds
[2024-04-07T14:51:55.558+0000] {processor.py:161} INFO - Started process (PID=1417) to work on /home/airflow/.local/lib/python3.8/site-packages/airflow/example_dags/example_nested_branch_dag.py
[2024-04-07T14:51:55.571+0000] {processor.py:830} INFO - Processing file /home/airflow/.local/lib/python3.8/site-packages/airflow/example_dags/example_nested_branch_dag.py for tasks to queue
[2024-04-07T14:51:55.581+0000] {logging_mixin.py:188} INFO - [2024-04-07T14:51:55.580+0000] {dagbag.py:540} INFO - Filling up the DagBag from /home/airflow/.local/lib/python3.8/site-packages/airflow/example_dags/example_nested_branch_dag.py
[2024-04-07T14:51:55.639+0000] {processor.py:840} INFO - DAG(s) 'example_nested_branch_dag' retrieved from /home/airflow/.local/lib/python3.8/site-packages/airflow/example_dags/example_nested_branch_dag.py
[2024-04-07T14:51:55.736+0000] {logging_mixin.py:188} INFO - [2024-04-07T14:51:55.735+0000] {dag.py:3047} INFO - Sync 1 DAGs
[2024-04-07T14:51:55.890+0000] {logging_mixin.py:188} INFO - [2024-04-07T14:51:55.889+0000] {dag.py:3834} INFO - Setting next_dagrun for example_nested_branch_dag to 2024-04-06 00:00:00+00:00, run_after=2024-04-07 00:00:00+00:00
[2024-04-07T14:51:56.188+0000] {processor.py:183} INFO - Processing /home/airflow/.local/lib/python3.8/site-packages/airflow/example_dags/example_nested_branch_dag.py took 0.637 seconds
[2024-04-07T14:52:26.590+0000] {processor.py:161} INFO - Started process (PID=1474) to work on /home/airflow/.local/lib/python3.8/site-packages/airflow/example_dags/example_nested_branch_dag.py
[2024-04-07T14:52:26.600+0000] {processor.py:830} INFO - Processing file /home/airflow/.local/lib/python3.8/site-packages/airflow/example_dags/example_nested_branch_dag.py for tasks to queue
[2024-04-07T14:52:26.609+0000] {logging_mixin.py:188} INFO - [2024-04-07T14:52:26.608+0000] {dagbag.py:540} INFO - Filling up the DagBag from /home/airflow/.local/lib/python3.8/site-packages/airflow/example_dags/example_nested_branch_dag.py
[2024-04-07T14:52:26.643+0000] {processor.py:840} INFO - DAG(s) 'example_nested_branch_dag' retrieved from /home/airflow/.local/lib/python3.8/site-packages/airflow/example_dags/example_nested_branch_dag.py
[2024-04-07T14:52:26.709+0000] {logging_mixin.py:188} INFO - [2024-04-07T14:52:26.708+0000] {dag.py:3047} INFO - Sync 1 DAGs
[2024-04-07T14:52:26.772+0000] {logging_mixin.py:188} INFO - [2024-04-07T14:52:26.771+0000] {dag.py:3834} INFO - Setting next_dagrun for example_nested_branch_dag to 2024-04-06 00:00:00+00:00, run_after=2024-04-07 00:00:00+00:00
[2024-04-07T14:52:26.856+0000] {processor.py:183} INFO - Processing /home/airflow/.local/lib/python3.8/site-packages/airflow/example_dags/example_nested_branch_dag.py took 0.276 seconds
[2024-04-07T14:52:57.055+0000] {processor.py:161} INFO - Started process (PID=1531) to work on /home/airflow/.local/lib/python3.8/site-packages/airflow/example_dags/example_nested_branch_dag.py
[2024-04-07T14:52:57.057+0000] {processor.py:830} INFO - Processing file /home/airflow/.local/lib/python3.8/site-packages/airflow/example_dags/example_nested_branch_dag.py for tasks to queue
[2024-04-07T14:52:57.060+0000] {logging_mixin.py:188} INFO - [2024-04-07T14:52:57.059+0000] {dagbag.py:540} INFO - Filling up the DagBag from /home/airflow/.local/lib/python3.8/site-packages/airflow/example_dags/example_nested_branch_dag.py
[2024-04-07T14:52:57.081+0000] {processor.py:840} INFO - DAG(s) 'example_nested_branch_dag' retrieved from /home/airflow/.local/lib/python3.8/site-packages/airflow/example_dags/example_nested_branch_dag.py
[2024-04-07T14:52:57.120+0000] {logging_mixin.py:188} INFO - [2024-04-07T14:52:57.120+0000] {dag.py:3047} INFO - Sync 1 DAGs
[2024-04-07T14:52:57.165+0000] {logging_mixin.py:188} INFO - [2024-04-07T14:52:57.164+0000] {dag.py:3834} INFO - Setting next_dagrun for example_nested_branch_dag to 2024-04-06 00:00:00+00:00, run_after=2024-04-07 00:00:00+00:00
[2024-04-07T14:52:57.212+0000] {processor.py:183} INFO - Processing /home/airflow/.local/lib/python3.8/site-packages/airflow/example_dags/example_nested_branch_dag.py took 0.164 seconds
[2024-04-07T14:53:27.516+0000] {processor.py:161} INFO - Started process (PID=1588) to work on /home/airflow/.local/lib/python3.8/site-packages/airflow/example_dags/example_nested_branch_dag.py
[2024-04-07T14:53:27.517+0000] {processor.py:830} INFO - Processing file /home/airflow/.local/lib/python3.8/site-packages/airflow/example_dags/example_nested_branch_dag.py for tasks to queue
[2024-04-07T14:53:27.522+0000] {logging_mixin.py:188} INFO - [2024-04-07T14:53:27.521+0000] {dagbag.py:540} INFO - Filling up the DagBag from /home/airflow/.local/lib/python3.8/site-packages/airflow/example_dags/example_nested_branch_dag.py
[2024-04-07T14:53:27.555+0000] {processor.py:840} INFO - DAG(s) 'example_nested_branch_dag' retrieved from /home/airflow/.local/lib/python3.8/site-packages/airflow/example_dags/example_nested_branch_dag.py
[2024-04-07T14:53:27.627+0000] {logging_mixin.py:188} INFO - [2024-04-07T14:53:27.626+0000] {dag.py:3047} INFO - Sync 1 DAGs
[2024-04-07T14:53:27.706+0000] {logging_mixin.py:188} INFO - [2024-04-07T14:53:27.706+0000] {dag.py:3834} INFO - Setting next_dagrun for example_nested_branch_dag to 2024-04-06 00:00:00+00:00, run_after=2024-04-07 00:00:00+00:00
[2024-04-07T14:53:27.761+0000] {processor.py:183} INFO - Processing /home/airflow/.local/lib/python3.8/site-packages/airflow/example_dags/example_nested_branch_dag.py took 0.251 seconds
[2024-04-07T14:53:58.377+0000] {processor.py:161} INFO - Started process (PID=1645) to work on /home/airflow/.local/lib/python3.8/site-packages/airflow/example_dags/example_nested_branch_dag.py
[2024-04-07T14:53:58.379+0000] {processor.py:830} INFO - Processing file /home/airflow/.local/lib/python3.8/site-packages/airflow/example_dags/example_nested_branch_dag.py for tasks to queue
[2024-04-07T14:53:58.382+0000] {logging_mixin.py:188} INFO - [2024-04-07T14:53:58.381+0000] {dagbag.py:540} INFO - Filling up the DagBag from /home/airflow/.local/lib/python3.8/site-packages/airflow/example_dags/example_nested_branch_dag.py
[2024-04-07T14:53:58.398+0000] {processor.py:840} INFO - DAG(s) 'example_nested_branch_dag' retrieved from /home/airflow/.local/lib/python3.8/site-packages/airflow/example_dags/example_nested_branch_dag.py
[2024-04-07T14:53:58.436+0000] {logging_mixin.py:188} INFO - [2024-04-07T14:53:58.436+0000] {dag.py:3047} INFO - Sync 1 DAGs
[2024-04-07T14:53:58.474+0000] {logging_mixin.py:188} INFO - [2024-04-07T14:53:58.473+0000] {dag.py:3834} INFO - Setting next_dagrun for example_nested_branch_dag to 2024-04-06 00:00:00+00:00, run_after=2024-04-07 00:00:00+00:00
[2024-04-07T14:53:58.511+0000] {processor.py:183} INFO - Processing /home/airflow/.local/lib/python3.8/site-packages/airflow/example_dags/example_nested_branch_dag.py took 0.140 seconds
[2024-04-07T14:54:28.810+0000] {processor.py:161} INFO - Started process (PID=1702) to work on /home/airflow/.local/lib/python3.8/site-packages/airflow/example_dags/example_nested_branch_dag.py
[2024-04-07T14:54:28.812+0000] {processor.py:830} INFO - Processing file /home/airflow/.local/lib/python3.8/site-packages/airflow/example_dags/example_nested_branch_dag.py for tasks to queue
[2024-04-07T14:54:28.815+0000] {logging_mixin.py:188} INFO - [2024-04-07T14:54:28.815+0000] {dagbag.py:540} INFO - Filling up the DagBag from /home/airflow/.local/lib/python3.8/site-packages/airflow/example_dags/example_nested_branch_dag.py
[2024-04-07T14:54:28.831+0000] {processor.py:840} INFO - DAG(s) 'example_nested_branch_dag' retrieved from /home/airflow/.local/lib/python3.8/site-packages/airflow/example_dags/example_nested_branch_dag.py
[2024-04-07T14:54:28.865+0000] {logging_mixin.py:188} INFO - [2024-04-07T14:54:28.865+0000] {dag.py:3047} INFO - Sync 1 DAGs
[2024-04-07T14:54:28.902+0000] {logging_mixin.py:188} INFO - [2024-04-07T14:54:28.901+0000] {dag.py:3834} INFO - Setting next_dagrun for example_nested_branch_dag to 2024-04-06 00:00:00+00:00, run_after=2024-04-07 00:00:00+00:00
[2024-04-07T14:54:28.937+0000] {processor.py:183} INFO - Processing /home/airflow/.local/lib/python3.8/site-packages/airflow/example_dags/example_nested_branch_dag.py took 0.132 seconds
[2024-04-07T14:54:59.792+0000] {processor.py:161} INFO - Started process (PID=1759) to work on /home/airflow/.local/lib/python3.8/site-packages/airflow/example_dags/example_nested_branch_dag.py
[2024-04-07T14:54:59.794+0000] {processor.py:830} INFO - Processing file /home/airflow/.local/lib/python3.8/site-packages/airflow/example_dags/example_nested_branch_dag.py for tasks to queue
[2024-04-07T14:54:59.797+0000] {logging_mixin.py:188} INFO - [2024-04-07T14:54:59.796+0000] {dagbag.py:540} INFO - Filling up the DagBag from /home/airflow/.local/lib/python3.8/site-packages/airflow/example_dags/example_nested_branch_dag.py
[2024-04-07T14:54:59.812+0000] {processor.py:840} INFO - DAG(s) 'example_nested_branch_dag' retrieved from /home/airflow/.local/lib/python3.8/site-packages/airflow/example_dags/example_nested_branch_dag.py
[2024-04-07T14:54:59.846+0000] {logging_mixin.py:188} INFO - [2024-04-07T14:54:59.845+0000] {dag.py:3047} INFO - Sync 1 DAGs
[2024-04-07T14:54:59.885+0000] {logging_mixin.py:188} INFO - [2024-04-07T14:54:59.884+0000] {dag.py:3834} INFO - Setting next_dagrun for example_nested_branch_dag to 2024-04-06 00:00:00+00:00, run_after=2024-04-07 00:00:00+00:00
[2024-04-07T14:54:59.915+0000] {processor.py:183} INFO - Processing /home/airflow/.local/lib/python3.8/site-packages/airflow/example_dags/example_nested_branch_dag.py took 0.128 seconds
[2024-04-07T14:55:30.276+0000] {processor.py:161} INFO - Started process (PID=1815) to work on /home/airflow/.local/lib/python3.8/site-packages/airflow/example_dags/example_nested_branch_dag.py
[2024-04-07T14:55:30.278+0000] {processor.py:830} INFO - Processing file /home/airflow/.local/lib/python3.8/site-packages/airflow/example_dags/example_nested_branch_dag.py for tasks to queue
[2024-04-07T14:55:30.281+0000] {logging_mixin.py:188} INFO - [2024-04-07T14:55:30.280+0000] {dagbag.py:540} INFO - Filling up the DagBag from /home/airflow/.local/lib/python3.8/site-packages/airflow/example_dags/example_nested_branch_dag.py
[2024-04-07T14:55:30.312+0000] {processor.py:840} INFO - DAG(s) 'example_nested_branch_dag' retrieved from /home/airflow/.local/lib/python3.8/site-packages/airflow/example_dags/example_nested_branch_dag.py
[2024-04-07T14:55:30.367+0000] {logging_mixin.py:188} INFO - [2024-04-07T14:55:30.365+0000] {dag.py:3047} INFO - Sync 1 DAGs
[2024-04-07T14:55:30.443+0000] {logging_mixin.py:188} INFO - [2024-04-07T14:55:30.442+0000] {dag.py:3834} INFO - Setting next_dagrun for example_nested_branch_dag to 2024-04-06 00:00:00+00:00, run_after=2024-04-07 00:00:00+00:00
[2024-04-07T14:55:30.488+0000] {processor.py:183} INFO - Processing /home/airflow/.local/lib/python3.8/site-packages/airflow/example_dags/example_nested_branch_dag.py took 0.224 seconds
[2024-04-07T14:56:00.893+0000] {processor.py:161} INFO - Started process (PID=1872) to work on /home/airflow/.local/lib/python3.8/site-packages/airflow/example_dags/example_nested_branch_dag.py
[2024-04-07T14:56:00.895+0000] {processor.py:830} INFO - Processing file /home/airflow/.local/lib/python3.8/site-packages/airflow/example_dags/example_nested_branch_dag.py for tasks to queue
[2024-04-07T14:56:00.898+0000] {logging_mixin.py:188} INFO - [2024-04-07T14:56:00.898+0000] {dagbag.py:540} INFO - Filling up the DagBag from /home/airflow/.local/lib/python3.8/site-packages/airflow/example_dags/example_nested_branch_dag.py
[2024-04-07T14:56:00.917+0000] {processor.py:840} INFO - DAG(s) 'example_nested_branch_dag' retrieved from /home/airflow/.local/lib/python3.8/site-packages/airflow/example_dags/example_nested_branch_dag.py
[2024-04-07T14:56:00.952+0000] {logging_mixin.py:188} INFO - [2024-04-07T14:56:00.951+0000] {dag.py:3047} INFO - Sync 1 DAGs
[2024-04-07T14:56:00.985+0000] {logging_mixin.py:188} INFO - [2024-04-07T14:56:00.985+0000] {dag.py:3834} INFO - Setting next_dagrun for example_nested_branch_dag to 2024-04-06 00:00:00+00:00, run_after=2024-04-07 00:00:00+00:00
[2024-04-07T14:56:01.024+0000] {processor.py:183} INFO - Processing /home/airflow/.local/lib/python3.8/site-packages/airflow/example_dags/example_nested_branch_dag.py took 0.135 seconds
[2024-04-07T14:56:31.308+0000] {processor.py:161} INFO - Started process (PID=1930) to work on /home/airflow/.local/lib/python3.8/site-packages/airflow/example_dags/example_nested_branch_dag.py
[2024-04-07T14:56:31.310+0000] {processor.py:830} INFO - Processing file /home/airflow/.local/lib/python3.8/site-packages/airflow/example_dags/example_nested_branch_dag.py for tasks to queue
[2024-04-07T14:56:31.313+0000] {logging_mixin.py:188} INFO - [2024-04-07T14:56:31.312+0000] {dagbag.py:540} INFO - Filling up the DagBag from /home/airflow/.local/lib/python3.8/site-packages/airflow/example_dags/example_nested_branch_dag.py
[2024-04-07T14:56:31.335+0000] {processor.py:840} INFO - DAG(s) 'example_nested_branch_dag' retrieved from /home/airflow/.local/lib/python3.8/site-packages/airflow/example_dags/example_nested_branch_dag.py
[2024-04-07T14:56:31.437+0000] {logging_mixin.py:188} INFO - [2024-04-07T14:56:31.437+0000] {dag.py:3047} INFO - Sync 1 DAGs
[2024-04-07T14:56:31.531+0000] {logging_mixin.py:188} INFO - [2024-04-07T14:56:31.526+0000] {dag.py:3834} INFO - Setting next_dagrun for example_nested_branch_dag to 2024-04-06 00:00:00+00:00, run_after=2024-04-07 00:00:00+00:00
[2024-04-07T14:56:31.577+0000] {processor.py:183} INFO - Processing /home/airflow/.local/lib/python3.8/site-packages/airflow/example_dags/example_nested_branch_dag.py took 0.275 seconds
[2024-04-07T14:57:01.957+0000] {processor.py:161} INFO - Started process (PID=1986) to work on /home/airflow/.local/lib/python3.8/site-packages/airflow/example_dags/example_nested_branch_dag.py
[2024-04-07T14:57:01.959+0000] {processor.py:830} INFO - Processing file /home/airflow/.local/lib/python3.8/site-packages/airflow/example_dags/example_nested_branch_dag.py for tasks to queue
[2024-04-07T14:57:01.963+0000] {logging_mixin.py:188} INFO - [2024-04-07T14:57:01.962+0000] {dagbag.py:540} INFO - Filling up the DagBag from /home/airflow/.local/lib/python3.8/site-packages/airflow/example_dags/example_nested_branch_dag.py
[2024-04-07T14:57:02.006+0000] {processor.py:840} INFO - DAG(s) 'example_nested_branch_dag' retrieved from /home/airflow/.local/lib/python3.8/site-packages/airflow/example_dags/example_nested_branch_dag.py
[2024-04-07T14:57:02.044+0000] {logging_mixin.py:188} INFO - [2024-04-07T14:57:02.044+0000] {dag.py:3047} INFO - Sync 1 DAGs
[2024-04-07T14:57:02.080+0000] {logging_mixin.py:188} INFO - [2024-04-07T14:57:02.080+0000] {dag.py:3834} INFO - Setting next_dagrun for example_nested_branch_dag to 2024-04-06 00:00:00+00:00, run_after=2024-04-07 00:00:00+00:00
[2024-04-07T14:57:02.115+0000] {processor.py:183} INFO - Processing /home/airflow/.local/lib/python3.8/site-packages/airflow/example_dags/example_nested_branch_dag.py took 0.165 seconds
[2024-04-07T14:57:32.769+0000] {processor.py:161} INFO - Started process (PID=2041) to work on /home/airflow/.local/lib/python3.8/site-packages/airflow/example_dags/example_nested_branch_dag.py
[2024-04-07T14:57:32.773+0000] {processor.py:830} INFO - Processing file /home/airflow/.local/lib/python3.8/site-packages/airflow/example_dags/example_nested_branch_dag.py for tasks to queue
[2024-04-07T14:57:32.783+0000] {logging_mixin.py:188} INFO - [2024-04-07T14:57:32.782+0000] {dagbag.py:540} INFO - Filling up the DagBag from /home/airflow/.local/lib/python3.8/site-packages/airflow/example_dags/example_nested_branch_dag.py
[2024-04-07T14:57:32.814+0000] {processor.py:840} INFO - DAG(s) 'example_nested_branch_dag' retrieved from /home/airflow/.local/lib/python3.8/site-packages/airflow/example_dags/example_nested_branch_dag.py
[2024-04-07T14:57:32.859+0000] {logging_mixin.py:188} INFO - [2024-04-07T14:57:32.858+0000] {dag.py:3047} INFO - Sync 1 DAGs
[2024-04-07T14:57:32.919+0000] {logging_mixin.py:188} INFO - [2024-04-07T14:57:32.919+0000] {dag.py:3834} INFO - Setting next_dagrun for example_nested_branch_dag to 2024-04-06 00:00:00+00:00, run_after=2024-04-07 00:00:00+00:00
[2024-04-07T14:57:32.965+0000] {processor.py:183} INFO - Processing /home/airflow/.local/lib/python3.8/site-packages/airflow/example_dags/example_nested_branch_dag.py took 0.203 seconds
[2024-04-07T14:58:03.121+0000] {processor.py:161} INFO - Started process (PID=2099) to work on /home/airflow/.local/lib/python3.8/site-packages/airflow/example_dags/example_nested_branch_dag.py
[2024-04-07T14:58:03.123+0000] {processor.py:830} INFO - Processing file /home/airflow/.local/lib/python3.8/site-packages/airflow/example_dags/example_nested_branch_dag.py for tasks to queue
[2024-04-07T14:58:03.126+0000] {logging_mixin.py:188} INFO - [2024-04-07T14:58:03.125+0000] {dagbag.py:540} INFO - Filling up the DagBag from /home/airflow/.local/lib/python3.8/site-packages/airflow/example_dags/example_nested_branch_dag.py
[2024-04-07T14:58:03.153+0000] {processor.py:840} INFO - DAG(s) 'example_nested_branch_dag' retrieved from /home/airflow/.local/lib/python3.8/site-packages/airflow/example_dags/example_nested_branch_dag.py
[2024-04-07T14:58:03.201+0000] {logging_mixin.py:188} INFO - [2024-04-07T14:58:03.200+0000] {dag.py:3047} INFO - Sync 1 DAGs
[2024-04-07T14:58:03.245+0000] {logging_mixin.py:188} INFO - [2024-04-07T14:58:03.244+0000] {dag.py:3834} INFO - Setting next_dagrun for example_nested_branch_dag to 2024-04-06 00:00:00+00:00, run_after=2024-04-07 00:00:00+00:00
[2024-04-07T14:58:03.286+0000] {processor.py:183} INFO - Processing /home/airflow/.local/lib/python3.8/site-packages/airflow/example_dags/example_nested_branch_dag.py took 0.172 seconds
[2024-04-07T14:58:34.276+0000] {processor.py:161} INFO - Started process (PID=2162) to work on /home/airflow/.local/lib/python3.8/site-packages/airflow/example_dags/example_nested_branch_dag.py
[2024-04-07T14:58:34.278+0000] {processor.py:830} INFO - Processing file /home/airflow/.local/lib/python3.8/site-packages/airflow/example_dags/example_nested_branch_dag.py for tasks to queue
[2024-04-07T14:58:34.280+0000] {logging_mixin.py:188} INFO - [2024-04-07T14:58:34.280+0000] {dagbag.py:540} INFO - Filling up the DagBag from /home/airflow/.local/lib/python3.8/site-packages/airflow/example_dags/example_nested_branch_dag.py
[2024-04-07T14:58:34.295+0000] {processor.py:840} INFO - DAG(s) 'example_nested_branch_dag' retrieved from /home/airflow/.local/lib/python3.8/site-packages/airflow/example_dags/example_nested_branch_dag.py
[2024-04-07T14:58:34.329+0000] {logging_mixin.py:188} INFO - [2024-04-07T14:58:34.328+0000] {dag.py:3047} INFO - Sync 1 DAGs
[2024-04-07T14:58:34.367+0000] {logging_mixin.py:188} INFO - [2024-04-07T14:58:34.367+0000] {dag.py:3834} INFO - Setting next_dagrun for example_nested_branch_dag to 2024-04-06 00:00:00+00:00, run_after=2024-04-07 00:00:00+00:00
[2024-04-07T14:58:34.407+0000] {processor.py:183} INFO - Processing /home/airflow/.local/lib/python3.8/site-packages/airflow/example_dags/example_nested_branch_dag.py took 0.136 seconds
[2024-04-07T14:59:05.295+0000] {processor.py:161} INFO - Started process (PID=2219) to work on /home/airflow/.local/lib/python3.8/site-packages/airflow/example_dags/example_nested_branch_dag.py
[2024-04-07T14:59:05.297+0000] {processor.py:830} INFO - Processing file /home/airflow/.local/lib/python3.8/site-packages/airflow/example_dags/example_nested_branch_dag.py for tasks to queue
[2024-04-07T14:59:05.301+0000] {logging_mixin.py:188} INFO - [2024-04-07T14:59:05.300+0000] {dagbag.py:540} INFO - Filling up the DagBag from /home/airflow/.local/lib/python3.8/site-packages/airflow/example_dags/example_nested_branch_dag.py
[2024-04-07T14:59:05.323+0000] {processor.py:840} INFO - DAG(s) 'example_nested_branch_dag' retrieved from /home/airflow/.local/lib/python3.8/site-packages/airflow/example_dags/example_nested_branch_dag.py
[2024-04-07T14:59:05.364+0000] {logging_mixin.py:188} INFO - [2024-04-07T14:59:05.363+0000] {dag.py:3047} INFO - Sync 1 DAGs
[2024-04-07T14:59:05.400+0000] {logging_mixin.py:188} INFO - [2024-04-07T14:59:05.400+0000] {dag.py:3834} INFO - Setting next_dagrun for example_nested_branch_dag to 2024-04-06 00:00:00+00:00, run_after=2024-04-07 00:00:00+00:00
[2024-04-07T14:59:05.442+0000] {processor.py:183} INFO - Processing /home/airflow/.local/lib/python3.8/site-packages/airflow/example_dags/example_nested_branch_dag.py took 0.153 seconds
[2024-04-07T14:59:35.897+0000] {processor.py:161} INFO - Started process (PID=2276) to work on /home/airflow/.local/lib/python3.8/site-packages/airflow/example_dags/example_nested_branch_dag.py
[2024-04-07T14:59:35.901+0000] {processor.py:830} INFO - Processing file /home/airflow/.local/lib/python3.8/site-packages/airflow/example_dags/example_nested_branch_dag.py for tasks to queue
[2024-04-07T14:59:35.910+0000] {logging_mixin.py:188} INFO - [2024-04-07T14:59:35.909+0000] {dagbag.py:540} INFO - Filling up the DagBag from /home/airflow/.local/lib/python3.8/site-packages/airflow/example_dags/example_nested_branch_dag.py
[2024-04-07T14:59:35.931+0000] {processor.py:840} INFO - DAG(s) 'example_nested_branch_dag' retrieved from /home/airflow/.local/lib/python3.8/site-packages/airflow/example_dags/example_nested_branch_dag.py
[2024-04-07T14:59:35.970+0000] {logging_mixin.py:188} INFO - [2024-04-07T14:59:35.970+0000] {dag.py:3047} INFO - Sync 1 DAGs
[2024-04-07T14:59:36.011+0000] {logging_mixin.py:188} INFO - [2024-04-07T14:59:36.011+0000] {dag.py:3834} INFO - Setting next_dagrun for example_nested_branch_dag to 2024-04-06 00:00:00+00:00, run_after=2024-04-07 00:00:00+00:00
[2024-04-07T14:59:36.053+0000] {processor.py:183} INFO - Processing /home/airflow/.local/lib/python3.8/site-packages/airflow/example_dags/example_nested_branch_dag.py took 0.167 seconds
[2024-04-07T15:00:06.723+0000] {processor.py:161} INFO - Started process (PID=2333) to work on /home/airflow/.local/lib/python3.8/site-packages/airflow/example_dags/example_nested_branch_dag.py
[2024-04-07T15:00:06.725+0000] {processor.py:830} INFO - Processing file /home/airflow/.local/lib/python3.8/site-packages/airflow/example_dags/example_nested_branch_dag.py for tasks to queue
[2024-04-07T15:00:06.728+0000] {logging_mixin.py:188} INFO - [2024-04-07T15:00:06.728+0000] {dagbag.py:540} INFO - Filling up the DagBag from /home/airflow/.local/lib/python3.8/site-packages/airflow/example_dags/example_nested_branch_dag.py
[2024-04-07T15:00:06.745+0000] {processor.py:840} INFO - DAG(s) 'example_nested_branch_dag' retrieved from /home/airflow/.local/lib/python3.8/site-packages/airflow/example_dags/example_nested_branch_dag.py
[2024-04-07T15:00:06.787+0000] {logging_mixin.py:188} INFO - [2024-04-07T15:00:06.786+0000] {dag.py:3047} INFO - Sync 1 DAGs
[2024-04-07T15:00:06.834+0000] {logging_mixin.py:188} INFO - [2024-04-07T15:00:06.833+0000] {dag.py:3834} INFO - Setting next_dagrun for example_nested_branch_dag to 2024-04-06 00:00:00+00:00, run_after=2024-04-07 00:00:00+00:00
[2024-04-07T15:00:06.869+0000] {processor.py:183} INFO - Processing /home/airflow/.local/lib/python3.8/site-packages/airflow/example_dags/example_nested_branch_dag.py took 0.152 seconds
[2024-04-07T15:00:38.658+0000] {processor.py:161} INFO - Started process (PID=2388) to work on /home/airflow/.local/lib/python3.8/site-packages/airflow/example_dags/example_nested_branch_dag.py
[2024-04-07T15:00:38.665+0000] {processor.py:830} INFO - Processing file /home/airflow/.local/lib/python3.8/site-packages/airflow/example_dags/example_nested_branch_dag.py for tasks to queue
[2024-04-07T15:00:38.674+0000] {logging_mixin.py:188} INFO - [2024-04-07T15:00:38.674+0000] {dagbag.py:540} INFO - Filling up the DagBag from /home/airflow/.local/lib/python3.8/site-packages/airflow/example_dags/example_nested_branch_dag.py
[2024-04-07T15:00:38.739+0000] {processor.py:840} INFO - DAG(s) 'example_nested_branch_dag' retrieved from /home/airflow/.local/lib/python3.8/site-packages/airflow/example_dags/example_nested_branch_dag.py
[2024-04-07T15:00:38.852+0000] {logging_mixin.py:188} INFO - [2024-04-07T15:00:38.851+0000] {dag.py:3047} INFO - Sync 1 DAGs
[2024-04-07T15:00:39.028+0000] {logging_mixin.py:188} INFO - [2024-04-07T15:00:39.027+0000] {dag.py:3834} INFO - Setting next_dagrun for example_nested_branch_dag to 2024-04-06 00:00:00+00:00, run_after=2024-04-07 00:00:00+00:00
[2024-04-07T15:00:39.172+0000] {processor.py:183} INFO - Processing /home/airflow/.local/lib/python3.8/site-packages/airflow/example_dags/example_nested_branch_dag.py took 0.530 seconds
[2024-04-07T15:01:09.876+0000] {processor.py:161} INFO - Started process (PID=2445) to work on /home/airflow/.local/lib/python3.8/site-packages/airflow/example_dags/example_nested_branch_dag.py
[2024-04-07T15:01:09.878+0000] {processor.py:830} INFO - Processing file /home/airflow/.local/lib/python3.8/site-packages/airflow/example_dags/example_nested_branch_dag.py for tasks to queue
[2024-04-07T15:01:09.890+0000] {logging_mixin.py:188} INFO - [2024-04-07T15:01:09.889+0000] {dagbag.py:540} INFO - Filling up the DagBag from /home/airflow/.local/lib/python3.8/site-packages/airflow/example_dags/example_nested_branch_dag.py
[2024-04-07T15:01:09.989+0000] {processor.py:840} INFO - DAG(s) 'example_nested_branch_dag' retrieved from /home/airflow/.local/lib/python3.8/site-packages/airflow/example_dags/example_nested_branch_dag.py
[2024-04-07T15:01:10.061+0000] {logging_mixin.py:188} INFO - [2024-04-07T15:01:10.060+0000] {dag.py:3047} INFO - Sync 1 DAGs
[2024-04-07T15:01:10.113+0000] {logging_mixin.py:188} INFO - [2024-04-07T15:01:10.113+0000] {dag.py:3834} INFO - Setting next_dagrun for example_nested_branch_dag to 2024-04-06 00:00:00+00:00, run_after=2024-04-07 00:00:00+00:00
[2024-04-07T15:01:10.167+0000] {processor.py:183} INFO - Processing /home/airflow/.local/lib/python3.8/site-packages/airflow/example_dags/example_nested_branch_dag.py took 0.297 seconds
[2024-04-07T15:01:40.375+0000] {processor.py:161} INFO - Started process (PID=2502) to work on /home/airflow/.local/lib/python3.8/site-packages/airflow/example_dags/example_nested_branch_dag.py
[2024-04-07T15:01:40.377+0000] {processor.py:830} INFO - Processing file /home/airflow/.local/lib/python3.8/site-packages/airflow/example_dags/example_nested_branch_dag.py for tasks to queue
[2024-04-07T15:01:40.379+0000] {logging_mixin.py:188} INFO - [2024-04-07T15:01:40.379+0000] {dagbag.py:540} INFO - Filling up the DagBag from /home/airflow/.local/lib/python3.8/site-packages/airflow/example_dags/example_nested_branch_dag.py
[2024-04-07T15:01:40.394+0000] {processor.py:840} INFO - DAG(s) 'example_nested_branch_dag' retrieved from /home/airflow/.local/lib/python3.8/site-packages/airflow/example_dags/example_nested_branch_dag.py
[2024-04-07T15:01:40.430+0000] {logging_mixin.py:188} INFO - [2024-04-07T15:01:40.429+0000] {dag.py:3047} INFO - Sync 1 DAGs
[2024-04-07T15:01:40.475+0000] {logging_mixin.py:188} INFO - [2024-04-07T15:01:40.474+0000] {dag.py:3834} INFO - Setting next_dagrun for example_nested_branch_dag to 2024-04-06 00:00:00+00:00, run_after=2024-04-07 00:00:00+00:00
[2024-04-07T15:01:40.511+0000] {processor.py:183} INFO - Processing /home/airflow/.local/lib/python3.8/site-packages/airflow/example_dags/example_nested_branch_dag.py took 0.140 seconds
[2024-04-07T15:02:10.950+0000] {processor.py:161} INFO - Started process (PID=2559) to work on /home/airflow/.local/lib/python3.8/site-packages/airflow/example_dags/example_nested_branch_dag.py
[2024-04-07T15:02:10.953+0000] {processor.py:830} INFO - Processing file /home/airflow/.local/lib/python3.8/site-packages/airflow/example_dags/example_nested_branch_dag.py for tasks to queue
[2024-04-07T15:02:10.966+0000] {logging_mixin.py:188} INFO - [2024-04-07T15:02:10.964+0000] {dagbag.py:540} INFO - Filling up the DagBag from /home/airflow/.local/lib/python3.8/site-packages/airflow/example_dags/example_nested_branch_dag.py
[2024-04-07T15:02:10.996+0000] {processor.py:840} INFO - DAG(s) 'example_nested_branch_dag' retrieved from /home/airflow/.local/lib/python3.8/site-packages/airflow/example_dags/example_nested_branch_dag.py
[2024-04-07T15:02:11.052+0000] {logging_mixin.py:188} INFO - [2024-04-07T15:02:11.052+0000] {dag.py:3047} INFO - Sync 1 DAGs
[2024-04-07T15:02:11.101+0000] {logging_mixin.py:188} INFO - [2024-04-07T15:02:11.100+0000] {dag.py:3834} INFO - Setting next_dagrun for example_nested_branch_dag to 2024-04-06 00:00:00+00:00, run_after=2024-04-07 00:00:00+00:00
[2024-04-07T15:02:11.147+0000] {processor.py:183} INFO - Processing /home/airflow/.local/lib/python3.8/site-packages/airflow/example_dags/example_nested_branch_dag.py took 0.207 seconds
[2024-04-07T15:02:41.331+0000] {processor.py:161} INFO - Started process (PID=2616) to work on /home/airflow/.local/lib/python3.8/site-packages/airflow/example_dags/example_nested_branch_dag.py
[2024-04-07T15:02:41.333+0000] {processor.py:830} INFO - Processing file /home/airflow/.local/lib/python3.8/site-packages/airflow/example_dags/example_nested_branch_dag.py for tasks to queue
[2024-04-07T15:02:41.336+0000] {logging_mixin.py:188} INFO - [2024-04-07T15:02:41.336+0000] {dagbag.py:540} INFO - Filling up the DagBag from /home/airflow/.local/lib/python3.8/site-packages/airflow/example_dags/example_nested_branch_dag.py
[2024-04-07T15:02:41.359+0000] {processor.py:840} INFO - DAG(s) 'example_nested_branch_dag' retrieved from /home/airflow/.local/lib/python3.8/site-packages/airflow/example_dags/example_nested_branch_dag.py
[2024-04-07T15:02:41.410+0000] {logging_mixin.py:188} INFO - [2024-04-07T15:02:41.409+0000] {dag.py:3047} INFO - Sync 1 DAGs
[2024-04-07T15:02:41.483+0000] {logging_mixin.py:188} INFO - [2024-04-07T15:02:41.482+0000] {dag.py:3834} INFO - Setting next_dagrun for example_nested_branch_dag to 2024-04-06 00:00:00+00:00, run_after=2024-04-07 00:00:00+00:00
[2024-04-07T15:02:41.537+0000] {processor.py:183} INFO - Processing /home/airflow/.local/lib/python3.8/site-packages/airflow/example_dags/example_nested_branch_dag.py took 0.213 seconds
[2024-04-07T15:03:11.665+0000] {processor.py:161} INFO - Started process (PID=2673) to work on /home/airflow/.local/lib/python3.8/site-packages/airflow/example_dags/example_nested_branch_dag.py
[2024-04-07T15:03:11.667+0000] {processor.py:830} INFO - Processing file /home/airflow/.local/lib/python3.8/site-packages/airflow/example_dags/example_nested_branch_dag.py for tasks to queue
[2024-04-07T15:03:11.670+0000] {logging_mixin.py:188} INFO - [2024-04-07T15:03:11.670+0000] {dagbag.py:540} INFO - Filling up the DagBag from /home/airflow/.local/lib/python3.8/site-packages/airflow/example_dags/example_nested_branch_dag.py
[2024-04-07T15:03:11.685+0000] {processor.py:840} INFO - DAG(s) 'example_nested_branch_dag' retrieved from /home/airflow/.local/lib/python3.8/site-packages/airflow/example_dags/example_nested_branch_dag.py
[2024-04-07T15:03:11.718+0000] {logging_mixin.py:188} INFO - [2024-04-07T15:03:11.717+0000] {dag.py:3047} INFO - Sync 1 DAGs
[2024-04-07T15:03:11.752+0000] {logging_mixin.py:188} INFO - [2024-04-07T15:03:11.752+0000] {dag.py:3834} INFO - Setting next_dagrun for example_nested_branch_dag to 2024-04-06 00:00:00+00:00, run_after=2024-04-07 00:00:00+00:00
[2024-04-07T15:03:11.790+0000] {processor.py:183} INFO - Processing /home/airflow/.local/lib/python3.8/site-packages/airflow/example_dags/example_nested_branch_dag.py took 0.129 seconds
[2024-04-07T15:03:41.885+0000] {processor.py:161} INFO - Started process (PID=2730) to work on /home/airflow/.local/lib/python3.8/site-packages/airflow/example_dags/example_nested_branch_dag.py
[2024-04-07T15:03:41.886+0000] {processor.py:830} INFO - Processing file /home/airflow/.local/lib/python3.8/site-packages/airflow/example_dags/example_nested_branch_dag.py for tasks to queue
[2024-04-07T15:03:41.889+0000] {logging_mixin.py:188} INFO - [2024-04-07T15:03:41.888+0000] {dagbag.py:540} INFO - Filling up the DagBag from /home/airflow/.local/lib/python3.8/site-packages/airflow/example_dags/example_nested_branch_dag.py
[2024-04-07T15:03:41.904+0000] {processor.py:840} INFO - DAG(s) 'example_nested_branch_dag' retrieved from /home/airflow/.local/lib/python3.8/site-packages/airflow/example_dags/example_nested_branch_dag.py
[2024-04-07T15:03:41.937+0000] {logging_mixin.py:188} INFO - [2024-04-07T15:03:41.937+0000] {dag.py:3047} INFO - Sync 1 DAGs
[2024-04-07T15:03:41.970+0000] {logging_mixin.py:188} INFO - [2024-04-07T15:03:41.970+0000] {dag.py:3834} INFO - Setting next_dagrun for example_nested_branch_dag to 2024-04-06 00:00:00+00:00, run_after=2024-04-07 00:00:00+00:00
[2024-04-07T15:03:42.005+0000] {processor.py:183} INFO - Processing /home/airflow/.local/lib/python3.8/site-packages/airflow/example_dags/example_nested_branch_dag.py took 0.125 seconds
[2024-04-07T15:04:12.945+0000] {processor.py:161} INFO - Started process (PID=2787) to work on /home/airflow/.local/lib/python3.8/site-packages/airflow/example_dags/example_nested_branch_dag.py
[2024-04-07T15:04:12.947+0000] {processor.py:830} INFO - Processing file /home/airflow/.local/lib/python3.8/site-packages/airflow/example_dags/example_nested_branch_dag.py for tasks to queue
[2024-04-07T15:04:12.950+0000] {logging_mixin.py:188} INFO - [2024-04-07T15:04:12.949+0000] {dagbag.py:540} INFO - Filling up the DagBag from /home/airflow/.local/lib/python3.8/site-packages/airflow/example_dags/example_nested_branch_dag.py
[2024-04-07T15:04:12.965+0000] {processor.py:840} INFO - DAG(s) 'example_nested_branch_dag' retrieved from /home/airflow/.local/lib/python3.8/site-packages/airflow/example_dags/example_nested_branch_dag.py
[2024-04-07T15:04:12.997+0000] {logging_mixin.py:188} INFO - [2024-04-07T15:04:12.996+0000] {dag.py:3047} INFO - Sync 1 DAGs
[2024-04-07T15:04:13.031+0000] {logging_mixin.py:188} INFO - [2024-04-07T15:04:13.031+0000] {dag.py:3834} INFO - Setting next_dagrun for example_nested_branch_dag to 2024-04-06 00:00:00+00:00, run_after=2024-04-07 00:00:00+00:00
[2024-04-07T15:04:13.067+0000] {processor.py:183} INFO - Processing /home/airflow/.local/lib/python3.8/site-packages/airflow/example_dags/example_nested_branch_dag.py took 0.127 seconds
[2024-04-07T15:04:43.143+0000] {processor.py:161} INFO - Started process (PID=2844) to work on /home/airflow/.local/lib/python3.8/site-packages/airflow/example_dags/example_nested_branch_dag.py
[2024-04-07T15:04:43.145+0000] {processor.py:830} INFO - Processing file /home/airflow/.local/lib/python3.8/site-packages/airflow/example_dags/example_nested_branch_dag.py for tasks to queue
[2024-04-07T15:04:43.147+0000] {logging_mixin.py:188} INFO - [2024-04-07T15:04:43.147+0000] {dagbag.py:540} INFO - Filling up the DagBag from /home/airflow/.local/lib/python3.8/site-packages/airflow/example_dags/example_nested_branch_dag.py
[2024-04-07T15:04:43.161+0000] {processor.py:840} INFO - DAG(s) 'example_nested_branch_dag' retrieved from /home/airflow/.local/lib/python3.8/site-packages/airflow/example_dags/example_nested_branch_dag.py
[2024-04-07T15:04:43.194+0000] {logging_mixin.py:188} INFO - [2024-04-07T15:04:43.194+0000] {dag.py:3047} INFO - Sync 1 DAGs
[2024-04-07T15:04:43.228+0000] {logging_mixin.py:188} INFO - [2024-04-07T15:04:43.228+0000] {dag.py:3834} INFO - Setting next_dagrun for example_nested_branch_dag to 2024-04-06 00:00:00+00:00, run_after=2024-04-07 00:00:00+00:00
[2024-04-07T15:04:43.257+0000] {processor.py:183} INFO - Processing /home/airflow/.local/lib/python3.8/site-packages/airflow/example_dags/example_nested_branch_dag.py took 0.119 seconds
[2024-04-07T15:05:13.374+0000] {processor.py:161} INFO - Started process (PID=2901) to work on /home/airflow/.local/lib/python3.8/site-packages/airflow/example_dags/example_nested_branch_dag.py
[2024-04-07T15:05:13.376+0000] {processor.py:830} INFO - Processing file /home/airflow/.local/lib/python3.8/site-packages/airflow/example_dags/example_nested_branch_dag.py for tasks to queue
[2024-04-07T15:05:13.378+0000] {logging_mixin.py:188} INFO - [2024-04-07T15:05:13.378+0000] {dagbag.py:540} INFO - Filling up the DagBag from /home/airflow/.local/lib/python3.8/site-packages/airflow/example_dags/example_nested_branch_dag.py
[2024-04-07T15:05:13.393+0000] {processor.py:840} INFO - DAG(s) 'example_nested_branch_dag' retrieved from /home/airflow/.local/lib/python3.8/site-packages/airflow/example_dags/example_nested_branch_dag.py
[2024-04-07T15:05:13.426+0000] {logging_mixin.py:188} INFO - [2024-04-07T15:05:13.426+0000] {dag.py:3047} INFO - Sync 1 DAGs
[2024-04-07T15:05:13.458+0000] {logging_mixin.py:188} INFO - [2024-04-07T15:05:13.458+0000] {dag.py:3834} INFO - Setting next_dagrun for example_nested_branch_dag to 2024-04-06 00:00:00+00:00, run_after=2024-04-07 00:00:00+00:00
[2024-04-07T15:05:13.652+0000] {processor.py:183} INFO - Processing /home/airflow/.local/lib/python3.8/site-packages/airflow/example_dags/example_nested_branch_dag.py took 0.283 seconds
[2024-04-07T15:05:44.264+0000] {processor.py:161} INFO - Started process (PID=2958) to work on /home/airflow/.local/lib/python3.8/site-packages/airflow/example_dags/example_nested_branch_dag.py
[2024-04-07T15:05:44.266+0000] {processor.py:830} INFO - Processing file /home/airflow/.local/lib/python3.8/site-packages/airflow/example_dags/example_nested_branch_dag.py for tasks to queue
[2024-04-07T15:05:44.269+0000] {logging_mixin.py:188} INFO - [2024-04-07T15:05:44.269+0000] {dagbag.py:540} INFO - Filling up the DagBag from /home/airflow/.local/lib/python3.8/site-packages/airflow/example_dags/example_nested_branch_dag.py
[2024-04-07T15:05:44.285+0000] {processor.py:840} INFO - DAG(s) 'example_nested_branch_dag' retrieved from /home/airflow/.local/lib/python3.8/site-packages/airflow/example_dags/example_nested_branch_dag.py
[2024-04-07T15:05:44.316+0000] {logging_mixin.py:188} INFO - [2024-04-07T15:05:44.316+0000] {dag.py:3047} INFO - Sync 1 DAGs
[2024-04-07T15:05:44.349+0000] {logging_mixin.py:188} INFO - [2024-04-07T15:05:44.348+0000] {dag.py:3834} INFO - Setting next_dagrun for example_nested_branch_dag to 2024-04-06 00:00:00+00:00, run_after=2024-04-07 00:00:00+00:00
[2024-04-07T15:05:44.383+0000] {processor.py:183} INFO - Processing /home/airflow/.local/lib/python3.8/site-packages/airflow/example_dags/example_nested_branch_dag.py took 0.124 seconds
[2024-04-07T15:06:14.666+0000] {processor.py:161} INFO - Started process (PID=3015) to work on /home/airflow/.local/lib/python3.8/site-packages/airflow/example_dags/example_nested_branch_dag.py
[2024-04-07T15:06:14.668+0000] {processor.py:830} INFO - Processing file /home/airflow/.local/lib/python3.8/site-packages/airflow/example_dags/example_nested_branch_dag.py for tasks to queue
[2024-04-07T15:06:14.673+0000] {logging_mixin.py:188} INFO - [2024-04-07T15:06:14.672+0000] {dagbag.py:540} INFO - Filling up the DagBag from /home/airflow/.local/lib/python3.8/site-packages/airflow/example_dags/example_nested_branch_dag.py
[2024-04-07T15:06:14.705+0000] {processor.py:840} INFO - DAG(s) 'example_nested_branch_dag' retrieved from /home/airflow/.local/lib/python3.8/site-packages/airflow/example_dags/example_nested_branch_dag.py
[2024-04-07T15:06:14.756+0000] {logging_mixin.py:188} INFO - [2024-04-07T15:06:14.756+0000] {dag.py:3047} INFO - Sync 1 DAGs
[2024-04-07T15:06:14.807+0000] {logging_mixin.py:188} INFO - [2024-04-07T15:06:14.807+0000] {dag.py:3834} INFO - Setting next_dagrun for example_nested_branch_dag to 2024-04-06 00:00:00+00:00, run_after=2024-04-07 00:00:00+00:00
[2024-04-07T15:06:14.839+0000] {processor.py:183} INFO - Processing /home/airflow/.local/lib/python3.8/site-packages/airflow/example_dags/example_nested_branch_dag.py took 0.183 seconds
[2024-04-07T15:06:44.932+0000] {processor.py:161} INFO - Started process (PID=3072) to work on /home/airflow/.local/lib/python3.8/site-packages/airflow/example_dags/example_nested_branch_dag.py
[2024-04-07T15:06:44.934+0000] {processor.py:830} INFO - Processing file /home/airflow/.local/lib/python3.8/site-packages/airflow/example_dags/example_nested_branch_dag.py for tasks to queue
[2024-04-07T15:06:44.938+0000] {logging_mixin.py:188} INFO - [2024-04-07T15:06:44.938+0000] {dagbag.py:540} INFO - Filling up the DagBag from /home/airflow/.local/lib/python3.8/site-packages/airflow/example_dags/example_nested_branch_dag.py
[2024-04-07T15:06:44.958+0000] {processor.py:840} INFO - DAG(s) 'example_nested_branch_dag' retrieved from /home/airflow/.local/lib/python3.8/site-packages/airflow/example_dags/example_nested_branch_dag.py
[2024-04-07T15:06:44.996+0000] {logging_mixin.py:188} INFO - [2024-04-07T15:06:44.995+0000] {dag.py:3047} INFO - Sync 1 DAGs
[2024-04-07T15:06:45.034+0000] {logging_mixin.py:188} INFO - [2024-04-07T15:06:45.034+0000] {dag.py:3834} INFO - Setting next_dagrun for example_nested_branch_dag to 2024-04-06 00:00:00+00:00, run_after=2024-04-07 00:00:00+00:00
[2024-04-07T15:06:45.079+0000] {processor.py:183} INFO - Processing /home/airflow/.local/lib/python3.8/site-packages/airflow/example_dags/example_nested_branch_dag.py took 0.154 seconds
[2024-04-07T15:07:15.400+0000] {processor.py:161} INFO - Started process (PID=3129) to work on /home/airflow/.local/lib/python3.8/site-packages/airflow/example_dags/example_nested_branch_dag.py
[2024-04-07T15:07:15.402+0000] {processor.py:830} INFO - Processing file /home/airflow/.local/lib/python3.8/site-packages/airflow/example_dags/example_nested_branch_dag.py for tasks to queue
[2024-04-07T15:07:15.406+0000] {logging_mixin.py:188} INFO - [2024-04-07T15:07:15.405+0000] {dagbag.py:540} INFO - Filling up the DagBag from /home/airflow/.local/lib/python3.8/site-packages/airflow/example_dags/example_nested_branch_dag.py
[2024-04-07T15:07:15.428+0000] {processor.py:840} INFO - DAG(s) 'example_nested_branch_dag' retrieved from /home/airflow/.local/lib/python3.8/site-packages/airflow/example_dags/example_nested_branch_dag.py
[2024-04-07T15:07:15.474+0000] {logging_mixin.py:188} INFO - [2024-04-07T15:07:15.473+0000] {dag.py:3047} INFO - Sync 1 DAGs
[2024-04-07T15:07:15.528+0000] {logging_mixin.py:188} INFO - [2024-04-07T15:07:15.527+0000] {dag.py:3834} INFO - Setting next_dagrun for example_nested_branch_dag to 2024-04-06 00:00:00+00:00, run_after=2024-04-07 00:00:00+00:00
[2024-04-07T15:07:15.586+0000] {processor.py:183} INFO - Processing /home/airflow/.local/lib/python3.8/site-packages/airflow/example_dags/example_nested_branch_dag.py took 0.191 seconds
[2024-04-07T15:07:46.415+0000] {processor.py:161} INFO - Started process (PID=3186) to work on /home/airflow/.local/lib/python3.8/site-packages/airflow/example_dags/example_nested_branch_dag.py
[2024-04-07T15:07:46.417+0000] {processor.py:830} INFO - Processing file /home/airflow/.local/lib/python3.8/site-packages/airflow/example_dags/example_nested_branch_dag.py for tasks to queue
[2024-04-07T15:07:46.420+0000] {logging_mixin.py:188} INFO - [2024-04-07T15:07:46.419+0000] {dagbag.py:540} INFO - Filling up the DagBag from /home/airflow/.local/lib/python3.8/site-packages/airflow/example_dags/example_nested_branch_dag.py
[2024-04-07T15:07:46.438+0000] {processor.py:840} INFO - DAG(s) 'example_nested_branch_dag' retrieved from /home/airflow/.local/lib/python3.8/site-packages/airflow/example_dags/example_nested_branch_dag.py
[2024-04-07T15:07:46.477+0000] {logging_mixin.py:188} INFO - [2024-04-07T15:07:46.477+0000] {dag.py:3047} INFO - Sync 1 DAGs
[2024-04-07T15:07:46.515+0000] {logging_mixin.py:188} INFO - [2024-04-07T15:07:46.515+0000] {dag.py:3834} INFO - Setting next_dagrun for example_nested_branch_dag to 2024-04-06 00:00:00+00:00, run_after=2024-04-07 00:00:00+00:00
[2024-04-07T15:07:46.551+0000] {processor.py:183} INFO - Processing /home/airflow/.local/lib/python3.8/site-packages/airflow/example_dags/example_nested_branch_dag.py took 0.141 seconds
[2024-04-07T15:08:17.104+0000] {processor.py:161} INFO - Started process (PID=3243) to work on /home/airflow/.local/lib/python3.8/site-packages/airflow/example_dags/example_nested_branch_dag.py
[2024-04-07T15:08:17.106+0000] {processor.py:830} INFO - Processing file /home/airflow/.local/lib/python3.8/site-packages/airflow/example_dags/example_nested_branch_dag.py for tasks to queue
[2024-04-07T15:08:17.108+0000] {logging_mixin.py:188} INFO - [2024-04-07T15:08:17.108+0000] {dagbag.py:540} INFO - Filling up the DagBag from /home/airflow/.local/lib/python3.8/site-packages/airflow/example_dags/example_nested_branch_dag.py
[2024-04-07T15:08:17.126+0000] {processor.py:840} INFO - DAG(s) 'example_nested_branch_dag' retrieved from /home/airflow/.local/lib/python3.8/site-packages/airflow/example_dags/example_nested_branch_dag.py
[2024-04-07T15:08:17.164+0000] {logging_mixin.py:188} INFO - [2024-04-07T15:08:17.164+0000] {dag.py:3047} INFO - Sync 1 DAGs
[2024-04-07T15:08:17.204+0000] {logging_mixin.py:188} INFO - [2024-04-07T15:08:17.203+0000] {dag.py:3834} INFO - Setting next_dagrun for example_nested_branch_dag to 2024-04-06 00:00:00+00:00, run_after=2024-04-07 00:00:00+00:00
[2024-04-07T15:08:17.393+0000] {processor.py:183} INFO - Processing /home/airflow/.local/lib/python3.8/site-packages/airflow/example_dags/example_nested_branch_dag.py took 0.294 seconds
[2024-04-07T15:08:47.731+0000] {processor.py:161} INFO - Started process (PID=3300) to work on /home/airflow/.local/lib/python3.8/site-packages/airflow/example_dags/example_nested_branch_dag.py
[2024-04-07T15:08:47.734+0000] {processor.py:830} INFO - Processing file /home/airflow/.local/lib/python3.8/site-packages/airflow/example_dags/example_nested_branch_dag.py for tasks to queue
[2024-04-07T15:08:47.746+0000] {logging_mixin.py:188} INFO - [2024-04-07T15:08:47.745+0000] {dagbag.py:540} INFO - Filling up the DagBag from /home/airflow/.local/lib/python3.8/site-packages/airflow/example_dags/example_nested_branch_dag.py
[2024-04-07T15:08:47.786+0000] {processor.py:840} INFO - DAG(s) 'example_nested_branch_dag' retrieved from /home/airflow/.local/lib/python3.8/site-packages/airflow/example_dags/example_nested_branch_dag.py
[2024-04-07T15:08:47.854+0000] {logging_mixin.py:188} INFO - [2024-04-07T15:08:47.850+0000] {dag.py:3047} INFO - Sync 1 DAGs
[2024-04-07T15:08:47.917+0000] {logging_mixin.py:188} INFO - [2024-04-07T15:08:47.916+0000] {dag.py:3834} INFO - Setting next_dagrun for example_nested_branch_dag to 2024-04-06 00:00:00+00:00, run_after=2024-04-07 00:00:00+00:00
[2024-04-07T15:08:48.041+0000] {processor.py:183} INFO - Processing /home/airflow/.local/lib/python3.8/site-packages/airflow/example_dags/example_nested_branch_dag.py took 0.316 seconds
[2024-04-07T15:09:36.221+0000] {processor.py:161} INFO - Started process (PID=3358) to work on /home/airflow/.local/lib/python3.8/site-packages/airflow/example_dags/example_nested_branch_dag.py
[2024-04-07T15:09:36.223+0000] {processor.py:830} INFO - Processing file /home/airflow/.local/lib/python3.8/site-packages/airflow/example_dags/example_nested_branch_dag.py for tasks to queue
[2024-04-07T15:09:36.226+0000] {logging_mixin.py:188} INFO - [2024-04-07T15:09:36.226+0000] {dagbag.py:540} INFO - Filling up the DagBag from /home/airflow/.local/lib/python3.8/site-packages/airflow/example_dags/example_nested_branch_dag.py
[2024-04-07T15:09:36.241+0000] {processor.py:840} INFO - DAG(s) 'example_nested_branch_dag' retrieved from /home/airflow/.local/lib/python3.8/site-packages/airflow/example_dags/example_nested_branch_dag.py
[2024-04-07T15:09:36.283+0000] {logging_mixin.py:188} INFO - [2024-04-07T15:09:36.282+0000] {dag.py:3047} INFO - Sync 1 DAGs
[2024-04-07T15:09:36.324+0000] {logging_mixin.py:188} INFO - [2024-04-07T15:09:36.324+0000] {dag.py:3834} INFO - Setting next_dagrun for example_nested_branch_dag to 2024-04-06 00:00:00+00:00, run_after=2024-04-07 00:00:00+00:00
[2024-04-07T15:09:38.653+0000] {processor.py:183} INFO - Processing /home/airflow/.local/lib/python3.8/site-packages/airflow/example_dags/example_nested_branch_dag.py took 2.439 seconds
[2024-04-07T15:10:08.844+0000] {processor.py:161} INFO - Started process (PID=3415) to work on /home/airflow/.local/lib/python3.8/site-packages/airflow/example_dags/example_nested_branch_dag.py
[2024-04-07T15:10:09.155+0000] {processor.py:830} INFO - Processing file /home/airflow/.local/lib/python3.8/site-packages/airflow/example_dags/example_nested_branch_dag.py for tasks to queue
[2024-04-07T15:10:09.161+0000] {logging_mixin.py:188} INFO - [2024-04-07T15:10:09.161+0000] {dagbag.py:540} INFO - Filling up the DagBag from /home/airflow/.local/lib/python3.8/site-packages/airflow/example_dags/example_nested_branch_dag.py
[2024-04-07T15:10:09.202+0000] {processor.py:840} INFO - DAG(s) 'example_nested_branch_dag' retrieved from /home/airflow/.local/lib/python3.8/site-packages/airflow/example_dags/example_nested_branch_dag.py
[2024-04-07T15:10:09.265+0000] {logging_mixin.py:188} INFO - [2024-04-07T15:10:09.264+0000] {dag.py:3047} INFO - Sync 1 DAGs
[2024-04-07T15:10:09.310+0000] {logging_mixin.py:188} INFO - [2024-04-07T15:10:09.310+0000] {dag.py:3834} INFO - Setting next_dagrun for example_nested_branch_dag to 2024-04-06 00:00:00+00:00, run_after=2024-04-07 00:00:00+00:00
[2024-04-07T15:10:09.358+0000] {processor.py:183} INFO - Processing /home/airflow/.local/lib/python3.8/site-packages/airflow/example_dags/example_nested_branch_dag.py took 0.520 seconds
[2024-04-07T15:10:40.170+0000] {processor.py:161} INFO - Started process (PID=3472) to work on /home/airflow/.local/lib/python3.8/site-packages/airflow/example_dags/example_nested_branch_dag.py
[2024-04-07T15:10:40.174+0000] {processor.py:830} INFO - Processing file /home/airflow/.local/lib/python3.8/site-packages/airflow/example_dags/example_nested_branch_dag.py for tasks to queue
[2024-04-07T15:10:40.181+0000] {logging_mixin.py:188} INFO - [2024-04-07T15:10:40.180+0000] {dagbag.py:540} INFO - Filling up the DagBag from /home/airflow/.local/lib/python3.8/site-packages/airflow/example_dags/example_nested_branch_dag.py
[2024-04-07T15:10:40.205+0000] {processor.py:840} INFO - DAG(s) 'example_nested_branch_dag' retrieved from /home/airflow/.local/lib/python3.8/site-packages/airflow/example_dags/example_nested_branch_dag.py
[2024-04-07T15:10:40.255+0000] {logging_mixin.py:188} INFO - [2024-04-07T15:10:40.254+0000] {dag.py:3047} INFO - Sync 1 DAGs
[2024-04-07T15:10:40.309+0000] {logging_mixin.py:188} INFO - [2024-04-07T15:10:40.308+0000] {dag.py:3834} INFO - Setting next_dagrun for example_nested_branch_dag to 2024-04-06 00:00:00+00:00, run_after=2024-04-07 00:00:00+00:00
[2024-04-07T15:10:40.462+0000] {processor.py:183} INFO - Processing /home/airflow/.local/lib/python3.8/site-packages/airflow/example_dags/example_nested_branch_dag.py took 0.303 seconds
[2024-04-07T15:11:10.754+0000] {processor.py:161} INFO - Started process (PID=3529) to work on /home/airflow/.local/lib/python3.8/site-packages/airflow/example_dags/example_nested_branch_dag.py
[2024-04-07T15:11:10.756+0000] {processor.py:830} INFO - Processing file /home/airflow/.local/lib/python3.8/site-packages/airflow/example_dags/example_nested_branch_dag.py for tasks to queue
[2024-04-07T15:11:10.760+0000] {logging_mixin.py:188} INFO - [2024-04-07T15:11:10.759+0000] {dagbag.py:540} INFO - Filling up the DagBag from /home/airflow/.local/lib/python3.8/site-packages/airflow/example_dags/example_nested_branch_dag.py
[2024-04-07T15:11:10.784+0000] {processor.py:840} INFO - DAG(s) 'example_nested_branch_dag' retrieved from /home/airflow/.local/lib/python3.8/site-packages/airflow/example_dags/example_nested_branch_dag.py
[2024-04-07T15:11:10.830+0000] {logging_mixin.py:188} INFO - [2024-04-07T15:11:10.830+0000] {dag.py:3047} INFO - Sync 1 DAGs
[2024-04-07T15:11:10.873+0000] {logging_mixin.py:188} INFO - [2024-04-07T15:11:10.873+0000] {dag.py:3834} INFO - Setting next_dagrun for example_nested_branch_dag to 2024-04-06 00:00:00+00:00, run_after=2024-04-07 00:00:00+00:00
[2024-04-07T15:11:10.915+0000] {processor.py:183} INFO - Processing /home/airflow/.local/lib/python3.8/site-packages/airflow/example_dags/example_nested_branch_dag.py took 0.166 seconds
[2024-04-07T15:11:41.638+0000] {processor.py:161} INFO - Started process (PID=3586) to work on /home/airflow/.local/lib/python3.8/site-packages/airflow/example_dags/example_nested_branch_dag.py
[2024-04-07T15:11:41.641+0000] {processor.py:830} INFO - Processing file /home/airflow/.local/lib/python3.8/site-packages/airflow/example_dags/example_nested_branch_dag.py for tasks to queue
[2024-04-07T15:11:41.644+0000] {logging_mixin.py:188} INFO - [2024-04-07T15:11:41.644+0000] {dagbag.py:540} INFO - Filling up the DagBag from /home/airflow/.local/lib/python3.8/site-packages/airflow/example_dags/example_nested_branch_dag.py
[2024-04-07T15:11:41.665+0000] {processor.py:840} INFO - DAG(s) 'example_nested_branch_dag' retrieved from /home/airflow/.local/lib/python3.8/site-packages/airflow/example_dags/example_nested_branch_dag.py
[2024-04-07T15:11:41.699+0000] {logging_mixin.py:188} INFO - [2024-04-07T15:11:41.699+0000] {dag.py:3047} INFO - Sync 1 DAGs
[2024-04-07T15:11:41.739+0000] {logging_mixin.py:188} INFO - [2024-04-07T15:11:41.738+0000] {dag.py:3834} INFO - Setting next_dagrun for example_nested_branch_dag to 2024-04-06 00:00:00+00:00, run_after=2024-04-07 00:00:00+00:00
[2024-04-07T15:11:41.773+0000] {processor.py:183} INFO - Processing /home/airflow/.local/lib/python3.8/site-packages/airflow/example_dags/example_nested_branch_dag.py took 0.139 seconds
[2024-04-07T15:12:11.962+0000] {processor.py:161} INFO - Started process (PID=3643) to work on /home/airflow/.local/lib/python3.8/site-packages/airflow/example_dags/example_nested_branch_dag.py
[2024-04-07T15:12:11.964+0000] {processor.py:830} INFO - Processing file /home/airflow/.local/lib/python3.8/site-packages/airflow/example_dags/example_nested_branch_dag.py for tasks to queue
[2024-04-07T15:12:11.968+0000] {logging_mixin.py:188} INFO - [2024-04-07T15:12:11.968+0000] {dagbag.py:540} INFO - Filling up the DagBag from /home/airflow/.local/lib/python3.8/site-packages/airflow/example_dags/example_nested_branch_dag.py
[2024-04-07T15:12:11.989+0000] {processor.py:840} INFO - DAG(s) 'example_nested_branch_dag' retrieved from /home/airflow/.local/lib/python3.8/site-packages/airflow/example_dags/example_nested_branch_dag.py
[2024-04-07T15:12:12.047+0000] {logging_mixin.py:188} INFO - [2024-04-07T15:12:12.047+0000] {dag.py:3047} INFO - Sync 1 DAGs
[2024-04-07T15:12:12.104+0000] {logging_mixin.py:188} INFO - [2024-04-07T15:12:12.100+0000] {dag.py:3834} INFO - Setting next_dagrun for example_nested_branch_dag to 2024-04-06 00:00:00+00:00, run_after=2024-04-07 00:00:00+00:00
[2024-04-07T15:12:12.275+0000] {processor.py:183} INFO - Processing /home/airflow/.local/lib/python3.8/site-packages/airflow/example_dags/example_nested_branch_dag.py took 0.319 seconds
