[2024-04-07T14:39:22.094+0000] {processor.py:161} INFO - Started process (PID=59) to work on /home/airflow/.local/lib/python3.8/site-packages/airflow/example_dags/example_sensor_decorator.py
[2024-04-07T14:39:22.097+0000] {processor.py:830} INFO - Processing file /home/airflow/.local/lib/python3.8/site-packages/airflow/example_dags/example_sensor_decorator.py for tasks to queue
[2024-04-07T14:39:22.106+0000] {logging_mixin.py:188} INFO - [2024-04-07T14:39:22.105+0000] {dagbag.py:540} INFO - Filling up the DagBag from /home/airflow/.local/lib/python3.8/site-packages/airflow/example_dags/example_sensor_decorator.py
[2024-04-07T14:39:22.211+0000] {processor.py:840} INFO - DAG(s) 'example_sensor_decorator' retrieved from /home/airflow/.local/lib/python3.8/site-packages/airflow/example_dags/example_sensor_decorator.py
[2024-04-07T14:39:22.318+0000] {logging_mixin.py:188} INFO - [2024-04-07T14:39:22.317+0000] {dag.py:3047} INFO - Sync 1 DAGs
[2024-04-07T14:39:22.455+0000] {logging_mixin.py:188} INFO - [2024-04-07T14:39:22.454+0000] {dag.py:3834} INFO - Setting next_dagrun for example_sensor_decorator to None, run_after=None
[2024-04-07T14:39:23.284+0000] {processor.py:183} INFO - Processing /home/airflow/.local/lib/python3.8/site-packages/airflow/example_dags/example_sensor_decorator.py took 1.202 seconds
[2024-04-07T14:39:53.789+0000] {processor.py:161} INFO - Started process (PID=116) to work on /home/airflow/.local/lib/python3.8/site-packages/airflow/example_dags/example_sensor_decorator.py
[2024-04-07T14:39:53.791+0000] {processor.py:830} INFO - Processing file /home/airflow/.local/lib/python3.8/site-packages/airflow/example_dags/example_sensor_decorator.py for tasks to queue
[2024-04-07T14:39:53.794+0000] {logging_mixin.py:188} INFO - [2024-04-07T14:39:53.794+0000] {dagbag.py:540} INFO - Filling up the DagBag from /home/airflow/.local/lib/python3.8/site-packages/airflow/example_dags/example_sensor_decorator.py
[2024-04-07T14:39:53.803+0000] {processor.py:840} INFO - DAG(s) 'example_sensor_decorator' retrieved from /home/airflow/.local/lib/python3.8/site-packages/airflow/example_dags/example_sensor_decorator.py
[2024-04-07T14:39:53.832+0000] {logging_mixin.py:188} INFO - [2024-04-07T14:39:53.832+0000] {dag.py:3047} INFO - Sync 1 DAGs
[2024-04-07T14:39:53.853+0000] {logging_mixin.py:188} INFO - [2024-04-07T14:39:53.853+0000] {dag.py:3834} INFO - Setting next_dagrun for example_sensor_decorator to None, run_after=None
[2024-04-07T14:39:53.924+0000] {processor.py:183} INFO - Processing /home/airflow/.local/lib/python3.8/site-packages/airflow/example_dags/example_sensor_decorator.py took 0.140 seconds
[2024-04-07T14:40:27.768+0000] {processor.py:161} INFO - Started process (PID=173) to work on /home/airflow/.local/lib/python3.8/site-packages/airflow/example_dags/example_sensor_decorator.py
[2024-04-07T14:40:27.770+0000] {processor.py:830} INFO - Processing file /home/airflow/.local/lib/python3.8/site-packages/airflow/example_dags/example_sensor_decorator.py for tasks to queue
[2024-04-07T14:40:27.781+0000] {logging_mixin.py:188} INFO - [2024-04-07T14:40:27.780+0000] {dagbag.py:540} INFO - Filling up the DagBag from /home/airflow/.local/lib/python3.8/site-packages/airflow/example_dags/example_sensor_decorator.py
[2024-04-07T14:40:27.803+0000] {processor.py:840} INFO - DAG(s) 'example_sensor_decorator' retrieved from /home/airflow/.local/lib/python3.8/site-packages/airflow/example_dags/example_sensor_decorator.py
[2024-04-07T14:40:27.877+0000] {logging_mixin.py:188} INFO - [2024-04-07T14:40:27.876+0000] {dag.py:3047} INFO - Sync 1 DAGs
[2024-04-07T14:40:27.909+0000] {logging_mixin.py:188} INFO - [2024-04-07T14:40:27.908+0000] {dag.py:3834} INFO - Setting next_dagrun for example_sensor_decorator to None, run_after=None
[2024-04-07T14:40:28.037+0000] {processor.py:183} INFO - Processing /home/airflow/.local/lib/python3.8/site-packages/airflow/example_dags/example_sensor_decorator.py took 0.275 seconds
[2024-04-07T14:40:58.652+0000] {processor.py:161} INFO - Started process (PID=230) to work on /home/airflow/.local/lib/python3.8/site-packages/airflow/example_dags/example_sensor_decorator.py
[2024-04-07T14:40:58.659+0000] {processor.py:830} INFO - Processing file /home/airflow/.local/lib/python3.8/site-packages/airflow/example_dags/example_sensor_decorator.py for tasks to queue
[2024-04-07T14:40:58.682+0000] {logging_mixin.py:188} INFO - [2024-04-07T14:40:58.681+0000] {dagbag.py:540} INFO - Filling up the DagBag from /home/airflow/.local/lib/python3.8/site-packages/airflow/example_dags/example_sensor_decorator.py
[2024-04-07T14:40:58.737+0000] {processor.py:840} INFO - DAG(s) 'example_sensor_decorator' retrieved from /home/airflow/.local/lib/python3.8/site-packages/airflow/example_dags/example_sensor_decorator.py
[2024-04-07T14:40:58.836+0000] {logging_mixin.py:188} INFO - [2024-04-07T14:40:58.835+0000] {dag.py:3047} INFO - Sync 1 DAGs
[2024-04-07T14:40:58.874+0000] {logging_mixin.py:188} INFO - [2024-04-07T14:40:58.874+0000] {dag.py:3834} INFO - Setting next_dagrun for example_sensor_decorator to None, run_after=None
[2024-04-07T14:40:59.007+0000] {processor.py:183} INFO - Processing /home/airflow/.local/lib/python3.8/site-packages/airflow/example_dags/example_sensor_decorator.py took 0.374 seconds
[2024-04-07T14:41:33.886+0000] {processor.py:161} INFO - Started process (PID=293) to work on /home/airflow/.local/lib/python3.8/site-packages/airflow/example_dags/example_sensor_decorator.py
[2024-04-07T14:41:33.897+0000] {processor.py:830} INFO - Processing file /home/airflow/.local/lib/python3.8/site-packages/airflow/example_dags/example_sensor_decorator.py for tasks to queue
[2024-04-07T14:41:33.903+0000] {logging_mixin.py:188} INFO - [2024-04-07T14:41:33.902+0000] {dagbag.py:540} INFO - Filling up the DagBag from /home/airflow/.local/lib/python3.8/site-packages/airflow/example_dags/example_sensor_decorator.py
[2024-04-07T14:41:33.931+0000] {processor.py:840} INFO - DAG(s) 'example_sensor_decorator' retrieved from /home/airflow/.local/lib/python3.8/site-packages/airflow/example_dags/example_sensor_decorator.py
[2024-04-07T14:41:33.973+0000] {logging_mixin.py:188} INFO - [2024-04-07T14:41:33.972+0000] {dag.py:3047} INFO - Sync 1 DAGs
[2024-04-07T14:41:34.008+0000] {logging_mixin.py:188} INFO - [2024-04-07T14:41:34.007+0000] {dag.py:3834} INFO - Setting next_dagrun for example_sensor_decorator to None, run_after=None
[2024-04-07T14:41:34.355+0000] {processor.py:183} INFO - Processing /home/airflow/.local/lib/python3.8/site-packages/airflow/example_dags/example_sensor_decorator.py took 0.477 seconds
[2024-04-07T14:42:05.849+0000] {processor.py:161} INFO - Started process (PID=350) to work on /home/airflow/.local/lib/python3.8/site-packages/airflow/example_dags/example_sensor_decorator.py
[2024-04-07T14:42:05.852+0000] {processor.py:830} INFO - Processing file /home/airflow/.local/lib/python3.8/site-packages/airflow/example_dags/example_sensor_decorator.py for tasks to queue
[2024-04-07T14:42:05.859+0000] {logging_mixin.py:188} INFO - [2024-04-07T14:42:05.858+0000] {dagbag.py:540} INFO - Filling up the DagBag from /home/airflow/.local/lib/python3.8/site-packages/airflow/example_dags/example_sensor_decorator.py
[2024-04-07T14:42:05.884+0000] {processor.py:840} INFO - DAG(s) 'example_sensor_decorator' retrieved from /home/airflow/.local/lib/python3.8/site-packages/airflow/example_dags/example_sensor_decorator.py
[2024-04-07T14:42:05.937+0000] {logging_mixin.py:188} INFO - [2024-04-07T14:42:05.937+0000] {dag.py:3047} INFO - Sync 1 DAGs
[2024-04-07T14:42:05.977+0000] {logging_mixin.py:188} INFO - [2024-04-07T14:42:05.976+0000] {dag.py:3834} INFO - Setting next_dagrun for example_sensor_decorator to None, run_after=None
[2024-04-07T14:42:06.048+0000] {processor.py:183} INFO - Processing /home/airflow/.local/lib/python3.8/site-packages/airflow/example_dags/example_sensor_decorator.py took 0.206 seconds
[2024-04-07T14:42:36.324+0000] {processor.py:161} INFO - Started process (PID=407) to work on /home/airflow/.local/lib/python3.8/site-packages/airflow/example_dags/example_sensor_decorator.py
[2024-04-07T14:42:36.328+0000] {processor.py:830} INFO - Processing file /home/airflow/.local/lib/python3.8/site-packages/airflow/example_dags/example_sensor_decorator.py for tasks to queue
[2024-04-07T14:42:36.346+0000] {logging_mixin.py:188} INFO - [2024-04-07T14:42:36.345+0000] {dagbag.py:540} INFO - Filling up the DagBag from /home/airflow/.local/lib/python3.8/site-packages/airflow/example_dags/example_sensor_decorator.py
[2024-04-07T14:42:36.373+0000] {processor.py:840} INFO - DAG(s) 'example_sensor_decorator' retrieved from /home/airflow/.local/lib/python3.8/site-packages/airflow/example_dags/example_sensor_decorator.py
[2024-04-07T14:42:36.455+0000] {logging_mixin.py:188} INFO - [2024-04-07T14:42:36.454+0000] {dag.py:3047} INFO - Sync 1 DAGs
[2024-04-07T14:42:36.505+0000] {logging_mixin.py:188} INFO - [2024-04-07T14:42:36.505+0000] {dag.py:3834} INFO - Setting next_dagrun for example_sensor_decorator to None, run_after=None
[2024-04-07T14:42:36.572+0000] {processor.py:183} INFO - Processing /home/airflow/.local/lib/python3.8/site-packages/airflow/example_dags/example_sensor_decorator.py took 0.264 seconds
[2024-04-07T14:43:08.706+0000] {processor.py:161} INFO - Started process (PID=465) to work on /home/airflow/.local/lib/python3.8/site-packages/airflow/example_dags/example_sensor_decorator.py
[2024-04-07T14:43:08.708+0000] {processor.py:830} INFO - Processing file /home/airflow/.local/lib/python3.8/site-packages/airflow/example_dags/example_sensor_decorator.py for tasks to queue
[2024-04-07T14:43:08.723+0000] {logging_mixin.py:188} INFO - [2024-04-07T14:43:08.722+0000] {dagbag.py:540} INFO - Filling up the DagBag from /home/airflow/.local/lib/python3.8/site-packages/airflow/example_dags/example_sensor_decorator.py
[2024-04-07T14:43:08.752+0000] {processor.py:840} INFO - DAG(s) 'example_sensor_decorator' retrieved from /home/airflow/.local/lib/python3.8/site-packages/airflow/example_dags/example_sensor_decorator.py
[2024-04-07T14:43:08.828+0000] {logging_mixin.py:188} INFO - [2024-04-07T14:43:08.827+0000] {dag.py:3047} INFO - Sync 1 DAGs
[2024-04-07T14:43:08.890+0000] {logging_mixin.py:188} INFO - [2024-04-07T14:43:08.888+0000] {dag.py:3834} INFO - Setting next_dagrun for example_sensor_decorator to None, run_after=None
[2024-04-07T14:43:08.988+0000] {processor.py:183} INFO - Processing /home/airflow/.local/lib/python3.8/site-packages/airflow/example_dags/example_sensor_decorator.py took 0.301 seconds
[2024-04-07T14:43:40.466+0000] {processor.py:161} INFO - Started process (PID=522) to work on /home/airflow/.local/lib/python3.8/site-packages/airflow/example_dags/example_sensor_decorator.py
[2024-04-07T14:43:40.475+0000] {processor.py:830} INFO - Processing file /home/airflow/.local/lib/python3.8/site-packages/airflow/example_dags/example_sensor_decorator.py for tasks to queue
[2024-04-07T14:43:40.500+0000] {logging_mixin.py:188} INFO - [2024-04-07T14:43:40.499+0000] {dagbag.py:540} INFO - Filling up the DagBag from /home/airflow/.local/lib/python3.8/site-packages/airflow/example_dags/example_sensor_decorator.py
[2024-04-07T14:43:40.544+0000] {processor.py:840} INFO - DAG(s) 'example_sensor_decorator' retrieved from /home/airflow/.local/lib/python3.8/site-packages/airflow/example_dags/example_sensor_decorator.py
[2024-04-07T14:43:40.664+0000] {logging_mixin.py:188} INFO - [2024-04-07T14:43:40.663+0000] {dag.py:3047} INFO - Sync 1 DAGs
[2024-04-07T14:43:40.755+0000] {logging_mixin.py:188} INFO - [2024-04-07T14:43:40.754+0000] {dag.py:3834} INFO - Setting next_dagrun for example_sensor_decorator to None, run_after=None
[2024-04-07T14:43:40.832+0000] {processor.py:183} INFO - Processing /home/airflow/.local/lib/python3.8/site-packages/airflow/example_dags/example_sensor_decorator.py took 0.374 seconds
[2024-04-07T14:44:11.009+0000] {processor.py:161} INFO - Started process (PID=579) to work on /home/airflow/.local/lib/python3.8/site-packages/airflow/example_dags/example_sensor_decorator.py
[2024-04-07T14:44:11.011+0000] {processor.py:830} INFO - Processing file /home/airflow/.local/lib/python3.8/site-packages/airflow/example_dags/example_sensor_decorator.py for tasks to queue
[2024-04-07T14:44:11.026+0000] {logging_mixin.py:188} INFO - [2024-04-07T14:44:11.025+0000] {dagbag.py:540} INFO - Filling up the DagBag from /home/airflow/.local/lib/python3.8/site-packages/airflow/example_dags/example_sensor_decorator.py
[2024-04-07T14:44:11.050+0000] {processor.py:840} INFO - DAG(s) 'example_sensor_decorator' retrieved from /home/airflow/.local/lib/python3.8/site-packages/airflow/example_dags/example_sensor_decorator.py
[2024-04-07T14:44:11.105+0000] {logging_mixin.py:188} INFO - [2024-04-07T14:44:11.105+0000] {dag.py:3047} INFO - Sync 1 DAGs
[2024-04-07T14:44:11.131+0000] {logging_mixin.py:188} INFO - [2024-04-07T14:44:11.131+0000] {dag.py:3834} INFO - Setting next_dagrun for example_sensor_decorator to None, run_after=None
[2024-04-07T14:44:11.166+0000] {processor.py:183} INFO - Processing /home/airflow/.local/lib/python3.8/site-packages/airflow/example_dags/example_sensor_decorator.py took 0.174 seconds
[2024-04-07T14:44:48.034+0000] {processor.py:161} INFO - Started process (PID=634) to work on /home/airflow/.local/lib/python3.8/site-packages/airflow/example_dags/example_sensor_decorator.py
[2024-04-07T14:44:48.040+0000] {processor.py:830} INFO - Processing file /home/airflow/.local/lib/python3.8/site-packages/airflow/example_dags/example_sensor_decorator.py for tasks to queue
[2024-04-07T14:44:48.058+0000] {logging_mixin.py:188} INFO - [2024-04-07T14:44:48.057+0000] {dagbag.py:540} INFO - Filling up the DagBag from /home/airflow/.local/lib/python3.8/site-packages/airflow/example_dags/example_sensor_decorator.py
[2024-04-07T14:44:48.114+0000] {processor.py:840} INFO - DAG(s) 'example_sensor_decorator' retrieved from /home/airflow/.local/lib/python3.8/site-packages/airflow/example_dags/example_sensor_decorator.py
[2024-04-07T14:44:48.283+0000] {logging_mixin.py:188} INFO - [2024-04-07T14:44:48.283+0000] {dag.py:3047} INFO - Sync 1 DAGs
[2024-04-07T14:44:48.395+0000] {logging_mixin.py:188} INFO - [2024-04-07T14:44:48.394+0000] {dag.py:3834} INFO - Setting next_dagrun for example_sensor_decorator to None, run_after=None
[2024-04-07T14:44:48.590+0000] {processor.py:183} INFO - Processing /home/airflow/.local/lib/python3.8/site-packages/airflow/example_dags/example_sensor_decorator.py took 0.572 seconds
[2024-04-07T14:45:19.389+0000] {processor.py:161} INFO - Started process (PID=691) to work on /home/airflow/.local/lib/python3.8/site-packages/airflow/example_dags/example_sensor_decorator.py
[2024-04-07T14:45:19.391+0000] {processor.py:830} INFO - Processing file /home/airflow/.local/lib/python3.8/site-packages/airflow/example_dags/example_sensor_decorator.py for tasks to queue
[2024-04-07T14:45:19.394+0000] {logging_mixin.py:188} INFO - [2024-04-07T14:45:19.394+0000] {dagbag.py:540} INFO - Filling up the DagBag from /home/airflow/.local/lib/python3.8/site-packages/airflow/example_dags/example_sensor_decorator.py
[2024-04-07T14:45:19.406+0000] {processor.py:840} INFO - DAG(s) 'example_sensor_decorator' retrieved from /home/airflow/.local/lib/python3.8/site-packages/airflow/example_dags/example_sensor_decorator.py
[2024-04-07T14:45:19.464+0000] {logging_mixin.py:188} INFO - [2024-04-07T14:45:19.463+0000] {dag.py:3047} INFO - Sync 1 DAGs
[2024-04-07T14:45:19.492+0000] {logging_mixin.py:188} INFO - [2024-04-07T14:45:19.492+0000] {dag.py:3834} INFO - Setting next_dagrun for example_sensor_decorator to None, run_after=None
[2024-04-07T14:45:19.550+0000] {processor.py:183} INFO - Processing /home/airflow/.local/lib/python3.8/site-packages/airflow/example_dags/example_sensor_decorator.py took 0.168 seconds
[2024-04-07T14:45:49.692+0000] {processor.py:161} INFO - Started process (PID=748) to work on /home/airflow/.local/lib/python3.8/site-packages/airflow/example_dags/example_sensor_decorator.py
[2024-04-07T14:45:49.695+0000] {processor.py:830} INFO - Processing file /home/airflow/.local/lib/python3.8/site-packages/airflow/example_dags/example_sensor_decorator.py for tasks to queue
[2024-04-07T14:45:49.699+0000] {logging_mixin.py:188} INFO - [2024-04-07T14:45:49.698+0000] {dagbag.py:540} INFO - Filling up the DagBag from /home/airflow/.local/lib/python3.8/site-packages/airflow/example_dags/example_sensor_decorator.py
[2024-04-07T14:45:49.711+0000] {processor.py:840} INFO - DAG(s) 'example_sensor_decorator' retrieved from /home/airflow/.local/lib/python3.8/site-packages/airflow/example_dags/example_sensor_decorator.py
[2024-04-07T14:45:49.751+0000] {logging_mixin.py:188} INFO - [2024-04-07T14:45:49.750+0000] {dag.py:3047} INFO - Sync 1 DAGs
[2024-04-07T14:45:49.778+0000] {logging_mixin.py:188} INFO - [2024-04-07T14:45:49.777+0000] {dag.py:3834} INFO - Setting next_dagrun for example_sensor_decorator to None, run_after=None
[2024-04-07T14:45:49.816+0000] {processor.py:183} INFO - Processing /home/airflow/.local/lib/python3.8/site-packages/airflow/example_dags/example_sensor_decorator.py took 0.132 seconds
[2024-04-07T14:46:20.054+0000] {processor.py:161} INFO - Started process (PID=805) to work on /home/airflow/.local/lib/python3.8/site-packages/airflow/example_dags/example_sensor_decorator.py
[2024-04-07T14:46:20.056+0000] {processor.py:830} INFO - Processing file /home/airflow/.local/lib/python3.8/site-packages/airflow/example_dags/example_sensor_decorator.py for tasks to queue
[2024-04-07T14:46:20.059+0000] {logging_mixin.py:188} INFO - [2024-04-07T14:46:20.059+0000] {dagbag.py:540} INFO - Filling up the DagBag from /home/airflow/.local/lib/python3.8/site-packages/airflow/example_dags/example_sensor_decorator.py
[2024-04-07T14:46:20.071+0000] {processor.py:840} INFO - DAG(s) 'example_sensor_decorator' retrieved from /home/airflow/.local/lib/python3.8/site-packages/airflow/example_dags/example_sensor_decorator.py
[2024-04-07T14:46:20.106+0000] {logging_mixin.py:188} INFO - [2024-04-07T14:46:20.105+0000] {dag.py:3047} INFO - Sync 1 DAGs
[2024-04-07T14:46:20.132+0000] {logging_mixin.py:188} INFO - [2024-04-07T14:46:20.131+0000] {dag.py:3834} INFO - Setting next_dagrun for example_sensor_decorator to None, run_after=None
[2024-04-07T14:46:20.227+0000] {processor.py:183} INFO - Processing /home/airflow/.local/lib/python3.8/site-packages/airflow/example_dags/example_sensor_decorator.py took 0.181 seconds
[2024-04-07T14:46:50.817+0000] {processor.py:161} INFO - Started process (PID=862) to work on /home/airflow/.local/lib/python3.8/site-packages/airflow/example_dags/example_sensor_decorator.py
[2024-04-07T14:46:50.819+0000] {processor.py:830} INFO - Processing file /home/airflow/.local/lib/python3.8/site-packages/airflow/example_dags/example_sensor_decorator.py for tasks to queue
[2024-04-07T14:46:50.822+0000] {logging_mixin.py:188} INFO - [2024-04-07T14:46:50.822+0000] {dagbag.py:540} INFO - Filling up the DagBag from /home/airflow/.local/lib/python3.8/site-packages/airflow/example_dags/example_sensor_decorator.py
[2024-04-07T14:46:50.832+0000] {processor.py:840} INFO - DAG(s) 'example_sensor_decorator' retrieved from /home/airflow/.local/lib/python3.8/site-packages/airflow/example_dags/example_sensor_decorator.py
[2024-04-07T14:46:50.862+0000] {logging_mixin.py:188} INFO - [2024-04-07T14:46:50.862+0000] {dag.py:3047} INFO - Sync 1 DAGs
[2024-04-07T14:46:50.883+0000] {logging_mixin.py:188} INFO - [2024-04-07T14:46:50.882+0000] {dag.py:3834} INFO - Setting next_dagrun for example_sensor_decorator to None, run_after=None
[2024-04-07T14:46:50.919+0000] {processor.py:183} INFO - Processing /home/airflow/.local/lib/python3.8/site-packages/airflow/example_dags/example_sensor_decorator.py took 0.106 seconds
[2024-04-07T14:47:21.240+0000] {processor.py:161} INFO - Started process (PID=919) to work on /home/airflow/.local/lib/python3.8/site-packages/airflow/example_dags/example_sensor_decorator.py
[2024-04-07T14:47:21.243+0000] {processor.py:830} INFO - Processing file /home/airflow/.local/lib/python3.8/site-packages/airflow/example_dags/example_sensor_decorator.py for tasks to queue
[2024-04-07T14:47:21.246+0000] {logging_mixin.py:188} INFO - [2024-04-07T14:47:21.245+0000] {dagbag.py:540} INFO - Filling up the DagBag from /home/airflow/.local/lib/python3.8/site-packages/airflow/example_dags/example_sensor_decorator.py
[2024-04-07T14:47:21.255+0000] {processor.py:840} INFO - DAG(s) 'example_sensor_decorator' retrieved from /home/airflow/.local/lib/python3.8/site-packages/airflow/example_dags/example_sensor_decorator.py
[2024-04-07T14:47:21.292+0000] {logging_mixin.py:188} INFO - [2024-04-07T14:47:21.291+0000] {dag.py:3047} INFO - Sync 1 DAGs
[2024-04-07T14:47:21.312+0000] {logging_mixin.py:188} INFO - [2024-04-07T14:47:21.311+0000] {dag.py:3834} INFO - Setting next_dagrun for example_sensor_decorator to None, run_after=None
[2024-04-07T14:47:21.350+0000] {processor.py:183} INFO - Processing /home/airflow/.local/lib/python3.8/site-packages/airflow/example_dags/example_sensor_decorator.py took 0.116 seconds
[2024-04-07T14:47:51.770+0000] {processor.py:161} INFO - Started process (PID=976) to work on /home/airflow/.local/lib/python3.8/site-packages/airflow/example_dags/example_sensor_decorator.py
[2024-04-07T14:47:51.772+0000] {processor.py:830} INFO - Processing file /home/airflow/.local/lib/python3.8/site-packages/airflow/example_dags/example_sensor_decorator.py for tasks to queue
[2024-04-07T14:47:51.777+0000] {logging_mixin.py:188} INFO - [2024-04-07T14:47:51.776+0000] {dagbag.py:540} INFO - Filling up the DagBag from /home/airflow/.local/lib/python3.8/site-packages/airflow/example_dags/example_sensor_decorator.py
[2024-04-07T14:47:51.793+0000] {processor.py:840} INFO - DAG(s) 'example_sensor_decorator' retrieved from /home/airflow/.local/lib/python3.8/site-packages/airflow/example_dags/example_sensor_decorator.py
[2024-04-07T14:47:51.832+0000] {logging_mixin.py:188} INFO - [2024-04-07T14:47:51.832+0000] {dag.py:3047} INFO - Sync 1 DAGs
[2024-04-07T14:47:51.862+0000] {logging_mixin.py:188} INFO - [2024-04-07T14:47:51.862+0000] {dag.py:3834} INFO - Setting next_dagrun for example_sensor_decorator to None, run_after=None
[2024-04-07T14:47:51.918+0000] {processor.py:183} INFO - Processing /home/airflow/.local/lib/python3.8/site-packages/airflow/example_dags/example_sensor_decorator.py took 0.153 seconds
[2024-04-07T14:48:22.087+0000] {processor.py:161} INFO - Started process (PID=1032) to work on /home/airflow/.local/lib/python3.8/site-packages/airflow/example_dags/example_sensor_decorator.py
[2024-04-07T14:48:22.090+0000] {processor.py:830} INFO - Processing file /home/airflow/.local/lib/python3.8/site-packages/airflow/example_dags/example_sensor_decorator.py for tasks to queue
[2024-04-07T14:48:22.095+0000] {logging_mixin.py:188} INFO - [2024-04-07T14:48:22.094+0000] {dagbag.py:540} INFO - Filling up the DagBag from /home/airflow/.local/lib/python3.8/site-packages/airflow/example_dags/example_sensor_decorator.py
[2024-04-07T14:48:22.107+0000] {processor.py:840} INFO - DAG(s) 'example_sensor_decorator' retrieved from /home/airflow/.local/lib/python3.8/site-packages/airflow/example_dags/example_sensor_decorator.py
[2024-04-07T14:48:22.152+0000] {logging_mixin.py:188} INFO - [2024-04-07T14:48:22.151+0000] {dag.py:3047} INFO - Sync 1 DAGs
[2024-04-07T14:48:22.202+0000] {logging_mixin.py:188} INFO - [2024-04-07T14:48:22.202+0000] {dag.py:3834} INFO - Setting next_dagrun for example_sensor_decorator to None, run_after=None
[2024-04-07T14:48:22.450+0000] {processor.py:183} INFO - Processing /home/airflow/.local/lib/python3.8/site-packages/airflow/example_dags/example_sensor_decorator.py took 0.369 seconds
[2024-04-07T14:48:53.105+0000] {processor.py:161} INFO - Started process (PID=1089) to work on /home/airflow/.local/lib/python3.8/site-packages/airflow/example_dags/example_sensor_decorator.py
[2024-04-07T14:48:53.108+0000] {processor.py:830} INFO - Processing file /home/airflow/.local/lib/python3.8/site-packages/airflow/example_dags/example_sensor_decorator.py for tasks to queue
[2024-04-07T14:48:53.111+0000] {logging_mixin.py:188} INFO - [2024-04-07T14:48:53.110+0000] {dagbag.py:540} INFO - Filling up the DagBag from /home/airflow/.local/lib/python3.8/site-packages/airflow/example_dags/example_sensor_decorator.py
[2024-04-07T14:48:53.123+0000] {processor.py:840} INFO - DAG(s) 'example_sensor_decorator' retrieved from /home/airflow/.local/lib/python3.8/site-packages/airflow/example_dags/example_sensor_decorator.py
[2024-04-07T14:48:53.170+0000] {logging_mixin.py:188} INFO - [2024-04-07T14:48:53.169+0000] {dag.py:3047} INFO - Sync 1 DAGs
[2024-04-07T14:48:53.207+0000] {logging_mixin.py:188} INFO - [2024-04-07T14:48:53.206+0000] {dag.py:3834} INFO - Setting next_dagrun for example_sensor_decorator to None, run_after=None
[2024-04-07T14:48:53.250+0000] {processor.py:183} INFO - Processing /home/airflow/.local/lib/python3.8/site-packages/airflow/example_dags/example_sensor_decorator.py took 0.151 seconds
[2024-04-07T14:49:23.921+0000] {processor.py:161} INFO - Started process (PID=1146) to work on /home/airflow/.local/lib/python3.8/site-packages/airflow/example_dags/example_sensor_decorator.py
[2024-04-07T14:49:23.923+0000] {processor.py:830} INFO - Processing file /home/airflow/.local/lib/python3.8/site-packages/airflow/example_dags/example_sensor_decorator.py for tasks to queue
[2024-04-07T14:49:23.928+0000] {logging_mixin.py:188} INFO - [2024-04-07T14:49:23.927+0000] {dagbag.py:540} INFO - Filling up the DagBag from /home/airflow/.local/lib/python3.8/site-packages/airflow/example_dags/example_sensor_decorator.py
[2024-04-07T14:49:23.943+0000] {processor.py:840} INFO - DAG(s) 'example_sensor_decorator' retrieved from /home/airflow/.local/lib/python3.8/site-packages/airflow/example_dags/example_sensor_decorator.py
[2024-04-07T14:49:24.012+0000] {logging_mixin.py:188} INFO - [2024-04-07T14:49:24.012+0000] {dag.py:3047} INFO - Sync 1 DAGs
[2024-04-07T14:49:24.057+0000] {logging_mixin.py:188} INFO - [2024-04-07T14:49:24.054+0000] {dag.py:3834} INFO - Setting next_dagrun for example_sensor_decorator to None, run_after=None
[2024-04-07T14:49:24.113+0000] {processor.py:183} INFO - Processing /home/airflow/.local/lib/python3.8/site-packages/airflow/example_dags/example_sensor_decorator.py took 0.201 seconds
[2024-04-07T14:49:55.205+0000] {processor.py:161} INFO - Started process (PID=1203) to work on /home/airflow/.local/lib/python3.8/site-packages/airflow/example_dags/example_sensor_decorator.py
[2024-04-07T14:49:55.209+0000] {processor.py:830} INFO - Processing file /home/airflow/.local/lib/python3.8/site-packages/airflow/example_dags/example_sensor_decorator.py for tasks to queue
[2024-04-07T14:49:55.213+0000] {logging_mixin.py:188} INFO - [2024-04-07T14:49:55.212+0000] {dagbag.py:540} INFO - Filling up the DagBag from /home/airflow/.local/lib/python3.8/site-packages/airflow/example_dags/example_sensor_decorator.py
[2024-04-07T14:49:55.229+0000] {processor.py:840} INFO - DAG(s) 'example_sensor_decorator' retrieved from /home/airflow/.local/lib/python3.8/site-packages/airflow/example_dags/example_sensor_decorator.py
[2024-04-07T14:49:55.273+0000] {logging_mixin.py:188} INFO - [2024-04-07T14:49:55.273+0000] {dag.py:3047} INFO - Sync 1 DAGs
[2024-04-07T14:49:55.324+0000] {logging_mixin.py:188} INFO - [2024-04-07T14:49:55.324+0000] {dag.py:3834} INFO - Setting next_dagrun for example_sensor_decorator to None, run_after=None
[2024-04-07T14:49:55.403+0000] {processor.py:183} INFO - Processing /home/airflow/.local/lib/python3.8/site-packages/airflow/example_dags/example_sensor_decorator.py took 0.207 seconds
[2024-04-07T14:50:28.131+0000] {processor.py:161} INFO - Started process (PID=1260) to work on /home/airflow/.local/lib/python3.8/site-packages/airflow/example_dags/example_sensor_decorator.py
[2024-04-07T14:50:28.134+0000] {processor.py:830} INFO - Processing file /home/airflow/.local/lib/python3.8/site-packages/airflow/example_dags/example_sensor_decorator.py for tasks to queue
[2024-04-07T14:50:28.142+0000] {logging_mixin.py:188} INFO - [2024-04-07T14:50:28.141+0000] {dagbag.py:540} INFO - Filling up the DagBag from /home/airflow/.local/lib/python3.8/site-packages/airflow/example_dags/example_sensor_decorator.py
[2024-04-07T14:50:28.171+0000] {processor.py:840} INFO - DAG(s) 'example_sensor_decorator' retrieved from /home/airflow/.local/lib/python3.8/site-packages/airflow/example_dags/example_sensor_decorator.py
[2024-04-07T14:50:28.264+0000] {logging_mixin.py:188} INFO - [2024-04-07T14:50:28.264+0000] {dag.py:3047} INFO - Sync 1 DAGs
[2024-04-07T14:50:28.354+0000] {logging_mixin.py:188} INFO - [2024-04-07T14:50:28.353+0000] {dag.py:3834} INFO - Setting next_dagrun for example_sensor_decorator to None, run_after=None
[2024-04-07T14:50:28.636+0000] {processor.py:183} INFO - Processing /home/airflow/.local/lib/python3.8/site-packages/airflow/example_dags/example_sensor_decorator.py took 0.514 seconds
[2024-04-07T14:50:59.590+0000] {processor.py:161} INFO - Started process (PID=1318) to work on /home/airflow/.local/lib/python3.8/site-packages/airflow/example_dags/example_sensor_decorator.py
[2024-04-07T14:50:59.591+0000] {processor.py:830} INFO - Processing file /home/airflow/.local/lib/python3.8/site-packages/airflow/example_dags/example_sensor_decorator.py for tasks to queue
[2024-04-07T14:50:59.594+0000] {logging_mixin.py:188} INFO - [2024-04-07T14:50:59.594+0000] {dagbag.py:540} INFO - Filling up the DagBag from /home/airflow/.local/lib/python3.8/site-packages/airflow/example_dags/example_sensor_decorator.py
[2024-04-07T14:50:59.604+0000] {processor.py:840} INFO - DAG(s) 'example_sensor_decorator' retrieved from /home/airflow/.local/lib/python3.8/site-packages/airflow/example_dags/example_sensor_decorator.py
[2024-04-07T14:50:59.642+0000] {logging_mixin.py:188} INFO - [2024-04-07T14:50:59.642+0000] {dag.py:3047} INFO - Sync 1 DAGs
[2024-04-07T14:50:59.670+0000] {logging_mixin.py:188} INFO - [2024-04-07T14:50:59.670+0000] {dag.py:3834} INFO - Setting next_dagrun for example_sensor_decorator to None, run_after=None
[2024-04-07T14:50:59.722+0000] {processor.py:183} INFO - Processing /home/airflow/.local/lib/python3.8/site-packages/airflow/example_dags/example_sensor_decorator.py took 0.138 seconds
[2024-04-07T14:51:30.519+0000] {processor.py:161} INFO - Started process (PID=1374) to work on /home/airflow/.local/lib/python3.8/site-packages/airflow/example_dags/example_sensor_decorator.py
[2024-04-07T14:51:30.522+0000] {processor.py:830} INFO - Processing file /home/airflow/.local/lib/python3.8/site-packages/airflow/example_dags/example_sensor_decorator.py for tasks to queue
[2024-04-07T14:51:30.528+0000] {logging_mixin.py:188} INFO - [2024-04-07T14:51:30.527+0000] {dagbag.py:540} INFO - Filling up the DagBag from /home/airflow/.local/lib/python3.8/site-packages/airflow/example_dags/example_sensor_decorator.py
[2024-04-07T14:51:30.539+0000] {processor.py:840} INFO - DAG(s) 'example_sensor_decorator' retrieved from /home/airflow/.local/lib/python3.8/site-packages/airflow/example_dags/example_sensor_decorator.py
[2024-04-07T14:51:30.580+0000] {logging_mixin.py:188} INFO - [2024-04-07T14:51:30.580+0000] {dag.py:3047} INFO - Sync 1 DAGs
[2024-04-07T14:51:30.609+0000] {logging_mixin.py:188} INFO - [2024-04-07T14:51:30.608+0000] {dag.py:3834} INFO - Setting next_dagrun for example_sensor_decorator to None, run_after=None
[2024-04-07T14:51:30.685+0000] {processor.py:183} INFO - Processing /home/airflow/.local/lib/python3.8/site-packages/airflow/example_dags/example_sensor_decorator.py took 0.172 seconds
[2024-04-07T14:52:01.010+0000] {processor.py:161} INFO - Started process (PID=1432) to work on /home/airflow/.local/lib/python3.8/site-packages/airflow/example_dags/example_sensor_decorator.py
[2024-04-07T14:52:01.023+0000] {processor.py:830} INFO - Processing file /home/airflow/.local/lib/python3.8/site-packages/airflow/example_dags/example_sensor_decorator.py for tasks to queue
[2024-04-07T14:52:01.028+0000] {logging_mixin.py:188} INFO - [2024-04-07T14:52:01.027+0000] {dagbag.py:540} INFO - Filling up the DagBag from /home/airflow/.local/lib/python3.8/site-packages/airflow/example_dags/example_sensor_decorator.py
[2024-04-07T14:52:01.061+0000] {processor.py:840} INFO - DAG(s) 'example_sensor_decorator' retrieved from /home/airflow/.local/lib/python3.8/site-packages/airflow/example_dags/example_sensor_decorator.py
[2024-04-07T14:52:01.176+0000] {logging_mixin.py:188} INFO - [2024-04-07T14:52:01.175+0000] {dag.py:3047} INFO - Sync 1 DAGs
[2024-04-07T14:52:01.261+0000] {logging_mixin.py:188} INFO - [2024-04-07T14:52:01.260+0000] {dag.py:3834} INFO - Setting next_dagrun for example_sensor_decorator to None, run_after=None
[2024-04-07T14:52:01.353+0000] {processor.py:183} INFO - Processing /home/airflow/.local/lib/python3.8/site-packages/airflow/example_dags/example_sensor_decorator.py took 0.349 seconds
[2024-04-07T14:52:31.451+0000] {processor.py:161} INFO - Started process (PID=1489) to work on /home/airflow/.local/lib/python3.8/site-packages/airflow/example_dags/example_sensor_decorator.py
[2024-04-07T14:52:31.452+0000] {processor.py:830} INFO - Processing file /home/airflow/.local/lib/python3.8/site-packages/airflow/example_dags/example_sensor_decorator.py for tasks to queue
[2024-04-07T14:52:31.455+0000] {logging_mixin.py:188} INFO - [2024-04-07T14:52:31.455+0000] {dagbag.py:540} INFO - Filling up the DagBag from /home/airflow/.local/lib/python3.8/site-packages/airflow/example_dags/example_sensor_decorator.py
[2024-04-07T14:52:31.465+0000] {processor.py:840} INFO - DAG(s) 'example_sensor_decorator' retrieved from /home/airflow/.local/lib/python3.8/site-packages/airflow/example_dags/example_sensor_decorator.py
[2024-04-07T14:52:31.496+0000] {logging_mixin.py:188} INFO - [2024-04-07T14:52:31.495+0000] {dag.py:3047} INFO - Sync 1 DAGs
[2024-04-07T14:52:31.516+0000] {logging_mixin.py:188} INFO - [2024-04-07T14:52:31.516+0000] {dag.py:3834} INFO - Setting next_dagrun for example_sensor_decorator to None, run_after=None
[2024-04-07T14:52:31.561+0000] {processor.py:183} INFO - Processing /home/airflow/.local/lib/python3.8/site-packages/airflow/example_dags/example_sensor_decorator.py took 0.116 seconds
[2024-04-07T14:53:02.136+0000] {processor.py:161} INFO - Started process (PID=1545) to work on /home/airflow/.local/lib/python3.8/site-packages/airflow/example_dags/example_sensor_decorator.py
[2024-04-07T14:53:02.141+0000] {processor.py:830} INFO - Processing file /home/airflow/.local/lib/python3.8/site-packages/airflow/example_dags/example_sensor_decorator.py for tasks to queue
[2024-04-07T14:53:02.144+0000] {logging_mixin.py:188} INFO - [2024-04-07T14:53:02.144+0000] {dagbag.py:540} INFO - Filling up the DagBag from /home/airflow/.local/lib/python3.8/site-packages/airflow/example_dags/example_sensor_decorator.py
[2024-04-07T14:53:02.163+0000] {processor.py:840} INFO - DAG(s) 'example_sensor_decorator' retrieved from /home/airflow/.local/lib/python3.8/site-packages/airflow/example_dags/example_sensor_decorator.py
[2024-04-07T14:53:02.263+0000] {logging_mixin.py:188} INFO - [2024-04-07T14:53:02.262+0000] {dag.py:3047} INFO - Sync 1 DAGs
[2024-04-07T14:53:02.310+0000] {logging_mixin.py:188} INFO - [2024-04-07T14:53:02.310+0000] {dag.py:3834} INFO - Setting next_dagrun for example_sensor_decorator to None, run_after=None
[2024-04-07T14:53:02.500+0000] {processor.py:183} INFO - Processing /home/airflow/.local/lib/python3.8/site-packages/airflow/example_dags/example_sensor_decorator.py took 0.375 seconds
[2024-04-07T14:53:32.928+0000] {processor.py:161} INFO - Started process (PID=1608) to work on /home/airflow/.local/lib/python3.8/site-packages/airflow/example_dags/example_sensor_decorator.py
[2024-04-07T14:53:32.931+0000] {processor.py:830} INFO - Processing file /home/airflow/.local/lib/python3.8/site-packages/airflow/example_dags/example_sensor_decorator.py for tasks to queue
[2024-04-07T14:53:32.938+0000] {logging_mixin.py:188} INFO - [2024-04-07T14:53:32.936+0000] {dagbag.py:540} INFO - Filling up the DagBag from /home/airflow/.local/lib/python3.8/site-packages/airflow/example_dags/example_sensor_decorator.py
[2024-04-07T14:53:32.956+0000] {processor.py:840} INFO - DAG(s) 'example_sensor_decorator' retrieved from /home/airflow/.local/lib/python3.8/site-packages/airflow/example_dags/example_sensor_decorator.py
[2024-04-07T14:53:33.033+0000] {logging_mixin.py:188} INFO - [2024-04-07T14:53:33.032+0000] {dag.py:3047} INFO - Sync 1 DAGs
[2024-04-07T14:53:33.055+0000] {logging_mixin.py:188} INFO - [2024-04-07T14:53:33.055+0000] {dag.py:3834} INFO - Setting next_dagrun for example_sensor_decorator to None, run_after=None
[2024-04-07T14:53:33.103+0000] {processor.py:183} INFO - Processing /home/airflow/.local/lib/python3.8/site-packages/airflow/example_dags/example_sensor_decorator.py took 0.183 seconds
[2024-04-07T14:54:03.563+0000] {processor.py:161} INFO - Started process (PID=1665) to work on /home/airflow/.local/lib/python3.8/site-packages/airflow/example_dags/example_sensor_decorator.py
[2024-04-07T14:54:03.568+0000] {processor.py:830} INFO - Processing file /home/airflow/.local/lib/python3.8/site-packages/airflow/example_dags/example_sensor_decorator.py for tasks to queue
[2024-04-07T14:54:03.573+0000] {logging_mixin.py:188} INFO - [2024-04-07T14:54:03.572+0000] {dagbag.py:540} INFO - Filling up the DagBag from /home/airflow/.local/lib/python3.8/site-packages/airflow/example_dags/example_sensor_decorator.py
[2024-04-07T14:54:03.586+0000] {processor.py:840} INFO - DAG(s) 'example_sensor_decorator' retrieved from /home/airflow/.local/lib/python3.8/site-packages/airflow/example_dags/example_sensor_decorator.py
[2024-04-07T14:54:03.633+0000] {logging_mixin.py:188} INFO - [2024-04-07T14:54:03.632+0000] {dag.py:3047} INFO - Sync 1 DAGs
[2024-04-07T14:54:03.669+0000] {logging_mixin.py:188} INFO - [2024-04-07T14:54:03.669+0000] {dag.py:3834} INFO - Setting next_dagrun for example_sensor_decorator to None, run_after=None
[2024-04-07T14:54:03.729+0000] {processor.py:183} INFO - Processing /home/airflow/.local/lib/python3.8/site-packages/airflow/example_dags/example_sensor_decorator.py took 0.175 seconds
[2024-04-07T14:54:34.338+0000] {processor.py:161} INFO - Started process (PID=1722) to work on /home/airflow/.local/lib/python3.8/site-packages/airflow/example_dags/example_sensor_decorator.py
[2024-04-07T14:54:34.339+0000] {processor.py:830} INFO - Processing file /home/airflow/.local/lib/python3.8/site-packages/airflow/example_dags/example_sensor_decorator.py for tasks to queue
[2024-04-07T14:54:34.344+0000] {logging_mixin.py:188} INFO - [2024-04-07T14:54:34.344+0000] {dagbag.py:540} INFO - Filling up the DagBag from /home/airflow/.local/lib/python3.8/site-packages/airflow/example_dags/example_sensor_decorator.py
[2024-04-07T14:54:34.354+0000] {processor.py:840} INFO - DAG(s) 'example_sensor_decorator' retrieved from /home/airflow/.local/lib/python3.8/site-packages/airflow/example_dags/example_sensor_decorator.py
[2024-04-07T14:54:34.414+0000] {logging_mixin.py:188} INFO - [2024-04-07T14:54:34.414+0000] {dag.py:3047} INFO - Sync 1 DAGs
[2024-04-07T14:54:34.459+0000] {logging_mixin.py:188} INFO - [2024-04-07T14:54:34.458+0000] {dag.py:3834} INFO - Setting next_dagrun for example_sensor_decorator to None, run_after=None
[2024-04-07T14:54:34.495+0000] {processor.py:183} INFO - Processing /home/airflow/.local/lib/python3.8/site-packages/airflow/example_dags/example_sensor_decorator.py took 0.164 seconds
[2024-04-07T14:55:05.401+0000] {processor.py:161} INFO - Started process (PID=1778) to work on /home/airflow/.local/lib/python3.8/site-packages/airflow/example_dags/example_sensor_decorator.py
[2024-04-07T14:55:05.404+0000] {processor.py:830} INFO - Processing file /home/airflow/.local/lib/python3.8/site-packages/airflow/example_dags/example_sensor_decorator.py for tasks to queue
[2024-04-07T14:55:05.426+0000] {logging_mixin.py:188} INFO - [2024-04-07T14:55:05.425+0000] {dagbag.py:540} INFO - Filling up the DagBag from /home/airflow/.local/lib/python3.8/site-packages/airflow/example_dags/example_sensor_decorator.py
[2024-04-07T14:55:05.438+0000] {processor.py:840} INFO - DAG(s) 'example_sensor_decorator' retrieved from /home/airflow/.local/lib/python3.8/site-packages/airflow/example_dags/example_sensor_decorator.py
[2024-04-07T14:55:05.473+0000] {logging_mixin.py:188} INFO - [2024-04-07T14:55:05.473+0000] {dag.py:3047} INFO - Sync 1 DAGs
[2024-04-07T14:55:05.498+0000] {logging_mixin.py:188} INFO - [2024-04-07T14:55:05.495+0000] {dag.py:3834} INFO - Setting next_dagrun for example_sensor_decorator to None, run_after=None
[2024-04-07T14:55:05.532+0000] {processor.py:183} INFO - Processing /home/airflow/.local/lib/python3.8/site-packages/airflow/example_dags/example_sensor_decorator.py took 0.140 seconds
[2024-04-07T14:55:35.880+0000] {processor.py:161} INFO - Started process (PID=1835) to work on /home/airflow/.local/lib/python3.8/site-packages/airflow/example_dags/example_sensor_decorator.py
[2024-04-07T14:55:35.884+0000] {processor.py:830} INFO - Processing file /home/airflow/.local/lib/python3.8/site-packages/airflow/example_dags/example_sensor_decorator.py for tasks to queue
[2024-04-07T14:55:35.887+0000] {logging_mixin.py:188} INFO - [2024-04-07T14:55:35.887+0000] {dagbag.py:540} INFO - Filling up the DagBag from /home/airflow/.local/lib/python3.8/site-packages/airflow/example_dags/example_sensor_decorator.py
[2024-04-07T14:55:35.908+0000] {processor.py:840} INFO - DAG(s) 'example_sensor_decorator' retrieved from /home/airflow/.local/lib/python3.8/site-packages/airflow/example_dags/example_sensor_decorator.py
[2024-04-07T14:55:35.973+0000] {logging_mixin.py:188} INFO - [2024-04-07T14:55:35.972+0000] {dag.py:3047} INFO - Sync 1 DAGs
[2024-04-07T14:55:36.017+0000] {logging_mixin.py:188} INFO - [2024-04-07T14:55:36.017+0000] {dag.py:3834} INFO - Setting next_dagrun for example_sensor_decorator to None, run_after=None
[2024-04-07T14:55:36.083+0000] {processor.py:183} INFO - Processing /home/airflow/.local/lib/python3.8/site-packages/airflow/example_dags/example_sensor_decorator.py took 0.210 seconds
[2024-04-07T14:56:07.030+0000] {processor.py:161} INFO - Started process (PID=1893) to work on /home/airflow/.local/lib/python3.8/site-packages/airflow/example_dags/example_sensor_decorator.py
[2024-04-07T14:56:07.033+0000] {processor.py:830} INFO - Processing file /home/airflow/.local/lib/python3.8/site-packages/airflow/example_dags/example_sensor_decorator.py for tasks to queue
[2024-04-07T14:56:07.042+0000] {logging_mixin.py:188} INFO - [2024-04-07T14:56:07.041+0000] {dagbag.py:540} INFO - Filling up the DagBag from /home/airflow/.local/lib/python3.8/site-packages/airflow/example_dags/example_sensor_decorator.py
[2024-04-07T14:56:07.055+0000] {processor.py:840} INFO - DAG(s) 'example_sensor_decorator' retrieved from /home/airflow/.local/lib/python3.8/site-packages/airflow/example_dags/example_sensor_decorator.py
[2024-04-07T14:56:07.097+0000] {logging_mixin.py:188} INFO - [2024-04-07T14:56:07.097+0000] {dag.py:3047} INFO - Sync 1 DAGs
[2024-04-07T14:56:07.121+0000] {logging_mixin.py:188} INFO - [2024-04-07T14:56:07.120+0000] {dag.py:3834} INFO - Setting next_dagrun for example_sensor_decorator to None, run_after=None
[2024-04-07T14:56:07.167+0000] {processor.py:183} INFO - Processing /home/airflow/.local/lib/python3.8/site-packages/airflow/example_dags/example_sensor_decorator.py took 0.154 seconds
[2024-04-07T14:56:37.345+0000] {processor.py:161} INFO - Started process (PID=1950) to work on /home/airflow/.local/lib/python3.8/site-packages/airflow/example_dags/example_sensor_decorator.py
[2024-04-07T14:56:37.347+0000] {processor.py:830} INFO - Processing file /home/airflow/.local/lib/python3.8/site-packages/airflow/example_dags/example_sensor_decorator.py for tasks to queue
[2024-04-07T14:56:37.357+0000] {logging_mixin.py:188} INFO - [2024-04-07T14:56:37.357+0000] {dagbag.py:540} INFO - Filling up the DagBag from /home/airflow/.local/lib/python3.8/site-packages/airflow/example_dags/example_sensor_decorator.py
[2024-04-07T14:56:37.371+0000] {processor.py:840} INFO - DAG(s) 'example_sensor_decorator' retrieved from /home/airflow/.local/lib/python3.8/site-packages/airflow/example_dags/example_sensor_decorator.py
[2024-04-07T14:56:37.414+0000] {logging_mixin.py:188} INFO - [2024-04-07T14:56:37.414+0000] {dag.py:3047} INFO - Sync 1 DAGs
[2024-04-07T14:56:37.448+0000] {logging_mixin.py:188} INFO - [2024-04-07T14:56:37.447+0000] {dag.py:3834} INFO - Setting next_dagrun for example_sensor_decorator to None, run_after=None
[2024-04-07T14:56:37.512+0000] {processor.py:183} INFO - Processing /home/airflow/.local/lib/python3.8/site-packages/airflow/example_dags/example_sensor_decorator.py took 0.175 seconds
[2024-04-07T14:57:07.578+0000] {processor.py:161} INFO - Started process (PID=2007) to work on /home/airflow/.local/lib/python3.8/site-packages/airflow/example_dags/example_sensor_decorator.py
[2024-04-07T14:57:07.582+0000] {processor.py:830} INFO - Processing file /home/airflow/.local/lib/python3.8/site-packages/airflow/example_dags/example_sensor_decorator.py for tasks to queue
[2024-04-07T14:57:07.586+0000] {logging_mixin.py:188} INFO - [2024-04-07T14:57:07.585+0000] {dagbag.py:540} INFO - Filling up the DagBag from /home/airflow/.local/lib/python3.8/site-packages/airflow/example_dags/example_sensor_decorator.py
[2024-04-07T14:57:07.600+0000] {processor.py:840} INFO - DAG(s) 'example_sensor_decorator' retrieved from /home/airflow/.local/lib/python3.8/site-packages/airflow/example_dags/example_sensor_decorator.py
[2024-04-07T14:57:07.640+0000] {logging_mixin.py:188} INFO - [2024-04-07T14:57:07.639+0000] {dag.py:3047} INFO - Sync 1 DAGs
[2024-04-07T14:57:07.662+0000] {logging_mixin.py:188} INFO - [2024-04-07T14:57:07.661+0000] {dag.py:3834} INFO - Setting next_dagrun for example_sensor_decorator to None, run_after=None
[2024-04-07T14:57:07.702+0000] {processor.py:183} INFO - Processing /home/airflow/.local/lib/python3.8/site-packages/airflow/example_dags/example_sensor_decorator.py took 0.129 seconds
[2024-04-07T14:57:37.850+0000] {processor.py:161} INFO - Started process (PID=2064) to work on /home/airflow/.local/lib/python3.8/site-packages/airflow/example_dags/example_sensor_decorator.py
[2024-04-07T14:57:37.852+0000] {processor.py:830} INFO - Processing file /home/airflow/.local/lib/python3.8/site-packages/airflow/example_dags/example_sensor_decorator.py for tasks to queue
[2024-04-07T14:57:37.855+0000] {logging_mixin.py:188} INFO - [2024-04-07T14:57:37.855+0000] {dagbag.py:540} INFO - Filling up the DagBag from /home/airflow/.local/lib/python3.8/site-packages/airflow/example_dags/example_sensor_decorator.py
[2024-04-07T14:57:37.864+0000] {processor.py:840} INFO - DAG(s) 'example_sensor_decorator' retrieved from /home/airflow/.local/lib/python3.8/site-packages/airflow/example_dags/example_sensor_decorator.py
[2024-04-07T14:57:37.899+0000] {logging_mixin.py:188} INFO - [2024-04-07T14:57:37.899+0000] {dag.py:3047} INFO - Sync 1 DAGs
[2024-04-07T14:57:37.921+0000] {logging_mixin.py:188} INFO - [2024-04-07T14:57:37.920+0000] {dag.py:3834} INFO - Setting next_dagrun for example_sensor_decorator to None, run_after=None
[2024-04-07T14:57:38.013+0000] {processor.py:183} INFO - Processing /home/airflow/.local/lib/python3.8/site-packages/airflow/example_dags/example_sensor_decorator.py took 0.167 seconds
[2024-04-07T14:58:08.531+0000] {processor.py:161} INFO - Started process (PID=2121) to work on /home/airflow/.local/lib/python3.8/site-packages/airflow/example_dags/example_sensor_decorator.py
[2024-04-07T14:58:08.533+0000] {processor.py:830} INFO - Processing file /home/airflow/.local/lib/python3.8/site-packages/airflow/example_dags/example_sensor_decorator.py for tasks to queue
[2024-04-07T14:58:08.537+0000] {logging_mixin.py:188} INFO - [2024-04-07T14:58:08.536+0000] {dagbag.py:540} INFO - Filling up the DagBag from /home/airflow/.local/lib/python3.8/site-packages/airflow/example_dags/example_sensor_decorator.py
[2024-04-07T14:58:08.550+0000] {processor.py:840} INFO - DAG(s) 'example_sensor_decorator' retrieved from /home/airflow/.local/lib/python3.8/site-packages/airflow/example_dags/example_sensor_decorator.py
[2024-04-07T14:58:08.606+0000] {logging_mixin.py:188} INFO - [2024-04-07T14:58:08.606+0000] {dag.py:3047} INFO - Sync 1 DAGs
[2024-04-07T14:58:08.644+0000] {logging_mixin.py:188} INFO - [2024-04-07T14:58:08.641+0000] {dag.py:3834} INFO - Setting next_dagrun for example_sensor_decorator to None, run_after=None
[2024-04-07T14:58:08.703+0000] {processor.py:183} INFO - Processing /home/airflow/.local/lib/python3.8/site-packages/airflow/example_dags/example_sensor_decorator.py took 0.179 seconds
[2024-04-07T14:58:39.292+0000] {processor.py:161} INFO - Started process (PID=2178) to work on /home/airflow/.local/lib/python3.8/site-packages/airflow/example_dags/example_sensor_decorator.py
[2024-04-07T14:58:39.294+0000] {processor.py:830} INFO - Processing file /home/airflow/.local/lib/python3.8/site-packages/airflow/example_dags/example_sensor_decorator.py for tasks to queue
[2024-04-07T14:58:39.301+0000] {logging_mixin.py:188} INFO - [2024-04-07T14:58:39.301+0000] {dagbag.py:540} INFO - Filling up the DagBag from /home/airflow/.local/lib/python3.8/site-packages/airflow/example_dags/example_sensor_decorator.py
[2024-04-07T14:58:39.322+0000] {processor.py:840} INFO - DAG(s) 'example_sensor_decorator' retrieved from /home/airflow/.local/lib/python3.8/site-packages/airflow/example_dags/example_sensor_decorator.py
[2024-04-07T14:58:39.454+0000] {logging_mixin.py:188} INFO - [2024-04-07T14:58:39.446+0000] {dag.py:3047} INFO - Sync 1 DAGs
[2024-04-07T14:58:39.514+0000] {logging_mixin.py:188} INFO - [2024-04-07T14:58:39.513+0000] {dag.py:3834} INFO - Setting next_dagrun for example_sensor_decorator to None, run_after=None
[2024-04-07T14:58:39.571+0000] {processor.py:183} INFO - Processing /home/airflow/.local/lib/python3.8/site-packages/airflow/example_dags/example_sensor_decorator.py took 0.288 seconds
[2024-04-07T14:59:09.729+0000] {processor.py:161} INFO - Started process (PID=2235) to work on /home/airflow/.local/lib/python3.8/site-packages/airflow/example_dags/example_sensor_decorator.py
[2024-04-07T14:59:09.734+0000] {processor.py:830} INFO - Processing file /home/airflow/.local/lib/python3.8/site-packages/airflow/example_dags/example_sensor_decorator.py for tasks to queue
[2024-04-07T14:59:09.737+0000] {logging_mixin.py:188} INFO - [2024-04-07T14:59:09.737+0000] {dagbag.py:540} INFO - Filling up the DagBag from /home/airflow/.local/lib/python3.8/site-packages/airflow/example_dags/example_sensor_decorator.py
[2024-04-07T14:59:09.751+0000] {processor.py:840} INFO - DAG(s) 'example_sensor_decorator' retrieved from /home/airflow/.local/lib/python3.8/site-packages/airflow/example_dags/example_sensor_decorator.py
[2024-04-07T14:59:09.809+0000] {logging_mixin.py:188} INFO - [2024-04-07T14:59:09.808+0000] {dag.py:3047} INFO - Sync 1 DAGs
[2024-04-07T14:59:09.834+0000] {logging_mixin.py:188} INFO - [2024-04-07T14:59:09.833+0000] {dag.py:3834} INFO - Setting next_dagrun for example_sensor_decorator to None, run_after=None
[2024-04-07T14:59:09.879+0000] {processor.py:183} INFO - Processing /home/airflow/.local/lib/python3.8/site-packages/airflow/example_dags/example_sensor_decorator.py took 0.155 seconds
[2024-04-07T14:59:41.435+0000] {processor.py:161} INFO - Started process (PID=2292) to work on /home/airflow/.local/lib/python3.8/site-packages/airflow/example_dags/example_sensor_decorator.py
[2024-04-07T14:59:41.447+0000] {processor.py:830} INFO - Processing file /home/airflow/.local/lib/python3.8/site-packages/airflow/example_dags/example_sensor_decorator.py for tasks to queue
[2024-04-07T14:59:41.453+0000] {logging_mixin.py:188} INFO - [2024-04-07T14:59:41.452+0000] {dagbag.py:540} INFO - Filling up the DagBag from /home/airflow/.local/lib/python3.8/site-packages/airflow/example_dags/example_sensor_decorator.py
[2024-04-07T14:59:41.481+0000] {processor.py:840} INFO - DAG(s) 'example_sensor_decorator' retrieved from /home/airflow/.local/lib/python3.8/site-packages/airflow/example_dags/example_sensor_decorator.py
[2024-04-07T14:59:41.528+0000] {logging_mixin.py:188} INFO - [2024-04-07T14:59:41.527+0000] {dag.py:3047} INFO - Sync 1 DAGs
[2024-04-07T14:59:41.558+0000] {logging_mixin.py:188} INFO - [2024-04-07T14:59:41.557+0000] {dag.py:3834} INFO - Setting next_dagrun for example_sensor_decorator to None, run_after=None
[2024-04-07T14:59:41.594+0000] {processor.py:183} INFO - Processing /home/airflow/.local/lib/python3.8/site-packages/airflow/example_dags/example_sensor_decorator.py took 0.176 seconds
[2024-04-07T15:00:12.155+0000] {processor.py:161} INFO - Started process (PID=2349) to work on /home/airflow/.local/lib/python3.8/site-packages/airflow/example_dags/example_sensor_decorator.py
[2024-04-07T15:00:12.157+0000] {processor.py:830} INFO - Processing file /home/airflow/.local/lib/python3.8/site-packages/airflow/example_dags/example_sensor_decorator.py for tasks to queue
[2024-04-07T15:00:12.161+0000] {logging_mixin.py:188} INFO - [2024-04-07T15:00:12.160+0000] {dagbag.py:540} INFO - Filling up the DagBag from /home/airflow/.local/lib/python3.8/site-packages/airflow/example_dags/example_sensor_decorator.py
[2024-04-07T15:00:12.172+0000] {processor.py:840} INFO - DAG(s) 'example_sensor_decorator' retrieved from /home/airflow/.local/lib/python3.8/site-packages/airflow/example_dags/example_sensor_decorator.py
[2024-04-07T15:00:12.211+0000] {logging_mixin.py:188} INFO - [2024-04-07T15:00:12.211+0000] {dag.py:3047} INFO - Sync 1 DAGs
[2024-04-07T15:00:12.235+0000] {logging_mixin.py:188} INFO - [2024-04-07T15:00:12.235+0000] {dag.py:3834} INFO - Setting next_dagrun for example_sensor_decorator to None, run_after=None
[2024-04-07T15:00:12.276+0000] {processor.py:183} INFO - Processing /home/airflow/.local/lib/python3.8/site-packages/airflow/example_dags/example_sensor_decorator.py took 0.126 seconds
[2024-04-07T15:00:43.678+0000] {processor.py:161} INFO - Started process (PID=2404) to work on /home/airflow/.local/lib/python3.8/site-packages/airflow/example_dags/example_sensor_decorator.py
[2024-04-07T15:00:43.691+0000] {processor.py:830} INFO - Processing file /home/airflow/.local/lib/python3.8/site-packages/airflow/example_dags/example_sensor_decorator.py for tasks to queue
[2024-04-07T15:00:43.695+0000] {logging_mixin.py:188} INFO - [2024-04-07T15:00:43.694+0000] {dagbag.py:540} INFO - Filling up the DagBag from /home/airflow/.local/lib/python3.8/site-packages/airflow/example_dags/example_sensor_decorator.py
[2024-04-07T15:00:43.743+0000] {processor.py:840} INFO - DAG(s) 'example_sensor_decorator' retrieved from /home/airflow/.local/lib/python3.8/site-packages/airflow/example_dags/example_sensor_decorator.py
[2024-04-07T15:00:43.875+0000] {logging_mixin.py:188} INFO - [2024-04-07T15:00:43.863+0000] {dag.py:3047} INFO - Sync 1 DAGs
[2024-04-07T15:00:43.916+0000] {logging_mixin.py:188} INFO - [2024-04-07T15:00:43.915+0000] {dag.py:3834} INFO - Setting next_dagrun for example_sensor_decorator to None, run_after=None
[2024-04-07T15:00:44.029+0000] {processor.py:183} INFO - Processing /home/airflow/.local/lib/python3.8/site-packages/airflow/example_dags/example_sensor_decorator.py took 0.366 seconds
[2024-04-07T15:01:14.957+0000] {processor.py:161} INFO - Started process (PID=2461) to work on /home/airflow/.local/lib/python3.8/site-packages/airflow/example_dags/example_sensor_decorator.py
[2024-04-07T15:01:14.959+0000] {processor.py:830} INFO - Processing file /home/airflow/.local/lib/python3.8/site-packages/airflow/example_dags/example_sensor_decorator.py for tasks to queue
[2024-04-07T15:01:14.962+0000] {logging_mixin.py:188} INFO - [2024-04-07T15:01:14.961+0000] {dagbag.py:540} INFO - Filling up the DagBag from /home/airflow/.local/lib/python3.8/site-packages/airflow/example_dags/example_sensor_decorator.py
[2024-04-07T15:01:14.973+0000] {processor.py:840} INFO - DAG(s) 'example_sensor_decorator' retrieved from /home/airflow/.local/lib/python3.8/site-packages/airflow/example_dags/example_sensor_decorator.py
[2024-04-07T15:01:15.005+0000] {logging_mixin.py:188} INFO - [2024-04-07T15:01:15.005+0000] {dag.py:3047} INFO - Sync 1 DAGs
[2024-04-07T15:01:15.024+0000] {logging_mixin.py:188} INFO - [2024-04-07T15:01:15.023+0000] {dag.py:3834} INFO - Setting next_dagrun for example_sensor_decorator to None, run_after=None
[2024-04-07T15:01:15.062+0000] {processor.py:183} INFO - Processing /home/airflow/.local/lib/python3.8/site-packages/airflow/example_dags/example_sensor_decorator.py took 0.111 seconds
[2024-04-07T15:01:45.286+0000] {processor.py:161} INFO - Started process (PID=2518) to work on /home/airflow/.local/lib/python3.8/site-packages/airflow/example_dags/example_sensor_decorator.py
[2024-04-07T15:01:45.288+0000] {processor.py:830} INFO - Processing file /home/airflow/.local/lib/python3.8/site-packages/airflow/example_dags/example_sensor_decorator.py for tasks to queue
[2024-04-07T15:01:45.292+0000] {logging_mixin.py:188} INFO - [2024-04-07T15:01:45.291+0000] {dagbag.py:540} INFO - Filling up the DagBag from /home/airflow/.local/lib/python3.8/site-packages/airflow/example_dags/example_sensor_decorator.py
[2024-04-07T15:01:45.302+0000] {processor.py:840} INFO - DAG(s) 'example_sensor_decorator' retrieved from /home/airflow/.local/lib/python3.8/site-packages/airflow/example_dags/example_sensor_decorator.py
[2024-04-07T15:01:45.336+0000] {logging_mixin.py:188} INFO - [2024-04-07T15:01:45.336+0000] {dag.py:3047} INFO - Sync 1 DAGs
[2024-04-07T15:01:45.358+0000] {logging_mixin.py:188} INFO - [2024-04-07T15:01:45.358+0000] {dag.py:3834} INFO - Setting next_dagrun for example_sensor_decorator to None, run_after=None
[2024-04-07T15:01:45.398+0000] {processor.py:183} INFO - Processing /home/airflow/.local/lib/python3.8/site-packages/airflow/example_dags/example_sensor_decorator.py took 0.116 seconds
[2024-04-07T15:02:15.611+0000] {processor.py:161} INFO - Started process (PID=2575) to work on /home/airflow/.local/lib/python3.8/site-packages/airflow/example_dags/example_sensor_decorator.py
[2024-04-07T15:02:15.614+0000] {processor.py:830} INFO - Processing file /home/airflow/.local/lib/python3.8/site-packages/airflow/example_dags/example_sensor_decorator.py for tasks to queue
[2024-04-07T15:02:15.617+0000] {logging_mixin.py:188} INFO - [2024-04-07T15:02:15.616+0000] {dagbag.py:540} INFO - Filling up the DagBag from /home/airflow/.local/lib/python3.8/site-packages/airflow/example_dags/example_sensor_decorator.py
[2024-04-07T15:02:15.633+0000] {processor.py:840} INFO - DAG(s) 'example_sensor_decorator' retrieved from /home/airflow/.local/lib/python3.8/site-packages/airflow/example_dags/example_sensor_decorator.py
[2024-04-07T15:02:15.678+0000] {logging_mixin.py:188} INFO - [2024-04-07T15:02:15.677+0000] {dag.py:3047} INFO - Sync 1 DAGs
[2024-04-07T15:02:15.711+0000] {logging_mixin.py:188} INFO - [2024-04-07T15:02:15.710+0000] {dag.py:3834} INFO - Setting next_dagrun for example_sensor_decorator to None, run_after=None
[2024-04-07T15:02:15.743+0000] {processor.py:183} INFO - Processing /home/airflow/.local/lib/python3.8/site-packages/airflow/example_dags/example_sensor_decorator.py took 0.139 seconds
[2024-04-07T15:02:46.359+0000] {processor.py:161} INFO - Started process (PID=2632) to work on /home/airflow/.local/lib/python3.8/site-packages/airflow/example_dags/example_sensor_decorator.py
[2024-04-07T15:02:46.363+0000] {processor.py:830} INFO - Processing file /home/airflow/.local/lib/python3.8/site-packages/airflow/example_dags/example_sensor_decorator.py for tasks to queue
[2024-04-07T15:02:46.375+0000] {logging_mixin.py:188} INFO - [2024-04-07T15:02:46.374+0000] {dagbag.py:540} INFO - Filling up the DagBag from /home/airflow/.local/lib/python3.8/site-packages/airflow/example_dags/example_sensor_decorator.py
[2024-04-07T15:02:46.398+0000] {processor.py:840} INFO - DAG(s) 'example_sensor_decorator' retrieved from /home/airflow/.local/lib/python3.8/site-packages/airflow/example_dags/example_sensor_decorator.py
[2024-04-07T15:02:46.483+0000] {logging_mixin.py:188} INFO - [2024-04-07T15:02:46.483+0000] {dag.py:3047} INFO - Sync 1 DAGs
[2024-04-07T15:02:46.585+0000] {logging_mixin.py:188} INFO - [2024-04-07T15:02:46.585+0000] {dag.py:3834} INFO - Setting next_dagrun for example_sensor_decorator to None, run_after=None
[2024-04-07T15:02:46.659+0000] {processor.py:183} INFO - Processing /home/airflow/.local/lib/python3.8/site-packages/airflow/example_dags/example_sensor_decorator.py took 0.313 seconds
[2024-04-07T15:03:17.286+0000] {processor.py:161} INFO - Started process (PID=2689) to work on /home/airflow/.local/lib/python3.8/site-packages/airflow/example_dags/example_sensor_decorator.py
[2024-04-07T15:03:17.288+0000] {processor.py:830} INFO - Processing file /home/airflow/.local/lib/python3.8/site-packages/airflow/example_dags/example_sensor_decorator.py for tasks to queue
[2024-04-07T15:03:17.291+0000] {logging_mixin.py:188} INFO - [2024-04-07T15:03:17.291+0000] {dagbag.py:540} INFO - Filling up the DagBag from /home/airflow/.local/lib/python3.8/site-packages/airflow/example_dags/example_sensor_decorator.py
[2024-04-07T15:03:17.303+0000] {processor.py:840} INFO - DAG(s) 'example_sensor_decorator' retrieved from /home/airflow/.local/lib/python3.8/site-packages/airflow/example_dags/example_sensor_decorator.py
[2024-04-07T15:03:17.338+0000] {logging_mixin.py:188} INFO - [2024-04-07T15:03:17.337+0000] {dag.py:3047} INFO - Sync 1 DAGs
[2024-04-07T15:03:17.365+0000] {logging_mixin.py:188} INFO - [2024-04-07T15:03:17.365+0000] {dag.py:3834} INFO - Setting next_dagrun for example_sensor_decorator to None, run_after=None
[2024-04-07T15:03:17.419+0000] {processor.py:183} INFO - Processing /home/airflow/.local/lib/python3.8/site-packages/airflow/example_dags/example_sensor_decorator.py took 0.137 seconds
[2024-04-07T15:03:47.492+0000] {processor.py:161} INFO - Started process (PID=2745) to work on /home/airflow/.local/lib/python3.8/site-packages/airflow/example_dags/example_sensor_decorator.py
[2024-04-07T15:03:47.493+0000] {processor.py:830} INFO - Processing file /home/airflow/.local/lib/python3.8/site-packages/airflow/example_dags/example_sensor_decorator.py for tasks to queue
[2024-04-07T15:03:47.496+0000] {logging_mixin.py:188} INFO - [2024-04-07T15:03:47.496+0000] {dagbag.py:540} INFO - Filling up the DagBag from /home/airflow/.local/lib/python3.8/site-packages/airflow/example_dags/example_sensor_decorator.py
[2024-04-07T15:03:47.505+0000] {processor.py:840} INFO - DAG(s) 'example_sensor_decorator' retrieved from /home/airflow/.local/lib/python3.8/site-packages/airflow/example_dags/example_sensor_decorator.py
[2024-04-07T15:03:47.539+0000] {logging_mixin.py:188} INFO - [2024-04-07T15:03:47.539+0000] {dag.py:3047} INFO - Sync 1 DAGs
[2024-04-07T15:03:47.563+0000] {logging_mixin.py:188} INFO - [2024-04-07T15:03:47.563+0000] {dag.py:3834} INFO - Setting next_dagrun for example_sensor_decorator to None, run_after=None
[2024-04-07T15:03:47.600+0000] {processor.py:183} INFO - Processing /home/airflow/.local/lib/python3.8/site-packages/airflow/example_dags/example_sensor_decorator.py took 0.114 seconds
[2024-04-07T15:04:17.856+0000] {processor.py:161} INFO - Started process (PID=2803) to work on /home/airflow/.local/lib/python3.8/site-packages/airflow/example_dags/example_sensor_decorator.py
[2024-04-07T15:04:17.858+0000] {processor.py:830} INFO - Processing file /home/airflow/.local/lib/python3.8/site-packages/airflow/example_dags/example_sensor_decorator.py for tasks to queue
[2024-04-07T15:04:17.861+0000] {logging_mixin.py:188} INFO - [2024-04-07T15:04:17.861+0000] {dagbag.py:540} INFO - Filling up the DagBag from /home/airflow/.local/lib/python3.8/site-packages/airflow/example_dags/example_sensor_decorator.py
[2024-04-07T15:04:17.873+0000] {processor.py:840} INFO - DAG(s) 'example_sensor_decorator' retrieved from /home/airflow/.local/lib/python3.8/site-packages/airflow/example_dags/example_sensor_decorator.py
[2024-04-07T15:04:17.908+0000] {logging_mixin.py:188} INFO - [2024-04-07T15:04:17.907+0000] {dag.py:3047} INFO - Sync 1 DAGs
[2024-04-07T15:04:17.930+0000] {logging_mixin.py:188} INFO - [2024-04-07T15:04:17.929+0000] {dag.py:3834} INFO - Setting next_dagrun for example_sensor_decorator to None, run_after=None
[2024-04-07T15:04:17.968+0000] {processor.py:183} INFO - Processing /home/airflow/.local/lib/python3.8/site-packages/airflow/example_dags/example_sensor_decorator.py took 0.117 seconds
[2024-04-07T15:04:48.415+0000] {processor.py:161} INFO - Started process (PID=2860) to work on /home/airflow/.local/lib/python3.8/site-packages/airflow/example_dags/example_sensor_decorator.py
[2024-04-07T15:04:48.417+0000] {processor.py:830} INFO - Processing file /home/airflow/.local/lib/python3.8/site-packages/airflow/example_dags/example_sensor_decorator.py for tasks to queue
[2024-04-07T15:04:48.420+0000] {logging_mixin.py:188} INFO - [2024-04-07T15:04:48.420+0000] {dagbag.py:540} INFO - Filling up the DagBag from /home/airflow/.local/lib/python3.8/site-packages/airflow/example_dags/example_sensor_decorator.py
[2024-04-07T15:04:48.429+0000] {processor.py:840} INFO - DAG(s) 'example_sensor_decorator' retrieved from /home/airflow/.local/lib/python3.8/site-packages/airflow/example_dags/example_sensor_decorator.py
[2024-04-07T15:04:48.466+0000] {logging_mixin.py:188} INFO - [2024-04-07T15:04:48.466+0000] {dag.py:3047} INFO - Sync 1 DAGs
[2024-04-07T15:04:48.487+0000] {logging_mixin.py:188} INFO - [2024-04-07T15:04:48.487+0000] {dag.py:3834} INFO - Setting next_dagrun for example_sensor_decorator to None, run_after=None
[2024-04-07T15:04:48.521+0000] {processor.py:183} INFO - Processing /home/airflow/.local/lib/python3.8/site-packages/airflow/example_dags/example_sensor_decorator.py took 0.112 seconds
[2024-04-07T15:05:18.840+0000] {processor.py:161} INFO - Started process (PID=2917) to work on /home/airflow/.local/lib/python3.8/site-packages/airflow/example_dags/example_sensor_decorator.py
[2024-04-07T15:05:18.842+0000] {processor.py:830} INFO - Processing file /home/airflow/.local/lib/python3.8/site-packages/airflow/example_dags/example_sensor_decorator.py for tasks to queue
[2024-04-07T15:05:18.845+0000] {logging_mixin.py:188} INFO - [2024-04-07T15:05:18.845+0000] {dagbag.py:540} INFO - Filling up the DagBag from /home/airflow/.local/lib/python3.8/site-packages/airflow/example_dags/example_sensor_decorator.py
[2024-04-07T15:05:18.856+0000] {processor.py:840} INFO - DAG(s) 'example_sensor_decorator' retrieved from /home/airflow/.local/lib/python3.8/site-packages/airflow/example_dags/example_sensor_decorator.py
[2024-04-07T15:05:18.886+0000] {logging_mixin.py:188} INFO - [2024-04-07T15:05:18.885+0000] {dag.py:3047} INFO - Sync 1 DAGs
[2024-04-07T15:05:18.904+0000] {logging_mixin.py:188} INFO - [2024-04-07T15:05:18.904+0000] {dag.py:3834} INFO - Setting next_dagrun for example_sensor_decorator to None, run_after=None
[2024-04-07T15:05:18.938+0000] {processor.py:183} INFO - Processing /home/airflow/.local/lib/python3.8/site-packages/airflow/example_dags/example_sensor_decorator.py took 0.104 seconds
[2024-04-07T15:05:49.922+0000] {processor.py:161} INFO - Started process (PID=2974) to work on /home/airflow/.local/lib/python3.8/site-packages/airflow/example_dags/example_sensor_decorator.py
[2024-04-07T15:05:49.924+0000] {processor.py:830} INFO - Processing file /home/airflow/.local/lib/python3.8/site-packages/airflow/example_dags/example_sensor_decorator.py for tasks to queue
[2024-04-07T15:05:49.927+0000] {logging_mixin.py:188} INFO - [2024-04-07T15:05:49.927+0000] {dagbag.py:540} INFO - Filling up the DagBag from /home/airflow/.local/lib/python3.8/site-packages/airflow/example_dags/example_sensor_decorator.py
[2024-04-07T15:05:49.938+0000] {processor.py:840} INFO - DAG(s) 'example_sensor_decorator' retrieved from /home/airflow/.local/lib/python3.8/site-packages/airflow/example_dags/example_sensor_decorator.py
[2024-04-07T15:05:49.971+0000] {logging_mixin.py:188} INFO - [2024-04-07T15:05:49.971+0000] {dag.py:3047} INFO - Sync 1 DAGs
[2024-04-07T15:05:49.991+0000] {logging_mixin.py:188} INFO - [2024-04-07T15:05:49.990+0000] {dag.py:3834} INFO - Setting next_dagrun for example_sensor_decorator to None, run_after=None
[2024-04-07T15:05:50.024+0000] {processor.py:183} INFO - Processing /home/airflow/.local/lib/python3.8/site-packages/airflow/example_dags/example_sensor_decorator.py took 0.107 seconds
[2024-04-07T15:06:20.393+0000] {processor.py:161} INFO - Started process (PID=3031) to work on /home/airflow/.local/lib/python3.8/site-packages/airflow/example_dags/example_sensor_decorator.py
[2024-04-07T15:06:20.395+0000] {processor.py:830} INFO - Processing file /home/airflow/.local/lib/python3.8/site-packages/airflow/example_dags/example_sensor_decorator.py for tasks to queue
[2024-04-07T15:06:20.399+0000] {logging_mixin.py:188} INFO - [2024-04-07T15:06:20.399+0000] {dagbag.py:540} INFO - Filling up the DagBag from /home/airflow/.local/lib/python3.8/site-packages/airflow/example_dags/example_sensor_decorator.py
[2024-04-07T15:06:20.411+0000] {processor.py:840} INFO - DAG(s) 'example_sensor_decorator' retrieved from /home/airflow/.local/lib/python3.8/site-packages/airflow/example_dags/example_sensor_decorator.py
[2024-04-07T15:06:20.441+0000] {logging_mixin.py:188} INFO - [2024-04-07T15:06:20.440+0000] {dag.py:3047} INFO - Sync 1 DAGs
[2024-04-07T15:06:20.462+0000] {logging_mixin.py:188} INFO - [2024-04-07T15:06:20.461+0000] {dag.py:3834} INFO - Setting next_dagrun for example_sensor_decorator to None, run_after=None
[2024-04-07T15:06:20.498+0000] {processor.py:183} INFO - Processing /home/airflow/.local/lib/python3.8/site-packages/airflow/example_dags/example_sensor_decorator.py took 0.109 seconds
[2024-04-07T15:06:50.674+0000] {processor.py:161} INFO - Started process (PID=3088) to work on /home/airflow/.local/lib/python3.8/site-packages/airflow/example_dags/example_sensor_decorator.py
[2024-04-07T15:06:50.676+0000] {processor.py:830} INFO - Processing file /home/airflow/.local/lib/python3.8/site-packages/airflow/example_dags/example_sensor_decorator.py for tasks to queue
[2024-04-07T15:06:50.680+0000] {logging_mixin.py:188} INFO - [2024-04-07T15:06:50.679+0000] {dagbag.py:540} INFO - Filling up the DagBag from /home/airflow/.local/lib/python3.8/site-packages/airflow/example_dags/example_sensor_decorator.py
[2024-04-07T15:06:50.692+0000] {processor.py:840} INFO - DAG(s) 'example_sensor_decorator' retrieved from /home/airflow/.local/lib/python3.8/site-packages/airflow/example_dags/example_sensor_decorator.py
[2024-04-07T15:06:50.724+0000] {logging_mixin.py:188} INFO - [2024-04-07T15:06:50.724+0000] {dag.py:3047} INFO - Sync 1 DAGs
[2024-04-07T15:06:50.744+0000] {logging_mixin.py:188} INFO - [2024-04-07T15:06:50.743+0000] {dag.py:3834} INFO - Setting next_dagrun for example_sensor_decorator to None, run_after=None
[2024-04-07T15:06:50.780+0000] {processor.py:183} INFO - Processing /home/airflow/.local/lib/python3.8/site-packages/airflow/example_dags/example_sensor_decorator.py took 0.111 seconds
[2024-04-07T15:07:21.439+0000] {processor.py:161} INFO - Started process (PID=3145) to work on /home/airflow/.local/lib/python3.8/site-packages/airflow/example_dags/example_sensor_decorator.py
[2024-04-07T15:07:21.441+0000] {processor.py:830} INFO - Processing file /home/airflow/.local/lib/python3.8/site-packages/airflow/example_dags/example_sensor_decorator.py for tasks to queue
[2024-04-07T15:07:21.445+0000] {logging_mixin.py:188} INFO - [2024-04-07T15:07:21.444+0000] {dagbag.py:540} INFO - Filling up the DagBag from /home/airflow/.local/lib/python3.8/site-packages/airflow/example_dags/example_sensor_decorator.py
[2024-04-07T15:07:21.454+0000] {processor.py:840} INFO - DAG(s) 'example_sensor_decorator' retrieved from /home/airflow/.local/lib/python3.8/site-packages/airflow/example_dags/example_sensor_decorator.py
[2024-04-07T15:07:21.493+0000] {logging_mixin.py:188} INFO - [2024-04-07T15:07:21.493+0000] {dag.py:3047} INFO - Sync 1 DAGs
[2024-04-07T15:07:21.524+0000] {logging_mixin.py:188} INFO - [2024-04-07T15:07:21.524+0000] {dag.py:3834} INFO - Setting next_dagrun for example_sensor_decorator to None, run_after=None
[2024-04-07T15:07:21.566+0000] {processor.py:183} INFO - Processing /home/airflow/.local/lib/python3.8/site-packages/airflow/example_dags/example_sensor_decorator.py took 0.134 seconds
[2024-04-07T15:07:51.830+0000] {processor.py:161} INFO - Started process (PID=3202) to work on /home/airflow/.local/lib/python3.8/site-packages/airflow/example_dags/example_sensor_decorator.py
[2024-04-07T15:07:51.832+0000] {processor.py:830} INFO - Processing file /home/airflow/.local/lib/python3.8/site-packages/airflow/example_dags/example_sensor_decorator.py for tasks to queue
[2024-04-07T15:07:51.834+0000] {logging_mixin.py:188} INFO - [2024-04-07T15:07:51.834+0000] {dagbag.py:540} INFO - Filling up the DagBag from /home/airflow/.local/lib/python3.8/site-packages/airflow/example_dags/example_sensor_decorator.py
[2024-04-07T15:07:51.843+0000] {processor.py:840} INFO - DAG(s) 'example_sensor_decorator' retrieved from /home/airflow/.local/lib/python3.8/site-packages/airflow/example_dags/example_sensor_decorator.py
[2024-04-07T15:07:51.873+0000] {logging_mixin.py:188} INFO - [2024-04-07T15:07:51.873+0000] {dag.py:3047} INFO - Sync 1 DAGs
[2024-04-07T15:07:51.894+0000] {logging_mixin.py:188} INFO - [2024-04-07T15:07:51.894+0000] {dag.py:3834} INFO - Setting next_dagrun for example_sensor_decorator to None, run_after=None
[2024-04-07T15:07:51.931+0000] {processor.py:183} INFO - Processing /home/airflow/.local/lib/python3.8/site-packages/airflow/example_dags/example_sensor_decorator.py took 0.107 seconds
[2024-04-07T15:08:22.560+0000] {processor.py:161} INFO - Started process (PID=3259) to work on /home/airflow/.local/lib/python3.8/site-packages/airflow/example_dags/example_sensor_decorator.py
[2024-04-07T15:08:22.564+0000] {processor.py:830} INFO - Processing file /home/airflow/.local/lib/python3.8/site-packages/airflow/example_dags/example_sensor_decorator.py for tasks to queue
[2024-04-07T15:08:22.569+0000] {logging_mixin.py:188} INFO - [2024-04-07T15:08:22.568+0000] {dagbag.py:540} INFO - Filling up the DagBag from /home/airflow/.local/lib/python3.8/site-packages/airflow/example_dags/example_sensor_decorator.py
[2024-04-07T15:08:22.593+0000] {processor.py:840} INFO - DAG(s) 'example_sensor_decorator' retrieved from /home/airflow/.local/lib/python3.8/site-packages/airflow/example_dags/example_sensor_decorator.py
[2024-04-07T15:08:22.661+0000] {logging_mixin.py:188} INFO - [2024-04-07T15:08:22.661+0000] {dag.py:3047} INFO - Sync 1 DAGs
[2024-04-07T15:08:22.699+0000] {logging_mixin.py:188} INFO - [2024-04-07T15:08:22.698+0000] {dag.py:3834} INFO - Setting next_dagrun for example_sensor_decorator to None, run_after=None
[2024-04-07T15:08:22.915+0000] {processor.py:183} INFO - Processing /home/airflow/.local/lib/python3.8/site-packages/airflow/example_dags/example_sensor_decorator.py took 0.362 seconds
[2024-04-07T15:08:53.531+0000] {processor.py:161} INFO - Started process (PID=3316) to work on /home/airflow/.local/lib/python3.8/site-packages/airflow/example_dags/example_sensor_decorator.py
[2024-04-07T15:08:53.534+0000] {processor.py:830} INFO - Processing file /home/airflow/.local/lib/python3.8/site-packages/airflow/example_dags/example_sensor_decorator.py for tasks to queue
[2024-04-07T15:08:53.544+0000] {logging_mixin.py:188} INFO - [2024-04-07T15:08:53.543+0000] {dagbag.py:540} INFO - Filling up the DagBag from /home/airflow/.local/lib/python3.8/site-packages/airflow/example_dags/example_sensor_decorator.py
[2024-04-07T15:08:53.566+0000] {processor.py:840} INFO - DAG(s) 'example_sensor_decorator' retrieved from /home/airflow/.local/lib/python3.8/site-packages/airflow/example_dags/example_sensor_decorator.py
[2024-04-07T15:08:53.634+0000] {logging_mixin.py:188} INFO - [2024-04-07T15:08:53.634+0000] {dag.py:3047} INFO - Sync 1 DAGs
[2024-04-07T15:08:53.676+0000] {logging_mixin.py:188} INFO - [2024-04-07T15:08:53.675+0000] {dag.py:3834} INFO - Setting next_dagrun for example_sensor_decorator to None, run_after=None
[2024-04-07T15:08:53.771+0000] {processor.py:183} INFO - Processing /home/airflow/.local/lib/python3.8/site-packages/airflow/example_dags/example_sensor_decorator.py took 0.259 seconds
[2024-04-07T15:09:40.970+0000] {processor.py:161} INFO - Started process (PID=3368) to work on /home/airflow/.local/lib/python3.8/site-packages/airflow/example_dags/example_sensor_decorator.py
[2024-04-07T15:09:40.972+0000] {processor.py:830} INFO - Processing file /home/airflow/.local/lib/python3.8/site-packages/airflow/example_dags/example_sensor_decorator.py for tasks to queue
[2024-04-07T15:09:40.987+0000] {logging_mixin.py:188} INFO - [2024-04-07T15:09:40.986+0000] {dagbag.py:540} INFO - Filling up the DagBag from /home/airflow/.local/lib/python3.8/site-packages/airflow/example_dags/example_sensor_decorator.py
[2024-04-07T15:09:41.026+0000] {processor.py:840} INFO - DAG(s) 'example_sensor_decorator' retrieved from /home/airflow/.local/lib/python3.8/site-packages/airflow/example_dags/example_sensor_decorator.py
[2024-04-07T15:09:41.102+0000] {logging_mixin.py:188} INFO - [2024-04-07T15:09:41.101+0000] {dag.py:3047} INFO - Sync 1 DAGs
[2024-04-07T15:09:41.179+0000] {logging_mixin.py:188} INFO - [2024-04-07T15:09:41.179+0000] {dag.py:3834} INFO - Setting next_dagrun for example_sensor_decorator to None, run_after=None
[2024-04-07T15:09:41.285+0000] {processor.py:183} INFO - Processing /home/airflow/.local/lib/python3.8/site-packages/airflow/example_dags/example_sensor_decorator.py took 0.335 seconds
[2024-04-07T15:10:11.820+0000] {processor.py:161} INFO - Started process (PID=3425) to work on /home/airflow/.local/lib/python3.8/site-packages/airflow/example_dags/example_sensor_decorator.py
[2024-04-07T15:10:11.824+0000] {processor.py:830} INFO - Processing file /home/airflow/.local/lib/python3.8/site-packages/airflow/example_dags/example_sensor_decorator.py for tasks to queue
[2024-04-07T15:10:11.827+0000] {logging_mixin.py:188} INFO - [2024-04-07T15:10:11.827+0000] {dagbag.py:540} INFO - Filling up the DagBag from /home/airflow/.local/lib/python3.8/site-packages/airflow/example_dags/example_sensor_decorator.py
[2024-04-07T15:10:11.841+0000] {processor.py:840} INFO - DAG(s) 'example_sensor_decorator' retrieved from /home/airflow/.local/lib/python3.8/site-packages/airflow/example_dags/example_sensor_decorator.py
[2024-04-07T15:10:11.885+0000] {logging_mixin.py:188} INFO - [2024-04-07T15:10:11.884+0000] {dag.py:3047} INFO - Sync 1 DAGs
[2024-04-07T15:10:11.923+0000] {logging_mixin.py:188} INFO - [2024-04-07T15:10:11.923+0000] {dag.py:3834} INFO - Setting next_dagrun for example_sensor_decorator to None, run_after=None
[2024-04-07T15:10:11.983+0000] {processor.py:183} INFO - Processing /home/airflow/.local/lib/python3.8/site-packages/airflow/example_dags/example_sensor_decorator.py took 0.169 seconds
[2024-04-07T15:10:42.863+0000] {processor.py:161} INFO - Started process (PID=3482) to work on /home/airflow/.local/lib/python3.8/site-packages/airflow/example_dags/example_sensor_decorator.py
[2024-04-07T15:10:42.864+0000] {processor.py:830} INFO - Processing file /home/airflow/.local/lib/python3.8/site-packages/airflow/example_dags/example_sensor_decorator.py for tasks to queue
[2024-04-07T15:10:42.867+0000] {logging_mixin.py:188} INFO - [2024-04-07T15:10:42.867+0000] {dagbag.py:540} INFO - Filling up the DagBag from /home/airflow/.local/lib/python3.8/site-packages/airflow/example_dags/example_sensor_decorator.py
[2024-04-07T15:10:42.887+0000] {processor.py:840} INFO - DAG(s) 'example_sensor_decorator' retrieved from /home/airflow/.local/lib/python3.8/site-packages/airflow/example_dags/example_sensor_decorator.py
[2024-04-07T15:10:42.949+0000] {logging_mixin.py:188} INFO - [2024-04-07T15:10:42.949+0000] {dag.py:3047} INFO - Sync 1 DAGs
[2024-04-07T15:10:42.990+0000] {logging_mixin.py:188} INFO - [2024-04-07T15:10:42.989+0000] {dag.py:3834} INFO - Setting next_dagrun for example_sensor_decorator to None, run_after=None
[2024-04-07T15:10:43.324+0000] {processor.py:183} INFO - Processing /home/airflow/.local/lib/python3.8/site-packages/airflow/example_dags/example_sensor_decorator.py took 0.469 seconds
[2024-04-07T15:11:13.992+0000] {processor.py:161} INFO - Started process (PID=3539) to work on /home/airflow/.local/lib/python3.8/site-packages/airflow/example_dags/example_sensor_decorator.py
[2024-04-07T15:11:13.994+0000] {processor.py:830} INFO - Processing file /home/airflow/.local/lib/python3.8/site-packages/airflow/example_dags/example_sensor_decorator.py for tasks to queue
[2024-04-07T15:11:13.999+0000] {logging_mixin.py:188} INFO - [2024-04-07T15:11:13.998+0000] {dagbag.py:540} INFO - Filling up the DagBag from /home/airflow/.local/lib/python3.8/site-packages/airflow/example_dags/example_sensor_decorator.py
[2024-04-07T15:11:14.010+0000] {processor.py:840} INFO - DAG(s) 'example_sensor_decorator' retrieved from /home/airflow/.local/lib/python3.8/site-packages/airflow/example_dags/example_sensor_decorator.py
[2024-04-07T15:11:14.069+0000] {logging_mixin.py:188} INFO - [2024-04-07T15:11:14.068+0000] {dag.py:3047} INFO - Sync 1 DAGs
[2024-04-07T15:11:14.115+0000] {logging_mixin.py:188} INFO - [2024-04-07T15:11:14.115+0000] {dag.py:3834} INFO - Setting next_dagrun for example_sensor_decorator to None, run_after=None
[2024-04-07T15:11:14.251+0000] {processor.py:183} INFO - Processing /home/airflow/.local/lib/python3.8/site-packages/airflow/example_dags/example_sensor_decorator.py took 0.266 seconds
[2024-04-07T15:11:44.770+0000] {processor.py:161} INFO - Started process (PID=3596) to work on /home/airflow/.local/lib/python3.8/site-packages/airflow/example_dags/example_sensor_decorator.py
[2024-04-07T15:11:44.772+0000] {processor.py:830} INFO - Processing file /home/airflow/.local/lib/python3.8/site-packages/airflow/example_dags/example_sensor_decorator.py for tasks to queue
[2024-04-07T15:11:44.775+0000] {logging_mixin.py:188} INFO - [2024-04-07T15:11:44.774+0000] {dagbag.py:540} INFO - Filling up the DagBag from /home/airflow/.local/lib/python3.8/site-packages/airflow/example_dags/example_sensor_decorator.py
[2024-04-07T15:11:44.784+0000] {processor.py:840} INFO - DAG(s) 'example_sensor_decorator' retrieved from /home/airflow/.local/lib/python3.8/site-packages/airflow/example_dags/example_sensor_decorator.py
[2024-04-07T15:11:44.815+0000] {logging_mixin.py:188} INFO - [2024-04-07T15:11:44.814+0000] {dag.py:3047} INFO - Sync 1 DAGs
[2024-04-07T15:11:44.840+0000] {logging_mixin.py:188} INFO - [2024-04-07T15:11:44.840+0000] {dag.py:3834} INFO - Setting next_dagrun for example_sensor_decorator to None, run_after=None
[2024-04-07T15:11:44.882+0000] {processor.py:183} INFO - Processing /home/airflow/.local/lib/python3.8/site-packages/airflow/example_dags/example_sensor_decorator.py took 0.119 seconds
[2024-04-07T15:12:15.122+0000] {processor.py:161} INFO - Started process (PID=3653) to work on /home/airflow/.local/lib/python3.8/site-packages/airflow/example_dags/example_sensor_decorator.py
[2024-04-07T15:12:15.124+0000] {processor.py:830} INFO - Processing file /home/airflow/.local/lib/python3.8/site-packages/airflow/example_dags/example_sensor_decorator.py for tasks to queue
[2024-04-07T15:12:15.131+0000] {logging_mixin.py:188} INFO - [2024-04-07T15:12:15.131+0000] {dagbag.py:540} INFO - Filling up the DagBag from /home/airflow/.local/lib/python3.8/site-packages/airflow/example_dags/example_sensor_decorator.py
[2024-04-07T15:12:15.147+0000] {processor.py:840} INFO - DAG(s) 'example_sensor_decorator' retrieved from /home/airflow/.local/lib/python3.8/site-packages/airflow/example_dags/example_sensor_decorator.py
[2024-04-07T15:12:15.195+0000] {logging_mixin.py:188} INFO - [2024-04-07T15:12:15.195+0000] {dag.py:3047} INFO - Sync 1 DAGs
[2024-04-07T15:12:15.230+0000] {logging_mixin.py:188} INFO - [2024-04-07T15:12:15.229+0000] {dag.py:3834} INFO - Setting next_dagrun for example_sensor_decorator to None, run_after=None
[2024-04-07T15:12:15.278+0000] {processor.py:183} INFO - Processing /home/airflow/.local/lib/python3.8/site-packages/airflow/example_dags/example_sensor_decorator.py took 0.161 seconds
