[2024-04-07T14:39:18.991+0000] {processor.py:161} INFO - Started process (PID=54) to work on /home/airflow/.local/lib/python3.8/site-packages/airflow/example_dags/example_setup_teardown.py
[2024-04-07T14:39:18.995+0000] {processor.py:830} INFO - Processing file /home/airflow/.local/lib/python3.8/site-packages/airflow/example_dags/example_setup_teardown.py for tasks to queue
[2024-04-07T14:39:18.998+0000] {logging_mixin.py:188} INFO - [2024-04-07T14:39:18.998+0000] {dagbag.py:540} INFO - Filling up the DagBag from /home/airflow/.local/lib/python3.8/site-packages/airflow/example_dags/example_setup_teardown.py
[2024-04-07T14:39:19.074+0000] {processor.py:840} INFO - DAG(s) 'example_setup_teardown' retrieved from /home/airflow/.local/lib/python3.8/site-packages/airflow/example_dags/example_setup_teardown.py
[2024-04-07T14:39:19.152+0000] {logging_mixin.py:188} INFO - [2024-04-07T14:39:19.152+0000] {dag.py:3047} INFO - Sync 1 DAGs
[2024-04-07T14:39:19.225+0000] {logging_mixin.py:188} INFO - [2024-04-07T14:39:19.225+0000] {dag.py:3834} INFO - Setting next_dagrun for example_setup_teardown to 2024-04-06 00:00:00+00:00, run_after=2024-04-07 00:00:00+00:00
[2024-04-07T14:39:19.441+0000] {processor.py:183} INFO - Processing /home/airflow/.local/lib/python3.8/site-packages/airflow/example_dags/example_setup_teardown.py took 0.457 seconds
[2024-04-07T14:39:52.754+0000] {processor.py:161} INFO - Started process (PID=111) to work on /home/airflow/.local/lib/python3.8/site-packages/airflow/example_dags/example_setup_teardown.py
[2024-04-07T14:39:52.757+0000] {processor.py:830} INFO - Processing file /home/airflow/.local/lib/python3.8/site-packages/airflow/example_dags/example_setup_teardown.py for tasks to queue
[2024-04-07T14:39:52.761+0000] {logging_mixin.py:188} INFO - [2024-04-07T14:39:52.760+0000] {dagbag.py:540} INFO - Filling up the DagBag from /home/airflow/.local/lib/python3.8/site-packages/airflow/example_dags/example_setup_teardown.py
[2024-04-07T14:39:52.784+0000] {processor.py:840} INFO - DAG(s) 'example_setup_teardown' retrieved from /home/airflow/.local/lib/python3.8/site-packages/airflow/example_dags/example_setup_teardown.py
[2024-04-07T14:39:52.867+0000] {logging_mixin.py:188} INFO - [2024-04-07T14:39:52.866+0000] {dag.py:3047} INFO - Sync 1 DAGs
[2024-04-07T14:39:52.950+0000] {logging_mixin.py:188} INFO - [2024-04-07T14:39:52.950+0000] {dag.py:3834} INFO - Setting next_dagrun for example_setup_teardown to 2024-04-06 00:00:00+00:00, run_after=2024-04-07 00:00:00+00:00
[2024-04-07T14:39:53.016+0000] {processor.py:183} INFO - Processing /home/airflow/.local/lib/python3.8/site-packages/airflow/example_dags/example_setup_teardown.py took 0.272 seconds
[2024-04-07T14:40:26.461+0000] {processor.py:161} INFO - Started process (PID=168) to work on /home/airflow/.local/lib/python3.8/site-packages/airflow/example_dags/example_setup_teardown.py
[2024-04-07T14:40:26.474+0000] {processor.py:830} INFO - Processing file /home/airflow/.local/lib/python3.8/site-packages/airflow/example_dags/example_setup_teardown.py for tasks to queue
[2024-04-07T14:40:26.478+0000] {logging_mixin.py:188} INFO - [2024-04-07T14:40:26.478+0000] {dagbag.py:540} INFO - Filling up the DagBag from /home/airflow/.local/lib/python3.8/site-packages/airflow/example_dags/example_setup_teardown.py
[2024-04-07T14:40:26.500+0000] {processor.py:840} INFO - DAG(s) 'example_setup_teardown' retrieved from /home/airflow/.local/lib/python3.8/site-packages/airflow/example_dags/example_setup_teardown.py
[2024-04-07T14:40:26.592+0000] {logging_mixin.py:188} INFO - [2024-04-07T14:40:26.587+0000] {dag.py:3047} INFO - Sync 1 DAGs
[2024-04-07T14:40:26.682+0000] {logging_mixin.py:188} INFO - [2024-04-07T14:40:26.682+0000] {dag.py:3834} INFO - Setting next_dagrun for example_setup_teardown to 2024-04-06 00:00:00+00:00, run_after=2024-04-07 00:00:00+00:00
[2024-04-07T14:40:26.761+0000] {processor.py:183} INFO - Processing /home/airflow/.local/lib/python3.8/site-packages/airflow/example_dags/example_setup_teardown.py took 0.317 seconds
[2024-04-07T14:40:57.648+0000] {processor.py:161} INFO - Started process (PID=225) to work on /home/airflow/.local/lib/python3.8/site-packages/airflow/example_dags/example_setup_teardown.py
[2024-04-07T14:40:57.652+0000] {processor.py:830} INFO - Processing file /home/airflow/.local/lib/python3.8/site-packages/airflow/example_dags/example_setup_teardown.py for tasks to queue
[2024-04-07T14:40:57.656+0000] {logging_mixin.py:188} INFO - [2024-04-07T14:40:57.655+0000] {dagbag.py:540} INFO - Filling up the DagBag from /home/airflow/.local/lib/python3.8/site-packages/airflow/example_dags/example_setup_teardown.py
[2024-04-07T14:40:57.674+0000] {processor.py:840} INFO - DAG(s) 'example_setup_teardown' retrieved from /home/airflow/.local/lib/python3.8/site-packages/airflow/example_dags/example_setup_teardown.py
[2024-04-07T14:40:57.736+0000] {logging_mixin.py:188} INFO - [2024-04-07T14:40:57.735+0000] {dag.py:3047} INFO - Sync 1 DAGs
[2024-04-07T14:40:57.808+0000] {logging_mixin.py:188} INFO - [2024-04-07T14:40:57.802+0000] {dag.py:3834} INFO - Setting next_dagrun for example_setup_teardown to 2024-04-06 00:00:00+00:00, run_after=2024-04-07 00:00:00+00:00
[2024-04-07T14:40:57.955+0000] {processor.py:183} INFO - Processing /home/airflow/.local/lib/python3.8/site-packages/airflow/example_dags/example_setup_teardown.py took 0.314 seconds
[2024-04-07T14:41:32.136+0000] {processor.py:161} INFO - Started process (PID=288) to work on /home/airflow/.local/lib/python3.8/site-packages/airflow/example_dags/example_setup_teardown.py
[2024-04-07T14:41:32.139+0000] {processor.py:830} INFO - Processing file /home/airflow/.local/lib/python3.8/site-packages/airflow/example_dags/example_setup_teardown.py for tasks to queue
[2024-04-07T14:41:32.146+0000] {logging_mixin.py:188} INFO - [2024-04-07T14:41:32.145+0000] {dagbag.py:540} INFO - Filling up the DagBag from /home/airflow/.local/lib/python3.8/site-packages/airflow/example_dags/example_setup_teardown.py
[2024-04-07T14:41:32.170+0000] {processor.py:840} INFO - DAG(s) 'example_setup_teardown' retrieved from /home/airflow/.local/lib/python3.8/site-packages/airflow/example_dags/example_setup_teardown.py
[2024-04-07T14:41:32.263+0000] {logging_mixin.py:188} INFO - [2024-04-07T14:41:32.262+0000] {dag.py:3047} INFO - Sync 1 DAGs
[2024-04-07T14:41:32.367+0000] {logging_mixin.py:188} INFO - [2024-04-07T14:41:32.366+0000] {dag.py:3834} INFO - Setting next_dagrun for example_setup_teardown to 2024-04-06 00:00:00+00:00, run_after=2024-04-07 00:00:00+00:00
[2024-04-07T14:41:33.122+0000] {processor.py:183} INFO - Processing /home/airflow/.local/lib/python3.8/site-packages/airflow/example_dags/example_setup_teardown.py took 1.001 seconds
[2024-04-07T14:42:04.508+0000] {processor.py:161} INFO - Started process (PID=345) to work on /home/airflow/.local/lib/python3.8/site-packages/airflow/example_dags/example_setup_teardown.py
[2024-04-07T14:42:04.511+0000] {processor.py:830} INFO - Processing file /home/airflow/.local/lib/python3.8/site-packages/airflow/example_dags/example_setup_teardown.py for tasks to queue
[2024-04-07T14:42:04.523+0000] {logging_mixin.py:188} INFO - [2024-04-07T14:42:04.523+0000] {dagbag.py:540} INFO - Filling up the DagBag from /home/airflow/.local/lib/python3.8/site-packages/airflow/example_dags/example_setup_teardown.py
[2024-04-07T14:42:04.542+0000] {processor.py:840} INFO - DAG(s) 'example_setup_teardown' retrieved from /home/airflow/.local/lib/python3.8/site-packages/airflow/example_dags/example_setup_teardown.py
[2024-04-07T14:42:04.616+0000] {logging_mixin.py:188} INFO - [2024-04-07T14:42:04.614+0000] {dag.py:3047} INFO - Sync 1 DAGs
[2024-04-07T14:42:04.711+0000] {logging_mixin.py:188} INFO - [2024-04-07T14:42:04.711+0000] {dag.py:3834} INFO - Setting next_dagrun for example_setup_teardown to 2024-04-06 00:00:00+00:00, run_after=2024-04-07 00:00:00+00:00
[2024-04-07T14:42:04.831+0000] {processor.py:183} INFO - Processing /home/airflow/.local/lib/python3.8/site-packages/airflow/example_dags/example_setup_teardown.py took 0.341 seconds
[2024-04-07T14:42:35.214+0000] {processor.py:161} INFO - Started process (PID=402) to work on /home/airflow/.local/lib/python3.8/site-packages/airflow/example_dags/example_setup_teardown.py
[2024-04-07T14:42:35.221+0000] {processor.py:830} INFO - Processing file /home/airflow/.local/lib/python3.8/site-packages/airflow/example_dags/example_setup_teardown.py for tasks to queue
[2024-04-07T14:42:35.327+0000] {logging_mixin.py:188} INFO - [2024-04-07T14:42:35.326+0000] {dagbag.py:540} INFO - Filling up the DagBag from /home/airflow/.local/lib/python3.8/site-packages/airflow/example_dags/example_setup_teardown.py
[2024-04-07T14:42:35.377+0000] {processor.py:840} INFO - DAG(s) 'example_setup_teardown' retrieved from /home/airflow/.local/lib/python3.8/site-packages/airflow/example_dags/example_setup_teardown.py
[2024-04-07T14:42:35.461+0000] {logging_mixin.py:188} INFO - [2024-04-07T14:42:35.461+0000] {dag.py:3047} INFO - Sync 1 DAGs
[2024-04-07T14:42:35.515+0000] {logging_mixin.py:188} INFO - [2024-04-07T14:42:35.514+0000] {dag.py:3834} INFO - Setting next_dagrun for example_setup_teardown to 2024-04-06 00:00:00+00:00, run_after=2024-04-07 00:00:00+00:00
[2024-04-07T14:42:35.554+0000] {processor.py:183} INFO - Processing /home/airflow/.local/lib/python3.8/site-packages/airflow/example_dags/example_setup_teardown.py took 0.355 seconds
[2024-04-07T14:43:07.313+0000] {processor.py:161} INFO - Started process (PID=460) to work on /home/airflow/.local/lib/python3.8/site-packages/airflow/example_dags/example_setup_teardown.py
[2024-04-07T14:43:07.316+0000] {processor.py:830} INFO - Processing file /home/airflow/.local/lib/python3.8/site-packages/airflow/example_dags/example_setup_teardown.py for tasks to queue
[2024-04-07T14:43:07.322+0000] {logging_mixin.py:188} INFO - [2024-04-07T14:43:07.321+0000] {dagbag.py:540} INFO - Filling up the DagBag from /home/airflow/.local/lib/python3.8/site-packages/airflow/example_dags/example_setup_teardown.py
[2024-04-07T14:43:07.356+0000] {processor.py:840} INFO - DAG(s) 'example_setup_teardown' retrieved from /home/airflow/.local/lib/python3.8/site-packages/airflow/example_dags/example_setup_teardown.py
[2024-04-07T14:43:07.411+0000] {logging_mixin.py:188} INFO - [2024-04-07T14:43:07.411+0000] {dag.py:3047} INFO - Sync 1 DAGs
[2024-04-07T14:43:07.461+0000] {logging_mixin.py:188} INFO - [2024-04-07T14:43:07.459+0000] {dag.py:3834} INFO - Setting next_dagrun for example_setup_teardown to 2024-04-06 00:00:00+00:00, run_after=2024-04-07 00:00:00+00:00
[2024-04-07T14:43:07.694+0000] {processor.py:183} INFO - Processing /home/airflow/.local/lib/python3.8/site-packages/airflow/example_dags/example_setup_teardown.py took 0.396 seconds
[2024-04-07T14:43:38.855+0000] {processor.py:161} INFO - Started process (PID=517) to work on /home/airflow/.local/lib/python3.8/site-packages/airflow/example_dags/example_setup_teardown.py
[2024-04-07T14:43:38.858+0000] {processor.py:830} INFO - Processing file /home/airflow/.local/lib/python3.8/site-packages/airflow/example_dags/example_setup_teardown.py for tasks to queue
[2024-04-07T14:43:38.863+0000] {logging_mixin.py:188} INFO - [2024-04-07T14:43:38.862+0000] {dagbag.py:540} INFO - Filling up the DagBag from /home/airflow/.local/lib/python3.8/site-packages/airflow/example_dags/example_setup_teardown.py
[2024-04-07T14:43:38.879+0000] {processor.py:840} INFO - DAG(s) 'example_setup_teardown' retrieved from /home/airflow/.local/lib/python3.8/site-packages/airflow/example_dags/example_setup_teardown.py
[2024-04-07T14:43:38.927+0000] {logging_mixin.py:188} INFO - [2024-04-07T14:43:38.927+0000] {dag.py:3047} INFO - Sync 1 DAGs
[2024-04-07T14:43:38.976+0000] {logging_mixin.py:188} INFO - [2024-04-07T14:43:38.975+0000] {dag.py:3834} INFO - Setting next_dagrun for example_setup_teardown to 2024-04-06 00:00:00+00:00, run_after=2024-04-07 00:00:00+00:00
[2024-04-07T14:43:39.028+0000] {processor.py:183} INFO - Processing /home/airflow/.local/lib/python3.8/site-packages/airflow/example_dags/example_setup_teardown.py took 0.183 seconds
[2024-04-07T14:44:09.649+0000] {processor.py:161} INFO - Started process (PID=574) to work on /home/airflow/.local/lib/python3.8/site-packages/airflow/example_dags/example_setup_teardown.py
[2024-04-07T14:44:09.651+0000] {processor.py:830} INFO - Processing file /home/airflow/.local/lib/python3.8/site-packages/airflow/example_dags/example_setup_teardown.py for tasks to queue
[2024-04-07T14:44:09.667+0000] {logging_mixin.py:188} INFO - [2024-04-07T14:44:09.666+0000] {dagbag.py:540} INFO - Filling up the DagBag from /home/airflow/.local/lib/python3.8/site-packages/airflow/example_dags/example_setup_teardown.py
[2024-04-07T14:44:09.693+0000] {processor.py:840} INFO - DAG(s) 'example_setup_teardown' retrieved from /home/airflow/.local/lib/python3.8/site-packages/airflow/example_dags/example_setup_teardown.py
[2024-04-07T14:44:09.775+0000] {logging_mixin.py:188} INFO - [2024-04-07T14:44:09.775+0000] {dag.py:3047} INFO - Sync 1 DAGs
[2024-04-07T14:44:09.858+0000] {logging_mixin.py:188} INFO - [2024-04-07T14:44:09.857+0000] {dag.py:3834} INFO - Setting next_dagrun for example_setup_teardown to 2024-04-06 00:00:00+00:00, run_after=2024-04-07 00:00:00+00:00
[2024-04-07T14:44:09.920+0000] {processor.py:183} INFO - Processing /home/airflow/.local/lib/python3.8/site-packages/airflow/example_dags/example_setup_teardown.py took 0.279 seconds
[2024-04-07T14:44:43.121+0000] {processor.py:161} INFO - Started process (PID=629) to work on /home/airflow/.local/lib/python3.8/site-packages/airflow/example_dags/example_setup_teardown.py
[2024-04-07T14:44:43.143+0000] {processor.py:830} INFO - Processing file /home/airflow/.local/lib/python3.8/site-packages/airflow/example_dags/example_setup_teardown.py for tasks to queue
[2024-04-07T14:44:43.167+0000] {logging_mixin.py:188} INFO - [2024-04-07T14:44:43.164+0000] {dagbag.py:540} INFO - Filling up the DagBag from /home/airflow/.local/lib/python3.8/site-packages/airflow/example_dags/example_setup_teardown.py
[2024-04-07T14:44:43.347+0000] {processor.py:840} INFO - DAG(s) 'example_setup_teardown' retrieved from /home/airflow/.local/lib/python3.8/site-packages/airflow/example_dags/example_setup_teardown.py
[2024-04-07T14:44:43.727+0000] {logging_mixin.py:188} INFO - [2024-04-07T14:44:43.727+0000] {dag.py:3047} INFO - Sync 1 DAGs
[2024-04-07T14:44:44.167+0000] {logging_mixin.py:188} INFO - [2024-04-07T14:44:44.167+0000] {dag.py:3834} INFO - Setting next_dagrun for example_setup_teardown to 2024-04-06 00:00:00+00:00, run_after=2024-04-07 00:00:00+00:00
[2024-04-07T14:44:44.651+0000] {processor.py:183} INFO - Processing /home/airflow/.local/lib/python3.8/site-packages/airflow/example_dags/example_setup_teardown.py took 1.564 seconds
[2024-04-07T14:45:15.341+0000] {processor.py:161} INFO - Started process (PID=686) to work on /home/airflow/.local/lib/python3.8/site-packages/airflow/example_dags/example_setup_teardown.py
[2024-04-07T14:45:15.345+0000] {processor.py:830} INFO - Processing file /home/airflow/.local/lib/python3.8/site-packages/airflow/example_dags/example_setup_teardown.py for tasks to queue
[2024-04-07T14:45:15.350+0000] {logging_mixin.py:188} INFO - [2024-04-07T14:45:15.349+0000] {dagbag.py:540} INFO - Filling up the DagBag from /home/airflow/.local/lib/python3.8/site-packages/airflow/example_dags/example_setup_teardown.py
[2024-04-07T14:45:15.368+0000] {processor.py:840} INFO - DAG(s) 'example_setup_teardown' retrieved from /home/airflow/.local/lib/python3.8/site-packages/airflow/example_dags/example_setup_teardown.py
[2024-04-07T14:45:15.429+0000] {logging_mixin.py:188} INFO - [2024-04-07T14:45:15.428+0000] {dag.py:3047} INFO - Sync 1 DAGs
[2024-04-07T14:45:15.484+0000] {logging_mixin.py:188} INFO - [2024-04-07T14:45:15.484+0000] {dag.py:3834} INFO - Setting next_dagrun for example_setup_teardown to 2024-04-06 00:00:00+00:00, run_after=2024-04-07 00:00:00+00:00
[2024-04-07T14:45:15.524+0000] {processor.py:183} INFO - Processing /home/airflow/.local/lib/python3.8/site-packages/airflow/example_dags/example_setup_teardown.py took 0.191 seconds
[2024-04-07T14:45:45.756+0000] {processor.py:161} INFO - Started process (PID=742) to work on /home/airflow/.local/lib/python3.8/site-packages/airflow/example_dags/example_setup_teardown.py
[2024-04-07T14:45:45.758+0000] {processor.py:830} INFO - Processing file /home/airflow/.local/lib/python3.8/site-packages/airflow/example_dags/example_setup_teardown.py for tasks to queue
[2024-04-07T14:45:45.761+0000] {logging_mixin.py:188} INFO - [2024-04-07T14:45:45.760+0000] {dagbag.py:540} INFO - Filling up the DagBag from /home/airflow/.local/lib/python3.8/site-packages/airflow/example_dags/example_setup_teardown.py
[2024-04-07T14:45:45.772+0000] {processor.py:840} INFO - DAG(s) 'example_setup_teardown' retrieved from /home/airflow/.local/lib/python3.8/site-packages/airflow/example_dags/example_setup_teardown.py
[2024-04-07T14:45:45.805+0000] {logging_mixin.py:188} INFO - [2024-04-07T14:45:45.804+0000] {dag.py:3047} INFO - Sync 1 DAGs
[2024-04-07T14:45:45.842+0000] {logging_mixin.py:188} INFO - [2024-04-07T14:45:45.841+0000] {dag.py:3834} INFO - Setting next_dagrun for example_setup_teardown to 2024-04-06 00:00:00+00:00, run_after=2024-04-07 00:00:00+00:00
[2024-04-07T14:45:45.872+0000] {processor.py:183} INFO - Processing /home/airflow/.local/lib/python3.8/site-packages/airflow/example_dags/example_setup_teardown.py took 0.122 seconds
[2024-04-07T14:46:16.186+0000] {processor.py:161} INFO - Started process (PID=799) to work on /home/airflow/.local/lib/python3.8/site-packages/airflow/example_dags/example_setup_teardown.py
[2024-04-07T14:46:16.187+0000] {processor.py:830} INFO - Processing file /home/airflow/.local/lib/python3.8/site-packages/airflow/example_dags/example_setup_teardown.py for tasks to queue
[2024-04-07T14:46:16.194+0000] {logging_mixin.py:188} INFO - [2024-04-07T14:46:16.194+0000] {dagbag.py:540} INFO - Filling up the DagBag from /home/airflow/.local/lib/python3.8/site-packages/airflow/example_dags/example_setup_teardown.py
[2024-04-07T14:46:16.209+0000] {processor.py:840} INFO - DAG(s) 'example_setup_teardown' retrieved from /home/airflow/.local/lib/python3.8/site-packages/airflow/example_dags/example_setup_teardown.py
[2024-04-07T14:46:16.251+0000] {logging_mixin.py:188} INFO - [2024-04-07T14:46:16.251+0000] {dag.py:3047} INFO - Sync 1 DAGs
[2024-04-07T14:46:16.303+0000] {logging_mixin.py:188} INFO - [2024-04-07T14:46:16.302+0000] {dag.py:3834} INFO - Setting next_dagrun for example_setup_teardown to 2024-04-06 00:00:00+00:00, run_after=2024-04-07 00:00:00+00:00
[2024-04-07T14:46:16.352+0000] {processor.py:183} INFO - Processing /home/airflow/.local/lib/python3.8/site-packages/airflow/example_dags/example_setup_teardown.py took 0.172 seconds
[2024-04-07T14:46:47.164+0000] {processor.py:161} INFO - Started process (PID=855) to work on /home/airflow/.local/lib/python3.8/site-packages/airflow/example_dags/example_setup_teardown.py
[2024-04-07T14:46:47.166+0000] {processor.py:830} INFO - Processing file /home/airflow/.local/lib/python3.8/site-packages/airflow/example_dags/example_setup_teardown.py for tasks to queue
[2024-04-07T14:46:47.170+0000] {logging_mixin.py:188} INFO - [2024-04-07T14:46:47.169+0000] {dagbag.py:540} INFO - Filling up the DagBag from /home/airflow/.local/lib/python3.8/site-packages/airflow/example_dags/example_setup_teardown.py
[2024-04-07T14:46:47.191+0000] {processor.py:840} INFO - DAG(s) 'example_setup_teardown' retrieved from /home/airflow/.local/lib/python3.8/site-packages/airflow/example_dags/example_setup_teardown.py
[2024-04-07T14:46:47.266+0000] {logging_mixin.py:188} INFO - [2024-04-07T14:46:47.266+0000] {dag.py:3047} INFO - Sync 1 DAGs
[2024-04-07T14:46:47.336+0000] {logging_mixin.py:188} INFO - [2024-04-07T14:46:47.336+0000] {dag.py:3834} INFO - Setting next_dagrun for example_setup_teardown to 2024-04-06 00:00:00+00:00, run_after=2024-04-07 00:00:00+00:00
[2024-04-07T14:46:47.398+0000] {processor.py:183} INFO - Processing /home/airflow/.local/lib/python3.8/site-packages/airflow/example_dags/example_setup_teardown.py took 0.239 seconds
[2024-04-07T14:47:18.737+0000] {processor.py:161} INFO - Started process (PID=912) to work on /home/airflow/.local/lib/python3.8/site-packages/airflow/example_dags/example_setup_teardown.py
[2024-04-07T14:47:18.744+0000] {processor.py:830} INFO - Processing file /home/airflow/.local/lib/python3.8/site-packages/airflow/example_dags/example_setup_teardown.py for tasks to queue
[2024-04-07T14:47:18.759+0000] {logging_mixin.py:188} INFO - [2024-04-07T14:47:18.758+0000] {dagbag.py:540} INFO - Filling up the DagBag from /home/airflow/.local/lib/python3.8/site-packages/airflow/example_dags/example_setup_teardown.py
[2024-04-07T14:47:18.799+0000] {processor.py:840} INFO - DAG(s) 'example_setup_teardown' retrieved from /home/airflow/.local/lib/python3.8/site-packages/airflow/example_dags/example_setup_teardown.py
[2024-04-07T14:47:18.893+0000] {logging_mixin.py:188} INFO - [2024-04-07T14:47:18.893+0000] {dag.py:3047} INFO - Sync 1 DAGs
[2024-04-07T14:47:18.984+0000] {logging_mixin.py:188} INFO - [2024-04-07T14:47:18.983+0000] {dag.py:3834} INFO - Setting next_dagrun for example_setup_teardown to 2024-04-06 00:00:00+00:00, run_after=2024-04-07 00:00:00+00:00
[2024-04-07T14:47:19.042+0000] {processor.py:183} INFO - Processing /home/airflow/.local/lib/python3.8/site-packages/airflow/example_dags/example_setup_teardown.py took 0.311 seconds
[2024-04-07T14:47:49.881+0000] {processor.py:161} INFO - Started process (PID=969) to work on /home/airflow/.local/lib/python3.8/site-packages/airflow/example_dags/example_setup_teardown.py
[2024-04-07T14:47:49.883+0000] {processor.py:830} INFO - Processing file /home/airflow/.local/lib/python3.8/site-packages/airflow/example_dags/example_setup_teardown.py for tasks to queue
[2024-04-07T14:47:49.888+0000] {logging_mixin.py:188} INFO - [2024-04-07T14:47:49.887+0000] {dagbag.py:540} INFO - Filling up the DagBag from /home/airflow/.local/lib/python3.8/site-packages/airflow/example_dags/example_setup_teardown.py
[2024-04-07T14:47:49.910+0000] {processor.py:840} INFO - DAG(s) 'example_setup_teardown' retrieved from /home/airflow/.local/lib/python3.8/site-packages/airflow/example_dags/example_setup_teardown.py
[2024-04-07T14:47:49.999+0000] {logging_mixin.py:188} INFO - [2024-04-07T14:47:49.998+0000] {dag.py:3047} INFO - Sync 1 DAGs
[2024-04-07T14:47:50.081+0000] {logging_mixin.py:188} INFO - [2024-04-07T14:47:50.081+0000] {dag.py:3834} INFO - Setting next_dagrun for example_setup_teardown to 2024-04-06 00:00:00+00:00, run_after=2024-04-07 00:00:00+00:00
[2024-04-07T14:47:50.213+0000] {processor.py:183} INFO - Processing /home/airflow/.local/lib/python3.8/site-packages/airflow/example_dags/example_setup_teardown.py took 0.343 seconds
[2024-04-07T14:48:20.537+0000] {processor.py:161} INFO - Started process (PID=1026) to work on /home/airflow/.local/lib/python3.8/site-packages/airflow/example_dags/example_setup_teardown.py
[2024-04-07T14:48:20.540+0000] {processor.py:830} INFO - Processing file /home/airflow/.local/lib/python3.8/site-packages/airflow/example_dags/example_setup_teardown.py for tasks to queue
[2024-04-07T14:48:20.547+0000] {logging_mixin.py:188} INFO - [2024-04-07T14:48:20.546+0000] {dagbag.py:540} INFO - Filling up the DagBag from /home/airflow/.local/lib/python3.8/site-packages/airflow/example_dags/example_setup_teardown.py
[2024-04-07T14:48:20.562+0000] {processor.py:840} INFO - DAG(s) 'example_setup_teardown' retrieved from /home/airflow/.local/lib/python3.8/site-packages/airflow/example_dags/example_setup_teardown.py
[2024-04-07T14:48:20.631+0000] {logging_mixin.py:188} INFO - [2024-04-07T14:48:20.630+0000] {dag.py:3047} INFO - Sync 1 DAGs
[2024-04-07T14:48:20.691+0000] {logging_mixin.py:188} INFO - [2024-04-07T14:48:20.691+0000] {dag.py:3834} INFO - Setting next_dagrun for example_setup_teardown to 2024-04-06 00:00:00+00:00, run_after=2024-04-07 00:00:00+00:00
[2024-04-07T14:48:20.741+0000] {processor.py:183} INFO - Processing /home/airflow/.local/lib/python3.8/site-packages/airflow/example_dags/example_setup_teardown.py took 0.210 seconds
[2024-04-07T14:48:51.459+0000] {processor.py:161} INFO - Started process (PID=1084) to work on /home/airflow/.local/lib/python3.8/site-packages/airflow/example_dags/example_setup_teardown.py
[2024-04-07T14:48:51.461+0000] {processor.py:830} INFO - Processing file /home/airflow/.local/lib/python3.8/site-packages/airflow/example_dags/example_setup_teardown.py for tasks to queue
[2024-04-07T14:48:51.470+0000] {logging_mixin.py:188} INFO - [2024-04-07T14:48:51.469+0000] {dagbag.py:540} INFO - Filling up the DagBag from /home/airflow/.local/lib/python3.8/site-packages/airflow/example_dags/example_setup_teardown.py
[2024-04-07T14:48:51.494+0000] {processor.py:840} INFO - DAG(s) 'example_setup_teardown' retrieved from /home/airflow/.local/lib/python3.8/site-packages/airflow/example_dags/example_setup_teardown.py
[2024-04-07T14:48:51.601+0000] {logging_mixin.py:188} INFO - [2024-04-07T14:48:51.599+0000] {dag.py:3047} INFO - Sync 1 DAGs
[2024-04-07T14:48:51.676+0000] {logging_mixin.py:188} INFO - [2024-04-07T14:48:51.676+0000] {dag.py:3834} INFO - Setting next_dagrun for example_setup_teardown to 2024-04-06 00:00:00+00:00, run_after=2024-04-07 00:00:00+00:00
[2024-04-07T14:48:51.736+0000] {processor.py:183} INFO - Processing /home/airflow/.local/lib/python3.8/site-packages/airflow/example_dags/example_setup_teardown.py took 0.285 seconds
[2024-04-07T14:49:22.542+0000] {processor.py:161} INFO - Started process (PID=1141) to work on /home/airflow/.local/lib/python3.8/site-packages/airflow/example_dags/example_setup_teardown.py
[2024-04-07T14:49:22.544+0000] {processor.py:830} INFO - Processing file /home/airflow/.local/lib/python3.8/site-packages/airflow/example_dags/example_setup_teardown.py for tasks to queue
[2024-04-07T14:49:22.548+0000] {logging_mixin.py:188} INFO - [2024-04-07T14:49:22.548+0000] {dagbag.py:540} INFO - Filling up the DagBag from /home/airflow/.local/lib/python3.8/site-packages/airflow/example_dags/example_setup_teardown.py
[2024-04-07T14:49:22.574+0000] {processor.py:840} INFO - DAG(s) 'example_setup_teardown' retrieved from /home/airflow/.local/lib/python3.8/site-packages/airflow/example_dags/example_setup_teardown.py
[2024-04-07T14:49:22.631+0000] {logging_mixin.py:188} INFO - [2024-04-07T14:49:22.630+0000] {dag.py:3047} INFO - Sync 1 DAGs
[2024-04-07T14:49:22.699+0000] {logging_mixin.py:188} INFO - [2024-04-07T14:49:22.698+0000] {dag.py:3834} INFO - Setting next_dagrun for example_setup_teardown to 2024-04-06 00:00:00+00:00, run_after=2024-04-07 00:00:00+00:00
[2024-04-07T14:49:22.756+0000] {processor.py:183} INFO - Processing /home/airflow/.local/lib/python3.8/site-packages/airflow/example_dags/example_setup_teardown.py took 0.228 seconds
[2024-04-07T14:49:53.933+0000] {processor.py:161} INFO - Started process (PID=1198) to work on /home/airflow/.local/lib/python3.8/site-packages/airflow/example_dags/example_setup_teardown.py
[2024-04-07T14:49:53.935+0000] {processor.py:830} INFO - Processing file /home/airflow/.local/lib/python3.8/site-packages/airflow/example_dags/example_setup_teardown.py for tasks to queue
[2024-04-07T14:49:53.939+0000] {logging_mixin.py:188} INFO - [2024-04-07T14:49:53.939+0000] {dagbag.py:540} INFO - Filling up the DagBag from /home/airflow/.local/lib/python3.8/site-packages/airflow/example_dags/example_setup_teardown.py
[2024-04-07T14:49:53.953+0000] {processor.py:840} INFO - DAG(s) 'example_setup_teardown' retrieved from /home/airflow/.local/lib/python3.8/site-packages/airflow/example_dags/example_setup_teardown.py
[2024-04-07T14:49:53.987+0000] {logging_mixin.py:188} INFO - [2024-04-07T14:49:53.987+0000] {dag.py:3047} INFO - Sync 1 DAGs
[2024-04-07T14:49:54.025+0000] {logging_mixin.py:188} INFO - [2024-04-07T14:49:54.025+0000] {dag.py:3834} INFO - Setting next_dagrun for example_setup_teardown to 2024-04-06 00:00:00+00:00, run_after=2024-04-07 00:00:00+00:00
[2024-04-07T14:49:54.177+0000] {processor.py:183} INFO - Processing /home/airflow/.local/lib/python3.8/site-packages/airflow/example_dags/example_setup_teardown.py took 0.250 seconds
[2024-04-07T14:50:25.647+0000] {processor.py:161} INFO - Started process (PID=1254) to work on /home/airflow/.local/lib/python3.8/site-packages/airflow/example_dags/example_setup_teardown.py
[2024-04-07T14:50:25.766+0000] {processor.py:830} INFO - Processing file /home/airflow/.local/lib/python3.8/site-packages/airflow/example_dags/example_setup_teardown.py for tasks to queue
[2024-04-07T14:50:25.770+0000] {logging_mixin.py:188} INFO - [2024-04-07T14:50:25.770+0000] {dagbag.py:540} INFO - Filling up the DagBag from /home/airflow/.local/lib/python3.8/site-packages/airflow/example_dags/example_setup_teardown.py
[2024-04-07T14:50:25.786+0000] {processor.py:840} INFO - DAG(s) 'example_setup_teardown' retrieved from /home/airflow/.local/lib/python3.8/site-packages/airflow/example_dags/example_setup_teardown.py
[2024-04-07T14:50:25.894+0000] {logging_mixin.py:188} INFO - [2024-04-07T14:50:25.893+0000] {dag.py:3047} INFO - Sync 1 DAGs
[2024-04-07T14:50:26.001+0000] {logging_mixin.py:188} INFO - [2024-04-07T14:50:26.001+0000] {dag.py:3834} INFO - Setting next_dagrun for example_setup_teardown to 2024-04-06 00:00:00+00:00, run_after=2024-04-07 00:00:00+00:00
[2024-04-07T14:50:26.306+0000] {processor.py:183} INFO - Processing /home/airflow/.local/lib/python3.8/site-packages/airflow/example_dags/example_setup_teardown.py took 0.665 seconds
[2024-04-07T14:50:57.008+0000] {processor.py:161} INFO - Started process (PID=1312) to work on /home/airflow/.local/lib/python3.8/site-packages/airflow/example_dags/example_setup_teardown.py
[2024-04-07T14:50:57.011+0000] {processor.py:830} INFO - Processing file /home/airflow/.local/lib/python3.8/site-packages/airflow/example_dags/example_setup_teardown.py for tasks to queue
[2024-04-07T14:50:57.019+0000] {logging_mixin.py:188} INFO - [2024-04-07T14:50:57.018+0000] {dagbag.py:540} INFO - Filling up the DagBag from /home/airflow/.local/lib/python3.8/site-packages/airflow/example_dags/example_setup_teardown.py
[2024-04-07T14:50:57.036+0000] {processor.py:840} INFO - DAG(s) 'example_setup_teardown' retrieved from /home/airflow/.local/lib/python3.8/site-packages/airflow/example_dags/example_setup_teardown.py
[2024-04-07T14:50:57.087+0000] {logging_mixin.py:188} INFO - [2024-04-07T14:50:57.086+0000] {dag.py:3047} INFO - Sync 1 DAGs
[2024-04-07T14:50:57.147+0000] {logging_mixin.py:188} INFO - [2024-04-07T14:50:57.146+0000] {dag.py:3834} INFO - Setting next_dagrun for example_setup_teardown to 2024-04-06 00:00:00+00:00, run_after=2024-04-07 00:00:00+00:00
[2024-04-07T14:50:57.226+0000] {processor.py:183} INFO - Processing /home/airflow/.local/lib/python3.8/site-packages/airflow/example_dags/example_setup_teardown.py took 0.225 seconds
[2024-04-07T14:51:27.662+0000] {processor.py:161} INFO - Started process (PID=1368) to work on /home/airflow/.local/lib/python3.8/site-packages/airflow/example_dags/example_setup_teardown.py
[2024-04-07T14:51:27.665+0000] {processor.py:830} INFO - Processing file /home/airflow/.local/lib/python3.8/site-packages/airflow/example_dags/example_setup_teardown.py for tasks to queue
[2024-04-07T14:51:27.669+0000] {logging_mixin.py:188} INFO - [2024-04-07T14:51:27.668+0000] {dagbag.py:540} INFO - Filling up the DagBag from /home/airflow/.local/lib/python3.8/site-packages/airflow/example_dags/example_setup_teardown.py
[2024-04-07T14:51:27.691+0000] {processor.py:840} INFO - DAG(s) 'example_setup_teardown' retrieved from /home/airflow/.local/lib/python3.8/site-packages/airflow/example_dags/example_setup_teardown.py
[2024-04-07T14:51:27.755+0000] {logging_mixin.py:188} INFO - [2024-04-07T14:51:27.755+0000] {dag.py:3047} INFO - Sync 1 DAGs
[2024-04-07T14:51:27.810+0000] {logging_mixin.py:188} INFO - [2024-04-07T14:51:27.808+0000] {dag.py:3834} INFO - Setting next_dagrun for example_setup_teardown to 2024-04-06 00:00:00+00:00, run_after=2024-04-07 00:00:00+00:00
[2024-04-07T14:51:28.017+0000] {processor.py:183} INFO - Processing /home/airflow/.local/lib/python3.8/site-packages/airflow/example_dags/example_setup_teardown.py took 0.363 seconds
[2024-04-07T14:51:58.518+0000] {processor.py:161} INFO - Started process (PID=1427) to work on /home/airflow/.local/lib/python3.8/site-packages/airflow/example_dags/example_setup_teardown.py
[2024-04-07T14:51:58.531+0000] {processor.py:830} INFO - Processing file /home/airflow/.local/lib/python3.8/site-packages/airflow/example_dags/example_setup_teardown.py for tasks to queue
[2024-04-07T14:51:58.539+0000] {logging_mixin.py:188} INFO - [2024-04-07T14:51:58.539+0000] {dagbag.py:540} INFO - Filling up the DagBag from /home/airflow/.local/lib/python3.8/site-packages/airflow/example_dags/example_setup_teardown.py
[2024-04-07T14:51:58.573+0000] {processor.py:840} INFO - DAG(s) 'example_setup_teardown' retrieved from /home/airflow/.local/lib/python3.8/site-packages/airflow/example_dags/example_setup_teardown.py
[2024-04-07T14:51:58.684+0000] {logging_mixin.py:188} INFO - [2024-04-07T14:51:58.684+0000] {dag.py:3047} INFO - Sync 1 DAGs
[2024-04-07T14:51:58.804+0000] {logging_mixin.py:188} INFO - [2024-04-07T14:51:58.803+0000] {dag.py:3834} INFO - Setting next_dagrun for example_setup_teardown to 2024-04-06 00:00:00+00:00, run_after=2024-04-07 00:00:00+00:00
[2024-04-07T14:51:58.951+0000] {processor.py:183} INFO - Processing /home/airflow/.local/lib/python3.8/site-packages/airflow/example_dags/example_setup_teardown.py took 0.452 seconds
[2024-04-07T14:52:29.938+0000] {processor.py:161} INFO - Started process (PID=1484) to work on /home/airflow/.local/lib/python3.8/site-packages/airflow/example_dags/example_setup_teardown.py
[2024-04-07T14:52:29.941+0000] {processor.py:830} INFO - Processing file /home/airflow/.local/lib/python3.8/site-packages/airflow/example_dags/example_setup_teardown.py for tasks to queue
[2024-04-07T14:52:29.956+0000] {logging_mixin.py:188} INFO - [2024-04-07T14:52:29.955+0000] {dagbag.py:540} INFO - Filling up the DagBag from /home/airflow/.local/lib/python3.8/site-packages/airflow/example_dags/example_setup_teardown.py
[2024-04-07T14:52:29.987+0000] {processor.py:840} INFO - DAG(s) 'example_setup_teardown' retrieved from /home/airflow/.local/lib/python3.8/site-packages/airflow/example_dags/example_setup_teardown.py
[2024-04-07T14:52:30.037+0000] {logging_mixin.py:188} INFO - [2024-04-07T14:52:30.037+0000] {dag.py:3047} INFO - Sync 1 DAGs
[2024-04-07T14:52:30.080+0000] {logging_mixin.py:188} INFO - [2024-04-07T14:52:30.080+0000] {dag.py:3834} INFO - Setting next_dagrun for example_setup_teardown to 2024-04-06 00:00:00+00:00, run_after=2024-04-07 00:00:00+00:00
[2024-04-07T14:52:30.134+0000] {processor.py:183} INFO - Processing /home/airflow/.local/lib/python3.8/site-packages/airflow/example_dags/example_setup_teardown.py took 0.207 seconds
[2024-04-07T14:53:00.676+0000] {processor.py:161} INFO - Started process (PID=1541) to work on /home/airflow/.local/lib/python3.8/site-packages/airflow/example_dags/example_setup_teardown.py
[2024-04-07T14:53:00.679+0000] {processor.py:830} INFO - Processing file /home/airflow/.local/lib/python3.8/site-packages/airflow/example_dags/example_setup_teardown.py for tasks to queue
[2024-04-07T14:53:00.685+0000] {logging_mixin.py:188} INFO - [2024-04-07T14:53:00.684+0000] {dagbag.py:540} INFO - Filling up the DagBag from /home/airflow/.local/lib/python3.8/site-packages/airflow/example_dags/example_setup_teardown.py
[2024-04-07T14:53:00.734+0000] {processor.py:840} INFO - DAG(s) 'example_setup_teardown' retrieved from /home/airflow/.local/lib/python3.8/site-packages/airflow/example_dags/example_setup_teardown.py
[2024-04-07T14:53:00.875+0000] {logging_mixin.py:188} INFO - [2024-04-07T14:53:00.874+0000] {dag.py:3047} INFO - Sync 1 DAGs
[2024-04-07T14:53:01.064+0000] {logging_mixin.py:188} INFO - [2024-04-07T14:53:01.052+0000] {dag.py:3834} INFO - Setting next_dagrun for example_setup_teardown to 2024-04-06 00:00:00+00:00, run_after=2024-04-07 00:00:00+00:00
[2024-04-07T14:53:01.258+0000] {processor.py:183} INFO - Processing /home/airflow/.local/lib/python3.8/site-packages/airflow/example_dags/example_setup_teardown.py took 0.598 seconds
[2024-04-07T14:53:31.629+0000] {processor.py:161} INFO - Started process (PID=1598) to work on /home/airflow/.local/lib/python3.8/site-packages/airflow/example_dags/example_setup_teardown.py
[2024-04-07T14:53:31.631+0000] {processor.py:830} INFO - Processing file /home/airflow/.local/lib/python3.8/site-packages/airflow/example_dags/example_setup_teardown.py for tasks to queue
[2024-04-07T14:53:31.635+0000] {logging_mixin.py:188} INFO - [2024-04-07T14:53:31.634+0000] {dagbag.py:540} INFO - Filling up the DagBag from /home/airflow/.local/lib/python3.8/site-packages/airflow/example_dags/example_setup_teardown.py
[2024-04-07T14:53:31.649+0000] {processor.py:840} INFO - DAG(s) 'example_setup_teardown' retrieved from /home/airflow/.local/lib/python3.8/site-packages/airflow/example_dags/example_setup_teardown.py
[2024-04-07T14:53:31.691+0000] {logging_mixin.py:188} INFO - [2024-04-07T14:53:31.691+0000] {dag.py:3047} INFO - Sync 1 DAGs
[2024-04-07T14:53:31.750+0000] {logging_mixin.py:188} INFO - [2024-04-07T14:53:31.750+0000] {dag.py:3834} INFO - Setting next_dagrun for example_setup_teardown to 2024-04-06 00:00:00+00:00, run_after=2024-04-07 00:00:00+00:00
[2024-04-07T14:53:31.803+0000] {processor.py:183} INFO - Processing /home/airflow/.local/lib/python3.8/site-packages/airflow/example_dags/example_setup_teardown.py took 0.179 seconds
[2024-04-07T14:54:02.097+0000] {processor.py:161} INFO - Started process (PID=1655) to work on /home/airflow/.local/lib/python3.8/site-packages/airflow/example_dags/example_setup_teardown.py
[2024-04-07T14:54:02.099+0000] {processor.py:830} INFO - Processing file /home/airflow/.local/lib/python3.8/site-packages/airflow/example_dags/example_setup_teardown.py for tasks to queue
[2024-04-07T14:54:02.102+0000] {logging_mixin.py:188} INFO - [2024-04-07T14:54:02.102+0000] {dagbag.py:540} INFO - Filling up the DagBag from /home/airflow/.local/lib/python3.8/site-packages/airflow/example_dags/example_setup_teardown.py
[2024-04-07T14:54:02.113+0000] {processor.py:840} INFO - DAG(s) 'example_setup_teardown' retrieved from /home/airflow/.local/lib/python3.8/site-packages/airflow/example_dags/example_setup_teardown.py
[2024-04-07T14:54:02.149+0000] {logging_mixin.py:188} INFO - [2024-04-07T14:54:02.148+0000] {dag.py:3047} INFO - Sync 1 DAGs
[2024-04-07T14:54:02.197+0000] {logging_mixin.py:188} INFO - [2024-04-07T14:54:02.197+0000] {dag.py:3834} INFO - Setting next_dagrun for example_setup_teardown to 2024-04-06 00:00:00+00:00, run_after=2024-04-07 00:00:00+00:00
[2024-04-07T14:54:02.243+0000] {processor.py:183} INFO - Processing /home/airflow/.local/lib/python3.8/site-packages/airflow/example_dags/example_setup_teardown.py took 0.151 seconds
[2024-04-07T14:54:33.017+0000] {processor.py:161} INFO - Started process (PID=1718) to work on /home/airflow/.local/lib/python3.8/site-packages/airflow/example_dags/example_setup_teardown.py
[2024-04-07T14:54:33.019+0000] {processor.py:830} INFO - Processing file /home/airflow/.local/lib/python3.8/site-packages/airflow/example_dags/example_setup_teardown.py for tasks to queue
[2024-04-07T14:54:33.022+0000] {logging_mixin.py:188} INFO - [2024-04-07T14:54:33.021+0000] {dagbag.py:540} INFO - Filling up the DagBag from /home/airflow/.local/lib/python3.8/site-packages/airflow/example_dags/example_setup_teardown.py
[2024-04-07T14:54:33.033+0000] {processor.py:840} INFO - DAG(s) 'example_setup_teardown' retrieved from /home/airflow/.local/lib/python3.8/site-packages/airflow/example_dags/example_setup_teardown.py
[2024-04-07T14:54:33.068+0000] {logging_mixin.py:188} INFO - [2024-04-07T14:54:33.067+0000] {dag.py:3047} INFO - Sync 1 DAGs
[2024-04-07T14:54:33.111+0000] {logging_mixin.py:188} INFO - [2024-04-07T14:54:33.111+0000] {dag.py:3834} INFO - Setting next_dagrun for example_setup_teardown to 2024-04-06 00:00:00+00:00, run_after=2024-04-07 00:00:00+00:00
[2024-04-07T14:54:33.149+0000] {processor.py:183} INFO - Processing /home/airflow/.local/lib/python3.8/site-packages/airflow/example_dags/example_setup_teardown.py took 0.138 seconds
[2024-04-07T14:55:04.083+0000] {processor.py:161} INFO - Started process (PID=1774) to work on /home/airflow/.local/lib/python3.8/site-packages/airflow/example_dags/example_setup_teardown.py
[2024-04-07T14:55:04.086+0000] {processor.py:830} INFO - Processing file /home/airflow/.local/lib/python3.8/site-packages/airflow/example_dags/example_setup_teardown.py for tasks to queue
[2024-04-07T14:55:04.089+0000] {logging_mixin.py:188} INFO - [2024-04-07T14:55:04.089+0000] {dagbag.py:540} INFO - Filling up the DagBag from /home/airflow/.local/lib/python3.8/site-packages/airflow/example_dags/example_setup_teardown.py
[2024-04-07T14:55:04.102+0000] {processor.py:840} INFO - DAG(s) 'example_setup_teardown' retrieved from /home/airflow/.local/lib/python3.8/site-packages/airflow/example_dags/example_setup_teardown.py
[2024-04-07T14:55:04.148+0000] {logging_mixin.py:188} INFO - [2024-04-07T14:55:04.147+0000] {dag.py:3047} INFO - Sync 1 DAGs
[2024-04-07T14:55:04.189+0000] {logging_mixin.py:188} INFO - [2024-04-07T14:55:04.189+0000] {dag.py:3834} INFO - Setting next_dagrun for example_setup_teardown to 2024-04-06 00:00:00+00:00, run_after=2024-04-07 00:00:00+00:00
[2024-04-07T14:55:04.227+0000] {processor.py:183} INFO - Processing /home/airflow/.local/lib/python3.8/site-packages/airflow/example_dags/example_setup_teardown.py took 0.151 seconds
[2024-04-07T14:55:34.439+0000] {processor.py:161} INFO - Started process (PID=1831) to work on /home/airflow/.local/lib/python3.8/site-packages/airflow/example_dags/example_setup_teardown.py
[2024-04-07T14:55:34.442+0000] {processor.py:830} INFO - Processing file /home/airflow/.local/lib/python3.8/site-packages/airflow/example_dags/example_setup_teardown.py for tasks to queue
[2024-04-07T14:55:34.456+0000] {logging_mixin.py:188} INFO - [2024-04-07T14:55:34.455+0000] {dagbag.py:540} INFO - Filling up the DagBag from /home/airflow/.local/lib/python3.8/site-packages/airflow/example_dags/example_setup_teardown.py
[2024-04-07T14:55:34.504+0000] {processor.py:840} INFO - DAG(s) 'example_setup_teardown' retrieved from /home/airflow/.local/lib/python3.8/site-packages/airflow/example_dags/example_setup_teardown.py
[2024-04-07T14:55:34.630+0000] {logging_mixin.py:188} INFO - [2024-04-07T14:55:34.629+0000] {dag.py:3047} INFO - Sync 1 DAGs
[2024-04-07T14:55:34.769+0000] {logging_mixin.py:188} INFO - [2024-04-07T14:55:34.768+0000] {dag.py:3834} INFO - Setting next_dagrun for example_setup_teardown to 2024-04-06 00:00:00+00:00, run_after=2024-04-07 00:00:00+00:00
[2024-04-07T14:55:34.920+0000] {processor.py:183} INFO - Processing /home/airflow/.local/lib/python3.8/site-packages/airflow/example_dags/example_setup_teardown.py took 0.495 seconds
[2024-04-07T14:56:05.389+0000] {processor.py:161} INFO - Started process (PID=1889) to work on /home/airflow/.local/lib/python3.8/site-packages/airflow/example_dags/example_setup_teardown.py
[2024-04-07T14:56:05.395+0000] {processor.py:830} INFO - Processing file /home/airflow/.local/lib/python3.8/site-packages/airflow/example_dags/example_setup_teardown.py for tasks to queue
[2024-04-07T14:56:05.406+0000] {logging_mixin.py:188} INFO - [2024-04-07T14:56:05.403+0000] {dagbag.py:540} INFO - Filling up the DagBag from /home/airflow/.local/lib/python3.8/site-packages/airflow/example_dags/example_setup_teardown.py
[2024-04-07T14:56:05.440+0000] {processor.py:840} INFO - DAG(s) 'example_setup_teardown' retrieved from /home/airflow/.local/lib/python3.8/site-packages/airflow/example_dags/example_setup_teardown.py
[2024-04-07T14:56:05.531+0000] {logging_mixin.py:188} INFO - [2024-04-07T14:56:05.529+0000] {dag.py:3047} INFO - Sync 1 DAGs
[2024-04-07T14:56:05.741+0000] {logging_mixin.py:188} INFO - [2024-04-07T14:56:05.741+0000] {dag.py:3834} INFO - Setting next_dagrun for example_setup_teardown to 2024-04-06 00:00:00+00:00, run_after=2024-04-07 00:00:00+00:00
[2024-04-07T14:56:05.793+0000] {processor.py:183} INFO - Processing /home/airflow/.local/lib/python3.8/site-packages/airflow/example_dags/example_setup_teardown.py took 0.413 seconds
[2024-04-07T14:56:35.912+0000] {processor.py:161} INFO - Started process (PID=1945) to work on /home/airflow/.local/lib/python3.8/site-packages/airflow/example_dags/example_setup_teardown.py
[2024-04-07T14:56:35.929+0000] {processor.py:830} INFO - Processing file /home/airflow/.local/lib/python3.8/site-packages/airflow/example_dags/example_setup_teardown.py for tasks to queue
[2024-04-07T14:56:35.935+0000] {logging_mixin.py:188} INFO - [2024-04-07T14:56:35.934+0000] {dagbag.py:540} INFO - Filling up the DagBag from /home/airflow/.local/lib/python3.8/site-packages/airflow/example_dags/example_setup_teardown.py
[2024-04-07T14:56:35.967+0000] {processor.py:840} INFO - DAG(s) 'example_setup_teardown' retrieved from /home/airflow/.local/lib/python3.8/site-packages/airflow/example_dags/example_setup_teardown.py
[2024-04-07T14:56:36.066+0000] {logging_mixin.py:188} INFO - [2024-04-07T14:56:36.066+0000] {dag.py:3047} INFO - Sync 1 DAGs
[2024-04-07T14:56:36.147+0000] {logging_mixin.py:188} INFO - [2024-04-07T14:56:36.146+0000] {dag.py:3834} INFO - Setting next_dagrun for example_setup_teardown to 2024-04-06 00:00:00+00:00, run_after=2024-04-07 00:00:00+00:00
[2024-04-07T14:56:36.199+0000] {processor.py:183} INFO - Processing /home/airflow/.local/lib/python3.8/site-packages/airflow/example_dags/example_setup_teardown.py took 0.304 seconds
[2024-04-07T14:57:07.153+0000] {processor.py:161} INFO - Started process (PID=2002) to work on /home/airflow/.local/lib/python3.8/site-packages/airflow/example_dags/example_setup_teardown.py
[2024-04-07T14:57:07.155+0000] {processor.py:830} INFO - Processing file /home/airflow/.local/lib/python3.8/site-packages/airflow/example_dags/example_setup_teardown.py for tasks to queue
[2024-04-07T14:57:07.158+0000] {logging_mixin.py:188} INFO - [2024-04-07T14:57:07.157+0000] {dagbag.py:540} INFO - Filling up the DagBag from /home/airflow/.local/lib/python3.8/site-packages/airflow/example_dags/example_setup_teardown.py
[2024-04-07T14:57:07.171+0000] {processor.py:840} INFO - DAG(s) 'example_setup_teardown' retrieved from /home/airflow/.local/lib/python3.8/site-packages/airflow/example_dags/example_setup_teardown.py
[2024-04-07T14:57:07.216+0000] {logging_mixin.py:188} INFO - [2024-04-07T14:57:07.216+0000] {dag.py:3047} INFO - Sync 1 DAGs
[2024-04-07T14:57:07.258+0000] {logging_mixin.py:188} INFO - [2024-04-07T14:57:07.257+0000] {dag.py:3834} INFO - Setting next_dagrun for example_setup_teardown to 2024-04-06 00:00:00+00:00, run_after=2024-04-07 00:00:00+00:00
[2024-04-07T14:57:07.294+0000] {processor.py:183} INFO - Processing /home/airflow/.local/lib/python3.8/site-packages/airflow/example_dags/example_setup_teardown.py took 0.147 seconds
[2024-04-07T14:57:37.530+0000] {processor.py:161} INFO - Started process (PID=2060) to work on /home/airflow/.local/lib/python3.8/site-packages/airflow/example_dags/example_setup_teardown.py
[2024-04-07T14:57:37.532+0000] {processor.py:830} INFO - Processing file /home/airflow/.local/lib/python3.8/site-packages/airflow/example_dags/example_setup_teardown.py for tasks to queue
[2024-04-07T14:57:37.536+0000] {logging_mixin.py:188} INFO - [2024-04-07T14:57:37.535+0000] {dagbag.py:540} INFO - Filling up the DagBag from /home/airflow/.local/lib/python3.8/site-packages/airflow/example_dags/example_setup_teardown.py
[2024-04-07T14:57:37.550+0000] {processor.py:840} INFO - DAG(s) 'example_setup_teardown' retrieved from /home/airflow/.local/lib/python3.8/site-packages/airflow/example_dags/example_setup_teardown.py
[2024-04-07T14:57:37.581+0000] {logging_mixin.py:188} INFO - [2024-04-07T14:57:37.581+0000] {dag.py:3047} INFO - Sync 1 DAGs
[2024-04-07T14:57:37.617+0000] {logging_mixin.py:188} INFO - [2024-04-07T14:57:37.616+0000] {dag.py:3834} INFO - Setting next_dagrun for example_setup_teardown to 2024-04-06 00:00:00+00:00, run_after=2024-04-07 00:00:00+00:00
[2024-04-07T14:57:37.650+0000] {processor.py:183} INFO - Processing /home/airflow/.local/lib/python3.8/site-packages/airflow/example_dags/example_setup_teardown.py took 0.125 seconds
[2024-04-07T14:58:08.115+0000] {processor.py:161} INFO - Started process (PID=2117) to work on /home/airflow/.local/lib/python3.8/site-packages/airflow/example_dags/example_setup_teardown.py
[2024-04-07T14:58:08.118+0000] {processor.py:830} INFO - Processing file /home/airflow/.local/lib/python3.8/site-packages/airflow/example_dags/example_setup_teardown.py for tasks to queue
[2024-04-07T14:58:08.121+0000] {logging_mixin.py:188} INFO - [2024-04-07T14:58:08.120+0000] {dagbag.py:540} INFO - Filling up the DagBag from /home/airflow/.local/lib/python3.8/site-packages/airflow/example_dags/example_setup_teardown.py
[2024-04-07T14:58:08.132+0000] {processor.py:840} INFO - DAG(s) 'example_setup_teardown' retrieved from /home/airflow/.local/lib/python3.8/site-packages/airflow/example_dags/example_setup_teardown.py
[2024-04-07T14:58:08.170+0000] {logging_mixin.py:188} INFO - [2024-04-07T14:58:08.169+0000] {dag.py:3047} INFO - Sync 1 DAGs
[2024-04-07T14:58:08.220+0000] {logging_mixin.py:188} INFO - [2024-04-07T14:58:08.219+0000] {dag.py:3834} INFO - Setting next_dagrun for example_setup_teardown to 2024-04-06 00:00:00+00:00, run_after=2024-04-07 00:00:00+00:00
[2024-04-07T14:58:08.267+0000] {processor.py:183} INFO - Processing /home/airflow/.local/lib/python3.8/site-packages/airflow/example_dags/example_setup_teardown.py took 0.158 seconds
[2024-04-07T14:58:38.830+0000] {processor.py:161} INFO - Started process (PID=2174) to work on /home/airflow/.local/lib/python3.8/site-packages/airflow/example_dags/example_setup_teardown.py
[2024-04-07T14:58:38.832+0000] {processor.py:830} INFO - Processing file /home/airflow/.local/lib/python3.8/site-packages/airflow/example_dags/example_setup_teardown.py for tasks to queue
[2024-04-07T14:58:38.836+0000] {logging_mixin.py:188} INFO - [2024-04-07T14:58:38.836+0000] {dagbag.py:540} INFO - Filling up the DagBag from /home/airflow/.local/lib/python3.8/site-packages/airflow/example_dags/example_setup_teardown.py
[2024-04-07T14:58:38.854+0000] {processor.py:840} INFO - DAG(s) 'example_setup_teardown' retrieved from /home/airflow/.local/lib/python3.8/site-packages/airflow/example_dags/example_setup_teardown.py
[2024-04-07T14:58:38.912+0000] {logging_mixin.py:188} INFO - [2024-04-07T14:58:38.911+0000] {dag.py:3047} INFO - Sync 1 DAGs
[2024-04-07T14:58:38.990+0000] {logging_mixin.py:188} INFO - [2024-04-07T14:58:38.989+0000] {dag.py:3834} INFO - Setting next_dagrun for example_setup_teardown to 2024-04-06 00:00:00+00:00, run_after=2024-04-07 00:00:00+00:00
[2024-04-07T14:58:39.052+0000] {processor.py:183} INFO - Processing /home/airflow/.local/lib/python3.8/site-packages/airflow/example_dags/example_setup_teardown.py took 0.233 seconds
[2024-04-07T14:59:09.169+0000] {processor.py:161} INFO - Started process (PID=2231) to work on /home/airflow/.local/lib/python3.8/site-packages/airflow/example_dags/example_setup_teardown.py
[2024-04-07T14:59:09.171+0000] {processor.py:830} INFO - Processing file /home/airflow/.local/lib/python3.8/site-packages/airflow/example_dags/example_setup_teardown.py for tasks to queue
[2024-04-07T14:59:09.174+0000] {logging_mixin.py:188} INFO - [2024-04-07T14:59:09.174+0000] {dagbag.py:540} INFO - Filling up the DagBag from /home/airflow/.local/lib/python3.8/site-packages/airflow/example_dags/example_setup_teardown.py
[2024-04-07T14:59:09.187+0000] {processor.py:840} INFO - DAG(s) 'example_setup_teardown' retrieved from /home/airflow/.local/lib/python3.8/site-packages/airflow/example_dags/example_setup_teardown.py
[2024-04-07T14:59:09.228+0000] {logging_mixin.py:188} INFO - [2024-04-07T14:59:09.227+0000] {dag.py:3047} INFO - Sync 1 DAGs
[2024-04-07T14:59:09.273+0000] {logging_mixin.py:188} INFO - [2024-04-07T14:59:09.272+0000] {dag.py:3834} INFO - Setting next_dagrun for example_setup_teardown to 2024-04-06 00:00:00+00:00, run_after=2024-04-07 00:00:00+00:00
[2024-04-07T14:59:09.318+0000] {processor.py:183} INFO - Processing /home/airflow/.local/lib/python3.8/site-packages/airflow/example_dags/example_setup_teardown.py took 0.156 seconds
[2024-04-07T14:59:39.833+0000] {processor.py:161} INFO - Started process (PID=2288) to work on /home/airflow/.local/lib/python3.8/site-packages/airflow/example_dags/example_setup_teardown.py
[2024-04-07T14:59:39.837+0000] {processor.py:830} INFO - Processing file /home/airflow/.local/lib/python3.8/site-packages/airflow/example_dags/example_setup_teardown.py for tasks to queue
[2024-04-07T14:59:39.840+0000] {logging_mixin.py:188} INFO - [2024-04-07T14:59:39.840+0000] {dagbag.py:540} INFO - Filling up the DagBag from /home/airflow/.local/lib/python3.8/site-packages/airflow/example_dags/example_setup_teardown.py
[2024-04-07T14:59:39.858+0000] {processor.py:840} INFO - DAG(s) 'example_setup_teardown' retrieved from /home/airflow/.local/lib/python3.8/site-packages/airflow/example_dags/example_setup_teardown.py
[2024-04-07T14:59:40.105+0000] {logging_mixin.py:188} INFO - [2024-04-07T14:59:40.104+0000] {dag.py:3047} INFO - Sync 1 DAGs
[2024-04-07T14:59:40.211+0000] {logging_mixin.py:188} INFO - [2024-04-07T14:59:40.210+0000] {dag.py:3834} INFO - Setting next_dagrun for example_setup_teardown to 2024-04-06 00:00:00+00:00, run_after=2024-04-07 00:00:00+00:00
[2024-04-07T14:59:40.308+0000] {processor.py:183} INFO - Processing /home/airflow/.local/lib/python3.8/site-packages/airflow/example_dags/example_setup_teardown.py took 0.495 seconds
[2024-04-07T15:00:10.794+0000] {processor.py:161} INFO - Started process (PID=2343) to work on /home/airflow/.local/lib/python3.8/site-packages/airflow/example_dags/example_setup_teardown.py
[2024-04-07T15:00:10.796+0000] {processor.py:830} INFO - Processing file /home/airflow/.local/lib/python3.8/site-packages/airflow/example_dags/example_setup_teardown.py for tasks to queue
[2024-04-07T15:00:10.800+0000] {logging_mixin.py:188} INFO - [2024-04-07T15:00:10.799+0000] {dagbag.py:540} INFO - Filling up the DagBag from /home/airflow/.local/lib/python3.8/site-packages/airflow/example_dags/example_setup_teardown.py
[2024-04-07T15:00:10.811+0000] {processor.py:840} INFO - DAG(s) 'example_setup_teardown' retrieved from /home/airflow/.local/lib/python3.8/site-packages/airflow/example_dags/example_setup_teardown.py
[2024-04-07T15:00:10.849+0000] {logging_mixin.py:188} INFO - [2024-04-07T15:00:10.848+0000] {dag.py:3047} INFO - Sync 1 DAGs
[2024-04-07T15:00:10.904+0000] {logging_mixin.py:188} INFO - [2024-04-07T15:00:10.904+0000] {dag.py:3834} INFO - Setting next_dagrun for example_setup_teardown to 2024-04-06 00:00:00+00:00, run_after=2024-04-07 00:00:00+00:00
[2024-04-07T15:00:10.948+0000] {processor.py:183} INFO - Processing /home/airflow/.local/lib/python3.8/site-packages/airflow/example_dags/example_setup_teardown.py took 0.161 seconds
