[2024-04-07T14:39:31.512+0000] {processor.py:161} INFO - Started process (PID=76) to work on /home/airflow/.local/lib/python3.8/site-packages/airflow/example_dags/example_latest_only_with_trigger.py
[2024-04-07T14:39:31.526+0000] {processor.py:830} INFO - Processing file /home/airflow/.local/lib/python3.8/site-packages/airflow/example_dags/example_latest_only_with_trigger.py for tasks to queue
[2024-04-07T14:39:31.543+0000] {logging_mixin.py:188} INFO - [2024-04-07T14:39:31.542+0000] {dagbag.py:540} INFO - Filling up the DagBag from /home/airflow/.local/lib/python3.8/site-packages/airflow/example_dags/example_latest_only_with_trigger.py
[2024-04-07T14:39:31.608+0000] {processor.py:840} INFO - DAG(s) 'latest_only_with_trigger' retrieved from /home/airflow/.local/lib/python3.8/site-packages/airflow/example_dags/example_latest_only_with_trigger.py
[2024-04-07T14:39:31.709+0000] {logging_mixin.py:188} INFO - [2024-04-07T14:39:31.708+0000] {dag.py:3047} INFO - Sync 1 DAGs
[2024-04-07T14:39:31.791+0000] {logging_mixin.py:188} INFO - [2024-04-07T14:39:31.790+0000] {dag.py:3834} INFO - Setting next_dagrun for latest_only_with_trigger to 2024-04-07 08:00:00+00:00, run_after=2024-04-07 12:00:00+00:00
[2024-04-07T14:39:31.911+0000] {processor.py:183} INFO - Processing /home/airflow/.local/lib/python3.8/site-packages/airflow/example_dags/example_latest_only_with_trigger.py took 0.432 seconds
[2024-04-07T14:40:04.997+0000] {processor.py:161} INFO - Started process (PID=133) to work on /home/airflow/.local/lib/python3.8/site-packages/airflow/example_dags/example_latest_only_with_trigger.py
[2024-04-07T14:40:04.999+0000] {processor.py:830} INFO - Processing file /home/airflow/.local/lib/python3.8/site-packages/airflow/example_dags/example_latest_only_with_trigger.py for tasks to queue
[2024-04-07T14:40:05.004+0000] {logging_mixin.py:188} INFO - [2024-04-07T14:40:05.003+0000] {dagbag.py:540} INFO - Filling up the DagBag from /home/airflow/.local/lib/python3.8/site-packages/airflow/example_dags/example_latest_only_with_trigger.py
[2024-04-07T14:40:05.024+0000] {processor.py:840} INFO - DAG(s) 'latest_only_with_trigger' retrieved from /home/airflow/.local/lib/python3.8/site-packages/airflow/example_dags/example_latest_only_with_trigger.py
[2024-04-07T14:40:05.077+0000] {logging_mixin.py:188} INFO - [2024-04-07T14:40:05.076+0000] {dag.py:3047} INFO - Sync 1 DAGs
[2024-04-07T14:40:05.165+0000] {logging_mixin.py:188} INFO - [2024-04-07T14:40:05.165+0000] {dag.py:3834} INFO - Setting next_dagrun for latest_only_with_trigger to 2024-04-07 08:00:00+00:00, run_after=2024-04-07 12:00:00+00:00
[2024-04-07T14:40:05.973+0000] {processor.py:183} INFO - Processing /home/airflow/.local/lib/python3.8/site-packages/airflow/example_dags/example_latest_only_with_trigger.py took 0.987 seconds
[2024-04-07T14:40:36.101+0000] {processor.py:161} INFO - Started process (PID=190) to work on /home/airflow/.local/lib/python3.8/site-packages/airflow/example_dags/example_latest_only_with_trigger.py
[2024-04-07T14:40:36.103+0000] {processor.py:830} INFO - Processing file /home/airflow/.local/lib/python3.8/site-packages/airflow/example_dags/example_latest_only_with_trigger.py for tasks to queue
[2024-04-07T14:40:36.106+0000] {logging_mixin.py:188} INFO - [2024-04-07T14:40:36.106+0000] {dagbag.py:540} INFO - Filling up the DagBag from /home/airflow/.local/lib/python3.8/site-packages/airflow/example_dags/example_latest_only_with_trigger.py
[2024-04-07T14:40:36.122+0000] {processor.py:840} INFO - DAG(s) 'latest_only_with_trigger' retrieved from /home/airflow/.local/lib/python3.8/site-packages/airflow/example_dags/example_latest_only_with_trigger.py
[2024-04-07T14:40:36.179+0000] {logging_mixin.py:188} INFO - [2024-04-07T14:40:36.178+0000] {dag.py:3047} INFO - Sync 1 DAGs
[2024-04-07T14:40:36.246+0000] {logging_mixin.py:188} INFO - [2024-04-07T14:40:36.246+0000] {dag.py:3834} INFO - Setting next_dagrun for latest_only_with_trigger to 2024-04-07 08:00:00+00:00, run_after=2024-04-07 12:00:00+00:00
[2024-04-07T14:40:36.652+0000] {processor.py:183} INFO - Processing /home/airflow/.local/lib/python3.8/site-packages/airflow/example_dags/example_latest_only_with_trigger.py took 0.556 seconds
[2024-04-07T14:41:07.218+0000] {processor.py:161} INFO - Started process (PID=247) to work on /home/airflow/.local/lib/python3.8/site-packages/airflow/example_dags/example_latest_only_with_trigger.py
[2024-04-07T14:41:07.229+0000] {processor.py:830} INFO - Processing file /home/airflow/.local/lib/python3.8/site-packages/airflow/example_dags/example_latest_only_with_trigger.py for tasks to queue
[2024-04-07T14:41:07.255+0000] {logging_mixin.py:188} INFO - [2024-04-07T14:41:07.254+0000] {dagbag.py:540} INFO - Filling up the DagBag from /home/airflow/.local/lib/python3.8/site-packages/airflow/example_dags/example_latest_only_with_trigger.py
[2024-04-07T14:41:07.321+0000] {processor.py:840} INFO - DAG(s) 'latest_only_with_trigger' retrieved from /home/airflow/.local/lib/python3.8/site-packages/airflow/example_dags/example_latest_only_with_trigger.py
[2024-04-07T14:41:07.406+0000] {logging_mixin.py:188} INFO - [2024-04-07T14:41:07.406+0000] {dag.py:3047} INFO - Sync 1 DAGs
[2024-04-07T14:41:07.467+0000] {logging_mixin.py:188} INFO - [2024-04-07T14:41:07.466+0000] {dag.py:3834} INFO - Setting next_dagrun for latest_only_with_trigger to 2024-04-07 08:00:00+00:00, run_after=2024-04-07 12:00:00+00:00
[2024-04-07T14:41:07.538+0000] {processor.py:183} INFO - Processing /home/airflow/.local/lib/python3.8/site-packages/airflow/example_dags/example_latest_only_with_trigger.py took 0.327 seconds
[2024-04-07T14:41:38.598+0000] {processor.py:161} INFO - Started process (PID=304) to work on /home/airflow/.local/lib/python3.8/site-packages/airflow/example_dags/example_latest_only_with_trigger.py
[2024-04-07T14:41:38.600+0000] {processor.py:830} INFO - Processing file /home/airflow/.local/lib/python3.8/site-packages/airflow/example_dags/example_latest_only_with_trigger.py for tasks to queue
[2024-04-07T14:41:38.604+0000] {logging_mixin.py:188} INFO - [2024-04-07T14:41:38.603+0000] {dagbag.py:540} INFO - Filling up the DagBag from /home/airflow/.local/lib/python3.8/site-packages/airflow/example_dags/example_latest_only_with_trigger.py
[2024-04-07T14:41:38.618+0000] {processor.py:840} INFO - DAG(s) 'latest_only_with_trigger' retrieved from /home/airflow/.local/lib/python3.8/site-packages/airflow/example_dags/example_latest_only_with_trigger.py
[2024-04-07T14:41:38.661+0000] {logging_mixin.py:188} INFO - [2024-04-07T14:41:38.660+0000] {dag.py:3047} INFO - Sync 1 DAGs
[2024-04-07T14:41:38.726+0000] {logging_mixin.py:188} INFO - [2024-04-07T14:41:38.726+0000] {dag.py:3834} INFO - Setting next_dagrun for latest_only_with_trigger to 2024-04-07 08:00:00+00:00, run_after=2024-04-07 12:00:00+00:00
[2024-04-07T14:41:38.899+0000] {processor.py:183} INFO - Processing /home/airflow/.local/lib/python3.8/site-packages/airflow/example_dags/example_latest_only_with_trigger.py took 0.308 seconds
[2024-04-07T14:42:09.212+0000] {processor.py:161} INFO - Started process (PID=361) to work on /home/airflow/.local/lib/python3.8/site-packages/airflow/example_dags/example_latest_only_with_trigger.py
[2024-04-07T14:42:09.215+0000] {processor.py:830} INFO - Processing file /home/airflow/.local/lib/python3.8/site-packages/airflow/example_dags/example_latest_only_with_trigger.py for tasks to queue
[2024-04-07T14:42:09.219+0000] {logging_mixin.py:188} INFO - [2024-04-07T14:42:09.218+0000] {dagbag.py:540} INFO - Filling up the DagBag from /home/airflow/.local/lib/python3.8/site-packages/airflow/example_dags/example_latest_only_with_trigger.py
[2024-04-07T14:42:09.236+0000] {processor.py:840} INFO - DAG(s) 'latest_only_with_trigger' retrieved from /home/airflow/.local/lib/python3.8/site-packages/airflow/example_dags/example_latest_only_with_trigger.py
[2024-04-07T14:42:09.294+0000] {logging_mixin.py:188} INFO - [2024-04-07T14:42:09.293+0000] {dag.py:3047} INFO - Sync 1 DAGs
[2024-04-07T14:42:09.379+0000] {logging_mixin.py:188} INFO - [2024-04-07T14:42:09.376+0000] {dag.py:3834} INFO - Setting next_dagrun for latest_only_with_trigger to 2024-04-07 08:00:00+00:00, run_after=2024-04-07 12:00:00+00:00
[2024-04-07T14:42:09.450+0000] {processor.py:183} INFO - Processing /home/airflow/.local/lib/python3.8/site-packages/airflow/example_dags/example_latest_only_with_trigger.py took 0.245 seconds
[2024-04-07T14:42:41.847+0000] {processor.py:161} INFO - Started process (PID=418) to work on /home/airflow/.local/lib/python3.8/site-packages/airflow/example_dags/example_latest_only_with_trigger.py
[2024-04-07T14:42:41.849+0000] {processor.py:830} INFO - Processing file /home/airflow/.local/lib/python3.8/site-packages/airflow/example_dags/example_latest_only_with_trigger.py for tasks to queue
[2024-04-07T14:42:41.860+0000] {logging_mixin.py:188} INFO - [2024-04-07T14:42:41.859+0000] {dagbag.py:540} INFO - Filling up the DagBag from /home/airflow/.local/lib/python3.8/site-packages/airflow/example_dags/example_latest_only_with_trigger.py
[2024-04-07T14:42:41.879+0000] {processor.py:840} INFO - DAG(s) 'latest_only_with_trigger' retrieved from /home/airflow/.local/lib/python3.8/site-packages/airflow/example_dags/example_latest_only_with_trigger.py
[2024-04-07T14:42:41.957+0000] {logging_mixin.py:188} INFO - [2024-04-07T14:42:41.956+0000] {dag.py:3047} INFO - Sync 1 DAGs
[2024-04-07T14:42:42.037+0000] {logging_mixin.py:188} INFO - [2024-04-07T14:42:42.036+0000] {dag.py:3834} INFO - Setting next_dagrun for latest_only_with_trigger to 2024-04-07 08:00:00+00:00, run_after=2024-04-07 12:00:00+00:00
[2024-04-07T14:42:42.509+0000] {processor.py:183} INFO - Processing /home/airflow/.local/lib/python3.8/site-packages/airflow/example_dags/example_latest_only_with_trigger.py took 0.669 seconds
[2024-04-07T14:43:13.095+0000] {processor.py:161} INFO - Started process (PID=476) to work on /home/airflow/.local/lib/python3.8/site-packages/airflow/example_dags/example_latest_only_with_trigger.py
[2024-04-07T14:43:13.098+0000] {processor.py:830} INFO - Processing file /home/airflow/.local/lib/python3.8/site-packages/airflow/example_dags/example_latest_only_with_trigger.py for tasks to queue
[2024-04-07T14:43:13.102+0000] {logging_mixin.py:188} INFO - [2024-04-07T14:43:13.101+0000] {dagbag.py:540} INFO - Filling up the DagBag from /home/airflow/.local/lib/python3.8/site-packages/airflow/example_dags/example_latest_only_with_trigger.py
[2024-04-07T14:43:13.122+0000] {processor.py:840} INFO - DAG(s) 'latest_only_with_trigger' retrieved from /home/airflow/.local/lib/python3.8/site-packages/airflow/example_dags/example_latest_only_with_trigger.py
[2024-04-07T14:43:13.212+0000] {logging_mixin.py:188} INFO - [2024-04-07T14:43:13.211+0000] {dag.py:3047} INFO - Sync 1 DAGs
[2024-04-07T14:43:13.283+0000] {logging_mixin.py:188} INFO - [2024-04-07T14:43:13.283+0000] {dag.py:3834} INFO - Setting next_dagrun for latest_only_with_trigger to 2024-04-07 08:00:00+00:00, run_after=2024-04-07 12:00:00+00:00
[2024-04-07T14:43:13.353+0000] {processor.py:183} INFO - Processing /home/airflow/.local/lib/python3.8/site-packages/airflow/example_dags/example_latest_only_with_trigger.py took 0.268 seconds
[2024-04-07T14:43:43.470+0000] {processor.py:161} INFO - Started process (PID=533) to work on /home/airflow/.local/lib/python3.8/site-packages/airflow/example_dags/example_latest_only_with_trigger.py
[2024-04-07T14:43:43.471+0000] {processor.py:830} INFO - Processing file /home/airflow/.local/lib/python3.8/site-packages/airflow/example_dags/example_latest_only_with_trigger.py for tasks to queue
[2024-04-07T14:43:43.474+0000] {logging_mixin.py:188} INFO - [2024-04-07T14:43:43.474+0000] {dagbag.py:540} INFO - Filling up the DagBag from /home/airflow/.local/lib/python3.8/site-packages/airflow/example_dags/example_latest_only_with_trigger.py
[2024-04-07T14:43:43.483+0000] {processor.py:840} INFO - DAG(s) 'latest_only_with_trigger' retrieved from /home/airflow/.local/lib/python3.8/site-packages/airflow/example_dags/example_latest_only_with_trigger.py
[2024-04-07T14:43:43.519+0000] {logging_mixin.py:188} INFO - [2024-04-07T14:43:43.518+0000] {dag.py:3047} INFO - Sync 1 DAGs
[2024-04-07T14:43:43.553+0000] {logging_mixin.py:188} INFO - [2024-04-07T14:43:43.552+0000] {dag.py:3834} INFO - Setting next_dagrun for latest_only_with_trigger to 2024-04-07 08:00:00+00:00, run_after=2024-04-07 12:00:00+00:00
[2024-04-07T14:43:43.725+0000] {processor.py:183} INFO - Processing /home/airflow/.local/lib/python3.8/site-packages/airflow/example_dags/example_latest_only_with_trigger.py took 0.261 seconds
[2024-04-07T14:44:15.676+0000] {processor.py:161} INFO - Started process (PID=590) to work on /home/airflow/.local/lib/python3.8/site-packages/airflow/example_dags/example_latest_only_with_trigger.py
[2024-04-07T14:44:15.686+0000] {processor.py:830} INFO - Processing file /home/airflow/.local/lib/python3.8/site-packages/airflow/example_dags/example_latest_only_with_trigger.py for tasks to queue
[2024-04-07T14:44:15.703+0000] {logging_mixin.py:188} INFO - [2024-04-07T14:44:15.702+0000] {dagbag.py:540} INFO - Filling up the DagBag from /home/airflow/.local/lib/python3.8/site-packages/airflow/example_dags/example_latest_only_with_trigger.py
[2024-04-07T14:44:15.737+0000] {processor.py:840} INFO - DAG(s) 'latest_only_with_trigger' retrieved from /home/airflow/.local/lib/python3.8/site-packages/airflow/example_dags/example_latest_only_with_trigger.py
[2024-04-07T14:44:15.862+0000] {logging_mixin.py:188} INFO - [2024-04-07T14:44:15.862+0000] {dag.py:3047} INFO - Sync 1 DAGs
[2024-04-07T14:44:16.020+0000] {logging_mixin.py:188} INFO - [2024-04-07T14:44:16.009+0000] {dag.py:3834} INFO - Setting next_dagrun for latest_only_with_trigger to 2024-04-07 08:00:00+00:00, run_after=2024-04-07 12:00:00+00:00
[2024-04-07T14:44:16.146+0000] {processor.py:183} INFO - Processing /home/airflow/.local/lib/python3.8/site-packages/airflow/example_dags/example_latest_only_with_trigger.py took 0.490 seconds
[2024-04-07T14:44:58.925+0000] {processor.py:161} INFO - Started process (PID=647) to work on /home/airflow/.local/lib/python3.8/site-packages/airflow/example_dags/example_latest_only_with_trigger.py
[2024-04-07T14:44:58.928+0000] {processor.py:830} INFO - Processing file /home/airflow/.local/lib/python3.8/site-packages/airflow/example_dags/example_latest_only_with_trigger.py for tasks to queue
[2024-04-07T14:44:58.932+0000] {logging_mixin.py:188} INFO - [2024-04-07T14:44:58.932+0000] {dagbag.py:540} INFO - Filling up the DagBag from /home/airflow/.local/lib/python3.8/site-packages/airflow/example_dags/example_latest_only_with_trigger.py
[2024-04-07T14:44:58.945+0000] {processor.py:840} INFO - DAG(s) 'latest_only_with_trigger' retrieved from /home/airflow/.local/lib/python3.8/site-packages/airflow/example_dags/example_latest_only_with_trigger.py
[2024-04-07T14:44:58.991+0000] {logging_mixin.py:188} INFO - [2024-04-07T14:44:58.990+0000] {dag.py:3047} INFO - Sync 1 DAGs
[2024-04-07T14:44:59.033+0000] {logging_mixin.py:188} INFO - [2024-04-07T14:44:59.033+0000] {dag.py:3834} INFO - Setting next_dagrun for latest_only_with_trigger to 2024-04-07 08:00:00+00:00, run_after=2024-04-07 12:00:00+00:00
[2024-04-07T14:45:00.087+0000] {processor.py:183} INFO - Processing /home/airflow/.local/lib/python3.8/site-packages/airflow/example_dags/example_latest_only_with_trigger.py took 1.177 seconds
[2024-04-07T14:45:30.241+0000] {processor.py:161} INFO - Started process (PID=704) to work on /home/airflow/.local/lib/python3.8/site-packages/airflow/example_dags/example_latest_only_with_trigger.py
[2024-04-07T14:45:30.243+0000] {processor.py:830} INFO - Processing file /home/airflow/.local/lib/python3.8/site-packages/airflow/example_dags/example_latest_only_with_trigger.py for tasks to queue
[2024-04-07T14:45:30.247+0000] {logging_mixin.py:188} INFO - [2024-04-07T14:45:30.247+0000] {dagbag.py:540} INFO - Filling up the DagBag from /home/airflow/.local/lib/python3.8/site-packages/airflow/example_dags/example_latest_only_with_trigger.py
[2024-04-07T14:45:30.259+0000] {processor.py:840} INFO - DAG(s) 'latest_only_with_trigger' retrieved from /home/airflow/.local/lib/python3.8/site-packages/airflow/example_dags/example_latest_only_with_trigger.py
[2024-04-07T14:45:30.318+0000] {logging_mixin.py:188} INFO - [2024-04-07T14:45:30.317+0000] {dag.py:3047} INFO - Sync 1 DAGs
[2024-04-07T14:45:30.361+0000] {logging_mixin.py:188} INFO - [2024-04-07T14:45:30.361+0000] {dag.py:3834} INFO - Setting next_dagrun for latest_only_with_trigger to 2024-04-07 08:00:00+00:00, run_after=2024-04-07 12:00:00+00:00
[2024-04-07T14:45:30.398+0000] {processor.py:183} INFO - Processing /home/airflow/.local/lib/python3.8/site-packages/airflow/example_dags/example_latest_only_with_trigger.py took 0.164 seconds
[2024-04-07T14:46:00.778+0000] {processor.py:161} INFO - Started process (PID=761) to work on /home/airflow/.local/lib/python3.8/site-packages/airflow/example_dags/example_latest_only_with_trigger.py
[2024-04-07T14:46:00.796+0000] {processor.py:830} INFO - Processing file /home/airflow/.local/lib/python3.8/site-packages/airflow/example_dags/example_latest_only_with_trigger.py for tasks to queue
[2024-04-07T14:46:00.801+0000] {logging_mixin.py:188} INFO - [2024-04-07T14:46:00.800+0000] {dagbag.py:540} INFO - Filling up the DagBag from /home/airflow/.local/lib/python3.8/site-packages/airflow/example_dags/example_latest_only_with_trigger.py
[2024-04-07T14:46:00.820+0000] {processor.py:840} INFO - DAG(s) 'latest_only_with_trigger' retrieved from /home/airflow/.local/lib/python3.8/site-packages/airflow/example_dags/example_latest_only_with_trigger.py
[2024-04-07T14:46:00.879+0000] {logging_mixin.py:188} INFO - [2024-04-07T14:46:00.879+0000] {dag.py:3047} INFO - Sync 1 DAGs
[2024-04-07T14:46:00.948+0000] {logging_mixin.py:188} INFO - [2024-04-07T14:46:00.947+0000] {dag.py:3834} INFO - Setting next_dagrun for latest_only_with_trigger to 2024-04-07 08:00:00+00:00, run_after=2024-04-07 12:00:00+00:00
[2024-04-07T14:46:01.000+0000] {processor.py:183} INFO - Processing /home/airflow/.local/lib/python3.8/site-packages/airflow/example_dags/example_latest_only_with_trigger.py took 0.241 seconds
[2024-04-07T14:46:32.685+0000] {processor.py:161} INFO - Started process (PID=824) to work on /home/airflow/.local/lib/python3.8/site-packages/airflow/example_dags/example_latest_only_with_trigger.py
[2024-04-07T14:46:32.695+0000] {processor.py:830} INFO - Processing file /home/airflow/.local/lib/python3.8/site-packages/airflow/example_dags/example_latest_only_with_trigger.py for tasks to queue
[2024-04-07T14:46:32.703+0000] {logging_mixin.py:188} INFO - [2024-04-07T14:46:32.702+0000] {dagbag.py:540} INFO - Filling up the DagBag from /home/airflow/.local/lib/python3.8/site-packages/airflow/example_dags/example_latest_only_with_trigger.py
[2024-04-07T14:46:32.733+0000] {processor.py:840} INFO - DAG(s) 'latest_only_with_trigger' retrieved from /home/airflow/.local/lib/python3.8/site-packages/airflow/example_dags/example_latest_only_with_trigger.py
[2024-04-07T14:46:32.840+0000] {logging_mixin.py:188} INFO - [2024-04-07T14:46:32.839+0000] {dag.py:3047} INFO - Sync 1 DAGs
[2024-04-07T14:46:32.947+0000] {logging_mixin.py:188} INFO - [2024-04-07T14:46:32.946+0000] {dag.py:3834} INFO - Setting next_dagrun for latest_only_with_trigger to 2024-04-07 08:00:00+00:00, run_after=2024-04-07 12:00:00+00:00
[2024-04-07T14:46:33.110+0000] {processor.py:183} INFO - Processing /home/airflow/.local/lib/python3.8/site-packages/airflow/example_dags/example_latest_only_with_trigger.py took 0.458 seconds
[2024-04-07T14:47:03.662+0000] {processor.py:161} INFO - Started process (PID=881) to work on /home/airflow/.local/lib/python3.8/site-packages/airflow/example_dags/example_latest_only_with_trigger.py
[2024-04-07T14:47:03.665+0000] {processor.py:830} INFO - Processing file /home/airflow/.local/lib/python3.8/site-packages/airflow/example_dags/example_latest_only_with_trigger.py for tasks to queue
[2024-04-07T14:47:03.672+0000] {logging_mixin.py:188} INFO - [2024-04-07T14:47:03.671+0000] {dagbag.py:540} INFO - Filling up the DagBag from /home/airflow/.local/lib/python3.8/site-packages/airflow/example_dags/example_latest_only_with_trigger.py
[2024-04-07T14:47:03.695+0000] {processor.py:840} INFO - DAG(s) 'latest_only_with_trigger' retrieved from /home/airflow/.local/lib/python3.8/site-packages/airflow/example_dags/example_latest_only_with_trigger.py
[2024-04-07T14:47:03.808+0000] {logging_mixin.py:188} INFO - [2024-04-07T14:47:03.807+0000] {dag.py:3047} INFO - Sync 1 DAGs
[2024-04-07T14:47:03.927+0000] {logging_mixin.py:188} INFO - [2024-04-07T14:47:03.927+0000] {dag.py:3834} INFO - Setting next_dagrun for latest_only_with_trigger to 2024-04-07 08:00:00+00:00, run_after=2024-04-07 12:00:00+00:00
[2024-04-07T14:47:03.978+0000] {processor.py:183} INFO - Processing /home/airflow/.local/lib/python3.8/site-packages/airflow/example_dags/example_latest_only_with_trigger.py took 0.323 seconds
[2024-04-07T14:47:34.359+0000] {processor.py:161} INFO - Started process (PID=936) to work on /home/airflow/.local/lib/python3.8/site-packages/airflow/example_dags/example_latest_only_with_trigger.py
[2024-04-07T14:47:34.362+0000] {processor.py:830} INFO - Processing file /home/airflow/.local/lib/python3.8/site-packages/airflow/example_dags/example_latest_only_with_trigger.py for tasks to queue
[2024-04-07T14:47:34.369+0000] {logging_mixin.py:188} INFO - [2024-04-07T14:47:34.368+0000] {dagbag.py:540} INFO - Filling up the DagBag from /home/airflow/.local/lib/python3.8/site-packages/airflow/example_dags/example_latest_only_with_trigger.py
[2024-04-07T14:47:34.379+0000] {processor.py:840} INFO - DAG(s) 'latest_only_with_trigger' retrieved from /home/airflow/.local/lib/python3.8/site-packages/airflow/example_dags/example_latest_only_with_trigger.py
[2024-04-07T14:47:34.415+0000] {logging_mixin.py:188} INFO - [2024-04-07T14:47:34.414+0000] {dag.py:3047} INFO - Sync 1 DAGs
[2024-04-07T14:47:34.459+0000] {logging_mixin.py:188} INFO - [2024-04-07T14:47:34.459+0000] {dag.py:3834} INFO - Setting next_dagrun for latest_only_with_trigger to 2024-04-07 08:00:00+00:00, run_after=2024-04-07 12:00:00+00:00
[2024-04-07T14:47:34.499+0000] {processor.py:183} INFO - Processing /home/airflow/.local/lib/python3.8/site-packages/airflow/example_dags/example_latest_only_with_trigger.py took 0.147 seconds
[2024-04-07T14:48:05.112+0000] {processor.py:161} INFO - Started process (PID=993) to work on /home/airflow/.local/lib/python3.8/site-packages/airflow/example_dags/example_latest_only_with_trigger.py
[2024-04-07T14:48:05.114+0000] {processor.py:830} INFO - Processing file /home/airflow/.local/lib/python3.8/site-packages/airflow/example_dags/example_latest_only_with_trigger.py for tasks to queue
[2024-04-07T14:48:05.118+0000] {logging_mixin.py:188} INFO - [2024-04-07T14:48:05.117+0000] {dagbag.py:540} INFO - Filling up the DagBag from /home/airflow/.local/lib/python3.8/site-packages/airflow/example_dags/example_latest_only_with_trigger.py
[2024-04-07T14:48:05.126+0000] {processor.py:840} INFO - DAG(s) 'latest_only_with_trigger' retrieved from /home/airflow/.local/lib/python3.8/site-packages/airflow/example_dags/example_latest_only_with_trigger.py
[2024-04-07T14:48:05.160+0000] {logging_mixin.py:188} INFO - [2024-04-07T14:48:05.160+0000] {dag.py:3047} INFO - Sync 1 DAGs
[2024-04-07T14:48:05.196+0000] {logging_mixin.py:188} INFO - [2024-04-07T14:48:05.196+0000] {dag.py:3834} INFO - Setting next_dagrun for latest_only_with_trigger to 2024-04-07 08:00:00+00:00, run_after=2024-04-07 12:00:00+00:00
[2024-04-07T14:48:05.236+0000] {processor.py:183} INFO - Processing /home/airflow/.local/lib/python3.8/site-packages/airflow/example_dags/example_latest_only_with_trigger.py took 0.127 seconds
[2024-04-07T14:48:35.340+0000] {processor.py:161} INFO - Started process (PID=1050) to work on /home/airflow/.local/lib/python3.8/site-packages/airflow/example_dags/example_latest_only_with_trigger.py
[2024-04-07T14:48:35.342+0000] {processor.py:830} INFO - Processing file /home/airflow/.local/lib/python3.8/site-packages/airflow/example_dags/example_latest_only_with_trigger.py for tasks to queue
[2024-04-07T14:48:35.347+0000] {logging_mixin.py:188} INFO - [2024-04-07T14:48:35.347+0000] {dagbag.py:540} INFO - Filling up the DagBag from /home/airflow/.local/lib/python3.8/site-packages/airflow/example_dags/example_latest_only_with_trigger.py
[2024-04-07T14:48:35.358+0000] {processor.py:840} INFO - DAG(s) 'latest_only_with_trigger' retrieved from /home/airflow/.local/lib/python3.8/site-packages/airflow/example_dags/example_latest_only_with_trigger.py
[2024-04-07T14:48:35.397+0000] {logging_mixin.py:188} INFO - [2024-04-07T14:48:35.397+0000] {dag.py:3047} INFO - Sync 1 DAGs
[2024-04-07T14:48:35.439+0000] {logging_mixin.py:188} INFO - [2024-04-07T14:48:35.438+0000] {dag.py:3834} INFO - Setting next_dagrun for latest_only_with_trigger to 2024-04-07 08:00:00+00:00, run_after=2024-04-07 12:00:00+00:00
[2024-04-07T14:48:35.477+0000] {processor.py:183} INFO - Processing /home/airflow/.local/lib/python3.8/site-packages/airflow/example_dags/example_latest_only_with_trigger.py took 0.144 seconds
[2024-04-07T14:49:06.277+0000] {processor.py:161} INFO - Started process (PID=1107) to work on /home/airflow/.local/lib/python3.8/site-packages/airflow/example_dags/example_latest_only_with_trigger.py
[2024-04-07T14:49:06.290+0000] {processor.py:830} INFO - Processing file /home/airflow/.local/lib/python3.8/site-packages/airflow/example_dags/example_latest_only_with_trigger.py for tasks to queue
[2024-04-07T14:49:06.297+0000] {logging_mixin.py:188} INFO - [2024-04-07T14:49:06.296+0000] {dagbag.py:540} INFO - Filling up the DagBag from /home/airflow/.local/lib/python3.8/site-packages/airflow/example_dags/example_latest_only_with_trigger.py
[2024-04-07T14:49:06.331+0000] {processor.py:840} INFO - DAG(s) 'latest_only_with_trigger' retrieved from /home/airflow/.local/lib/python3.8/site-packages/airflow/example_dags/example_latest_only_with_trigger.py
[2024-04-07T14:49:06.447+0000] {logging_mixin.py:188} INFO - [2024-04-07T14:49:06.447+0000] {dag.py:3047} INFO - Sync 1 DAGs
[2024-04-07T14:49:06.564+0000] {logging_mixin.py:188} INFO - [2024-04-07T14:49:06.563+0000] {dag.py:3834} INFO - Setting next_dagrun for latest_only_with_trigger to 2024-04-07 08:00:00+00:00, run_after=2024-04-07 12:00:00+00:00
[2024-04-07T14:49:06.654+0000] {processor.py:183} INFO - Processing /home/airflow/.local/lib/python3.8/site-packages/airflow/example_dags/example_latest_only_with_trigger.py took 0.388 seconds
[2024-04-07T14:49:36.771+0000] {processor.py:161} INFO - Started process (PID=1164) to work on /home/airflow/.local/lib/python3.8/site-packages/airflow/example_dags/example_latest_only_with_trigger.py
[2024-04-07T14:49:36.773+0000] {processor.py:830} INFO - Processing file /home/airflow/.local/lib/python3.8/site-packages/airflow/example_dags/example_latest_only_with_trigger.py for tasks to queue
[2024-04-07T14:49:36.778+0000] {logging_mixin.py:188} INFO - [2024-04-07T14:49:36.777+0000] {dagbag.py:540} INFO - Filling up the DagBag from /home/airflow/.local/lib/python3.8/site-packages/airflow/example_dags/example_latest_only_with_trigger.py
[2024-04-07T14:49:36.788+0000] {processor.py:840} INFO - DAG(s) 'latest_only_with_trigger' retrieved from /home/airflow/.local/lib/python3.8/site-packages/airflow/example_dags/example_latest_only_with_trigger.py
[2024-04-07T14:49:36.828+0000] {logging_mixin.py:188} INFO - [2024-04-07T14:49:36.827+0000] {dag.py:3047} INFO - Sync 1 DAGs
[2024-04-07T14:49:36.888+0000] {logging_mixin.py:188} INFO - [2024-04-07T14:49:36.888+0000] {dag.py:3834} INFO - Setting next_dagrun for latest_only_with_trigger to 2024-04-07 08:00:00+00:00, run_after=2024-04-07 12:00:00+00:00
[2024-04-07T14:49:36.948+0000] {processor.py:183} INFO - Processing /home/airflow/.local/lib/python3.8/site-packages/airflow/example_dags/example_latest_only_with_trigger.py took 0.183 seconds
[2024-04-07T14:50:07.884+0000] {processor.py:161} INFO - Started process (PID=1221) to work on /home/airflow/.local/lib/python3.8/site-packages/airflow/example_dags/example_latest_only_with_trigger.py
[2024-04-07T14:50:07.886+0000] {processor.py:830} INFO - Processing file /home/airflow/.local/lib/python3.8/site-packages/airflow/example_dags/example_latest_only_with_trigger.py for tasks to queue
[2024-04-07T14:50:07.892+0000] {logging_mixin.py:188} INFO - [2024-04-07T14:50:07.891+0000] {dagbag.py:540} INFO - Filling up the DagBag from /home/airflow/.local/lib/python3.8/site-packages/airflow/example_dags/example_latest_only_with_trigger.py
[2024-04-07T14:50:07.936+0000] {processor.py:840} INFO - DAG(s) 'latest_only_with_trigger' retrieved from /home/airflow/.local/lib/python3.8/site-packages/airflow/example_dags/example_latest_only_with_trigger.py
[2024-04-07T14:50:08.043+0000] {logging_mixin.py:188} INFO - [2024-04-07T14:50:08.042+0000] {dag.py:3047} INFO - Sync 1 DAGs
[2024-04-07T14:50:08.177+0000] {logging_mixin.py:188} INFO - [2024-04-07T14:50:08.176+0000] {dag.py:3834} INFO - Setting next_dagrun for latest_only_with_trigger to 2024-04-07 08:00:00+00:00, run_after=2024-04-07 12:00:00+00:00
[2024-04-07T14:50:08.315+0000] {processor.py:183} INFO - Processing /home/airflow/.local/lib/python3.8/site-packages/airflow/example_dags/example_latest_only_with_trigger.py took 0.447 seconds
[2024-04-07T14:50:38.957+0000] {processor.py:161} INFO - Started process (PID=1279) to work on /home/airflow/.local/lib/python3.8/site-packages/airflow/example_dags/example_latest_only_with_trigger.py
[2024-04-07T14:50:38.973+0000] {processor.py:830} INFO - Processing file /home/airflow/.local/lib/python3.8/site-packages/airflow/example_dags/example_latest_only_with_trigger.py for tasks to queue
[2024-04-07T14:50:38.985+0000] {logging_mixin.py:188} INFO - [2024-04-07T14:50:38.984+0000] {dagbag.py:540} INFO - Filling up the DagBag from /home/airflow/.local/lib/python3.8/site-packages/airflow/example_dags/example_latest_only_with_trigger.py
[2024-04-07T14:50:39.020+0000] {processor.py:840} INFO - DAG(s) 'latest_only_with_trigger' retrieved from /home/airflow/.local/lib/python3.8/site-packages/airflow/example_dags/example_latest_only_with_trigger.py
[2024-04-07T14:50:39.136+0000] {logging_mixin.py:188} INFO - [2024-04-07T14:50:39.136+0000] {dag.py:3047} INFO - Sync 1 DAGs
[2024-04-07T14:50:39.247+0000] {logging_mixin.py:188} INFO - [2024-04-07T14:50:39.247+0000] {dag.py:3834} INFO - Setting next_dagrun for latest_only_with_trigger to 2024-04-07 08:00:00+00:00, run_after=2024-04-07 12:00:00+00:00
[2024-04-07T14:50:39.331+0000] {processor.py:183} INFO - Processing /home/airflow/.local/lib/python3.8/site-packages/airflow/example_dags/example_latest_only_with_trigger.py took 0.383 seconds
[2024-04-07T14:51:09.670+0000] {processor.py:161} INFO - Started process (PID=1335) to work on /home/airflow/.local/lib/python3.8/site-packages/airflow/example_dags/example_latest_only_with_trigger.py
[2024-04-07T14:51:09.675+0000] {processor.py:830} INFO - Processing file /home/airflow/.local/lib/python3.8/site-packages/airflow/example_dags/example_latest_only_with_trigger.py for tasks to queue
[2024-04-07T14:51:09.682+0000] {logging_mixin.py:188} INFO - [2024-04-07T14:51:09.681+0000] {dagbag.py:540} INFO - Filling up the DagBag from /home/airflow/.local/lib/python3.8/site-packages/airflow/example_dags/example_latest_only_with_trigger.py
[2024-04-07T14:51:09.703+0000] {processor.py:840} INFO - DAG(s) 'latest_only_with_trigger' retrieved from /home/airflow/.local/lib/python3.8/site-packages/airflow/example_dags/example_latest_only_with_trigger.py
[2024-04-07T14:51:09.778+0000] {logging_mixin.py:188} INFO - [2024-04-07T14:51:09.778+0000] {dag.py:3047} INFO - Sync 1 DAGs
[2024-04-07T14:51:09.869+0000] {logging_mixin.py:188} INFO - [2024-04-07T14:51:09.868+0000] {dag.py:3834} INFO - Setting next_dagrun for latest_only_with_trigger to 2024-04-07 08:00:00+00:00, run_after=2024-04-07 12:00:00+00:00
[2024-04-07T14:51:09.983+0000] {processor.py:183} INFO - Processing /home/airflow/.local/lib/python3.8/site-packages/airflow/example_dags/example_latest_only_with_trigger.py took 0.323 seconds
[2024-04-07T14:51:40.541+0000] {processor.py:161} INFO - Started process (PID=1393) to work on /home/airflow/.local/lib/python3.8/site-packages/airflow/example_dags/example_latest_only_with_trigger.py
[2024-04-07T14:51:40.543+0000] {processor.py:830} INFO - Processing file /home/airflow/.local/lib/python3.8/site-packages/airflow/example_dags/example_latest_only_with_trigger.py for tasks to queue
[2024-04-07T14:51:40.547+0000] {logging_mixin.py:188} INFO - [2024-04-07T14:51:40.547+0000] {dagbag.py:540} INFO - Filling up the DagBag from /home/airflow/.local/lib/python3.8/site-packages/airflow/example_dags/example_latest_only_with_trigger.py
[2024-04-07T14:51:40.564+0000] {processor.py:840} INFO - DAG(s) 'latest_only_with_trigger' retrieved from /home/airflow/.local/lib/python3.8/site-packages/airflow/example_dags/example_latest_only_with_trigger.py
[2024-04-07T14:51:40.689+0000] {logging_mixin.py:188} INFO - [2024-04-07T14:51:40.689+0000] {dag.py:3047} INFO - Sync 1 DAGs
[2024-04-07T14:51:40.813+0000] {logging_mixin.py:188} INFO - [2024-04-07T14:51:40.812+0000] {dag.py:3834} INFO - Setting next_dagrun for latest_only_with_trigger to 2024-04-07 08:00:00+00:00, run_after=2024-04-07 12:00:00+00:00
[2024-04-07T14:51:40.913+0000] {processor.py:183} INFO - Processing /home/airflow/.local/lib/python3.8/site-packages/airflow/example_dags/example_latest_only_with_trigger.py took 0.383 seconds
[2024-04-07T14:52:11.312+0000] {processor.py:161} INFO - Started process (PID=1450) to work on /home/airflow/.local/lib/python3.8/site-packages/airflow/example_dags/example_latest_only_with_trigger.py
[2024-04-07T14:52:11.315+0000] {processor.py:830} INFO - Processing file /home/airflow/.local/lib/python3.8/site-packages/airflow/example_dags/example_latest_only_with_trigger.py for tasks to queue
[2024-04-07T14:52:11.322+0000] {logging_mixin.py:188} INFO - [2024-04-07T14:52:11.321+0000] {dagbag.py:540} INFO - Filling up the DagBag from /home/airflow/.local/lib/python3.8/site-packages/airflow/example_dags/example_latest_only_with_trigger.py
[2024-04-07T14:52:11.336+0000] {processor.py:840} INFO - DAG(s) 'latest_only_with_trigger' retrieved from /home/airflow/.local/lib/python3.8/site-packages/airflow/example_dags/example_latest_only_with_trigger.py
[2024-04-07T14:52:11.396+0000] {logging_mixin.py:188} INFO - [2024-04-07T14:52:11.395+0000] {dag.py:3047} INFO - Sync 1 DAGs
[2024-04-07T14:52:11.516+0000] {logging_mixin.py:188} INFO - [2024-04-07T14:52:11.515+0000] {dag.py:3834} INFO - Setting next_dagrun for latest_only_with_trigger to 2024-04-07 08:00:00+00:00, run_after=2024-04-07 12:00:00+00:00
[2024-04-07T14:52:11.656+0000] {processor.py:183} INFO - Processing /home/airflow/.local/lib/python3.8/site-packages/airflow/example_dags/example_latest_only_with_trigger.py took 0.352 seconds
[2024-04-07T14:52:42.248+0000] {processor.py:161} INFO - Started process (PID=1507) to work on /home/airflow/.local/lib/python3.8/site-packages/airflow/example_dags/example_latest_only_with_trigger.py
[2024-04-07T14:52:42.252+0000] {processor.py:830} INFO - Processing file /home/airflow/.local/lib/python3.8/site-packages/airflow/example_dags/example_latest_only_with_trigger.py for tasks to queue
[2024-04-07T14:52:42.256+0000] {logging_mixin.py:188} INFO - [2024-04-07T14:52:42.256+0000] {dagbag.py:540} INFO - Filling up the DagBag from /home/airflow/.local/lib/python3.8/site-packages/airflow/example_dags/example_latest_only_with_trigger.py
[2024-04-07T14:52:42.275+0000] {processor.py:840} INFO - DAG(s) 'latest_only_with_trigger' retrieved from /home/airflow/.local/lib/python3.8/site-packages/airflow/example_dags/example_latest_only_with_trigger.py
[2024-04-07T14:52:42.334+0000] {logging_mixin.py:188} INFO - [2024-04-07T14:52:42.334+0000] {dag.py:3047} INFO - Sync 1 DAGs
[2024-04-07T14:52:42.401+0000] {logging_mixin.py:188} INFO - [2024-04-07T14:52:42.400+0000] {dag.py:3834} INFO - Setting next_dagrun for latest_only_with_trigger to 2024-04-07 08:00:00+00:00, run_after=2024-04-07 12:00:00+00:00
[2024-04-07T14:52:42.463+0000] {processor.py:183} INFO - Processing /home/airflow/.local/lib/python3.8/site-packages/airflow/example_dags/example_latest_only_with_trigger.py took 0.224 seconds
[2024-04-07T14:53:12.624+0000] {processor.py:161} INFO - Started process (PID=1564) to work on /home/airflow/.local/lib/python3.8/site-packages/airflow/example_dags/example_latest_only_with_trigger.py
[2024-04-07T14:53:12.626+0000] {processor.py:830} INFO - Processing file /home/airflow/.local/lib/python3.8/site-packages/airflow/example_dags/example_latest_only_with_trigger.py for tasks to queue
[2024-04-07T14:53:12.632+0000] {logging_mixin.py:188} INFO - [2024-04-07T14:53:12.631+0000] {dagbag.py:540} INFO - Filling up the DagBag from /home/airflow/.local/lib/python3.8/site-packages/airflow/example_dags/example_latest_only_with_trigger.py
[2024-04-07T14:53:12.643+0000] {processor.py:840} INFO - DAG(s) 'latest_only_with_trigger' retrieved from /home/airflow/.local/lib/python3.8/site-packages/airflow/example_dags/example_latest_only_with_trigger.py
[2024-04-07T14:53:12.693+0000] {logging_mixin.py:188} INFO - [2024-04-07T14:53:12.692+0000] {dag.py:3047} INFO - Sync 1 DAGs
[2024-04-07T14:53:12.742+0000] {logging_mixin.py:188} INFO - [2024-04-07T14:53:12.742+0000] {dag.py:3834} INFO - Setting next_dagrun for latest_only_with_trigger to 2024-04-07 08:00:00+00:00, run_after=2024-04-07 12:00:00+00:00
[2024-04-07T14:53:12.786+0000] {processor.py:183} INFO - Processing /home/airflow/.local/lib/python3.8/site-packages/airflow/example_dags/example_latest_only_with_trigger.py took 0.169 seconds
[2024-04-07T14:53:43.706+0000] {processor.py:161} INFO - Started process (PID=1621) to work on /home/airflow/.local/lib/python3.8/site-packages/airflow/example_dags/example_latest_only_with_trigger.py
[2024-04-07T14:53:43.708+0000] {processor.py:830} INFO - Processing file /home/airflow/.local/lib/python3.8/site-packages/airflow/example_dags/example_latest_only_with_trigger.py for tasks to queue
[2024-04-07T14:53:43.713+0000] {logging_mixin.py:188} INFO - [2024-04-07T14:53:43.712+0000] {dagbag.py:540} INFO - Filling up the DagBag from /home/airflow/.local/lib/python3.8/site-packages/airflow/example_dags/example_latest_only_with_trigger.py
[2024-04-07T14:53:43.725+0000] {processor.py:840} INFO - DAG(s) 'latest_only_with_trigger' retrieved from /home/airflow/.local/lib/python3.8/site-packages/airflow/example_dags/example_latest_only_with_trigger.py
[2024-04-07T14:53:43.771+0000] {logging_mixin.py:188} INFO - [2024-04-07T14:53:43.770+0000] {dag.py:3047} INFO - Sync 1 DAGs
[2024-04-07T14:53:43.822+0000] {logging_mixin.py:188} INFO - [2024-04-07T14:53:43.822+0000] {dag.py:3834} INFO - Setting next_dagrun for latest_only_with_trigger to 2024-04-07 08:00:00+00:00, run_after=2024-04-07 12:00:00+00:00
[2024-04-07T14:53:43.870+0000] {processor.py:183} INFO - Processing /home/airflow/.local/lib/python3.8/site-packages/airflow/example_dags/example_latest_only_with_trigger.py took 0.175 seconds
[2024-04-07T14:54:14.521+0000] {processor.py:161} INFO - Started process (PID=1678) to work on /home/airflow/.local/lib/python3.8/site-packages/airflow/example_dags/example_latest_only_with_trigger.py
[2024-04-07T14:54:14.523+0000] {processor.py:830} INFO - Processing file /home/airflow/.local/lib/python3.8/site-packages/airflow/example_dags/example_latest_only_with_trigger.py for tasks to queue
[2024-04-07T14:54:14.535+0000] {logging_mixin.py:188} INFO - [2024-04-07T14:54:14.534+0000] {dagbag.py:540} INFO - Filling up the DagBag from /home/airflow/.local/lib/python3.8/site-packages/airflow/example_dags/example_latest_only_with_trigger.py
[2024-04-07T14:54:14.554+0000] {processor.py:840} INFO - DAG(s) 'latest_only_with_trigger' retrieved from /home/airflow/.local/lib/python3.8/site-packages/airflow/example_dags/example_latest_only_with_trigger.py
[2024-04-07T14:54:14.632+0000] {logging_mixin.py:188} INFO - [2024-04-07T14:54:14.631+0000] {dag.py:3047} INFO - Sync 1 DAGs
[2024-04-07T14:54:14.713+0000] {logging_mixin.py:188} INFO - [2024-04-07T14:54:14.712+0000] {dag.py:3834} INFO - Setting next_dagrun for latest_only_with_trigger to 2024-04-07 08:00:00+00:00, run_after=2024-04-07 12:00:00+00:00
[2024-04-07T14:54:14.829+0000] {processor.py:183} INFO - Processing /home/airflow/.local/lib/python3.8/site-packages/airflow/example_dags/example_latest_only_with_trigger.py took 0.318 seconds
[2024-04-07T14:54:44.972+0000] {processor.py:161} INFO - Started process (PID=1735) to work on /home/airflow/.local/lib/python3.8/site-packages/airflow/example_dags/example_latest_only_with_trigger.py
[2024-04-07T14:54:44.975+0000] {processor.py:830} INFO - Processing file /home/airflow/.local/lib/python3.8/site-packages/airflow/example_dags/example_latest_only_with_trigger.py for tasks to queue
[2024-04-07T14:54:44.980+0000] {logging_mixin.py:188} INFO - [2024-04-07T14:54:44.979+0000] {dagbag.py:540} INFO - Filling up the DagBag from /home/airflow/.local/lib/python3.8/site-packages/airflow/example_dags/example_latest_only_with_trigger.py
[2024-04-07T14:54:44.990+0000] {processor.py:840} INFO - DAG(s) 'latest_only_with_trigger' retrieved from /home/airflow/.local/lib/python3.8/site-packages/airflow/example_dags/example_latest_only_with_trigger.py
[2024-04-07T14:54:45.027+0000] {logging_mixin.py:188} INFO - [2024-04-07T14:54:45.026+0000] {dag.py:3047} INFO - Sync 1 DAGs
[2024-04-07T14:54:45.067+0000] {logging_mixin.py:188} INFO - [2024-04-07T14:54:45.067+0000] {dag.py:3834} INFO - Setting next_dagrun for latest_only_with_trigger to 2024-04-07 08:00:00+00:00, run_after=2024-04-07 12:00:00+00:00
[2024-04-07T14:54:45.100+0000] {processor.py:183} INFO - Processing /home/airflow/.local/lib/python3.8/site-packages/airflow/example_dags/example_latest_only_with_trigger.py took 0.136 seconds
[2024-04-07T14:55:15.993+0000] {processor.py:161} INFO - Started process (PID=1791) to work on /home/airflow/.local/lib/python3.8/site-packages/airflow/example_dags/example_latest_only_with_trigger.py
[2024-04-07T14:55:15.995+0000] {processor.py:830} INFO - Processing file /home/airflow/.local/lib/python3.8/site-packages/airflow/example_dags/example_latest_only_with_trigger.py for tasks to queue
[2024-04-07T14:55:16.001+0000] {logging_mixin.py:188} INFO - [2024-04-07T14:55:16.000+0000] {dagbag.py:540} INFO - Filling up the DagBag from /home/airflow/.local/lib/python3.8/site-packages/airflow/example_dags/example_latest_only_with_trigger.py
[2024-04-07T14:55:16.014+0000] {processor.py:840} INFO - DAG(s) 'latest_only_with_trigger' retrieved from /home/airflow/.local/lib/python3.8/site-packages/airflow/example_dags/example_latest_only_with_trigger.py
[2024-04-07T14:55:16.059+0000] {logging_mixin.py:188} INFO - [2024-04-07T14:55:16.058+0000] {dag.py:3047} INFO - Sync 1 DAGs
[2024-04-07T14:55:16.125+0000] {logging_mixin.py:188} INFO - [2024-04-07T14:55:16.124+0000] {dag.py:3834} INFO - Setting next_dagrun for latest_only_with_trigger to 2024-04-07 08:00:00+00:00, run_after=2024-04-07 12:00:00+00:00
[2024-04-07T14:55:16.206+0000] {processor.py:183} INFO - Processing /home/airflow/.local/lib/python3.8/site-packages/airflow/example_dags/example_latest_only_with_trigger.py took 0.220 seconds
[2024-04-07T14:55:46.297+0000] {processor.py:161} INFO - Started process (PID=1848) to work on /home/airflow/.local/lib/python3.8/site-packages/airflow/example_dags/example_latest_only_with_trigger.py
[2024-04-07T14:55:46.299+0000] {processor.py:830} INFO - Processing file /home/airflow/.local/lib/python3.8/site-packages/airflow/example_dags/example_latest_only_with_trigger.py for tasks to queue
[2024-04-07T14:55:46.303+0000] {logging_mixin.py:188} INFO - [2024-04-07T14:55:46.302+0000] {dagbag.py:540} INFO - Filling up the DagBag from /home/airflow/.local/lib/python3.8/site-packages/airflow/example_dags/example_latest_only_with_trigger.py
[2024-04-07T14:55:46.311+0000] {processor.py:840} INFO - DAG(s) 'latest_only_with_trigger' retrieved from /home/airflow/.local/lib/python3.8/site-packages/airflow/example_dags/example_latest_only_with_trigger.py
[2024-04-07T14:55:46.359+0000] {logging_mixin.py:188} INFO - [2024-04-07T14:55:46.359+0000] {dag.py:3047} INFO - Sync 1 DAGs
[2024-04-07T14:55:46.426+0000] {logging_mixin.py:188} INFO - [2024-04-07T14:55:46.425+0000] {dag.py:3834} INFO - Setting next_dagrun for latest_only_with_trigger to 2024-04-07 08:00:00+00:00, run_after=2024-04-07 12:00:00+00:00
[2024-04-07T14:55:46.468+0000] {processor.py:183} INFO - Processing /home/airflow/.local/lib/python3.8/site-packages/airflow/example_dags/example_latest_only_with_trigger.py took 0.176 seconds
[2024-04-07T14:56:16.550+0000] {processor.py:161} INFO - Started process (PID=1906) to work on /home/airflow/.local/lib/python3.8/site-packages/airflow/example_dags/example_latest_only_with_trigger.py
[2024-04-07T14:56:16.552+0000] {processor.py:830} INFO - Processing file /home/airflow/.local/lib/python3.8/site-packages/airflow/example_dags/example_latest_only_with_trigger.py for tasks to queue
[2024-04-07T14:56:16.555+0000] {logging_mixin.py:188} INFO - [2024-04-07T14:56:16.555+0000] {dagbag.py:540} INFO - Filling up the DagBag from /home/airflow/.local/lib/python3.8/site-packages/airflow/example_dags/example_latest_only_with_trigger.py
[2024-04-07T14:56:16.564+0000] {processor.py:840} INFO - DAG(s) 'latest_only_with_trigger' retrieved from /home/airflow/.local/lib/python3.8/site-packages/airflow/example_dags/example_latest_only_with_trigger.py
[2024-04-07T14:56:16.596+0000] {logging_mixin.py:188} INFO - [2024-04-07T14:56:16.596+0000] {dag.py:3047} INFO - Sync 1 DAGs
[2024-04-07T14:56:16.636+0000] {logging_mixin.py:188} INFO - [2024-04-07T14:56:16.635+0000] {dag.py:3834} INFO - Setting next_dagrun for latest_only_with_trigger to 2024-04-07 08:00:00+00:00, run_after=2024-04-07 12:00:00+00:00
[2024-04-07T14:56:16.670+0000] {processor.py:183} INFO - Processing /home/airflow/.local/lib/python3.8/site-packages/airflow/example_dags/example_latest_only_with_trigger.py took 0.125 seconds
[2024-04-07T14:56:47.222+0000] {processor.py:161} INFO - Started process (PID=1962) to work on /home/airflow/.local/lib/python3.8/site-packages/airflow/example_dags/example_latest_only_with_trigger.py
[2024-04-07T14:56:47.224+0000] {processor.py:830} INFO - Processing file /home/airflow/.local/lib/python3.8/site-packages/airflow/example_dags/example_latest_only_with_trigger.py for tasks to queue
[2024-04-07T14:56:47.227+0000] {logging_mixin.py:188} INFO - [2024-04-07T14:56:47.227+0000] {dagbag.py:540} INFO - Filling up the DagBag from /home/airflow/.local/lib/python3.8/site-packages/airflow/example_dags/example_latest_only_with_trigger.py
[2024-04-07T14:56:47.235+0000] {processor.py:840} INFO - DAG(s) 'latest_only_with_trigger' retrieved from /home/airflow/.local/lib/python3.8/site-packages/airflow/example_dags/example_latest_only_with_trigger.py
[2024-04-07T14:56:47.271+0000] {logging_mixin.py:188} INFO - [2024-04-07T14:56:47.270+0000] {dag.py:3047} INFO - Sync 1 DAGs
[2024-04-07T14:56:47.305+0000] {logging_mixin.py:188} INFO - [2024-04-07T14:56:47.305+0000] {dag.py:3834} INFO - Setting next_dagrun for latest_only_with_trigger to 2024-04-07 08:00:00+00:00, run_after=2024-04-07 12:00:00+00:00
[2024-04-07T14:56:47.352+0000] {processor.py:183} INFO - Processing /home/airflow/.local/lib/python3.8/site-packages/airflow/example_dags/example_latest_only_with_trigger.py took 0.135 seconds
[2024-04-07T14:57:17.572+0000] {processor.py:161} INFO - Started process (PID=2019) to work on /home/airflow/.local/lib/python3.8/site-packages/airflow/example_dags/example_latest_only_with_trigger.py
[2024-04-07T14:57:17.575+0000] {processor.py:830} INFO - Processing file /home/airflow/.local/lib/python3.8/site-packages/airflow/example_dags/example_latest_only_with_trigger.py for tasks to queue
[2024-04-07T14:57:17.581+0000] {logging_mixin.py:188} INFO - [2024-04-07T14:57:17.580+0000] {dagbag.py:540} INFO - Filling up the DagBag from /home/airflow/.local/lib/python3.8/site-packages/airflow/example_dags/example_latest_only_with_trigger.py
[2024-04-07T14:57:17.598+0000] {processor.py:840} INFO - DAG(s) 'latest_only_with_trigger' retrieved from /home/airflow/.local/lib/python3.8/site-packages/airflow/example_dags/example_latest_only_with_trigger.py
[2024-04-07T14:57:17.649+0000] {logging_mixin.py:188} INFO - [2024-04-07T14:57:17.648+0000] {dag.py:3047} INFO - Sync 1 DAGs
[2024-04-07T14:57:17.708+0000] {logging_mixin.py:188} INFO - [2024-04-07T14:57:17.707+0000] {dag.py:3834} INFO - Setting next_dagrun for latest_only_with_trigger to 2024-04-07 08:00:00+00:00, run_after=2024-04-07 12:00:00+00:00
[2024-04-07T14:57:17.756+0000] {processor.py:183} INFO - Processing /home/airflow/.local/lib/python3.8/site-packages/airflow/example_dags/example_latest_only_with_trigger.py took 0.192 seconds
[2024-04-07T14:57:48.455+0000] {processor.py:161} INFO - Started process (PID=2077) to work on /home/airflow/.local/lib/python3.8/site-packages/airflow/example_dags/example_latest_only_with_trigger.py
[2024-04-07T14:57:48.457+0000] {processor.py:830} INFO - Processing file /home/airflow/.local/lib/python3.8/site-packages/airflow/example_dags/example_latest_only_with_trigger.py for tasks to queue
[2024-04-07T14:57:48.460+0000] {logging_mixin.py:188} INFO - [2024-04-07T14:57:48.459+0000] {dagbag.py:540} INFO - Filling up the DagBag from /home/airflow/.local/lib/python3.8/site-packages/airflow/example_dags/example_latest_only_with_trigger.py
[2024-04-07T14:57:48.473+0000] {processor.py:840} INFO - DAG(s) 'latest_only_with_trigger' retrieved from /home/airflow/.local/lib/python3.8/site-packages/airflow/example_dags/example_latest_only_with_trigger.py
[2024-04-07T14:57:48.568+0000] {logging_mixin.py:188} INFO - [2024-04-07T14:57:48.566+0000] {dag.py:3047} INFO - Sync 1 DAGs
[2024-04-07T14:57:48.654+0000] {logging_mixin.py:188} INFO - [2024-04-07T14:57:48.653+0000] {dag.py:3834} INFO - Setting next_dagrun for latest_only_with_trigger to 2024-04-07 08:00:00+00:00, run_after=2024-04-07 12:00:00+00:00
[2024-04-07T14:57:48.717+0000] {processor.py:183} INFO - Processing /home/airflow/.local/lib/python3.8/site-packages/airflow/example_dags/example_latest_only_with_trigger.py took 0.268 seconds
[2024-04-07T14:58:19.335+0000] {processor.py:161} INFO - Started process (PID=2134) to work on /home/airflow/.local/lib/python3.8/site-packages/airflow/example_dags/example_latest_only_with_trigger.py
[2024-04-07T14:58:19.342+0000] {processor.py:830} INFO - Processing file /home/airflow/.local/lib/python3.8/site-packages/airflow/example_dags/example_latest_only_with_trigger.py for tasks to queue
[2024-04-07T14:58:19.347+0000] {logging_mixin.py:188} INFO - [2024-04-07T14:58:19.347+0000] {dagbag.py:540} INFO - Filling up the DagBag from /home/airflow/.local/lib/python3.8/site-packages/airflow/example_dags/example_latest_only_with_trigger.py
[2024-04-07T14:58:19.365+0000] {processor.py:840} INFO - DAG(s) 'latest_only_with_trigger' retrieved from /home/airflow/.local/lib/python3.8/site-packages/airflow/example_dags/example_latest_only_with_trigger.py
[2024-04-07T14:58:19.410+0000] {logging_mixin.py:188} INFO - [2024-04-07T14:58:19.409+0000] {dag.py:3047} INFO - Sync 1 DAGs
[2024-04-07T14:58:19.513+0000] {logging_mixin.py:188} INFO - [2024-04-07T14:58:19.512+0000] {dag.py:3834} INFO - Setting next_dagrun for latest_only_with_trigger to 2024-04-07 08:00:00+00:00, run_after=2024-04-07 12:00:00+00:00
[2024-04-07T14:58:19.639+0000] {processor.py:183} INFO - Processing /home/airflow/.local/lib/python3.8/site-packages/airflow/example_dags/example_latest_only_with_trigger.py took 0.310 seconds
[2024-04-07T14:58:50.566+0000] {processor.py:161} INFO - Started process (PID=2191) to work on /home/airflow/.local/lib/python3.8/site-packages/airflow/example_dags/example_latest_only_with_trigger.py
[2024-04-07T14:58:50.568+0000] {processor.py:830} INFO - Processing file /home/airflow/.local/lib/python3.8/site-packages/airflow/example_dags/example_latest_only_with_trigger.py for tasks to queue
[2024-04-07T14:58:50.571+0000] {logging_mixin.py:188} INFO - [2024-04-07T14:58:50.570+0000] {dagbag.py:540} INFO - Filling up the DagBag from /home/airflow/.local/lib/python3.8/site-packages/airflow/example_dags/example_latest_only_with_trigger.py
[2024-04-07T14:58:50.580+0000] {processor.py:840} INFO - DAG(s) 'latest_only_with_trigger' retrieved from /home/airflow/.local/lib/python3.8/site-packages/airflow/example_dags/example_latest_only_with_trigger.py
[2024-04-07T14:58:50.612+0000] {logging_mixin.py:188} INFO - [2024-04-07T14:58:50.612+0000] {dag.py:3047} INFO - Sync 1 DAGs
[2024-04-07T14:58:50.657+0000] {logging_mixin.py:188} INFO - [2024-04-07T14:58:50.656+0000] {dag.py:3834} INFO - Setting next_dagrun for latest_only_with_trigger to 2024-04-07 08:00:00+00:00, run_after=2024-04-07 12:00:00+00:00
[2024-04-07T14:58:50.696+0000] {processor.py:183} INFO - Processing /home/airflow/.local/lib/python3.8/site-packages/airflow/example_dags/example_latest_only_with_trigger.py took 0.135 seconds
[2024-04-07T14:59:21.273+0000] {processor.py:161} INFO - Started process (PID=2248) to work on /home/airflow/.local/lib/python3.8/site-packages/airflow/example_dags/example_latest_only_with_trigger.py
[2024-04-07T14:59:21.279+0000] {processor.py:830} INFO - Processing file /home/airflow/.local/lib/python3.8/site-packages/airflow/example_dags/example_latest_only_with_trigger.py for tasks to queue
[2024-04-07T14:59:21.283+0000] {logging_mixin.py:188} INFO - [2024-04-07T14:59:21.283+0000] {dagbag.py:540} INFO - Filling up the DagBag from /home/airflow/.local/lib/python3.8/site-packages/airflow/example_dags/example_latest_only_with_trigger.py
[2024-04-07T14:59:21.298+0000] {processor.py:840} INFO - DAG(s) 'latest_only_with_trigger' retrieved from /home/airflow/.local/lib/python3.8/site-packages/airflow/example_dags/example_latest_only_with_trigger.py
[2024-04-07T14:59:21.347+0000] {logging_mixin.py:188} INFO - [2024-04-07T14:59:21.347+0000] {dag.py:3047} INFO - Sync 1 DAGs
[2024-04-07T14:59:21.408+0000] {logging_mixin.py:188} INFO - [2024-04-07T14:59:21.408+0000] {dag.py:3834} INFO - Setting next_dagrun for latest_only_with_trigger to 2024-04-07 08:00:00+00:00, run_after=2024-04-07 12:00:00+00:00
[2024-04-07T14:59:21.455+0000] {processor.py:183} INFO - Processing /home/airflow/.local/lib/python3.8/site-packages/airflow/example_dags/example_latest_only_with_trigger.py took 0.199 seconds
[2024-04-07T14:59:51.659+0000] {processor.py:161} INFO - Started process (PID=2305) to work on /home/airflow/.local/lib/python3.8/site-packages/airflow/example_dags/example_latest_only_with_trigger.py
[2024-04-07T14:59:51.661+0000] {processor.py:830} INFO - Processing file /home/airflow/.local/lib/python3.8/site-packages/airflow/example_dags/example_latest_only_with_trigger.py for tasks to queue
[2024-04-07T14:59:51.664+0000] {logging_mixin.py:188} INFO - [2024-04-07T14:59:51.663+0000] {dagbag.py:540} INFO - Filling up the DagBag from /home/airflow/.local/lib/python3.8/site-packages/airflow/example_dags/example_latest_only_with_trigger.py
[2024-04-07T14:59:51.674+0000] {processor.py:840} INFO - DAG(s) 'latest_only_with_trigger' retrieved from /home/airflow/.local/lib/python3.8/site-packages/airflow/example_dags/example_latest_only_with_trigger.py
[2024-04-07T14:59:51.707+0000] {logging_mixin.py:188} INFO - [2024-04-07T14:59:51.706+0000] {dag.py:3047} INFO - Sync 1 DAGs
[2024-04-07T14:59:51.743+0000] {logging_mixin.py:188} INFO - [2024-04-07T14:59:51.742+0000] {dag.py:3834} INFO - Setting next_dagrun for latest_only_with_trigger to 2024-04-07 08:00:00+00:00, run_after=2024-04-07 12:00:00+00:00
[2024-04-07T14:59:51.776+0000] {processor.py:183} INFO - Processing /home/airflow/.local/lib/python3.8/site-packages/airflow/example_dags/example_latest_only_with_trigger.py took 0.121 seconds
[2024-04-07T15:00:22.690+0000] {processor.py:161} INFO - Started process (PID=2362) to work on /home/airflow/.local/lib/python3.8/site-packages/airflow/example_dags/example_latest_only_with_trigger.py
[2024-04-07T15:00:22.693+0000] {processor.py:830} INFO - Processing file /home/airflow/.local/lib/python3.8/site-packages/airflow/example_dags/example_latest_only_with_trigger.py for tasks to queue
[2024-04-07T15:00:22.700+0000] {logging_mixin.py:188} INFO - [2024-04-07T15:00:22.697+0000] {dagbag.py:540} INFO - Filling up the DagBag from /home/airflow/.local/lib/python3.8/site-packages/airflow/example_dags/example_latest_only_with_trigger.py
[2024-04-07T15:00:22.712+0000] {processor.py:840} INFO - DAG(s) 'latest_only_with_trigger' retrieved from /home/airflow/.local/lib/python3.8/site-packages/airflow/example_dags/example_latest_only_with_trigger.py
[2024-04-07T15:00:22.760+0000] {logging_mixin.py:188} INFO - [2024-04-07T15:00:22.760+0000] {dag.py:3047} INFO - Sync 1 DAGs
[2024-04-07T15:00:22.811+0000] {logging_mixin.py:188} INFO - [2024-04-07T15:00:22.811+0000] {dag.py:3834} INFO - Setting next_dagrun for latest_only_with_trigger to 2024-04-07 08:00:00+00:00, run_after=2024-04-07 12:00:00+00:00
[2024-04-07T15:00:22.852+0000] {processor.py:183} INFO - Processing /home/airflow/.local/lib/python3.8/site-packages/airflow/example_dags/example_latest_only_with_trigger.py took 0.168 seconds
