[2024-04-07T14:39:32.610+0000] {processor.py:161} INFO - Started process (PID=79) to work on /home/airflow/.local/lib/python3.8/site-packages/airflow/example_dags/example_short_circuit_operator.py
[2024-04-07T14:39:32.613+0000] {processor.py:830} INFO - Processing file /home/airflow/.local/lib/python3.8/site-packages/airflow/example_dags/example_short_circuit_operator.py for tasks to queue
[2024-04-07T14:39:32.618+0000] {logging_mixin.py:188} INFO - [2024-04-07T14:39:32.617+0000] {dagbag.py:540} INFO - Filling up the DagBag from /home/airflow/.local/lib/python3.8/site-packages/airflow/example_dags/example_short_circuit_operator.py
[2024-04-07T14:39:32.784+0000] {processor.py:840} INFO - DAG(s) 'example_short_circuit_operator' retrieved from /home/airflow/.local/lib/python3.8/site-packages/airflow/example_dags/example_short_circuit_operator.py
[2024-04-07T14:39:32.875+0000] {logging_mixin.py:188} INFO - [2024-04-07T14:39:32.875+0000] {dag.py:3047} INFO - Sync 1 DAGs
[2024-04-07T14:39:32.966+0000] {logging_mixin.py:188} INFO - [2024-04-07T14:39:32.965+0000] {dag.py:3834} INFO - Setting next_dagrun for example_short_circuit_operator to 2024-04-06 00:00:00+00:00, run_after=2024-04-07 00:00:00+00:00
[2024-04-07T14:39:33.340+0000] {processor.py:183} INFO - Processing /home/airflow/.local/lib/python3.8/site-packages/airflow/example_dags/example_short_circuit_operator.py took 0.737 seconds
[2024-04-07T14:40:07.575+0000] {processor.py:161} INFO - Started process (PID=136) to work on /home/airflow/.local/lib/python3.8/site-packages/airflow/example_dags/example_short_circuit_operator.py
[2024-04-07T14:40:07.577+0000] {processor.py:830} INFO - Processing file /home/airflow/.local/lib/python3.8/site-packages/airflow/example_dags/example_short_circuit_operator.py for tasks to queue
[2024-04-07T14:40:07.586+0000] {logging_mixin.py:188} INFO - [2024-04-07T14:40:07.582+0000] {dagbag.py:540} INFO - Filling up the DagBag from /home/airflow/.local/lib/python3.8/site-packages/airflow/example_dags/example_short_circuit_operator.py
[2024-04-07T14:40:07.628+0000] {processor.py:840} INFO - DAG(s) 'example_short_circuit_operator' retrieved from /home/airflow/.local/lib/python3.8/site-packages/airflow/example_dags/example_short_circuit_operator.py
[2024-04-07T14:40:07.734+0000] {logging_mixin.py:188} INFO - [2024-04-07T14:40:07.733+0000] {dag.py:3047} INFO - Sync 1 DAGs
[2024-04-07T14:40:08.420+0000] {logging_mixin.py:188} INFO - [2024-04-07T14:40:08.420+0000] {dag.py:3834} INFO - Setting next_dagrun for example_short_circuit_operator to 2024-04-06 00:00:00+00:00, run_after=2024-04-07 00:00:00+00:00
[2024-04-07T14:40:08.752+0000] {processor.py:183} INFO - Processing /home/airflow/.local/lib/python3.8/site-packages/airflow/example_dags/example_short_circuit_operator.py took 1.344 seconds
[2024-04-07T14:40:38.961+0000] {processor.py:161} INFO - Started process (PID=193) to work on /home/airflow/.local/lib/python3.8/site-packages/airflow/example_dags/example_short_circuit_operator.py
[2024-04-07T14:40:38.965+0000] {processor.py:830} INFO - Processing file /home/airflow/.local/lib/python3.8/site-packages/airflow/example_dags/example_short_circuit_operator.py for tasks to queue
[2024-04-07T14:40:38.972+0000] {logging_mixin.py:188} INFO - [2024-04-07T14:40:38.971+0000] {dagbag.py:540} INFO - Filling up the DagBag from /home/airflow/.local/lib/python3.8/site-packages/airflow/example_dags/example_short_circuit_operator.py
[2024-04-07T14:40:39.009+0000] {processor.py:840} INFO - DAG(s) 'example_short_circuit_operator' retrieved from /home/airflow/.local/lib/python3.8/site-packages/airflow/example_dags/example_short_circuit_operator.py
[2024-04-07T14:40:39.154+0000] {logging_mixin.py:188} INFO - [2024-04-07T14:40:39.154+0000] {dag.py:3047} INFO - Sync 1 DAGs
[2024-04-07T14:40:39.227+0000] {logging_mixin.py:188} INFO - [2024-04-07T14:40:39.227+0000] {dag.py:3834} INFO - Setting next_dagrun for example_short_circuit_operator to 2024-04-06 00:00:00+00:00, run_after=2024-04-07 00:00:00+00:00
[2024-04-07T14:40:39.431+0000] {processor.py:183} INFO - Processing /home/airflow/.local/lib/python3.8/site-packages/airflow/example_dags/example_short_circuit_operator.py took 0.480 seconds
[2024-04-07T14:41:09.673+0000] {processor.py:161} INFO - Started process (PID=250) to work on /home/airflow/.local/lib/python3.8/site-packages/airflow/example_dags/example_short_circuit_operator.py
[2024-04-07T14:41:09.677+0000] {processor.py:830} INFO - Processing file /home/airflow/.local/lib/python3.8/site-packages/airflow/example_dags/example_short_circuit_operator.py for tasks to queue
[2024-04-07T14:41:09.684+0000] {logging_mixin.py:188} INFO - [2024-04-07T14:41:09.681+0000] {dagbag.py:540} INFO - Filling up the DagBag from /home/airflow/.local/lib/python3.8/site-packages/airflow/example_dags/example_short_circuit_operator.py
[2024-04-07T14:41:09.706+0000] {processor.py:840} INFO - DAG(s) 'example_short_circuit_operator' retrieved from /home/airflow/.local/lib/python3.8/site-packages/airflow/example_dags/example_short_circuit_operator.py
[2024-04-07T14:41:09.773+0000] {logging_mixin.py:188} INFO - [2024-04-07T14:41:09.773+0000] {dag.py:3047} INFO - Sync 1 DAGs
[2024-04-07T14:41:09.821+0000] {logging_mixin.py:188} INFO - [2024-04-07T14:41:09.821+0000] {dag.py:3834} INFO - Setting next_dagrun for example_short_circuit_operator to 2024-04-06 00:00:00+00:00, run_after=2024-04-07 00:00:00+00:00
[2024-04-07T14:41:09.925+0000] {processor.py:183} INFO - Processing /home/airflow/.local/lib/python3.8/site-packages/airflow/example_dags/example_short_circuit_operator.py took 0.259 seconds
[2024-04-07T14:41:40.067+0000] {processor.py:161} INFO - Started process (PID=306) to work on /home/airflow/.local/lib/python3.8/site-packages/airflow/example_dags/example_short_circuit_operator.py
[2024-04-07T14:41:40.074+0000] {processor.py:830} INFO - Processing file /home/airflow/.local/lib/python3.8/site-packages/airflow/example_dags/example_short_circuit_operator.py for tasks to queue
[2024-04-07T14:41:40.089+0000] {logging_mixin.py:188} INFO - [2024-04-07T14:41:40.088+0000] {dagbag.py:540} INFO - Filling up the DagBag from /home/airflow/.local/lib/python3.8/site-packages/airflow/example_dags/example_short_circuit_operator.py
[2024-04-07T14:41:40.136+0000] {processor.py:840} INFO - DAG(s) 'example_short_circuit_operator' retrieved from /home/airflow/.local/lib/python3.8/site-packages/airflow/example_dags/example_short_circuit_operator.py
[2024-04-07T14:41:40.277+0000] {logging_mixin.py:188} INFO - [2024-04-07T14:41:40.266+0000] {dag.py:3047} INFO - Sync 1 DAGs
[2024-04-07T14:41:40.428+0000] {logging_mixin.py:188} INFO - [2024-04-07T14:41:40.428+0000] {dag.py:3834} INFO - Setting next_dagrun for example_short_circuit_operator to 2024-04-06 00:00:00+00:00, run_after=2024-04-07 00:00:00+00:00
[2024-04-07T14:41:40.700+0000] {processor.py:183} INFO - Processing /home/airflow/.local/lib/python3.8/site-packages/airflow/example_dags/example_short_circuit_operator.py took 0.643 seconds
[2024-04-07T14:42:10.884+0000] {processor.py:161} INFO - Started process (PID=364) to work on /home/airflow/.local/lib/python3.8/site-packages/airflow/example_dags/example_short_circuit_operator.py
[2024-04-07T14:42:10.886+0000] {processor.py:830} INFO - Processing file /home/airflow/.local/lib/python3.8/site-packages/airflow/example_dags/example_short_circuit_operator.py for tasks to queue
[2024-04-07T14:42:10.890+0000] {logging_mixin.py:188} INFO - [2024-04-07T14:42:10.890+0000] {dagbag.py:540} INFO - Filling up the DagBag from /home/airflow/.local/lib/python3.8/site-packages/airflow/example_dags/example_short_circuit_operator.py
[2024-04-07T14:42:10.914+0000] {processor.py:840} INFO - DAG(s) 'example_short_circuit_operator' retrieved from /home/airflow/.local/lib/python3.8/site-packages/airflow/example_dags/example_short_circuit_operator.py
[2024-04-07T14:42:11.028+0000] {logging_mixin.py:188} INFO - [2024-04-07T14:42:11.018+0000] {dag.py:3047} INFO - Sync 1 DAGs
[2024-04-07T14:42:11.156+0000] {logging_mixin.py:188} INFO - [2024-04-07T14:42:11.155+0000] {dag.py:3834} INFO - Setting next_dagrun for example_short_circuit_operator to 2024-04-06 00:00:00+00:00, run_after=2024-04-07 00:00:00+00:00
[2024-04-07T14:42:11.233+0000] {processor.py:183} INFO - Processing /home/airflow/.local/lib/python3.8/site-packages/airflow/example_dags/example_short_circuit_operator.py took 0.357 seconds
[2024-04-07T14:42:43.592+0000] {processor.py:161} INFO - Started process (PID=421) to work on /home/airflow/.local/lib/python3.8/site-packages/airflow/example_dags/example_short_circuit_operator.py
[2024-04-07T14:42:43.595+0000] {processor.py:830} INFO - Processing file /home/airflow/.local/lib/python3.8/site-packages/airflow/example_dags/example_short_circuit_operator.py for tasks to queue
[2024-04-07T14:42:43.599+0000] {logging_mixin.py:188} INFO - [2024-04-07T14:42:43.598+0000] {dagbag.py:540} INFO - Filling up the DagBag from /home/airflow/.local/lib/python3.8/site-packages/airflow/example_dags/example_short_circuit_operator.py
[2024-04-07T14:42:43.625+0000] {processor.py:840} INFO - DAG(s) 'example_short_circuit_operator' retrieved from /home/airflow/.local/lib/python3.8/site-packages/airflow/example_dags/example_short_circuit_operator.py
[2024-04-07T14:42:43.712+0000] {logging_mixin.py:188} INFO - [2024-04-07T14:42:43.711+0000] {dag.py:3047} INFO - Sync 1 DAGs
[2024-04-07T14:42:43.789+0000] {logging_mixin.py:188} INFO - [2024-04-07T14:42:43.789+0000] {dag.py:3834} INFO - Setting next_dagrun for example_short_circuit_operator to 2024-04-06 00:00:00+00:00, run_after=2024-04-07 00:00:00+00:00
[2024-04-07T14:42:44.002+0000] {processor.py:183} INFO - Processing /home/airflow/.local/lib/python3.8/site-packages/airflow/example_dags/example_short_circuit_operator.py took 0.420 seconds
[2024-04-07T14:43:14.409+0000] {processor.py:161} INFO - Started process (PID=479) to work on /home/airflow/.local/lib/python3.8/site-packages/airflow/example_dags/example_short_circuit_operator.py
[2024-04-07T14:43:14.411+0000] {processor.py:830} INFO - Processing file /home/airflow/.local/lib/python3.8/site-packages/airflow/example_dags/example_short_circuit_operator.py for tasks to queue
[2024-04-07T14:43:14.415+0000] {logging_mixin.py:188} INFO - [2024-04-07T14:43:14.414+0000] {dagbag.py:540} INFO - Filling up the DagBag from /home/airflow/.local/lib/python3.8/site-packages/airflow/example_dags/example_short_circuit_operator.py
[2024-04-07T14:43:14.432+0000] {processor.py:840} INFO - DAG(s) 'example_short_circuit_operator' retrieved from /home/airflow/.local/lib/python3.8/site-packages/airflow/example_dags/example_short_circuit_operator.py
[2024-04-07T14:43:14.491+0000] {logging_mixin.py:188} INFO - [2024-04-07T14:43:14.491+0000] {dag.py:3047} INFO - Sync 1 DAGs
[2024-04-07T14:43:14.530+0000] {logging_mixin.py:188} INFO - [2024-04-07T14:43:14.530+0000] {dag.py:3834} INFO - Setting next_dagrun for example_short_circuit_operator to 2024-04-06 00:00:00+00:00, run_after=2024-04-07 00:00:00+00:00
[2024-04-07T14:43:14.569+0000] {processor.py:183} INFO - Processing /home/airflow/.local/lib/python3.8/site-packages/airflow/example_dags/example_short_circuit_operator.py took 0.168 seconds
[2024-04-07T14:43:44.746+0000] {processor.py:161} INFO - Started process (PID=536) to work on /home/airflow/.local/lib/python3.8/site-packages/airflow/example_dags/example_short_circuit_operator.py
[2024-04-07T14:43:44.748+0000] {processor.py:830} INFO - Processing file /home/airflow/.local/lib/python3.8/site-packages/airflow/example_dags/example_short_circuit_operator.py for tasks to queue
[2024-04-07T14:43:44.755+0000] {logging_mixin.py:188} INFO - [2024-04-07T14:43:44.754+0000] {dagbag.py:540} INFO - Filling up the DagBag from /home/airflow/.local/lib/python3.8/site-packages/airflow/example_dags/example_short_circuit_operator.py
[2024-04-07T14:43:44.770+0000] {processor.py:840} INFO - DAG(s) 'example_short_circuit_operator' retrieved from /home/airflow/.local/lib/python3.8/site-packages/airflow/example_dags/example_short_circuit_operator.py
[2024-04-07T14:43:44.823+0000] {logging_mixin.py:188} INFO - [2024-04-07T14:43:44.823+0000] {dag.py:3047} INFO - Sync 1 DAGs
[2024-04-07T14:43:44.870+0000] {logging_mixin.py:188} INFO - [2024-04-07T14:43:44.870+0000] {dag.py:3834} INFO - Setting next_dagrun for example_short_circuit_operator to 2024-04-06 00:00:00+00:00, run_after=2024-04-07 00:00:00+00:00
[2024-04-07T14:43:44.995+0000] {processor.py:183} INFO - Processing /home/airflow/.local/lib/python3.8/site-packages/airflow/example_dags/example_short_circuit_operator.py took 0.254 seconds
[2024-04-07T14:44:16.881+0000] {processor.py:161} INFO - Started process (PID=593) to work on /home/airflow/.local/lib/python3.8/site-packages/airflow/example_dags/example_short_circuit_operator.py
[2024-04-07T14:44:16.885+0000] {processor.py:830} INFO - Processing file /home/airflow/.local/lib/python3.8/site-packages/airflow/example_dags/example_short_circuit_operator.py for tasks to queue
[2024-04-07T14:44:16.900+0000] {logging_mixin.py:188} INFO - [2024-04-07T14:44:16.899+0000] {dagbag.py:540} INFO - Filling up the DagBag from /home/airflow/.local/lib/python3.8/site-packages/airflow/example_dags/example_short_circuit_operator.py
[2024-04-07T14:44:16.966+0000] {processor.py:840} INFO - DAG(s) 'example_short_circuit_operator' retrieved from /home/airflow/.local/lib/python3.8/site-packages/airflow/example_dags/example_short_circuit_operator.py
[2024-04-07T14:44:17.100+0000] {logging_mixin.py:188} INFO - [2024-04-07T14:44:17.099+0000] {dag.py:3047} INFO - Sync 1 DAGs
[2024-04-07T14:44:17.170+0000] {logging_mixin.py:188} INFO - [2024-04-07T14:44:17.169+0000] {dag.py:3834} INFO - Setting next_dagrun for example_short_circuit_operator to 2024-04-06 00:00:00+00:00, run_after=2024-04-07 00:00:00+00:00
[2024-04-07T14:44:17.244+0000] {processor.py:183} INFO - Processing /home/airflow/.local/lib/python3.8/site-packages/airflow/example_dags/example_short_circuit_operator.py took 0.390 seconds
[2024-04-07T14:45:00.983+0000] {processor.py:161} INFO - Started process (PID=656) to work on /home/airflow/.local/lib/python3.8/site-packages/airflow/example_dags/example_short_circuit_operator.py
[2024-04-07T14:45:00.986+0000] {processor.py:830} INFO - Processing file /home/airflow/.local/lib/python3.8/site-packages/airflow/example_dags/example_short_circuit_operator.py for tasks to queue
[2024-04-07T14:45:00.989+0000] {logging_mixin.py:188} INFO - [2024-04-07T14:45:00.988+0000] {dagbag.py:540} INFO - Filling up the DagBag from /home/airflow/.local/lib/python3.8/site-packages/airflow/example_dags/example_short_circuit_operator.py
[2024-04-07T14:45:01.003+0000] {processor.py:840} INFO - DAG(s) 'example_short_circuit_operator' retrieved from /home/airflow/.local/lib/python3.8/site-packages/airflow/example_dags/example_short_circuit_operator.py
[2024-04-07T14:45:01.045+0000] {logging_mixin.py:188} INFO - [2024-04-07T14:45:01.044+0000] {dag.py:3047} INFO - Sync 1 DAGs
[2024-04-07T14:45:01.085+0000] {logging_mixin.py:188} INFO - [2024-04-07T14:45:01.084+0000] {dag.py:3834} INFO - Setting next_dagrun for example_short_circuit_operator to 2024-04-06 00:00:00+00:00, run_after=2024-04-07 00:00:00+00:00
[2024-04-07T14:45:03.283+0000] {processor.py:183} INFO - Processing /home/airflow/.local/lib/python3.8/site-packages/airflow/example_dags/example_short_circuit_operator.py took 2.305 seconds
[2024-04-07T14:45:33.815+0000] {processor.py:161} INFO - Started process (PID=714) to work on /home/airflow/.local/lib/python3.8/site-packages/airflow/example_dags/example_short_circuit_operator.py
[2024-04-07T14:45:33.817+0000] {processor.py:830} INFO - Processing file /home/airflow/.local/lib/python3.8/site-packages/airflow/example_dags/example_short_circuit_operator.py for tasks to queue
[2024-04-07T14:45:33.822+0000] {logging_mixin.py:188} INFO - [2024-04-07T14:45:33.821+0000] {dagbag.py:540} INFO - Filling up the DagBag from /home/airflow/.local/lib/python3.8/site-packages/airflow/example_dags/example_short_circuit_operator.py
[2024-04-07T14:45:33.837+0000] {processor.py:840} INFO - DAG(s) 'example_short_circuit_operator' retrieved from /home/airflow/.local/lib/python3.8/site-packages/airflow/example_dags/example_short_circuit_operator.py
[2024-04-07T14:45:33.880+0000] {logging_mixin.py:188} INFO - [2024-04-07T14:45:33.879+0000] {dag.py:3047} INFO - Sync 1 DAGs
[2024-04-07T14:45:33.926+0000] {logging_mixin.py:188} INFO - [2024-04-07T14:45:33.926+0000] {dag.py:3834} INFO - Setting next_dagrun for example_short_circuit_operator to 2024-04-06 00:00:00+00:00, run_after=2024-04-07 00:00:00+00:00
[2024-04-07T14:45:33.968+0000] {processor.py:183} INFO - Processing /home/airflow/.local/lib/python3.8/site-packages/airflow/example_dags/example_short_circuit_operator.py took 0.160 seconds
[2024-04-07T14:46:04.163+0000] {processor.py:161} INFO - Started process (PID=771) to work on /home/airflow/.local/lib/python3.8/site-packages/airflow/example_dags/example_short_circuit_operator.py
[2024-04-07T14:46:04.165+0000] {processor.py:830} INFO - Processing file /home/airflow/.local/lib/python3.8/site-packages/airflow/example_dags/example_short_circuit_operator.py for tasks to queue
[2024-04-07T14:46:04.172+0000] {logging_mixin.py:188} INFO - [2024-04-07T14:46:04.168+0000] {dagbag.py:540} INFO - Filling up the DagBag from /home/airflow/.local/lib/python3.8/site-packages/airflow/example_dags/example_short_circuit_operator.py
[2024-04-07T14:46:04.190+0000] {processor.py:840} INFO - DAG(s) 'example_short_circuit_operator' retrieved from /home/airflow/.local/lib/python3.8/site-packages/airflow/example_dags/example_short_circuit_operator.py
[2024-04-07T14:46:04.246+0000] {logging_mixin.py:188} INFO - [2024-04-07T14:46:04.246+0000] {dag.py:3047} INFO - Sync 1 DAGs
[2024-04-07T14:46:04.291+0000] {logging_mixin.py:188} INFO - [2024-04-07T14:46:04.291+0000] {dag.py:3834} INFO - Setting next_dagrun for example_short_circuit_operator to 2024-04-06 00:00:00+00:00, run_after=2024-04-07 00:00:00+00:00
[2024-04-07T14:46:04.341+0000] {processor.py:183} INFO - Processing /home/airflow/.local/lib/python3.8/site-packages/airflow/example_dags/example_short_circuit_operator.py took 0.185 seconds
[2024-04-07T14:46:35.790+0000] {processor.py:161} INFO - Started process (PID=828) to work on /home/airflow/.local/lib/python3.8/site-packages/airflow/example_dags/example_short_circuit_operator.py
[2024-04-07T14:46:35.804+0000] {processor.py:830} INFO - Processing file /home/airflow/.local/lib/python3.8/site-packages/airflow/example_dags/example_short_circuit_operator.py for tasks to queue
[2024-04-07T14:46:35.808+0000] {logging_mixin.py:188} INFO - [2024-04-07T14:46:35.807+0000] {dagbag.py:540} INFO - Filling up the DagBag from /home/airflow/.local/lib/python3.8/site-packages/airflow/example_dags/example_short_circuit_operator.py
[2024-04-07T14:46:35.921+0000] {processor.py:840} INFO - DAG(s) 'example_short_circuit_operator' retrieved from /home/airflow/.local/lib/python3.8/site-packages/airflow/example_dags/example_short_circuit_operator.py
[2024-04-07T14:46:36.189+0000] {logging_mixin.py:188} INFO - [2024-04-07T14:46:36.188+0000] {dag.py:3047} INFO - Sync 1 DAGs
[2024-04-07T14:46:36.434+0000] {logging_mixin.py:188} INFO - [2024-04-07T14:46:36.434+0000] {dag.py:3834} INFO - Setting next_dagrun for example_short_circuit_operator to 2024-04-06 00:00:00+00:00, run_after=2024-04-07 00:00:00+00:00
[2024-04-07T14:46:36.613+0000] {processor.py:183} INFO - Processing /home/airflow/.local/lib/python3.8/site-packages/airflow/example_dags/example_short_circuit_operator.py took 0.843 seconds
[2024-04-07T14:47:07.097+0000] {processor.py:161} INFO - Started process (PID=885) to work on /home/airflow/.local/lib/python3.8/site-packages/airflow/example_dags/example_short_circuit_operator.py
[2024-04-07T14:47:07.099+0000] {processor.py:830} INFO - Processing file /home/airflow/.local/lib/python3.8/site-packages/airflow/example_dags/example_short_circuit_operator.py for tasks to queue
[2024-04-07T14:47:07.103+0000] {logging_mixin.py:188} INFO - [2024-04-07T14:47:07.102+0000] {dagbag.py:540} INFO - Filling up the DagBag from /home/airflow/.local/lib/python3.8/site-packages/airflow/example_dags/example_short_circuit_operator.py
[2024-04-07T14:47:07.131+0000] {processor.py:840} INFO - DAG(s) 'example_short_circuit_operator' retrieved from /home/airflow/.local/lib/python3.8/site-packages/airflow/example_dags/example_short_circuit_operator.py
[2024-04-07T14:47:07.192+0000] {logging_mixin.py:188} INFO - [2024-04-07T14:47:07.192+0000] {dag.py:3047} INFO - Sync 1 DAGs
[2024-04-07T14:47:07.243+0000] {logging_mixin.py:188} INFO - [2024-04-07T14:47:07.242+0000] {dag.py:3834} INFO - Setting next_dagrun for example_short_circuit_operator to 2024-04-06 00:00:00+00:00, run_after=2024-04-07 00:00:00+00:00
[2024-04-07T14:47:07.301+0000] {processor.py:183} INFO - Processing /home/airflow/.local/lib/python3.8/site-packages/airflow/example_dags/example_short_circuit_operator.py took 0.210 seconds
[2024-04-07T14:47:37.494+0000] {processor.py:161} INFO - Started process (PID=942) to work on /home/airflow/.local/lib/python3.8/site-packages/airflow/example_dags/example_short_circuit_operator.py
[2024-04-07T14:47:37.497+0000] {processor.py:830} INFO - Processing file /home/airflow/.local/lib/python3.8/site-packages/airflow/example_dags/example_short_circuit_operator.py for tasks to queue
[2024-04-07T14:47:37.502+0000] {logging_mixin.py:188} INFO - [2024-04-07T14:47:37.501+0000] {dagbag.py:540} INFO - Filling up the DagBag from /home/airflow/.local/lib/python3.8/site-packages/airflow/example_dags/example_short_circuit_operator.py
[2024-04-07T14:47:37.523+0000] {processor.py:840} INFO - DAG(s) 'example_short_circuit_operator' retrieved from /home/airflow/.local/lib/python3.8/site-packages/airflow/example_dags/example_short_circuit_operator.py
[2024-04-07T14:47:37.585+0000] {logging_mixin.py:188} INFO - [2024-04-07T14:47:37.585+0000] {dag.py:3047} INFO - Sync 1 DAGs
[2024-04-07T14:47:37.639+0000] {logging_mixin.py:188} INFO - [2024-04-07T14:47:37.638+0000] {dag.py:3834} INFO - Setting next_dagrun for example_short_circuit_operator to 2024-04-06 00:00:00+00:00, run_after=2024-04-07 00:00:00+00:00
[2024-04-07T14:47:37.684+0000] {processor.py:183} INFO - Processing /home/airflow/.local/lib/python3.8/site-packages/airflow/example_dags/example_short_circuit_operator.py took 0.197 seconds
[2024-04-07T14:48:08.521+0000] {processor.py:161} INFO - Started process (PID=999) to work on /home/airflow/.local/lib/python3.8/site-packages/airflow/example_dags/example_short_circuit_operator.py
[2024-04-07T14:48:08.524+0000] {processor.py:830} INFO - Processing file /home/airflow/.local/lib/python3.8/site-packages/airflow/example_dags/example_short_circuit_operator.py for tasks to queue
[2024-04-07T14:48:08.529+0000] {logging_mixin.py:188} INFO - [2024-04-07T14:48:08.528+0000] {dagbag.py:540} INFO - Filling up the DagBag from /home/airflow/.local/lib/python3.8/site-packages/airflow/example_dags/example_short_circuit_operator.py
[2024-04-07T14:48:08.546+0000] {processor.py:840} INFO - DAG(s) 'example_short_circuit_operator' retrieved from /home/airflow/.local/lib/python3.8/site-packages/airflow/example_dags/example_short_circuit_operator.py
[2024-04-07T14:48:08.606+0000] {logging_mixin.py:188} INFO - [2024-04-07T14:48:08.605+0000] {dag.py:3047} INFO - Sync 1 DAGs
[2024-04-07T14:48:08.656+0000] {logging_mixin.py:188} INFO - [2024-04-07T14:48:08.656+0000] {dag.py:3834} INFO - Setting next_dagrun for example_short_circuit_operator to 2024-04-06 00:00:00+00:00, run_after=2024-04-07 00:00:00+00:00
[2024-04-07T14:48:08.702+0000] {processor.py:183} INFO - Processing /home/airflow/.local/lib/python3.8/site-packages/airflow/example_dags/example_short_circuit_operator.py took 0.189 seconds
[2024-04-07T14:48:38.809+0000] {processor.py:161} INFO - Started process (PID=1056) to work on /home/airflow/.local/lib/python3.8/site-packages/airflow/example_dags/example_short_circuit_operator.py
[2024-04-07T14:48:38.811+0000] {processor.py:830} INFO - Processing file /home/airflow/.local/lib/python3.8/site-packages/airflow/example_dags/example_short_circuit_operator.py for tasks to queue
[2024-04-07T14:48:38.814+0000] {logging_mixin.py:188} INFO - [2024-04-07T14:48:38.813+0000] {dagbag.py:540} INFO - Filling up the DagBag from /home/airflow/.local/lib/python3.8/site-packages/airflow/example_dags/example_short_circuit_operator.py
[2024-04-07T14:48:38.830+0000] {processor.py:840} INFO - DAG(s) 'example_short_circuit_operator' retrieved from /home/airflow/.local/lib/python3.8/site-packages/airflow/example_dags/example_short_circuit_operator.py
[2024-04-07T14:48:38.879+0000] {logging_mixin.py:188} INFO - [2024-04-07T14:48:38.879+0000] {dag.py:3047} INFO - Sync 1 DAGs
[2024-04-07T14:48:38.951+0000] {logging_mixin.py:188} INFO - [2024-04-07T14:48:38.950+0000] {dag.py:3834} INFO - Setting next_dagrun for example_short_circuit_operator to 2024-04-06 00:00:00+00:00, run_after=2024-04-07 00:00:00+00:00
[2024-04-07T14:48:39.033+0000] {processor.py:183} INFO - Processing /home/airflow/.local/lib/python3.8/site-packages/airflow/example_dags/example_short_circuit_operator.py took 0.230 seconds
[2024-04-07T14:49:09.334+0000] {processor.py:161} INFO - Started process (PID=1113) to work on /home/airflow/.local/lib/python3.8/site-packages/airflow/example_dags/example_short_circuit_operator.py
[2024-04-07T14:49:09.336+0000] {processor.py:830} INFO - Processing file /home/airflow/.local/lib/python3.8/site-packages/airflow/example_dags/example_short_circuit_operator.py for tasks to queue
[2024-04-07T14:49:09.341+0000] {logging_mixin.py:188} INFO - [2024-04-07T14:49:09.340+0000] {dagbag.py:540} INFO - Filling up the DagBag from /home/airflow/.local/lib/python3.8/site-packages/airflow/example_dags/example_short_circuit_operator.py
[2024-04-07T14:49:09.363+0000] {processor.py:840} INFO - DAG(s) 'example_short_circuit_operator' retrieved from /home/airflow/.local/lib/python3.8/site-packages/airflow/example_dags/example_short_circuit_operator.py
[2024-04-07T14:49:09.429+0000] {logging_mixin.py:188} INFO - [2024-04-07T14:49:09.429+0000] {dag.py:3047} INFO - Sync 1 DAGs
[2024-04-07T14:49:09.499+0000] {logging_mixin.py:188} INFO - [2024-04-07T14:49:09.499+0000] {dag.py:3834} INFO - Setting next_dagrun for example_short_circuit_operator to 2024-04-06 00:00:00+00:00, run_after=2024-04-07 00:00:00+00:00
[2024-04-07T14:49:09.766+0000] {processor.py:183} INFO - Processing /home/airflow/.local/lib/python3.8/site-packages/airflow/example_dags/example_short_circuit_operator.py took 0.443 seconds
[2024-04-07T14:49:40.435+0000] {processor.py:161} INFO - Started process (PID=1170) to work on /home/airflow/.local/lib/python3.8/site-packages/airflow/example_dags/example_short_circuit_operator.py
[2024-04-07T14:49:40.439+0000] {processor.py:830} INFO - Processing file /home/airflow/.local/lib/python3.8/site-packages/airflow/example_dags/example_short_circuit_operator.py for tasks to queue
[2024-04-07T14:49:40.443+0000] {logging_mixin.py:188} INFO - [2024-04-07T14:49:40.443+0000] {dagbag.py:540} INFO - Filling up the DagBag from /home/airflow/.local/lib/python3.8/site-packages/airflow/example_dags/example_short_circuit_operator.py
[2024-04-07T14:49:40.460+0000] {processor.py:840} INFO - DAG(s) 'example_short_circuit_operator' retrieved from /home/airflow/.local/lib/python3.8/site-packages/airflow/example_dags/example_short_circuit_operator.py
[2024-04-07T14:49:40.503+0000] {logging_mixin.py:188} INFO - [2024-04-07T14:49:40.502+0000] {dag.py:3047} INFO - Sync 1 DAGs
[2024-04-07T14:49:40.544+0000] {logging_mixin.py:188} INFO - [2024-04-07T14:49:40.544+0000] {dag.py:3834} INFO - Setting next_dagrun for example_short_circuit_operator to 2024-04-06 00:00:00+00:00, run_after=2024-04-07 00:00:00+00:00
[2024-04-07T14:49:40.658+0000] {processor.py:183} INFO - Processing /home/airflow/.local/lib/python3.8/site-packages/airflow/example_dags/example_short_circuit_operator.py took 0.230 seconds
[2024-04-07T14:50:11.043+0000] {processor.py:161} INFO - Started process (PID=1225) to work on /home/airflow/.local/lib/python3.8/site-packages/airflow/example_dags/example_short_circuit_operator.py
[2024-04-07T14:50:11.048+0000] {processor.py:830} INFO - Processing file /home/airflow/.local/lib/python3.8/site-packages/airflow/example_dags/example_short_circuit_operator.py for tasks to queue
[2024-04-07T14:50:11.056+0000] {logging_mixin.py:188} INFO - [2024-04-07T14:50:11.055+0000] {dagbag.py:540} INFO - Filling up the DagBag from /home/airflow/.local/lib/python3.8/site-packages/airflow/example_dags/example_short_circuit_operator.py
[2024-04-07T14:50:11.090+0000] {processor.py:840} INFO - DAG(s) 'example_short_circuit_operator' retrieved from /home/airflow/.local/lib/python3.8/site-packages/airflow/example_dags/example_short_circuit_operator.py
[2024-04-07T14:50:11.190+0000] {logging_mixin.py:188} INFO - [2024-04-07T14:50:11.189+0000] {dag.py:3047} INFO - Sync 1 DAGs
[2024-04-07T14:50:11.269+0000] {logging_mixin.py:188} INFO - [2024-04-07T14:50:11.268+0000] {dag.py:3834} INFO - Setting next_dagrun for example_short_circuit_operator to 2024-04-06 00:00:00+00:00, run_after=2024-04-07 00:00:00+00:00
[2024-04-07T14:50:11.313+0000] {processor.py:183} INFO - Processing /home/airflow/.local/lib/python3.8/site-packages/airflow/example_dags/example_short_circuit_operator.py took 0.289 seconds
[2024-04-07T14:50:41.879+0000] {processor.py:161} INFO - Started process (PID=1283) to work on /home/airflow/.local/lib/python3.8/site-packages/airflow/example_dags/example_short_circuit_operator.py
[2024-04-07T14:50:41.882+0000] {processor.py:830} INFO - Processing file /home/airflow/.local/lib/python3.8/site-packages/airflow/example_dags/example_short_circuit_operator.py for tasks to queue
[2024-04-07T14:50:41.887+0000] {logging_mixin.py:188} INFO - [2024-04-07T14:50:41.886+0000] {dagbag.py:540} INFO - Filling up the DagBag from /home/airflow/.local/lib/python3.8/site-packages/airflow/example_dags/example_short_circuit_operator.py
[2024-04-07T14:50:41.914+0000] {processor.py:840} INFO - DAG(s) 'example_short_circuit_operator' retrieved from /home/airflow/.local/lib/python3.8/site-packages/airflow/example_dags/example_short_circuit_operator.py
[2024-04-07T14:50:41.971+0000] {logging_mixin.py:188} INFO - [2024-04-07T14:50:41.971+0000] {dag.py:3047} INFO - Sync 1 DAGs
[2024-04-07T14:50:42.022+0000] {logging_mixin.py:188} INFO - [2024-04-07T14:50:42.021+0000] {dag.py:3834} INFO - Setting next_dagrun for example_short_circuit_operator to 2024-04-06 00:00:00+00:00, run_after=2024-04-07 00:00:00+00:00
[2024-04-07T14:50:42.570+0000] {processor.py:183} INFO - Processing /home/airflow/.local/lib/python3.8/site-packages/airflow/example_dags/example_short_circuit_operator.py took 0.699 seconds
[2024-04-07T14:51:13.168+0000] {processor.py:161} INFO - Started process (PID=1339) to work on /home/airflow/.local/lib/python3.8/site-packages/airflow/example_dags/example_short_circuit_operator.py
[2024-04-07T14:51:13.171+0000] {processor.py:830} INFO - Processing file /home/airflow/.local/lib/python3.8/site-packages/airflow/example_dags/example_short_circuit_operator.py for tasks to queue
[2024-04-07T14:51:13.186+0000] {logging_mixin.py:188} INFO - [2024-04-07T14:51:13.184+0000] {dagbag.py:540} INFO - Filling up the DagBag from /home/airflow/.local/lib/python3.8/site-packages/airflow/example_dags/example_short_circuit_operator.py
[2024-04-07T14:51:13.211+0000] {processor.py:840} INFO - DAG(s) 'example_short_circuit_operator' retrieved from /home/airflow/.local/lib/python3.8/site-packages/airflow/example_dags/example_short_circuit_operator.py
[2024-04-07T14:51:13.275+0000] {logging_mixin.py:188} INFO - [2024-04-07T14:51:13.274+0000] {dag.py:3047} INFO - Sync 1 DAGs
[2024-04-07T14:51:13.362+0000] {logging_mixin.py:188} INFO - [2024-04-07T14:51:13.361+0000] {dag.py:3834} INFO - Setting next_dagrun for example_short_circuit_operator to 2024-04-06 00:00:00+00:00, run_after=2024-04-07 00:00:00+00:00
[2024-04-07T14:51:13.570+0000] {processor.py:183} INFO - Processing /home/airflow/.local/lib/python3.8/site-packages/airflow/example_dags/example_short_circuit_operator.py took 0.413 seconds
[2024-04-07T14:51:44.010+0000] {processor.py:161} INFO - Started process (PID=1397) to work on /home/airflow/.local/lib/python3.8/site-packages/airflow/example_dags/example_short_circuit_operator.py
[2024-04-07T14:51:44.015+0000] {processor.py:830} INFO - Processing file /home/airflow/.local/lib/python3.8/site-packages/airflow/example_dags/example_short_circuit_operator.py for tasks to queue
[2024-04-07T14:51:44.021+0000] {logging_mixin.py:188} INFO - [2024-04-07T14:51:44.019+0000] {dagbag.py:540} INFO - Filling up the DagBag from /home/airflow/.local/lib/python3.8/site-packages/airflow/example_dags/example_short_circuit_operator.py
[2024-04-07T14:51:44.086+0000] {processor.py:840} INFO - DAG(s) 'example_short_circuit_operator' retrieved from /home/airflow/.local/lib/python3.8/site-packages/airflow/example_dags/example_short_circuit_operator.py
[2024-04-07T14:51:44.253+0000] {logging_mixin.py:188} INFO - [2024-04-07T14:51:44.251+0000] {dag.py:3047} INFO - Sync 1 DAGs
[2024-04-07T14:51:44.356+0000] {logging_mixin.py:188} INFO - [2024-04-07T14:51:44.352+0000] {dag.py:3834} INFO - Setting next_dagrun for example_short_circuit_operator to 2024-04-06 00:00:00+00:00, run_after=2024-04-07 00:00:00+00:00
[2024-04-07T14:51:44.416+0000] {processor.py:183} INFO - Processing /home/airflow/.local/lib/python3.8/site-packages/airflow/example_dags/example_short_circuit_operator.py took 0.431 seconds
[2024-04-07T14:52:15.237+0000] {processor.py:161} INFO - Started process (PID=1454) to work on /home/airflow/.local/lib/python3.8/site-packages/airflow/example_dags/example_short_circuit_operator.py
[2024-04-07T14:52:15.241+0000] {processor.py:830} INFO - Processing file /home/airflow/.local/lib/python3.8/site-packages/airflow/example_dags/example_short_circuit_operator.py for tasks to queue
[2024-04-07T14:52:15.255+0000] {logging_mixin.py:188} INFO - [2024-04-07T14:52:15.245+0000] {dagbag.py:540} INFO - Filling up the DagBag from /home/airflow/.local/lib/python3.8/site-packages/airflow/example_dags/example_short_circuit_operator.py
[2024-04-07T14:52:15.297+0000] {processor.py:840} INFO - DAG(s) 'example_short_circuit_operator' retrieved from /home/airflow/.local/lib/python3.8/site-packages/airflow/example_dags/example_short_circuit_operator.py
[2024-04-07T14:52:15.409+0000] {logging_mixin.py:188} INFO - [2024-04-07T14:52:15.408+0000] {dag.py:3047} INFO - Sync 1 DAGs
[2024-04-07T14:52:15.480+0000] {logging_mixin.py:188} INFO - [2024-04-07T14:52:15.480+0000] {dag.py:3834} INFO - Setting next_dagrun for example_short_circuit_operator to 2024-04-06 00:00:00+00:00, run_after=2024-04-07 00:00:00+00:00
[2024-04-07T14:52:15.560+0000] {processor.py:183} INFO - Processing /home/airflow/.local/lib/python3.8/site-packages/airflow/example_dags/example_short_circuit_operator.py took 0.330 seconds
[2024-04-07T14:52:45.857+0000] {processor.py:161} INFO - Started process (PID=1511) to work on /home/airflow/.local/lib/python3.8/site-packages/airflow/example_dags/example_short_circuit_operator.py
[2024-04-07T14:52:45.860+0000] {processor.py:830} INFO - Processing file /home/airflow/.local/lib/python3.8/site-packages/airflow/example_dags/example_short_circuit_operator.py for tasks to queue
[2024-04-07T14:52:45.866+0000] {logging_mixin.py:188} INFO - [2024-04-07T14:52:45.865+0000] {dagbag.py:540} INFO - Filling up the DagBag from /home/airflow/.local/lib/python3.8/site-packages/airflow/example_dags/example_short_circuit_operator.py
[2024-04-07T14:52:45.889+0000] {processor.py:840} INFO - DAG(s) 'example_short_circuit_operator' retrieved from /home/airflow/.local/lib/python3.8/site-packages/airflow/example_dags/example_short_circuit_operator.py
[2024-04-07T14:52:45.949+0000] {logging_mixin.py:188} INFO - [2024-04-07T14:52:45.949+0000] {dag.py:3047} INFO - Sync 1 DAGs
[2024-04-07T14:52:45.998+0000] {logging_mixin.py:188} INFO - [2024-04-07T14:52:45.998+0000] {dag.py:3834} INFO - Setting next_dagrun for example_short_circuit_operator to 2024-04-06 00:00:00+00:00, run_after=2024-04-07 00:00:00+00:00
[2024-04-07T14:52:46.058+0000] {processor.py:183} INFO - Processing /home/airflow/.local/lib/python3.8/site-packages/airflow/example_dags/example_short_circuit_operator.py took 0.211 seconds
[2024-04-07T14:53:16.215+0000] {processor.py:161} INFO - Started process (PID=1568) to work on /home/airflow/.local/lib/python3.8/site-packages/airflow/example_dags/example_short_circuit_operator.py
[2024-04-07T14:53:16.218+0000] {processor.py:830} INFO - Processing file /home/airflow/.local/lib/python3.8/site-packages/airflow/example_dags/example_short_circuit_operator.py for tasks to queue
[2024-04-07T14:53:16.222+0000] {logging_mixin.py:188} INFO - [2024-04-07T14:53:16.221+0000] {dagbag.py:540} INFO - Filling up the DagBag from /home/airflow/.local/lib/python3.8/site-packages/airflow/example_dags/example_short_circuit_operator.py
[2024-04-07T14:53:16.240+0000] {processor.py:840} INFO - DAG(s) 'example_short_circuit_operator' retrieved from /home/airflow/.local/lib/python3.8/site-packages/airflow/example_dags/example_short_circuit_operator.py
[2024-04-07T14:53:16.300+0000] {logging_mixin.py:188} INFO - [2024-04-07T14:53:16.300+0000] {dag.py:3047} INFO - Sync 1 DAGs
[2024-04-07T14:53:16.342+0000] {logging_mixin.py:188} INFO - [2024-04-07T14:53:16.341+0000] {dag.py:3834} INFO - Setting next_dagrun for example_short_circuit_operator to 2024-04-06 00:00:00+00:00, run_after=2024-04-07 00:00:00+00:00
[2024-04-07T14:53:16.396+0000] {processor.py:183} INFO - Processing /home/airflow/.local/lib/python3.8/site-packages/airflow/example_dags/example_short_circuit_operator.py took 0.189 seconds
[2024-04-07T14:53:47.075+0000] {processor.py:161} INFO - Started process (PID=1625) to work on /home/airflow/.local/lib/python3.8/site-packages/airflow/example_dags/example_short_circuit_operator.py
[2024-04-07T14:53:47.078+0000] {processor.py:830} INFO - Processing file /home/airflow/.local/lib/python3.8/site-packages/airflow/example_dags/example_short_circuit_operator.py for tasks to queue
[2024-04-07T14:53:47.086+0000] {logging_mixin.py:188} INFO - [2024-04-07T14:53:47.085+0000] {dagbag.py:540} INFO - Filling up the DagBag from /home/airflow/.local/lib/python3.8/site-packages/airflow/example_dags/example_short_circuit_operator.py
[2024-04-07T14:53:47.110+0000] {processor.py:840} INFO - DAG(s) 'example_short_circuit_operator' retrieved from /home/airflow/.local/lib/python3.8/site-packages/airflow/example_dags/example_short_circuit_operator.py
[2024-04-07T14:53:47.187+0000] {logging_mixin.py:188} INFO - [2024-04-07T14:53:47.186+0000] {dag.py:3047} INFO - Sync 1 DAGs
[2024-04-07T14:53:47.256+0000] {logging_mixin.py:188} INFO - [2024-04-07T14:53:47.255+0000] {dag.py:3834} INFO - Setting next_dagrun for example_short_circuit_operator to 2024-04-06 00:00:00+00:00, run_after=2024-04-07 00:00:00+00:00
[2024-04-07T14:53:47.306+0000] {processor.py:183} INFO - Processing /home/airflow/.local/lib/python3.8/site-packages/airflow/example_dags/example_short_circuit_operator.py took 0.249 seconds
[2024-04-07T14:54:17.930+0000] {processor.py:161} INFO - Started process (PID=1682) to work on /home/airflow/.local/lib/python3.8/site-packages/airflow/example_dags/example_short_circuit_operator.py
[2024-04-07T14:54:17.933+0000] {processor.py:830} INFO - Processing file /home/airflow/.local/lib/python3.8/site-packages/airflow/example_dags/example_short_circuit_operator.py for tasks to queue
[2024-04-07T14:54:17.952+0000] {logging_mixin.py:188} INFO - [2024-04-07T14:54:17.951+0000] {dagbag.py:540} INFO - Filling up the DagBag from /home/airflow/.local/lib/python3.8/site-packages/airflow/example_dags/example_short_circuit_operator.py
[2024-04-07T14:54:17.994+0000] {processor.py:840} INFO - DAG(s) 'example_short_circuit_operator' retrieved from /home/airflow/.local/lib/python3.8/site-packages/airflow/example_dags/example_short_circuit_operator.py
[2024-04-07T14:54:18.159+0000] {logging_mixin.py:188} INFO - [2024-04-07T14:54:18.159+0000] {dag.py:3047} INFO - Sync 1 DAGs
[2024-04-07T14:54:18.227+0000] {logging_mixin.py:188} INFO - [2024-04-07T14:54:18.226+0000] {dag.py:3834} INFO - Setting next_dagrun for example_short_circuit_operator to 2024-04-06 00:00:00+00:00, run_after=2024-04-07 00:00:00+00:00
[2024-04-07T14:54:18.291+0000] {processor.py:183} INFO - Processing /home/airflow/.local/lib/python3.8/site-packages/airflow/example_dags/example_short_circuit_operator.py took 0.373 seconds
[2024-04-07T14:54:48.388+0000] {processor.py:161} INFO - Started process (PID=1739) to work on /home/airflow/.local/lib/python3.8/site-packages/airflow/example_dags/example_short_circuit_operator.py
[2024-04-07T14:54:48.390+0000] {processor.py:830} INFO - Processing file /home/airflow/.local/lib/python3.8/site-packages/airflow/example_dags/example_short_circuit_operator.py for tasks to queue
[2024-04-07T14:54:48.394+0000] {logging_mixin.py:188} INFO - [2024-04-07T14:54:48.393+0000] {dagbag.py:540} INFO - Filling up the DagBag from /home/airflow/.local/lib/python3.8/site-packages/airflow/example_dags/example_short_circuit_operator.py
[2024-04-07T14:54:48.413+0000] {processor.py:840} INFO - DAG(s) 'example_short_circuit_operator' retrieved from /home/airflow/.local/lib/python3.8/site-packages/airflow/example_dags/example_short_circuit_operator.py
[2024-04-07T14:54:48.468+0000] {logging_mixin.py:188} INFO - [2024-04-07T14:54:48.467+0000] {dag.py:3047} INFO - Sync 1 DAGs
[2024-04-07T14:54:48.540+0000] {logging_mixin.py:188} INFO - [2024-04-07T14:54:48.539+0000] {dag.py:3834} INFO - Setting next_dagrun for example_short_circuit_operator to 2024-04-06 00:00:00+00:00, run_after=2024-04-07 00:00:00+00:00
[2024-04-07T14:54:48.605+0000] {processor.py:183} INFO - Processing /home/airflow/.local/lib/python3.8/site-packages/airflow/example_dags/example_short_circuit_operator.py took 0.225 seconds
[2024-04-07T14:55:18.828+0000] {processor.py:161} INFO - Started process (PID=1795) to work on /home/airflow/.local/lib/python3.8/site-packages/airflow/example_dags/example_short_circuit_operator.py
[2024-04-07T14:55:18.829+0000] {processor.py:830} INFO - Processing file /home/airflow/.local/lib/python3.8/site-packages/airflow/example_dags/example_short_circuit_operator.py for tasks to queue
[2024-04-07T14:55:18.833+0000] {logging_mixin.py:188} INFO - [2024-04-07T14:55:18.832+0000] {dagbag.py:540} INFO - Filling up the DagBag from /home/airflow/.local/lib/python3.8/site-packages/airflow/example_dags/example_short_circuit_operator.py
[2024-04-07T14:55:18.848+0000] {processor.py:840} INFO - DAG(s) 'example_short_circuit_operator' retrieved from /home/airflow/.local/lib/python3.8/site-packages/airflow/example_dags/example_short_circuit_operator.py
[2024-04-07T14:55:18.926+0000] {logging_mixin.py:188} INFO - [2024-04-07T14:55:18.925+0000] {dag.py:3047} INFO - Sync 1 DAGs
[2024-04-07T14:55:19.015+0000] {logging_mixin.py:188} INFO - [2024-04-07T14:55:19.014+0000] {dag.py:3834} INFO - Setting next_dagrun for example_short_circuit_operator to 2024-04-06 00:00:00+00:00, run_after=2024-04-07 00:00:00+00:00
[2024-04-07T14:55:19.088+0000] {processor.py:183} INFO - Processing /home/airflow/.local/lib/python3.8/site-packages/airflow/example_dags/example_short_circuit_operator.py took 0.267 seconds
[2024-04-07T14:55:49.575+0000] {processor.py:161} INFO - Started process (PID=1852) to work on /home/airflow/.local/lib/python3.8/site-packages/airflow/example_dags/example_short_circuit_operator.py
[2024-04-07T14:55:49.578+0000] {processor.py:830} INFO - Processing file /home/airflow/.local/lib/python3.8/site-packages/airflow/example_dags/example_short_circuit_operator.py for tasks to queue
[2024-04-07T14:55:49.582+0000] {logging_mixin.py:188} INFO - [2024-04-07T14:55:49.581+0000] {dagbag.py:540} INFO - Filling up the DagBag from /home/airflow/.local/lib/python3.8/site-packages/airflow/example_dags/example_short_circuit_operator.py
[2024-04-07T14:55:49.600+0000] {processor.py:840} INFO - DAG(s) 'example_short_circuit_operator' retrieved from /home/airflow/.local/lib/python3.8/site-packages/airflow/example_dags/example_short_circuit_operator.py
[2024-04-07T14:55:49.651+0000] {logging_mixin.py:188} INFO - [2024-04-07T14:55:49.651+0000] {dag.py:3047} INFO - Sync 1 DAGs
[2024-04-07T14:55:49.694+0000] {logging_mixin.py:188} INFO - [2024-04-07T14:55:49.694+0000] {dag.py:3834} INFO - Setting next_dagrun for example_short_circuit_operator to 2024-04-06 00:00:00+00:00, run_after=2024-04-07 00:00:00+00:00
[2024-04-07T14:55:49.730+0000] {processor.py:183} INFO - Processing /home/airflow/.local/lib/python3.8/site-packages/airflow/example_dags/example_short_circuit_operator.py took 0.162 seconds
[2024-04-07T14:56:19.805+0000] {processor.py:161} INFO - Started process (PID=1910) to work on /home/airflow/.local/lib/python3.8/site-packages/airflow/example_dags/example_short_circuit_operator.py
[2024-04-07T14:56:19.811+0000] {processor.py:830} INFO - Processing file /home/airflow/.local/lib/python3.8/site-packages/airflow/example_dags/example_short_circuit_operator.py for tasks to queue
[2024-04-07T14:56:19.818+0000] {logging_mixin.py:188} INFO - [2024-04-07T14:56:19.817+0000] {dagbag.py:540} INFO - Filling up the DagBag from /home/airflow/.local/lib/python3.8/site-packages/airflow/example_dags/example_short_circuit_operator.py
[2024-04-07T14:56:19.841+0000] {processor.py:840} INFO - DAG(s) 'example_short_circuit_operator' retrieved from /home/airflow/.local/lib/python3.8/site-packages/airflow/example_dags/example_short_circuit_operator.py
[2024-04-07T14:56:19.911+0000] {logging_mixin.py:188} INFO - [2024-04-07T14:56:19.911+0000] {dag.py:3047} INFO - Sync 1 DAGs
[2024-04-07T14:56:19.962+0000] {logging_mixin.py:188} INFO - [2024-04-07T14:56:19.962+0000] {dag.py:3834} INFO - Setting next_dagrun for example_short_circuit_operator to 2024-04-06 00:00:00+00:00, run_after=2024-04-07 00:00:00+00:00
[2024-04-07T14:56:20.087+0000] {processor.py:183} INFO - Processing /home/airflow/.local/lib/python3.8/site-packages/airflow/example_dags/example_short_circuit_operator.py took 0.289 seconds
[2024-04-07T14:56:50.576+0000] {processor.py:161} INFO - Started process (PID=1966) to work on /home/airflow/.local/lib/python3.8/site-packages/airflow/example_dags/example_short_circuit_operator.py
[2024-04-07T14:56:50.578+0000] {processor.py:830} INFO - Processing file /home/airflow/.local/lib/python3.8/site-packages/airflow/example_dags/example_short_circuit_operator.py for tasks to queue
[2024-04-07T14:56:50.583+0000] {logging_mixin.py:188} INFO - [2024-04-07T14:56:50.582+0000] {dagbag.py:540} INFO - Filling up the DagBag from /home/airflow/.local/lib/python3.8/site-packages/airflow/example_dags/example_short_circuit_operator.py
[2024-04-07T14:56:50.598+0000] {processor.py:840} INFO - DAG(s) 'example_short_circuit_operator' retrieved from /home/airflow/.local/lib/python3.8/site-packages/airflow/example_dags/example_short_circuit_operator.py
[2024-04-07T14:56:50.646+0000] {logging_mixin.py:188} INFO - [2024-04-07T14:56:50.645+0000] {dag.py:3047} INFO - Sync 1 DAGs
[2024-04-07T14:56:50.695+0000] {logging_mixin.py:188} INFO - [2024-04-07T14:56:50.694+0000] {dag.py:3834} INFO - Setting next_dagrun for example_short_circuit_operator to 2024-04-06 00:00:00+00:00, run_after=2024-04-07 00:00:00+00:00
[2024-04-07T14:56:50.741+0000] {processor.py:183} INFO - Processing /home/airflow/.local/lib/python3.8/site-packages/airflow/example_dags/example_short_circuit_operator.py took 0.172 seconds
[2024-04-07T14:57:20.853+0000] {processor.py:161} INFO - Started process (PID=2023) to work on /home/airflow/.local/lib/python3.8/site-packages/airflow/example_dags/example_short_circuit_operator.py
[2024-04-07T14:57:20.855+0000] {processor.py:830} INFO - Processing file /home/airflow/.local/lib/python3.8/site-packages/airflow/example_dags/example_short_circuit_operator.py for tasks to queue
[2024-04-07T14:57:20.858+0000] {logging_mixin.py:188} INFO - [2024-04-07T14:57:20.858+0000] {dagbag.py:540} INFO - Filling up the DagBag from /home/airflow/.local/lib/python3.8/site-packages/airflow/example_dags/example_short_circuit_operator.py
[2024-04-07T14:57:20.873+0000] {processor.py:840} INFO - DAG(s) 'example_short_circuit_operator' retrieved from /home/airflow/.local/lib/python3.8/site-packages/airflow/example_dags/example_short_circuit_operator.py
[2024-04-07T14:57:20.912+0000] {logging_mixin.py:188} INFO - [2024-04-07T14:57:20.912+0000] {dag.py:3047} INFO - Sync 1 DAGs
[2024-04-07T14:57:20.951+0000] {logging_mixin.py:188} INFO - [2024-04-07T14:57:20.950+0000] {dag.py:3834} INFO - Setting next_dagrun for example_short_circuit_operator to 2024-04-06 00:00:00+00:00, run_after=2024-04-07 00:00:00+00:00
[2024-04-07T14:57:21.012+0000] {processor.py:183} INFO - Processing /home/airflow/.local/lib/python3.8/site-packages/airflow/example_dags/example_short_circuit_operator.py took 0.164 seconds
[2024-04-07T14:57:51.334+0000] {processor.py:161} INFO - Started process (PID=2081) to work on /home/airflow/.local/lib/python3.8/site-packages/airflow/example_dags/example_short_circuit_operator.py
[2024-04-07T14:57:51.349+0000] {processor.py:830} INFO - Processing file /home/airflow/.local/lib/python3.8/site-packages/airflow/example_dags/example_short_circuit_operator.py for tasks to queue
[2024-04-07T14:57:51.356+0000] {logging_mixin.py:188} INFO - [2024-04-07T14:57:51.355+0000] {dagbag.py:540} INFO - Filling up the DagBag from /home/airflow/.local/lib/python3.8/site-packages/airflow/example_dags/example_short_circuit_operator.py
[2024-04-07T14:57:51.383+0000] {processor.py:840} INFO - DAG(s) 'example_short_circuit_operator' retrieved from /home/airflow/.local/lib/python3.8/site-packages/airflow/example_dags/example_short_circuit_operator.py
[2024-04-07T14:57:51.501+0000] {logging_mixin.py:188} INFO - [2024-04-07T14:57:51.500+0000] {dag.py:3047} INFO - Sync 1 DAGs
[2024-04-07T14:57:51.614+0000] {logging_mixin.py:188} INFO - [2024-04-07T14:57:51.614+0000] {dag.py:3834} INFO - Setting next_dagrun for example_short_circuit_operator to 2024-04-06 00:00:00+00:00, run_after=2024-04-07 00:00:00+00:00
[2024-04-07T14:57:51.667+0000] {processor.py:183} INFO - Processing /home/airflow/.local/lib/python3.8/site-packages/airflow/example_dags/example_short_circuit_operator.py took 0.340 seconds
[2024-04-07T14:58:21.791+0000] {processor.py:161} INFO - Started process (PID=2138) to work on /home/airflow/.local/lib/python3.8/site-packages/airflow/example_dags/example_short_circuit_operator.py
[2024-04-07T14:58:21.793+0000] {processor.py:830} INFO - Processing file /home/airflow/.local/lib/python3.8/site-packages/airflow/example_dags/example_short_circuit_operator.py for tasks to queue
[2024-04-07T14:58:21.798+0000] {logging_mixin.py:188} INFO - [2024-04-07T14:58:21.797+0000] {dagbag.py:540} INFO - Filling up the DagBag from /home/airflow/.local/lib/python3.8/site-packages/airflow/example_dags/example_short_circuit_operator.py
[2024-04-07T14:58:21.815+0000] {processor.py:840} INFO - DAG(s) 'example_short_circuit_operator' retrieved from /home/airflow/.local/lib/python3.8/site-packages/airflow/example_dags/example_short_circuit_operator.py
[2024-04-07T14:58:21.862+0000] {logging_mixin.py:188} INFO - [2024-04-07T14:58:21.861+0000] {dag.py:3047} INFO - Sync 1 DAGs
[2024-04-07T14:58:21.906+0000] {logging_mixin.py:188} INFO - [2024-04-07T14:58:21.906+0000] {dag.py:3834} INFO - Setting next_dagrun for example_short_circuit_operator to 2024-04-06 00:00:00+00:00, run_after=2024-04-07 00:00:00+00:00
[2024-04-07T14:58:21.949+0000] {processor.py:183} INFO - Processing /home/airflow/.local/lib/python3.8/site-packages/airflow/example_dags/example_short_circuit_operator.py took 0.165 seconds
[2024-04-07T14:58:52.014+0000] {processor.py:161} INFO - Started process (PID=2195) to work on /home/airflow/.local/lib/python3.8/site-packages/airflow/example_dags/example_short_circuit_operator.py
[2024-04-07T14:58:52.016+0000] {processor.py:830} INFO - Processing file /home/airflow/.local/lib/python3.8/site-packages/airflow/example_dags/example_short_circuit_operator.py for tasks to queue
[2024-04-07T14:58:52.019+0000] {logging_mixin.py:188} INFO - [2024-04-07T14:58:52.018+0000] {dagbag.py:540} INFO - Filling up the DagBag from /home/airflow/.local/lib/python3.8/site-packages/airflow/example_dags/example_short_circuit_operator.py
[2024-04-07T14:58:52.031+0000] {processor.py:840} INFO - DAG(s) 'example_short_circuit_operator' retrieved from /home/airflow/.local/lib/python3.8/site-packages/airflow/example_dags/example_short_circuit_operator.py
[2024-04-07T14:58:52.066+0000] {logging_mixin.py:188} INFO - [2024-04-07T14:58:52.065+0000] {dag.py:3047} INFO - Sync 1 DAGs
[2024-04-07T14:58:52.106+0000] {logging_mixin.py:188} INFO - [2024-04-07T14:58:52.105+0000] {dag.py:3834} INFO - Setting next_dagrun for example_short_circuit_operator to 2024-04-06 00:00:00+00:00, run_after=2024-04-07 00:00:00+00:00
[2024-04-07T14:58:52.173+0000] {processor.py:183} INFO - Processing /home/airflow/.local/lib/python3.8/site-packages/airflow/example_dags/example_short_circuit_operator.py took 0.164 seconds
[2024-04-07T14:59:24.361+0000] {processor.py:161} INFO - Started process (PID=2252) to work on /home/airflow/.local/lib/python3.8/site-packages/airflow/example_dags/example_short_circuit_operator.py
[2024-04-07T14:59:24.368+0000] {processor.py:830} INFO - Processing file /home/airflow/.local/lib/python3.8/site-packages/airflow/example_dags/example_short_circuit_operator.py for tasks to queue
[2024-04-07T14:59:24.377+0000] {logging_mixin.py:188} INFO - [2024-04-07T14:59:24.376+0000] {dagbag.py:540} INFO - Filling up the DagBag from /home/airflow/.local/lib/python3.8/site-packages/airflow/example_dags/example_short_circuit_operator.py
[2024-04-07T14:59:24.426+0000] {processor.py:840} INFO - DAG(s) 'example_short_circuit_operator' retrieved from /home/airflow/.local/lib/python3.8/site-packages/airflow/example_dags/example_short_circuit_operator.py
[2024-04-07T14:59:24.532+0000] {logging_mixin.py:188} INFO - [2024-04-07T14:59:24.532+0000] {dag.py:3047} INFO - Sync 1 DAGs
[2024-04-07T14:59:24.616+0000] {logging_mixin.py:188} INFO - [2024-04-07T14:59:24.616+0000] {dag.py:3834} INFO - Setting next_dagrun for example_short_circuit_operator to 2024-04-06 00:00:00+00:00, run_after=2024-04-07 00:00:00+00:00
[2024-04-07T14:59:24.662+0000] {processor.py:183} INFO - Processing /home/airflow/.local/lib/python3.8/site-packages/airflow/example_dags/example_short_circuit_operator.py took 0.319 seconds
[2024-04-07T14:59:54.925+0000] {processor.py:161} INFO - Started process (PID=2308) to work on /home/airflow/.local/lib/python3.8/site-packages/airflow/example_dags/example_short_circuit_operator.py
[2024-04-07T14:59:54.928+0000] {processor.py:830} INFO - Processing file /home/airflow/.local/lib/python3.8/site-packages/airflow/example_dags/example_short_circuit_operator.py for tasks to queue
[2024-04-07T14:59:54.932+0000] {logging_mixin.py:188} INFO - [2024-04-07T14:59:54.931+0000] {dagbag.py:540} INFO - Filling up the DagBag from /home/airflow/.local/lib/python3.8/site-packages/airflow/example_dags/example_short_circuit_operator.py
[2024-04-07T14:59:54.950+0000] {processor.py:840} INFO - DAG(s) 'example_short_circuit_operator' retrieved from /home/airflow/.local/lib/python3.8/site-packages/airflow/example_dags/example_short_circuit_operator.py
[2024-04-07T14:59:55.009+0000] {logging_mixin.py:188} INFO - [2024-04-07T14:59:55.009+0000] {dag.py:3047} INFO - Sync 1 DAGs
[2024-04-07T14:59:55.059+0000] {logging_mixin.py:188} INFO - [2024-04-07T14:59:55.059+0000] {dag.py:3834} INFO - Setting next_dagrun for example_short_circuit_operator to 2024-04-06 00:00:00+00:00, run_after=2024-04-07 00:00:00+00:00
[2024-04-07T14:59:55.105+0000] {processor.py:183} INFO - Processing /home/airflow/.local/lib/python3.8/site-packages/airflow/example_dags/example_short_circuit_operator.py took 0.185 seconds
[2024-04-07T15:00:26.016+0000] {processor.py:161} INFO - Started process (PID=2367) to work on /home/airflow/.local/lib/python3.8/site-packages/airflow/example_dags/example_short_circuit_operator.py
[2024-04-07T15:00:26.018+0000] {processor.py:830} INFO - Processing file /home/airflow/.local/lib/python3.8/site-packages/airflow/example_dags/example_short_circuit_operator.py for tasks to queue
[2024-04-07T15:00:26.021+0000] {logging_mixin.py:188} INFO - [2024-04-07T15:00:26.021+0000] {dagbag.py:540} INFO - Filling up the DagBag from /home/airflow/.local/lib/python3.8/site-packages/airflow/example_dags/example_short_circuit_operator.py
[2024-04-07T15:00:26.036+0000] {processor.py:840} INFO - DAG(s) 'example_short_circuit_operator' retrieved from /home/airflow/.local/lib/python3.8/site-packages/airflow/example_dags/example_short_circuit_operator.py
[2024-04-07T15:00:26.092+0000] {logging_mixin.py:188} INFO - [2024-04-07T15:00:26.091+0000] {dag.py:3047} INFO - Sync 1 DAGs
[2024-04-07T15:00:26.149+0000] {logging_mixin.py:188} INFO - [2024-04-07T15:00:26.148+0000] {dag.py:3834} INFO - Setting next_dagrun for example_short_circuit_operator to 2024-04-06 00:00:00+00:00, run_after=2024-04-07 00:00:00+00:00
[2024-04-07T15:00:26.210+0000] {processor.py:183} INFO - Processing /home/airflow/.local/lib/python3.8/site-packages/airflow/example_dags/example_short_circuit_operator.py took 0.201 seconds
[2024-04-07T15:00:56.323+0000] {processor.py:161} INFO - Started process (PID=2423) to work on /home/airflow/.local/lib/python3.8/site-packages/airflow/example_dags/example_short_circuit_operator.py
[2024-04-07T15:00:56.326+0000] {processor.py:830} INFO - Processing file /home/airflow/.local/lib/python3.8/site-packages/airflow/example_dags/example_short_circuit_operator.py for tasks to queue
[2024-04-07T15:00:56.330+0000] {logging_mixin.py:188} INFO - [2024-04-07T15:00:56.329+0000] {dagbag.py:540} INFO - Filling up the DagBag from /home/airflow/.local/lib/python3.8/site-packages/airflow/example_dags/example_short_circuit_operator.py
[2024-04-07T15:00:56.353+0000] {processor.py:840} INFO - DAG(s) 'example_short_circuit_operator' retrieved from /home/airflow/.local/lib/python3.8/site-packages/airflow/example_dags/example_short_circuit_operator.py
[2024-04-07T15:00:56.406+0000] {logging_mixin.py:188} INFO - [2024-04-07T15:00:56.406+0000] {dag.py:3047} INFO - Sync 1 DAGs
[2024-04-07T15:00:56.456+0000] {logging_mixin.py:188} INFO - [2024-04-07T15:00:56.456+0000] {dag.py:3834} INFO - Setting next_dagrun for example_short_circuit_operator to 2024-04-06 00:00:00+00:00, run_after=2024-04-07 00:00:00+00:00
[2024-04-07T15:00:56.508+0000] {processor.py:183} INFO - Processing /home/airflow/.local/lib/python3.8/site-packages/airflow/example_dags/example_short_circuit_operator.py took 0.197 seconds
[2024-04-07T15:01:27.593+0000] {processor.py:161} INFO - Started process (PID=2480) to work on /home/airflow/.local/lib/python3.8/site-packages/airflow/example_dags/example_short_circuit_operator.py
[2024-04-07T15:01:27.596+0000] {processor.py:830} INFO - Processing file /home/airflow/.local/lib/python3.8/site-packages/airflow/example_dags/example_short_circuit_operator.py for tasks to queue
[2024-04-07T15:01:27.599+0000] {logging_mixin.py:188} INFO - [2024-04-07T15:01:27.598+0000] {dagbag.py:540} INFO - Filling up the DagBag from /home/airflow/.local/lib/python3.8/site-packages/airflow/example_dags/example_short_circuit_operator.py
[2024-04-07T15:01:27.616+0000] {processor.py:840} INFO - DAG(s) 'example_short_circuit_operator' retrieved from /home/airflow/.local/lib/python3.8/site-packages/airflow/example_dags/example_short_circuit_operator.py
[2024-04-07T15:01:27.684+0000] {logging_mixin.py:188} INFO - [2024-04-07T15:01:27.683+0000] {dag.py:3047} INFO - Sync 1 DAGs
[2024-04-07T15:01:27.799+0000] {logging_mixin.py:188} INFO - [2024-04-07T15:01:27.799+0000] {dag.py:3834} INFO - Setting next_dagrun for example_short_circuit_operator to 2024-04-06 00:00:00+00:00, run_after=2024-04-07 00:00:00+00:00
[2024-04-07T15:01:27.881+0000] {processor.py:183} INFO - Processing /home/airflow/.local/lib/python3.8/site-packages/airflow/example_dags/example_short_circuit_operator.py took 0.294 seconds
[2024-04-07T15:01:58.774+0000] {processor.py:161} INFO - Started process (PID=2538) to work on /home/airflow/.local/lib/python3.8/site-packages/airflow/example_dags/example_short_circuit_operator.py
[2024-04-07T15:01:58.777+0000] {processor.py:830} INFO - Processing file /home/airflow/.local/lib/python3.8/site-packages/airflow/example_dags/example_short_circuit_operator.py for tasks to queue
[2024-04-07T15:01:58.783+0000] {logging_mixin.py:188} INFO - [2024-04-07T15:01:58.782+0000] {dagbag.py:540} INFO - Filling up the DagBag from /home/airflow/.local/lib/python3.8/site-packages/airflow/example_dags/example_short_circuit_operator.py
[2024-04-07T15:01:58.802+0000] {processor.py:840} INFO - DAG(s) 'example_short_circuit_operator' retrieved from /home/airflow/.local/lib/python3.8/site-packages/airflow/example_dags/example_short_circuit_operator.py
[2024-04-07T15:01:58.879+0000] {logging_mixin.py:188} INFO - [2024-04-07T15:01:58.878+0000] {dag.py:3047} INFO - Sync 1 DAGs
[2024-04-07T15:01:58.931+0000] {logging_mixin.py:188} INFO - [2024-04-07T15:01:58.930+0000] {dag.py:3834} INFO - Setting next_dagrun for example_short_circuit_operator to 2024-04-06 00:00:00+00:00, run_after=2024-04-07 00:00:00+00:00
[2024-04-07T15:01:58.990+0000] {processor.py:183} INFO - Processing /home/airflow/.local/lib/python3.8/site-packages/airflow/example_dags/example_short_circuit_operator.py took 0.223 seconds
[2024-04-07T15:02:29.200+0000] {processor.py:161} INFO - Started process (PID=2596) to work on /home/airflow/.local/lib/python3.8/site-packages/airflow/example_dags/example_short_circuit_operator.py
[2024-04-07T15:02:29.203+0000] {processor.py:830} INFO - Processing file /home/airflow/.local/lib/python3.8/site-packages/airflow/example_dags/example_short_circuit_operator.py for tasks to queue
[2024-04-07T15:02:29.208+0000] {logging_mixin.py:188} INFO - [2024-04-07T15:02:29.207+0000] {dagbag.py:540} INFO - Filling up the DagBag from /home/airflow/.local/lib/python3.8/site-packages/airflow/example_dags/example_short_circuit_operator.py
[2024-04-07T15:02:29.236+0000] {processor.py:840} INFO - DAG(s) 'example_short_circuit_operator' retrieved from /home/airflow/.local/lib/python3.8/site-packages/airflow/example_dags/example_short_circuit_operator.py
[2024-04-07T15:02:29.301+0000] {logging_mixin.py:188} INFO - [2024-04-07T15:02:29.301+0000] {dag.py:3047} INFO - Sync 1 DAGs
[2024-04-07T15:02:29.356+0000] {logging_mixin.py:188} INFO - [2024-04-07T15:02:29.356+0000] {dag.py:3834} INFO - Setting next_dagrun for example_short_circuit_operator to 2024-04-06 00:00:00+00:00, run_after=2024-04-07 00:00:00+00:00
[2024-04-07T15:02:29.441+0000] {processor.py:183} INFO - Processing /home/airflow/.local/lib/python3.8/site-packages/airflow/example_dags/example_short_circuit_operator.py took 0.248 seconds
[2024-04-07T15:02:59.740+0000] {processor.py:161} INFO - Started process (PID=2653) to work on /home/airflow/.local/lib/python3.8/site-packages/airflow/example_dags/example_short_circuit_operator.py
[2024-04-07T15:02:59.742+0000] {processor.py:830} INFO - Processing file /home/airflow/.local/lib/python3.8/site-packages/airflow/example_dags/example_short_circuit_operator.py for tasks to queue
[2024-04-07T15:02:59.745+0000] {logging_mixin.py:188} INFO - [2024-04-07T15:02:59.744+0000] {dagbag.py:540} INFO - Filling up the DagBag from /home/airflow/.local/lib/python3.8/site-packages/airflow/example_dags/example_short_circuit_operator.py
[2024-04-07T15:02:59.760+0000] {processor.py:840} INFO - DAG(s) 'example_short_circuit_operator' retrieved from /home/airflow/.local/lib/python3.8/site-packages/airflow/example_dags/example_short_circuit_operator.py
[2024-04-07T15:02:59.800+0000] {logging_mixin.py:188} INFO - [2024-04-07T15:02:59.800+0000] {dag.py:3047} INFO - Sync 1 DAGs
[2024-04-07T15:02:59.835+0000] {logging_mixin.py:188} INFO - [2024-04-07T15:02:59.835+0000] {dag.py:3834} INFO - Setting next_dagrun for example_short_circuit_operator to 2024-04-06 00:00:00+00:00, run_after=2024-04-07 00:00:00+00:00
[2024-04-07T15:03:00.545+0000] {processor.py:183} INFO - Processing /home/airflow/.local/lib/python3.8/site-packages/airflow/example_dags/example_short_circuit_operator.py took 0.810 seconds
[2024-04-07T15:03:30.727+0000] {processor.py:161} INFO - Started process (PID=2709) to work on /home/airflow/.local/lib/python3.8/site-packages/airflow/example_dags/example_short_circuit_operator.py
[2024-04-07T15:03:30.730+0000] {processor.py:830} INFO - Processing file /home/airflow/.local/lib/python3.8/site-packages/airflow/example_dags/example_short_circuit_operator.py for tasks to queue
[2024-04-07T15:03:30.733+0000] {logging_mixin.py:188} INFO - [2024-04-07T15:03:30.732+0000] {dagbag.py:540} INFO - Filling up the DagBag from /home/airflow/.local/lib/python3.8/site-packages/airflow/example_dags/example_short_circuit_operator.py
[2024-04-07T15:03:30.748+0000] {processor.py:840} INFO - DAG(s) 'example_short_circuit_operator' retrieved from /home/airflow/.local/lib/python3.8/site-packages/airflow/example_dags/example_short_circuit_operator.py
[2024-04-07T15:03:30.792+0000] {logging_mixin.py:188} INFO - [2024-04-07T15:03:30.791+0000] {dag.py:3047} INFO - Sync 1 DAGs
[2024-04-07T15:03:30.832+0000] {logging_mixin.py:188} INFO - [2024-04-07T15:03:30.831+0000] {dag.py:3834} INFO - Setting next_dagrun for example_short_circuit_operator to 2024-04-06 00:00:00+00:00, run_after=2024-04-07 00:00:00+00:00
[2024-04-07T15:03:30.886+0000] {processor.py:183} INFO - Processing /home/airflow/.local/lib/python3.8/site-packages/airflow/example_dags/example_short_circuit_operator.py took 0.165 seconds
[2024-04-07T15:04:01.027+0000] {processor.py:161} INFO - Started process (PID=2766) to work on /home/airflow/.local/lib/python3.8/site-packages/airflow/example_dags/example_short_circuit_operator.py
[2024-04-07T15:04:01.031+0000] {processor.py:830} INFO - Processing file /home/airflow/.local/lib/python3.8/site-packages/airflow/example_dags/example_short_circuit_operator.py for tasks to queue
[2024-04-07T15:04:01.038+0000] {logging_mixin.py:188} INFO - [2024-04-07T15:04:01.037+0000] {dagbag.py:540} INFO - Filling up the DagBag from /home/airflow/.local/lib/python3.8/site-packages/airflow/example_dags/example_short_circuit_operator.py
[2024-04-07T15:04:01.057+0000] {processor.py:840} INFO - DAG(s) 'example_short_circuit_operator' retrieved from /home/airflow/.local/lib/python3.8/site-packages/airflow/example_dags/example_short_circuit_operator.py
[2024-04-07T15:04:01.113+0000] {logging_mixin.py:188} INFO - [2024-04-07T15:04:01.112+0000] {dag.py:3047} INFO - Sync 1 DAGs
[2024-04-07T15:04:01.166+0000] {logging_mixin.py:188} INFO - [2024-04-07T15:04:01.165+0000] {dag.py:3834} INFO - Setting next_dagrun for example_short_circuit_operator to 2024-04-06 00:00:00+00:00, run_after=2024-04-07 00:00:00+00:00
[2024-04-07T15:04:01.376+0000] {processor.py:183} INFO - Processing /home/airflow/.local/lib/python3.8/site-packages/airflow/example_dags/example_short_circuit_operator.py took 0.356 seconds
[2024-04-07T15:04:31.529+0000] {processor.py:161} INFO - Started process (PID=2823) to work on /home/airflow/.local/lib/python3.8/site-packages/airflow/example_dags/example_short_circuit_operator.py
[2024-04-07T15:04:31.531+0000] {processor.py:830} INFO - Processing file /home/airflow/.local/lib/python3.8/site-packages/airflow/example_dags/example_short_circuit_operator.py for tasks to queue
[2024-04-07T15:04:31.534+0000] {logging_mixin.py:188} INFO - [2024-04-07T15:04:31.534+0000] {dagbag.py:540} INFO - Filling up the DagBag from /home/airflow/.local/lib/python3.8/site-packages/airflow/example_dags/example_short_circuit_operator.py
[2024-04-07T15:04:31.547+0000] {processor.py:840} INFO - DAG(s) 'example_short_circuit_operator' retrieved from /home/airflow/.local/lib/python3.8/site-packages/airflow/example_dags/example_short_circuit_operator.py
[2024-04-07T15:04:31.588+0000] {logging_mixin.py:188} INFO - [2024-04-07T15:04:31.588+0000] {dag.py:3047} INFO - Sync 1 DAGs
[2024-04-07T15:04:31.620+0000] {logging_mixin.py:188} INFO - [2024-04-07T15:04:31.619+0000] {dag.py:3834} INFO - Setting next_dagrun for example_short_circuit_operator to 2024-04-06 00:00:00+00:00, run_after=2024-04-07 00:00:00+00:00
[2024-04-07T15:04:31.649+0000] {processor.py:183} INFO - Processing /home/airflow/.local/lib/python3.8/site-packages/airflow/example_dags/example_short_circuit_operator.py took 0.127 seconds
[2024-04-07T15:05:01.794+0000] {processor.py:161} INFO - Started process (PID=2880) to work on /home/airflow/.local/lib/python3.8/site-packages/airflow/example_dags/example_short_circuit_operator.py
[2024-04-07T15:05:01.797+0000] {processor.py:830} INFO - Processing file /home/airflow/.local/lib/python3.8/site-packages/airflow/example_dags/example_short_circuit_operator.py for tasks to queue
[2024-04-07T15:05:01.801+0000] {logging_mixin.py:188} INFO - [2024-04-07T15:05:01.800+0000] {dagbag.py:540} INFO - Filling up the DagBag from /home/airflow/.local/lib/python3.8/site-packages/airflow/example_dags/example_short_circuit_operator.py
[2024-04-07T15:05:01.815+0000] {processor.py:840} INFO - DAG(s) 'example_short_circuit_operator' retrieved from /home/airflow/.local/lib/python3.8/site-packages/airflow/example_dags/example_short_circuit_operator.py
[2024-04-07T15:05:01.862+0000] {logging_mixin.py:188} INFO - [2024-04-07T15:05:01.861+0000] {dag.py:3047} INFO - Sync 1 DAGs
[2024-04-07T15:05:01.902+0000] {logging_mixin.py:188} INFO - [2024-04-07T15:05:01.902+0000] {dag.py:3834} INFO - Setting next_dagrun for example_short_circuit_operator to 2024-04-06 00:00:00+00:00, run_after=2024-04-07 00:00:00+00:00
[2024-04-07T15:05:01.944+0000] {processor.py:183} INFO - Processing /home/airflow/.local/lib/python3.8/site-packages/airflow/example_dags/example_short_circuit_operator.py took 0.156 seconds
[2024-04-07T15:05:32.060+0000] {processor.py:161} INFO - Started process (PID=2937) to work on /home/airflow/.local/lib/python3.8/site-packages/airflow/example_dags/example_short_circuit_operator.py
[2024-04-07T15:05:32.063+0000] {processor.py:830} INFO - Processing file /home/airflow/.local/lib/python3.8/site-packages/airflow/example_dags/example_short_circuit_operator.py for tasks to queue
[2024-04-07T15:05:32.067+0000] {logging_mixin.py:188} INFO - [2024-04-07T15:05:32.067+0000] {dagbag.py:540} INFO - Filling up the DagBag from /home/airflow/.local/lib/python3.8/site-packages/airflow/example_dags/example_short_circuit_operator.py
[2024-04-07T15:05:32.080+0000] {processor.py:840} INFO - DAG(s) 'example_short_circuit_operator' retrieved from /home/airflow/.local/lib/python3.8/site-packages/airflow/example_dags/example_short_circuit_operator.py
[2024-04-07T15:05:32.130+0000] {logging_mixin.py:188} INFO - [2024-04-07T15:05:32.129+0000] {dag.py:3047} INFO - Sync 1 DAGs
[2024-04-07T15:05:32.175+0000] {logging_mixin.py:188} INFO - [2024-04-07T15:05:32.175+0000] {dag.py:3834} INFO - Setting next_dagrun for example_short_circuit_operator to 2024-04-06 00:00:00+00:00, run_after=2024-04-07 00:00:00+00:00
[2024-04-07T15:05:32.372+0000] {processor.py:183} INFO - Processing /home/airflow/.local/lib/python3.8/site-packages/airflow/example_dags/example_short_circuit_operator.py took 0.320 seconds
[2024-04-07T15:06:02.693+0000] {processor.py:161} INFO - Started process (PID=2994) to work on /home/airflow/.local/lib/python3.8/site-packages/airflow/example_dags/example_short_circuit_operator.py
[2024-04-07T15:06:02.695+0000] {processor.py:830} INFO - Processing file /home/airflow/.local/lib/python3.8/site-packages/airflow/example_dags/example_short_circuit_operator.py for tasks to queue
[2024-04-07T15:06:02.698+0000] {logging_mixin.py:188} INFO - [2024-04-07T15:06:02.698+0000] {dagbag.py:540} INFO - Filling up the DagBag from /home/airflow/.local/lib/python3.8/site-packages/airflow/example_dags/example_short_circuit_operator.py
[2024-04-07T15:06:02.712+0000] {processor.py:840} INFO - DAG(s) 'example_short_circuit_operator' retrieved from /home/airflow/.local/lib/python3.8/site-packages/airflow/example_dags/example_short_circuit_operator.py
[2024-04-07T15:06:02.757+0000] {logging_mixin.py:188} INFO - [2024-04-07T15:06:02.757+0000] {dag.py:3047} INFO - Sync 1 DAGs
[2024-04-07T15:06:02.798+0000] {logging_mixin.py:188} INFO - [2024-04-07T15:06:02.798+0000] {dag.py:3834} INFO - Setting next_dagrun for example_short_circuit_operator to 2024-04-06 00:00:00+00:00, run_after=2024-04-07 00:00:00+00:00
[2024-04-07T15:06:02.833+0000] {processor.py:183} INFO - Processing /home/airflow/.local/lib/python3.8/site-packages/airflow/example_dags/example_short_circuit_operator.py took 0.145 seconds
[2024-04-07T15:06:32.886+0000] {processor.py:161} INFO - Started process (PID=3050) to work on /home/airflow/.local/lib/python3.8/site-packages/airflow/example_dags/example_short_circuit_operator.py
[2024-04-07T15:06:32.888+0000] {processor.py:830} INFO - Processing file /home/airflow/.local/lib/python3.8/site-packages/airflow/example_dags/example_short_circuit_operator.py for tasks to queue
[2024-04-07T15:06:32.891+0000] {logging_mixin.py:188} INFO - [2024-04-07T15:06:32.891+0000] {dagbag.py:540} INFO - Filling up the DagBag from /home/airflow/.local/lib/python3.8/site-packages/airflow/example_dags/example_short_circuit_operator.py
[2024-04-07T15:06:32.907+0000] {processor.py:840} INFO - DAG(s) 'example_short_circuit_operator' retrieved from /home/airflow/.local/lib/python3.8/site-packages/airflow/example_dags/example_short_circuit_operator.py
[2024-04-07T15:06:32.945+0000] {logging_mixin.py:188} INFO - [2024-04-07T15:06:32.945+0000] {dag.py:3047} INFO - Sync 1 DAGs
[2024-04-07T15:06:32.978+0000] {logging_mixin.py:188} INFO - [2024-04-07T15:06:32.977+0000] {dag.py:3834} INFO - Setting next_dagrun for example_short_circuit_operator to 2024-04-06 00:00:00+00:00, run_after=2024-04-07 00:00:00+00:00
[2024-04-07T15:06:33.008+0000] {processor.py:183} INFO - Processing /home/airflow/.local/lib/python3.8/site-packages/airflow/example_dags/example_short_circuit_operator.py took 0.127 seconds
[2024-04-07T15:07:03.115+0000] {processor.py:161} INFO - Started process (PID=3107) to work on /home/airflow/.local/lib/python3.8/site-packages/airflow/example_dags/example_short_circuit_operator.py
[2024-04-07T15:07:03.117+0000] {processor.py:830} INFO - Processing file /home/airflow/.local/lib/python3.8/site-packages/airflow/example_dags/example_short_circuit_operator.py for tasks to queue
[2024-04-07T15:07:03.119+0000] {logging_mixin.py:188} INFO - [2024-04-07T15:07:03.119+0000] {dagbag.py:540} INFO - Filling up the DagBag from /home/airflow/.local/lib/python3.8/site-packages/airflow/example_dags/example_short_circuit_operator.py
[2024-04-07T15:07:03.135+0000] {processor.py:840} INFO - DAG(s) 'example_short_circuit_operator' retrieved from /home/airflow/.local/lib/python3.8/site-packages/airflow/example_dags/example_short_circuit_operator.py
[2024-04-07T15:07:03.184+0000] {logging_mixin.py:188} INFO - [2024-04-07T15:07:03.183+0000] {dag.py:3047} INFO - Sync 1 DAGs
[2024-04-07T15:07:03.228+0000] {logging_mixin.py:188} INFO - [2024-04-07T15:07:03.228+0000] {dag.py:3834} INFO - Setting next_dagrun for example_short_circuit_operator to 2024-04-06 00:00:00+00:00, run_after=2024-04-07 00:00:00+00:00
[2024-04-07T15:07:03.375+0000] {processor.py:183} INFO - Processing /home/airflow/.local/lib/python3.8/site-packages/airflow/example_dags/example_short_circuit_operator.py took 0.265 seconds
[2024-04-07T15:07:34.003+0000] {processor.py:161} INFO - Started process (PID=3162) to work on /home/airflow/.local/lib/python3.8/site-packages/airflow/example_dags/example_short_circuit_operator.py
[2024-04-07T15:07:34.004+0000] {processor.py:830} INFO - Processing file /home/airflow/.local/lib/python3.8/site-packages/airflow/example_dags/example_short_circuit_operator.py for tasks to queue
[2024-04-07T15:07:34.008+0000] {logging_mixin.py:188} INFO - [2024-04-07T15:07:34.008+0000] {dagbag.py:540} INFO - Filling up the DagBag from /home/airflow/.local/lib/python3.8/site-packages/airflow/example_dags/example_short_circuit_operator.py
[2024-04-07T15:07:34.023+0000] {processor.py:840} INFO - DAG(s) 'example_short_circuit_operator' retrieved from /home/airflow/.local/lib/python3.8/site-packages/airflow/example_dags/example_short_circuit_operator.py
[2024-04-07T15:07:34.067+0000] {logging_mixin.py:188} INFO - [2024-04-07T15:07:34.066+0000] {dag.py:3047} INFO - Sync 1 DAGs
[2024-04-07T15:07:34.125+0000] {logging_mixin.py:188} INFO - [2024-04-07T15:07:34.123+0000] {dag.py:3834} INFO - Setting next_dagrun for example_short_circuit_operator to 2024-04-06 00:00:00+00:00, run_after=2024-04-07 00:00:00+00:00
[2024-04-07T15:07:34.181+0000] {processor.py:183} INFO - Processing /home/airflow/.local/lib/python3.8/site-packages/airflow/example_dags/example_short_circuit_operator.py took 0.184 seconds
[2024-04-07T15:08:04.468+0000] {processor.py:161} INFO - Started process (PID=3219) to work on /home/airflow/.local/lib/python3.8/site-packages/airflow/example_dags/example_short_circuit_operator.py
[2024-04-07T15:08:04.473+0000] {processor.py:830} INFO - Processing file /home/airflow/.local/lib/python3.8/site-packages/airflow/example_dags/example_short_circuit_operator.py for tasks to queue
[2024-04-07T15:08:04.478+0000] {logging_mixin.py:188} INFO - [2024-04-07T15:08:04.477+0000] {dagbag.py:540} INFO - Filling up the DagBag from /home/airflow/.local/lib/python3.8/site-packages/airflow/example_dags/example_short_circuit_operator.py
[2024-04-07T15:08:04.498+0000] {processor.py:840} INFO - DAG(s) 'example_short_circuit_operator' retrieved from /home/airflow/.local/lib/python3.8/site-packages/airflow/example_dags/example_short_circuit_operator.py
[2024-04-07T15:08:04.544+0000] {logging_mixin.py:188} INFO - [2024-04-07T15:08:04.543+0000] {dag.py:3047} INFO - Sync 1 DAGs
[2024-04-07T15:08:04.587+0000] {logging_mixin.py:188} INFO - [2024-04-07T15:08:04.587+0000] {dag.py:3834} INFO - Setting next_dagrun for example_short_circuit_operator to 2024-04-06 00:00:00+00:00, run_after=2024-04-07 00:00:00+00:00
[2024-04-07T15:08:04.628+0000] {processor.py:183} INFO - Processing /home/airflow/.local/lib/python3.8/site-packages/airflow/example_dags/example_short_circuit_operator.py took 0.170 seconds
[2024-04-07T15:08:35.444+0000] {processor.py:161} INFO - Started process (PID=3275) to work on /home/airflow/.local/lib/python3.8/site-packages/airflow/example_dags/example_short_circuit_operator.py
[2024-04-07T15:08:35.463+0000] {processor.py:830} INFO - Processing file /home/airflow/.local/lib/python3.8/site-packages/airflow/example_dags/example_short_circuit_operator.py for tasks to queue
[2024-04-07T15:08:35.476+0000] {logging_mixin.py:188} INFO - [2024-04-07T15:08:35.476+0000] {dagbag.py:540} INFO - Filling up the DagBag from /home/airflow/.local/lib/python3.8/site-packages/airflow/example_dags/example_short_circuit_operator.py
[2024-04-07T15:08:35.526+0000] {processor.py:840} INFO - DAG(s) 'example_short_circuit_operator' retrieved from /home/airflow/.local/lib/python3.8/site-packages/airflow/example_dags/example_short_circuit_operator.py
[2024-04-07T15:08:35.606+0000] {logging_mixin.py:188} INFO - [2024-04-07T15:08:35.606+0000] {dag.py:3047} INFO - Sync 1 DAGs
[2024-04-07T15:08:35.682+0000] {logging_mixin.py:188} INFO - [2024-04-07T15:08:35.681+0000] {dag.py:3834} INFO - Setting next_dagrun for example_short_circuit_operator to 2024-04-06 00:00:00+00:00, run_after=2024-04-07 00:00:00+00:00
[2024-04-07T15:08:36.444+0000] {processor.py:183} INFO - Processing /home/airflow/.local/lib/python3.8/site-packages/airflow/example_dags/example_short_circuit_operator.py took 1.019 seconds
[2024-04-07T15:09:22.978+0000] {processor.py:161} INFO - Started process (PID=3342) to work on /home/airflow/.local/lib/python3.8/site-packages/airflow/example_dags/example_short_circuit_operator.py
[2024-04-07T15:09:22.983+0000] {processor.py:830} INFO - Processing file /home/airflow/.local/lib/python3.8/site-packages/airflow/example_dags/example_short_circuit_operator.py for tasks to queue
[2024-04-07T15:09:22.989+0000] {logging_mixin.py:188} INFO - [2024-04-07T15:09:22.988+0000] {dagbag.py:540} INFO - Filling up the DagBag from /home/airflow/.local/lib/python3.8/site-packages/airflow/example_dags/example_short_circuit_operator.py
[2024-04-07T15:09:23.008+0000] {processor.py:840} INFO - DAG(s) 'example_short_circuit_operator' retrieved from /home/airflow/.local/lib/python3.8/site-packages/airflow/example_dags/example_short_circuit_operator.py
[2024-04-07T15:09:23.051+0000] {logging_mixin.py:188} INFO - [2024-04-07T15:09:23.050+0000] {dag.py:3047} INFO - Sync 1 DAGs
[2024-04-07T15:09:23.095+0000] {logging_mixin.py:188} INFO - [2024-04-07T15:09:23.094+0000] {dag.py:3834} INFO - Setting next_dagrun for example_short_circuit_operator to 2024-04-06 00:00:00+00:00, run_after=2024-04-07 00:00:00+00:00
[2024-04-07T15:09:25.706+0000] {processor.py:183} INFO - Processing /home/airflow/.local/lib/python3.8/site-packages/airflow/example_dags/example_short_circuit_operator.py took 2.736 seconds
[2024-04-07T15:09:56.632+0000] {processor.py:161} INFO - Started process (PID=3400) to work on /home/airflow/.local/lib/python3.8/site-packages/airflow/example_dags/example_short_circuit_operator.py
[2024-04-07T15:09:56.637+0000] {processor.py:830} INFO - Processing file /home/airflow/.local/lib/python3.8/site-packages/airflow/example_dags/example_short_circuit_operator.py for tasks to queue
[2024-04-07T15:09:56.646+0000] {logging_mixin.py:188} INFO - [2024-04-07T15:09:56.646+0000] {dagbag.py:540} INFO - Filling up the DagBag from /home/airflow/.local/lib/python3.8/site-packages/airflow/example_dags/example_short_circuit_operator.py
[2024-04-07T15:09:56.673+0000] {processor.py:840} INFO - DAG(s) 'example_short_circuit_operator' retrieved from /home/airflow/.local/lib/python3.8/site-packages/airflow/example_dags/example_short_circuit_operator.py
[2024-04-07T15:09:56.750+0000] {logging_mixin.py:188} INFO - [2024-04-07T15:09:56.749+0000] {dag.py:3047} INFO - Sync 1 DAGs
[2024-04-07T15:09:56.819+0000] {logging_mixin.py:188} INFO - [2024-04-07T15:09:56.819+0000] {dag.py:3834} INFO - Setting next_dagrun for example_short_circuit_operator to 2024-04-06 00:00:00+00:00, run_after=2024-04-07 00:00:00+00:00
[2024-04-07T15:09:56.877+0000] {processor.py:183} INFO - Processing /home/airflow/.local/lib/python3.8/site-packages/airflow/example_dags/example_short_circuit_operator.py took 0.252 seconds
[2024-04-07T15:10:27.878+0000] {processor.py:161} INFO - Started process (PID=3457) to work on /home/airflow/.local/lib/python3.8/site-packages/airflow/example_dags/example_short_circuit_operator.py
[2024-04-07T15:10:27.881+0000] {processor.py:830} INFO - Processing file /home/airflow/.local/lib/python3.8/site-packages/airflow/example_dags/example_short_circuit_operator.py for tasks to queue
[2024-04-07T15:10:27.885+0000] {logging_mixin.py:188} INFO - [2024-04-07T15:10:27.885+0000] {dagbag.py:540} INFO - Filling up the DagBag from /home/airflow/.local/lib/python3.8/site-packages/airflow/example_dags/example_short_circuit_operator.py
[2024-04-07T15:10:27.903+0000] {processor.py:840} INFO - DAG(s) 'example_short_circuit_operator' retrieved from /home/airflow/.local/lib/python3.8/site-packages/airflow/example_dags/example_short_circuit_operator.py
[2024-04-07T15:10:27.977+0000] {logging_mixin.py:188} INFO - [2024-04-07T15:10:27.976+0000] {dag.py:3047} INFO - Sync 1 DAGs
[2024-04-07T15:10:28.039+0000] {logging_mixin.py:188} INFO - [2024-04-07T15:10:28.039+0000] {dag.py:3834} INFO - Setting next_dagrun for example_short_circuit_operator to 2024-04-06 00:00:00+00:00, run_after=2024-04-07 00:00:00+00:00
[2024-04-07T15:10:28.105+0000] {processor.py:183} INFO - Processing /home/airflow/.local/lib/python3.8/site-packages/airflow/example_dags/example_short_circuit_operator.py took 0.236 seconds
[2024-04-07T15:10:58.847+0000] {processor.py:161} INFO - Started process (PID=3514) to work on /home/airflow/.local/lib/python3.8/site-packages/airflow/example_dags/example_short_circuit_operator.py
[2024-04-07T15:10:58.851+0000] {processor.py:830} INFO - Processing file /home/airflow/.local/lib/python3.8/site-packages/airflow/example_dags/example_short_circuit_operator.py for tasks to queue
[2024-04-07T15:10:58.857+0000] {logging_mixin.py:188} INFO - [2024-04-07T15:10:58.856+0000] {dagbag.py:540} INFO - Filling up the DagBag from /home/airflow/.local/lib/python3.8/site-packages/airflow/example_dags/example_short_circuit_operator.py
[2024-04-07T15:10:58.880+0000] {processor.py:840} INFO - DAG(s) 'example_short_circuit_operator' retrieved from /home/airflow/.local/lib/python3.8/site-packages/airflow/example_dags/example_short_circuit_operator.py
[2024-04-07T15:10:58.981+0000] {logging_mixin.py:188} INFO - [2024-04-07T15:10:58.981+0000] {dag.py:3047} INFO - Sync 1 DAGs
[2024-04-07T15:10:59.085+0000] {logging_mixin.py:188} INFO - [2024-04-07T15:10:59.085+0000] {dag.py:3834} INFO - Setting next_dagrun for example_short_circuit_operator to 2024-04-06 00:00:00+00:00, run_after=2024-04-07 00:00:00+00:00
[2024-04-07T15:10:59.209+0000] {processor.py:183} INFO - Processing /home/airflow/.local/lib/python3.8/site-packages/airflow/example_dags/example_short_circuit_operator.py took 0.368 seconds
[2024-04-07T15:11:29.794+0000] {processor.py:161} INFO - Started process (PID=3571) to work on /home/airflow/.local/lib/python3.8/site-packages/airflow/example_dags/example_short_circuit_operator.py
[2024-04-07T15:11:29.796+0000] {processor.py:830} INFO - Processing file /home/airflow/.local/lib/python3.8/site-packages/airflow/example_dags/example_short_circuit_operator.py for tasks to queue
[2024-04-07T15:11:29.800+0000] {logging_mixin.py:188} INFO - [2024-04-07T15:11:29.799+0000] {dagbag.py:540} INFO - Filling up the DagBag from /home/airflow/.local/lib/python3.8/site-packages/airflow/example_dags/example_short_circuit_operator.py
[2024-04-07T15:11:29.823+0000] {processor.py:840} INFO - DAG(s) 'example_short_circuit_operator' retrieved from /home/airflow/.local/lib/python3.8/site-packages/airflow/example_dags/example_short_circuit_operator.py
[2024-04-07T15:11:29.875+0000] {logging_mixin.py:188} INFO - [2024-04-07T15:11:29.874+0000] {dag.py:3047} INFO - Sync 1 DAGs
[2024-04-07T15:11:29.920+0000] {logging_mixin.py:188} INFO - [2024-04-07T15:11:29.919+0000] {dag.py:3834} INFO - Setting next_dagrun for example_short_circuit_operator to 2024-04-06 00:00:00+00:00, run_after=2024-04-07 00:00:00+00:00
[2024-04-07T15:11:29.972+0000] {processor.py:183} INFO - Processing /home/airflow/.local/lib/python3.8/site-packages/airflow/example_dags/example_short_circuit_operator.py took 0.185 seconds
[2024-04-07T15:12:00.229+0000] {processor.py:161} INFO - Started process (PID=3628) to work on /home/airflow/.local/lib/python3.8/site-packages/airflow/example_dags/example_short_circuit_operator.py
[2024-04-07T15:12:00.230+0000] {processor.py:830} INFO - Processing file /home/airflow/.local/lib/python3.8/site-packages/airflow/example_dags/example_short_circuit_operator.py for tasks to queue
[2024-04-07T15:12:00.234+0000] {logging_mixin.py:188} INFO - [2024-04-07T15:12:00.233+0000] {dagbag.py:540} INFO - Filling up the DagBag from /home/airflow/.local/lib/python3.8/site-packages/airflow/example_dags/example_short_circuit_operator.py
[2024-04-07T15:12:00.250+0000] {processor.py:840} INFO - DAG(s) 'example_short_circuit_operator' retrieved from /home/airflow/.local/lib/python3.8/site-packages/airflow/example_dags/example_short_circuit_operator.py
[2024-04-07T15:12:00.309+0000] {logging_mixin.py:188} INFO - [2024-04-07T15:12:00.309+0000] {dag.py:3047} INFO - Sync 1 DAGs
[2024-04-07T15:12:00.479+0000] {logging_mixin.py:188} INFO - [2024-04-07T15:12:00.478+0000] {dag.py:3834} INFO - Setting next_dagrun for example_short_circuit_operator to 2024-04-06 00:00:00+00:00, run_after=2024-04-07 00:00:00+00:00
[2024-04-07T15:12:00.608+0000] {processor.py:183} INFO - Processing /home/airflow/.local/lib/python3.8/site-packages/airflow/example_dags/example_short_circuit_operator.py took 0.384 seconds
