[2024-04-07T14:39:31.664+0000] {processor.py:161} INFO - Started process (PID=77) to work on /home/airflow/.local/lib/python3.8/site-packages/airflow/example_dags/example_short_circuit_decorator.py
[2024-04-07T14:39:31.667+0000] {processor.py:830} INFO - Processing file /home/airflow/.local/lib/python3.8/site-packages/airflow/example_dags/example_short_circuit_decorator.py for tasks to queue
[2024-04-07T14:39:31.680+0000] {logging_mixin.py:188} INFO - [2024-04-07T14:39:31.680+0000] {dagbag.py:540} INFO - Filling up the DagBag from /home/airflow/.local/lib/python3.8/site-packages/airflow/example_dags/example_short_circuit_decorator.py
[2024-04-07T14:39:31.873+0000] {processor.py:840} INFO - DAG(s) 'example_short_circuit_decorator' retrieved from /home/airflow/.local/lib/python3.8/site-packages/airflow/example_dags/example_short_circuit_decorator.py
[2024-04-07T14:39:32.032+0000] {logging_mixin.py:188} INFO - [2024-04-07T14:39:32.028+0000] {dag.py:3047} INFO - Sync 1 DAGs
[2024-04-07T14:39:32.196+0000] {logging_mixin.py:188} INFO - [2024-04-07T14:39:32.196+0000] {dag.py:3834} INFO - Setting next_dagrun for example_short_circuit_decorator to 2024-04-06 00:00:00+00:00, run_after=2024-04-07 00:00:00+00:00
[2024-04-07T14:39:32.351+0000] {processor.py:183} INFO - Processing /home/airflow/.local/lib/python3.8/site-packages/airflow/example_dags/example_short_circuit_decorator.py took 0.698 seconds
[2024-04-07T14:40:04.996+0000] {processor.py:161} INFO - Started process (PID=134) to work on /home/airflow/.local/lib/python3.8/site-packages/airflow/example_dags/example_short_circuit_decorator.py
[2024-04-07T14:40:04.998+0000] {processor.py:830} INFO - Processing file /home/airflow/.local/lib/python3.8/site-packages/airflow/example_dags/example_short_circuit_decorator.py for tasks to queue
[2024-04-07T14:40:05.002+0000] {logging_mixin.py:188} INFO - [2024-04-07T14:40:05.002+0000] {dagbag.py:540} INFO - Filling up the DagBag from /home/airflow/.local/lib/python3.8/site-packages/airflow/example_dags/example_short_circuit_decorator.py
[2024-04-07T14:40:05.034+0000] {processor.py:840} INFO - DAG(s) 'example_short_circuit_decorator' retrieved from /home/airflow/.local/lib/python3.8/site-packages/airflow/example_dags/example_short_circuit_decorator.py
[2024-04-07T14:40:05.104+0000] {logging_mixin.py:188} INFO - [2024-04-07T14:40:05.103+0000] {dag.py:3047} INFO - Sync 1 DAGs
[2024-04-07T14:40:05.198+0000] {logging_mixin.py:188} INFO - [2024-04-07T14:40:05.198+0000] {dag.py:3834} INFO - Setting next_dagrun for example_short_circuit_decorator to 2024-04-06 00:00:00+00:00, run_after=2024-04-07 00:00:00+00:00
[2024-04-07T14:40:07.419+0000] {processor.py:183} INFO - Processing /home/airflow/.local/lib/python3.8/site-packages/airflow/example_dags/example_short_circuit_decorator.py took 2.431 seconds
[2024-04-07T14:40:37.732+0000] {processor.py:161} INFO - Started process (PID=191) to work on /home/airflow/.local/lib/python3.8/site-packages/airflow/example_dags/example_short_circuit_decorator.py
[2024-04-07T14:40:37.734+0000] {processor.py:830} INFO - Processing file /home/airflow/.local/lib/python3.8/site-packages/airflow/example_dags/example_short_circuit_decorator.py for tasks to queue
[2024-04-07T14:40:37.737+0000] {logging_mixin.py:188} INFO - [2024-04-07T14:40:37.736+0000] {dagbag.py:540} INFO - Filling up the DagBag from /home/airflow/.local/lib/python3.8/site-packages/airflow/example_dags/example_short_circuit_decorator.py
[2024-04-07T14:40:37.753+0000] {processor.py:840} INFO - DAG(s) 'example_short_circuit_decorator' retrieved from /home/airflow/.local/lib/python3.8/site-packages/airflow/example_dags/example_short_circuit_decorator.py
[2024-04-07T14:40:37.815+0000] {logging_mixin.py:188} INFO - [2024-04-07T14:40:37.814+0000] {dag.py:3047} INFO - Sync 1 DAGs
[2024-04-07T14:40:37.906+0000] {logging_mixin.py:188} INFO - [2024-04-07T14:40:37.906+0000] {dag.py:3834} INFO - Setting next_dagrun for example_short_circuit_decorator to 2024-04-06 00:00:00+00:00, run_after=2024-04-07 00:00:00+00:00
[2024-04-07T14:40:38.201+0000] {processor.py:183} INFO - Processing /home/airflow/.local/lib/python3.8/site-packages/airflow/example_dags/example_short_circuit_decorator.py took 0.317 seconds
[2024-04-07T14:41:08.583+0000] {processor.py:161} INFO - Started process (PID=248) to work on /home/airflow/.local/lib/python3.8/site-packages/airflow/example_dags/example_short_circuit_decorator.py
[2024-04-07T14:41:08.595+0000] {processor.py:830} INFO - Processing file /home/airflow/.local/lib/python3.8/site-packages/airflow/example_dags/example_short_circuit_decorator.py for tasks to queue
[2024-04-07T14:41:08.601+0000] {logging_mixin.py:188} INFO - [2024-04-07T14:41:08.600+0000] {dagbag.py:540} INFO - Filling up the DagBag from /home/airflow/.local/lib/python3.8/site-packages/airflow/example_dags/example_short_circuit_decorator.py
[2024-04-07T14:41:08.638+0000] {processor.py:840} INFO - DAG(s) 'example_short_circuit_decorator' retrieved from /home/airflow/.local/lib/python3.8/site-packages/airflow/example_dags/example_short_circuit_decorator.py
[2024-04-07T14:41:08.682+0000] {logging_mixin.py:188} INFO - [2024-04-07T14:41:08.681+0000] {dag.py:3047} INFO - Sync 1 DAGs
[2024-04-07T14:41:08.718+0000] {logging_mixin.py:188} INFO - [2024-04-07T14:41:08.717+0000] {dag.py:3834} INFO - Setting next_dagrun for example_short_circuit_decorator to 2024-04-06 00:00:00+00:00, run_after=2024-04-07 00:00:00+00:00
[2024-04-07T14:41:08.859+0000] {processor.py:183} INFO - Processing /home/airflow/.local/lib/python3.8/site-packages/airflow/example_dags/example_short_circuit_decorator.py took 0.284 seconds
[2024-04-07T14:41:38.998+0000] {processor.py:161} INFO - Started process (PID=305) to work on /home/airflow/.local/lib/python3.8/site-packages/airflow/example_dags/example_short_circuit_decorator.py
[2024-04-07T14:41:39.001+0000] {processor.py:830} INFO - Processing file /home/airflow/.local/lib/python3.8/site-packages/airflow/example_dags/example_short_circuit_decorator.py for tasks to queue
[2024-04-07T14:41:39.009+0000] {logging_mixin.py:188} INFO - [2024-04-07T14:41:39.006+0000] {dagbag.py:540} INFO - Filling up the DagBag from /home/airflow/.local/lib/python3.8/site-packages/airflow/example_dags/example_short_circuit_decorator.py
[2024-04-07T14:41:39.046+0000] {processor.py:840} INFO - DAG(s) 'example_short_circuit_decorator' retrieved from /home/airflow/.local/lib/python3.8/site-packages/airflow/example_dags/example_short_circuit_decorator.py
[2024-04-07T14:41:39.121+0000] {logging_mixin.py:188} INFO - [2024-04-07T14:41:39.120+0000] {dag.py:3047} INFO - Sync 1 DAGs
[2024-04-07T14:41:39.202+0000] {logging_mixin.py:188} INFO - [2024-04-07T14:41:39.202+0000] {dag.py:3834} INFO - Setting next_dagrun for example_short_circuit_decorator to 2024-04-06 00:00:00+00:00, run_after=2024-04-07 00:00:00+00:00
[2024-04-07T14:41:39.294+0000] {processor.py:183} INFO - Processing /home/airflow/.local/lib/python3.8/site-packages/airflow/example_dags/example_short_circuit_decorator.py took 0.304 seconds
[2024-04-07T14:42:09.555+0000] {processor.py:161} INFO - Started process (PID=362) to work on /home/airflow/.local/lib/python3.8/site-packages/airflow/example_dags/example_short_circuit_decorator.py
[2024-04-07T14:42:09.558+0000] {processor.py:830} INFO - Processing file /home/airflow/.local/lib/python3.8/site-packages/airflow/example_dags/example_short_circuit_decorator.py for tasks to queue
[2024-04-07T14:42:09.562+0000] {logging_mixin.py:188} INFO - [2024-04-07T14:42:09.561+0000] {dagbag.py:540} INFO - Filling up the DagBag from /home/airflow/.local/lib/python3.8/site-packages/airflow/example_dags/example_short_circuit_decorator.py
[2024-04-07T14:42:09.591+0000] {processor.py:840} INFO - DAG(s) 'example_short_circuit_decorator' retrieved from /home/airflow/.local/lib/python3.8/site-packages/airflow/example_dags/example_short_circuit_decorator.py
[2024-04-07T14:42:09.666+0000] {logging_mixin.py:188} INFO - [2024-04-07T14:42:09.665+0000] {dag.py:3047} INFO - Sync 1 DAGs
[2024-04-07T14:42:09.733+0000] {logging_mixin.py:188} INFO - [2024-04-07T14:42:09.731+0000] {dag.py:3834} INFO - Setting next_dagrun for example_short_circuit_decorator to 2024-04-06 00:00:00+00:00, run_after=2024-04-07 00:00:00+00:00
[2024-04-07T14:42:09.795+0000] {processor.py:183} INFO - Processing /home/airflow/.local/lib/python3.8/site-packages/airflow/example_dags/example_short_circuit_decorator.py took 0.248 seconds
[2024-04-07T14:42:42.416+0000] {processor.py:161} INFO - Started process (PID=419) to work on /home/airflow/.local/lib/python3.8/site-packages/airflow/example_dags/example_short_circuit_decorator.py
[2024-04-07T14:42:42.430+0000] {processor.py:830} INFO - Processing file /home/airflow/.local/lib/python3.8/site-packages/airflow/example_dags/example_short_circuit_decorator.py for tasks to queue
[2024-04-07T14:42:42.445+0000] {logging_mixin.py:188} INFO - [2024-04-07T14:42:42.444+0000] {dagbag.py:540} INFO - Filling up the DagBag from /home/airflow/.local/lib/python3.8/site-packages/airflow/example_dags/example_short_circuit_decorator.py
[2024-04-07T14:42:42.528+0000] {processor.py:840} INFO - DAG(s) 'example_short_circuit_decorator' retrieved from /home/airflow/.local/lib/python3.8/site-packages/airflow/example_dags/example_short_circuit_decorator.py
[2024-04-07T14:42:42.714+0000] {logging_mixin.py:188} INFO - [2024-04-07T14:42:42.713+0000] {dag.py:3047} INFO - Sync 1 DAGs
[2024-04-07T14:42:42.911+0000] {logging_mixin.py:188} INFO - [2024-04-07T14:42:42.910+0000] {dag.py:3834} INFO - Setting next_dagrun for example_short_circuit_decorator to 2024-04-06 00:00:00+00:00, run_after=2024-04-07 00:00:00+00:00
[2024-04-07T14:42:43.509+0000] {processor.py:183} INFO - Processing /home/airflow/.local/lib/python3.8/site-packages/airflow/example_dags/example_short_circuit_decorator.py took 1.111 seconds
[2024-04-07T14:43:14.121+0000] {processor.py:161} INFO - Started process (PID=477) to work on /home/airflow/.local/lib/python3.8/site-packages/airflow/example_dags/example_short_circuit_decorator.py
[2024-04-07T14:43:14.127+0000] {processor.py:830} INFO - Processing file /home/airflow/.local/lib/python3.8/site-packages/airflow/example_dags/example_short_circuit_decorator.py for tasks to queue
[2024-04-07T14:43:14.130+0000] {logging_mixin.py:188} INFO - [2024-04-07T14:43:14.129+0000] {dagbag.py:540} INFO - Filling up the DagBag from /home/airflow/.local/lib/python3.8/site-packages/airflow/example_dags/example_short_circuit_decorator.py
[2024-04-07T14:43:14.151+0000] {processor.py:840} INFO - DAG(s) 'example_short_circuit_decorator' retrieved from /home/airflow/.local/lib/python3.8/site-packages/airflow/example_dags/example_short_circuit_decorator.py
[2024-04-07T14:43:14.211+0000] {logging_mixin.py:188} INFO - [2024-04-07T14:43:14.211+0000] {dag.py:3047} INFO - Sync 1 DAGs
[2024-04-07T14:43:14.269+0000] {logging_mixin.py:188} INFO - [2024-04-07T14:43:14.268+0000] {dag.py:3834} INFO - Setting next_dagrun for example_short_circuit_decorator to 2024-04-06 00:00:00+00:00, run_after=2024-04-07 00:00:00+00:00
[2024-04-07T14:43:14.313+0000] {processor.py:183} INFO - Processing /home/airflow/.local/lib/python3.8/site-packages/airflow/example_dags/example_short_circuit_decorator.py took 0.200 seconds
[2024-04-07T14:43:44.494+0000] {processor.py:161} INFO - Started process (PID=534) to work on /home/airflow/.local/lib/python3.8/site-packages/airflow/example_dags/example_short_circuit_decorator.py
[2024-04-07T14:43:44.496+0000] {processor.py:830} INFO - Processing file /home/airflow/.local/lib/python3.8/site-packages/airflow/example_dags/example_short_circuit_decorator.py for tasks to queue
[2024-04-07T14:43:44.502+0000] {logging_mixin.py:188} INFO - [2024-04-07T14:43:44.498+0000] {dagbag.py:540} INFO - Filling up the DagBag from /home/airflow/.local/lib/python3.8/site-packages/airflow/example_dags/example_short_circuit_decorator.py
[2024-04-07T14:43:44.520+0000] {processor.py:840} INFO - DAG(s) 'example_short_circuit_decorator' retrieved from /home/airflow/.local/lib/python3.8/site-packages/airflow/example_dags/example_short_circuit_decorator.py
[2024-04-07T14:43:44.559+0000] {logging_mixin.py:188} INFO - [2024-04-07T14:43:44.558+0000] {dag.py:3047} INFO - Sync 1 DAGs
[2024-04-07T14:43:44.597+0000] {logging_mixin.py:188} INFO - [2024-04-07T14:43:44.597+0000] {dag.py:3834} INFO - Setting next_dagrun for example_short_circuit_decorator to 2024-04-06 00:00:00+00:00, run_after=2024-04-07 00:00:00+00:00
[2024-04-07T14:43:44.664+0000] {processor.py:183} INFO - Processing /home/airflow/.local/lib/python3.8/site-packages/airflow/example_dags/example_short_circuit_decorator.py took 0.174 seconds
[2024-04-07T14:44:15.685+0000] {processor.py:161} INFO - Started process (PID=591) to work on /home/airflow/.local/lib/python3.8/site-packages/airflow/example_dags/example_short_circuit_decorator.py
[2024-04-07T14:44:15.690+0000] {processor.py:830} INFO - Processing file /home/airflow/.local/lib/python3.8/site-packages/airflow/example_dags/example_short_circuit_decorator.py for tasks to queue
[2024-04-07T14:44:15.703+0000] {logging_mixin.py:188} INFO - [2024-04-07T14:44:15.702+0000] {dagbag.py:540} INFO - Filling up the DagBag from /home/airflow/.local/lib/python3.8/site-packages/airflow/example_dags/example_short_circuit_decorator.py
[2024-04-07T14:44:15.766+0000] {processor.py:840} INFO - DAG(s) 'example_short_circuit_decorator' retrieved from /home/airflow/.local/lib/python3.8/site-packages/airflow/example_dags/example_short_circuit_decorator.py
[2024-04-07T14:44:15.915+0000] {logging_mixin.py:188} INFO - [2024-04-07T14:44:15.914+0000] {dag.py:3047} INFO - Sync 1 DAGs
[2024-04-07T14:44:16.072+0000] {logging_mixin.py:188} INFO - [2024-04-07T14:44:16.071+0000] {dag.py:3834} INFO - Setting next_dagrun for example_short_circuit_decorator to 2024-04-06 00:00:00+00:00, run_after=2024-04-07 00:00:00+00:00
[2024-04-07T14:44:16.185+0000] {processor.py:183} INFO - Processing /home/airflow/.local/lib/python3.8/site-packages/airflow/example_dags/example_short_circuit_decorator.py took 0.517 seconds
[2024-04-07T14:44:59.679+0000] {processor.py:161} INFO - Started process (PID=648) to work on /home/airflow/.local/lib/python3.8/site-packages/airflow/example_dags/example_short_circuit_decorator.py
[2024-04-07T14:44:59.681+0000] {processor.py:830} INFO - Processing file /home/airflow/.local/lib/python3.8/site-packages/airflow/example_dags/example_short_circuit_decorator.py for tasks to queue
[2024-04-07T14:44:59.686+0000] {logging_mixin.py:188} INFO - [2024-04-07T14:44:59.685+0000] {dagbag.py:540} INFO - Filling up the DagBag from /home/airflow/.local/lib/python3.8/site-packages/airflow/example_dags/example_short_circuit_decorator.py
[2024-04-07T14:44:59.702+0000] {processor.py:840} INFO - DAG(s) 'example_short_circuit_decorator' retrieved from /home/airflow/.local/lib/python3.8/site-packages/airflow/example_dags/example_short_circuit_decorator.py
[2024-04-07T14:44:59.747+0000] {logging_mixin.py:188} INFO - [2024-04-07T14:44:59.747+0000] {dag.py:3047} INFO - Sync 1 DAGs
[2024-04-07T14:44:59.787+0000] {logging_mixin.py:188} INFO - [2024-04-07T14:44:59.786+0000] {dag.py:3834} INFO - Setting next_dagrun for example_short_circuit_decorator to 2024-04-06 00:00:00+00:00, run_after=2024-04-07 00:00:00+00:00
[2024-04-07T14:45:00.931+0000] {processor.py:183} INFO - Processing /home/airflow/.local/lib/python3.8/site-packages/airflow/example_dags/example_short_circuit_decorator.py took 1.257 seconds
[2024-04-07T14:45:31.472+0000] {processor.py:161} INFO - Started process (PID=711) to work on /home/airflow/.local/lib/python3.8/site-packages/airflow/example_dags/example_short_circuit_decorator.py
[2024-04-07T14:45:31.474+0000] {processor.py:830} INFO - Processing file /home/airflow/.local/lib/python3.8/site-packages/airflow/example_dags/example_short_circuit_decorator.py for tasks to queue
[2024-04-07T14:45:31.478+0000] {logging_mixin.py:188} INFO - [2024-04-07T14:45:31.477+0000] {dagbag.py:540} INFO - Filling up the DagBag from /home/airflow/.local/lib/python3.8/site-packages/airflow/example_dags/example_short_circuit_decorator.py
[2024-04-07T14:45:31.505+0000] {processor.py:840} INFO - DAG(s) 'example_short_circuit_decorator' retrieved from /home/airflow/.local/lib/python3.8/site-packages/airflow/example_dags/example_short_circuit_decorator.py
[2024-04-07T14:45:31.565+0000] {logging_mixin.py:188} INFO - [2024-04-07T14:45:31.564+0000] {dag.py:3047} INFO - Sync 1 DAGs
[2024-04-07T14:45:31.613+0000] {logging_mixin.py:188} INFO - [2024-04-07T14:45:31.613+0000] {dag.py:3834} INFO - Setting next_dagrun for example_short_circuit_decorator to 2024-04-06 00:00:00+00:00, run_after=2024-04-07 00:00:00+00:00
[2024-04-07T14:45:31.664+0000] {processor.py:183} INFO - Processing /home/airflow/.local/lib/python3.8/site-packages/airflow/example_dags/example_short_circuit_decorator.py took 0.198 seconds
[2024-04-07T14:46:02.087+0000] {processor.py:161} INFO - Started process (PID=768) to work on /home/airflow/.local/lib/python3.8/site-packages/airflow/example_dags/example_short_circuit_decorator.py
[2024-04-07T14:46:02.090+0000] {processor.py:830} INFO - Processing file /home/airflow/.local/lib/python3.8/site-packages/airflow/example_dags/example_short_circuit_decorator.py for tasks to queue
[2024-04-07T14:46:02.096+0000] {logging_mixin.py:188} INFO - [2024-04-07T14:46:02.095+0000] {dagbag.py:540} INFO - Filling up the DagBag from /home/airflow/.local/lib/python3.8/site-packages/airflow/example_dags/example_short_circuit_decorator.py
[2024-04-07T14:46:02.114+0000] {processor.py:840} INFO - DAG(s) 'example_short_circuit_decorator' retrieved from /home/airflow/.local/lib/python3.8/site-packages/airflow/example_dags/example_short_circuit_decorator.py
[2024-04-07T14:46:02.166+0000] {logging_mixin.py:188} INFO - [2024-04-07T14:46:02.165+0000] {dag.py:3047} INFO - Sync 1 DAGs
[2024-04-07T14:46:02.296+0000] {logging_mixin.py:188} INFO - [2024-04-07T14:46:02.295+0000] {dag.py:3834} INFO - Setting next_dagrun for example_short_circuit_decorator to 2024-04-06 00:00:00+00:00, run_after=2024-04-07 00:00:00+00:00
[2024-04-07T14:46:02.391+0000] {processor.py:183} INFO - Processing /home/airflow/.local/lib/python3.8/site-packages/airflow/example_dags/example_short_circuit_decorator.py took 0.309 seconds
[2024-04-07T14:46:33.396+0000] {processor.py:161} INFO - Started process (PID=825) to work on /home/airflow/.local/lib/python3.8/site-packages/airflow/example_dags/example_short_circuit_decorator.py
[2024-04-07T14:46:33.412+0000] {processor.py:830} INFO - Processing file /home/airflow/.local/lib/python3.8/site-packages/airflow/example_dags/example_short_circuit_decorator.py for tasks to queue
[2024-04-07T14:46:33.416+0000] {logging_mixin.py:188} INFO - [2024-04-07T14:46:33.416+0000] {dagbag.py:540} INFO - Filling up the DagBag from /home/airflow/.local/lib/python3.8/site-packages/airflow/example_dags/example_short_circuit_decorator.py
[2024-04-07T14:46:33.473+0000] {processor.py:840} INFO - DAG(s) 'example_short_circuit_decorator' retrieved from /home/airflow/.local/lib/python3.8/site-packages/airflow/example_dags/example_short_circuit_decorator.py
[2024-04-07T14:46:33.710+0000] {logging_mixin.py:188} INFO - [2024-04-07T14:46:33.709+0000] {dag.py:3047} INFO - Sync 1 DAGs
[2024-04-07T14:46:33.954+0000] {logging_mixin.py:188} INFO - [2024-04-07T14:46:33.954+0000] {dag.py:3834} INFO - Setting next_dagrun for example_short_circuit_decorator to 2024-04-06 00:00:00+00:00, run_after=2024-04-07 00:00:00+00:00
[2024-04-07T14:46:34.343+0000] {processor.py:183} INFO - Processing /home/airflow/.local/lib/python3.8/site-packages/airflow/example_dags/example_short_circuit_decorator.py took 0.960 seconds
[2024-04-07T14:47:04.830+0000] {processor.py:161} INFO - Started process (PID=882) to work on /home/airflow/.local/lib/python3.8/site-packages/airflow/example_dags/example_short_circuit_decorator.py
[2024-04-07T14:47:04.832+0000] {processor.py:830} INFO - Processing file /home/airflow/.local/lib/python3.8/site-packages/airflow/example_dags/example_short_circuit_decorator.py for tasks to queue
[2024-04-07T14:47:04.835+0000] {logging_mixin.py:188} INFO - [2024-04-07T14:47:04.834+0000] {dagbag.py:540} INFO - Filling up the DagBag from /home/airflow/.local/lib/python3.8/site-packages/airflow/example_dags/example_short_circuit_decorator.py
[2024-04-07T14:47:04.850+0000] {processor.py:840} INFO - DAG(s) 'example_short_circuit_decorator' retrieved from /home/airflow/.local/lib/python3.8/site-packages/airflow/example_dags/example_short_circuit_decorator.py
[2024-04-07T14:47:04.886+0000] {logging_mixin.py:188} INFO - [2024-04-07T14:47:04.886+0000] {dag.py:3047} INFO - Sync 1 DAGs
[2024-04-07T14:47:04.928+0000] {logging_mixin.py:188} INFO - [2024-04-07T14:47:04.927+0000] {dag.py:3834} INFO - Setting next_dagrun for example_short_circuit_decorator to 2024-04-06 00:00:00+00:00, run_after=2024-04-07 00:00:00+00:00
[2024-04-07T14:47:04.964+0000] {processor.py:183} INFO - Processing /home/airflow/.local/lib/python3.8/site-packages/airflow/example_dags/example_short_circuit_decorator.py took 0.140 seconds
[2024-04-07T14:47:35.258+0000] {processor.py:161} INFO - Started process (PID=939) to work on /home/airflow/.local/lib/python3.8/site-packages/airflow/example_dags/example_short_circuit_decorator.py
[2024-04-07T14:47:35.261+0000] {processor.py:830} INFO - Processing file /home/airflow/.local/lib/python3.8/site-packages/airflow/example_dags/example_short_circuit_decorator.py for tasks to queue
[2024-04-07T14:47:35.264+0000] {logging_mixin.py:188} INFO - [2024-04-07T14:47:35.263+0000] {dagbag.py:540} INFO - Filling up the DagBag from /home/airflow/.local/lib/python3.8/site-packages/airflow/example_dags/example_short_circuit_decorator.py
[2024-04-07T14:47:35.283+0000] {processor.py:840} INFO - DAG(s) 'example_short_circuit_decorator' retrieved from /home/airflow/.local/lib/python3.8/site-packages/airflow/example_dags/example_short_circuit_decorator.py
[2024-04-07T14:47:35.322+0000] {logging_mixin.py:188} INFO - [2024-04-07T14:47:35.321+0000] {dag.py:3047} INFO - Sync 1 DAGs
[2024-04-07T14:47:35.355+0000] {logging_mixin.py:188} INFO - [2024-04-07T14:47:35.355+0000] {dag.py:3834} INFO - Setting next_dagrun for example_short_circuit_decorator to 2024-04-06 00:00:00+00:00, run_after=2024-04-07 00:00:00+00:00
[2024-04-07T14:47:35.385+0000] {processor.py:183} INFO - Processing /home/airflow/.local/lib/python3.8/site-packages/airflow/example_dags/example_short_circuit_decorator.py took 0.132 seconds
[2024-04-07T14:48:06.121+0000] {processor.py:161} INFO - Started process (PID=996) to work on /home/airflow/.local/lib/python3.8/site-packages/airflow/example_dags/example_short_circuit_decorator.py
[2024-04-07T14:48:06.123+0000] {processor.py:830} INFO - Processing file /home/airflow/.local/lib/python3.8/site-packages/airflow/example_dags/example_short_circuit_decorator.py for tasks to queue
[2024-04-07T14:48:06.129+0000] {logging_mixin.py:188} INFO - [2024-04-07T14:48:06.127+0000] {dagbag.py:540} INFO - Filling up the DagBag from /home/airflow/.local/lib/python3.8/site-packages/airflow/example_dags/example_short_circuit_decorator.py
[2024-04-07T14:48:06.146+0000] {processor.py:840} INFO - DAG(s) 'example_short_circuit_decorator' retrieved from /home/airflow/.local/lib/python3.8/site-packages/airflow/example_dags/example_short_circuit_decorator.py
[2024-04-07T14:48:06.195+0000] {logging_mixin.py:188} INFO - [2024-04-07T14:48:06.194+0000] {dag.py:3047} INFO - Sync 1 DAGs
[2024-04-07T14:48:06.232+0000] {logging_mixin.py:188} INFO - [2024-04-07T14:48:06.232+0000] {dag.py:3834} INFO - Setting next_dagrun for example_short_circuit_decorator to 2024-04-06 00:00:00+00:00, run_after=2024-04-07 00:00:00+00:00
[2024-04-07T14:48:06.279+0000] {processor.py:183} INFO - Processing /home/airflow/.local/lib/python3.8/site-packages/airflow/example_dags/example_short_circuit_decorator.py took 0.164 seconds
[2024-04-07T14:48:36.523+0000] {processor.py:161} INFO - Started process (PID=1051) to work on /home/airflow/.local/lib/python3.8/site-packages/airflow/example_dags/example_short_circuit_decorator.py
[2024-04-07T14:48:36.524+0000] {processor.py:830} INFO - Processing file /home/airflow/.local/lib/python3.8/site-packages/airflow/example_dags/example_short_circuit_decorator.py for tasks to queue
[2024-04-07T14:48:36.528+0000] {logging_mixin.py:188} INFO - [2024-04-07T14:48:36.527+0000] {dagbag.py:540} INFO - Filling up the DagBag from /home/airflow/.local/lib/python3.8/site-packages/airflow/example_dags/example_short_circuit_decorator.py
[2024-04-07T14:48:36.548+0000] {processor.py:840} INFO - DAG(s) 'example_short_circuit_decorator' retrieved from /home/airflow/.local/lib/python3.8/site-packages/airflow/example_dags/example_short_circuit_decorator.py
[2024-04-07T14:48:36.589+0000] {logging_mixin.py:188} INFO - [2024-04-07T14:48:36.589+0000] {dag.py:3047} INFO - Sync 1 DAGs
[2024-04-07T14:48:36.629+0000] {logging_mixin.py:188} INFO - [2024-04-07T14:48:36.628+0000] {dag.py:3834} INFO - Setting next_dagrun for example_short_circuit_decorator to 2024-04-06 00:00:00+00:00, run_after=2024-04-07 00:00:00+00:00
[2024-04-07T14:48:36.668+0000] {processor.py:183} INFO - Processing /home/airflow/.local/lib/python3.8/site-packages/airflow/example_dags/example_short_circuit_decorator.py took 0.152 seconds
[2024-04-07T14:49:07.084+0000] {processor.py:161} INFO - Started process (PID=1108) to work on /home/airflow/.local/lib/python3.8/site-packages/airflow/example_dags/example_short_circuit_decorator.py
[2024-04-07T14:49:07.086+0000] {processor.py:830} INFO - Processing file /home/airflow/.local/lib/python3.8/site-packages/airflow/example_dags/example_short_circuit_decorator.py for tasks to queue
[2024-04-07T14:49:07.100+0000] {logging_mixin.py:188} INFO - [2024-04-07T14:49:07.100+0000] {dagbag.py:540} INFO - Filling up the DagBag from /home/airflow/.local/lib/python3.8/site-packages/airflow/example_dags/example_short_circuit_decorator.py
[2024-04-07T14:49:07.143+0000] {processor.py:840} INFO - DAG(s) 'example_short_circuit_decorator' retrieved from /home/airflow/.local/lib/python3.8/site-packages/airflow/example_dags/example_short_circuit_decorator.py
[2024-04-07T14:49:07.251+0000] {logging_mixin.py:188} INFO - [2024-04-07T14:49:07.250+0000] {dag.py:3047} INFO - Sync 1 DAGs
[2024-04-07T14:49:07.392+0000] {logging_mixin.py:188} INFO - [2024-04-07T14:49:07.391+0000] {dag.py:3834} INFO - Setting next_dagrun for example_short_circuit_decorator to 2024-04-06 00:00:00+00:00, run_after=2024-04-07 00:00:00+00:00
[2024-04-07T14:49:07.512+0000] {processor.py:183} INFO - Processing /home/airflow/.local/lib/python3.8/site-packages/airflow/example_dags/example_short_circuit_decorator.py took 0.448 seconds
[2024-04-07T14:49:37.986+0000] {processor.py:161} INFO - Started process (PID=1165) to work on /home/airflow/.local/lib/python3.8/site-packages/airflow/example_dags/example_short_circuit_decorator.py
[2024-04-07T14:49:37.988+0000] {processor.py:830} INFO - Processing file /home/airflow/.local/lib/python3.8/site-packages/airflow/example_dags/example_short_circuit_decorator.py for tasks to queue
[2024-04-07T14:49:37.991+0000] {logging_mixin.py:188} INFO - [2024-04-07T14:49:37.990+0000] {dagbag.py:540} INFO - Filling up the DagBag from /home/airflow/.local/lib/python3.8/site-packages/airflow/example_dags/example_short_circuit_decorator.py
[2024-04-07T14:49:38.005+0000] {processor.py:840} INFO - DAG(s) 'example_short_circuit_decorator' retrieved from /home/airflow/.local/lib/python3.8/site-packages/airflow/example_dags/example_short_circuit_decorator.py
[2024-04-07T14:49:38.045+0000] {logging_mixin.py:188} INFO - [2024-04-07T14:49:38.045+0000] {dag.py:3047} INFO - Sync 1 DAGs
[2024-04-07T14:49:38.180+0000] {logging_mixin.py:188} INFO - [2024-04-07T14:49:38.179+0000] {dag.py:3834} INFO - Setting next_dagrun for example_short_circuit_decorator to 2024-04-06 00:00:00+00:00, run_after=2024-04-07 00:00:00+00:00
[2024-04-07T14:49:38.287+0000] {processor.py:183} INFO - Processing /home/airflow/.local/lib/python3.8/site-packages/airflow/example_dags/example_short_circuit_decorator.py took 0.306 seconds
[2024-04-07T14:50:08.479+0000] {processor.py:161} INFO - Started process (PID=1222) to work on /home/airflow/.local/lib/python3.8/site-packages/airflow/example_dags/example_short_circuit_decorator.py
[2024-04-07T14:50:08.481+0000] {processor.py:830} INFO - Processing file /home/airflow/.local/lib/python3.8/site-packages/airflow/example_dags/example_short_circuit_decorator.py for tasks to queue
[2024-04-07T14:50:08.494+0000] {logging_mixin.py:188} INFO - [2024-04-07T14:50:08.494+0000] {dagbag.py:540} INFO - Filling up the DagBag from /home/airflow/.local/lib/python3.8/site-packages/airflow/example_dags/example_short_circuit_decorator.py
[2024-04-07T14:50:08.538+0000] {processor.py:840} INFO - DAG(s) 'example_short_circuit_decorator' retrieved from /home/airflow/.local/lib/python3.8/site-packages/airflow/example_dags/example_short_circuit_decorator.py
[2024-04-07T14:50:08.593+0000] {logging_mixin.py:188} INFO - [2024-04-07T14:50:08.593+0000] {dag.py:3047} INFO - Sync 1 DAGs
[2024-04-07T14:50:08.647+0000] {logging_mixin.py:188} INFO - [2024-04-07T14:50:08.645+0000] {dag.py:3834} INFO - Setting next_dagrun for example_short_circuit_decorator to 2024-04-06 00:00:00+00:00, run_after=2024-04-07 00:00:00+00:00
[2024-04-07T14:50:08.715+0000] {processor.py:183} INFO - Processing /home/airflow/.local/lib/python3.8/site-packages/airflow/example_dags/example_short_circuit_decorator.py took 0.258 seconds
[2024-04-07T14:50:39.455+0000] {processor.py:161} INFO - Started process (PID=1280) to work on /home/airflow/.local/lib/python3.8/site-packages/airflow/example_dags/example_short_circuit_decorator.py
[2024-04-07T14:50:39.458+0000] {processor.py:830} INFO - Processing file /home/airflow/.local/lib/python3.8/site-packages/airflow/example_dags/example_short_circuit_decorator.py for tasks to queue
[2024-04-07T14:50:39.462+0000] {logging_mixin.py:188} INFO - [2024-04-07T14:50:39.461+0000] {dagbag.py:540} INFO - Filling up the DagBag from /home/airflow/.local/lib/python3.8/site-packages/airflow/example_dags/example_short_circuit_decorator.py
[2024-04-07T14:50:39.496+0000] {processor.py:840} INFO - DAG(s) 'example_short_circuit_decorator' retrieved from /home/airflow/.local/lib/python3.8/site-packages/airflow/example_dags/example_short_circuit_decorator.py
[2024-04-07T14:50:39.569+0000] {logging_mixin.py:188} INFO - [2024-04-07T14:50:39.569+0000] {dag.py:3047} INFO - Sync 1 DAGs
[2024-04-07T14:50:39.674+0000] {logging_mixin.py:188} INFO - [2024-04-07T14:50:39.674+0000] {dag.py:3834} INFO - Setting next_dagrun for example_short_circuit_decorator to 2024-04-06 00:00:00+00:00, run_after=2024-04-07 00:00:00+00:00
[2024-04-07T14:50:39.755+0000] {processor.py:183} INFO - Processing /home/airflow/.local/lib/python3.8/site-packages/airflow/example_dags/example_short_circuit_decorator.py took 0.309 seconds
[2024-04-07T14:51:10.085+0000] {processor.py:161} INFO - Started process (PID=1336) to work on /home/airflow/.local/lib/python3.8/site-packages/airflow/example_dags/example_short_circuit_decorator.py
[2024-04-07T14:51:10.095+0000] {processor.py:830} INFO - Processing file /home/airflow/.local/lib/python3.8/site-packages/airflow/example_dags/example_short_circuit_decorator.py for tasks to queue
[2024-04-07T14:51:10.105+0000] {logging_mixin.py:188} INFO - [2024-04-07T14:51:10.104+0000] {dagbag.py:540} INFO - Filling up the DagBag from /home/airflow/.local/lib/python3.8/site-packages/airflow/example_dags/example_short_circuit_decorator.py
[2024-04-07T14:51:10.164+0000] {processor.py:840} INFO - DAG(s) 'example_short_circuit_decorator' retrieved from /home/airflow/.local/lib/python3.8/site-packages/airflow/example_dags/example_short_circuit_decorator.py
[2024-04-07T14:51:10.274+0000] {logging_mixin.py:188} INFO - [2024-04-07T14:51:10.274+0000] {dag.py:3047} INFO - Sync 1 DAGs
[2024-04-07T14:51:10.341+0000] {logging_mixin.py:188} INFO - [2024-04-07T14:51:10.339+0000] {dag.py:3834} INFO - Setting next_dagrun for example_short_circuit_decorator to 2024-04-06 00:00:00+00:00, run_after=2024-04-07 00:00:00+00:00
[2024-04-07T14:51:10.582+0000] {processor.py:183} INFO - Processing /home/airflow/.local/lib/python3.8/site-packages/airflow/example_dags/example_short_circuit_decorator.py took 0.502 seconds
[2024-04-07T14:51:40.910+0000] {processor.py:161} INFO - Started process (PID=1394) to work on /home/airflow/.local/lib/python3.8/site-packages/airflow/example_dags/example_short_circuit_decorator.py
[2024-04-07T14:51:40.913+0000] {processor.py:830} INFO - Processing file /home/airflow/.local/lib/python3.8/site-packages/airflow/example_dags/example_short_circuit_decorator.py for tasks to queue
[2024-04-07T14:51:40.918+0000] {logging_mixin.py:188} INFO - [2024-04-07T14:51:40.917+0000] {dagbag.py:540} INFO - Filling up the DagBag from /home/airflow/.local/lib/python3.8/site-packages/airflow/example_dags/example_short_circuit_decorator.py
[2024-04-07T14:51:40.959+0000] {processor.py:840} INFO - DAG(s) 'example_short_circuit_decorator' retrieved from /home/airflow/.local/lib/python3.8/site-packages/airflow/example_dags/example_short_circuit_decorator.py
[2024-04-07T14:51:41.051+0000] {logging_mixin.py:188} INFO - [2024-04-07T14:51:41.050+0000] {dag.py:3047} INFO - Sync 1 DAGs
[2024-04-07T14:51:41.123+0000] {logging_mixin.py:188} INFO - [2024-04-07T14:51:41.116+0000] {dag.py:3834} INFO - Setting next_dagrun for example_short_circuit_decorator to 2024-04-06 00:00:00+00:00, run_after=2024-04-07 00:00:00+00:00
[2024-04-07T14:51:41.240+0000] {processor.py:183} INFO - Processing /home/airflow/.local/lib/python3.8/site-packages/airflow/example_dags/example_short_circuit_decorator.py took 0.337 seconds
[2024-04-07T14:52:11.812+0000] {processor.py:161} INFO - Started process (PID=1451) to work on /home/airflow/.local/lib/python3.8/site-packages/airflow/example_dags/example_short_circuit_decorator.py
[2024-04-07T14:52:11.815+0000] {processor.py:830} INFO - Processing file /home/airflow/.local/lib/python3.8/site-packages/airflow/example_dags/example_short_circuit_decorator.py for tasks to queue
[2024-04-07T14:52:11.830+0000] {logging_mixin.py:188} INFO - [2024-04-07T14:52:11.829+0000] {dagbag.py:540} INFO - Filling up the DagBag from /home/airflow/.local/lib/python3.8/site-packages/airflow/example_dags/example_short_circuit_decorator.py
[2024-04-07T14:52:11.873+0000] {processor.py:840} INFO - DAG(s) 'example_short_circuit_decorator' retrieved from /home/airflow/.local/lib/python3.8/site-packages/airflow/example_dags/example_short_circuit_decorator.py
[2024-04-07T14:52:11.950+0000] {logging_mixin.py:188} INFO - [2024-04-07T14:52:11.949+0000] {dag.py:3047} INFO - Sync 1 DAGs
[2024-04-07T14:52:12.019+0000] {logging_mixin.py:188} INFO - [2024-04-07T14:52:12.018+0000] {dag.py:3834} INFO - Setting next_dagrun for example_short_circuit_decorator to 2024-04-06 00:00:00+00:00, run_after=2024-04-07 00:00:00+00:00
[2024-04-07T14:52:12.057+0000] {processor.py:183} INFO - Processing /home/airflow/.local/lib/python3.8/site-packages/airflow/example_dags/example_short_circuit_decorator.py took 0.264 seconds
[2024-04-07T14:52:42.515+0000] {processor.py:161} INFO - Started process (PID=1508) to work on /home/airflow/.local/lib/python3.8/site-packages/airflow/example_dags/example_short_circuit_decorator.py
[2024-04-07T14:52:42.518+0000] {processor.py:830} INFO - Processing file /home/airflow/.local/lib/python3.8/site-packages/airflow/example_dags/example_short_circuit_decorator.py for tasks to queue
[2024-04-07T14:52:42.522+0000] {logging_mixin.py:188} INFO - [2024-04-07T14:52:42.521+0000] {dagbag.py:540} INFO - Filling up the DagBag from /home/airflow/.local/lib/python3.8/site-packages/airflow/example_dags/example_short_circuit_decorator.py
[2024-04-07T14:52:42.550+0000] {processor.py:840} INFO - DAG(s) 'example_short_circuit_decorator' retrieved from /home/airflow/.local/lib/python3.8/site-packages/airflow/example_dags/example_short_circuit_decorator.py
[2024-04-07T14:52:42.605+0000] {logging_mixin.py:188} INFO - [2024-04-07T14:52:42.604+0000] {dag.py:3047} INFO - Sync 1 DAGs
[2024-04-07T14:52:42.662+0000] {logging_mixin.py:188} INFO - [2024-04-07T14:52:42.661+0000] {dag.py:3834} INFO - Setting next_dagrun for example_short_circuit_decorator to 2024-04-06 00:00:00+00:00, run_after=2024-04-07 00:00:00+00:00
[2024-04-07T14:52:42.723+0000] {processor.py:183} INFO - Processing /home/airflow/.local/lib/python3.8/site-packages/airflow/example_dags/example_short_circuit_decorator.py took 0.219 seconds
[2024-04-07T14:53:12.852+0000] {processor.py:161} INFO - Started process (PID=1565) to work on /home/airflow/.local/lib/python3.8/site-packages/airflow/example_dags/example_short_circuit_decorator.py
[2024-04-07T14:53:12.855+0000] {processor.py:830} INFO - Processing file /home/airflow/.local/lib/python3.8/site-packages/airflow/example_dags/example_short_circuit_decorator.py for tasks to queue
[2024-04-07T14:53:12.859+0000] {logging_mixin.py:188} INFO - [2024-04-07T14:53:12.859+0000] {dagbag.py:540} INFO - Filling up the DagBag from /home/airflow/.local/lib/python3.8/site-packages/airflow/example_dags/example_short_circuit_decorator.py
[2024-04-07T14:53:12.880+0000] {processor.py:840} INFO - DAG(s) 'example_short_circuit_decorator' retrieved from /home/airflow/.local/lib/python3.8/site-packages/airflow/example_dags/example_short_circuit_decorator.py
[2024-04-07T14:53:12.927+0000] {logging_mixin.py:188} INFO - [2024-04-07T14:53:12.927+0000] {dag.py:3047} INFO - Sync 1 DAGs
[2024-04-07T14:53:12.970+0000] {logging_mixin.py:188} INFO - [2024-04-07T14:53:12.970+0000] {dag.py:3834} INFO - Setting next_dagrun for example_short_circuit_decorator to 2024-04-06 00:00:00+00:00, run_after=2024-04-07 00:00:00+00:00
[2024-04-07T14:53:13.016+0000] {processor.py:183} INFO - Processing /home/airflow/.local/lib/python3.8/site-packages/airflow/example_dags/example_short_circuit_decorator.py took 0.171 seconds
[2024-04-07T14:53:43.935+0000] {processor.py:161} INFO - Started process (PID=1622) to work on /home/airflow/.local/lib/python3.8/site-packages/airflow/example_dags/example_short_circuit_decorator.py
[2024-04-07T14:53:43.937+0000] {processor.py:830} INFO - Processing file /home/airflow/.local/lib/python3.8/site-packages/airflow/example_dags/example_short_circuit_decorator.py for tasks to queue
[2024-04-07T14:53:43.940+0000] {logging_mixin.py:188} INFO - [2024-04-07T14:53:43.939+0000] {dagbag.py:540} INFO - Filling up the DagBag from /home/airflow/.local/lib/python3.8/site-packages/airflow/example_dags/example_short_circuit_decorator.py
[2024-04-07T14:53:43.960+0000] {processor.py:840} INFO - DAG(s) 'example_short_circuit_decorator' retrieved from /home/airflow/.local/lib/python3.8/site-packages/airflow/example_dags/example_short_circuit_decorator.py
[2024-04-07T14:53:44.029+0000] {logging_mixin.py:188} INFO - [2024-04-07T14:53:44.028+0000] {dag.py:3047} INFO - Sync 1 DAGs
[2024-04-07T14:53:44.093+0000] {logging_mixin.py:188} INFO - [2024-04-07T14:53:44.093+0000] {dag.py:3834} INFO - Setting next_dagrun for example_short_circuit_decorator to 2024-04-06 00:00:00+00:00, run_after=2024-04-07 00:00:00+00:00
[2024-04-07T14:53:44.185+0000] {processor.py:183} INFO - Processing /home/airflow/.local/lib/python3.8/site-packages/airflow/example_dags/example_short_circuit_decorator.py took 0.257 seconds
[2024-04-07T14:54:14.897+0000] {processor.py:161} INFO - Started process (PID=1679) to work on /home/airflow/.local/lib/python3.8/site-packages/airflow/example_dags/example_short_circuit_decorator.py
[2024-04-07T14:54:14.902+0000] {processor.py:830} INFO - Processing file /home/airflow/.local/lib/python3.8/site-packages/airflow/example_dags/example_short_circuit_decorator.py for tasks to queue
[2024-04-07T14:54:14.906+0000] {logging_mixin.py:188} INFO - [2024-04-07T14:54:14.905+0000] {dagbag.py:540} INFO - Filling up the DagBag from /home/airflow/.local/lib/python3.8/site-packages/airflow/example_dags/example_short_circuit_decorator.py
[2024-04-07T14:54:14.936+0000] {processor.py:840} INFO - DAG(s) 'example_short_circuit_decorator' retrieved from /home/airflow/.local/lib/python3.8/site-packages/airflow/example_dags/example_short_circuit_decorator.py
[2024-04-07T14:54:15.011+0000] {logging_mixin.py:188} INFO - [2024-04-07T14:54:15.011+0000] {dag.py:3047} INFO - Sync 1 DAGs
[2024-04-07T14:54:15.079+0000] {logging_mixin.py:188} INFO - [2024-04-07T14:54:15.079+0000] {dag.py:3834} INFO - Setting next_dagrun for example_short_circuit_decorator to 2024-04-06 00:00:00+00:00, run_after=2024-04-07 00:00:00+00:00
[2024-04-07T14:54:15.152+0000] {processor.py:183} INFO - Processing /home/airflow/.local/lib/python3.8/site-packages/airflow/example_dags/example_short_circuit_decorator.py took 0.261 seconds
[2024-04-07T14:54:46.041+0000] {processor.py:161} INFO - Started process (PID=1736) to work on /home/airflow/.local/lib/python3.8/site-packages/airflow/example_dags/example_short_circuit_decorator.py
[2024-04-07T14:54:46.043+0000] {processor.py:830} INFO - Processing file /home/airflow/.local/lib/python3.8/site-packages/airflow/example_dags/example_short_circuit_decorator.py for tasks to queue
[2024-04-07T14:54:46.047+0000] {logging_mixin.py:188} INFO - [2024-04-07T14:54:46.046+0000] {dagbag.py:540} INFO - Filling up the DagBag from /home/airflow/.local/lib/python3.8/site-packages/airflow/example_dags/example_short_circuit_decorator.py
[2024-04-07T14:54:46.077+0000] {processor.py:840} INFO - DAG(s) 'example_short_circuit_decorator' retrieved from /home/airflow/.local/lib/python3.8/site-packages/airflow/example_dags/example_short_circuit_decorator.py
[2024-04-07T14:54:46.166+0000] {logging_mixin.py:188} INFO - [2024-04-07T14:54:46.165+0000] {dag.py:3047} INFO - Sync 1 DAGs
[2024-04-07T14:54:46.226+0000] {logging_mixin.py:188} INFO - [2024-04-07T14:54:46.225+0000] {dag.py:3834} INFO - Setting next_dagrun for example_short_circuit_decorator to 2024-04-06 00:00:00+00:00, run_after=2024-04-07 00:00:00+00:00
[2024-04-07T14:54:46.269+0000] {processor.py:183} INFO - Processing /home/airflow/.local/lib/python3.8/site-packages/airflow/example_dags/example_short_circuit_decorator.py took 0.237 seconds
[2024-04-07T14:55:17.392+0000] {processor.py:161} INFO - Started process (PID=1792) to work on /home/airflow/.local/lib/python3.8/site-packages/airflow/example_dags/example_short_circuit_decorator.py
[2024-04-07T14:55:17.403+0000] {processor.py:830} INFO - Processing file /home/airflow/.local/lib/python3.8/site-packages/airflow/example_dags/example_short_circuit_decorator.py for tasks to queue
[2024-04-07T14:55:17.409+0000] {logging_mixin.py:188} INFO - [2024-04-07T14:55:17.408+0000] {dagbag.py:540} INFO - Filling up the DagBag from /home/airflow/.local/lib/python3.8/site-packages/airflow/example_dags/example_short_circuit_decorator.py
[2024-04-07T14:55:17.464+0000] {processor.py:840} INFO - DAG(s) 'example_short_circuit_decorator' retrieved from /home/airflow/.local/lib/python3.8/site-packages/airflow/example_dags/example_short_circuit_decorator.py
[2024-04-07T14:55:17.614+0000] {logging_mixin.py:188} INFO - [2024-04-07T14:55:17.613+0000] {dag.py:3047} INFO - Sync 1 DAGs
[2024-04-07T14:55:17.678+0000] {logging_mixin.py:188} INFO - [2024-04-07T14:55:17.678+0000] {dag.py:3834} INFO - Setting next_dagrun for example_short_circuit_decorator to 2024-04-06 00:00:00+00:00, run_after=2024-04-07 00:00:00+00:00
[2024-04-07T14:55:17.719+0000] {processor.py:183} INFO - Processing /home/airflow/.local/lib/python3.8/site-packages/airflow/example_dags/example_short_circuit_decorator.py took 0.336 seconds
[2024-04-07T14:55:48.349+0000] {processor.py:161} INFO - Started process (PID=1849) to work on /home/airflow/.local/lib/python3.8/site-packages/airflow/example_dags/example_short_circuit_decorator.py
[2024-04-07T14:55:48.351+0000] {processor.py:830} INFO - Processing file /home/airflow/.local/lib/python3.8/site-packages/airflow/example_dags/example_short_circuit_decorator.py for tasks to queue
[2024-04-07T14:55:48.355+0000] {logging_mixin.py:188} INFO - [2024-04-07T14:55:48.354+0000] {dagbag.py:540} INFO - Filling up the DagBag from /home/airflow/.local/lib/python3.8/site-packages/airflow/example_dags/example_short_circuit_decorator.py
[2024-04-07T14:55:48.374+0000] {processor.py:840} INFO - DAG(s) 'example_short_circuit_decorator' retrieved from /home/airflow/.local/lib/python3.8/site-packages/airflow/example_dags/example_short_circuit_decorator.py
[2024-04-07T14:55:48.413+0000] {logging_mixin.py:188} INFO - [2024-04-07T14:55:48.413+0000] {dag.py:3047} INFO - Sync 1 DAGs
[2024-04-07T14:55:48.450+0000] {logging_mixin.py:188} INFO - [2024-04-07T14:55:48.450+0000] {dag.py:3834} INFO - Setting next_dagrun for example_short_circuit_decorator to 2024-04-06 00:00:00+00:00, run_after=2024-04-07 00:00:00+00:00
[2024-04-07T14:55:48.490+0000] {processor.py:183} INFO - Processing /home/airflow/.local/lib/python3.8/site-packages/airflow/example_dags/example_short_circuit_decorator.py took 0.147 seconds
[2024-04-07T14:56:18.594+0000] {processor.py:161} INFO - Started process (PID=1907) to work on /home/airflow/.local/lib/python3.8/site-packages/airflow/example_dags/example_short_circuit_decorator.py
[2024-04-07T14:56:18.596+0000] {processor.py:830} INFO - Processing file /home/airflow/.local/lib/python3.8/site-packages/airflow/example_dags/example_short_circuit_decorator.py for tasks to queue
[2024-04-07T14:56:18.599+0000] {logging_mixin.py:188} INFO - [2024-04-07T14:56:18.598+0000] {dagbag.py:540} INFO - Filling up the DagBag from /home/airflow/.local/lib/python3.8/site-packages/airflow/example_dags/example_short_circuit_decorator.py
[2024-04-07T14:56:18.612+0000] {processor.py:840} INFO - DAG(s) 'example_short_circuit_decorator' retrieved from /home/airflow/.local/lib/python3.8/site-packages/airflow/example_dags/example_short_circuit_decorator.py
[2024-04-07T14:56:18.647+0000] {logging_mixin.py:188} INFO - [2024-04-07T14:56:18.647+0000] {dag.py:3047} INFO - Sync 1 DAGs
[2024-04-07T14:56:18.679+0000] {logging_mixin.py:188} INFO - [2024-04-07T14:56:18.678+0000] {dag.py:3834} INFO - Setting next_dagrun for example_short_circuit_decorator to 2024-04-06 00:00:00+00:00, run_after=2024-04-07 00:00:00+00:00
[2024-04-07T14:56:18.709+0000] {processor.py:183} INFO - Processing /home/airflow/.local/lib/python3.8/site-packages/airflow/example_dags/example_short_circuit_decorator.py took 0.119 seconds
[2024-04-07T14:56:49.272+0000] {processor.py:161} INFO - Started process (PID=1963) to work on /home/airflow/.local/lib/python3.8/site-packages/airflow/example_dags/example_short_circuit_decorator.py
[2024-04-07T14:56:49.274+0000] {processor.py:830} INFO - Processing file /home/airflow/.local/lib/python3.8/site-packages/airflow/example_dags/example_short_circuit_decorator.py for tasks to queue
[2024-04-07T14:56:49.278+0000] {logging_mixin.py:188} INFO - [2024-04-07T14:56:49.277+0000] {dagbag.py:540} INFO - Filling up the DagBag from /home/airflow/.local/lib/python3.8/site-packages/airflow/example_dags/example_short_circuit_decorator.py
[2024-04-07T14:56:49.297+0000] {processor.py:840} INFO - DAG(s) 'example_short_circuit_decorator' retrieved from /home/airflow/.local/lib/python3.8/site-packages/airflow/example_dags/example_short_circuit_decorator.py
[2024-04-07T14:56:49.336+0000] {logging_mixin.py:188} INFO - [2024-04-07T14:56:49.336+0000] {dag.py:3047} INFO - Sync 1 DAGs
[2024-04-07T14:56:49.371+0000] {logging_mixin.py:188} INFO - [2024-04-07T14:56:49.371+0000] {dag.py:3834} INFO - Setting next_dagrun for example_short_circuit_decorator to 2024-04-06 00:00:00+00:00, run_after=2024-04-07 00:00:00+00:00
[2024-04-07T14:56:49.452+0000] {processor.py:183} INFO - Processing /home/airflow/.local/lib/python3.8/site-packages/airflow/example_dags/example_short_circuit_decorator.py took 0.185 seconds
[2024-04-07T14:57:19.607+0000] {processor.py:161} INFO - Started process (PID=2020) to work on /home/airflow/.local/lib/python3.8/site-packages/airflow/example_dags/example_short_circuit_decorator.py
[2024-04-07T14:57:19.609+0000] {processor.py:830} INFO - Processing file /home/airflow/.local/lib/python3.8/site-packages/airflow/example_dags/example_short_circuit_decorator.py for tasks to queue
[2024-04-07T14:57:19.612+0000] {logging_mixin.py:188} INFO - [2024-04-07T14:57:19.611+0000] {dagbag.py:540} INFO - Filling up the DagBag from /home/airflow/.local/lib/python3.8/site-packages/airflow/example_dags/example_short_circuit_decorator.py
[2024-04-07T14:57:19.632+0000] {processor.py:840} INFO - DAG(s) 'example_short_circuit_decorator' retrieved from /home/airflow/.local/lib/python3.8/site-packages/airflow/example_dags/example_short_circuit_decorator.py
[2024-04-07T14:57:19.680+0000] {logging_mixin.py:188} INFO - [2024-04-07T14:57:19.680+0000] {dag.py:3047} INFO - Sync 1 DAGs
[2024-04-07T14:57:19.724+0000] {logging_mixin.py:188} INFO - [2024-04-07T14:57:19.724+0000] {dag.py:3834} INFO - Setting next_dagrun for example_short_circuit_decorator to 2024-04-06 00:00:00+00:00, run_after=2024-04-07 00:00:00+00:00
[2024-04-07T14:57:19.767+0000] {processor.py:183} INFO - Processing /home/airflow/.local/lib/python3.8/site-packages/airflow/example_dags/example_short_circuit_decorator.py took 0.165 seconds
[2024-04-07T14:57:50.512+0000] {processor.py:161} INFO - Started process (PID=2078) to work on /home/airflow/.local/lib/python3.8/site-packages/airflow/example_dags/example_short_circuit_decorator.py
[2024-04-07T14:57:50.514+0000] {processor.py:830} INFO - Processing file /home/airflow/.local/lib/python3.8/site-packages/airflow/example_dags/example_short_circuit_decorator.py for tasks to queue
[2024-04-07T14:57:50.519+0000] {logging_mixin.py:188} INFO - [2024-04-07T14:57:50.519+0000] {dagbag.py:540} INFO - Filling up the DagBag from /home/airflow/.local/lib/python3.8/site-packages/airflow/example_dags/example_short_circuit_decorator.py
[2024-04-07T14:57:50.539+0000] {processor.py:840} INFO - DAG(s) 'example_short_circuit_decorator' retrieved from /home/airflow/.local/lib/python3.8/site-packages/airflow/example_dags/example_short_circuit_decorator.py
[2024-04-07T14:57:50.619+0000] {logging_mixin.py:188} INFO - [2024-04-07T14:57:50.605+0000] {dag.py:3047} INFO - Sync 1 DAGs
[2024-04-07T14:57:50.835+0000] {logging_mixin.py:188} INFO - [2024-04-07T14:57:50.835+0000] {dag.py:3834} INFO - Setting next_dagrun for example_short_circuit_decorator to 2024-04-06 00:00:00+00:00, run_after=2024-04-07 00:00:00+00:00
[2024-04-07T14:57:50.982+0000] {processor.py:183} INFO - Processing /home/airflow/.local/lib/python3.8/site-packages/airflow/example_dags/example_short_circuit_decorator.py took 0.477 seconds
[2024-04-07T14:58:21.364+0000] {processor.py:161} INFO - Started process (PID=2135) to work on /home/airflow/.local/lib/python3.8/site-packages/airflow/example_dags/example_short_circuit_decorator.py
[2024-04-07T14:58:21.367+0000] {processor.py:830} INFO - Processing file /home/airflow/.local/lib/python3.8/site-packages/airflow/example_dags/example_short_circuit_decorator.py for tasks to queue
[2024-04-07T14:58:21.371+0000] {logging_mixin.py:188} INFO - [2024-04-07T14:58:21.370+0000] {dagbag.py:540} INFO - Filling up the DagBag from /home/airflow/.local/lib/python3.8/site-packages/airflow/example_dags/example_short_circuit_decorator.py
[2024-04-07T14:58:21.385+0000] {processor.py:840} INFO - DAG(s) 'example_short_circuit_decorator' retrieved from /home/airflow/.local/lib/python3.8/site-packages/airflow/example_dags/example_short_circuit_decorator.py
[2024-04-07T14:58:21.430+0000] {logging_mixin.py:188} INFO - [2024-04-07T14:58:21.430+0000] {dag.py:3047} INFO - Sync 1 DAGs
[2024-04-07T14:58:21.463+0000] {logging_mixin.py:188} INFO - [2024-04-07T14:58:21.462+0000] {dag.py:3834} INFO - Setting next_dagrun for example_short_circuit_decorator to 2024-04-06 00:00:00+00:00, run_after=2024-04-07 00:00:00+00:00
[2024-04-07T14:58:21.500+0000] {processor.py:183} INFO - Processing /home/airflow/.local/lib/python3.8/site-packages/airflow/example_dags/example_short_circuit_decorator.py took 0.142 seconds
[2024-04-07T14:58:51.615+0000] {processor.py:161} INFO - Started process (PID=2192) to work on /home/airflow/.local/lib/python3.8/site-packages/airflow/example_dags/example_short_circuit_decorator.py
[2024-04-07T14:58:51.617+0000] {processor.py:830} INFO - Processing file /home/airflow/.local/lib/python3.8/site-packages/airflow/example_dags/example_short_circuit_decorator.py for tasks to queue
[2024-04-07T14:58:51.621+0000] {logging_mixin.py:188} INFO - [2024-04-07T14:58:51.620+0000] {dagbag.py:540} INFO - Filling up the DagBag from /home/airflow/.local/lib/python3.8/site-packages/airflow/example_dags/example_short_circuit_decorator.py
[2024-04-07T14:58:51.637+0000] {processor.py:840} INFO - DAG(s) 'example_short_circuit_decorator' retrieved from /home/airflow/.local/lib/python3.8/site-packages/airflow/example_dags/example_short_circuit_decorator.py
[2024-04-07T14:58:51.682+0000] {logging_mixin.py:188} INFO - [2024-04-07T14:58:51.681+0000] {dag.py:3047} INFO - Sync 1 DAGs
[2024-04-07T14:58:51.729+0000] {logging_mixin.py:188} INFO - [2024-04-07T14:58:51.728+0000] {dag.py:3834} INFO - Setting next_dagrun for example_short_circuit_decorator to 2024-04-06 00:00:00+00:00, run_after=2024-04-07 00:00:00+00:00
[2024-04-07T14:58:51.771+0000] {processor.py:183} INFO - Processing /home/airflow/.local/lib/python3.8/site-packages/airflow/example_dags/example_short_circuit_decorator.py took 0.162 seconds
[2024-04-07T14:59:23.601+0000] {processor.py:161} INFO - Started process (PID=2250) to work on /home/airflow/.local/lib/python3.8/site-packages/airflow/example_dags/example_short_circuit_decorator.py
[2024-04-07T14:59:23.612+0000] {processor.py:830} INFO - Processing file /home/airflow/.local/lib/python3.8/site-packages/airflow/example_dags/example_short_circuit_decorator.py for tasks to queue
[2024-04-07T14:59:23.626+0000] {logging_mixin.py:188} INFO - [2024-04-07T14:59:23.625+0000] {dagbag.py:540} INFO - Filling up the DagBag from /home/airflow/.local/lib/python3.8/site-packages/airflow/example_dags/example_short_circuit_decorator.py
[2024-04-07T14:59:23.688+0000] {processor.py:840} INFO - DAG(s) 'example_short_circuit_decorator' retrieved from /home/airflow/.local/lib/python3.8/site-packages/airflow/example_dags/example_short_circuit_decorator.py
[2024-04-07T14:59:23.806+0000] {logging_mixin.py:188} INFO - [2024-04-07T14:59:23.805+0000] {dag.py:3047} INFO - Sync 1 DAGs
[2024-04-07T14:59:23.924+0000] {logging_mixin.py:188} INFO - [2024-04-07T14:59:23.923+0000] {dag.py:3834} INFO - Setting next_dagrun for example_short_circuit_decorator to 2024-04-06 00:00:00+00:00, run_after=2024-04-07 00:00:00+00:00
[2024-04-07T14:59:24.096+0000] {processor.py:183} INFO - Processing /home/airflow/.local/lib/python3.8/site-packages/airflow/example_dags/example_short_circuit_decorator.py took 0.501 seconds
[2024-04-07T14:59:54.739+0000] {processor.py:161} INFO - Started process (PID=2307) to work on /home/airflow/.local/lib/python3.8/site-packages/airflow/example_dags/example_short_circuit_decorator.py
[2024-04-07T14:59:54.742+0000] {processor.py:830} INFO - Processing file /home/airflow/.local/lib/python3.8/site-packages/airflow/example_dags/example_short_circuit_decorator.py for tasks to queue
[2024-04-07T14:59:54.746+0000] {logging_mixin.py:188} INFO - [2024-04-07T14:59:54.746+0000] {dagbag.py:540} INFO - Filling up the DagBag from /home/airflow/.local/lib/python3.8/site-packages/airflow/example_dags/example_short_circuit_decorator.py
[2024-04-07T14:59:54.763+0000] {processor.py:840} INFO - DAG(s) 'example_short_circuit_decorator' retrieved from /home/airflow/.local/lib/python3.8/site-packages/airflow/example_dags/example_short_circuit_decorator.py
[2024-04-07T14:59:54.807+0000] {logging_mixin.py:188} INFO - [2024-04-07T14:59:54.807+0000] {dag.py:3047} INFO - Sync 1 DAGs
[2024-04-07T14:59:54.849+0000] {logging_mixin.py:188} INFO - [2024-04-07T14:59:54.848+0000] {dag.py:3834} INFO - Setting next_dagrun for example_short_circuit_decorator to 2024-04-06 00:00:00+00:00, run_after=2024-04-07 00:00:00+00:00
[2024-04-07T14:59:54.884+0000] {processor.py:183} INFO - Processing /home/airflow/.local/lib/python3.8/site-packages/airflow/example_dags/example_short_circuit_decorator.py took 0.151 seconds
[2024-04-07T15:00:25.203+0000] {processor.py:161} INFO - Started process (PID=2364) to work on /home/airflow/.local/lib/python3.8/site-packages/airflow/example_dags/example_short_circuit_decorator.py
[2024-04-07T15:00:25.209+0000] {processor.py:830} INFO - Processing file /home/airflow/.local/lib/python3.8/site-packages/airflow/example_dags/example_short_circuit_decorator.py for tasks to queue
[2024-04-07T15:00:25.214+0000] {logging_mixin.py:188} INFO - [2024-04-07T15:00:25.213+0000] {dagbag.py:540} INFO - Filling up the DagBag from /home/airflow/.local/lib/python3.8/site-packages/airflow/example_dags/example_short_circuit_decorator.py
[2024-04-07T15:00:25.270+0000] {processor.py:840} INFO - DAG(s) 'example_short_circuit_decorator' retrieved from /home/airflow/.local/lib/python3.8/site-packages/airflow/example_dags/example_short_circuit_decorator.py
[2024-04-07T15:00:25.369+0000] {logging_mixin.py:188} INFO - [2024-04-07T15:00:25.369+0000] {dag.py:3047} INFO - Sync 1 DAGs
[2024-04-07T15:00:25.442+0000] {logging_mixin.py:188} INFO - [2024-04-07T15:00:25.442+0000] {dag.py:3834} INFO - Setting next_dagrun for example_short_circuit_decorator to 2024-04-06 00:00:00+00:00, run_after=2024-04-07 00:00:00+00:00
[2024-04-07T15:00:25.499+0000] {processor.py:183} INFO - Processing /home/airflow/.local/lib/python3.8/site-packages/airflow/example_dags/example_short_circuit_decorator.py took 0.303 seconds
[2024-04-07T15:00:55.950+0000] {processor.py:161} INFO - Started process (PID=2421) to work on /home/airflow/.local/lib/python3.8/site-packages/airflow/example_dags/example_short_circuit_decorator.py
[2024-04-07T15:00:55.954+0000] {processor.py:830} INFO - Processing file /home/airflow/.local/lib/python3.8/site-packages/airflow/example_dags/example_short_circuit_decorator.py for tasks to queue
[2024-04-07T15:00:55.961+0000] {logging_mixin.py:188} INFO - [2024-04-07T15:00:55.960+0000] {dagbag.py:540} INFO - Filling up the DagBag from /home/airflow/.local/lib/python3.8/site-packages/airflow/example_dags/example_short_circuit_decorator.py
[2024-04-07T15:00:55.994+0000] {processor.py:840} INFO - DAG(s) 'example_short_circuit_decorator' retrieved from /home/airflow/.local/lib/python3.8/site-packages/airflow/example_dags/example_short_circuit_decorator.py
[2024-04-07T15:00:56.053+0000] {logging_mixin.py:188} INFO - [2024-04-07T15:00:56.053+0000] {dag.py:3047} INFO - Sync 1 DAGs
[2024-04-07T15:00:56.113+0000] {logging_mixin.py:188} INFO - [2024-04-07T15:00:56.113+0000] {dag.py:3834} INFO - Setting next_dagrun for example_short_circuit_decorator to 2024-04-06 00:00:00+00:00, run_after=2024-04-07 00:00:00+00:00
[2024-04-07T15:00:56.177+0000] {processor.py:183} INFO - Processing /home/airflow/.local/lib/python3.8/site-packages/airflow/example_dags/example_short_circuit_decorator.py took 0.235 seconds
[2024-04-07T15:01:26.446+0000] {processor.py:161} INFO - Started process (PID=2478) to work on /home/airflow/.local/lib/python3.8/site-packages/airflow/example_dags/example_short_circuit_decorator.py
[2024-04-07T15:01:26.448+0000] {processor.py:830} INFO - Processing file /home/airflow/.local/lib/python3.8/site-packages/airflow/example_dags/example_short_circuit_decorator.py for tasks to queue
[2024-04-07T15:01:26.454+0000] {logging_mixin.py:188} INFO - [2024-04-07T15:01:26.453+0000] {dagbag.py:540} INFO - Filling up the DagBag from /home/airflow/.local/lib/python3.8/site-packages/airflow/example_dags/example_short_circuit_decorator.py
[2024-04-07T15:01:26.471+0000] {processor.py:840} INFO - DAG(s) 'example_short_circuit_decorator' retrieved from /home/airflow/.local/lib/python3.8/site-packages/airflow/example_dags/example_short_circuit_decorator.py
[2024-04-07T15:01:26.522+0000] {logging_mixin.py:188} INFO - [2024-04-07T15:01:26.521+0000] {dag.py:3047} INFO - Sync 1 DAGs
[2024-04-07T15:01:26.573+0000] {logging_mixin.py:188} INFO - [2024-04-07T15:01:26.572+0000] {dag.py:3834} INFO - Setting next_dagrun for example_short_circuit_decorator to 2024-04-06 00:00:00+00:00, run_after=2024-04-07 00:00:00+00:00
[2024-04-07T15:01:26.775+0000] {processor.py:183} INFO - Processing /home/airflow/.local/lib/python3.8/site-packages/airflow/example_dags/example_short_circuit_decorator.py took 0.336 seconds
[2024-04-07T15:01:57.336+0000] {processor.py:161} INFO - Started process (PID=2535) to work on /home/airflow/.local/lib/python3.8/site-packages/airflow/example_dags/example_short_circuit_decorator.py
[2024-04-07T15:01:57.339+0000] {processor.py:830} INFO - Processing file /home/airflow/.local/lib/python3.8/site-packages/airflow/example_dags/example_short_circuit_decorator.py for tasks to queue
[2024-04-07T15:01:57.344+0000] {logging_mixin.py:188} INFO - [2024-04-07T15:01:57.343+0000] {dagbag.py:540} INFO - Filling up the DagBag from /home/airflow/.local/lib/python3.8/site-packages/airflow/example_dags/example_short_circuit_decorator.py
[2024-04-07T15:01:57.371+0000] {processor.py:840} INFO - DAG(s) 'example_short_circuit_decorator' retrieved from /home/airflow/.local/lib/python3.8/site-packages/airflow/example_dags/example_short_circuit_decorator.py
[2024-04-07T15:01:57.416+0000] {logging_mixin.py:188} INFO - [2024-04-07T15:01:57.415+0000] {dag.py:3047} INFO - Sync 1 DAGs
[2024-04-07T15:01:57.454+0000] {logging_mixin.py:188} INFO - [2024-04-07T15:01:57.454+0000] {dag.py:3834} INFO - Setting next_dagrun for example_short_circuit_decorator to 2024-04-06 00:00:00+00:00, run_after=2024-04-07 00:00:00+00:00
[2024-04-07T15:01:57.484+0000] {processor.py:183} INFO - Processing /home/airflow/.local/lib/python3.8/site-packages/airflow/example_dags/example_short_circuit_decorator.py took 0.157 seconds
[2024-04-07T15:02:27.573+0000] {processor.py:161} INFO - Started process (PID=2592) to work on /home/airflow/.local/lib/python3.8/site-packages/airflow/example_dags/example_short_circuit_decorator.py
[2024-04-07T15:02:27.575+0000] {processor.py:830} INFO - Processing file /home/airflow/.local/lib/python3.8/site-packages/airflow/example_dags/example_short_circuit_decorator.py for tasks to queue
[2024-04-07T15:02:27.579+0000] {logging_mixin.py:188} INFO - [2024-04-07T15:02:27.579+0000] {dagbag.py:540} INFO - Filling up the DagBag from /home/airflow/.local/lib/python3.8/site-packages/airflow/example_dags/example_short_circuit_decorator.py
[2024-04-07T15:02:27.596+0000] {processor.py:840} INFO - DAG(s) 'example_short_circuit_decorator' retrieved from /home/airflow/.local/lib/python3.8/site-packages/airflow/example_dags/example_short_circuit_decorator.py
[2024-04-07T15:02:27.639+0000] {logging_mixin.py:188} INFO - [2024-04-07T15:02:27.639+0000] {dag.py:3047} INFO - Sync 1 DAGs
[2024-04-07T15:02:27.684+0000] {logging_mixin.py:188} INFO - [2024-04-07T15:02:27.684+0000] {dag.py:3834} INFO - Setting next_dagrun for example_short_circuit_decorator to 2024-04-06 00:00:00+00:00, run_after=2024-04-07 00:00:00+00:00
[2024-04-07T15:02:27.716+0000] {processor.py:183} INFO - Processing /home/airflow/.local/lib/python3.8/site-packages/airflow/example_dags/example_short_circuit_decorator.py took 0.149 seconds
[2024-04-07T15:02:58.758+0000] {processor.py:161} INFO - Started process (PID=2649) to work on /home/airflow/.local/lib/python3.8/site-packages/airflow/example_dags/example_short_circuit_decorator.py
[2024-04-07T15:02:58.761+0000] {processor.py:830} INFO - Processing file /home/airflow/.local/lib/python3.8/site-packages/airflow/example_dags/example_short_circuit_decorator.py for tasks to queue
[2024-04-07T15:02:58.765+0000] {logging_mixin.py:188} INFO - [2024-04-07T15:02:58.764+0000] {dagbag.py:540} INFO - Filling up the DagBag from /home/airflow/.local/lib/python3.8/site-packages/airflow/example_dags/example_short_circuit_decorator.py
[2024-04-07T15:02:58.789+0000] {processor.py:840} INFO - DAG(s) 'example_short_circuit_decorator' retrieved from /home/airflow/.local/lib/python3.8/site-packages/airflow/example_dags/example_short_circuit_decorator.py
[2024-04-07T15:02:58.833+0000] {logging_mixin.py:188} INFO - [2024-04-07T15:02:58.833+0000] {dag.py:3047} INFO - Sync 1 DAGs
[2024-04-07T15:02:58.883+0000] {logging_mixin.py:188} INFO - [2024-04-07T15:02:58.882+0000] {dag.py:3834} INFO - Setting next_dagrun for example_short_circuit_decorator to 2024-04-06 00:00:00+00:00, run_after=2024-04-07 00:00:00+00:00
[2024-04-07T15:02:58.921+0000] {processor.py:183} INFO - Processing /home/airflow/.local/lib/python3.8/site-packages/airflow/example_dags/example_short_circuit_decorator.py took 0.171 seconds
[2024-04-07T15:03:29.176+0000] {processor.py:161} INFO - Started process (PID=2706) to work on /home/airflow/.local/lib/python3.8/site-packages/airflow/example_dags/example_short_circuit_decorator.py
[2024-04-07T15:03:29.178+0000] {processor.py:830} INFO - Processing file /home/airflow/.local/lib/python3.8/site-packages/airflow/example_dags/example_short_circuit_decorator.py for tasks to queue
[2024-04-07T15:03:29.181+0000] {logging_mixin.py:188} INFO - [2024-04-07T15:03:29.180+0000] {dagbag.py:540} INFO - Filling up the DagBag from /home/airflow/.local/lib/python3.8/site-packages/airflow/example_dags/example_short_circuit_decorator.py
[2024-04-07T15:03:29.194+0000] {processor.py:840} INFO - DAG(s) 'example_short_circuit_decorator' retrieved from /home/airflow/.local/lib/python3.8/site-packages/airflow/example_dags/example_short_circuit_decorator.py
[2024-04-07T15:03:29.229+0000] {logging_mixin.py:188} INFO - [2024-04-07T15:03:29.228+0000] {dag.py:3047} INFO - Sync 1 DAGs
[2024-04-07T15:03:29.261+0000] {logging_mixin.py:188} INFO - [2024-04-07T15:03:29.260+0000] {dag.py:3834} INFO - Setting next_dagrun for example_short_circuit_decorator to 2024-04-06 00:00:00+00:00, run_after=2024-04-07 00:00:00+00:00
[2024-04-07T15:03:29.296+0000] {processor.py:183} INFO - Processing /home/airflow/.local/lib/python3.8/site-packages/airflow/example_dags/example_short_circuit_decorator.py took 0.125 seconds
[2024-04-07T15:03:59.505+0000] {processor.py:161} INFO - Started process (PID=2763) to work on /home/airflow/.local/lib/python3.8/site-packages/airflow/example_dags/example_short_circuit_decorator.py
[2024-04-07T15:03:59.507+0000] {processor.py:830} INFO - Processing file /home/airflow/.local/lib/python3.8/site-packages/airflow/example_dags/example_short_circuit_decorator.py for tasks to queue
[2024-04-07T15:03:59.511+0000] {logging_mixin.py:188} INFO - [2024-04-07T15:03:59.510+0000] {dagbag.py:540} INFO - Filling up the DagBag from /home/airflow/.local/lib/python3.8/site-packages/airflow/example_dags/example_short_circuit_decorator.py
[2024-04-07T15:03:59.527+0000] {processor.py:840} INFO - DAG(s) 'example_short_circuit_decorator' retrieved from /home/airflow/.local/lib/python3.8/site-packages/airflow/example_dags/example_short_circuit_decorator.py
[2024-04-07T15:03:59.574+0000] {logging_mixin.py:188} INFO - [2024-04-07T15:03:59.573+0000] {dag.py:3047} INFO - Sync 1 DAGs
[2024-04-07T15:03:59.608+0000] {logging_mixin.py:188} INFO - [2024-04-07T15:03:59.607+0000] {dag.py:3834} INFO - Setting next_dagrun for example_short_circuit_decorator to 2024-04-06 00:00:00+00:00, run_after=2024-04-07 00:00:00+00:00
[2024-04-07T15:03:59.642+0000] {processor.py:183} INFO - Processing /home/airflow/.local/lib/python3.8/site-packages/airflow/example_dags/example_short_circuit_decorator.py took 0.145 seconds
[2024-04-07T15:04:30.285+0000] {processor.py:161} INFO - Started process (PID=2821) to work on /home/airflow/.local/lib/python3.8/site-packages/airflow/example_dags/example_short_circuit_decorator.py
[2024-04-07T15:04:30.287+0000] {processor.py:830} INFO - Processing file /home/airflow/.local/lib/python3.8/site-packages/airflow/example_dags/example_short_circuit_decorator.py for tasks to queue
[2024-04-07T15:04:30.290+0000] {logging_mixin.py:188} INFO - [2024-04-07T15:04:30.289+0000] {dagbag.py:540} INFO - Filling up the DagBag from /home/airflow/.local/lib/python3.8/site-packages/airflow/example_dags/example_short_circuit_decorator.py
[2024-04-07T15:04:30.309+0000] {processor.py:840} INFO - DAG(s) 'example_short_circuit_decorator' retrieved from /home/airflow/.local/lib/python3.8/site-packages/airflow/example_dags/example_short_circuit_decorator.py
[2024-04-07T15:04:30.353+0000] {logging_mixin.py:188} INFO - [2024-04-07T15:04:30.352+0000] {dag.py:3047} INFO - Sync 1 DAGs
[2024-04-07T15:04:30.393+0000] {logging_mixin.py:188} INFO - [2024-04-07T15:04:30.393+0000] {dag.py:3834} INFO - Setting next_dagrun for example_short_circuit_decorator to 2024-04-06 00:00:00+00:00, run_after=2024-04-07 00:00:00+00:00
[2024-04-07T15:04:30.443+0000] {processor.py:183} INFO - Processing /home/airflow/.local/lib/python3.8/site-packages/airflow/example_dags/example_short_circuit_decorator.py took 0.162 seconds
[2024-04-07T15:05:00.560+0000] {processor.py:161} INFO - Started process (PID=2878) to work on /home/airflow/.local/lib/python3.8/site-packages/airflow/example_dags/example_short_circuit_decorator.py
[2024-04-07T15:05:00.561+0000] {processor.py:830} INFO - Processing file /home/airflow/.local/lib/python3.8/site-packages/airflow/example_dags/example_short_circuit_decorator.py for tasks to queue
[2024-04-07T15:05:00.565+0000] {logging_mixin.py:188} INFO - [2024-04-07T15:05:00.565+0000] {dagbag.py:540} INFO - Filling up the DagBag from /home/airflow/.local/lib/python3.8/site-packages/airflow/example_dags/example_short_circuit_decorator.py
[2024-04-07T15:05:00.584+0000] {processor.py:840} INFO - DAG(s) 'example_short_circuit_decorator' retrieved from /home/airflow/.local/lib/python3.8/site-packages/airflow/example_dags/example_short_circuit_decorator.py
[2024-04-07T15:05:00.628+0000] {logging_mixin.py:188} INFO - [2024-04-07T15:05:00.628+0000] {dag.py:3047} INFO - Sync 1 DAGs
[2024-04-07T15:05:00.671+0000] {logging_mixin.py:188} INFO - [2024-04-07T15:05:00.671+0000] {dag.py:3834} INFO - Setting next_dagrun for example_short_circuit_decorator to 2024-04-06 00:00:00+00:00, run_after=2024-04-07 00:00:00+00:00
[2024-04-07T15:05:00.713+0000] {processor.py:183} INFO - Processing /home/airflow/.local/lib/python3.8/site-packages/airflow/example_dags/example_short_circuit_decorator.py took 0.158 seconds
[2024-04-07T15:05:31.023+0000] {processor.py:161} INFO - Started process (PID=2935) to work on /home/airflow/.local/lib/python3.8/site-packages/airflow/example_dags/example_short_circuit_decorator.py
[2024-04-07T15:05:31.025+0000] {processor.py:830} INFO - Processing file /home/airflow/.local/lib/python3.8/site-packages/airflow/example_dags/example_short_circuit_decorator.py for tasks to queue
[2024-04-07T15:05:31.028+0000] {logging_mixin.py:188} INFO - [2024-04-07T15:05:31.027+0000] {dagbag.py:540} INFO - Filling up the DagBag from /home/airflow/.local/lib/python3.8/site-packages/airflow/example_dags/example_short_circuit_decorator.py
[2024-04-07T15:05:31.042+0000] {processor.py:840} INFO - DAG(s) 'example_short_circuit_decorator' retrieved from /home/airflow/.local/lib/python3.8/site-packages/airflow/example_dags/example_short_circuit_decorator.py
[2024-04-07T15:05:31.077+0000] {logging_mixin.py:188} INFO - [2024-04-07T15:05:31.077+0000] {dag.py:3047} INFO - Sync 1 DAGs
[2024-04-07T15:05:31.111+0000] {logging_mixin.py:188} INFO - [2024-04-07T15:05:31.110+0000] {dag.py:3834} INFO - Setting next_dagrun for example_short_circuit_decorator to 2024-04-06 00:00:00+00:00, run_after=2024-04-07 00:00:00+00:00
[2024-04-07T15:05:31.144+0000] {processor.py:183} INFO - Processing /home/airflow/.local/lib/python3.8/site-packages/airflow/example_dags/example_short_circuit_decorator.py took 0.125 seconds
[2024-04-07T15:06:01.656+0000] {processor.py:161} INFO - Started process (PID=2992) to work on /home/airflow/.local/lib/python3.8/site-packages/airflow/example_dags/example_short_circuit_decorator.py
[2024-04-07T15:06:01.658+0000] {processor.py:830} INFO - Processing file /home/airflow/.local/lib/python3.8/site-packages/airflow/example_dags/example_short_circuit_decorator.py for tasks to queue
[2024-04-07T15:06:01.661+0000] {logging_mixin.py:188} INFO - [2024-04-07T15:06:01.660+0000] {dagbag.py:540} INFO - Filling up the DagBag from /home/airflow/.local/lib/python3.8/site-packages/airflow/example_dags/example_short_circuit_decorator.py
[2024-04-07T15:06:01.678+0000] {processor.py:840} INFO - DAG(s) 'example_short_circuit_decorator' retrieved from /home/airflow/.local/lib/python3.8/site-packages/airflow/example_dags/example_short_circuit_decorator.py
[2024-04-07T15:06:01.711+0000] {logging_mixin.py:188} INFO - [2024-04-07T15:06:01.711+0000] {dag.py:3047} INFO - Sync 1 DAGs
[2024-04-07T15:06:01.741+0000] {logging_mixin.py:188} INFO - [2024-04-07T15:06:01.740+0000] {dag.py:3834} INFO - Setting next_dagrun for example_short_circuit_decorator to 2024-04-06 00:00:00+00:00, run_after=2024-04-07 00:00:00+00:00
[2024-04-07T15:06:01.769+0000] {processor.py:183} INFO - Processing /home/airflow/.local/lib/python3.8/site-packages/airflow/example_dags/example_short_circuit_decorator.py took 0.118 seconds
[2024-04-07T15:06:32.614+0000] {processor.py:161} INFO - Started process (PID=3049) to work on /home/airflow/.local/lib/python3.8/site-packages/airflow/example_dags/example_short_circuit_decorator.py
[2024-04-07T15:06:32.615+0000] {processor.py:830} INFO - Processing file /home/airflow/.local/lib/python3.8/site-packages/airflow/example_dags/example_short_circuit_decorator.py for tasks to queue
[2024-04-07T15:06:32.618+0000] {logging_mixin.py:188} INFO - [2024-04-07T15:06:32.618+0000] {dagbag.py:540} INFO - Filling up the DagBag from /home/airflow/.local/lib/python3.8/site-packages/airflow/example_dags/example_short_circuit_decorator.py
[2024-04-07T15:06:32.631+0000] {processor.py:840} INFO - DAG(s) 'example_short_circuit_decorator' retrieved from /home/airflow/.local/lib/python3.8/site-packages/airflow/example_dags/example_short_circuit_decorator.py
[2024-04-07T15:06:32.667+0000] {logging_mixin.py:188} INFO - [2024-04-07T15:06:32.667+0000] {dag.py:3047} INFO - Sync 1 DAGs
[2024-04-07T15:06:32.701+0000] {logging_mixin.py:188} INFO - [2024-04-07T15:06:32.700+0000] {dag.py:3834} INFO - Setting next_dagrun for example_short_circuit_decorator to 2024-04-06 00:00:00+00:00, run_after=2024-04-07 00:00:00+00:00
[2024-04-07T15:06:32.834+0000] {processor.py:183} INFO - Processing /home/airflow/.local/lib/python3.8/site-packages/airflow/example_dags/example_short_circuit_decorator.py took 0.225 seconds
[2024-04-07T15:07:03.097+0000] {processor.py:161} INFO - Started process (PID=3106) to work on /home/airflow/.local/lib/python3.8/site-packages/airflow/example_dags/example_short_circuit_decorator.py
[2024-04-07T15:07:03.099+0000] {processor.py:830} INFO - Processing file /home/airflow/.local/lib/python3.8/site-packages/airflow/example_dags/example_short_circuit_decorator.py for tasks to queue
[2024-04-07T15:07:03.102+0000] {logging_mixin.py:188} INFO - [2024-04-07T15:07:03.102+0000] {dagbag.py:540} INFO - Filling up the DagBag from /home/airflow/.local/lib/python3.8/site-packages/airflow/example_dags/example_short_circuit_decorator.py
[2024-04-07T15:07:03.117+0000] {processor.py:840} INFO - DAG(s) 'example_short_circuit_decorator' retrieved from /home/airflow/.local/lib/python3.8/site-packages/airflow/example_dags/example_short_circuit_decorator.py
[2024-04-07T15:07:03.164+0000] {logging_mixin.py:188} INFO - [2024-04-07T15:07:03.163+0000] {dag.py:3047} INFO - Sync 1 DAGs
[2024-04-07T15:07:03.210+0000] {logging_mixin.py:188} INFO - [2024-04-07T15:07:03.209+0000] {dag.py:3834} INFO - Setting next_dagrun for example_short_circuit_decorator to 2024-04-06 00:00:00+00:00, run_after=2024-04-07 00:00:00+00:00
[2024-04-07T15:07:03.373+0000] {processor.py:183} INFO - Processing /home/airflow/.local/lib/python3.8/site-packages/airflow/example_dags/example_short_circuit_decorator.py took 0.282 seconds
[2024-04-07T15:07:33.755+0000] {processor.py:161} INFO - Started process (PID=3161) to work on /home/airflow/.local/lib/python3.8/site-packages/airflow/example_dags/example_short_circuit_decorator.py
[2024-04-07T15:07:33.756+0000] {processor.py:830} INFO - Processing file /home/airflow/.local/lib/python3.8/site-packages/airflow/example_dags/example_short_circuit_decorator.py for tasks to queue
[2024-04-07T15:07:33.759+0000] {logging_mixin.py:188} INFO - [2024-04-07T15:07:33.759+0000] {dagbag.py:540} INFO - Filling up the DagBag from /home/airflow/.local/lib/python3.8/site-packages/airflow/example_dags/example_short_circuit_decorator.py
[2024-04-07T15:07:33.776+0000] {processor.py:840} INFO - DAG(s) 'example_short_circuit_decorator' retrieved from /home/airflow/.local/lib/python3.8/site-packages/airflow/example_dags/example_short_circuit_decorator.py
[2024-04-07T15:07:33.814+0000] {logging_mixin.py:188} INFO - [2024-04-07T15:07:33.813+0000] {dag.py:3047} INFO - Sync 1 DAGs
[2024-04-07T15:07:33.855+0000] {logging_mixin.py:188} INFO - [2024-04-07T15:07:33.854+0000] {dag.py:3834} INFO - Setting next_dagrun for example_short_circuit_decorator to 2024-04-06 00:00:00+00:00, run_after=2024-04-07 00:00:00+00:00
[2024-04-07T15:07:33.945+0000] {processor.py:183} INFO - Processing /home/airflow/.local/lib/python3.8/site-packages/airflow/example_dags/example_short_circuit_decorator.py took 0.196 seconds
[2024-04-07T15:08:04.208+0000] {processor.py:161} INFO - Started process (PID=3218) to work on /home/airflow/.local/lib/python3.8/site-packages/airflow/example_dags/example_short_circuit_decorator.py
[2024-04-07T15:08:04.210+0000] {processor.py:830} INFO - Processing file /home/airflow/.local/lib/python3.8/site-packages/airflow/example_dags/example_short_circuit_decorator.py for tasks to queue
[2024-04-07T15:08:04.214+0000] {logging_mixin.py:188} INFO - [2024-04-07T15:08:04.213+0000] {dagbag.py:540} INFO - Filling up the DagBag from /home/airflow/.local/lib/python3.8/site-packages/airflow/example_dags/example_short_circuit_decorator.py
[2024-04-07T15:08:04.236+0000] {processor.py:840} INFO - DAG(s) 'example_short_circuit_decorator' retrieved from /home/airflow/.local/lib/python3.8/site-packages/airflow/example_dags/example_short_circuit_decorator.py
[2024-04-07T15:08:04.308+0000] {logging_mixin.py:188} INFO - [2024-04-07T15:08:04.307+0000] {dag.py:3047} INFO - Sync 1 DAGs
[2024-04-07T15:08:04.365+0000] {logging_mixin.py:188} INFO - [2024-04-07T15:08:04.364+0000] {dag.py:3834} INFO - Setting next_dagrun for example_short_circuit_decorator to 2024-04-06 00:00:00+00:00, run_after=2024-04-07 00:00:00+00:00
[2024-04-07T15:08:04.411+0000] {processor.py:183} INFO - Processing /home/airflow/.local/lib/python3.8/site-packages/airflow/example_dags/example_short_circuit_decorator.py took 0.208 seconds
[2024-04-07T15:08:34.731+0000] {processor.py:161} INFO - Started process (PID=3274) to work on /home/airflow/.local/lib/python3.8/site-packages/airflow/example_dags/example_short_circuit_decorator.py
[2024-04-07T15:08:34.733+0000] {processor.py:830} INFO - Processing file /home/airflow/.local/lib/python3.8/site-packages/airflow/example_dags/example_short_circuit_decorator.py for tasks to queue
[2024-04-07T15:08:34.747+0000] {logging_mixin.py:188} INFO - [2024-04-07T15:08:34.746+0000] {dagbag.py:540} INFO - Filling up the DagBag from /home/airflow/.local/lib/python3.8/site-packages/airflow/example_dags/example_short_circuit_decorator.py
[2024-04-07T15:08:34.800+0000] {processor.py:840} INFO - DAG(s) 'example_short_circuit_decorator' retrieved from /home/airflow/.local/lib/python3.8/site-packages/airflow/example_dags/example_short_circuit_decorator.py
[2024-04-07T15:08:34.949+0000] {logging_mixin.py:188} INFO - [2024-04-07T15:08:34.949+0000] {dag.py:3047} INFO - Sync 1 DAGs
[2024-04-07T15:08:35.050+0000] {logging_mixin.py:188} INFO - [2024-04-07T15:08:35.050+0000] {dag.py:3834} INFO - Setting next_dagrun for example_short_circuit_decorator to 2024-04-06 00:00:00+00:00, run_after=2024-04-07 00:00:00+00:00
[2024-04-07T15:08:35.190+0000] {processor.py:183} INFO - Processing /home/airflow/.local/lib/python3.8/site-packages/airflow/example_dags/example_short_circuit_decorator.py took 0.471 seconds
[2024-04-07T15:09:19.572+0000] {processor.py:161} INFO - Started process (PID=3340) to work on /home/airflow/.local/lib/python3.8/site-packages/airflow/example_dags/example_short_circuit_decorator.py
[2024-04-07T15:09:19.574+0000] {processor.py:830} INFO - Processing file /home/airflow/.local/lib/python3.8/site-packages/airflow/example_dags/example_short_circuit_decorator.py for tasks to queue
[2024-04-07T15:09:19.577+0000] {logging_mixin.py:188} INFO - [2024-04-07T15:09:19.576+0000] {dagbag.py:540} INFO - Filling up the DagBag from /home/airflow/.local/lib/python3.8/site-packages/airflow/example_dags/example_short_circuit_decorator.py
[2024-04-07T15:09:19.592+0000] {processor.py:840} INFO - DAG(s) 'example_short_circuit_decorator' retrieved from /home/airflow/.local/lib/python3.8/site-packages/airflow/example_dags/example_short_circuit_decorator.py
[2024-04-07T15:09:19.632+0000] {logging_mixin.py:188} INFO - [2024-04-07T15:09:19.632+0000] {dag.py:3047} INFO - Sync 1 DAGs
[2024-04-07T15:09:19.667+0000] {logging_mixin.py:188} INFO - [2024-04-07T15:09:19.666+0000] {dag.py:3834} INFO - Setting next_dagrun for example_short_circuit_decorator to 2024-04-06 00:00:00+00:00, run_after=2024-04-07 00:00:00+00:00
[2024-04-07T15:09:22.086+0000] {processor.py:183} INFO - Processing /home/airflow/.local/lib/python3.8/site-packages/airflow/example_dags/example_short_circuit_decorator.py took 2.519 seconds
[2024-04-07T15:09:52.247+0000] {processor.py:161} INFO - Started process (PID=3398) to work on /home/airflow/.local/lib/python3.8/site-packages/airflow/example_dags/example_short_circuit_decorator.py
[2024-04-07T15:09:52.250+0000] {processor.py:830} INFO - Processing file /home/airflow/.local/lib/python3.8/site-packages/airflow/example_dags/example_short_circuit_decorator.py for tasks to queue
[2024-04-07T15:09:52.261+0000] {logging_mixin.py:188} INFO - [2024-04-07T15:09:52.261+0000] {dagbag.py:540} INFO - Filling up the DagBag from /home/airflow/.local/lib/python3.8/site-packages/airflow/example_dags/example_short_circuit_decorator.py
[2024-04-07T15:09:52.290+0000] {processor.py:840} INFO - DAG(s) 'example_short_circuit_decorator' retrieved from /home/airflow/.local/lib/python3.8/site-packages/airflow/example_dags/example_short_circuit_decorator.py
[2024-04-07T15:09:52.367+0000] {logging_mixin.py:188} INFO - [2024-04-07T15:09:52.366+0000] {dag.py:3047} INFO - Sync 1 DAGs
[2024-04-07T15:09:52.441+0000] {logging_mixin.py:188} INFO - [2024-04-07T15:09:52.441+0000] {dag.py:3834} INFO - Setting next_dagrun for example_short_circuit_decorator to 2024-04-06 00:00:00+00:00, run_after=2024-04-07 00:00:00+00:00
[2024-04-07T15:09:52.516+0000] {processor.py:183} INFO - Processing /home/airflow/.local/lib/python3.8/site-packages/airflow/example_dags/example_short_circuit_decorator.py took 0.276 seconds
[2024-04-07T15:10:23.369+0000] {processor.py:161} INFO - Started process (PID=3455) to work on /home/airflow/.local/lib/python3.8/site-packages/airflow/example_dags/example_short_circuit_decorator.py
[2024-04-07T15:10:23.380+0000] {processor.py:830} INFO - Processing file /home/airflow/.local/lib/python3.8/site-packages/airflow/example_dags/example_short_circuit_decorator.py for tasks to queue
[2024-04-07T15:10:23.385+0000] {logging_mixin.py:188} INFO - [2024-04-07T15:10:23.385+0000] {dagbag.py:540} INFO - Filling up the DagBag from /home/airflow/.local/lib/python3.8/site-packages/airflow/example_dags/example_short_circuit_decorator.py
[2024-04-07T15:10:23.444+0000] {processor.py:840} INFO - DAG(s) 'example_short_circuit_decorator' retrieved from /home/airflow/.local/lib/python3.8/site-packages/airflow/example_dags/example_short_circuit_decorator.py
[2024-04-07T15:10:23.579+0000] {logging_mixin.py:188} INFO - [2024-04-07T15:10:23.578+0000] {dag.py:3047} INFO - Sync 1 DAGs
[2024-04-07T15:10:23.710+0000] {logging_mixin.py:188} INFO - [2024-04-07T15:10:23.710+0000] {dag.py:3834} INFO - Setting next_dagrun for example_short_circuit_decorator to 2024-04-06 00:00:00+00:00, run_after=2024-04-07 00:00:00+00:00
[2024-04-07T15:10:23.836+0000] {processor.py:183} INFO - Processing /home/airflow/.local/lib/python3.8/site-packages/airflow/example_dags/example_short_circuit_decorator.py took 0.473 seconds
[2024-04-07T15:10:54.458+0000] {processor.py:161} INFO - Started process (PID=3512) to work on /home/airflow/.local/lib/python3.8/site-packages/airflow/example_dags/example_short_circuit_decorator.py
[2024-04-07T15:10:54.461+0000] {processor.py:830} INFO - Processing file /home/airflow/.local/lib/python3.8/site-packages/airflow/example_dags/example_short_circuit_decorator.py for tasks to queue
[2024-04-07T15:10:54.468+0000] {logging_mixin.py:188} INFO - [2024-04-07T15:10:54.467+0000] {dagbag.py:540} INFO - Filling up the DagBag from /home/airflow/.local/lib/python3.8/site-packages/airflow/example_dags/example_short_circuit_decorator.py
[2024-04-07T15:10:54.493+0000] {processor.py:840} INFO - DAG(s) 'example_short_circuit_decorator' retrieved from /home/airflow/.local/lib/python3.8/site-packages/airflow/example_dags/example_short_circuit_decorator.py
[2024-04-07T15:10:54.563+0000] {logging_mixin.py:188} INFO - [2024-04-07T15:10:54.563+0000] {dag.py:3047} INFO - Sync 1 DAGs
[2024-04-07T15:10:54.625+0000] {logging_mixin.py:188} INFO - [2024-04-07T15:10:54.625+0000] {dag.py:3834} INFO - Setting next_dagrun for example_short_circuit_decorator to 2024-04-06 00:00:00+00:00, run_after=2024-04-07 00:00:00+00:00
[2024-04-07T15:10:54.887+0000] {processor.py:183} INFO - Processing /home/airflow/.local/lib/python3.8/site-packages/airflow/example_dags/example_short_circuit_decorator.py took 0.435 seconds
[2024-04-07T15:11:25.382+0000] {processor.py:161} INFO - Started process (PID=3569) to work on /home/airflow/.local/lib/python3.8/site-packages/airflow/example_dags/example_short_circuit_decorator.py
[2024-04-07T15:11:25.384+0000] {processor.py:830} INFO - Processing file /home/airflow/.local/lib/python3.8/site-packages/airflow/example_dags/example_short_circuit_decorator.py for tasks to queue
[2024-04-07T15:11:25.388+0000] {logging_mixin.py:188} INFO - [2024-04-07T15:11:25.387+0000] {dagbag.py:540} INFO - Filling up the DagBag from /home/airflow/.local/lib/python3.8/site-packages/airflow/example_dags/example_short_circuit_decorator.py
[2024-04-07T15:11:25.409+0000] {processor.py:840} INFO - DAG(s) 'example_short_circuit_decorator' retrieved from /home/airflow/.local/lib/python3.8/site-packages/airflow/example_dags/example_short_circuit_decorator.py
[2024-04-07T15:11:25.479+0000] {logging_mixin.py:188} INFO - [2024-04-07T15:11:25.478+0000] {dag.py:3047} INFO - Sync 1 DAGs
[2024-04-07T15:11:25.592+0000] {logging_mixin.py:188} INFO - [2024-04-07T15:11:25.592+0000] {dag.py:3834} INFO - Setting next_dagrun for example_short_circuit_decorator to 2024-04-06 00:00:00+00:00, run_after=2024-04-07 00:00:00+00:00
[2024-04-07T15:11:25.724+0000] {processor.py:183} INFO - Processing /home/airflow/.local/lib/python3.8/site-packages/airflow/example_dags/example_short_circuit_decorator.py took 0.349 seconds
[2024-04-07T15:11:55.966+0000] {processor.py:161} INFO - Started process (PID=3626) to work on /home/airflow/.local/lib/python3.8/site-packages/airflow/example_dags/example_short_circuit_decorator.py
[2024-04-07T15:11:55.968+0000] {processor.py:830} INFO - Processing file /home/airflow/.local/lib/python3.8/site-packages/airflow/example_dags/example_short_circuit_decorator.py for tasks to queue
[2024-04-07T15:11:55.971+0000] {logging_mixin.py:188} INFO - [2024-04-07T15:11:55.971+0000] {dagbag.py:540} INFO - Filling up the DagBag from /home/airflow/.local/lib/python3.8/site-packages/airflow/example_dags/example_short_circuit_decorator.py
[2024-04-07T15:11:55.989+0000] {processor.py:840} INFO - DAG(s) 'example_short_circuit_decorator' retrieved from /home/airflow/.local/lib/python3.8/site-packages/airflow/example_dags/example_short_circuit_decorator.py
[2024-04-07T15:11:56.034+0000] {logging_mixin.py:188} INFO - [2024-04-07T15:11:56.033+0000] {dag.py:3047} INFO - Sync 1 DAGs
[2024-04-07T15:11:56.073+0000] {logging_mixin.py:188} INFO - [2024-04-07T15:11:56.073+0000] {dag.py:3834} INFO - Setting next_dagrun for example_short_circuit_decorator to 2024-04-06 00:00:00+00:00, run_after=2024-04-07 00:00:00+00:00
[2024-04-07T15:11:56.126+0000] {processor.py:183} INFO - Processing /home/airflow/.local/lib/python3.8/site-packages/airflow/example_dags/example_short_circuit_decorator.py took 0.166 seconds
