[2024-04-07T14:39:19.633+0000] {processor.py:161} INFO - Started process (PID=56) to work on /home/airflow/.local/lib/python3.8/site-packages/airflow/example_dags/example_xcomargs.py
[2024-04-07T14:39:19.639+0000] {processor.py:830} INFO - Processing file /home/airflow/.local/lib/python3.8/site-packages/airflow/example_dags/example_xcomargs.py for tasks to queue
[2024-04-07T14:39:19.644+0000] {logging_mixin.py:188} INFO - [2024-04-07T14:39:19.643+0000] {dagbag.py:540} INFO - Filling up the DagBag from /home/airflow/.local/lib/python3.8/site-packages/airflow/example_dags/example_xcomargs.py
[2024-04-07T14:39:19.964+0000] {processor.py:840} INFO - DAG(s) 'example_xcom_args', 'example_xcom_args_with_operators' retrieved from /home/airflow/.local/lib/python3.8/site-packages/airflow/example_dags/example_xcomargs.py
[2024-04-07T14:39:20.101+0000] {logging_mixin.py:188} INFO - [2024-04-07T14:39:20.100+0000] {dag.py:3047} INFO - Sync 2 DAGs
[2024-04-07T14:39:20.229+0000] {logging_mixin.py:188} INFO - [2024-04-07T14:39:20.229+0000] {dag.py:3834} INFO - Setting next_dagrun for example_xcom_args to None, run_after=None
[2024-04-07T14:39:20.280+0000] {logging_mixin.py:188} INFO - [2024-04-07T14:39:20.280+0000] {dag.py:3834} INFO - Setting next_dagrun for example_xcom_args_with_operators to None, run_after=None
[2024-04-07T14:39:20.853+0000] {processor.py:183} INFO - Processing /home/airflow/.local/lib/python3.8/site-packages/airflow/example_dags/example_xcomargs.py took 1.243 seconds
[2024-04-07T14:39:53.098+0000] {processor.py:161} INFO - Started process (PID=113) to work on /home/airflow/.local/lib/python3.8/site-packages/airflow/example_dags/example_xcomargs.py
[2024-04-07T14:39:53.100+0000] {processor.py:830} INFO - Processing file /home/airflow/.local/lib/python3.8/site-packages/airflow/example_dags/example_xcomargs.py for tasks to queue
[2024-04-07T14:39:53.104+0000] {logging_mixin.py:188} INFO - [2024-04-07T14:39:53.103+0000] {dagbag.py:540} INFO - Filling up the DagBag from /home/airflow/.local/lib/python3.8/site-packages/airflow/example_dags/example_xcomargs.py
[2024-04-07T14:39:53.132+0000] {processor.py:840} INFO - DAG(s) 'example_xcom_args', 'example_xcom_args_with_operators' retrieved from /home/airflow/.local/lib/python3.8/site-packages/airflow/example_dags/example_xcomargs.py
[2024-04-07T14:39:53.233+0000] {logging_mixin.py:188} INFO - [2024-04-07T14:39:53.233+0000] {dag.py:3047} INFO - Sync 2 DAGs
[2024-04-07T14:39:53.277+0000] {logging_mixin.py:188} INFO - [2024-04-07T14:39:53.277+0000] {dag.py:3834} INFO - Setting next_dagrun for example_xcom_args to None, run_after=None
[2024-04-07T14:39:53.285+0000] {logging_mixin.py:188} INFO - [2024-04-07T14:39:53.284+0000] {dag.py:3834} INFO - Setting next_dagrun for example_xcom_args_with_operators to None, run_after=None
[2024-04-07T14:39:53.428+0000] {processor.py:183} INFO - Processing /home/airflow/.local/lib/python3.8/site-packages/airflow/example_dags/example_xcomargs.py took 0.342 seconds
[2024-04-07T14:40:26.966+0000] {processor.py:161} INFO - Started process (PID=170) to work on /home/airflow/.local/lib/python3.8/site-packages/airflow/example_dags/example_xcomargs.py
[2024-04-07T14:40:26.979+0000] {processor.py:830} INFO - Processing file /home/airflow/.local/lib/python3.8/site-packages/airflow/example_dags/example_xcomargs.py for tasks to queue
[2024-04-07T14:40:26.994+0000] {logging_mixin.py:188} INFO - [2024-04-07T14:40:26.993+0000] {dagbag.py:540} INFO - Filling up the DagBag from /home/airflow/.local/lib/python3.8/site-packages/airflow/example_dags/example_xcomargs.py
[2024-04-07T14:40:27.035+0000] {processor.py:840} INFO - DAG(s) 'example_xcom_args_with_operators', 'example_xcom_args' retrieved from /home/airflow/.local/lib/python3.8/site-packages/airflow/example_dags/example_xcomargs.py
[2024-04-07T14:40:27.171+0000] {logging_mixin.py:188} INFO - [2024-04-07T14:40:27.170+0000] {dag.py:3047} INFO - Sync 2 DAGs
[2024-04-07T14:40:27.243+0000] {logging_mixin.py:188} INFO - [2024-04-07T14:40:27.243+0000] {dag.py:3834} INFO - Setting next_dagrun for example_xcom_args to None, run_after=None
[2024-04-07T14:40:27.263+0000] {logging_mixin.py:188} INFO - [2024-04-07T14:40:27.262+0000] {dag.py:3834} INFO - Setting next_dagrun for example_xcom_args_with_operators to None, run_after=None
[2024-04-07T14:40:27.351+0000] {processor.py:183} INFO - Processing /home/airflow/.local/lib/python3.8/site-packages/airflow/example_dags/example_xcomargs.py took 0.394 seconds
[2024-04-07T14:40:58.044+0000] {processor.py:161} INFO - Started process (PID=227) to work on /home/airflow/.local/lib/python3.8/site-packages/airflow/example_dags/example_xcomargs.py
[2024-04-07T14:40:58.047+0000] {processor.py:830} INFO - Processing file /home/airflow/.local/lib/python3.8/site-packages/airflow/example_dags/example_xcomargs.py for tasks to queue
[2024-04-07T14:40:58.052+0000] {logging_mixin.py:188} INFO - [2024-04-07T14:40:58.052+0000] {dagbag.py:540} INFO - Filling up the DagBag from /home/airflow/.local/lib/python3.8/site-packages/airflow/example_dags/example_xcomargs.py
[2024-04-07T14:40:58.080+0000] {processor.py:840} INFO - DAG(s) 'example_xcom_args_with_operators', 'example_xcom_args' retrieved from /home/airflow/.local/lib/python3.8/site-packages/airflow/example_dags/example_xcomargs.py
[2024-04-07T14:40:58.186+0000] {logging_mixin.py:188} INFO - [2024-04-07T14:40:58.186+0000] {dag.py:3047} INFO - Sync 2 DAGs
[2024-04-07T14:40:58.238+0000] {logging_mixin.py:188} INFO - [2024-04-07T14:40:58.238+0000] {dag.py:3834} INFO - Setting next_dagrun for example_xcom_args to None, run_after=None
[2024-04-07T14:40:58.247+0000] {logging_mixin.py:188} INFO - [2024-04-07T14:40:58.247+0000] {dag.py:3834} INFO - Setting next_dagrun for example_xcom_args_with_operators to None, run_after=None
[2024-04-07T14:40:58.370+0000] {processor.py:183} INFO - Processing /home/airflow/.local/lib/python3.8/site-packages/airflow/example_dags/example_xcomargs.py took 0.333 seconds
[2024-04-07T14:41:33.236+0000] {processor.py:161} INFO - Started process (PID=290) to work on /home/airflow/.local/lib/python3.8/site-packages/airflow/example_dags/example_xcomargs.py
[2024-04-07T14:41:33.254+0000] {processor.py:830} INFO - Processing file /home/airflow/.local/lib/python3.8/site-packages/airflow/example_dags/example_xcomargs.py for tasks to queue
[2024-04-07T14:41:33.262+0000] {logging_mixin.py:188} INFO - [2024-04-07T14:41:33.261+0000] {dagbag.py:540} INFO - Filling up the DagBag from /home/airflow/.local/lib/python3.8/site-packages/airflow/example_dags/example_xcomargs.py
[2024-04-07T14:41:33.289+0000] {processor.py:840} INFO - DAG(s) 'example_xcom_args', 'example_xcom_args_with_operators' retrieved from /home/airflow/.local/lib/python3.8/site-packages/airflow/example_dags/example_xcomargs.py
[2024-04-07T14:41:33.353+0000] {logging_mixin.py:188} INFO - [2024-04-07T14:41:33.353+0000] {dag.py:3047} INFO - Sync 2 DAGs
[2024-04-07T14:41:33.383+0000] {logging_mixin.py:188} INFO - [2024-04-07T14:41:33.382+0000] {dag.py:3834} INFO - Setting next_dagrun for example_xcom_args to None, run_after=None
[2024-04-07T14:41:33.391+0000] {logging_mixin.py:188} INFO - [2024-04-07T14:41:33.390+0000] {dag.py:3834} INFO - Setting next_dagrun for example_xcom_args_with_operators to None, run_after=None
[2024-04-07T14:41:33.448+0000] {processor.py:183} INFO - Processing /home/airflow/.local/lib/python3.8/site-packages/airflow/example_dags/example_xcomargs.py took 0.221 seconds
[2024-04-07T14:42:05.010+0000] {processor.py:161} INFO - Started process (PID=347) to work on /home/airflow/.local/lib/python3.8/site-packages/airflow/example_dags/example_xcomargs.py
[2024-04-07T14:42:05.026+0000] {processor.py:830} INFO - Processing file /home/airflow/.local/lib/python3.8/site-packages/airflow/example_dags/example_xcomargs.py for tasks to queue
[2024-04-07T14:42:05.030+0000] {logging_mixin.py:188} INFO - [2024-04-07T14:42:05.029+0000] {dagbag.py:540} INFO - Filling up the DagBag from /home/airflow/.local/lib/python3.8/site-packages/airflow/example_dags/example_xcomargs.py
[2024-04-07T14:42:05.056+0000] {processor.py:840} INFO - DAG(s) 'example_xcom_args_with_operators', 'example_xcom_args' retrieved from /home/airflow/.local/lib/python3.8/site-packages/airflow/example_dags/example_xcomargs.py
[2024-04-07T14:42:05.138+0000] {logging_mixin.py:188} INFO - [2024-04-07T14:42:05.138+0000] {dag.py:3047} INFO - Sync 2 DAGs
[2024-04-07T14:42:05.215+0000] {logging_mixin.py:188} INFO - [2024-04-07T14:42:05.214+0000] {dag.py:3834} INFO - Setting next_dagrun for example_xcom_args to None, run_after=None
[2024-04-07T14:42:05.240+0000] {logging_mixin.py:188} INFO - [2024-04-07T14:42:05.235+0000] {dag.py:3834} INFO - Setting next_dagrun for example_xcom_args_with_operators to None, run_after=None
[2024-04-07T14:42:05.357+0000] {processor.py:183} INFO - Processing /home/airflow/.local/lib/python3.8/site-packages/airflow/example_dags/example_xcomargs.py took 0.353 seconds
[2024-04-07T14:42:35.643+0000] {processor.py:161} INFO - Started process (PID=404) to work on /home/airflow/.local/lib/python3.8/site-packages/airflow/example_dags/example_xcomargs.py
[2024-04-07T14:42:35.646+0000] {processor.py:830} INFO - Processing file /home/airflow/.local/lib/python3.8/site-packages/airflow/example_dags/example_xcomargs.py for tasks to queue
[2024-04-07T14:42:35.650+0000] {logging_mixin.py:188} INFO - [2024-04-07T14:42:35.649+0000] {dagbag.py:540} INFO - Filling up the DagBag from /home/airflow/.local/lib/python3.8/site-packages/airflow/example_dags/example_xcomargs.py
[2024-04-07T14:42:35.672+0000] {processor.py:840} INFO - DAG(s) 'example_xcom_args', 'example_xcom_args_with_operators' retrieved from /home/airflow/.local/lib/python3.8/site-packages/airflow/example_dags/example_xcomargs.py
[2024-04-07T14:42:35.759+0000] {logging_mixin.py:188} INFO - [2024-04-07T14:42:35.758+0000] {dag.py:3047} INFO - Sync 2 DAGs
[2024-04-07T14:42:35.803+0000] {logging_mixin.py:188} INFO - [2024-04-07T14:42:35.802+0000] {dag.py:3834} INFO - Setting next_dagrun for example_xcom_args to None, run_after=None
[2024-04-07T14:42:35.811+0000] {logging_mixin.py:188} INFO - [2024-04-07T14:42:35.811+0000] {dag.py:3834} INFO - Setting next_dagrun for example_xcom_args_with_operators to None, run_after=None
[2024-04-07T14:42:35.867+0000] {processor.py:183} INFO - Processing /home/airflow/.local/lib/python3.8/site-packages/airflow/example_dags/example_xcomargs.py took 0.235 seconds
[2024-04-07T14:43:07.833+0000] {processor.py:161} INFO - Started process (PID=462) to work on /home/airflow/.local/lib/python3.8/site-packages/airflow/example_dags/example_xcomargs.py
[2024-04-07T14:43:07.836+0000] {processor.py:830} INFO - Processing file /home/airflow/.local/lib/python3.8/site-packages/airflow/example_dags/example_xcomargs.py for tasks to queue
[2024-04-07T14:43:07.839+0000] {logging_mixin.py:188} INFO - [2024-04-07T14:43:07.839+0000] {dagbag.py:540} INFO - Filling up the DagBag from /home/airflow/.local/lib/python3.8/site-packages/airflow/example_dags/example_xcomargs.py
[2024-04-07T14:43:07.872+0000] {processor.py:840} INFO - DAG(s) 'example_xcom_args', 'example_xcom_args_with_operators' retrieved from /home/airflow/.local/lib/python3.8/site-packages/airflow/example_dags/example_xcomargs.py
[2024-04-07T14:43:07.945+0000] {logging_mixin.py:188} INFO - [2024-04-07T14:43:07.944+0000] {dag.py:3047} INFO - Sync 2 DAGs
[2024-04-07T14:43:08.014+0000] {logging_mixin.py:188} INFO - [2024-04-07T14:43:08.013+0000] {dag.py:3834} INFO - Setting next_dagrun for example_xcom_args to None, run_after=None
[2024-04-07T14:43:08.045+0000] {logging_mixin.py:188} INFO - [2024-04-07T14:43:08.035+0000] {dag.py:3834} INFO - Setting next_dagrun for example_xcom_args_with_operators to None, run_after=None
[2024-04-07T14:43:08.147+0000] {processor.py:183} INFO - Processing /home/airflow/.local/lib/python3.8/site-packages/airflow/example_dags/example_xcomargs.py took 0.323 seconds
[2024-04-07T14:43:39.557+0000] {processor.py:161} INFO - Started process (PID=519) to work on /home/airflow/.local/lib/python3.8/site-packages/airflow/example_dags/example_xcomargs.py
[2024-04-07T14:43:39.562+0000] {processor.py:830} INFO - Processing file /home/airflow/.local/lib/python3.8/site-packages/airflow/example_dags/example_xcomargs.py for tasks to queue
[2024-04-07T14:43:39.566+0000] {logging_mixin.py:188} INFO - [2024-04-07T14:43:39.565+0000] {dagbag.py:540} INFO - Filling up the DagBag from /home/airflow/.local/lib/python3.8/site-packages/airflow/example_dags/example_xcomargs.py
[2024-04-07T14:43:39.599+0000] {processor.py:840} INFO - DAG(s) 'example_xcom_args_with_operators', 'example_xcom_args' retrieved from /home/airflow/.local/lib/python3.8/site-packages/airflow/example_dags/example_xcomargs.py
[2024-04-07T14:43:39.724+0000] {logging_mixin.py:188} INFO - [2024-04-07T14:43:39.723+0000] {dag.py:3047} INFO - Sync 2 DAGs
[2024-04-07T14:43:39.799+0000] {logging_mixin.py:188} INFO - [2024-04-07T14:43:39.787+0000] {dag.py:3834} INFO - Setting next_dagrun for example_xcom_args to None, run_after=None
[2024-04-07T14:43:39.821+0000] {logging_mixin.py:188} INFO - [2024-04-07T14:43:39.820+0000] {dag.py:3834} INFO - Setting next_dagrun for example_xcom_args_with_operators to None, run_after=None
[2024-04-07T14:43:39.886+0000] {processor.py:183} INFO - Processing /home/airflow/.local/lib/python3.8/site-packages/airflow/example_dags/example_xcomargs.py took 0.341 seconds
[2024-04-07T14:44:10.004+0000] {processor.py:161} INFO - Started process (PID=577) to work on /home/airflow/.local/lib/python3.8/site-packages/airflow/example_dags/example_xcomargs.py
[2024-04-07T14:44:10.007+0000] {processor.py:830} INFO - Processing file /home/airflow/.local/lib/python3.8/site-packages/airflow/example_dags/example_xcomargs.py for tasks to queue
[2024-04-07T14:44:10.022+0000] {logging_mixin.py:188} INFO - [2024-04-07T14:44:10.020+0000] {dagbag.py:540} INFO - Filling up the DagBag from /home/airflow/.local/lib/python3.8/site-packages/airflow/example_dags/example_xcomargs.py
[2024-04-07T14:44:10.069+0000] {processor.py:840} INFO - DAG(s) 'example_xcom_args', 'example_xcom_args_with_operators' retrieved from /home/airflow/.local/lib/python3.8/site-packages/airflow/example_dags/example_xcomargs.py
[2024-04-07T14:44:10.214+0000] {logging_mixin.py:188} INFO - [2024-04-07T14:44:10.213+0000] {dag.py:3047} INFO - Sync 2 DAGs
[2024-04-07T14:44:10.277+0000] {logging_mixin.py:188} INFO - [2024-04-07T14:44:10.276+0000] {dag.py:3834} INFO - Setting next_dagrun for example_xcom_args to None, run_after=None
[2024-04-07T14:44:10.310+0000] {logging_mixin.py:188} INFO - [2024-04-07T14:44:10.309+0000] {dag.py:3834} INFO - Setting next_dagrun for example_xcom_args_with_operators to None, run_after=None
[2024-04-07T14:44:10.403+0000] {processor.py:183} INFO - Processing /home/airflow/.local/lib/python3.8/site-packages/airflow/example_dags/example_xcomargs.py took 0.417 seconds
[2024-04-07T14:44:46.163+0000] {processor.py:161} INFO - Started process (PID=631) to work on /home/airflow/.local/lib/python3.8/site-packages/airflow/example_dags/example_xcomargs.py
[2024-04-07T14:44:46.215+0000] {processor.py:830} INFO - Processing file /home/airflow/.local/lib/python3.8/site-packages/airflow/example_dags/example_xcomargs.py for tasks to queue
[2024-04-07T14:44:46.246+0000] {logging_mixin.py:188} INFO - [2024-04-07T14:44:46.246+0000] {dagbag.py:540} INFO - Filling up the DagBag from /home/airflow/.local/lib/python3.8/site-packages/airflow/example_dags/example_xcomargs.py
[2024-04-07T14:44:46.310+0000] {processor.py:840} INFO - DAG(s) 'example_xcom_args_with_operators', 'example_xcom_args' retrieved from /home/airflow/.local/lib/python3.8/site-packages/airflow/example_dags/example_xcomargs.py
[2024-04-07T14:44:46.532+0000] {logging_mixin.py:188} INFO - [2024-04-07T14:44:46.531+0000] {dag.py:3047} INFO - Sync 2 DAGs
[2024-04-07T14:44:46.674+0000] {logging_mixin.py:188} INFO - [2024-04-07T14:44:46.673+0000] {dag.py:3834} INFO - Setting next_dagrun for example_xcom_args to None, run_after=None
[2024-04-07T14:44:46.721+0000] {logging_mixin.py:188} INFO - [2024-04-07T14:44:46.721+0000] {dag.py:3834} INFO - Setting next_dagrun for example_xcom_args_with_operators to None, run_after=None
[2024-04-07T14:44:46.849+0000] {processor.py:183} INFO - Processing /home/airflow/.local/lib/python3.8/site-packages/airflow/example_dags/example_xcomargs.py took 0.702 seconds
[2024-04-07T14:45:16.964+0000] {processor.py:161} INFO - Started process (PID=688) to work on /home/airflow/.local/lib/python3.8/site-packages/airflow/example_dags/example_xcomargs.py
[2024-04-07T14:45:16.966+0000] {processor.py:830} INFO - Processing file /home/airflow/.local/lib/python3.8/site-packages/airflow/example_dags/example_xcomargs.py for tasks to queue
[2024-04-07T14:45:16.969+0000] {logging_mixin.py:188} INFO - [2024-04-07T14:45:16.968+0000] {dagbag.py:540} INFO - Filling up the DagBag from /home/airflow/.local/lib/python3.8/site-packages/airflow/example_dags/example_xcomargs.py
[2024-04-07T14:45:16.983+0000] {processor.py:840} INFO - DAG(s) 'example_xcom_args', 'example_xcom_args_with_operators' retrieved from /home/airflow/.local/lib/python3.8/site-packages/airflow/example_dags/example_xcomargs.py
[2024-04-07T14:45:17.031+0000] {logging_mixin.py:188} INFO - [2024-04-07T14:45:17.030+0000] {dag.py:3047} INFO - Sync 2 DAGs
[2024-04-07T14:45:17.056+0000] {logging_mixin.py:188} INFO - [2024-04-07T14:45:17.055+0000] {dag.py:3834} INFO - Setting next_dagrun for example_xcom_args to None, run_after=None
[2024-04-07T14:45:17.062+0000] {logging_mixin.py:188} INFO - [2024-04-07T14:45:17.061+0000] {dag.py:3834} INFO - Setting next_dagrun for example_xcom_args_with_operators to None, run_after=None
[2024-04-07T14:45:17.246+0000] {processor.py:183} INFO - Processing /home/airflow/.local/lib/python3.8/site-packages/airflow/example_dags/example_xcomargs.py took 0.288 seconds
[2024-04-07T14:45:47.314+0000] {processor.py:161} INFO - Started process (PID=745) to work on /home/airflow/.local/lib/python3.8/site-packages/airflow/example_dags/example_xcomargs.py
[2024-04-07T14:45:47.316+0000] {processor.py:830} INFO - Processing file /home/airflow/.local/lib/python3.8/site-packages/airflow/example_dags/example_xcomargs.py for tasks to queue
[2024-04-07T14:45:47.319+0000] {logging_mixin.py:188} INFO - [2024-04-07T14:45:47.319+0000] {dagbag.py:540} INFO - Filling up the DagBag from /home/airflow/.local/lib/python3.8/site-packages/airflow/example_dags/example_xcomargs.py
[2024-04-07T14:45:47.341+0000] {processor.py:840} INFO - DAG(s) 'example_xcom_args_with_operators', 'example_xcom_args' retrieved from /home/airflow/.local/lib/python3.8/site-packages/airflow/example_dags/example_xcomargs.py
[2024-04-07T14:45:47.399+0000] {logging_mixin.py:188} INFO - [2024-04-07T14:45:47.399+0000] {dag.py:3047} INFO - Sync 2 DAGs
[2024-04-07T14:45:47.438+0000] {logging_mixin.py:188} INFO - [2024-04-07T14:45:47.438+0000] {dag.py:3834} INFO - Setting next_dagrun for example_xcom_args to None, run_after=None
[2024-04-07T14:45:47.449+0000] {logging_mixin.py:188} INFO - [2024-04-07T14:45:47.449+0000] {dag.py:3834} INFO - Setting next_dagrun for example_xcom_args_with_operators to None, run_after=None
[2024-04-07T14:45:47.497+0000] {processor.py:183} INFO - Processing /home/airflow/.local/lib/python3.8/site-packages/airflow/example_dags/example_xcomargs.py took 0.191 seconds
[2024-04-07T14:46:17.750+0000] {processor.py:161} INFO - Started process (PID=802) to work on /home/airflow/.local/lib/python3.8/site-packages/airflow/example_dags/example_xcomargs.py
[2024-04-07T14:46:17.756+0000] {processor.py:830} INFO - Processing file /home/airflow/.local/lib/python3.8/site-packages/airflow/example_dags/example_xcomargs.py for tasks to queue
[2024-04-07T14:46:17.760+0000] {logging_mixin.py:188} INFO - [2024-04-07T14:46:17.759+0000] {dagbag.py:540} INFO - Filling up the DagBag from /home/airflow/.local/lib/python3.8/site-packages/airflow/example_dags/example_xcomargs.py
[2024-04-07T14:46:17.776+0000] {processor.py:840} INFO - DAG(s) 'example_xcom_args', 'example_xcom_args_with_operators' retrieved from /home/airflow/.local/lib/python3.8/site-packages/airflow/example_dags/example_xcomargs.py
[2024-04-07T14:46:17.820+0000] {logging_mixin.py:188} INFO - [2024-04-07T14:46:17.820+0000] {dag.py:3047} INFO - Sync 2 DAGs
[2024-04-07T14:46:17.848+0000] {logging_mixin.py:188} INFO - [2024-04-07T14:46:17.847+0000] {dag.py:3834} INFO - Setting next_dagrun for example_xcom_args to None, run_after=None
[2024-04-07T14:46:17.857+0000] {logging_mixin.py:188} INFO - [2024-04-07T14:46:17.857+0000] {dag.py:3834} INFO - Setting next_dagrun for example_xcom_args_with_operators to None, run_after=None
[2024-04-07T14:46:17.890+0000] {processor.py:183} INFO - Processing /home/airflow/.local/lib/python3.8/site-packages/airflow/example_dags/example_xcomargs.py took 0.145 seconds
[2024-04-07T14:46:48.247+0000] {processor.py:161} INFO - Started process (PID=859) to work on /home/airflow/.local/lib/python3.8/site-packages/airflow/example_dags/example_xcomargs.py
[2024-04-07T14:46:48.251+0000] {processor.py:830} INFO - Processing file /home/airflow/.local/lib/python3.8/site-packages/airflow/example_dags/example_xcomargs.py for tasks to queue
[2024-04-07T14:46:48.255+0000] {logging_mixin.py:188} INFO - [2024-04-07T14:46:48.254+0000] {dagbag.py:540} INFO - Filling up the DagBag from /home/airflow/.local/lib/python3.8/site-packages/airflow/example_dags/example_xcomargs.py
[2024-04-07T14:46:48.281+0000] {processor.py:840} INFO - DAG(s) 'example_xcom_args', 'example_xcom_args_with_operators' retrieved from /home/airflow/.local/lib/python3.8/site-packages/airflow/example_dags/example_xcomargs.py
[2024-04-07T14:46:48.373+0000] {logging_mixin.py:188} INFO - [2024-04-07T14:46:48.371+0000] {dag.py:3047} INFO - Sync 2 DAGs
[2024-04-07T14:46:48.409+0000] {logging_mixin.py:188} INFO - [2024-04-07T14:46:48.409+0000] {dag.py:3834} INFO - Setting next_dagrun for example_xcom_args to None, run_after=None
[2024-04-07T14:46:48.419+0000] {logging_mixin.py:188} INFO - [2024-04-07T14:46:48.419+0000] {dag.py:3834} INFO - Setting next_dagrun for example_xcom_args_with_operators to None, run_after=None
[2024-04-07T14:46:48.467+0000] {processor.py:183} INFO - Processing /home/airflow/.local/lib/python3.8/site-packages/airflow/example_dags/example_xcomargs.py took 0.229 seconds
[2024-04-07T14:47:19.979+0000] {processor.py:161} INFO - Started process (PID=916) to work on /home/airflow/.local/lib/python3.8/site-packages/airflow/example_dags/example_xcomargs.py
[2024-04-07T14:47:19.981+0000] {processor.py:830} INFO - Processing file /home/airflow/.local/lib/python3.8/site-packages/airflow/example_dags/example_xcomargs.py for tasks to queue
[2024-04-07T14:47:19.985+0000] {logging_mixin.py:188} INFO - [2024-04-07T14:47:19.984+0000] {dagbag.py:540} INFO - Filling up the DagBag from /home/airflow/.local/lib/python3.8/site-packages/airflow/example_dags/example_xcomargs.py
[2024-04-07T14:47:20.009+0000] {processor.py:840} INFO - DAG(s) 'example_xcom_args', 'example_xcom_args_with_operators' retrieved from /home/airflow/.local/lib/python3.8/site-packages/airflow/example_dags/example_xcomargs.py
[2024-04-07T14:47:20.063+0000] {logging_mixin.py:188} INFO - [2024-04-07T14:47:20.063+0000] {dag.py:3047} INFO - Sync 2 DAGs
[2024-04-07T14:47:20.094+0000] {logging_mixin.py:188} INFO - [2024-04-07T14:47:20.093+0000] {dag.py:3834} INFO - Setting next_dagrun for example_xcom_args to None, run_after=None
[2024-04-07T14:47:20.102+0000] {logging_mixin.py:188} INFO - [2024-04-07T14:47:20.101+0000] {dag.py:3834} INFO - Setting next_dagrun for example_xcom_args_with_operators to None, run_after=None
[2024-04-07T14:47:20.146+0000] {processor.py:183} INFO - Processing /home/airflow/.local/lib/python3.8/site-packages/airflow/example_dags/example_xcomargs.py took 0.176 seconds
[2024-04-07T14:47:50.397+0000] {processor.py:161} INFO - Started process (PID=972) to work on /home/airflow/.local/lib/python3.8/site-packages/airflow/example_dags/example_xcomargs.py
[2024-04-07T14:47:50.400+0000] {processor.py:830} INFO - Processing file /home/airflow/.local/lib/python3.8/site-packages/airflow/example_dags/example_xcomargs.py for tasks to queue
[2024-04-07T14:47:50.412+0000] {logging_mixin.py:188} INFO - [2024-04-07T14:47:50.411+0000] {dagbag.py:540} INFO - Filling up the DagBag from /home/airflow/.local/lib/python3.8/site-packages/airflow/example_dags/example_xcomargs.py
[2024-04-07T14:47:50.454+0000] {processor.py:840} INFO - DAG(s) 'example_xcom_args_with_operators', 'example_xcom_args' retrieved from /home/airflow/.local/lib/python3.8/site-packages/airflow/example_dags/example_xcomargs.py
[2024-04-07T14:47:50.518+0000] {logging_mixin.py:188} INFO - [2024-04-07T14:47:50.517+0000] {dag.py:3047} INFO - Sync 2 DAGs
[2024-04-07T14:47:50.555+0000] {logging_mixin.py:188} INFO - [2024-04-07T14:47:50.554+0000] {dag.py:3834} INFO - Setting next_dagrun for example_xcom_args to None, run_after=None
[2024-04-07T14:47:50.565+0000] {logging_mixin.py:188} INFO - [2024-04-07T14:47:50.564+0000] {dag.py:3834} INFO - Setting next_dagrun for example_xcom_args_with_operators to None, run_after=None
[2024-04-07T14:47:50.646+0000] {processor.py:183} INFO - Processing /home/airflow/.local/lib/python3.8/site-packages/airflow/example_dags/example_xcomargs.py took 0.255 seconds
[2024-04-07T14:48:20.988+0000] {processor.py:161} INFO - Started process (PID=1029) to work on /home/airflow/.local/lib/python3.8/site-packages/airflow/example_dags/example_xcomargs.py
[2024-04-07T14:48:20.990+0000] {processor.py:830} INFO - Processing file /home/airflow/.local/lib/python3.8/site-packages/airflow/example_dags/example_xcomargs.py for tasks to queue
[2024-04-07T14:48:20.997+0000] {logging_mixin.py:188} INFO - [2024-04-07T14:48:20.995+0000] {dagbag.py:540} INFO - Filling up the DagBag from /home/airflow/.local/lib/python3.8/site-packages/airflow/example_dags/example_xcomargs.py
[2024-04-07T14:48:21.013+0000] {processor.py:840} INFO - DAG(s) 'example_xcom_args', 'example_xcom_args_with_operators' retrieved from /home/airflow/.local/lib/python3.8/site-packages/airflow/example_dags/example_xcomargs.py
[2024-04-07T14:48:21.061+0000] {logging_mixin.py:188} INFO - [2024-04-07T14:48:21.061+0000] {dag.py:3047} INFO - Sync 2 DAGs
[2024-04-07T14:48:21.088+0000] {logging_mixin.py:188} INFO - [2024-04-07T14:48:21.087+0000] {dag.py:3834} INFO - Setting next_dagrun for example_xcom_args to None, run_after=None
[2024-04-07T14:48:21.097+0000] {logging_mixin.py:188} INFO - [2024-04-07T14:48:21.096+0000] {dag.py:3834} INFO - Setting next_dagrun for example_xcom_args_with_operators to None, run_after=None
[2024-04-07T14:48:21.134+0000] {processor.py:183} INFO - Processing /home/airflow/.local/lib/python3.8/site-packages/airflow/example_dags/example_xcomargs.py took 0.151 seconds
[2024-04-07T14:48:52.070+0000] {processor.py:161} INFO - Started process (PID=1086) to work on /home/airflow/.local/lib/python3.8/site-packages/airflow/example_dags/example_xcomargs.py
[2024-04-07T14:48:52.072+0000] {processor.py:830} INFO - Processing file /home/airflow/.local/lib/python3.8/site-packages/airflow/example_dags/example_xcomargs.py for tasks to queue
[2024-04-07T14:48:52.076+0000] {logging_mixin.py:188} INFO - [2024-04-07T14:48:52.075+0000] {dagbag.py:540} INFO - Filling up the DagBag from /home/airflow/.local/lib/python3.8/site-packages/airflow/example_dags/example_xcomargs.py
[2024-04-07T14:48:52.106+0000] {processor.py:840} INFO - DAG(s) 'example_xcom_args_with_operators', 'example_xcom_args' retrieved from /home/airflow/.local/lib/python3.8/site-packages/airflow/example_dags/example_xcomargs.py
[2024-04-07T14:48:52.188+0000] {logging_mixin.py:188} INFO - [2024-04-07T14:48:52.187+0000] {dag.py:3047} INFO - Sync 2 DAGs
[2024-04-07T14:48:52.226+0000] {logging_mixin.py:188} INFO - [2024-04-07T14:48:52.226+0000] {dag.py:3834} INFO - Setting next_dagrun for example_xcom_args to None, run_after=None
[2024-04-07T14:48:52.235+0000] {logging_mixin.py:188} INFO - [2024-04-07T14:48:52.235+0000] {dag.py:3834} INFO - Setting next_dagrun for example_xcom_args_with_operators to None, run_after=None
[2024-04-07T14:48:52.293+0000] {processor.py:183} INFO - Processing /home/airflow/.local/lib/python3.8/site-packages/airflow/example_dags/example_xcomargs.py took 0.233 seconds
[2024-04-07T14:49:22.864+0000] {processor.py:161} INFO - Started process (PID=1143) to work on /home/airflow/.local/lib/python3.8/site-packages/airflow/example_dags/example_xcomargs.py
[2024-04-07T14:49:22.867+0000] {processor.py:830} INFO - Processing file /home/airflow/.local/lib/python3.8/site-packages/airflow/example_dags/example_xcomargs.py for tasks to queue
[2024-04-07T14:49:22.871+0000] {logging_mixin.py:188} INFO - [2024-04-07T14:49:22.870+0000] {dagbag.py:540} INFO - Filling up the DagBag from /home/airflow/.local/lib/python3.8/site-packages/airflow/example_dags/example_xcomargs.py
[2024-04-07T14:49:22.894+0000] {processor.py:840} INFO - DAG(s) 'example_xcom_args_with_operators', 'example_xcom_args' retrieved from /home/airflow/.local/lib/python3.8/site-packages/airflow/example_dags/example_xcomargs.py
[2024-04-07T14:49:22.962+0000] {logging_mixin.py:188} INFO - [2024-04-07T14:49:22.961+0000] {dag.py:3047} INFO - Sync 2 DAGs
[2024-04-07T14:49:23.002+0000] {logging_mixin.py:188} INFO - [2024-04-07T14:49:23.002+0000] {dag.py:3834} INFO - Setting next_dagrun for example_xcom_args to None, run_after=None
[2024-04-07T14:49:23.031+0000] {logging_mixin.py:188} INFO - [2024-04-07T14:49:23.031+0000] {dag.py:3834} INFO - Setting next_dagrun for example_xcom_args_with_operators to None, run_after=None
[2024-04-07T14:49:23.199+0000] {processor.py:183} INFO - Processing /home/airflow/.local/lib/python3.8/site-packages/airflow/example_dags/example_xcomargs.py took 0.344 seconds
[2024-04-07T14:49:54.634+0000] {processor.py:161} INFO - Started process (PID=1200) to work on /home/airflow/.local/lib/python3.8/site-packages/airflow/example_dags/example_xcomargs.py
[2024-04-07T14:49:54.644+0000] {processor.py:830} INFO - Processing file /home/airflow/.local/lib/python3.8/site-packages/airflow/example_dags/example_xcomargs.py for tasks to queue
[2024-04-07T14:49:54.656+0000] {logging_mixin.py:188} INFO - [2024-04-07T14:49:54.655+0000] {dagbag.py:540} INFO - Filling up the DagBag from /home/airflow/.local/lib/python3.8/site-packages/airflow/example_dags/example_xcomargs.py
[2024-04-07T14:49:54.698+0000] {processor.py:840} INFO - DAG(s) 'example_xcom_args', 'example_xcom_args_with_operators' retrieved from /home/airflow/.local/lib/python3.8/site-packages/airflow/example_dags/example_xcomargs.py
[2024-04-07T14:49:54.820+0000] {logging_mixin.py:188} INFO - [2024-04-07T14:49:54.819+0000] {dag.py:3047} INFO - Sync 2 DAGs
[2024-04-07T14:49:54.870+0000] {logging_mixin.py:188} INFO - [2024-04-07T14:49:54.869+0000] {dag.py:3834} INFO - Setting next_dagrun for example_xcom_args to None, run_after=None
[2024-04-07T14:49:54.884+0000] {logging_mixin.py:188} INFO - [2024-04-07T14:49:54.883+0000] {dag.py:3834} INFO - Setting next_dagrun for example_xcom_args_with_operators to None, run_after=None
[2024-04-07T14:49:55.099+0000] {processor.py:183} INFO - Processing /home/airflow/.local/lib/python3.8/site-packages/airflow/example_dags/example_xcomargs.py took 0.484 seconds
[2024-04-07T14:50:26.418+0000] {processor.py:161} INFO - Started process (PID=1256) to work on /home/airflow/.local/lib/python3.8/site-packages/airflow/example_dags/example_xcomargs.py
[2024-04-07T14:50:26.424+0000] {processor.py:830} INFO - Processing file /home/airflow/.local/lib/python3.8/site-packages/airflow/example_dags/example_xcomargs.py for tasks to queue
[2024-04-07T14:50:26.429+0000] {logging_mixin.py:188} INFO - [2024-04-07T14:50:26.429+0000] {dagbag.py:540} INFO - Filling up the DagBag from /home/airflow/.local/lib/python3.8/site-packages/airflow/example_dags/example_xcomargs.py
[2024-04-07T14:50:26.454+0000] {processor.py:840} INFO - DAG(s) 'example_xcom_args_with_operators', 'example_xcom_args' retrieved from /home/airflow/.local/lib/python3.8/site-packages/airflow/example_dags/example_xcomargs.py
[2024-04-07T14:50:26.631+0000] {logging_mixin.py:188} INFO - [2024-04-07T14:50:26.631+0000] {dag.py:3047} INFO - Sync 2 DAGs
[2024-04-07T14:50:26.716+0000] {logging_mixin.py:188} INFO - [2024-04-07T14:50:26.715+0000] {dag.py:3834} INFO - Setting next_dagrun for example_xcom_args to None, run_after=None
[2024-04-07T14:50:26.743+0000] {logging_mixin.py:188} INFO - [2024-04-07T14:50:26.741+0000] {dag.py:3834} INFO - Setting next_dagrun for example_xcom_args_with_operators to None, run_after=None
[2024-04-07T14:50:27.116+0000] {processor.py:183} INFO - Processing /home/airflow/.local/lib/python3.8/site-packages/airflow/example_dags/example_xcomargs.py took 0.706 seconds
[2024-04-07T14:50:57.255+0000] {processor.py:161} INFO - Started process (PID=1314) to work on /home/airflow/.local/lib/python3.8/site-packages/airflow/example_dags/example_xcomargs.py
[2024-04-07T14:50:57.258+0000] {processor.py:830} INFO - Processing file /home/airflow/.local/lib/python3.8/site-packages/airflow/example_dags/example_xcomargs.py for tasks to queue
[2024-04-07T14:50:57.262+0000] {logging_mixin.py:188} INFO - [2024-04-07T14:50:57.261+0000] {dagbag.py:540} INFO - Filling up the DagBag from /home/airflow/.local/lib/python3.8/site-packages/airflow/example_dags/example_xcomargs.py
[2024-04-07T14:50:57.278+0000] {processor.py:840} INFO - DAG(s) 'example_xcom_args_with_operators', 'example_xcom_args' retrieved from /home/airflow/.local/lib/python3.8/site-packages/airflow/example_dags/example_xcomargs.py
[2024-04-07T14:50:57.322+0000] {logging_mixin.py:188} INFO - [2024-04-07T14:50:57.321+0000] {dag.py:3047} INFO - Sync 2 DAGs
[2024-04-07T14:50:57.345+0000] {logging_mixin.py:188} INFO - [2024-04-07T14:50:57.344+0000] {dag.py:3834} INFO - Setting next_dagrun for example_xcom_args to None, run_after=None
[2024-04-07T14:50:57.352+0000] {logging_mixin.py:188} INFO - [2024-04-07T14:50:57.352+0000] {dag.py:3834} INFO - Setting next_dagrun for example_xcom_args_with_operators to None, run_after=None
[2024-04-07T14:50:57.386+0000] {processor.py:183} INFO - Processing /home/airflow/.local/lib/python3.8/site-packages/airflow/example_dags/example_xcomargs.py took 0.139 seconds
[2024-04-07T14:51:28.088+0000] {processor.py:161} INFO - Started process (PID=1370) to work on /home/airflow/.local/lib/python3.8/site-packages/airflow/example_dags/example_xcomargs.py
[2024-04-07T14:51:28.091+0000] {processor.py:830} INFO - Processing file /home/airflow/.local/lib/python3.8/site-packages/airflow/example_dags/example_xcomargs.py for tasks to queue
[2024-04-07T14:51:28.095+0000] {logging_mixin.py:188} INFO - [2024-04-07T14:51:28.094+0000] {dagbag.py:540} INFO - Filling up the DagBag from /home/airflow/.local/lib/python3.8/site-packages/airflow/example_dags/example_xcomargs.py
[2024-04-07T14:51:28.109+0000] {processor.py:840} INFO - DAG(s) 'example_xcom_args', 'example_xcom_args_with_operators' retrieved from /home/airflow/.local/lib/python3.8/site-packages/airflow/example_dags/example_xcomargs.py
[2024-04-07T14:51:28.150+0000] {logging_mixin.py:188} INFO - [2024-04-07T14:51:28.150+0000] {dag.py:3047} INFO - Sync 2 DAGs
[2024-04-07T14:51:28.171+0000] {logging_mixin.py:188} INFO - [2024-04-07T14:51:28.171+0000] {dag.py:3834} INFO - Setting next_dagrun for example_xcom_args to None, run_after=None
[2024-04-07T14:51:28.179+0000] {logging_mixin.py:188} INFO - [2024-04-07T14:51:28.178+0000] {dag.py:3834} INFO - Setting next_dagrun for example_xcom_args_with_operators to None, run_after=None
[2024-04-07T14:51:28.286+0000] {processor.py:183} INFO - Processing /home/airflow/.local/lib/python3.8/site-packages/airflow/example_dags/example_xcomargs.py took 0.204 seconds
[2024-04-07T14:51:58.735+0000] {processor.py:161} INFO - Started process (PID=1428) to work on /home/airflow/.local/lib/python3.8/site-packages/airflow/example_dags/example_xcomargs.py
[2024-04-07T14:51:58.738+0000] {processor.py:830} INFO - Processing file /home/airflow/.local/lib/python3.8/site-packages/airflow/example_dags/example_xcomargs.py for tasks to queue
[2024-04-07T14:51:58.748+0000] {logging_mixin.py:188} INFO - [2024-04-07T14:51:58.744+0000] {dagbag.py:540} INFO - Filling up the DagBag from /home/airflow/.local/lib/python3.8/site-packages/airflow/example_dags/example_xcomargs.py
[2024-04-07T14:51:58.787+0000] {processor.py:840} INFO - DAG(s) 'example_xcom_args', 'example_xcom_args_with_operators' retrieved from /home/airflow/.local/lib/python3.8/site-packages/airflow/example_dags/example_xcomargs.py
[2024-04-07T14:51:58.906+0000] {logging_mixin.py:188} INFO - [2024-04-07T14:51:58.896+0000] {dag.py:3047} INFO - Sync 2 DAGs
[2024-04-07T14:51:59.007+0000] {logging_mixin.py:188} INFO - [2024-04-07T14:51:59.006+0000] {dag.py:3834} INFO - Setting next_dagrun for example_xcom_args to None, run_after=None
[2024-04-07T14:51:59.021+0000] {logging_mixin.py:188} INFO - [2024-04-07T14:51:59.020+0000] {dag.py:3834} INFO - Setting next_dagrun for example_xcom_args_with_operators to None, run_after=None
[2024-04-07T14:51:59.104+0000] {processor.py:183} INFO - Processing /home/airflow/.local/lib/python3.8/site-packages/airflow/example_dags/example_xcomargs.py took 0.375 seconds
[2024-04-07T14:52:29.944+0000] {processor.py:161} INFO - Started process (PID=1485) to work on /home/airflow/.local/lib/python3.8/site-packages/airflow/example_dags/example_xcomargs.py
[2024-04-07T14:52:29.949+0000] {processor.py:830} INFO - Processing file /home/airflow/.local/lib/python3.8/site-packages/airflow/example_dags/example_xcomargs.py for tasks to queue
[2024-04-07T14:52:29.956+0000] {logging_mixin.py:188} INFO - [2024-04-07T14:52:29.955+0000] {dagbag.py:540} INFO - Filling up the DagBag from /home/airflow/.local/lib/python3.8/site-packages/airflow/example_dags/example_xcomargs.py
[2024-04-07T14:52:29.983+0000] {processor.py:840} INFO - DAG(s) 'example_xcom_args_with_operators', 'example_xcom_args' retrieved from /home/airflow/.local/lib/python3.8/site-packages/airflow/example_dags/example_xcomargs.py
[2024-04-07T14:52:30.039+0000] {logging_mixin.py:188} INFO - [2024-04-07T14:52:30.039+0000] {dag.py:3047} INFO - Sync 2 DAGs
[2024-04-07T14:52:30.063+0000] {logging_mixin.py:188} INFO - [2024-04-07T14:52:30.062+0000] {dag.py:3834} INFO - Setting next_dagrun for example_xcom_args to None, run_after=None
[2024-04-07T14:52:30.070+0000] {logging_mixin.py:188} INFO - [2024-04-07T14:52:30.070+0000] {dag.py:3834} INFO - Setting next_dagrun for example_xcom_args_with_operators to None, run_after=None
[2024-04-07T14:52:30.112+0000] {processor.py:183} INFO - Processing /home/airflow/.local/lib/python3.8/site-packages/airflow/example_dags/example_xcomargs.py took 0.177 seconds
[2024-04-07T14:53:01.061+0000] {processor.py:161} INFO - Started process (PID=1542) to work on /home/airflow/.local/lib/python3.8/site-packages/airflow/example_dags/example_xcomargs.py
[2024-04-07T14:53:01.076+0000] {processor.py:830} INFO - Processing file /home/airflow/.local/lib/python3.8/site-packages/airflow/example_dags/example_xcomargs.py for tasks to queue
[2024-04-07T14:53:01.108+0000] {logging_mixin.py:188} INFO - [2024-04-07T14:53:01.103+0000] {dagbag.py:540} INFO - Filling up the DagBag from /home/airflow/.local/lib/python3.8/site-packages/airflow/example_dags/example_xcomargs.py
[2024-04-07T14:53:01.188+0000] {processor.py:840} INFO - DAG(s) 'example_xcom_args', 'example_xcom_args_with_operators' retrieved from /home/airflow/.local/lib/python3.8/site-packages/airflow/example_dags/example_xcomargs.py
[2024-04-07T14:53:01.397+0000] {logging_mixin.py:188} INFO - [2024-04-07T14:53:01.397+0000] {dag.py:3047} INFO - Sync 2 DAGs
[2024-04-07T14:53:01.527+0000] {logging_mixin.py:188} INFO - [2024-04-07T14:53:01.526+0000] {dag.py:3834} INFO - Setting next_dagrun for example_xcom_args to None, run_after=None
[2024-04-07T14:53:01.576+0000] {logging_mixin.py:188} INFO - [2024-04-07T14:53:01.576+0000] {dag.py:3834} INFO - Setting next_dagrun for example_xcom_args_with_operators to None, run_after=None
[2024-04-07T14:53:01.689+0000] {processor.py:183} INFO - Processing /home/airflow/.local/lib/python3.8/site-packages/airflow/example_dags/example_xcomargs.py took 0.645 seconds
[2024-04-07T14:53:31.885+0000] {processor.py:161} INFO - Started process (PID=1599) to work on /home/airflow/.local/lib/python3.8/site-packages/airflow/example_dags/example_xcomargs.py
[2024-04-07T14:53:31.890+0000] {processor.py:830} INFO - Processing file /home/airflow/.local/lib/python3.8/site-packages/airflow/example_dags/example_xcomargs.py for tasks to queue
[2024-04-07T14:53:31.895+0000] {logging_mixin.py:188} INFO - [2024-04-07T14:53:31.894+0000] {dagbag.py:540} INFO - Filling up the DagBag from /home/airflow/.local/lib/python3.8/site-packages/airflow/example_dags/example_xcomargs.py
[2024-04-07T14:53:31.914+0000] {processor.py:840} INFO - DAG(s) 'example_xcom_args_with_operators', 'example_xcom_args' retrieved from /home/airflow/.local/lib/python3.8/site-packages/airflow/example_dags/example_xcomargs.py
[2024-04-07T14:53:31.983+0000] {logging_mixin.py:188} INFO - [2024-04-07T14:53:31.982+0000] {dag.py:3047} INFO - Sync 2 DAGs
[2024-04-07T14:53:32.035+0000] {logging_mixin.py:188} INFO - [2024-04-07T14:53:32.034+0000] {dag.py:3834} INFO - Setting next_dagrun for example_xcom_args to None, run_after=None
[2024-04-07T14:53:32.043+0000] {logging_mixin.py:188} INFO - [2024-04-07T14:53:32.043+0000] {dag.py:3834} INFO - Setting next_dagrun for example_xcom_args_with_operators to None, run_after=None
[2024-04-07T14:53:32.114+0000] {processor.py:183} INFO - Processing /home/airflow/.local/lib/python3.8/site-packages/airflow/example_dags/example_xcomargs.py took 0.233 seconds
[2024-04-07T14:54:02.211+0000] {processor.py:161} INFO - Started process (PID=1656) to work on /home/airflow/.local/lib/python3.8/site-packages/airflow/example_dags/example_xcomargs.py
[2024-04-07T14:54:02.213+0000] {processor.py:830} INFO - Processing file /home/airflow/.local/lib/python3.8/site-packages/airflow/example_dags/example_xcomargs.py for tasks to queue
[2024-04-07T14:54:02.217+0000] {logging_mixin.py:188} INFO - [2024-04-07T14:54:02.216+0000] {dagbag.py:540} INFO - Filling up the DagBag from /home/airflow/.local/lib/python3.8/site-packages/airflow/example_dags/example_xcomargs.py
[2024-04-07T14:54:02.232+0000] {processor.py:840} INFO - DAG(s) 'example_xcom_args', 'example_xcom_args_with_operators' retrieved from /home/airflow/.local/lib/python3.8/site-packages/airflow/example_dags/example_xcomargs.py
[2024-04-07T14:54:02.283+0000] {logging_mixin.py:188} INFO - [2024-04-07T14:54:02.282+0000] {dag.py:3047} INFO - Sync 2 DAGs
[2024-04-07T14:54:02.304+0000] {logging_mixin.py:188} INFO - [2024-04-07T14:54:02.304+0000] {dag.py:3834} INFO - Setting next_dagrun for example_xcom_args to None, run_after=None
[2024-04-07T14:54:02.311+0000] {logging_mixin.py:188} INFO - [2024-04-07T14:54:02.311+0000] {dag.py:3834} INFO - Setting next_dagrun for example_xcom_args_with_operators to None, run_after=None
[2024-04-07T14:54:02.336+0000] {processor.py:183} INFO - Processing /home/airflow/.local/lib/python3.8/site-packages/airflow/example_dags/example_xcomargs.py took 0.137 seconds
[2024-04-07T14:54:33.017+0000] {processor.py:161} INFO - Started process (PID=1719) to work on /home/airflow/.local/lib/python3.8/site-packages/airflow/example_dags/example_xcomargs.py
[2024-04-07T14:54:33.019+0000] {processor.py:830} INFO - Processing file /home/airflow/.local/lib/python3.8/site-packages/airflow/example_dags/example_xcomargs.py for tasks to queue
[2024-04-07T14:54:33.022+0000] {logging_mixin.py:188} INFO - [2024-04-07T14:54:33.021+0000] {dagbag.py:540} INFO - Filling up the DagBag from /home/airflow/.local/lib/python3.8/site-packages/airflow/example_dags/example_xcomargs.py
[2024-04-07T14:54:33.036+0000] {processor.py:840} INFO - DAG(s) 'example_xcom_args', 'example_xcom_args_with_operators' retrieved from /home/airflow/.local/lib/python3.8/site-packages/airflow/example_dags/example_xcomargs.py
[2024-04-07T14:54:33.074+0000] {logging_mixin.py:188} INFO - [2024-04-07T14:54:33.074+0000] {dag.py:3047} INFO - Sync 2 DAGs
[2024-04-07T14:54:33.106+0000] {logging_mixin.py:188} INFO - [2024-04-07T14:54:33.105+0000] {dag.py:3834} INFO - Setting next_dagrun for example_xcom_args to None, run_after=None
[2024-04-07T14:54:33.113+0000] {logging_mixin.py:188} INFO - [2024-04-07T14:54:33.113+0000] {dag.py:3834} INFO - Setting next_dagrun for example_xcom_args_with_operators to None, run_after=None
[2024-04-07T14:54:33.149+0000] {processor.py:183} INFO - Processing /home/airflow/.local/lib/python3.8/site-packages/airflow/example_dags/example_xcomargs.py took 0.138 seconds
[2024-04-07T14:55:04.084+0000] {processor.py:161} INFO - Started process (PID=1775) to work on /home/airflow/.local/lib/python3.8/site-packages/airflow/example_dags/example_xcomargs.py
[2024-04-07T14:55:04.086+0000] {processor.py:830} INFO - Processing file /home/airflow/.local/lib/python3.8/site-packages/airflow/example_dags/example_xcomargs.py for tasks to queue
[2024-04-07T14:55:04.089+0000] {logging_mixin.py:188} INFO - [2024-04-07T14:55:04.089+0000] {dagbag.py:540} INFO - Filling up the DagBag from /home/airflow/.local/lib/python3.8/site-packages/airflow/example_dags/example_xcomargs.py
[2024-04-07T14:55:04.106+0000] {processor.py:840} INFO - DAG(s) 'example_xcom_args', 'example_xcom_args_with_operators' retrieved from /home/airflow/.local/lib/python3.8/site-packages/airflow/example_dags/example_xcomargs.py
[2024-04-07T14:55:04.150+0000] {logging_mixin.py:188} INFO - [2024-04-07T14:55:04.150+0000] {dag.py:3047} INFO - Sync 2 DAGs
[2024-04-07T14:55:04.174+0000] {logging_mixin.py:188} INFO - [2024-04-07T14:55:04.173+0000] {dag.py:3834} INFO - Setting next_dagrun for example_xcom_args to None, run_after=None
[2024-04-07T14:55:04.182+0000] {logging_mixin.py:188} INFO - [2024-04-07T14:55:04.181+0000] {dag.py:3834} INFO - Setting next_dagrun for example_xcom_args_with_operators to None, run_after=None
[2024-04-07T14:55:04.219+0000] {processor.py:183} INFO - Processing /home/airflow/.local/lib/python3.8/site-packages/airflow/example_dags/example_xcomargs.py took 0.143 seconds
[2024-04-07T14:55:34.443+0000] {processor.py:161} INFO - Started process (PID=1832) to work on /home/airflow/.local/lib/python3.8/site-packages/airflow/example_dags/example_xcomargs.py
[2024-04-07T14:55:34.446+0000] {processor.py:830} INFO - Processing file /home/airflow/.local/lib/python3.8/site-packages/airflow/example_dags/example_xcomargs.py for tasks to queue
[2024-04-07T14:55:34.461+0000] {logging_mixin.py:188} INFO - [2024-04-07T14:55:34.460+0000] {dagbag.py:540} INFO - Filling up the DagBag from /home/airflow/.local/lib/python3.8/site-packages/airflow/example_dags/example_xcomargs.py
[2024-04-07T14:55:34.525+0000] {processor.py:840} INFO - DAG(s) 'example_xcom_args_with_operators', 'example_xcom_args' retrieved from /home/airflow/.local/lib/python3.8/site-packages/airflow/example_dags/example_xcomargs.py
[2024-04-07T14:55:34.663+0000] {logging_mixin.py:188} INFO - [2024-04-07T14:55:34.662+0000] {dag.py:3047} INFO - Sync 2 DAGs
[2024-04-07T14:55:34.734+0000] {logging_mixin.py:188} INFO - [2024-04-07T14:55:34.733+0000] {dag.py:3834} INFO - Setting next_dagrun for example_xcom_args to None, run_after=None
[2024-04-07T14:55:34.766+0000] {logging_mixin.py:188} INFO - [2024-04-07T14:55:34.765+0000] {dag.py:3834} INFO - Setting next_dagrun for example_xcom_args_with_operators to None, run_after=None
[2024-04-07T14:55:34.904+0000] {processor.py:183} INFO - Processing /home/airflow/.local/lib/python3.8/site-packages/airflow/example_dags/example_xcomargs.py took 0.479 seconds
[2024-04-07T14:56:05.392+0000] {processor.py:161} INFO - Started process (PID=1890) to work on /home/airflow/.local/lib/python3.8/site-packages/airflow/example_dags/example_xcomargs.py
[2024-04-07T14:56:05.401+0000] {processor.py:830} INFO - Processing file /home/airflow/.local/lib/python3.8/site-packages/airflow/example_dags/example_xcomargs.py for tasks to queue
[2024-04-07T14:56:05.405+0000] {logging_mixin.py:188} INFO - [2024-04-07T14:56:05.404+0000] {dagbag.py:540} INFO - Filling up the DagBag from /home/airflow/.local/lib/python3.8/site-packages/airflow/example_dags/example_xcomargs.py
[2024-04-07T14:56:05.433+0000] {processor.py:840} INFO - DAG(s) 'example_xcom_args', 'example_xcom_args_with_operators' retrieved from /home/airflow/.local/lib/python3.8/site-packages/airflow/example_dags/example_xcomargs.py
[2024-04-07T14:56:05.521+0000] {logging_mixin.py:188} INFO - [2024-04-07T14:56:05.519+0000] {dag.py:3047} INFO - Sync 2 DAGs
[2024-04-07T14:56:05.576+0000] {logging_mixin.py:188} INFO - [2024-04-07T14:56:05.574+0000] {dag.py:3834} INFO - Setting next_dagrun for example_xcom_args to None, run_after=None
[2024-04-07T14:56:05.595+0000] {logging_mixin.py:188} INFO - [2024-04-07T14:56:05.594+0000] {dag.py:3834} INFO - Setting next_dagrun for example_xcom_args_with_operators to None, run_after=None
[2024-04-07T14:56:05.742+0000] {processor.py:183} INFO - Processing /home/airflow/.local/lib/python3.8/site-packages/airflow/example_dags/example_xcomargs.py took 0.358 seconds
[2024-04-07T14:56:35.908+0000] {processor.py:161} INFO - Started process (PID=1946) to work on /home/airflow/.local/lib/python3.8/site-packages/airflow/example_dags/example_xcomargs.py
[2024-04-07T14:56:35.914+0000] {processor.py:830} INFO - Processing file /home/airflow/.local/lib/python3.8/site-packages/airflow/example_dags/example_xcomargs.py for tasks to queue
[2024-04-07T14:56:35.931+0000] {logging_mixin.py:188} INFO - [2024-04-07T14:56:35.930+0000] {dagbag.py:540} INFO - Filling up the DagBag from /home/airflow/.local/lib/python3.8/site-packages/airflow/example_dags/example_xcomargs.py
[2024-04-07T14:56:35.983+0000] {processor.py:840} INFO - DAG(s) 'example_xcom_args_with_operators', 'example_xcom_args' retrieved from /home/airflow/.local/lib/python3.8/site-packages/airflow/example_dags/example_xcomargs.py
[2024-04-07T14:56:36.089+0000] {logging_mixin.py:188} INFO - [2024-04-07T14:56:36.089+0000] {dag.py:3047} INFO - Sync 2 DAGs
[2024-04-07T14:56:36.124+0000] {logging_mixin.py:188} INFO - [2024-04-07T14:56:36.123+0000] {dag.py:3834} INFO - Setting next_dagrun for example_xcom_args to None, run_after=None
[2024-04-07T14:56:36.134+0000] {logging_mixin.py:188} INFO - [2024-04-07T14:56:36.133+0000] {dag.py:3834} INFO - Setting next_dagrun for example_xcom_args_with_operators to None, run_after=None
[2024-04-07T14:56:36.183+0000] {processor.py:183} INFO - Processing /home/airflow/.local/lib/python3.8/site-packages/airflow/example_dags/example_xcomargs.py took 0.292 seconds
[2024-04-07T14:57:07.155+0000] {processor.py:161} INFO - Started process (PID=2003) to work on /home/airflow/.local/lib/python3.8/site-packages/airflow/example_dags/example_xcomargs.py
[2024-04-07T14:57:07.157+0000] {processor.py:830} INFO - Processing file /home/airflow/.local/lib/python3.8/site-packages/airflow/example_dags/example_xcomargs.py for tasks to queue
[2024-04-07T14:57:07.160+0000] {logging_mixin.py:188} INFO - [2024-04-07T14:57:07.160+0000] {dagbag.py:540} INFO - Filling up the DagBag from /home/airflow/.local/lib/python3.8/site-packages/airflow/example_dags/example_xcomargs.py
[2024-04-07T14:57:07.175+0000] {processor.py:840} INFO - DAG(s) 'example_xcom_args', 'example_xcom_args_with_operators' retrieved from /home/airflow/.local/lib/python3.8/site-packages/airflow/example_dags/example_xcomargs.py
[2024-04-07T14:57:07.228+0000] {logging_mixin.py:188} INFO - [2024-04-07T14:57:07.227+0000] {dag.py:3047} INFO - Sync 2 DAGs
[2024-04-07T14:57:07.253+0000] {logging_mixin.py:188} INFO - [2024-04-07T14:57:07.252+0000] {dag.py:3834} INFO - Setting next_dagrun for example_xcom_args to None, run_after=None
[2024-04-07T14:57:07.259+0000] {logging_mixin.py:188} INFO - [2024-04-07T14:57:07.258+0000] {dag.py:3834} INFO - Setting next_dagrun for example_xcom_args_with_operators to None, run_after=None
[2024-04-07T14:57:07.293+0000] {processor.py:183} INFO - Processing /home/airflow/.local/lib/python3.8/site-packages/airflow/example_dags/example_xcomargs.py took 0.143 seconds
[2024-04-07T14:57:37.531+0000] {processor.py:161} INFO - Started process (PID=2061) to work on /home/airflow/.local/lib/python3.8/site-packages/airflow/example_dags/example_xcomargs.py
[2024-04-07T14:57:37.533+0000] {processor.py:830} INFO - Processing file /home/airflow/.local/lib/python3.8/site-packages/airflow/example_dags/example_xcomargs.py for tasks to queue
[2024-04-07T14:57:37.536+0000] {logging_mixin.py:188} INFO - [2024-04-07T14:57:37.536+0000] {dagbag.py:540} INFO - Filling up the DagBag from /home/airflow/.local/lib/python3.8/site-packages/airflow/example_dags/example_xcomargs.py
[2024-04-07T14:57:37.552+0000] {processor.py:840} INFO - DAG(s) 'example_xcom_args_with_operators', 'example_xcom_args' retrieved from /home/airflow/.local/lib/python3.8/site-packages/airflow/example_dags/example_xcomargs.py
[2024-04-07T14:57:37.587+0000] {logging_mixin.py:188} INFO - [2024-04-07T14:57:37.587+0000] {dag.py:3047} INFO - Sync 2 DAGs
[2024-04-07T14:57:37.607+0000] {logging_mixin.py:188} INFO - [2024-04-07T14:57:37.607+0000] {dag.py:3834} INFO - Setting next_dagrun for example_xcom_args to None, run_after=None
[2024-04-07T14:57:37.614+0000] {logging_mixin.py:188} INFO - [2024-04-07T14:57:37.613+0000] {dag.py:3834} INFO - Setting next_dagrun for example_xcom_args_with_operators to None, run_after=None
[2024-04-07T14:57:37.643+0000] {processor.py:183} INFO - Processing /home/airflow/.local/lib/python3.8/site-packages/airflow/example_dags/example_xcomargs.py took 0.117 seconds
[2024-04-07T14:58:08.115+0000] {processor.py:161} INFO - Started process (PID=2118) to work on /home/airflow/.local/lib/python3.8/site-packages/airflow/example_dags/example_xcomargs.py
[2024-04-07T14:58:08.118+0000] {processor.py:830} INFO - Processing file /home/airflow/.local/lib/python3.8/site-packages/airflow/example_dags/example_xcomargs.py for tasks to queue
[2024-04-07T14:58:08.121+0000] {logging_mixin.py:188} INFO - [2024-04-07T14:58:08.120+0000] {dagbag.py:540} INFO - Filling up the DagBag from /home/airflow/.local/lib/python3.8/site-packages/airflow/example_dags/example_xcomargs.py
[2024-04-07T14:58:08.134+0000] {processor.py:840} INFO - DAG(s) 'example_xcom_args_with_operators', 'example_xcom_args' retrieved from /home/airflow/.local/lib/python3.8/site-packages/airflow/example_dags/example_xcomargs.py
[2024-04-07T14:58:08.178+0000] {logging_mixin.py:188} INFO - [2024-04-07T14:58:08.177+0000] {dag.py:3047} INFO - Sync 2 DAGs
[2024-04-07T14:58:08.208+0000] {logging_mixin.py:188} INFO - [2024-04-07T14:58:08.207+0000] {dag.py:3834} INFO - Setting next_dagrun for example_xcom_args to None, run_after=None
[2024-04-07T14:58:08.219+0000] {logging_mixin.py:188} INFO - [2024-04-07T14:58:08.219+0000] {dag.py:3834} INFO - Setting next_dagrun for example_xcom_args_with_operators to None, run_after=None
[2024-04-07T14:58:08.264+0000] {processor.py:183} INFO - Processing /home/airflow/.local/lib/python3.8/site-packages/airflow/example_dags/example_xcomargs.py took 0.154 seconds
[2024-04-07T14:58:38.825+0000] {processor.py:161} INFO - Started process (PID=2175) to work on /home/airflow/.local/lib/python3.8/site-packages/airflow/example_dags/example_xcomargs.py
[2024-04-07T14:58:38.828+0000] {processor.py:830} INFO - Processing file /home/airflow/.local/lib/python3.8/site-packages/airflow/example_dags/example_xcomargs.py for tasks to queue
[2024-04-07T14:58:38.835+0000] {logging_mixin.py:188} INFO - [2024-04-07T14:58:38.832+0000] {dagbag.py:540} INFO - Filling up the DagBag from /home/airflow/.local/lib/python3.8/site-packages/airflow/example_dags/example_xcomargs.py
[2024-04-07T14:58:38.857+0000] {processor.py:840} INFO - DAG(s) 'example_xcom_args_with_operators', 'example_xcom_args' retrieved from /home/airflow/.local/lib/python3.8/site-packages/airflow/example_dags/example_xcomargs.py
[2024-04-07T14:58:38.928+0000] {logging_mixin.py:188} INFO - [2024-04-07T14:58:38.927+0000] {dag.py:3047} INFO - Sync 2 DAGs
[2024-04-07T14:58:38.976+0000] {logging_mixin.py:188} INFO - [2024-04-07T14:58:38.976+0000] {dag.py:3834} INFO - Setting next_dagrun for example_xcom_args to None, run_after=None
[2024-04-07T14:58:38.985+0000] {logging_mixin.py:188} INFO - [2024-04-07T14:58:38.985+0000] {dag.py:3834} INFO - Setting next_dagrun for example_xcom_args_with_operators to None, run_after=None
[2024-04-07T14:58:39.020+0000] {processor.py:183} INFO - Processing /home/airflow/.local/lib/python3.8/site-packages/airflow/example_dags/example_xcomargs.py took 0.202 seconds
[2024-04-07T14:59:09.169+0000] {processor.py:161} INFO - Started process (PID=2232) to work on /home/airflow/.local/lib/python3.8/site-packages/airflow/example_dags/example_xcomargs.py
[2024-04-07T14:59:09.171+0000] {processor.py:830} INFO - Processing file /home/airflow/.local/lib/python3.8/site-packages/airflow/example_dags/example_xcomargs.py for tasks to queue
[2024-04-07T14:59:09.174+0000] {logging_mixin.py:188} INFO - [2024-04-07T14:59:09.174+0000] {dagbag.py:540} INFO - Filling up the DagBag from /home/airflow/.local/lib/python3.8/site-packages/airflow/example_dags/example_xcomargs.py
[2024-04-07T14:59:09.189+0000] {processor.py:840} INFO - DAG(s) 'example_xcom_args_with_operators', 'example_xcom_args' retrieved from /home/airflow/.local/lib/python3.8/site-packages/airflow/example_dags/example_xcomargs.py
[2024-04-07T14:59:09.237+0000] {logging_mixin.py:188} INFO - [2024-04-07T14:59:09.237+0000] {dag.py:3047} INFO - Sync 2 DAGs
[2024-04-07T14:59:09.261+0000] {logging_mixin.py:188} INFO - [2024-04-07T14:59:09.261+0000] {dag.py:3834} INFO - Setting next_dagrun for example_xcom_args to None, run_after=None
[2024-04-07T14:59:09.270+0000] {logging_mixin.py:188} INFO - [2024-04-07T14:59:09.269+0000] {dag.py:3834} INFO - Setting next_dagrun for example_xcom_args_with_operators to None, run_after=None
[2024-04-07T14:59:09.318+0000] {processor.py:183} INFO - Processing /home/airflow/.local/lib/python3.8/site-packages/airflow/example_dags/example_xcomargs.py took 0.156 seconds
[2024-04-07T14:59:40.819+0000] {processor.py:161} INFO - Started process (PID=2289) to work on /home/airflow/.local/lib/python3.8/site-packages/airflow/example_dags/example_xcomargs.py
[2024-04-07T14:59:40.822+0000] {processor.py:830} INFO - Processing file /home/airflow/.local/lib/python3.8/site-packages/airflow/example_dags/example_xcomargs.py for tasks to queue
[2024-04-07T14:59:40.828+0000] {logging_mixin.py:188} INFO - [2024-04-07T14:59:40.827+0000] {dagbag.py:540} INFO - Filling up the DagBag from /home/airflow/.local/lib/python3.8/site-packages/airflow/example_dags/example_xcomargs.py
[2024-04-07T14:59:40.862+0000] {processor.py:840} INFO - DAG(s) 'example_xcom_args_with_operators', 'example_xcom_args' retrieved from /home/airflow/.local/lib/python3.8/site-packages/airflow/example_dags/example_xcomargs.py
[2024-04-07T14:59:40.933+0000] {logging_mixin.py:188} INFO - [2024-04-07T14:59:40.932+0000] {dag.py:3047} INFO - Sync 2 DAGs
[2024-04-07T14:59:40.970+0000] {logging_mixin.py:188} INFO - [2024-04-07T14:59:40.969+0000] {dag.py:3834} INFO - Setting next_dagrun for example_xcom_args to None, run_after=None
[2024-04-07T14:59:40.977+0000] {logging_mixin.py:188} INFO - [2024-04-07T14:59:40.976+0000] {dag.py:3834} INFO - Setting next_dagrun for example_xcom_args_with_operators to None, run_after=None
[2024-04-07T14:59:41.020+0000] {processor.py:183} INFO - Processing /home/airflow/.local/lib/python3.8/site-packages/airflow/example_dags/example_xcomargs.py took 0.221 seconds
[2024-04-07T15:00:11.712+0000] {processor.py:161} INFO - Started process (PID=2346) to work on /home/airflow/.local/lib/python3.8/site-packages/airflow/example_dags/example_xcomargs.py
[2024-04-07T15:00:11.714+0000] {processor.py:830} INFO - Processing file /home/airflow/.local/lib/python3.8/site-packages/airflow/example_dags/example_xcomargs.py for tasks to queue
[2024-04-07T15:00:11.718+0000] {logging_mixin.py:188} INFO - [2024-04-07T15:00:11.717+0000] {dagbag.py:540} INFO - Filling up the DagBag from /home/airflow/.local/lib/python3.8/site-packages/airflow/example_dags/example_xcomargs.py
[2024-04-07T15:00:11.733+0000] {processor.py:840} INFO - DAG(s) 'example_xcom_args', 'example_xcom_args_with_operators' retrieved from /home/airflow/.local/lib/python3.8/site-packages/airflow/example_dags/example_xcomargs.py
[2024-04-07T15:00:11.788+0000] {logging_mixin.py:188} INFO - [2024-04-07T15:00:11.787+0000] {dag.py:3047} INFO - Sync 2 DAGs
[2024-04-07T15:00:11.818+0000] {logging_mixin.py:188} INFO - [2024-04-07T15:00:11.817+0000] {dag.py:3834} INFO - Setting next_dagrun for example_xcom_args to None, run_after=None
[2024-04-07T15:00:11.824+0000] {logging_mixin.py:188} INFO - [2024-04-07T15:00:11.824+0000] {dag.py:3834} INFO - Setting next_dagrun for example_xcom_args_with_operators to None, run_after=None
[2024-04-07T15:00:11.859+0000] {processor.py:183} INFO - Processing /home/airflow/.local/lib/python3.8/site-packages/airflow/example_dags/example_xcomargs.py took 0.154 seconds
