[2024-04-07T14:39:15.663+0000] {processor.py:161} INFO - Started process (PID=48) to work on /home/airflow/.local/lib/python3.8/site-packages/airflow/example_dags/example_setup_teardown_taskflow.py
[2024-04-07T14:39:15.670+0000] {processor.py:830} INFO - Processing file /home/airflow/.local/lib/python3.8/site-packages/airflow/example_dags/example_setup_teardown_taskflow.py for tasks to queue
[2024-04-07T14:39:15.676+0000] {logging_mixin.py:188} INFO - [2024-04-07T14:39:15.675+0000] {dagbag.py:540} INFO - Filling up the DagBag from /home/airflow/.local/lib/python3.8/site-packages/airflow/example_dags/example_setup_teardown_taskflow.py
[2024-04-07T14:39:15.796+0000] {processor.py:840} INFO - DAG(s) 'example_setup_teardown_taskflow' retrieved from /home/airflow/.local/lib/python3.8/site-packages/airflow/example_dags/example_setup_teardown_taskflow.py
[2024-04-07T14:39:15.857+0000] {logging_mixin.py:188} INFO - [2024-04-07T14:39:15.856+0000] {dag.py:3047} INFO - Sync 1 DAGs
[2024-04-07T14:39:15.912+0000] {logging_mixin.py:188} INFO - [2024-04-07T14:39:15.911+0000] {dag.py:3834} INFO - Setting next_dagrun for example_setup_teardown_taskflow to 2024-04-06 00:00:00+00:00, run_after=2024-04-07 00:00:00+00:00
[2024-04-07T14:39:16.353+0000] {processor.py:183} INFO - Processing /home/airflow/.local/lib/python3.8/site-packages/airflow/example_dags/example_setup_teardown_taskflow.py took 0.696 seconds
[2024-04-07T14:39:50.323+0000] {processor.py:161} INFO - Started process (PID=105) to work on /home/airflow/.local/lib/python3.8/site-packages/airflow/example_dags/example_setup_teardown_taskflow.py
[2024-04-07T14:39:50.327+0000] {processor.py:830} INFO - Processing file /home/airflow/.local/lib/python3.8/site-packages/airflow/example_dags/example_setup_teardown_taskflow.py for tasks to queue
[2024-04-07T14:39:50.331+0000] {logging_mixin.py:188} INFO - [2024-04-07T14:39:50.330+0000] {dagbag.py:540} INFO - Filling up the DagBag from /home/airflow/.local/lib/python3.8/site-packages/airflow/example_dags/example_setup_teardown_taskflow.py
[2024-04-07T14:39:50.359+0000] {processor.py:840} INFO - DAG(s) 'example_setup_teardown_taskflow' retrieved from /home/airflow/.local/lib/python3.8/site-packages/airflow/example_dags/example_setup_teardown_taskflow.py
[2024-04-07T14:39:50.413+0000] {logging_mixin.py:188} INFO - [2024-04-07T14:39:50.413+0000] {dag.py:3047} INFO - Sync 1 DAGs
[2024-04-07T14:39:50.466+0000] {logging_mixin.py:188} INFO - [2024-04-07T14:39:50.465+0000] {dag.py:3834} INFO - Setting next_dagrun for example_setup_teardown_taskflow to 2024-04-06 00:00:00+00:00, run_after=2024-04-07 00:00:00+00:00
[2024-04-07T14:39:50.605+0000] {processor.py:183} INFO - Processing /home/airflow/.local/lib/python3.8/site-packages/airflow/example_dags/example_setup_teardown_taskflow.py took 0.289 seconds
[2024-04-07T14:40:24.755+0000] {processor.py:161} INFO - Started process (PID=162) to work on /home/airflow/.local/lib/python3.8/site-packages/airflow/example_dags/example_setup_teardown_taskflow.py
[2024-04-07T14:40:24.764+0000] {processor.py:830} INFO - Processing file /home/airflow/.local/lib/python3.8/site-packages/airflow/example_dags/example_setup_teardown_taskflow.py for tasks to queue
[2024-04-07T14:40:24.781+0000] {logging_mixin.py:188} INFO - [2024-04-07T14:40:24.780+0000] {dagbag.py:540} INFO - Filling up the DagBag from /home/airflow/.local/lib/python3.8/site-packages/airflow/example_dags/example_setup_teardown_taskflow.py
[2024-04-07T14:40:24.825+0000] {processor.py:840} INFO - DAG(s) 'example_setup_teardown_taskflow' retrieved from /home/airflow/.local/lib/python3.8/site-packages/airflow/example_dags/example_setup_teardown_taskflow.py
[2024-04-07T14:40:24.963+0000] {logging_mixin.py:188} INFO - [2024-04-07T14:40:24.962+0000] {dag.py:3047} INFO - Sync 1 DAGs
[2024-04-07T14:40:25.095+0000] {logging_mixin.py:188} INFO - [2024-04-07T14:40:25.095+0000] {dag.py:3834} INFO - Setting next_dagrun for example_setup_teardown_taskflow to 2024-04-06 00:00:00+00:00, run_after=2024-04-07 00:00:00+00:00
[2024-04-07T14:40:25.183+0000] {processor.py:183} INFO - Processing /home/airflow/.local/lib/python3.8/site-packages/airflow/example_dags/example_setup_teardown_taskflow.py took 0.442 seconds
[2024-04-07T14:40:56.214+0000] {processor.py:161} INFO - Started process (PID=219) to work on /home/airflow/.local/lib/python3.8/site-packages/airflow/example_dags/example_setup_teardown_taskflow.py
[2024-04-07T14:40:56.239+0000] {processor.py:830} INFO - Processing file /home/airflow/.local/lib/python3.8/site-packages/airflow/example_dags/example_setup_teardown_taskflow.py for tasks to queue
[2024-04-07T14:40:56.262+0000] {logging_mixin.py:188} INFO - [2024-04-07T14:40:56.262+0000] {dagbag.py:540} INFO - Filling up the DagBag from /home/airflow/.local/lib/python3.8/site-packages/airflow/example_dags/example_setup_teardown_taskflow.py
[2024-04-07T14:40:56.332+0000] {processor.py:840} INFO - DAG(s) 'example_setup_teardown_taskflow' retrieved from /home/airflow/.local/lib/python3.8/site-packages/airflow/example_dags/example_setup_teardown_taskflow.py
[2024-04-07T14:40:56.526+0000] {logging_mixin.py:188} INFO - [2024-04-07T14:40:56.525+0000] {dag.py:3047} INFO - Sync 1 DAGs
[2024-04-07T14:40:56.637+0000] {logging_mixin.py:188} INFO - [2024-04-07T14:40:56.637+0000] {dag.py:3834} INFO - Setting next_dagrun for example_setup_teardown_taskflow to 2024-04-06 00:00:00+00:00, run_after=2024-04-07 00:00:00+00:00
[2024-04-07T14:40:56.762+0000] {processor.py:183} INFO - Processing /home/airflow/.local/lib/python3.8/site-packages/airflow/example_dags/example_setup_teardown_taskflow.py took 0.565 seconds
[2024-04-07T14:41:30.112+0000] {processor.py:161} INFO - Started process (PID=282) to work on /home/airflow/.local/lib/python3.8/site-packages/airflow/example_dags/example_setup_teardown_taskflow.py
[2024-04-07T14:41:30.117+0000] {processor.py:830} INFO - Processing file /home/airflow/.local/lib/python3.8/site-packages/airflow/example_dags/example_setup_teardown_taskflow.py for tasks to queue
[2024-04-07T14:41:30.128+0000] {logging_mixin.py:188} INFO - [2024-04-07T14:41:30.128+0000] {dagbag.py:540} INFO - Filling up the DagBag from /home/airflow/.local/lib/python3.8/site-packages/airflow/example_dags/example_setup_teardown_taskflow.py
[2024-04-07T14:41:30.181+0000] {processor.py:840} INFO - DAG(s) 'example_setup_teardown_taskflow' retrieved from /home/airflow/.local/lib/python3.8/site-packages/airflow/example_dags/example_setup_teardown_taskflow.py
[2024-04-07T14:41:30.298+0000] {logging_mixin.py:188} INFO - [2024-04-07T14:41:30.297+0000] {dag.py:3047} INFO - Sync 1 DAGs
[2024-04-07T14:41:30.430+0000] {logging_mixin.py:188} INFO - [2024-04-07T14:41:30.430+0000] {dag.py:3834} INFO - Setting next_dagrun for example_setup_teardown_taskflow to 2024-04-06 00:00:00+00:00, run_after=2024-04-07 00:00:00+00:00
[2024-04-07T14:41:30.568+0000] {processor.py:183} INFO - Processing /home/airflow/.local/lib/python3.8/site-packages/airflow/example_dags/example_setup_teardown_taskflow.py took 0.463 seconds
[2024-04-07T14:42:02.385+0000] {processor.py:161} INFO - Started process (PID=339) to work on /home/airflow/.local/lib/python3.8/site-packages/airflow/example_dags/example_setup_teardown_taskflow.py
[2024-04-07T14:42:02.399+0000] {processor.py:830} INFO - Processing file /home/airflow/.local/lib/python3.8/site-packages/airflow/example_dags/example_setup_teardown_taskflow.py for tasks to queue
[2024-04-07T14:42:02.416+0000] {logging_mixin.py:188} INFO - [2024-04-07T14:42:02.415+0000] {dagbag.py:540} INFO - Filling up the DagBag from /home/airflow/.local/lib/python3.8/site-packages/airflow/example_dags/example_setup_teardown_taskflow.py
[2024-04-07T14:42:02.483+0000] {processor.py:840} INFO - DAG(s) 'example_setup_teardown_taskflow' retrieved from /home/airflow/.local/lib/python3.8/site-packages/airflow/example_dags/example_setup_teardown_taskflow.py
[2024-04-07T14:42:02.652+0000] {logging_mixin.py:188} INFO - [2024-04-07T14:42:02.651+0000] {dag.py:3047} INFO - Sync 1 DAGs
[2024-04-07T14:42:02.775+0000] {logging_mixin.py:188} INFO - [2024-04-07T14:42:02.775+0000] {dag.py:3834} INFO - Setting next_dagrun for example_setup_teardown_taskflow to 2024-04-06 00:00:00+00:00, run_after=2024-04-07 00:00:00+00:00
[2024-04-07T14:42:02.939+0000] {processor.py:183} INFO - Processing /home/airflow/.local/lib/python3.8/site-packages/airflow/example_dags/example_setup_teardown_taskflow.py took 0.577 seconds
[2024-04-07T14:42:33.696+0000] {processor.py:161} INFO - Started process (PID=396) to work on /home/airflow/.local/lib/python3.8/site-packages/airflow/example_dags/example_setup_teardown_taskflow.py
[2024-04-07T14:42:33.698+0000] {processor.py:830} INFO - Processing file /home/airflow/.local/lib/python3.8/site-packages/airflow/example_dags/example_setup_teardown_taskflow.py for tasks to queue
[2024-04-07T14:42:33.703+0000] {logging_mixin.py:188} INFO - [2024-04-07T14:42:33.702+0000] {dagbag.py:540} INFO - Filling up the DagBag from /home/airflow/.local/lib/python3.8/site-packages/airflow/example_dags/example_setup_teardown_taskflow.py
[2024-04-07T14:42:33.723+0000] {processor.py:840} INFO - DAG(s) 'example_setup_teardown_taskflow' retrieved from /home/airflow/.local/lib/python3.8/site-packages/airflow/example_dags/example_setup_teardown_taskflow.py
[2024-04-07T14:42:33.771+0000] {logging_mixin.py:188} INFO - [2024-04-07T14:42:33.770+0000] {dag.py:3047} INFO - Sync 1 DAGs
[2024-04-07T14:42:33.810+0000] {logging_mixin.py:188} INFO - [2024-04-07T14:42:33.809+0000] {dag.py:3834} INFO - Setting next_dagrun for example_setup_teardown_taskflow to 2024-04-06 00:00:00+00:00, run_after=2024-04-07 00:00:00+00:00
[2024-04-07T14:42:33.855+0000] {processor.py:183} INFO - Processing /home/airflow/.local/lib/python3.8/site-packages/airflow/example_dags/example_setup_teardown_taskflow.py took 0.166 seconds
[2024-04-07T14:43:04.325+0000] {processor.py:161} INFO - Started process (PID=452) to work on /home/airflow/.local/lib/python3.8/site-packages/airflow/example_dags/example_setup_teardown_taskflow.py
[2024-04-07T14:43:04.328+0000] {processor.py:830} INFO - Processing file /home/airflow/.local/lib/python3.8/site-packages/airflow/example_dags/example_setup_teardown_taskflow.py for tasks to queue
[2024-04-07T14:43:04.332+0000] {logging_mixin.py:188} INFO - [2024-04-07T14:43:04.332+0000] {dagbag.py:540} INFO - Filling up the DagBag from /home/airflow/.local/lib/python3.8/site-packages/airflow/example_dags/example_setup_teardown_taskflow.py
[2024-04-07T14:43:04.358+0000] {processor.py:840} INFO - DAG(s) 'example_setup_teardown_taskflow' retrieved from /home/airflow/.local/lib/python3.8/site-packages/airflow/example_dags/example_setup_teardown_taskflow.py
[2024-04-07T14:43:04.413+0000] {logging_mixin.py:188} INFO - [2024-04-07T14:43:04.412+0000] {dag.py:3047} INFO - Sync 1 DAGs
[2024-04-07T14:43:04.472+0000] {logging_mixin.py:188} INFO - [2024-04-07T14:43:04.471+0000] {dag.py:3834} INFO - Setting next_dagrun for example_setup_teardown_taskflow to 2024-04-06 00:00:00+00:00, run_after=2024-04-07 00:00:00+00:00
[2024-04-07T14:43:04.524+0000] {processor.py:183} INFO - Processing /home/airflow/.local/lib/python3.8/site-packages/airflow/example_dags/example_setup_teardown_taskflow.py took 0.208 seconds
[2024-04-07T14:43:35.078+0000] {processor.py:161} INFO - Started process (PID=509) to work on /home/airflow/.local/lib/python3.8/site-packages/airflow/example_dags/example_setup_teardown_taskflow.py
[2024-04-07T14:43:35.088+0000] {processor.py:830} INFO - Processing file /home/airflow/.local/lib/python3.8/site-packages/airflow/example_dags/example_setup_teardown_taskflow.py for tasks to queue
[2024-04-07T14:43:35.096+0000] {logging_mixin.py:188} INFO - [2024-04-07T14:43:35.095+0000] {dagbag.py:540} INFO - Filling up the DagBag from /home/airflow/.local/lib/python3.8/site-packages/airflow/example_dags/example_setup_teardown_taskflow.py
[2024-04-07T14:43:35.172+0000] {processor.py:840} INFO - DAG(s) 'example_setup_teardown_taskflow' retrieved from /home/airflow/.local/lib/python3.8/site-packages/airflow/example_dags/example_setup_teardown_taskflow.py
[2024-04-07T14:43:35.281+0000] {logging_mixin.py:188} INFO - [2024-04-07T14:43:35.280+0000] {dag.py:3047} INFO - Sync 1 DAGs
[2024-04-07T14:43:35.482+0000] {logging_mixin.py:188} INFO - [2024-04-07T14:43:35.481+0000] {dag.py:3834} INFO - Setting next_dagrun for example_setup_teardown_taskflow to 2024-04-06 00:00:00+00:00, run_after=2024-04-07 00:00:00+00:00
[2024-04-07T14:43:35.614+0000] {processor.py:183} INFO - Processing /home/airflow/.local/lib/python3.8/site-packages/airflow/example_dags/example_setup_teardown_taskflow.py took 0.543 seconds
[2024-04-07T14:44:06.157+0000] {processor.py:161} INFO - Started process (PID=566) to work on /home/airflow/.local/lib/python3.8/site-packages/airflow/example_dags/example_setup_teardown_taskflow.py
[2024-04-07T14:44:06.160+0000] {processor.py:830} INFO - Processing file /home/airflow/.local/lib/python3.8/site-packages/airflow/example_dags/example_setup_teardown_taskflow.py for tasks to queue
[2024-04-07T14:44:06.165+0000] {logging_mixin.py:188} INFO - [2024-04-07T14:44:06.164+0000] {dagbag.py:540} INFO - Filling up the DagBag from /home/airflow/.local/lib/python3.8/site-packages/airflow/example_dags/example_setup_teardown_taskflow.py
[2024-04-07T14:44:06.259+0000] {processor.py:840} INFO - DAG(s) 'example_setup_teardown_taskflow' retrieved from /home/airflow/.local/lib/python3.8/site-packages/airflow/example_dags/example_setup_teardown_taskflow.py
[2024-04-07T14:44:06.318+0000] {logging_mixin.py:188} INFO - [2024-04-07T14:44:06.318+0000] {dag.py:3047} INFO - Sync 1 DAGs
[2024-04-07T14:44:06.442+0000] {logging_mixin.py:188} INFO - [2024-04-07T14:44:06.441+0000] {dag.py:3834} INFO - Setting next_dagrun for example_setup_teardown_taskflow to 2024-04-06 00:00:00+00:00, run_after=2024-04-07 00:00:00+00:00
[2024-04-07T14:44:06.640+0000] {processor.py:183} INFO - Processing /home/airflow/.local/lib/python3.8/site-packages/airflow/example_dags/example_setup_teardown_taskflow.py took 0.503 seconds
[2024-04-07T14:44:38.902+0000] {processor.py:161} INFO - Started process (PID=623) to work on /home/airflow/.local/lib/python3.8/site-packages/airflow/example_dags/example_setup_teardown_taskflow.py
[2024-04-07T14:44:39.331+0000] {processor.py:830} INFO - Processing file /home/airflow/.local/lib/python3.8/site-packages/airflow/example_dags/example_setup_teardown_taskflow.py for tasks to queue
[2024-04-07T14:44:39.347+0000] {logging_mixin.py:188} INFO - [2024-04-07T14:44:39.338+0000] {dagbag.py:540} INFO - Filling up the DagBag from /home/airflow/.local/lib/python3.8/site-packages/airflow/example_dags/example_setup_teardown_taskflow.py
[2024-04-07T14:44:39.443+0000] {processor.py:840} INFO - DAG(s) 'example_setup_teardown_taskflow' retrieved from /home/airflow/.local/lib/python3.8/site-packages/airflow/example_dags/example_setup_teardown_taskflow.py
[2024-04-07T14:44:39.627+0000] {logging_mixin.py:188} INFO - [2024-04-07T14:44:39.626+0000] {dag.py:3047} INFO - Sync 1 DAGs
[2024-04-07T14:44:39.850+0000] {logging_mixin.py:188} INFO - [2024-04-07T14:44:39.838+0000] {dag.py:3834} INFO - Setting next_dagrun for example_setup_teardown_taskflow to 2024-04-06 00:00:00+00:00, run_after=2024-04-07 00:00:00+00:00
[2024-04-07T14:44:40.056+0000] {processor.py:183} INFO - Processing /home/airflow/.local/lib/python3.8/site-packages/airflow/example_dags/example_setup_teardown_taskflow.py took 1.159 seconds
[2024-04-07T14:45:11.166+0000] {processor.py:161} INFO - Started process (PID=679) to work on /home/airflow/.local/lib/python3.8/site-packages/airflow/example_dags/example_setup_teardown_taskflow.py
[2024-04-07T14:45:11.180+0000] {processor.py:830} INFO - Processing file /home/airflow/.local/lib/python3.8/site-packages/airflow/example_dags/example_setup_teardown_taskflow.py for tasks to queue
[2024-04-07T14:45:11.194+0000] {logging_mixin.py:188} INFO - [2024-04-07T14:45:11.184+0000] {dagbag.py:540} INFO - Filling up the DagBag from /home/airflow/.local/lib/python3.8/site-packages/airflow/example_dags/example_setup_teardown_taskflow.py
[2024-04-07T14:45:11.259+0000] {processor.py:840} INFO - DAG(s) 'example_setup_teardown_taskflow' retrieved from /home/airflow/.local/lib/python3.8/site-packages/airflow/example_dags/example_setup_teardown_taskflow.py
[2024-04-07T14:45:11.321+0000] {logging_mixin.py:188} INFO - [2024-04-07T14:45:11.321+0000] {dag.py:3047} INFO - Sync 1 DAGs
[2024-04-07T14:45:11.369+0000] {logging_mixin.py:188} INFO - [2024-04-07T14:45:11.369+0000] {dag.py:3834} INFO - Setting next_dagrun for example_setup_teardown_taskflow to 2024-04-06 00:00:00+00:00, run_after=2024-04-07 00:00:00+00:00
[2024-04-07T14:45:11.403+0000] {processor.py:183} INFO - Processing /home/airflow/.local/lib/python3.8/site-packages/airflow/example_dags/example_setup_teardown_taskflow.py took 0.249 seconds
[2024-04-07T14:45:42.606+0000] {processor.py:161} INFO - Started process (PID=736) to work on /home/airflow/.local/lib/python3.8/site-packages/airflow/example_dags/example_setup_teardown_taskflow.py
[2024-04-07T14:45:42.616+0000] {processor.py:830} INFO - Processing file /home/airflow/.local/lib/python3.8/site-packages/airflow/example_dags/example_setup_teardown_taskflow.py for tasks to queue
[2024-04-07T14:45:42.619+0000] {logging_mixin.py:188} INFO - [2024-04-07T14:45:42.619+0000] {dagbag.py:540} INFO - Filling up the DagBag from /home/airflow/.local/lib/python3.8/site-packages/airflow/example_dags/example_setup_teardown_taskflow.py
[2024-04-07T14:45:42.659+0000] {processor.py:840} INFO - DAG(s) 'example_setup_teardown_taskflow' retrieved from /home/airflow/.local/lib/python3.8/site-packages/airflow/example_dags/example_setup_teardown_taskflow.py
[2024-04-07T14:45:42.769+0000] {logging_mixin.py:188} INFO - [2024-04-07T14:45:42.757+0000] {dag.py:3047} INFO - Sync 1 DAGs
[2024-04-07T14:45:42.864+0000] {logging_mixin.py:188} INFO - [2024-04-07T14:45:42.864+0000] {dag.py:3834} INFO - Setting next_dagrun for example_setup_teardown_taskflow to 2024-04-06 00:00:00+00:00, run_after=2024-04-07 00:00:00+00:00
[2024-04-07T14:45:42.918+0000] {processor.py:183} INFO - Processing /home/airflow/.local/lib/python3.8/site-packages/airflow/example_dags/example_setup_teardown_taskflow.py took 0.318 seconds
[2024-04-07T14:46:13.745+0000] {processor.py:161} INFO - Started process (PID=793) to work on /home/airflow/.local/lib/python3.8/site-packages/airflow/example_dags/example_setup_teardown_taskflow.py
[2024-04-07T14:46:13.750+0000] {processor.py:830} INFO - Processing file /home/airflow/.local/lib/python3.8/site-packages/airflow/example_dags/example_setup_teardown_taskflow.py for tasks to queue
[2024-04-07T14:46:13.754+0000] {logging_mixin.py:188} INFO - [2024-04-07T14:46:13.753+0000] {dagbag.py:540} INFO - Filling up the DagBag from /home/airflow/.local/lib/python3.8/site-packages/airflow/example_dags/example_setup_teardown_taskflow.py
[2024-04-07T14:46:13.778+0000] {processor.py:840} INFO - DAG(s) 'example_setup_teardown_taskflow' retrieved from /home/airflow/.local/lib/python3.8/site-packages/airflow/example_dags/example_setup_teardown_taskflow.py
[2024-04-07T14:46:13.857+0000] {logging_mixin.py:188} INFO - [2024-04-07T14:46:13.857+0000] {dag.py:3047} INFO - Sync 1 DAGs
[2024-04-07T14:46:14.012+0000] {logging_mixin.py:188} INFO - [2024-04-07T14:46:14.011+0000] {dag.py:3834} INFO - Setting next_dagrun for example_setup_teardown_taskflow to 2024-04-06 00:00:00+00:00, run_after=2024-04-07 00:00:00+00:00
[2024-04-07T14:46:14.132+0000] {processor.py:183} INFO - Processing /home/airflow/.local/lib/python3.8/site-packages/airflow/example_dags/example_setup_teardown_taskflow.py took 0.392 seconds
[2024-04-07T14:46:46.418+0000] {processor.py:161} INFO - Started process (PID=850) to work on /home/airflow/.local/lib/python3.8/site-packages/airflow/example_dags/example_setup_teardown_taskflow.py
[2024-04-07T14:46:46.420+0000] {processor.py:830} INFO - Processing file /home/airflow/.local/lib/python3.8/site-packages/airflow/example_dags/example_setup_teardown_taskflow.py for tasks to queue
[2024-04-07T14:46:46.424+0000] {logging_mixin.py:188} INFO - [2024-04-07T14:46:46.424+0000] {dagbag.py:540} INFO - Filling up the DagBag from /home/airflow/.local/lib/python3.8/site-packages/airflow/example_dags/example_setup_teardown_taskflow.py
[2024-04-07T14:46:46.447+0000] {processor.py:840} INFO - DAG(s) 'example_setup_teardown_taskflow' retrieved from /home/airflow/.local/lib/python3.8/site-packages/airflow/example_dags/example_setup_teardown_taskflow.py
[2024-04-07T14:46:46.512+0000] {logging_mixin.py:188} INFO - [2024-04-07T14:46:46.511+0000] {dag.py:3047} INFO - Sync 1 DAGs
[2024-04-07T14:46:46.557+0000] {logging_mixin.py:188} INFO - [2024-04-07T14:46:46.557+0000] {dag.py:3834} INFO - Setting next_dagrun for example_setup_teardown_taskflow to 2024-04-06 00:00:00+00:00, run_after=2024-04-07 00:00:00+00:00
[2024-04-07T14:46:46.593+0000] {processor.py:183} INFO - Processing /home/airflow/.local/lib/python3.8/site-packages/airflow/example_dags/example_setup_teardown_taskflow.py took 0.180 seconds
[2024-04-07T14:47:17.052+0000] {processor.py:161} INFO - Started process (PID=905) to work on /home/airflow/.local/lib/python3.8/site-packages/airflow/example_dags/example_setup_teardown_taskflow.py
[2024-04-07T14:47:17.055+0000] {processor.py:830} INFO - Processing file /home/airflow/.local/lib/python3.8/site-packages/airflow/example_dags/example_setup_teardown_taskflow.py for tasks to queue
[2024-04-07T14:47:17.060+0000] {logging_mixin.py:188} INFO - [2024-04-07T14:47:17.059+0000] {dagbag.py:540} INFO - Filling up the DagBag from /home/airflow/.local/lib/python3.8/site-packages/airflow/example_dags/example_setup_teardown_taskflow.py
[2024-04-07T14:47:17.111+0000] {processor.py:840} INFO - DAG(s) 'example_setup_teardown_taskflow' retrieved from /home/airflow/.local/lib/python3.8/site-packages/airflow/example_dags/example_setup_teardown_taskflow.py
[2024-04-07T14:47:17.225+0000] {logging_mixin.py:188} INFO - [2024-04-07T14:47:17.218+0000] {dag.py:3047} INFO - Sync 1 DAGs
[2024-04-07T14:47:17.329+0000] {logging_mixin.py:188} INFO - [2024-04-07T14:47:17.322+0000] {dag.py:3834} INFO - Setting next_dagrun for example_setup_teardown_taskflow to 2024-04-06 00:00:00+00:00, run_after=2024-04-07 00:00:00+00:00
[2024-04-07T14:47:17.444+0000] {processor.py:183} INFO - Processing /home/airflow/.local/lib/python3.8/site-packages/airflow/example_dags/example_setup_teardown_taskflow.py took 0.401 seconds
[2024-04-07T14:47:47.671+0000] {processor.py:161} INFO - Started process (PID=962) to work on /home/airflow/.local/lib/python3.8/site-packages/airflow/example_dags/example_setup_teardown_taskflow.py
[2024-04-07T14:47:47.673+0000] {processor.py:830} INFO - Processing file /home/airflow/.local/lib/python3.8/site-packages/airflow/example_dags/example_setup_teardown_taskflow.py for tasks to queue
[2024-04-07T14:47:47.683+0000] {logging_mixin.py:188} INFO - [2024-04-07T14:47:47.682+0000] {dagbag.py:540} INFO - Filling up the DagBag from /home/airflow/.local/lib/python3.8/site-packages/airflow/example_dags/example_setup_teardown_taskflow.py
[2024-04-07T14:47:47.702+0000] {processor.py:840} INFO - DAG(s) 'example_setup_teardown_taskflow' retrieved from /home/airflow/.local/lib/python3.8/site-packages/airflow/example_dags/example_setup_teardown_taskflow.py
[2024-04-07T14:47:47.747+0000] {logging_mixin.py:188} INFO - [2024-04-07T14:47:47.746+0000] {dag.py:3047} INFO - Sync 1 DAGs
[2024-04-07T14:47:47.791+0000] {logging_mixin.py:188} INFO - [2024-04-07T14:47:47.790+0000] {dag.py:3834} INFO - Setting next_dagrun for example_setup_teardown_taskflow to 2024-04-06 00:00:00+00:00, run_after=2024-04-07 00:00:00+00:00
[2024-04-07T14:47:47.894+0000] {processor.py:183} INFO - Processing /home/airflow/.local/lib/python3.8/site-packages/airflow/example_dags/example_setup_teardown_taskflow.py took 0.229 seconds
[2024-04-07T14:48:18.320+0000] {processor.py:161} INFO - Started process (PID=1016) to work on /home/airflow/.local/lib/python3.8/site-packages/airflow/example_dags/example_setup_teardown_taskflow.py
[2024-04-07T14:48:18.322+0000] {processor.py:830} INFO - Processing file /home/airflow/.local/lib/python3.8/site-packages/airflow/example_dags/example_setup_teardown_taskflow.py for tasks to queue
[2024-04-07T14:48:18.325+0000] {logging_mixin.py:188} INFO - [2024-04-07T14:48:18.325+0000] {dagbag.py:540} INFO - Filling up the DagBag from /home/airflow/.local/lib/python3.8/site-packages/airflow/example_dags/example_setup_teardown_taskflow.py
[2024-04-07T14:48:18.344+0000] {processor.py:840} INFO - DAG(s) 'example_setup_teardown_taskflow' retrieved from /home/airflow/.local/lib/python3.8/site-packages/airflow/example_dags/example_setup_teardown_taskflow.py
[2024-04-07T14:48:18.386+0000] {logging_mixin.py:188} INFO - [2024-04-07T14:48:18.385+0000] {dag.py:3047} INFO - Sync 1 DAGs
[2024-04-07T14:48:18.442+0000] {logging_mixin.py:188} INFO - [2024-04-07T14:48:18.441+0000] {dag.py:3834} INFO - Setting next_dagrun for example_setup_teardown_taskflow to 2024-04-06 00:00:00+00:00, run_after=2024-04-07 00:00:00+00:00
[2024-04-07T14:48:18.487+0000] {processor.py:183} INFO - Processing /home/airflow/.local/lib/python3.8/site-packages/airflow/example_dags/example_setup_teardown_taskflow.py took 0.172 seconds
[2024-04-07T14:48:48.940+0000] {processor.py:161} INFO - Started process (PID=1073) to work on /home/airflow/.local/lib/python3.8/site-packages/airflow/example_dags/example_setup_teardown_taskflow.py
[2024-04-07T14:48:48.942+0000] {processor.py:830} INFO - Processing file /home/airflow/.local/lib/python3.8/site-packages/airflow/example_dags/example_setup_teardown_taskflow.py for tasks to queue
[2024-04-07T14:48:48.947+0000] {logging_mixin.py:188} INFO - [2024-04-07T14:48:48.946+0000] {dagbag.py:540} INFO - Filling up the DagBag from /home/airflow/.local/lib/python3.8/site-packages/airflow/example_dags/example_setup_teardown_taskflow.py
[2024-04-07T14:48:48.966+0000] {processor.py:840} INFO - DAG(s) 'example_setup_teardown_taskflow' retrieved from /home/airflow/.local/lib/python3.8/site-packages/airflow/example_dags/example_setup_teardown_taskflow.py
[2024-04-07T14:48:49.012+0000] {logging_mixin.py:188} INFO - [2024-04-07T14:48:49.012+0000] {dag.py:3047} INFO - Sync 1 DAGs
[2024-04-07T14:48:49.064+0000] {logging_mixin.py:188} INFO - [2024-04-07T14:48:49.063+0000] {dag.py:3834} INFO - Setting next_dagrun for example_setup_teardown_taskflow to 2024-04-06 00:00:00+00:00, run_after=2024-04-07 00:00:00+00:00
[2024-04-07T14:48:49.119+0000] {processor.py:183} INFO - Processing /home/airflow/.local/lib/python3.8/site-packages/airflow/example_dags/example_setup_teardown_taskflow.py took 0.186 seconds
[2024-04-07T14:49:19.845+0000] {processor.py:161} INFO - Started process (PID=1130) to work on /home/airflow/.local/lib/python3.8/site-packages/airflow/example_dags/example_setup_teardown_taskflow.py
[2024-04-07T14:49:19.847+0000] {processor.py:830} INFO - Processing file /home/airflow/.local/lib/python3.8/site-packages/airflow/example_dags/example_setup_teardown_taskflow.py for tasks to queue
[2024-04-07T14:49:19.852+0000] {logging_mixin.py:188} INFO - [2024-04-07T14:49:19.851+0000] {dagbag.py:540} INFO - Filling up the DagBag from /home/airflow/.local/lib/python3.8/site-packages/airflow/example_dags/example_setup_teardown_taskflow.py
[2024-04-07T14:49:19.889+0000] {processor.py:840} INFO - DAG(s) 'example_setup_teardown_taskflow' retrieved from /home/airflow/.local/lib/python3.8/site-packages/airflow/example_dags/example_setup_teardown_taskflow.py
[2024-04-07T14:49:19.942+0000] {logging_mixin.py:188} INFO - [2024-04-07T14:49:19.942+0000] {dag.py:3047} INFO - Sync 1 DAGs
[2024-04-07T14:49:19.998+0000] {logging_mixin.py:188} INFO - [2024-04-07T14:49:19.997+0000] {dag.py:3834} INFO - Setting next_dagrun for example_setup_teardown_taskflow to 2024-04-06 00:00:00+00:00, run_after=2024-04-07 00:00:00+00:00
[2024-04-07T14:49:20.334+0000] {processor.py:183} INFO - Processing /home/airflow/.local/lib/python3.8/site-packages/airflow/example_dags/example_setup_teardown_taskflow.py took 0.495 seconds
[2024-04-07T14:49:50.864+0000] {processor.py:161} INFO - Started process (PID=1187) to work on /home/airflow/.local/lib/python3.8/site-packages/airflow/example_dags/example_setup_teardown_taskflow.py
[2024-04-07T14:49:50.868+0000] {processor.py:830} INFO - Processing file /home/airflow/.local/lib/python3.8/site-packages/airflow/example_dags/example_setup_teardown_taskflow.py for tasks to queue
[2024-04-07T14:49:50.883+0000] {logging_mixin.py:188} INFO - [2024-04-07T14:49:50.882+0000] {dagbag.py:540} INFO - Filling up the DagBag from /home/airflow/.local/lib/python3.8/site-packages/airflow/example_dags/example_setup_teardown_taskflow.py
[2024-04-07T14:49:50.914+0000] {processor.py:840} INFO - DAG(s) 'example_setup_teardown_taskflow' retrieved from /home/airflow/.local/lib/python3.8/site-packages/airflow/example_dags/example_setup_teardown_taskflow.py
[2024-04-07T14:49:50.978+0000] {logging_mixin.py:188} INFO - [2024-04-07T14:49:50.977+0000] {dag.py:3047} INFO - Sync 1 DAGs
[2024-04-07T14:49:51.041+0000] {logging_mixin.py:188} INFO - [2024-04-07T14:49:51.041+0000] {dag.py:3834} INFO - Setting next_dagrun for example_setup_teardown_taskflow to 2024-04-06 00:00:00+00:00, run_after=2024-04-07 00:00:00+00:00
[2024-04-07T14:49:51.198+0000] {processor.py:183} INFO - Processing /home/airflow/.local/lib/python3.8/site-packages/airflow/example_dags/example_setup_teardown_taskflow.py took 0.349 seconds
[2024-04-07T14:50:22.365+0000] {processor.py:161} INFO - Started process (PID=1244) to work on /home/airflow/.local/lib/python3.8/site-packages/airflow/example_dags/example_setup_teardown_taskflow.py
[2024-04-07T14:50:22.373+0000] {processor.py:830} INFO - Processing file /home/airflow/.local/lib/python3.8/site-packages/airflow/example_dags/example_setup_teardown_taskflow.py for tasks to queue
[2024-04-07T14:50:22.380+0000] {logging_mixin.py:188} INFO - [2024-04-07T14:50:22.379+0000] {dagbag.py:540} INFO - Filling up the DagBag from /home/airflow/.local/lib/python3.8/site-packages/airflow/example_dags/example_setup_teardown_taskflow.py
[2024-04-07T14:50:22.408+0000] {processor.py:840} INFO - DAG(s) 'example_setup_teardown_taskflow' retrieved from /home/airflow/.local/lib/python3.8/site-packages/airflow/example_dags/example_setup_teardown_taskflow.py
[2024-04-07T14:50:22.466+0000] {logging_mixin.py:188} INFO - [2024-04-07T14:50:22.465+0000] {dag.py:3047} INFO - Sync 1 DAGs
[2024-04-07T14:50:22.531+0000] {logging_mixin.py:188} INFO - [2024-04-07T14:50:22.531+0000] {dag.py:3834} INFO - Setting next_dagrun for example_setup_teardown_taskflow to 2024-04-06 00:00:00+00:00, run_after=2024-04-07 00:00:00+00:00
[2024-04-07T14:50:22.693+0000] {processor.py:183} INFO - Processing /home/airflow/.local/lib/python3.8/site-packages/airflow/example_dags/example_setup_teardown_taskflow.py took 0.337 seconds
[2024-04-07T14:50:52.997+0000] {processor.py:161} INFO - Started process (PID=1302) to work on /home/airflow/.local/lib/python3.8/site-packages/airflow/example_dags/example_setup_teardown_taskflow.py
[2024-04-07T14:50:52.999+0000] {processor.py:830} INFO - Processing file /home/airflow/.local/lib/python3.8/site-packages/airflow/example_dags/example_setup_teardown_taskflow.py for tasks to queue
[2024-04-07T14:50:53.004+0000] {logging_mixin.py:188} INFO - [2024-04-07T14:50:53.003+0000] {dagbag.py:540} INFO - Filling up the DagBag from /home/airflow/.local/lib/python3.8/site-packages/airflow/example_dags/example_setup_teardown_taskflow.py
[2024-04-07T14:50:53.051+0000] {processor.py:840} INFO - DAG(s) 'example_setup_teardown_taskflow' retrieved from /home/airflow/.local/lib/python3.8/site-packages/airflow/example_dags/example_setup_teardown_taskflow.py
[2024-04-07T14:50:53.165+0000] {logging_mixin.py:188} INFO - [2024-04-07T14:50:53.165+0000] {dag.py:3047} INFO - Sync 1 DAGs
[2024-04-07T14:50:53.250+0000] {logging_mixin.py:188} INFO - [2024-04-07T14:50:53.249+0000] {dag.py:3834} INFO - Setting next_dagrun for example_setup_teardown_taskflow to 2024-04-06 00:00:00+00:00, run_after=2024-04-07 00:00:00+00:00
[2024-04-07T14:50:53.328+0000] {processor.py:183} INFO - Processing /home/airflow/.local/lib/python3.8/site-packages/airflow/example_dags/example_setup_teardown_taskflow.py took 0.349 seconds
[2024-04-07T14:51:24.066+0000] {processor.py:161} INFO - Started process (PID=1358) to work on /home/airflow/.local/lib/python3.8/site-packages/airflow/example_dags/example_setup_teardown_taskflow.py
[2024-04-07T14:51:24.069+0000] {processor.py:830} INFO - Processing file /home/airflow/.local/lib/python3.8/site-packages/airflow/example_dags/example_setup_teardown_taskflow.py for tasks to queue
[2024-04-07T14:51:24.074+0000] {logging_mixin.py:188} INFO - [2024-04-07T14:51:24.074+0000] {dagbag.py:540} INFO - Filling up the DagBag from /home/airflow/.local/lib/python3.8/site-packages/airflow/example_dags/example_setup_teardown_taskflow.py
[2024-04-07T14:51:24.100+0000] {processor.py:840} INFO - DAG(s) 'example_setup_teardown_taskflow' retrieved from /home/airflow/.local/lib/python3.8/site-packages/airflow/example_dags/example_setup_teardown_taskflow.py
[2024-04-07T14:51:24.160+0000] {logging_mixin.py:188} INFO - [2024-04-07T14:51:24.159+0000] {dag.py:3047} INFO - Sync 1 DAGs
[2024-04-07T14:51:24.230+0000] {logging_mixin.py:188} INFO - [2024-04-07T14:51:24.229+0000] {dag.py:3834} INFO - Setting next_dagrun for example_setup_teardown_taskflow to 2024-04-06 00:00:00+00:00, run_after=2024-04-07 00:00:00+00:00
[2024-04-07T14:51:24.280+0000] {processor.py:183} INFO - Processing /home/airflow/.local/lib/python3.8/site-packages/airflow/example_dags/example_setup_teardown_taskflow.py took 0.221 seconds
[2024-04-07T14:51:54.953+0000] {processor.py:161} INFO - Started process (PID=1416) to work on /home/airflow/.local/lib/python3.8/site-packages/airflow/example_dags/example_setup_teardown_taskflow.py
[2024-04-07T14:51:54.964+0000] {processor.py:830} INFO - Processing file /home/airflow/.local/lib/python3.8/site-packages/airflow/example_dags/example_setup_teardown_taskflow.py for tasks to queue
[2024-04-07T14:51:54.972+0000] {logging_mixin.py:188} INFO - [2024-04-07T14:51:54.972+0000] {dagbag.py:540} INFO - Filling up the DagBag from /home/airflow/.local/lib/python3.8/site-packages/airflow/example_dags/example_setup_teardown_taskflow.py
[2024-04-07T14:51:55.039+0000] {processor.py:840} INFO - DAG(s) 'example_setup_teardown_taskflow' retrieved from /home/airflow/.local/lib/python3.8/site-packages/airflow/example_dags/example_setup_teardown_taskflow.py
[2024-04-07T14:51:55.165+0000] {logging_mixin.py:188} INFO - [2024-04-07T14:51:55.164+0000] {dag.py:3047} INFO - Sync 1 DAGs
[2024-04-07T14:51:55.340+0000] {logging_mixin.py:188} INFO - [2024-04-07T14:51:55.339+0000] {dag.py:3834} INFO - Setting next_dagrun for example_setup_teardown_taskflow to 2024-04-06 00:00:00+00:00, run_after=2024-04-07 00:00:00+00:00
[2024-04-07T14:51:55.478+0000] {processor.py:183} INFO - Processing /home/airflow/.local/lib/python3.8/site-packages/airflow/example_dags/example_setup_teardown_taskflow.py took 0.532 seconds
[2024-04-07T14:52:26.290+0000] {processor.py:161} INFO - Started process (PID=1473) to work on /home/airflow/.local/lib/python3.8/site-packages/airflow/example_dags/example_setup_teardown_taskflow.py
[2024-04-07T14:52:26.292+0000] {processor.py:830} INFO - Processing file /home/airflow/.local/lib/python3.8/site-packages/airflow/example_dags/example_setup_teardown_taskflow.py for tasks to queue
[2024-04-07T14:52:26.296+0000] {logging_mixin.py:188} INFO - [2024-04-07T14:52:26.296+0000] {dagbag.py:540} INFO - Filling up the DagBag from /home/airflow/.local/lib/python3.8/site-packages/airflow/example_dags/example_setup_teardown_taskflow.py
[2024-04-07T14:52:26.320+0000] {processor.py:840} INFO - DAG(s) 'example_setup_teardown_taskflow' retrieved from /home/airflow/.local/lib/python3.8/site-packages/airflow/example_dags/example_setup_teardown_taskflow.py
[2024-04-07T14:52:26.388+0000] {logging_mixin.py:188} INFO - [2024-04-07T14:52:26.387+0000] {dag.py:3047} INFO - Sync 1 DAGs
[2024-04-07T14:52:26.449+0000] {logging_mixin.py:188} INFO - [2024-04-07T14:52:26.449+0000] {dag.py:3834} INFO - Setting next_dagrun for example_setup_teardown_taskflow to 2024-04-06 00:00:00+00:00, run_after=2024-04-07 00:00:00+00:00
[2024-04-07T14:52:26.537+0000] {processor.py:183} INFO - Processing /home/airflow/.local/lib/python3.8/site-packages/airflow/example_dags/example_setup_teardown_taskflow.py took 0.256 seconds
[2024-04-07T14:52:56.806+0000] {processor.py:161} INFO - Started process (PID=1530) to work on /home/airflow/.local/lib/python3.8/site-packages/airflow/example_dags/example_setup_teardown_taskflow.py
[2024-04-07T14:52:56.811+0000] {processor.py:830} INFO - Processing file /home/airflow/.local/lib/python3.8/site-packages/airflow/example_dags/example_setup_teardown_taskflow.py for tasks to queue
[2024-04-07T14:52:56.815+0000] {logging_mixin.py:188} INFO - [2024-04-07T14:52:56.814+0000] {dagbag.py:540} INFO - Filling up the DagBag from /home/airflow/.local/lib/python3.8/site-packages/airflow/example_dags/example_setup_teardown_taskflow.py
[2024-04-07T14:52:56.845+0000] {processor.py:840} INFO - DAG(s) 'example_setup_teardown_taskflow' retrieved from /home/airflow/.local/lib/python3.8/site-packages/airflow/example_dags/example_setup_teardown_taskflow.py
[2024-04-07T14:52:56.895+0000] {logging_mixin.py:188} INFO - [2024-04-07T14:52:56.894+0000] {dag.py:3047} INFO - Sync 1 DAGs
[2024-04-07T14:52:56.942+0000] {logging_mixin.py:188} INFO - [2024-04-07T14:52:56.941+0000] {dag.py:3834} INFO - Setting next_dagrun for example_setup_teardown_taskflow to 2024-04-06 00:00:00+00:00, run_after=2024-04-07 00:00:00+00:00
[2024-04-07T14:52:56.987+0000] {processor.py:183} INFO - Processing /home/airflow/.local/lib/python3.8/site-packages/airflow/example_dags/example_setup_teardown_taskflow.py took 0.190 seconds
[2024-04-07T14:53:27.225+0000] {processor.py:161} INFO - Started process (PID=1587) to work on /home/airflow/.local/lib/python3.8/site-packages/airflow/example_dags/example_setup_teardown_taskflow.py
[2024-04-07T14:53:27.227+0000] {processor.py:830} INFO - Processing file /home/airflow/.local/lib/python3.8/site-packages/airflow/example_dags/example_setup_teardown_taskflow.py for tasks to queue
[2024-04-07T14:53:27.231+0000] {logging_mixin.py:188} INFO - [2024-04-07T14:53:27.230+0000] {dagbag.py:540} INFO - Filling up the DagBag from /home/airflow/.local/lib/python3.8/site-packages/airflow/example_dags/example_setup_teardown_taskflow.py
[2024-04-07T14:53:27.251+0000] {processor.py:840} INFO - DAG(s) 'example_setup_teardown_taskflow' retrieved from /home/airflow/.local/lib/python3.8/site-packages/airflow/example_dags/example_setup_teardown_taskflow.py
[2024-04-07T14:53:27.311+0000] {logging_mixin.py:188} INFO - [2024-04-07T14:53:27.310+0000] {dag.py:3047} INFO - Sync 1 DAGs
[2024-04-07T14:53:27.372+0000] {logging_mixin.py:188} INFO - [2024-04-07T14:53:27.372+0000] {dag.py:3834} INFO - Setting next_dagrun for example_setup_teardown_taskflow to 2024-04-06 00:00:00+00:00, run_after=2024-04-07 00:00:00+00:00
[2024-04-07T14:53:27.432+0000] {processor.py:183} INFO - Processing /home/airflow/.local/lib/python3.8/site-packages/airflow/example_dags/example_setup_teardown_taskflow.py took 0.213 seconds
[2024-04-07T14:53:58.152+0000] {processor.py:161} INFO - Started process (PID=1644) to work on /home/airflow/.local/lib/python3.8/site-packages/airflow/example_dags/example_setup_teardown_taskflow.py
[2024-04-07T14:53:58.154+0000] {processor.py:830} INFO - Processing file /home/airflow/.local/lib/python3.8/site-packages/airflow/example_dags/example_setup_teardown_taskflow.py for tasks to queue
[2024-04-07T14:53:58.162+0000] {logging_mixin.py:188} INFO - [2024-04-07T14:53:58.161+0000] {dagbag.py:540} INFO - Filling up the DagBag from /home/airflow/.local/lib/python3.8/site-packages/airflow/example_dags/example_setup_teardown_taskflow.py
[2024-04-07T14:53:58.185+0000] {processor.py:840} INFO - DAG(s) 'example_setup_teardown_taskflow' retrieved from /home/airflow/.local/lib/python3.8/site-packages/airflow/example_dags/example_setup_teardown_taskflow.py
[2024-04-07T14:53:58.230+0000] {logging_mixin.py:188} INFO - [2024-04-07T14:53:58.230+0000] {dag.py:3047} INFO - Sync 1 DAGs
[2024-04-07T14:53:58.273+0000] {logging_mixin.py:188} INFO - [2024-04-07T14:53:58.272+0000] {dag.py:3834} INFO - Setting next_dagrun for example_setup_teardown_taskflow to 2024-04-06 00:00:00+00:00, run_after=2024-04-07 00:00:00+00:00
[2024-04-07T14:53:58.316+0000] {processor.py:183} INFO - Processing /home/airflow/.local/lib/python3.8/site-packages/airflow/example_dags/example_setup_teardown_taskflow.py took 0.169 seconds
[2024-04-07T14:54:28.601+0000] {processor.py:161} INFO - Started process (PID=1701) to work on /home/airflow/.local/lib/python3.8/site-packages/airflow/example_dags/example_setup_teardown_taskflow.py
[2024-04-07T14:54:28.603+0000] {processor.py:830} INFO - Processing file /home/airflow/.local/lib/python3.8/site-packages/airflow/example_dags/example_setup_teardown_taskflow.py for tasks to queue
[2024-04-07T14:54:28.606+0000] {logging_mixin.py:188} INFO - [2024-04-07T14:54:28.606+0000] {dagbag.py:540} INFO - Filling up the DagBag from /home/airflow/.local/lib/python3.8/site-packages/airflow/example_dags/example_setup_teardown_taskflow.py
[2024-04-07T14:54:28.623+0000] {processor.py:840} INFO - DAG(s) 'example_setup_teardown_taskflow' retrieved from /home/airflow/.local/lib/python3.8/site-packages/airflow/example_dags/example_setup_teardown_taskflow.py
[2024-04-07T14:54:28.664+0000] {logging_mixin.py:188} INFO - [2024-04-07T14:54:28.663+0000] {dag.py:3047} INFO - Sync 1 DAGs
[2024-04-07T14:54:28.708+0000] {logging_mixin.py:188} INFO - [2024-04-07T14:54:28.708+0000] {dag.py:3834} INFO - Setting next_dagrun for example_setup_teardown_taskflow to 2024-04-06 00:00:00+00:00, run_after=2024-04-07 00:00:00+00:00
[2024-04-07T14:54:28.750+0000] {processor.py:183} INFO - Processing /home/airflow/.local/lib/python3.8/site-packages/airflow/example_dags/example_setup_teardown_taskflow.py took 0.154 seconds
[2024-04-07T14:54:59.555+0000] {processor.py:161} INFO - Started process (PID=1758) to work on /home/airflow/.local/lib/python3.8/site-packages/airflow/example_dags/example_setup_teardown_taskflow.py
[2024-04-07T14:54:59.557+0000] {processor.py:830} INFO - Processing file /home/airflow/.local/lib/python3.8/site-packages/airflow/example_dags/example_setup_teardown_taskflow.py for tasks to queue
[2024-04-07T14:54:59.561+0000] {logging_mixin.py:188} INFO - [2024-04-07T14:54:59.560+0000] {dagbag.py:540} INFO - Filling up the DagBag from /home/airflow/.local/lib/python3.8/site-packages/airflow/example_dags/example_setup_teardown_taskflow.py
[2024-04-07T14:54:59.586+0000] {processor.py:840} INFO - DAG(s) 'example_setup_teardown_taskflow' retrieved from /home/airflow/.local/lib/python3.8/site-packages/airflow/example_dags/example_setup_teardown_taskflow.py
[2024-04-07T14:54:59.648+0000] {logging_mixin.py:188} INFO - [2024-04-07T14:54:59.647+0000] {dag.py:3047} INFO - Sync 1 DAGs
[2024-04-07T14:54:59.693+0000] {logging_mixin.py:188} INFO - [2024-04-07T14:54:59.692+0000] {dag.py:3834} INFO - Setting next_dagrun for example_setup_teardown_taskflow to 2024-04-06 00:00:00+00:00, run_after=2024-04-07 00:00:00+00:00
[2024-04-07T14:54:59.738+0000] {processor.py:183} INFO - Processing /home/airflow/.local/lib/python3.8/site-packages/airflow/example_dags/example_setup_teardown_taskflow.py took 0.190 seconds
[2024-04-07T14:55:29.863+0000] {processor.py:161} INFO - Started process (PID=1814) to work on /home/airflow/.local/lib/python3.8/site-packages/airflow/example_dags/example_setup_teardown_taskflow.py
[2024-04-07T14:55:29.866+0000] {processor.py:830} INFO - Processing file /home/airflow/.local/lib/python3.8/site-packages/airflow/example_dags/example_setup_teardown_taskflow.py for tasks to queue
[2024-04-07T14:55:29.870+0000] {logging_mixin.py:188} INFO - [2024-04-07T14:55:29.869+0000] {dagbag.py:540} INFO - Filling up the DagBag from /home/airflow/.local/lib/python3.8/site-packages/airflow/example_dags/example_setup_teardown_taskflow.py
[2024-04-07T14:55:29.900+0000] {processor.py:840} INFO - DAG(s) 'example_setup_teardown_taskflow' retrieved from /home/airflow/.local/lib/python3.8/site-packages/airflow/example_dags/example_setup_teardown_taskflow.py
[2024-04-07T14:55:29.959+0000] {logging_mixin.py:188} INFO - [2024-04-07T14:55:29.959+0000] {dag.py:3047} INFO - Sync 1 DAGs
[2024-04-07T14:55:30.061+0000] {logging_mixin.py:188} INFO - [2024-04-07T14:55:30.043+0000] {dag.py:3834} INFO - Setting next_dagrun for example_setup_teardown_taskflow to 2024-04-06 00:00:00+00:00, run_after=2024-04-07 00:00:00+00:00
[2024-04-07T14:55:30.144+0000] {processor.py:183} INFO - Processing /home/airflow/.local/lib/python3.8/site-packages/airflow/example_dags/example_setup_teardown_taskflow.py took 0.287 seconds
[2024-04-07T14:56:00.556+0000] {processor.py:161} INFO - Started process (PID=1871) to work on /home/airflow/.local/lib/python3.8/site-packages/airflow/example_dags/example_setup_teardown_taskflow.py
[2024-04-07T14:56:00.559+0000] {processor.py:830} INFO - Processing file /home/airflow/.local/lib/python3.8/site-packages/airflow/example_dags/example_setup_teardown_taskflow.py for tasks to queue
[2024-04-07T14:56:00.565+0000] {logging_mixin.py:188} INFO - [2024-04-07T14:56:00.564+0000] {dagbag.py:540} INFO - Filling up the DagBag from /home/airflow/.local/lib/python3.8/site-packages/airflow/example_dags/example_setup_teardown_taskflow.py
[2024-04-07T14:56:00.592+0000] {processor.py:840} INFO - DAG(s) 'example_setup_teardown_taskflow' retrieved from /home/airflow/.local/lib/python3.8/site-packages/airflow/example_dags/example_setup_teardown_taskflow.py
[2024-04-07T14:56:00.672+0000] {logging_mixin.py:188} INFO - [2024-04-07T14:56:00.671+0000] {dag.py:3047} INFO - Sync 1 DAGs
[2024-04-07T14:56:00.750+0000] {logging_mixin.py:188} INFO - [2024-04-07T14:56:00.749+0000] {dag.py:3834} INFO - Setting next_dagrun for example_setup_teardown_taskflow to 2024-04-06 00:00:00+00:00, run_after=2024-04-07 00:00:00+00:00
[2024-04-07T14:56:00.813+0000] {processor.py:183} INFO - Processing /home/airflow/.local/lib/python3.8/site-packages/airflow/example_dags/example_setup_teardown_taskflow.py took 0.266 seconds
[2024-04-07T14:56:30.953+0000] {processor.py:161} INFO - Started process (PID=1929) to work on /home/airflow/.local/lib/python3.8/site-packages/airflow/example_dags/example_setup_teardown_taskflow.py
[2024-04-07T14:56:30.960+0000] {processor.py:830} INFO - Processing file /home/airflow/.local/lib/python3.8/site-packages/airflow/example_dags/example_setup_teardown_taskflow.py for tasks to queue
[2024-04-07T14:56:30.966+0000] {logging_mixin.py:188} INFO - [2024-04-07T14:56:30.965+0000] {dagbag.py:540} INFO - Filling up the DagBag from /home/airflow/.local/lib/python3.8/site-packages/airflow/example_dags/example_setup_teardown_taskflow.py
[2024-04-07T14:56:31.010+0000] {processor.py:840} INFO - DAG(s) 'example_setup_teardown_taskflow' retrieved from /home/airflow/.local/lib/python3.8/site-packages/airflow/example_dags/example_setup_teardown_taskflow.py
[2024-04-07T14:56:31.121+0000] {logging_mixin.py:188} INFO - [2024-04-07T14:56:31.120+0000] {dag.py:3047} INFO - Sync 1 DAGs
[2024-04-07T14:56:31.170+0000] {logging_mixin.py:188} INFO - [2024-04-07T14:56:31.170+0000] {dag.py:3834} INFO - Setting next_dagrun for example_setup_teardown_taskflow to 2024-04-06 00:00:00+00:00, run_after=2024-04-07 00:00:00+00:00
[2024-04-07T14:56:31.223+0000] {processor.py:183} INFO - Processing /home/airflow/.local/lib/python3.8/site-packages/airflow/example_dags/example_setup_teardown_taskflow.py took 0.276 seconds
[2024-04-07T14:57:01.755+0000] {processor.py:161} INFO - Started process (PID=1985) to work on /home/airflow/.local/lib/python3.8/site-packages/airflow/example_dags/example_setup_teardown_taskflow.py
[2024-04-07T14:57:01.757+0000] {processor.py:830} INFO - Processing file /home/airflow/.local/lib/python3.8/site-packages/airflow/example_dags/example_setup_teardown_taskflow.py for tasks to queue
[2024-04-07T14:57:01.760+0000] {logging_mixin.py:188} INFO - [2024-04-07T14:57:01.759+0000] {dagbag.py:540} INFO - Filling up the DagBag from /home/airflow/.local/lib/python3.8/site-packages/airflow/example_dags/example_setup_teardown_taskflow.py
[2024-04-07T14:57:01.774+0000] {processor.py:840} INFO - DAG(s) 'example_setup_teardown_taskflow' retrieved from /home/airflow/.local/lib/python3.8/site-packages/airflow/example_dags/example_setup_teardown_taskflow.py
[2024-04-07T14:57:01.826+0000] {logging_mixin.py:188} INFO - [2024-04-07T14:57:01.825+0000] {dag.py:3047} INFO - Sync 1 DAGs
[2024-04-07T14:57:01.865+0000] {logging_mixin.py:188} INFO - [2024-04-07T14:57:01.865+0000] {dag.py:3834} INFO - Setting next_dagrun for example_setup_teardown_taskflow to 2024-04-06 00:00:00+00:00, run_after=2024-04-07 00:00:00+00:00
[2024-04-07T14:57:01.903+0000] {processor.py:183} INFO - Processing /home/airflow/.local/lib/python3.8/site-packages/airflow/example_dags/example_setup_teardown_taskflow.py took 0.153 seconds
[2024-04-07T14:57:32.541+0000] {processor.py:161} INFO - Started process (PID=2040) to work on /home/airflow/.local/lib/python3.8/site-packages/airflow/example_dags/example_setup_teardown_taskflow.py
[2024-04-07T14:57:32.545+0000] {processor.py:830} INFO - Processing file /home/airflow/.local/lib/python3.8/site-packages/airflow/example_dags/example_setup_teardown_taskflow.py for tasks to queue
[2024-04-07T14:57:32.550+0000] {logging_mixin.py:188} INFO - [2024-04-07T14:57:32.550+0000] {dagbag.py:540} INFO - Filling up the DagBag from /home/airflow/.local/lib/python3.8/site-packages/airflow/example_dags/example_setup_teardown_taskflow.py
[2024-04-07T14:57:32.568+0000] {processor.py:840} INFO - DAG(s) 'example_setup_teardown_taskflow' retrieved from /home/airflow/.local/lib/python3.8/site-packages/airflow/example_dags/example_setup_teardown_taskflow.py
[2024-04-07T14:57:32.608+0000] {logging_mixin.py:188} INFO - [2024-04-07T14:57:32.608+0000] {dag.py:3047} INFO - Sync 1 DAGs
[2024-04-07T14:57:32.649+0000] {logging_mixin.py:188} INFO - [2024-04-07T14:57:32.648+0000] {dag.py:3834} INFO - Setting next_dagrun for example_setup_teardown_taskflow to 2024-04-06 00:00:00+00:00, run_after=2024-04-07 00:00:00+00:00
[2024-04-07T14:57:32.693+0000] {processor.py:183} INFO - Processing /home/airflow/.local/lib/python3.8/site-packages/airflow/example_dags/example_setup_teardown_taskflow.py took 0.158 seconds
[2024-04-07T14:58:02.871+0000] {processor.py:161} INFO - Started process (PID=2098) to work on /home/airflow/.local/lib/python3.8/site-packages/airflow/example_dags/example_setup_teardown_taskflow.py
[2024-04-07T14:58:02.873+0000] {processor.py:830} INFO - Processing file /home/airflow/.local/lib/python3.8/site-packages/airflow/example_dags/example_setup_teardown_taskflow.py for tasks to queue
[2024-04-07T14:58:02.876+0000] {logging_mixin.py:188} INFO - [2024-04-07T14:58:02.875+0000] {dagbag.py:540} INFO - Filling up the DagBag from /home/airflow/.local/lib/python3.8/site-packages/airflow/example_dags/example_setup_teardown_taskflow.py
[2024-04-07T14:58:02.899+0000] {processor.py:840} INFO - DAG(s) 'example_setup_teardown_taskflow' retrieved from /home/airflow/.local/lib/python3.8/site-packages/airflow/example_dags/example_setup_teardown_taskflow.py
[2024-04-07T14:58:02.945+0000] {logging_mixin.py:188} INFO - [2024-04-07T14:58:02.945+0000] {dag.py:3047} INFO - Sync 1 DAGs
[2024-04-07T14:58:02.997+0000] {logging_mixin.py:188} INFO - [2024-04-07T14:58:02.997+0000] {dag.py:3834} INFO - Setting next_dagrun for example_setup_teardown_taskflow to 2024-04-06 00:00:00+00:00, run_after=2024-04-07 00:00:00+00:00
[2024-04-07T14:58:03.037+0000] {processor.py:183} INFO - Processing /home/airflow/.local/lib/python3.8/site-packages/airflow/example_dags/example_setup_teardown_taskflow.py took 0.171 seconds
[2024-04-07T14:58:34.043+0000] {processor.py:161} INFO - Started process (PID=2161) to work on /home/airflow/.local/lib/python3.8/site-packages/airflow/example_dags/example_setup_teardown_taskflow.py
[2024-04-07T14:58:34.046+0000] {processor.py:830} INFO - Processing file /home/airflow/.local/lib/python3.8/site-packages/airflow/example_dags/example_setup_teardown_taskflow.py for tasks to queue
[2024-04-07T14:58:34.055+0000] {logging_mixin.py:188} INFO - [2024-04-07T14:58:34.053+0000] {dagbag.py:540} INFO - Filling up the DagBag from /home/airflow/.local/lib/python3.8/site-packages/airflow/example_dags/example_setup_teardown_taskflow.py
[2024-04-07T14:58:34.081+0000] {processor.py:840} INFO - DAG(s) 'example_setup_teardown_taskflow' retrieved from /home/airflow/.local/lib/python3.8/site-packages/airflow/example_dags/example_setup_teardown_taskflow.py
[2024-04-07T14:58:34.142+0000] {logging_mixin.py:188} INFO - [2024-04-07T14:58:34.141+0000] {dag.py:3047} INFO - Sync 1 DAGs
[2024-04-07T14:58:34.188+0000] {logging_mixin.py:188} INFO - [2024-04-07T14:58:34.187+0000] {dag.py:3834} INFO - Setting next_dagrun for example_setup_teardown_taskflow to 2024-04-06 00:00:00+00:00, run_after=2024-04-07 00:00:00+00:00
[2024-04-07T14:58:34.223+0000] {processor.py:183} INFO - Processing /home/airflow/.local/lib/python3.8/site-packages/airflow/example_dags/example_setup_teardown_taskflow.py took 0.193 seconds
[2024-04-07T14:59:05.061+0000] {processor.py:161} INFO - Started process (PID=2218) to work on /home/airflow/.local/lib/python3.8/site-packages/airflow/example_dags/example_setup_teardown_taskflow.py
[2024-04-07T14:59:05.063+0000] {processor.py:830} INFO - Processing file /home/airflow/.local/lib/python3.8/site-packages/airflow/example_dags/example_setup_teardown_taskflow.py for tasks to queue
[2024-04-07T14:59:05.067+0000] {logging_mixin.py:188} INFO - [2024-04-07T14:59:05.066+0000] {dagbag.py:540} INFO - Filling up the DagBag from /home/airflow/.local/lib/python3.8/site-packages/airflow/example_dags/example_setup_teardown_taskflow.py
[2024-04-07T14:59:05.084+0000] {processor.py:840} INFO - DAG(s) 'example_setup_teardown_taskflow' retrieved from /home/airflow/.local/lib/python3.8/site-packages/airflow/example_dags/example_setup_teardown_taskflow.py
[2024-04-07T14:59:05.129+0000] {logging_mixin.py:188} INFO - [2024-04-07T14:59:05.128+0000] {dag.py:3047} INFO - Sync 1 DAGs
[2024-04-07T14:59:05.178+0000] {logging_mixin.py:188} INFO - [2024-04-07T14:59:05.178+0000] {dag.py:3834} INFO - Setting next_dagrun for example_setup_teardown_taskflow to 2024-04-06 00:00:00+00:00, run_after=2024-04-07 00:00:00+00:00
[2024-04-07T14:59:05.235+0000] {processor.py:183} INFO - Processing /home/airflow/.local/lib/python3.8/site-packages/airflow/example_dags/example_setup_teardown_taskflow.py took 0.179 seconds
[2024-04-07T14:59:35.434+0000] {processor.py:161} INFO - Started process (PID=2275) to work on /home/airflow/.local/lib/python3.8/site-packages/airflow/example_dags/example_setup_teardown_taskflow.py
[2024-04-07T14:59:35.436+0000] {processor.py:830} INFO - Processing file /home/airflow/.local/lib/python3.8/site-packages/airflow/example_dags/example_setup_teardown_taskflow.py for tasks to queue
[2024-04-07T14:59:35.450+0000] {logging_mixin.py:188} INFO - [2024-04-07T14:59:35.449+0000] {dagbag.py:540} INFO - Filling up the DagBag from /home/airflow/.local/lib/python3.8/site-packages/airflow/example_dags/example_setup_teardown_taskflow.py
[2024-04-07T14:59:35.507+0000] {processor.py:840} INFO - DAG(s) 'example_setup_teardown_taskflow' retrieved from /home/airflow/.local/lib/python3.8/site-packages/airflow/example_dags/example_setup_teardown_taskflow.py
[2024-04-07T14:59:35.632+0000] {logging_mixin.py:188} INFO - [2024-04-07T14:59:35.631+0000] {dag.py:3047} INFO - Sync 1 DAGs
[2024-04-07T14:59:35.742+0000] {logging_mixin.py:188} INFO - [2024-04-07T14:59:35.741+0000] {dag.py:3834} INFO - Setting next_dagrun for example_setup_teardown_taskflow to 2024-04-06 00:00:00+00:00, run_after=2024-04-07 00:00:00+00:00
[2024-04-07T14:59:35.795+0000] {processor.py:183} INFO - Processing /home/airflow/.local/lib/python3.8/site-packages/airflow/example_dags/example_setup_teardown_taskflow.py took 0.377 seconds
[2024-04-07T15:00:06.427+0000] {processor.py:161} INFO - Started process (PID=2332) to work on /home/airflow/.local/lib/python3.8/site-packages/airflow/example_dags/example_setup_teardown_taskflow.py
[2024-04-07T15:00:06.429+0000] {processor.py:830} INFO - Processing file /home/airflow/.local/lib/python3.8/site-packages/airflow/example_dags/example_setup_teardown_taskflow.py for tasks to queue
[2024-04-07T15:00:06.432+0000] {logging_mixin.py:188} INFO - [2024-04-07T15:00:06.432+0000] {dagbag.py:540} INFO - Filling up the DagBag from /home/airflow/.local/lib/python3.8/site-packages/airflow/example_dags/example_setup_teardown_taskflow.py
[2024-04-07T15:00:06.447+0000] {processor.py:840} INFO - DAG(s) 'example_setup_teardown_taskflow' retrieved from /home/airflow/.local/lib/python3.8/site-packages/airflow/example_dags/example_setup_teardown_taskflow.py
[2024-04-07T15:00:06.514+0000] {logging_mixin.py:188} INFO - [2024-04-07T15:00:06.513+0000] {dag.py:3047} INFO - Sync 1 DAGs
[2024-04-07T15:00:06.581+0000] {logging_mixin.py:188} INFO - [2024-04-07T15:00:06.580+0000] {dag.py:3834} INFO - Setting next_dagrun for example_setup_teardown_taskflow to 2024-04-06 00:00:00+00:00, run_after=2024-04-07 00:00:00+00:00
[2024-04-07T15:00:06.653+0000] {processor.py:183} INFO - Processing /home/airflow/.local/lib/python3.8/site-packages/airflow/example_dags/example_setup_teardown_taskflow.py took 0.230 seconds
