[2024-04-07T14:39:30.110+0000] {processor.py:161} INFO - Started process (PID=74) to work on /home/airflow/.local/lib/python3.8/site-packages/airflow/example_dags/example_branch_datetime_operator.py
[2024-04-07T14:39:30.112+0000] {processor.py:830} INFO - Processing file /home/airflow/.local/lib/python3.8/site-packages/airflow/example_dags/example_branch_datetime_operator.py for tasks to queue
[2024-04-07T14:39:30.127+0000] {logging_mixin.py:188} INFO - [2024-04-07T14:39:30.126+0000] {dagbag.py:540} INFO - Filling up the DagBag from /home/airflow/.local/lib/python3.8/site-packages/airflow/example_dags/example_branch_datetime_operator.py
[2024-04-07T14:39:30.264+0000] {processor.py:840} INFO - DAG(s) 'example_branch_datetime_operator_2', 'example_branch_datetime_operator_3', 'example_branch_datetime_operator' retrieved from /home/airflow/.local/lib/python3.8/site-packages/airflow/example_dags/example_branch_datetime_operator.py
[2024-04-07T14:39:30.547+0000] {logging_mixin.py:188} INFO - [2024-04-07T14:39:30.546+0000] {dag.py:3047} INFO - Sync 3 DAGs
[2024-04-07T14:39:30.764+0000] {logging_mixin.py:188} INFO - [2024-04-07T14:39:30.764+0000] {dag.py:3834} INFO - Setting next_dagrun for example_branch_datetime_operator to 2024-04-06 00:00:00+00:00, run_after=2024-04-07 00:00:00+00:00
[2024-04-07T14:39:30.799+0000] {logging_mixin.py:188} INFO - [2024-04-07T14:39:30.798+0000] {dag.py:3834} INFO - Setting next_dagrun for example_branch_datetime_operator_2 to 2024-04-06 00:00:00+00:00, run_after=2024-04-07 00:00:00+00:00
[2024-04-07T14:39:30.841+0000] {logging_mixin.py:188} INFO - [2024-04-07T14:39:30.840+0000] {dag.py:3834} INFO - Setting next_dagrun for example_branch_datetime_operator_3 to 2024-04-06 00:00:00+00:00, run_after=2024-04-07 00:00:00+00:00
[2024-04-07T14:39:31.037+0000] {processor.py:183} INFO - Processing /home/airflow/.local/lib/python3.8/site-packages/airflow/example_dags/example_branch_datetime_operator.py took 0.940 seconds
[2024-04-07T14:40:03.411+0000] {processor.py:161} INFO - Started process (PID=131) to work on /home/airflow/.local/lib/python3.8/site-packages/airflow/example_dags/example_branch_datetime_operator.py
[2024-04-07T14:40:03.414+0000] {processor.py:830} INFO - Processing file /home/airflow/.local/lib/python3.8/site-packages/airflow/example_dags/example_branch_datetime_operator.py for tasks to queue
[2024-04-07T14:40:03.419+0000] {logging_mixin.py:188} INFO - [2024-04-07T14:40:03.418+0000] {dagbag.py:540} INFO - Filling up the DagBag from /home/airflow/.local/lib/python3.8/site-packages/airflow/example_dags/example_branch_datetime_operator.py
[2024-04-07T14:40:03.437+0000] {processor.py:840} INFO - DAG(s) 'example_branch_datetime_operator_2', 'example_branch_datetime_operator_3', 'example_branch_datetime_operator' retrieved from /home/airflow/.local/lib/python3.8/site-packages/airflow/example_dags/example_branch_datetime_operator.py
[2024-04-07T14:40:03.714+0000] {logging_mixin.py:188} INFO - [2024-04-07T14:40:03.713+0000] {dag.py:3047} INFO - Sync 3 DAGs
[2024-04-07T14:40:03.862+0000] {logging_mixin.py:188} INFO - [2024-04-07T14:40:03.861+0000] {dag.py:3834} INFO - Setting next_dagrun for example_branch_datetime_operator to 2024-04-06 00:00:00+00:00, run_after=2024-04-07 00:00:00+00:00
[2024-04-07T14:40:03.891+0000] {logging_mixin.py:188} INFO - [2024-04-07T14:40:03.890+0000] {dag.py:3834} INFO - Setting next_dagrun for example_branch_datetime_operator_2 to 2024-04-06 00:00:00+00:00, run_after=2024-04-07 00:00:00+00:00
[2024-04-07T14:40:03.919+0000] {logging_mixin.py:188} INFO - [2024-04-07T14:40:03.915+0000] {dag.py:3834} INFO - Setting next_dagrun for example_branch_datetime_operator_3 to 2024-04-06 00:00:00+00:00, run_after=2024-04-07 00:00:00+00:00
[2024-04-07T14:40:04.629+0000] {processor.py:183} INFO - Processing /home/airflow/.local/lib/python3.8/site-packages/airflow/example_dags/example_branch_datetime_operator.py took 1.223 seconds
[2024-04-07T14:40:34.772+0000] {processor.py:161} INFO - Started process (PID=188) to work on /home/airflow/.local/lib/python3.8/site-packages/airflow/example_dags/example_branch_datetime_operator.py
[2024-04-07T14:40:34.775+0000] {processor.py:830} INFO - Processing file /home/airflow/.local/lib/python3.8/site-packages/airflow/example_dags/example_branch_datetime_operator.py for tasks to queue
[2024-04-07T14:40:34.781+0000] {logging_mixin.py:188} INFO - [2024-04-07T14:40:34.781+0000] {dagbag.py:540} INFO - Filling up the DagBag from /home/airflow/.local/lib/python3.8/site-packages/airflow/example_dags/example_branch_datetime_operator.py
[2024-04-07T14:40:34.812+0000] {processor.py:840} INFO - DAG(s) 'example_branch_datetime_operator_2', 'example_branch_datetime_operator_3', 'example_branch_datetime_operator' retrieved from /home/airflow/.local/lib/python3.8/site-packages/airflow/example_dags/example_branch_datetime_operator.py
[2024-04-07T14:40:34.887+0000] {logging_mixin.py:188} INFO - [2024-04-07T14:40:34.887+0000] {dag.py:3047} INFO - Sync 3 DAGs
[2024-04-07T14:40:34.941+0000] {logging_mixin.py:188} INFO - [2024-04-07T14:40:34.940+0000] {dag.py:3834} INFO - Setting next_dagrun for example_branch_datetime_operator to 2024-04-06 00:00:00+00:00, run_after=2024-04-07 00:00:00+00:00
[2024-04-07T14:40:34.955+0000] {logging_mixin.py:188} INFO - [2024-04-07T14:40:34.954+0000] {dag.py:3834} INFO - Setting next_dagrun for example_branch_datetime_operator_2 to 2024-04-06 00:00:00+00:00, run_after=2024-04-07 00:00:00+00:00
[2024-04-07T14:40:34.962+0000] {logging_mixin.py:188} INFO - [2024-04-07T14:40:34.962+0000] {dag.py:3834} INFO - Setting next_dagrun for example_branch_datetime_operator_3 to 2024-04-06 00:00:00+00:00, run_after=2024-04-07 00:00:00+00:00
[2024-04-07T14:40:35.022+0000] {processor.py:183} INFO - Processing /home/airflow/.local/lib/python3.8/site-packages/airflow/example_dags/example_branch_datetime_operator.py took 0.256 seconds
[2024-04-07T14:41:05.653+0000] {processor.py:161} INFO - Started process (PID=245) to work on /home/airflow/.local/lib/python3.8/site-packages/airflow/example_dags/example_branch_datetime_operator.py
[2024-04-07T14:41:05.655+0000] {processor.py:830} INFO - Processing file /home/airflow/.local/lib/python3.8/site-packages/airflow/example_dags/example_branch_datetime_operator.py for tasks to queue
[2024-04-07T14:41:05.659+0000] {logging_mixin.py:188} INFO - [2024-04-07T14:41:05.659+0000] {dagbag.py:540} INFO - Filling up the DagBag from /home/airflow/.local/lib/python3.8/site-packages/airflow/example_dags/example_branch_datetime_operator.py
[2024-04-07T14:41:05.682+0000] {processor.py:840} INFO - DAG(s) 'example_branch_datetime_operator_3', 'example_branch_datetime_operator_2', 'example_branch_datetime_operator' retrieved from /home/airflow/.local/lib/python3.8/site-packages/airflow/example_dags/example_branch_datetime_operator.py
[2024-04-07T14:41:05.739+0000] {logging_mixin.py:188} INFO - [2024-04-07T14:41:05.739+0000] {dag.py:3047} INFO - Sync 3 DAGs
[2024-04-07T14:41:05.800+0000] {logging_mixin.py:188} INFO - [2024-04-07T14:41:05.799+0000] {dag.py:3834} INFO - Setting next_dagrun for example_branch_datetime_operator to 2024-04-06 00:00:00+00:00, run_after=2024-04-07 00:00:00+00:00
[2024-04-07T14:41:05.817+0000] {logging_mixin.py:188} INFO - [2024-04-07T14:41:05.817+0000] {dag.py:3834} INFO - Setting next_dagrun for example_branch_datetime_operator_2 to 2024-04-06 00:00:00+00:00, run_after=2024-04-07 00:00:00+00:00
[2024-04-07T14:41:05.825+0000] {logging_mixin.py:188} INFO - [2024-04-07T14:41:05.824+0000] {dag.py:3834} INFO - Setting next_dagrun for example_branch_datetime_operator_3 to 2024-04-06 00:00:00+00:00, run_after=2024-04-07 00:00:00+00:00
[2024-04-07T14:41:05.959+0000] {processor.py:183} INFO - Processing /home/airflow/.local/lib/python3.8/site-packages/airflow/example_dags/example_branch_datetime_operator.py took 0.315 seconds
[2024-04-07T14:41:36.845+0000] {processor.py:161} INFO - Started process (PID=302) to work on /home/airflow/.local/lib/python3.8/site-packages/airflow/example_dags/example_branch_datetime_operator.py
[2024-04-07T14:41:36.856+0000] {processor.py:830} INFO - Processing file /home/airflow/.local/lib/python3.8/site-packages/airflow/example_dags/example_branch_datetime_operator.py for tasks to queue
[2024-04-07T14:41:36.865+0000] {logging_mixin.py:188} INFO - [2024-04-07T14:41:36.863+0000] {dagbag.py:540} INFO - Filling up the DagBag from /home/airflow/.local/lib/python3.8/site-packages/airflow/example_dags/example_branch_datetime_operator.py
[2024-04-07T14:41:36.917+0000] {processor.py:840} INFO - DAG(s) 'example_branch_datetime_operator', 'example_branch_datetime_operator_3', 'example_branch_datetime_operator_2' retrieved from /home/airflow/.local/lib/python3.8/site-packages/airflow/example_dags/example_branch_datetime_operator.py
[2024-04-07T14:41:37.080+0000] {logging_mixin.py:188} INFO - [2024-04-07T14:41:37.080+0000] {dag.py:3047} INFO - Sync 3 DAGs
[2024-04-07T14:41:37.226+0000] {logging_mixin.py:188} INFO - [2024-04-07T14:41:37.226+0000] {dag.py:3834} INFO - Setting next_dagrun for example_branch_datetime_operator to 2024-04-06 00:00:00+00:00, run_after=2024-04-07 00:00:00+00:00
[2024-04-07T14:41:37.264+0000] {logging_mixin.py:188} INFO - [2024-04-07T14:41:37.264+0000] {dag.py:3834} INFO - Setting next_dagrun for example_branch_datetime_operator_2 to 2024-04-06 00:00:00+00:00, run_after=2024-04-07 00:00:00+00:00
[2024-04-07T14:41:37.297+0000] {logging_mixin.py:188} INFO - [2024-04-07T14:41:37.297+0000] {dag.py:3834} INFO - Setting next_dagrun for example_branch_datetime_operator_3 to 2024-04-06 00:00:00+00:00, run_after=2024-04-07 00:00:00+00:00
[2024-04-07T14:41:37.437+0000] {processor.py:183} INFO - Processing /home/airflow/.local/lib/python3.8/site-packages/airflow/example_dags/example_branch_datetime_operator.py took 0.599 seconds
[2024-04-07T14:42:08.409+0000] {processor.py:161} INFO - Started process (PID=359) to work on /home/airflow/.local/lib/python3.8/site-packages/airflow/example_dags/example_branch_datetime_operator.py
[2024-04-07T14:42:08.412+0000] {processor.py:830} INFO - Processing file /home/airflow/.local/lib/python3.8/site-packages/airflow/example_dags/example_branch_datetime_operator.py for tasks to queue
[2024-04-07T14:42:08.421+0000] {logging_mixin.py:188} INFO - [2024-04-07T14:42:08.420+0000] {dagbag.py:540} INFO - Filling up the DagBag from /home/airflow/.local/lib/python3.8/site-packages/airflow/example_dags/example_branch_datetime_operator.py
[2024-04-07T14:42:08.460+0000] {processor.py:840} INFO - DAG(s) 'example_branch_datetime_operator', 'example_branch_datetime_operator_2', 'example_branch_datetime_operator_3' retrieved from /home/airflow/.local/lib/python3.8/site-packages/airflow/example_dags/example_branch_datetime_operator.py
[2024-04-07T14:42:08.574+0000] {logging_mixin.py:188} INFO - [2024-04-07T14:42:08.573+0000] {dag.py:3047} INFO - Sync 3 DAGs
[2024-04-07T14:42:08.676+0000] {logging_mixin.py:188} INFO - [2024-04-07T14:42:08.676+0000] {dag.py:3834} INFO - Setting next_dagrun for example_branch_datetime_operator to 2024-04-06 00:00:00+00:00, run_after=2024-04-07 00:00:00+00:00
[2024-04-07T14:42:08.702+0000] {logging_mixin.py:188} INFO - [2024-04-07T14:42:08.701+0000] {dag.py:3834} INFO - Setting next_dagrun for example_branch_datetime_operator_2 to 2024-04-06 00:00:00+00:00, run_after=2024-04-07 00:00:00+00:00
[2024-04-07T14:42:08.717+0000] {logging_mixin.py:188} INFO - [2024-04-07T14:42:08.710+0000] {dag.py:3834} INFO - Setting next_dagrun for example_branch_datetime_operator_3 to 2024-04-06 00:00:00+00:00, run_after=2024-04-07 00:00:00+00:00
[2024-04-07T14:42:08.803+0000] {processor.py:183} INFO - Processing /home/airflow/.local/lib/python3.8/site-packages/airflow/example_dags/example_branch_datetime_operator.py took 0.406 seconds
[2024-04-07T14:42:40.976+0000] {processor.py:161} INFO - Started process (PID=416) to work on /home/airflow/.local/lib/python3.8/site-packages/airflow/example_dags/example_branch_datetime_operator.py
[2024-04-07T14:42:40.979+0000] {processor.py:830} INFO - Processing file /home/airflow/.local/lib/python3.8/site-packages/airflow/example_dags/example_branch_datetime_operator.py for tasks to queue
[2024-04-07T14:42:40.989+0000] {logging_mixin.py:188} INFO - [2024-04-07T14:42:40.988+0000] {dagbag.py:540} INFO - Filling up the DagBag from /home/airflow/.local/lib/python3.8/site-packages/airflow/example_dags/example_branch_datetime_operator.py
[2024-04-07T14:42:41.033+0000] {processor.py:840} INFO - DAG(s) 'example_branch_datetime_operator_2', 'example_branch_datetime_operator_3', 'example_branch_datetime_operator' retrieved from /home/airflow/.local/lib/python3.8/site-packages/airflow/example_dags/example_branch_datetime_operator.py
[2024-04-07T14:42:41.129+0000] {logging_mixin.py:188} INFO - [2024-04-07T14:42:41.128+0000] {dag.py:3047} INFO - Sync 3 DAGs
[2024-04-07T14:42:41.234+0000] {logging_mixin.py:188} INFO - [2024-04-07T14:42:41.233+0000] {dag.py:3834} INFO - Setting next_dagrun for example_branch_datetime_operator to 2024-04-06 00:00:00+00:00, run_after=2024-04-07 00:00:00+00:00
[2024-04-07T14:42:41.277+0000] {logging_mixin.py:188} INFO - [2024-04-07T14:42:41.277+0000] {dag.py:3834} INFO - Setting next_dagrun for example_branch_datetime_operator_2 to 2024-04-06 00:00:00+00:00, run_after=2024-04-07 00:00:00+00:00
[2024-04-07T14:42:41.292+0000] {logging_mixin.py:188} INFO - [2024-04-07T14:42:41.291+0000] {dag.py:3834} INFO - Setting next_dagrun for example_branch_datetime_operator_3 to 2024-04-06 00:00:00+00:00, run_after=2024-04-07 00:00:00+00:00
[2024-04-07T14:42:41.678+0000] {processor.py:183} INFO - Processing /home/airflow/.local/lib/python3.8/site-packages/airflow/example_dags/example_branch_datetime_operator.py took 0.708 seconds
[2024-04-07T14:43:12.617+0000] {processor.py:161} INFO - Started process (PID=474) to work on /home/airflow/.local/lib/python3.8/site-packages/airflow/example_dags/example_branch_datetime_operator.py
[2024-04-07T14:43:12.619+0000] {processor.py:830} INFO - Processing file /home/airflow/.local/lib/python3.8/site-packages/airflow/example_dags/example_branch_datetime_operator.py for tasks to queue
[2024-04-07T14:43:12.624+0000] {logging_mixin.py:188} INFO - [2024-04-07T14:43:12.623+0000] {dagbag.py:540} INFO - Filling up the DagBag from /home/airflow/.local/lib/python3.8/site-packages/airflow/example_dags/example_branch_datetime_operator.py
[2024-04-07T14:43:12.680+0000] {processor.py:840} INFO - DAG(s) 'example_branch_datetime_operator_3', 'example_branch_datetime_operator', 'example_branch_datetime_operator_2' retrieved from /home/airflow/.local/lib/python3.8/site-packages/airflow/example_dags/example_branch_datetime_operator.py
[2024-04-07T14:43:12.821+0000] {logging_mixin.py:188} INFO - [2024-04-07T14:43:12.821+0000] {dag.py:3047} INFO - Sync 3 DAGs
[2024-04-07T14:43:12.948+0000] {logging_mixin.py:188} INFO - [2024-04-07T14:43:12.947+0000] {dag.py:3834} INFO - Setting next_dagrun for example_branch_datetime_operator to 2024-04-06 00:00:00+00:00, run_after=2024-04-07 00:00:00+00:00
[2024-04-07T14:43:12.967+0000] {logging_mixin.py:188} INFO - [2024-04-07T14:43:12.967+0000] {dag.py:3834} INFO - Setting next_dagrun for example_branch_datetime_operator_2 to 2024-04-06 00:00:00+00:00, run_after=2024-04-07 00:00:00+00:00
[2024-04-07T14:43:12.976+0000] {logging_mixin.py:188} INFO - [2024-04-07T14:43:12.975+0000] {dag.py:3834} INFO - Setting next_dagrun for example_branch_datetime_operator_3 to 2024-04-06 00:00:00+00:00, run_after=2024-04-07 00:00:00+00:00
[2024-04-07T14:43:13.021+0000] {processor.py:183} INFO - Processing /home/airflow/.local/lib/python3.8/site-packages/airflow/example_dags/example_branch_datetime_operator.py took 0.410 seconds
[2024-04-07T14:43:43.123+0000] {processor.py:161} INFO - Started process (PID=531) to work on /home/airflow/.local/lib/python3.8/site-packages/airflow/example_dags/example_branch_datetime_operator.py
[2024-04-07T14:43:43.128+0000] {processor.py:830} INFO - Processing file /home/airflow/.local/lib/python3.8/site-packages/airflow/example_dags/example_branch_datetime_operator.py for tasks to queue
[2024-04-07T14:43:43.131+0000] {logging_mixin.py:188} INFO - [2024-04-07T14:43:43.131+0000] {dagbag.py:540} INFO - Filling up the DagBag from /home/airflow/.local/lib/python3.8/site-packages/airflow/example_dags/example_branch_datetime_operator.py
[2024-04-07T14:43:43.153+0000] {processor.py:840} INFO - DAG(s) 'example_branch_datetime_operator_2', 'example_branch_datetime_operator', 'example_branch_datetime_operator_3' retrieved from /home/airflow/.local/lib/python3.8/site-packages/airflow/example_dags/example_branch_datetime_operator.py
[2024-04-07T14:43:43.213+0000] {logging_mixin.py:188} INFO - [2024-04-07T14:43:43.213+0000] {dag.py:3047} INFO - Sync 3 DAGs
[2024-04-07T14:43:43.254+0000] {logging_mixin.py:188} INFO - [2024-04-07T14:43:43.254+0000] {dag.py:3834} INFO - Setting next_dagrun for example_branch_datetime_operator to 2024-04-06 00:00:00+00:00, run_after=2024-04-07 00:00:00+00:00
[2024-04-07T14:43:43.262+0000] {logging_mixin.py:188} INFO - [2024-04-07T14:43:43.261+0000] {dag.py:3834} INFO - Setting next_dagrun for example_branch_datetime_operator_2 to 2024-04-06 00:00:00+00:00, run_after=2024-04-07 00:00:00+00:00
[2024-04-07T14:43:43.267+0000] {logging_mixin.py:188} INFO - [2024-04-07T14:43:43.267+0000] {dag.py:3834} INFO - Setting next_dagrun for example_branch_datetime_operator_3 to 2024-04-06 00:00:00+00:00, run_after=2024-04-07 00:00:00+00:00
[2024-04-07T14:43:43.394+0000] {processor.py:183} INFO - Processing /home/airflow/.local/lib/python3.8/site-packages/airflow/example_dags/example_branch_datetime_operator.py took 0.279 seconds
[2024-04-07T14:44:14.657+0000] {processor.py:161} INFO - Started process (PID=588) to work on /home/airflow/.local/lib/python3.8/site-packages/airflow/example_dags/example_branch_datetime_operator.py
[2024-04-07T14:44:14.660+0000] {processor.py:830} INFO - Processing file /home/airflow/.local/lib/python3.8/site-packages/airflow/example_dags/example_branch_datetime_operator.py for tasks to queue
[2024-04-07T14:44:14.664+0000] {logging_mixin.py:188} INFO - [2024-04-07T14:44:14.662+0000] {dagbag.py:540} INFO - Filling up the DagBag from /home/airflow/.local/lib/python3.8/site-packages/airflow/example_dags/example_branch_datetime_operator.py
[2024-04-07T14:44:14.696+0000] {processor.py:840} INFO - DAG(s) 'example_branch_datetime_operator', 'example_branch_datetime_operator_2', 'example_branch_datetime_operator_3' retrieved from /home/airflow/.local/lib/python3.8/site-packages/airflow/example_dags/example_branch_datetime_operator.py
[2024-04-07T14:44:14.741+0000] {logging_mixin.py:188} INFO - [2024-04-07T14:44:14.740+0000] {dag.py:3047} INFO - Sync 3 DAGs
[2024-04-07T14:44:14.791+0000] {logging_mixin.py:188} INFO - [2024-04-07T14:44:14.790+0000] {dag.py:3834} INFO - Setting next_dagrun for example_branch_datetime_operator to 2024-04-06 00:00:00+00:00, run_after=2024-04-07 00:00:00+00:00
[2024-04-07T14:44:14.814+0000] {logging_mixin.py:188} INFO - [2024-04-07T14:44:14.813+0000] {dag.py:3834} INFO - Setting next_dagrun for example_branch_datetime_operator_2 to 2024-04-06 00:00:00+00:00, run_after=2024-04-07 00:00:00+00:00
[2024-04-07T14:44:14.843+0000] {logging_mixin.py:188} INFO - [2024-04-07T14:44:14.842+0000] {dag.py:3834} INFO - Setting next_dagrun for example_branch_datetime_operator_3 to 2024-04-06 00:00:00+00:00, run_after=2024-04-07 00:00:00+00:00
[2024-04-07T14:44:14.920+0000] {processor.py:183} INFO - Processing /home/airflow/.local/lib/python3.8/site-packages/airflow/example_dags/example_branch_datetime_operator.py took 0.269 seconds
[2024-04-07T14:44:56.652+0000] {processor.py:161} INFO - Started process (PID=645) to work on /home/airflow/.local/lib/python3.8/site-packages/airflow/example_dags/example_branch_datetime_operator.py
[2024-04-07T14:44:56.665+0000] {processor.py:830} INFO - Processing file /home/airflow/.local/lib/python3.8/site-packages/airflow/example_dags/example_branch_datetime_operator.py for tasks to queue
[2024-04-07T14:44:56.701+0000] {logging_mixin.py:188} INFO - [2024-04-07T14:44:56.700+0000] {dagbag.py:540} INFO - Filling up the DagBag from /home/airflow/.local/lib/python3.8/site-packages/airflow/example_dags/example_branch_datetime_operator.py
[2024-04-07T14:44:56.790+0000] {processor.py:840} INFO - DAG(s) 'example_branch_datetime_operator', 'example_branch_datetime_operator_3', 'example_branch_datetime_operator_2' retrieved from /home/airflow/.local/lib/python3.8/site-packages/airflow/example_dags/example_branch_datetime_operator.py
[2024-04-07T14:44:56.983+0000] {logging_mixin.py:188} INFO - [2024-04-07T14:44:56.982+0000] {dag.py:3047} INFO - Sync 3 DAGs
[2024-04-07T14:44:57.187+0000] {logging_mixin.py:188} INFO - [2024-04-07T14:44:57.186+0000] {dag.py:3834} INFO - Setting next_dagrun for example_branch_datetime_operator to 2024-04-06 00:00:00+00:00, run_after=2024-04-07 00:00:00+00:00
[2024-04-07T14:44:57.220+0000] {logging_mixin.py:188} INFO - [2024-04-07T14:44:57.219+0000] {dag.py:3834} INFO - Setting next_dagrun for example_branch_datetime_operator_2 to 2024-04-06 00:00:00+00:00, run_after=2024-04-07 00:00:00+00:00
[2024-04-07T14:44:57.235+0000] {logging_mixin.py:188} INFO - [2024-04-07T14:44:57.234+0000] {dag.py:3834} INFO - Setting next_dagrun for example_branch_datetime_operator_3 to 2024-04-06 00:00:00+00:00, run_after=2024-04-07 00:00:00+00:00
[2024-04-07T14:44:58.856+0000] {processor.py:183} INFO - Processing /home/airflow/.local/lib/python3.8/site-packages/airflow/example_dags/example_branch_datetime_operator.py took 2.222 seconds
[2024-04-07T14:45:29.036+0000] {processor.py:161} INFO - Started process (PID=702) to work on /home/airflow/.local/lib/python3.8/site-packages/airflow/example_dags/example_branch_datetime_operator.py
[2024-04-07T14:45:29.046+0000] {processor.py:830} INFO - Processing file /home/airflow/.local/lib/python3.8/site-packages/airflow/example_dags/example_branch_datetime_operator.py for tasks to queue
[2024-04-07T14:45:29.051+0000] {logging_mixin.py:188} INFO - [2024-04-07T14:45:29.050+0000] {dagbag.py:540} INFO - Filling up the DagBag from /home/airflow/.local/lib/python3.8/site-packages/airflow/example_dags/example_branch_datetime_operator.py
[2024-04-07T14:45:29.098+0000] {processor.py:840} INFO - DAG(s) 'example_branch_datetime_operator_2', 'example_branch_datetime_operator', 'example_branch_datetime_operator_3' retrieved from /home/airflow/.local/lib/python3.8/site-packages/airflow/example_dags/example_branch_datetime_operator.py
[2024-04-07T14:45:29.157+0000] {logging_mixin.py:188} INFO - [2024-04-07T14:45:29.156+0000] {dag.py:3047} INFO - Sync 3 DAGs
[2024-04-07T14:45:29.215+0000] {logging_mixin.py:188} INFO - [2024-04-07T14:45:29.215+0000] {dag.py:3834} INFO - Setting next_dagrun for example_branch_datetime_operator to 2024-04-06 00:00:00+00:00, run_after=2024-04-07 00:00:00+00:00
[2024-04-07T14:45:29.227+0000] {logging_mixin.py:188} INFO - [2024-04-07T14:45:29.227+0000] {dag.py:3834} INFO - Setting next_dagrun for example_branch_datetime_operator_2 to 2024-04-06 00:00:00+00:00, run_after=2024-04-07 00:00:00+00:00
[2024-04-07T14:45:29.231+0000] {logging_mixin.py:188} INFO - [2024-04-07T14:45:29.231+0000] {dag.py:3834} INFO - Setting next_dagrun for example_branch_datetime_operator_3 to 2024-04-06 00:00:00+00:00, run_after=2024-04-07 00:00:00+00:00
[2024-04-07T14:45:29.261+0000] {processor.py:183} INFO - Processing /home/airflow/.local/lib/python3.8/site-packages/airflow/example_dags/example_branch_datetime_operator.py took 0.234 seconds
[2024-04-07T14:45:59.347+0000] {processor.py:161} INFO - Started process (PID=759) to work on /home/airflow/.local/lib/python3.8/site-packages/airflow/example_dags/example_branch_datetime_operator.py
[2024-04-07T14:45:59.349+0000] {processor.py:830} INFO - Processing file /home/airflow/.local/lib/python3.8/site-packages/airflow/example_dags/example_branch_datetime_operator.py for tasks to queue
[2024-04-07T14:45:59.353+0000] {logging_mixin.py:188} INFO - [2024-04-07T14:45:59.352+0000] {dagbag.py:540} INFO - Filling up the DagBag from /home/airflow/.local/lib/python3.8/site-packages/airflow/example_dags/example_branch_datetime_operator.py
[2024-04-07T14:45:59.380+0000] {processor.py:840} INFO - DAG(s) 'example_branch_datetime_operator_3', 'example_branch_datetime_operator', 'example_branch_datetime_operator_2' retrieved from /home/airflow/.local/lib/python3.8/site-packages/airflow/example_dags/example_branch_datetime_operator.py
[2024-04-07T14:45:59.450+0000] {logging_mixin.py:188} INFO - [2024-04-07T14:45:59.450+0000] {dag.py:3047} INFO - Sync 3 DAGs
[2024-04-07T14:45:59.509+0000] {logging_mixin.py:188} INFO - [2024-04-07T14:45:59.509+0000] {dag.py:3834} INFO - Setting next_dagrun for example_branch_datetime_operator to 2024-04-06 00:00:00+00:00, run_after=2024-04-07 00:00:00+00:00
[2024-04-07T14:45:59.522+0000] {logging_mixin.py:188} INFO - [2024-04-07T14:45:59.522+0000] {dag.py:3834} INFO - Setting next_dagrun for example_branch_datetime_operator_2 to 2024-04-06 00:00:00+00:00, run_after=2024-04-07 00:00:00+00:00
[2024-04-07T14:45:59.530+0000] {logging_mixin.py:188} INFO - [2024-04-07T14:45:59.529+0000] {dag.py:3834} INFO - Setting next_dagrun for example_branch_datetime_operator_3 to 2024-04-06 00:00:00+00:00, run_after=2024-04-07 00:00:00+00:00
[2024-04-07T14:45:59.589+0000] {processor.py:183} INFO - Processing /home/airflow/.local/lib/python3.8/site-packages/airflow/example_dags/example_branch_datetime_operator.py took 0.249 seconds
[2024-04-07T14:46:30.621+0000] {processor.py:161} INFO - Started process (PID=816) to work on /home/airflow/.local/lib/python3.8/site-packages/airflow/example_dags/example_branch_datetime_operator.py
[2024-04-07T14:46:30.639+0000] {processor.py:830} INFO - Processing file /home/airflow/.local/lib/python3.8/site-packages/airflow/example_dags/example_branch_datetime_operator.py for tasks to queue
[2024-04-07T14:46:30.685+0000] {logging_mixin.py:188} INFO - [2024-04-07T14:46:30.685+0000] {dagbag.py:540} INFO - Filling up the DagBag from /home/airflow/.local/lib/python3.8/site-packages/airflow/example_dags/example_branch_datetime_operator.py
[2024-04-07T14:46:30.784+0000] {processor.py:840} INFO - DAG(s) 'example_branch_datetime_operator_2', 'example_branch_datetime_operator', 'example_branch_datetime_operator_3' retrieved from /home/airflow/.local/lib/python3.8/site-packages/airflow/example_dags/example_branch_datetime_operator.py
[2024-04-07T14:46:31.038+0000] {logging_mixin.py:188} INFO - [2024-04-07T14:46:31.037+0000] {dag.py:3047} INFO - Sync 3 DAGs
[2024-04-07T14:46:31.239+0000] {logging_mixin.py:188} INFO - [2024-04-07T14:46:31.239+0000] {dag.py:3834} INFO - Setting next_dagrun for example_branch_datetime_operator to 2024-04-06 00:00:00+00:00, run_after=2024-04-07 00:00:00+00:00
[2024-04-07T14:46:31.284+0000] {logging_mixin.py:188} INFO - [2024-04-07T14:46:31.283+0000] {dag.py:3834} INFO - Setting next_dagrun for example_branch_datetime_operator_2 to 2024-04-06 00:00:00+00:00, run_after=2024-04-07 00:00:00+00:00
[2024-04-07T14:46:31.304+0000] {logging_mixin.py:188} INFO - [2024-04-07T14:46:31.303+0000] {dag.py:3834} INFO - Setting next_dagrun for example_branch_datetime_operator_3 to 2024-04-06 00:00:00+00:00, run_after=2024-04-07 00:00:00+00:00
[2024-04-07T14:46:31.449+0000] {processor.py:183} INFO - Processing /home/airflow/.local/lib/python3.8/site-packages/airflow/example_dags/example_branch_datetime_operator.py took 0.848 seconds
[2024-04-07T14:47:01.613+0000] {processor.py:161} INFO - Started process (PID=877) to work on /home/airflow/.local/lib/python3.8/site-packages/airflow/example_dags/example_branch_datetime_operator.py
[2024-04-07T14:47:01.615+0000] {processor.py:830} INFO - Processing file /home/airflow/.local/lib/python3.8/site-packages/airflow/example_dags/example_branch_datetime_operator.py for tasks to queue
[2024-04-07T14:47:01.618+0000] {logging_mixin.py:188} INFO - [2024-04-07T14:47:01.617+0000] {dagbag.py:540} INFO - Filling up the DagBag from /home/airflow/.local/lib/python3.8/site-packages/airflow/example_dags/example_branch_datetime_operator.py
[2024-04-07T14:47:01.638+0000] {processor.py:840} INFO - DAG(s) 'example_branch_datetime_operator_3', 'example_branch_datetime_operator', 'example_branch_datetime_operator_2' retrieved from /home/airflow/.local/lib/python3.8/site-packages/airflow/example_dags/example_branch_datetime_operator.py
[2024-04-07T14:47:01.685+0000] {logging_mixin.py:188} INFO - [2024-04-07T14:47:01.685+0000] {dag.py:3047} INFO - Sync 3 DAGs
[2024-04-07T14:47:01.729+0000] {logging_mixin.py:188} INFO - [2024-04-07T14:47:01.728+0000] {dag.py:3834} INFO - Setting next_dagrun for example_branch_datetime_operator to 2024-04-06 00:00:00+00:00, run_after=2024-04-07 00:00:00+00:00
[2024-04-07T14:47:01.739+0000] {logging_mixin.py:188} INFO - [2024-04-07T14:47:01.739+0000] {dag.py:3834} INFO - Setting next_dagrun for example_branch_datetime_operator_2 to 2024-04-06 00:00:00+00:00, run_after=2024-04-07 00:00:00+00:00
[2024-04-07T14:47:01.744+0000] {logging_mixin.py:188} INFO - [2024-04-07T14:47:01.744+0000] {dag.py:3834} INFO - Setting next_dagrun for example_branch_datetime_operator_3 to 2024-04-06 00:00:00+00:00, run_after=2024-04-07 00:00:00+00:00
[2024-04-07T14:47:01.839+0000] {processor.py:183} INFO - Processing /home/airflow/.local/lib/python3.8/site-packages/airflow/example_dags/example_branch_datetime_operator.py took 0.231 seconds
[2024-04-07T14:47:32.294+0000] {processor.py:161} INFO - Started process (PID=934) to work on /home/airflow/.local/lib/python3.8/site-packages/airflow/example_dags/example_branch_datetime_operator.py
[2024-04-07T14:47:32.296+0000] {processor.py:830} INFO - Processing file /home/airflow/.local/lib/python3.8/site-packages/airflow/example_dags/example_branch_datetime_operator.py for tasks to queue
[2024-04-07T14:47:32.300+0000] {logging_mixin.py:188} INFO - [2024-04-07T14:47:32.300+0000] {dagbag.py:540} INFO - Filling up the DagBag from /home/airflow/.local/lib/python3.8/site-packages/airflow/example_dags/example_branch_datetime_operator.py
[2024-04-07T14:47:32.329+0000] {processor.py:840} INFO - DAG(s) 'example_branch_datetime_operator', 'example_branch_datetime_operator_2', 'example_branch_datetime_operator_3' retrieved from /home/airflow/.local/lib/python3.8/site-packages/airflow/example_dags/example_branch_datetime_operator.py
[2024-04-07T14:47:32.398+0000] {logging_mixin.py:188} INFO - [2024-04-07T14:47:32.398+0000] {dag.py:3047} INFO - Sync 3 DAGs
[2024-04-07T14:47:32.458+0000] {logging_mixin.py:188} INFO - [2024-04-07T14:47:32.458+0000] {dag.py:3834} INFO - Setting next_dagrun for example_branch_datetime_operator to 2024-04-06 00:00:00+00:00, run_after=2024-04-07 00:00:00+00:00
[2024-04-07T14:47:32.469+0000] {logging_mixin.py:188} INFO - [2024-04-07T14:47:32.469+0000] {dag.py:3834} INFO - Setting next_dagrun for example_branch_datetime_operator_2 to 2024-04-06 00:00:00+00:00, run_after=2024-04-07 00:00:00+00:00
[2024-04-07T14:47:32.474+0000] {logging_mixin.py:188} INFO - [2024-04-07T14:47:32.473+0000] {dag.py:3834} INFO - Setting next_dagrun for example_branch_datetime_operator_3 to 2024-04-06 00:00:00+00:00, run_after=2024-04-07 00:00:00+00:00
[2024-04-07T14:47:32.509+0000] {processor.py:183} INFO - Processing /home/airflow/.local/lib/python3.8/site-packages/airflow/example_dags/example_branch_datetime_operator.py took 0.220 seconds
[2024-04-07T14:48:02.876+0000] {processor.py:161} INFO - Started process (PID=991) to work on /home/airflow/.local/lib/python3.8/site-packages/airflow/example_dags/example_branch_datetime_operator.py
[2024-04-07T14:48:02.878+0000] {processor.py:830} INFO - Processing file /home/airflow/.local/lib/python3.8/site-packages/airflow/example_dags/example_branch_datetime_operator.py for tasks to queue
[2024-04-07T14:48:02.881+0000] {logging_mixin.py:188} INFO - [2024-04-07T14:48:02.880+0000] {dagbag.py:540} INFO - Filling up the DagBag from /home/airflow/.local/lib/python3.8/site-packages/airflow/example_dags/example_branch_datetime_operator.py
[2024-04-07T14:48:02.898+0000] {processor.py:840} INFO - DAG(s) 'example_branch_datetime_operator', 'example_branch_datetime_operator_3', 'example_branch_datetime_operator_2' retrieved from /home/airflow/.local/lib/python3.8/site-packages/airflow/example_dags/example_branch_datetime_operator.py
[2024-04-07T14:48:02.943+0000] {logging_mixin.py:188} INFO - [2024-04-07T14:48:02.943+0000] {dag.py:3047} INFO - Sync 3 DAGs
[2024-04-07T14:48:02.978+0000] {logging_mixin.py:188} INFO - [2024-04-07T14:48:02.978+0000] {dag.py:3834} INFO - Setting next_dagrun for example_branch_datetime_operator to 2024-04-06 00:00:00+00:00, run_after=2024-04-07 00:00:00+00:00
[2024-04-07T14:48:02.987+0000] {logging_mixin.py:188} INFO - [2024-04-07T14:48:02.986+0000] {dag.py:3834} INFO - Setting next_dagrun for example_branch_datetime_operator_2 to 2024-04-06 00:00:00+00:00, run_after=2024-04-07 00:00:00+00:00
[2024-04-07T14:48:02.992+0000] {logging_mixin.py:188} INFO - [2024-04-07T14:48:02.991+0000] {dag.py:3834} INFO - Setting next_dagrun for example_branch_datetime_operator_3 to 2024-04-06 00:00:00+00:00, run_after=2024-04-07 00:00:00+00:00
[2024-04-07T14:48:03.027+0000] {processor.py:183} INFO - Processing /home/airflow/.local/lib/python3.8/site-packages/airflow/example_dags/example_branch_datetime_operator.py took 0.155 seconds
[2024-04-07T14:48:33.088+0000] {processor.py:161} INFO - Started process (PID=1048) to work on /home/airflow/.local/lib/python3.8/site-packages/airflow/example_dags/example_branch_datetime_operator.py
[2024-04-07T14:48:33.090+0000] {processor.py:830} INFO - Processing file /home/airflow/.local/lib/python3.8/site-packages/airflow/example_dags/example_branch_datetime_operator.py for tasks to queue
[2024-04-07T14:48:33.094+0000] {logging_mixin.py:188} INFO - [2024-04-07T14:48:33.094+0000] {dagbag.py:540} INFO - Filling up the DagBag from /home/airflow/.local/lib/python3.8/site-packages/airflow/example_dags/example_branch_datetime_operator.py
[2024-04-07T14:48:33.111+0000] {processor.py:840} INFO - DAG(s) 'example_branch_datetime_operator_3', 'example_branch_datetime_operator', 'example_branch_datetime_operator_2' retrieved from /home/airflow/.local/lib/python3.8/site-packages/airflow/example_dags/example_branch_datetime_operator.py
[2024-04-07T14:48:33.160+0000] {logging_mixin.py:188} INFO - [2024-04-07T14:48:33.160+0000] {dag.py:3047} INFO - Sync 3 DAGs
[2024-04-07T14:48:33.202+0000] {logging_mixin.py:188} INFO - [2024-04-07T14:48:33.201+0000] {dag.py:3834} INFO - Setting next_dagrun for example_branch_datetime_operator to 2024-04-06 00:00:00+00:00, run_after=2024-04-07 00:00:00+00:00
[2024-04-07T14:48:33.212+0000] {logging_mixin.py:188} INFO - [2024-04-07T14:48:33.211+0000] {dag.py:3834} INFO - Setting next_dagrun for example_branch_datetime_operator_2 to 2024-04-06 00:00:00+00:00, run_after=2024-04-07 00:00:00+00:00
[2024-04-07T14:48:33.216+0000] {logging_mixin.py:188} INFO - [2024-04-07T14:48:33.216+0000] {dag.py:3834} INFO - Setting next_dagrun for example_branch_datetime_operator_3 to 2024-04-06 00:00:00+00:00, run_after=2024-04-07 00:00:00+00:00
[2024-04-07T14:48:33.250+0000] {processor.py:183} INFO - Processing /home/airflow/.local/lib/python3.8/site-packages/airflow/example_dags/example_branch_datetime_operator.py took 0.167 seconds
[2024-04-07T14:49:04.253+0000] {processor.py:161} INFO - Started process (PID=1105) to work on /home/airflow/.local/lib/python3.8/site-packages/airflow/example_dags/example_branch_datetime_operator.py
[2024-04-07T14:49:04.256+0000] {processor.py:830} INFO - Processing file /home/airflow/.local/lib/python3.8/site-packages/airflow/example_dags/example_branch_datetime_operator.py for tasks to queue
[2024-04-07T14:49:04.267+0000] {logging_mixin.py:188} INFO - [2024-04-07T14:49:04.267+0000] {dagbag.py:540} INFO - Filling up the DagBag from /home/airflow/.local/lib/python3.8/site-packages/airflow/example_dags/example_branch_datetime_operator.py
[2024-04-07T14:49:04.313+0000] {processor.py:840} INFO - DAG(s) 'example_branch_datetime_operator', 'example_branch_datetime_operator_3', 'example_branch_datetime_operator_2' retrieved from /home/airflow/.local/lib/python3.8/site-packages/airflow/example_dags/example_branch_datetime_operator.py
[2024-04-07T14:49:04.485+0000] {logging_mixin.py:188} INFO - [2024-04-07T14:49:04.484+0000] {dag.py:3047} INFO - Sync 3 DAGs
[2024-04-07T14:49:04.693+0000] {logging_mixin.py:188} INFO - [2024-04-07T14:49:04.692+0000] {dag.py:3834} INFO - Setting next_dagrun for example_branch_datetime_operator to 2024-04-06 00:00:00+00:00, run_after=2024-04-07 00:00:00+00:00
[2024-04-07T14:49:04.763+0000] {logging_mixin.py:188} INFO - [2024-04-07T14:49:04.762+0000] {dag.py:3834} INFO - Setting next_dagrun for example_branch_datetime_operator_2 to 2024-04-06 00:00:00+00:00, run_after=2024-04-07 00:00:00+00:00
[2024-04-07T14:49:04.812+0000] {logging_mixin.py:188} INFO - [2024-04-07T14:49:04.811+0000] {dag.py:3834} INFO - Setting next_dagrun for example_branch_datetime_operator_3 to 2024-04-06 00:00:00+00:00, run_after=2024-04-07 00:00:00+00:00
[2024-04-07T14:49:05.080+0000] {processor.py:183} INFO - Processing /home/airflow/.local/lib/python3.8/site-packages/airflow/example_dags/example_branch_datetime_operator.py took 0.842 seconds
[2024-04-07T14:49:35.447+0000] {processor.py:161} INFO - Started process (PID=1162) to work on /home/airflow/.local/lib/python3.8/site-packages/airflow/example_dags/example_branch_datetime_operator.py
[2024-04-07T14:49:35.450+0000] {processor.py:830} INFO - Processing file /home/airflow/.local/lib/python3.8/site-packages/airflow/example_dags/example_branch_datetime_operator.py for tasks to queue
[2024-04-07T14:49:35.454+0000] {logging_mixin.py:188} INFO - [2024-04-07T14:49:35.453+0000] {dagbag.py:540} INFO - Filling up the DagBag from /home/airflow/.local/lib/python3.8/site-packages/airflow/example_dags/example_branch_datetime_operator.py
[2024-04-07T14:49:35.479+0000] {processor.py:840} INFO - DAG(s) 'example_branch_datetime_operator', 'example_branch_datetime_operator_2', 'example_branch_datetime_operator_3' retrieved from /home/airflow/.local/lib/python3.8/site-packages/airflow/example_dags/example_branch_datetime_operator.py
[2024-04-07T14:49:35.545+0000] {logging_mixin.py:188} INFO - [2024-04-07T14:49:35.545+0000] {dag.py:3047} INFO - Sync 3 DAGs
[2024-04-07T14:49:35.597+0000] {logging_mixin.py:188} INFO - [2024-04-07T14:49:35.597+0000] {dag.py:3834} INFO - Setting next_dagrun for example_branch_datetime_operator to 2024-04-06 00:00:00+00:00, run_after=2024-04-07 00:00:00+00:00
[2024-04-07T14:49:35.610+0000] {logging_mixin.py:188} INFO - [2024-04-07T14:49:35.608+0000] {dag.py:3834} INFO - Setting next_dagrun for example_branch_datetime_operator_2 to 2024-04-06 00:00:00+00:00, run_after=2024-04-07 00:00:00+00:00
[2024-04-07T14:49:35.618+0000] {logging_mixin.py:188} INFO - [2024-04-07T14:49:35.618+0000] {dag.py:3834} INFO - Setting next_dagrun for example_branch_datetime_operator_3 to 2024-04-06 00:00:00+00:00, run_after=2024-04-07 00:00:00+00:00
[2024-04-07T14:49:35.678+0000] {processor.py:183} INFO - Processing /home/airflow/.local/lib/python3.8/site-packages/airflow/example_dags/example_branch_datetime_operator.py took 0.248 seconds
[2024-04-07T14:50:06.387+0000] {processor.py:161} INFO - Started process (PID=1219) to work on /home/airflow/.local/lib/python3.8/site-packages/airflow/example_dags/example_branch_datetime_operator.py
[2024-04-07T14:50:06.391+0000] {processor.py:830} INFO - Processing file /home/airflow/.local/lib/python3.8/site-packages/airflow/example_dags/example_branch_datetime_operator.py for tasks to queue
[2024-04-07T14:50:06.396+0000] {logging_mixin.py:188} INFO - [2024-04-07T14:50:06.395+0000] {dagbag.py:540} INFO - Filling up the DagBag from /home/airflow/.local/lib/python3.8/site-packages/airflow/example_dags/example_branch_datetime_operator.py
[2024-04-07T14:50:06.436+0000] {processor.py:840} INFO - DAG(s) 'example_branch_datetime_operator_3', 'example_branch_datetime_operator', 'example_branch_datetime_operator_2' retrieved from /home/airflow/.local/lib/python3.8/site-packages/airflow/example_dags/example_branch_datetime_operator.py
[2024-04-07T14:50:06.524+0000] {logging_mixin.py:188} INFO - [2024-04-07T14:50:06.523+0000] {dag.py:3047} INFO - Sync 3 DAGs
[2024-04-07T14:50:06.587+0000] {logging_mixin.py:188} INFO - [2024-04-07T14:50:06.587+0000] {dag.py:3834} INFO - Setting next_dagrun for example_branch_datetime_operator to 2024-04-06 00:00:00+00:00, run_after=2024-04-07 00:00:00+00:00
[2024-04-07T14:50:06.609+0000] {logging_mixin.py:188} INFO - [2024-04-07T14:50:06.609+0000] {dag.py:3834} INFO - Setting next_dagrun for example_branch_datetime_operator_2 to 2024-04-06 00:00:00+00:00, run_after=2024-04-07 00:00:00+00:00
[2024-04-07T14:50:06.621+0000] {logging_mixin.py:188} INFO - [2024-04-07T14:50:06.620+0000] {dag.py:3834} INFO - Setting next_dagrun for example_branch_datetime_operator_3 to 2024-04-06 00:00:00+00:00, run_after=2024-04-07 00:00:00+00:00
[2024-04-07T14:50:06.725+0000] {processor.py:183} INFO - Processing /home/airflow/.local/lib/python3.8/site-packages/airflow/example_dags/example_branch_datetime_operator.py took 0.347 seconds
[2024-04-07T14:50:37.436+0000] {processor.py:161} INFO - Started process (PID=1277) to work on /home/airflow/.local/lib/python3.8/site-packages/airflow/example_dags/example_branch_datetime_operator.py
[2024-04-07T14:50:37.438+0000] {processor.py:830} INFO - Processing file /home/airflow/.local/lib/python3.8/site-packages/airflow/example_dags/example_branch_datetime_operator.py for tasks to queue
[2024-04-07T14:50:37.442+0000] {logging_mixin.py:188} INFO - [2024-04-07T14:50:37.441+0000] {dagbag.py:540} INFO - Filling up the DagBag from /home/airflow/.local/lib/python3.8/site-packages/airflow/example_dags/example_branch_datetime_operator.py
[2024-04-07T14:50:37.462+0000] {processor.py:840} INFO - DAG(s) 'example_branch_datetime_operator_3', 'example_branch_datetime_operator', 'example_branch_datetime_operator_2' retrieved from /home/airflow/.local/lib/python3.8/site-packages/airflow/example_dags/example_branch_datetime_operator.py
[2024-04-07T14:50:37.528+0000] {logging_mixin.py:188} INFO - [2024-04-07T14:50:37.527+0000] {dag.py:3047} INFO - Sync 3 DAGs
[2024-04-07T14:50:37.577+0000] {logging_mixin.py:188} INFO - [2024-04-07T14:50:37.576+0000] {dag.py:3834} INFO - Setting next_dagrun for example_branch_datetime_operator to 2024-04-06 00:00:00+00:00, run_after=2024-04-07 00:00:00+00:00
[2024-04-07T14:50:37.586+0000] {logging_mixin.py:188} INFO - [2024-04-07T14:50:37.586+0000] {dag.py:3834} INFO - Setting next_dagrun for example_branch_datetime_operator_2 to 2024-04-06 00:00:00+00:00, run_after=2024-04-07 00:00:00+00:00
[2024-04-07T14:50:37.591+0000] {logging_mixin.py:188} INFO - [2024-04-07T14:50:37.591+0000] {dag.py:3834} INFO - Setting next_dagrun for example_branch_datetime_operator_3 to 2024-04-06 00:00:00+00:00, run_after=2024-04-07 00:00:00+00:00
[2024-04-07T14:50:37.855+0000] {processor.py:183} INFO - Processing /home/airflow/.local/lib/python3.8/site-packages/airflow/example_dags/example_branch_datetime_operator.py took 0.426 seconds
[2024-04-07T14:51:08.055+0000] {processor.py:161} INFO - Started process (PID=1333) to work on /home/airflow/.local/lib/python3.8/site-packages/airflow/example_dags/example_branch_datetime_operator.py
[2024-04-07T14:51:08.058+0000] {processor.py:830} INFO - Processing file /home/airflow/.local/lib/python3.8/site-packages/airflow/example_dags/example_branch_datetime_operator.py for tasks to queue
[2024-04-07T14:51:08.063+0000] {logging_mixin.py:188} INFO - [2024-04-07T14:51:08.062+0000] {dagbag.py:540} INFO - Filling up the DagBag from /home/airflow/.local/lib/python3.8/site-packages/airflow/example_dags/example_branch_datetime_operator.py
[2024-04-07T14:51:08.121+0000] {processor.py:840} INFO - DAG(s) 'example_branch_datetime_operator', 'example_branch_datetime_operator_3', 'example_branch_datetime_operator_2' retrieved from /home/airflow/.local/lib/python3.8/site-packages/airflow/example_dags/example_branch_datetime_operator.py
[2024-04-07T14:51:08.262+0000] {logging_mixin.py:188} INFO - [2024-04-07T14:51:08.262+0000] {dag.py:3047} INFO - Sync 3 DAGs
[2024-04-07T14:51:08.363+0000] {logging_mixin.py:188} INFO - [2024-04-07T14:51:08.362+0000] {dag.py:3834} INFO - Setting next_dagrun for example_branch_datetime_operator to 2024-04-06 00:00:00+00:00, run_after=2024-04-07 00:00:00+00:00
[2024-04-07T14:51:08.379+0000] {logging_mixin.py:188} INFO - [2024-04-07T14:51:08.379+0000] {dag.py:3834} INFO - Setting next_dagrun for example_branch_datetime_operator_2 to 2024-04-06 00:00:00+00:00, run_after=2024-04-07 00:00:00+00:00
[2024-04-07T14:51:08.393+0000] {logging_mixin.py:188} INFO - [2024-04-07T14:51:08.392+0000] {dag.py:3834} INFO - Setting next_dagrun for example_branch_datetime_operator_3 to 2024-04-06 00:00:00+00:00, run_after=2024-04-07 00:00:00+00:00
[2024-04-07T14:51:08.540+0000] {processor.py:183} INFO - Processing /home/airflow/.local/lib/python3.8/site-packages/airflow/example_dags/example_branch_datetime_operator.py took 0.504 seconds
[2024-04-07T14:51:39.249+0000] {processor.py:161} INFO - Started process (PID=1391) to work on /home/airflow/.local/lib/python3.8/site-packages/airflow/example_dags/example_branch_datetime_operator.py
[2024-04-07T14:51:39.251+0000] {processor.py:830} INFO - Processing file /home/airflow/.local/lib/python3.8/site-packages/airflow/example_dags/example_branch_datetime_operator.py for tasks to queue
[2024-04-07T14:51:39.256+0000] {logging_mixin.py:188} INFO - [2024-04-07T14:51:39.255+0000] {dagbag.py:540} INFO - Filling up the DagBag from /home/airflow/.local/lib/python3.8/site-packages/airflow/example_dags/example_branch_datetime_operator.py
[2024-04-07T14:51:39.282+0000] {processor.py:840} INFO - DAG(s) 'example_branch_datetime_operator', 'example_branch_datetime_operator_2', 'example_branch_datetime_operator_3' retrieved from /home/airflow/.local/lib/python3.8/site-packages/airflow/example_dags/example_branch_datetime_operator.py
[2024-04-07T14:51:39.341+0000] {logging_mixin.py:188} INFO - [2024-04-07T14:51:39.341+0000] {dag.py:3047} INFO - Sync 3 DAGs
[2024-04-07T14:51:39.392+0000] {logging_mixin.py:188} INFO - [2024-04-07T14:51:39.392+0000] {dag.py:3834} INFO - Setting next_dagrun for example_branch_datetime_operator to 2024-04-06 00:00:00+00:00, run_after=2024-04-07 00:00:00+00:00
[2024-04-07T14:51:39.405+0000] {logging_mixin.py:188} INFO - [2024-04-07T14:51:39.405+0000] {dag.py:3834} INFO - Setting next_dagrun for example_branch_datetime_operator_2 to 2024-04-06 00:00:00+00:00, run_after=2024-04-07 00:00:00+00:00
[2024-04-07T14:51:39.415+0000] {logging_mixin.py:188} INFO - [2024-04-07T14:51:39.414+0000] {dag.py:3834} INFO - Setting next_dagrun for example_branch_datetime_operator_3 to 2024-04-06 00:00:00+00:00, run_after=2024-04-07 00:00:00+00:00
[2024-04-07T14:51:39.472+0000] {processor.py:183} INFO - Processing /home/airflow/.local/lib/python3.8/site-packages/airflow/example_dags/example_branch_datetime_operator.py took 0.232 seconds
[2024-04-07T14:52:10.143+0000] {processor.py:161} INFO - Started process (PID=1448) to work on /home/airflow/.local/lib/python3.8/site-packages/airflow/example_dags/example_branch_datetime_operator.py
[2024-04-07T14:52:10.146+0000] {processor.py:830} INFO - Processing file /home/airflow/.local/lib/python3.8/site-packages/airflow/example_dags/example_branch_datetime_operator.py for tasks to queue
[2024-04-07T14:52:10.150+0000] {logging_mixin.py:188} INFO - [2024-04-07T14:52:10.149+0000] {dagbag.py:540} INFO - Filling up the DagBag from /home/airflow/.local/lib/python3.8/site-packages/airflow/example_dags/example_branch_datetime_operator.py
[2024-04-07T14:52:10.201+0000] {processor.py:840} INFO - DAG(s) 'example_branch_datetime_operator_3', 'example_branch_datetime_operator_2', 'example_branch_datetime_operator' retrieved from /home/airflow/.local/lib/python3.8/site-packages/airflow/example_dags/example_branch_datetime_operator.py
[2024-04-07T14:52:10.312+0000] {logging_mixin.py:188} INFO - [2024-04-07T14:52:10.311+0000] {dag.py:3047} INFO - Sync 3 DAGs
[2024-04-07T14:52:10.400+0000] {logging_mixin.py:188} INFO - [2024-04-07T14:52:10.400+0000] {dag.py:3834} INFO - Setting next_dagrun for example_branch_datetime_operator to 2024-04-06 00:00:00+00:00, run_after=2024-04-07 00:00:00+00:00
[2024-04-07T14:52:10.436+0000] {logging_mixin.py:188} INFO - [2024-04-07T14:52:10.436+0000] {dag.py:3834} INFO - Setting next_dagrun for example_branch_datetime_operator_2 to 2024-04-06 00:00:00+00:00, run_after=2024-04-07 00:00:00+00:00
[2024-04-07T14:52:10.471+0000] {logging_mixin.py:188} INFO - [2024-04-07T14:52:10.470+0000] {dag.py:3834} INFO - Setting next_dagrun for example_branch_datetime_operator_3 to 2024-04-06 00:00:00+00:00, run_after=2024-04-07 00:00:00+00:00
[2024-04-07T14:52:10.554+0000] {processor.py:183} INFO - Processing /home/airflow/.local/lib/python3.8/site-packages/airflow/example_dags/example_branch_datetime_operator.py took 0.422 seconds
[2024-04-07T14:52:40.934+0000] {processor.py:161} INFO - Started process (PID=1505) to work on /home/airflow/.local/lib/python3.8/site-packages/airflow/example_dags/example_branch_datetime_operator.py
[2024-04-07T14:52:40.938+0000] {processor.py:830} INFO - Processing file /home/airflow/.local/lib/python3.8/site-packages/airflow/example_dags/example_branch_datetime_operator.py for tasks to queue
[2024-04-07T14:52:40.952+0000] {logging_mixin.py:188} INFO - [2024-04-07T14:52:40.952+0000] {dagbag.py:540} INFO - Filling up the DagBag from /home/airflow/.local/lib/python3.8/site-packages/airflow/example_dags/example_branch_datetime_operator.py
[2024-04-07T14:52:41.045+0000] {processor.py:840} INFO - DAG(s) 'example_branch_datetime_operator_3', 'example_branch_datetime_operator_2', 'example_branch_datetime_operator' retrieved from /home/airflow/.local/lib/python3.8/site-packages/airflow/example_dags/example_branch_datetime_operator.py
[2024-04-07T14:52:41.185+0000] {logging_mixin.py:188} INFO - [2024-04-07T14:52:41.185+0000] {dag.py:3047} INFO - Sync 3 DAGs
[2024-04-07T14:52:41.282+0000] {logging_mixin.py:188} INFO - [2024-04-07T14:52:41.282+0000] {dag.py:3834} INFO - Setting next_dagrun for example_branch_datetime_operator to 2024-04-06 00:00:00+00:00, run_after=2024-04-07 00:00:00+00:00
[2024-04-07T14:52:41.303+0000] {logging_mixin.py:188} INFO - [2024-04-07T14:52:41.302+0000] {dag.py:3834} INFO - Setting next_dagrun for example_branch_datetime_operator_2 to 2024-04-06 00:00:00+00:00, run_after=2024-04-07 00:00:00+00:00
[2024-04-07T14:52:41.312+0000] {logging_mixin.py:188} INFO - [2024-04-07T14:52:41.311+0000] {dag.py:3834} INFO - Setting next_dagrun for example_branch_datetime_operator_3 to 2024-04-06 00:00:00+00:00, run_after=2024-04-07 00:00:00+00:00
[2024-04-07T14:52:41.379+0000] {processor.py:183} INFO - Processing /home/airflow/.local/lib/python3.8/site-packages/airflow/example_dags/example_branch_datetime_operator.py took 0.467 seconds
[2024-04-07T14:53:11.593+0000] {processor.py:161} INFO - Started process (PID=1562) to work on /home/airflow/.local/lib/python3.8/site-packages/airflow/example_dags/example_branch_datetime_operator.py
[2024-04-07T14:53:11.596+0000] {processor.py:830} INFO - Processing file /home/airflow/.local/lib/python3.8/site-packages/airflow/example_dags/example_branch_datetime_operator.py for tasks to queue
[2024-04-07T14:53:11.600+0000] {logging_mixin.py:188} INFO - [2024-04-07T14:53:11.600+0000] {dagbag.py:540} INFO - Filling up the DagBag from /home/airflow/.local/lib/python3.8/site-packages/airflow/example_dags/example_branch_datetime_operator.py
[2024-04-07T14:53:11.624+0000] {processor.py:840} INFO - DAG(s) 'example_branch_datetime_operator', 'example_branch_datetime_operator_3', 'example_branch_datetime_operator_2' retrieved from /home/airflow/.local/lib/python3.8/site-packages/airflow/example_dags/example_branch_datetime_operator.py
[2024-04-07T14:53:11.709+0000] {logging_mixin.py:188} INFO - [2024-04-07T14:53:11.709+0000] {dag.py:3047} INFO - Sync 3 DAGs
[2024-04-07T14:53:11.772+0000] {logging_mixin.py:188} INFO - [2024-04-07T14:53:11.772+0000] {dag.py:3834} INFO - Setting next_dagrun for example_branch_datetime_operator to 2024-04-06 00:00:00+00:00, run_after=2024-04-07 00:00:00+00:00
[2024-04-07T14:53:11.791+0000] {logging_mixin.py:188} INFO - [2024-04-07T14:53:11.791+0000] {dag.py:3834} INFO - Setting next_dagrun for example_branch_datetime_operator_2 to 2024-04-06 00:00:00+00:00, run_after=2024-04-07 00:00:00+00:00
[2024-04-07T14:53:11.802+0000] {logging_mixin.py:188} INFO - [2024-04-07T14:53:11.801+0000] {dag.py:3834} INFO - Setting next_dagrun for example_branch_datetime_operator_3 to 2024-04-06 00:00:00+00:00, run_after=2024-04-07 00:00:00+00:00
[2024-04-07T14:53:11.852+0000] {processor.py:183} INFO - Processing /home/airflow/.local/lib/python3.8/site-packages/airflow/example_dags/example_branch_datetime_operator.py took 0.264 seconds
[2024-04-07T14:53:42.338+0000] {processor.py:161} INFO - Started process (PID=1619) to work on /home/airflow/.local/lib/python3.8/site-packages/airflow/example_dags/example_branch_datetime_operator.py
[2024-04-07T14:53:42.341+0000] {processor.py:830} INFO - Processing file /home/airflow/.local/lib/python3.8/site-packages/airflow/example_dags/example_branch_datetime_operator.py for tasks to queue
[2024-04-07T14:53:42.345+0000] {logging_mixin.py:188} INFO - [2024-04-07T14:53:42.344+0000] {dagbag.py:540} INFO - Filling up the DagBag from /home/airflow/.local/lib/python3.8/site-packages/airflow/example_dags/example_branch_datetime_operator.py
[2024-04-07T14:53:42.377+0000] {processor.py:840} INFO - DAG(s) 'example_branch_datetime_operator_2', 'example_branch_datetime_operator', 'example_branch_datetime_operator_3' retrieved from /home/airflow/.local/lib/python3.8/site-packages/airflow/example_dags/example_branch_datetime_operator.py
[2024-04-07T14:53:42.489+0000] {logging_mixin.py:188} INFO - [2024-04-07T14:53:42.489+0000] {dag.py:3047} INFO - Sync 3 DAGs
[2024-04-07T14:53:42.589+0000] {logging_mixin.py:188} INFO - [2024-04-07T14:53:42.588+0000] {dag.py:3834} INFO - Setting next_dagrun for example_branch_datetime_operator to 2024-04-06 00:00:00+00:00, run_after=2024-04-07 00:00:00+00:00
[2024-04-07T14:53:42.606+0000] {logging_mixin.py:188} INFO - [2024-04-07T14:53:42.605+0000] {dag.py:3834} INFO - Setting next_dagrun for example_branch_datetime_operator_2 to 2024-04-06 00:00:00+00:00, run_after=2024-04-07 00:00:00+00:00
[2024-04-07T14:53:42.614+0000] {logging_mixin.py:188} INFO - [2024-04-07T14:53:42.614+0000] {dag.py:3834} INFO - Setting next_dagrun for example_branch_datetime_operator_3 to 2024-04-06 00:00:00+00:00, run_after=2024-04-07 00:00:00+00:00
[2024-04-07T14:53:42.667+0000] {processor.py:183} INFO - Processing /home/airflow/.local/lib/python3.8/site-packages/airflow/example_dags/example_branch_datetime_operator.py took 0.338 seconds
[2024-04-07T14:54:13.132+0000] {processor.py:161} INFO - Started process (PID=1676) to work on /home/airflow/.local/lib/python3.8/site-packages/airflow/example_dags/example_branch_datetime_operator.py
[2024-04-07T14:54:13.144+0000] {processor.py:830} INFO - Processing file /home/airflow/.local/lib/python3.8/site-packages/airflow/example_dags/example_branch_datetime_operator.py for tasks to queue
[2024-04-07T14:54:13.149+0000] {logging_mixin.py:188} INFO - [2024-04-07T14:54:13.148+0000] {dagbag.py:540} INFO - Filling up the DagBag from /home/airflow/.local/lib/python3.8/site-packages/airflow/example_dags/example_branch_datetime_operator.py
[2024-04-07T14:54:13.188+0000] {processor.py:840} INFO - DAG(s) 'example_branch_datetime_operator', 'example_branch_datetime_operator_3', 'example_branch_datetime_operator_2' retrieved from /home/airflow/.local/lib/python3.8/site-packages/airflow/example_dags/example_branch_datetime_operator.py
[2024-04-07T14:54:13.254+0000] {logging_mixin.py:188} INFO - [2024-04-07T14:54:13.254+0000] {dag.py:3047} INFO - Sync 3 DAGs
[2024-04-07T14:54:13.319+0000] {logging_mixin.py:188} INFO - [2024-04-07T14:54:13.318+0000] {dag.py:3834} INFO - Setting next_dagrun for example_branch_datetime_operator to 2024-04-06 00:00:00+00:00, run_after=2024-04-07 00:00:00+00:00
[2024-04-07T14:54:13.329+0000] {logging_mixin.py:188} INFO - [2024-04-07T14:54:13.329+0000] {dag.py:3834} INFO - Setting next_dagrun for example_branch_datetime_operator_2 to 2024-04-06 00:00:00+00:00, run_after=2024-04-07 00:00:00+00:00
[2024-04-07T14:54:13.337+0000] {logging_mixin.py:188} INFO - [2024-04-07T14:54:13.337+0000] {dag.py:3834} INFO - Setting next_dagrun for example_branch_datetime_operator_3 to 2024-04-06 00:00:00+00:00, run_after=2024-04-07 00:00:00+00:00
[2024-04-07T14:54:13.382+0000] {processor.py:183} INFO - Processing /home/airflow/.local/lib/python3.8/site-packages/airflow/example_dags/example_branch_datetime_operator.py took 0.258 seconds
[2024-04-07T14:54:43.671+0000] {processor.py:161} INFO - Started process (PID=1733) to work on /home/airflow/.local/lib/python3.8/site-packages/airflow/example_dags/example_branch_datetime_operator.py
[2024-04-07T14:54:43.674+0000] {processor.py:830} INFO - Processing file /home/airflow/.local/lib/python3.8/site-packages/airflow/example_dags/example_branch_datetime_operator.py for tasks to queue
[2024-04-07T14:54:43.679+0000] {logging_mixin.py:188} INFO - [2024-04-07T14:54:43.678+0000] {dagbag.py:540} INFO - Filling up the DagBag from /home/airflow/.local/lib/python3.8/site-packages/airflow/example_dags/example_branch_datetime_operator.py
[2024-04-07T14:54:43.713+0000] {processor.py:840} INFO - DAG(s) 'example_branch_datetime_operator_2', 'example_branch_datetime_operator_3', 'example_branch_datetime_operator' retrieved from /home/airflow/.local/lib/python3.8/site-packages/airflow/example_dags/example_branch_datetime_operator.py
[2024-04-07T14:54:43.840+0000] {logging_mixin.py:188} INFO - [2024-04-07T14:54:43.840+0000] {dag.py:3047} INFO - Sync 3 DAGs
[2024-04-07T14:54:43.896+0000] {logging_mixin.py:188} INFO - [2024-04-07T14:54:43.895+0000] {dag.py:3834} INFO - Setting next_dagrun for example_branch_datetime_operator to 2024-04-06 00:00:00+00:00, run_after=2024-04-07 00:00:00+00:00
[2024-04-07T14:54:43.909+0000] {logging_mixin.py:188} INFO - [2024-04-07T14:54:43.909+0000] {dag.py:3834} INFO - Setting next_dagrun for example_branch_datetime_operator_2 to 2024-04-06 00:00:00+00:00, run_after=2024-04-07 00:00:00+00:00
[2024-04-07T14:54:43.916+0000] {logging_mixin.py:188} INFO - [2024-04-07T14:54:43.916+0000] {dag.py:3834} INFO - Setting next_dagrun for example_branch_datetime_operator_3 to 2024-04-06 00:00:00+00:00, run_after=2024-04-07 00:00:00+00:00
[2024-04-07T14:54:43.948+0000] {processor.py:183} INFO - Processing /home/airflow/.local/lib/python3.8/site-packages/airflow/example_dags/example_branch_datetime_operator.py took 0.284 seconds
[2024-04-07T14:55:14.691+0000] {processor.py:161} INFO - Started process (PID=1789) to work on /home/airflow/.local/lib/python3.8/site-packages/airflow/example_dags/example_branch_datetime_operator.py
[2024-04-07T14:55:14.693+0000] {processor.py:830} INFO - Processing file /home/airflow/.local/lib/python3.8/site-packages/airflow/example_dags/example_branch_datetime_operator.py for tasks to queue
[2024-04-07T14:55:14.696+0000] {logging_mixin.py:188} INFO - [2024-04-07T14:55:14.696+0000] {dagbag.py:540} INFO - Filling up the DagBag from /home/airflow/.local/lib/python3.8/site-packages/airflow/example_dags/example_branch_datetime_operator.py
[2024-04-07T14:55:14.714+0000] {processor.py:840} INFO - DAG(s) 'example_branch_datetime_operator', 'example_branch_datetime_operator_2', 'example_branch_datetime_operator_3' retrieved from /home/airflow/.local/lib/python3.8/site-packages/airflow/example_dags/example_branch_datetime_operator.py
[2024-04-07T14:55:14.764+0000] {logging_mixin.py:188} INFO - [2024-04-07T14:55:14.764+0000] {dag.py:3047} INFO - Sync 3 DAGs
[2024-04-07T14:55:14.828+0000] {logging_mixin.py:188} INFO - [2024-04-07T14:55:14.828+0000] {dag.py:3834} INFO - Setting next_dagrun for example_branch_datetime_operator to 2024-04-06 00:00:00+00:00, run_after=2024-04-07 00:00:00+00:00
[2024-04-07T14:55:14.846+0000] {logging_mixin.py:188} INFO - [2024-04-07T14:55:14.846+0000] {dag.py:3834} INFO - Setting next_dagrun for example_branch_datetime_operator_2 to 2024-04-06 00:00:00+00:00, run_after=2024-04-07 00:00:00+00:00
[2024-04-07T14:55:14.856+0000] {logging_mixin.py:188} INFO - [2024-04-07T14:55:14.855+0000] {dag.py:3834} INFO - Setting next_dagrun for example_branch_datetime_operator_3 to 2024-04-06 00:00:00+00:00, run_after=2024-04-07 00:00:00+00:00
[2024-04-07T14:55:14.908+0000] {processor.py:183} INFO - Processing /home/airflow/.local/lib/python3.8/site-packages/airflow/example_dags/example_branch_datetime_operator.py took 0.225 seconds
[2024-04-07T14:55:45.073+0000] {processor.py:161} INFO - Started process (PID=1846) to work on /home/airflow/.local/lib/python3.8/site-packages/airflow/example_dags/example_branch_datetime_operator.py
[2024-04-07T14:55:45.076+0000] {processor.py:830} INFO - Processing file /home/airflow/.local/lib/python3.8/site-packages/airflow/example_dags/example_branch_datetime_operator.py for tasks to queue
[2024-04-07T14:55:45.079+0000] {logging_mixin.py:188} INFO - [2024-04-07T14:55:45.079+0000] {dagbag.py:540} INFO - Filling up the DagBag from /home/airflow/.local/lib/python3.8/site-packages/airflow/example_dags/example_branch_datetime_operator.py
[2024-04-07T14:55:45.101+0000] {processor.py:840} INFO - DAG(s) 'example_branch_datetime_operator_2', 'example_branch_datetime_operator', 'example_branch_datetime_operator_3' retrieved from /home/airflow/.local/lib/python3.8/site-packages/airflow/example_dags/example_branch_datetime_operator.py
[2024-04-07T14:55:45.151+0000] {logging_mixin.py:188} INFO - [2024-04-07T14:55:45.150+0000] {dag.py:3047} INFO - Sync 3 DAGs
[2024-04-07T14:55:45.195+0000] {logging_mixin.py:188} INFO - [2024-04-07T14:55:45.195+0000] {dag.py:3834} INFO - Setting next_dagrun for example_branch_datetime_operator to 2024-04-06 00:00:00+00:00, run_after=2024-04-07 00:00:00+00:00
[2024-04-07T14:55:45.205+0000] {logging_mixin.py:188} INFO - [2024-04-07T14:55:45.205+0000] {dag.py:3834} INFO - Setting next_dagrun for example_branch_datetime_operator_2 to 2024-04-06 00:00:00+00:00, run_after=2024-04-07 00:00:00+00:00
[2024-04-07T14:55:45.210+0000] {logging_mixin.py:188} INFO - [2024-04-07T14:55:45.210+0000] {dag.py:3834} INFO - Setting next_dagrun for example_branch_datetime_operator_3 to 2024-04-06 00:00:00+00:00, run_after=2024-04-07 00:00:00+00:00
[2024-04-07T14:55:45.246+0000] {processor.py:183} INFO - Processing /home/airflow/.local/lib/python3.8/site-packages/airflow/example_dags/example_branch_datetime_operator.py took 0.178 seconds
[2024-04-07T14:56:15.334+0000] {processor.py:161} INFO - Started process (PID=1904) to work on /home/airflow/.local/lib/python3.8/site-packages/airflow/example_dags/example_branch_datetime_operator.py
[2024-04-07T14:56:15.336+0000] {processor.py:830} INFO - Processing file /home/airflow/.local/lib/python3.8/site-packages/airflow/example_dags/example_branch_datetime_operator.py for tasks to queue
[2024-04-07T14:56:15.339+0000] {logging_mixin.py:188} INFO - [2024-04-07T14:56:15.339+0000] {dagbag.py:540} INFO - Filling up the DagBag from /home/airflow/.local/lib/python3.8/site-packages/airflow/example_dags/example_branch_datetime_operator.py
[2024-04-07T14:56:15.355+0000] {processor.py:840} INFO - DAG(s) 'example_branch_datetime_operator', 'example_branch_datetime_operator_2', 'example_branch_datetime_operator_3' retrieved from /home/airflow/.local/lib/python3.8/site-packages/airflow/example_dags/example_branch_datetime_operator.py
[2024-04-07T14:56:15.409+0000] {logging_mixin.py:188} INFO - [2024-04-07T14:56:15.408+0000] {dag.py:3047} INFO - Sync 3 DAGs
[2024-04-07T14:56:15.450+0000] {logging_mixin.py:188} INFO - [2024-04-07T14:56:15.449+0000] {dag.py:3834} INFO - Setting next_dagrun for example_branch_datetime_operator to 2024-04-06 00:00:00+00:00, run_after=2024-04-07 00:00:00+00:00
[2024-04-07T14:56:15.459+0000] {logging_mixin.py:188} INFO - [2024-04-07T14:56:15.458+0000] {dag.py:3834} INFO - Setting next_dagrun for example_branch_datetime_operator_2 to 2024-04-06 00:00:00+00:00, run_after=2024-04-07 00:00:00+00:00
[2024-04-07T14:56:15.464+0000] {logging_mixin.py:188} INFO - [2024-04-07T14:56:15.464+0000] {dag.py:3834} INFO - Setting next_dagrun for example_branch_datetime_operator_3 to 2024-04-06 00:00:00+00:00, run_after=2024-04-07 00:00:00+00:00
[2024-04-07T14:56:15.501+0000] {processor.py:183} INFO - Processing /home/airflow/.local/lib/python3.8/site-packages/airflow/example_dags/example_branch_datetime_operator.py took 0.171 seconds
[2024-04-07T14:56:46.008+0000] {processor.py:161} INFO - Started process (PID=1960) to work on /home/airflow/.local/lib/python3.8/site-packages/airflow/example_dags/example_branch_datetime_operator.py
[2024-04-07T14:56:46.011+0000] {processor.py:830} INFO - Processing file /home/airflow/.local/lib/python3.8/site-packages/airflow/example_dags/example_branch_datetime_operator.py for tasks to queue
[2024-04-07T14:56:46.014+0000] {logging_mixin.py:188} INFO - [2024-04-07T14:56:46.013+0000] {dagbag.py:540} INFO - Filling up the DagBag from /home/airflow/.local/lib/python3.8/site-packages/airflow/example_dags/example_branch_datetime_operator.py
[2024-04-07T14:56:46.030+0000] {processor.py:840} INFO - DAG(s) 'example_branch_datetime_operator', 'example_branch_datetime_operator_3', 'example_branch_datetime_operator_2' retrieved from /home/airflow/.local/lib/python3.8/site-packages/airflow/example_dags/example_branch_datetime_operator.py
[2024-04-07T14:56:46.078+0000] {logging_mixin.py:188} INFO - [2024-04-07T14:56:46.078+0000] {dag.py:3047} INFO - Sync 3 DAGs
[2024-04-07T14:56:46.119+0000] {logging_mixin.py:188} INFO - [2024-04-07T14:56:46.119+0000] {dag.py:3834} INFO - Setting next_dagrun for example_branch_datetime_operator to 2024-04-06 00:00:00+00:00, run_after=2024-04-07 00:00:00+00:00
[2024-04-07T14:56:46.130+0000] {logging_mixin.py:188} INFO - [2024-04-07T14:56:46.129+0000] {dag.py:3834} INFO - Setting next_dagrun for example_branch_datetime_operator_2 to 2024-04-06 00:00:00+00:00, run_after=2024-04-07 00:00:00+00:00
[2024-04-07T14:56:46.135+0000] {logging_mixin.py:188} INFO - [2024-04-07T14:56:46.135+0000] {dag.py:3834} INFO - Setting next_dagrun for example_branch_datetime_operator_3 to 2024-04-06 00:00:00+00:00, run_after=2024-04-07 00:00:00+00:00
[2024-04-07T14:56:46.163+0000] {processor.py:183} INFO - Processing /home/airflow/.local/lib/python3.8/site-packages/airflow/example_dags/example_branch_datetime_operator.py took 0.160 seconds
[2024-04-07T14:57:16.535+0000] {processor.py:161} INFO - Started process (PID=2017) to work on /home/airflow/.local/lib/python3.8/site-packages/airflow/example_dags/example_branch_datetime_operator.py
[2024-04-07T14:57:16.537+0000] {processor.py:830} INFO - Processing file /home/airflow/.local/lib/python3.8/site-packages/airflow/example_dags/example_branch_datetime_operator.py for tasks to queue
[2024-04-07T14:57:16.542+0000] {logging_mixin.py:188} INFO - [2024-04-07T14:57:16.541+0000] {dagbag.py:540} INFO - Filling up the DagBag from /home/airflow/.local/lib/python3.8/site-packages/airflow/example_dags/example_branch_datetime_operator.py
[2024-04-07T14:57:16.570+0000] {processor.py:840} INFO - DAG(s) 'example_branch_datetime_operator_2', 'example_branch_datetime_operator_3', 'example_branch_datetime_operator' retrieved from /home/airflow/.local/lib/python3.8/site-packages/airflow/example_dags/example_branch_datetime_operator.py
[2024-04-07T14:57:16.635+0000] {logging_mixin.py:188} INFO - [2024-04-07T14:57:16.635+0000] {dag.py:3047} INFO - Sync 3 DAGs
[2024-04-07T14:57:16.687+0000] {logging_mixin.py:188} INFO - [2024-04-07T14:57:16.687+0000] {dag.py:3834} INFO - Setting next_dagrun for example_branch_datetime_operator to 2024-04-06 00:00:00+00:00, run_after=2024-04-07 00:00:00+00:00
[2024-04-07T14:57:16.702+0000] {logging_mixin.py:188} INFO - [2024-04-07T14:57:16.702+0000] {dag.py:3834} INFO - Setting next_dagrun for example_branch_datetime_operator_2 to 2024-04-06 00:00:00+00:00, run_after=2024-04-07 00:00:00+00:00
[2024-04-07T14:57:16.713+0000] {logging_mixin.py:188} INFO - [2024-04-07T14:57:16.712+0000] {dag.py:3834} INFO - Setting next_dagrun for example_branch_datetime_operator_3 to 2024-04-06 00:00:00+00:00, run_after=2024-04-07 00:00:00+00:00
[2024-04-07T14:57:16.754+0000] {processor.py:183} INFO - Processing /home/airflow/.local/lib/python3.8/site-packages/airflow/example_dags/example_branch_datetime_operator.py took 0.227 seconds
[2024-04-07T14:57:47.212+0000] {processor.py:161} INFO - Started process (PID=2075) to work on /home/airflow/.local/lib/python3.8/site-packages/airflow/example_dags/example_branch_datetime_operator.py
[2024-04-07T14:57:47.214+0000] {processor.py:830} INFO - Processing file /home/airflow/.local/lib/python3.8/site-packages/airflow/example_dags/example_branch_datetime_operator.py for tasks to queue
[2024-04-07T14:57:47.217+0000] {logging_mixin.py:188} INFO - [2024-04-07T14:57:47.217+0000] {dagbag.py:540} INFO - Filling up the DagBag from /home/airflow/.local/lib/python3.8/site-packages/airflow/example_dags/example_branch_datetime_operator.py
[2024-04-07T14:57:47.243+0000] {processor.py:840} INFO - DAG(s) 'example_branch_datetime_operator_2', 'example_branch_datetime_operator', 'example_branch_datetime_operator_3' retrieved from /home/airflow/.local/lib/python3.8/site-packages/airflow/example_dags/example_branch_datetime_operator.py
[2024-04-07T14:57:47.293+0000] {logging_mixin.py:188} INFO - [2024-04-07T14:57:47.293+0000] {dag.py:3047} INFO - Sync 3 DAGs
[2024-04-07T14:57:47.341+0000] {logging_mixin.py:188} INFO - [2024-04-07T14:57:47.341+0000] {dag.py:3834} INFO - Setting next_dagrun for example_branch_datetime_operator to 2024-04-06 00:00:00+00:00, run_after=2024-04-07 00:00:00+00:00
[2024-04-07T14:57:47.352+0000] {logging_mixin.py:188} INFO - [2024-04-07T14:57:47.352+0000] {dag.py:3834} INFO - Setting next_dagrun for example_branch_datetime_operator_2 to 2024-04-06 00:00:00+00:00, run_after=2024-04-07 00:00:00+00:00
[2024-04-07T14:57:47.359+0000] {logging_mixin.py:188} INFO - [2024-04-07T14:57:47.359+0000] {dag.py:3834} INFO - Setting next_dagrun for example_branch_datetime_operator_3 to 2024-04-06 00:00:00+00:00, run_after=2024-04-07 00:00:00+00:00
[2024-04-07T14:57:47.392+0000] {processor.py:183} INFO - Processing /home/airflow/.local/lib/python3.8/site-packages/airflow/example_dags/example_branch_datetime_operator.py took 0.186 seconds
[2024-04-07T14:58:17.924+0000] {processor.py:161} INFO - Started process (PID=2132) to work on /home/airflow/.local/lib/python3.8/site-packages/airflow/example_dags/example_branch_datetime_operator.py
[2024-04-07T14:58:17.925+0000] {processor.py:830} INFO - Processing file /home/airflow/.local/lib/python3.8/site-packages/airflow/example_dags/example_branch_datetime_operator.py for tasks to queue
[2024-04-07T14:58:17.929+0000] {logging_mixin.py:188} INFO - [2024-04-07T14:58:17.928+0000] {dagbag.py:540} INFO - Filling up the DagBag from /home/airflow/.local/lib/python3.8/site-packages/airflow/example_dags/example_branch_datetime_operator.py
[2024-04-07T14:58:17.962+0000] {processor.py:840} INFO - DAG(s) 'example_branch_datetime_operator_2', 'example_branch_datetime_operator', 'example_branch_datetime_operator_3' retrieved from /home/airflow/.local/lib/python3.8/site-packages/airflow/example_dags/example_branch_datetime_operator.py
[2024-04-07T14:58:18.077+0000] {logging_mixin.py:188} INFO - [2024-04-07T14:58:18.077+0000] {dag.py:3047} INFO - Sync 3 DAGs
[2024-04-07T14:58:18.183+0000] {logging_mixin.py:188} INFO - [2024-04-07T14:58:18.183+0000] {dag.py:3834} INFO - Setting next_dagrun for example_branch_datetime_operator to 2024-04-06 00:00:00+00:00, run_after=2024-04-07 00:00:00+00:00
[2024-04-07T14:58:18.194+0000] {logging_mixin.py:188} INFO - [2024-04-07T14:58:18.194+0000] {dag.py:3834} INFO - Setting next_dagrun for example_branch_datetime_operator_2 to 2024-04-06 00:00:00+00:00, run_after=2024-04-07 00:00:00+00:00
[2024-04-07T14:58:18.201+0000] {logging_mixin.py:188} INFO - [2024-04-07T14:58:18.200+0000] {dag.py:3834} INFO - Setting next_dagrun for example_branch_datetime_operator_3 to 2024-04-06 00:00:00+00:00, run_after=2024-04-07 00:00:00+00:00
[2024-04-07T14:58:18.242+0000] {processor.py:183} INFO - Processing /home/airflow/.local/lib/python3.8/site-packages/airflow/example_dags/example_branch_datetime_operator.py took 0.325 seconds
[2024-04-07T14:58:48.350+0000] {processor.py:161} INFO - Started process (PID=2189) to work on /home/airflow/.local/lib/python3.8/site-packages/airflow/example_dags/example_branch_datetime_operator.py
[2024-04-07T14:58:48.352+0000] {processor.py:830} INFO - Processing file /home/airflow/.local/lib/python3.8/site-packages/airflow/example_dags/example_branch_datetime_operator.py for tasks to queue
[2024-04-07T14:58:48.355+0000] {logging_mixin.py:188} INFO - [2024-04-07T14:58:48.355+0000] {dagbag.py:540} INFO - Filling up the DagBag from /home/airflow/.local/lib/python3.8/site-packages/airflow/example_dags/example_branch_datetime_operator.py
[2024-04-07T14:58:48.381+0000] {processor.py:840} INFO - DAG(s) 'example_branch_datetime_operator_2', 'example_branch_datetime_operator_3', 'example_branch_datetime_operator' retrieved from /home/airflow/.local/lib/python3.8/site-packages/airflow/example_dags/example_branch_datetime_operator.py
[2024-04-07T14:58:48.444+0000] {logging_mixin.py:188} INFO - [2024-04-07T14:58:48.444+0000] {dag.py:3047} INFO - Sync 3 DAGs
[2024-04-07T14:58:48.480+0000] {logging_mixin.py:188} INFO - [2024-04-07T14:58:48.480+0000] {dag.py:3834} INFO - Setting next_dagrun for example_branch_datetime_operator to 2024-04-06 00:00:00+00:00, run_after=2024-04-07 00:00:00+00:00
[2024-04-07T14:58:48.490+0000] {logging_mixin.py:188} INFO - [2024-04-07T14:58:48.489+0000] {dag.py:3834} INFO - Setting next_dagrun for example_branch_datetime_operator_2 to 2024-04-06 00:00:00+00:00, run_after=2024-04-07 00:00:00+00:00
[2024-04-07T14:58:48.496+0000] {logging_mixin.py:188} INFO - [2024-04-07T14:58:48.496+0000] {dag.py:3834} INFO - Setting next_dagrun for example_branch_datetime_operator_3 to 2024-04-06 00:00:00+00:00, run_after=2024-04-07 00:00:00+00:00
[2024-04-07T14:58:48.528+0000] {processor.py:183} INFO - Processing /home/airflow/.local/lib/python3.8/site-packages/airflow/example_dags/example_branch_datetime_operator.py took 0.184 seconds
[2024-04-07T14:59:19.004+0000] {processor.py:161} INFO - Started process (PID=2246) to work on /home/airflow/.local/lib/python3.8/site-packages/airflow/example_dags/example_branch_datetime_operator.py
[2024-04-07T14:59:19.006+0000] {processor.py:830} INFO - Processing file /home/airflow/.local/lib/python3.8/site-packages/airflow/example_dags/example_branch_datetime_operator.py for tasks to queue
[2024-04-07T14:59:19.009+0000] {logging_mixin.py:188} INFO - [2024-04-07T14:59:19.008+0000] {dagbag.py:540} INFO - Filling up the DagBag from /home/airflow/.local/lib/python3.8/site-packages/airflow/example_dags/example_branch_datetime_operator.py
[2024-04-07T14:59:19.025+0000] {processor.py:840} INFO - DAG(s) 'example_branch_datetime_operator_3', 'example_branch_datetime_operator', 'example_branch_datetime_operator_2' retrieved from /home/airflow/.local/lib/python3.8/site-packages/airflow/example_dags/example_branch_datetime_operator.py
[2024-04-07T14:59:19.071+0000] {logging_mixin.py:188} INFO - [2024-04-07T14:59:19.070+0000] {dag.py:3047} INFO - Sync 3 DAGs
[2024-04-07T14:59:19.115+0000] {logging_mixin.py:188} INFO - [2024-04-07T14:59:19.115+0000] {dag.py:3834} INFO - Setting next_dagrun for example_branch_datetime_operator to 2024-04-06 00:00:00+00:00, run_after=2024-04-07 00:00:00+00:00
[2024-04-07T14:59:19.130+0000] {logging_mixin.py:188} INFO - [2024-04-07T14:59:19.129+0000] {dag.py:3834} INFO - Setting next_dagrun for example_branch_datetime_operator_2 to 2024-04-06 00:00:00+00:00, run_after=2024-04-07 00:00:00+00:00
[2024-04-07T14:59:19.136+0000] {logging_mixin.py:188} INFO - [2024-04-07T14:59:19.136+0000] {dag.py:3834} INFO - Setting next_dagrun for example_branch_datetime_operator_3 to 2024-04-06 00:00:00+00:00, run_after=2024-04-07 00:00:00+00:00
[2024-04-07T14:59:19.168+0000] {processor.py:183} INFO - Processing /home/airflow/.local/lib/python3.8/site-packages/airflow/example_dags/example_branch_datetime_operator.py took 0.169 seconds
[2024-04-07T14:59:49.402+0000] {processor.py:161} INFO - Started process (PID=2303) to work on /home/airflow/.local/lib/python3.8/site-packages/airflow/example_dags/example_branch_datetime_operator.py
[2024-04-07T14:59:49.404+0000] {processor.py:830} INFO - Processing file /home/airflow/.local/lib/python3.8/site-packages/airflow/example_dags/example_branch_datetime_operator.py for tasks to queue
[2024-04-07T14:59:49.408+0000] {logging_mixin.py:188} INFO - [2024-04-07T14:59:49.407+0000] {dagbag.py:540} INFO - Filling up the DagBag from /home/airflow/.local/lib/python3.8/site-packages/airflow/example_dags/example_branch_datetime_operator.py
[2024-04-07T14:59:49.436+0000] {processor.py:840} INFO - DAG(s) 'example_branch_datetime_operator_3', 'example_branch_datetime_operator_2', 'example_branch_datetime_operator' retrieved from /home/airflow/.local/lib/python3.8/site-packages/airflow/example_dags/example_branch_datetime_operator.py
[2024-04-07T14:59:49.505+0000] {logging_mixin.py:188} INFO - [2024-04-07T14:59:49.505+0000] {dag.py:3047} INFO - Sync 3 DAGs
[2024-04-07T14:59:49.556+0000] {logging_mixin.py:188} INFO - [2024-04-07T14:59:49.556+0000] {dag.py:3834} INFO - Setting next_dagrun for example_branch_datetime_operator to 2024-04-06 00:00:00+00:00, run_after=2024-04-07 00:00:00+00:00
[2024-04-07T14:59:49.567+0000] {logging_mixin.py:188} INFO - [2024-04-07T14:59:49.566+0000] {dag.py:3834} INFO - Setting next_dagrun for example_branch_datetime_operator_2 to 2024-04-06 00:00:00+00:00, run_after=2024-04-07 00:00:00+00:00
[2024-04-07T14:59:49.572+0000] {logging_mixin.py:188} INFO - [2024-04-07T14:59:49.572+0000] {dag.py:3834} INFO - Setting next_dagrun for example_branch_datetime_operator_3 to 2024-04-06 00:00:00+00:00, run_after=2024-04-07 00:00:00+00:00
[2024-04-07T14:59:49.608+0000] {processor.py:183} INFO - Processing /home/airflow/.local/lib/python3.8/site-packages/airflow/example_dags/example_branch_datetime_operator.py took 0.214 seconds
[2024-04-07T15:00:20.396+0000] {processor.py:161} INFO - Started process (PID=2360) to work on /home/airflow/.local/lib/python3.8/site-packages/airflow/example_dags/example_branch_datetime_operator.py
[2024-04-07T15:00:20.398+0000] {processor.py:830} INFO - Processing file /home/airflow/.local/lib/python3.8/site-packages/airflow/example_dags/example_branch_datetime_operator.py for tasks to queue
[2024-04-07T15:00:20.402+0000] {logging_mixin.py:188} INFO - [2024-04-07T15:00:20.401+0000] {dagbag.py:540} INFO - Filling up the DagBag from /home/airflow/.local/lib/python3.8/site-packages/airflow/example_dags/example_branch_datetime_operator.py
[2024-04-07T15:00:20.420+0000] {processor.py:840} INFO - DAG(s) 'example_branch_datetime_operator', 'example_branch_datetime_operator_2', 'example_branch_datetime_operator_3' retrieved from /home/airflow/.local/lib/python3.8/site-packages/airflow/example_dags/example_branch_datetime_operator.py
[2024-04-07T15:00:20.472+0000] {logging_mixin.py:188} INFO - [2024-04-07T15:00:20.472+0000] {dag.py:3047} INFO - Sync 3 DAGs
[2024-04-07T15:00:20.524+0000] {logging_mixin.py:188} INFO - [2024-04-07T15:00:20.524+0000] {dag.py:3834} INFO - Setting next_dagrun for example_branch_datetime_operator to 2024-04-06 00:00:00+00:00, run_after=2024-04-07 00:00:00+00:00
[2024-04-07T15:00:20.536+0000] {logging_mixin.py:188} INFO - [2024-04-07T15:00:20.535+0000] {dag.py:3834} INFO - Setting next_dagrun for example_branch_datetime_operator_2 to 2024-04-06 00:00:00+00:00, run_after=2024-04-07 00:00:00+00:00
[2024-04-07T15:00:20.541+0000] {logging_mixin.py:188} INFO - [2024-04-07T15:00:20.540+0000] {dag.py:3834} INFO - Setting next_dagrun for example_branch_datetime_operator_3 to 2024-04-06 00:00:00+00:00, run_after=2024-04-07 00:00:00+00:00
[2024-04-07T15:00:20.573+0000] {processor.py:183} INFO - Processing /home/airflow/.local/lib/python3.8/site-packages/airflow/example_dags/example_branch_datetime_operator.py took 0.182 seconds
