[2024-04-07T14:37:33.540+0000] {processor.py:161} INFO - Started process (PID=61) to work on /home/airflow/.local/lib/python3.8/site-packages/airflow/example_dags/example_task_group.py
[2024-04-07T14:37:33.546+0000] {processor.py:830} INFO - Processing file /home/airflow/.local/lib/python3.8/site-packages/airflow/example_dags/example_task_group.py for tasks to queue
[2024-04-07T14:37:33.559+0000] {logging_mixin.py:188} INFO - [2024-04-07T14:37:33.558+0000] {dagbag.py:540} INFO - Filling up the DagBag from /home/airflow/.local/lib/python3.8/site-packages/airflow/example_dags/example_task_group.py
[2024-04-07T14:37:34.433+0000] {processor.py:840} INFO - DAG(s) 'example_task_group' retrieved from /home/airflow/.local/lib/python3.8/site-packages/airflow/example_dags/example_task_group.py
[2024-04-07T14:37:40.020+0000] {logging_mixin.py:188} INFO - [2024-04-07T14:37:40.020+0000] {process_utils.py:262} INFO - Waiting up to 5 seconds for processes to exit...
[2024-04-07T14:39:13.512+0000] {processor.py:161} INFO - Started process (PID=45) to work on /home/airflow/.local/lib/python3.8/site-packages/airflow/example_dags/example_task_group.py
[2024-04-07T14:39:13.514+0000] {processor.py:830} INFO - Processing file /home/airflow/.local/lib/python3.8/site-packages/airflow/example_dags/example_task_group.py for tasks to queue
[2024-04-07T14:39:13.517+0000] {logging_mixin.py:188} INFO - [2024-04-07T14:39:13.517+0000] {dagbag.py:540} INFO - Filling up the DagBag from /home/airflow/.local/lib/python3.8/site-packages/airflow/example_dags/example_task_group.py
[2024-04-07T14:39:13.536+0000] {processor.py:840} INFO - DAG(s) 'example_task_group' retrieved from /home/airflow/.local/lib/python3.8/site-packages/airflow/example_dags/example_task_group.py
[2024-04-07T14:39:13.611+0000] {logging_mixin.py:188} INFO - [2024-04-07T14:39:13.610+0000] {dag.py:3047} INFO - Sync 1 DAGs
[2024-04-07T14:39:13.693+0000] {logging_mixin.py:188} INFO - [2024-04-07T14:39:13.692+0000] {dag.py:3834} INFO - Setting next_dagrun for example_task_group to 2024-04-06 00:00:00+00:00, run_after=2024-04-07 00:00:00+00:00
[2024-04-07T14:39:14.465+0000] {processor.py:183} INFO - Processing /home/airflow/.local/lib/python3.8/site-packages/airflow/example_dags/example_task_group.py took 0.957 seconds
[2024-04-07T14:39:49.279+0000] {processor.py:161} INFO - Started process (PID=102) to work on /home/airflow/.local/lib/python3.8/site-packages/airflow/example_dags/example_task_group.py
[2024-04-07T14:39:49.291+0000] {processor.py:830} INFO - Processing file /home/airflow/.local/lib/python3.8/site-packages/airflow/example_dags/example_task_group.py for tasks to queue
[2024-04-07T14:39:49.298+0000] {logging_mixin.py:188} INFO - [2024-04-07T14:39:49.297+0000] {dagbag.py:540} INFO - Filling up the DagBag from /home/airflow/.local/lib/python3.8/site-packages/airflow/example_dags/example_task_group.py
[2024-04-07T14:39:49.342+0000] {processor.py:840} INFO - DAG(s) 'example_task_group' retrieved from /home/airflow/.local/lib/python3.8/site-packages/airflow/example_dags/example_task_group.py
[2024-04-07T14:39:49.464+0000] {logging_mixin.py:188} INFO - [2024-04-07T14:39:49.464+0000] {dag.py:3047} INFO - Sync 1 DAGs
[2024-04-07T14:39:49.553+0000] {logging_mixin.py:188} INFO - [2024-04-07T14:39:49.553+0000] {dag.py:3834} INFO - Setting next_dagrun for example_task_group to 2024-04-06 00:00:00+00:00, run_after=2024-04-07 00:00:00+00:00
[2024-04-07T14:39:49.795+0000] {processor.py:183} INFO - Processing /home/airflow/.local/lib/python3.8/site-packages/airflow/example_dags/example_task_group.py took 0.524 seconds
[2024-04-07T14:40:23.448+0000] {processor.py:161} INFO - Started process (PID=159) to work on /home/airflow/.local/lib/python3.8/site-packages/airflow/example_dags/example_task_group.py
[2024-04-07T14:40:23.463+0000] {processor.py:830} INFO - Processing file /home/airflow/.local/lib/python3.8/site-packages/airflow/example_dags/example_task_group.py for tasks to queue
[2024-04-07T14:40:23.478+0000] {logging_mixin.py:188} INFO - [2024-04-07T14:40:23.467+0000] {dagbag.py:540} INFO - Filling up the DagBag from /home/airflow/.local/lib/python3.8/site-packages/airflow/example_dags/example_task_group.py
[2024-04-07T14:40:23.528+0000] {processor.py:840} INFO - DAG(s) 'example_task_group' retrieved from /home/airflow/.local/lib/python3.8/site-packages/airflow/example_dags/example_task_group.py
[2024-04-07T14:40:23.677+0000] {logging_mixin.py:188} INFO - [2024-04-07T14:40:23.677+0000] {dag.py:3047} INFO - Sync 1 DAGs
[2024-04-07T14:40:23.824+0000] {logging_mixin.py:188} INFO - [2024-04-07T14:40:23.824+0000] {dag.py:3834} INFO - Setting next_dagrun for example_task_group to 2024-04-06 00:00:00+00:00, run_after=2024-04-07 00:00:00+00:00
[2024-04-07T14:40:23.936+0000] {processor.py:183} INFO - Processing /home/airflow/.local/lib/python3.8/site-packages/airflow/example_dags/example_task_group.py took 0.506 seconds
[2024-04-07T14:40:54.579+0000] {processor.py:161} INFO - Started process (PID=216) to work on /home/airflow/.local/lib/python3.8/site-packages/airflow/example_dags/example_task_group.py
[2024-04-07T14:40:54.582+0000] {processor.py:830} INFO - Processing file /home/airflow/.local/lib/python3.8/site-packages/airflow/example_dags/example_task_group.py for tasks to queue
[2024-04-07T14:40:54.587+0000] {logging_mixin.py:188} INFO - [2024-04-07T14:40:54.586+0000] {dagbag.py:540} INFO - Filling up the DagBag from /home/airflow/.local/lib/python3.8/site-packages/airflow/example_dags/example_task_group.py
[2024-04-07T14:40:54.604+0000] {processor.py:840} INFO - DAG(s) 'example_task_group' retrieved from /home/airflow/.local/lib/python3.8/site-packages/airflow/example_dags/example_task_group.py
[2024-04-07T14:40:54.669+0000] {logging_mixin.py:188} INFO - [2024-04-07T14:40:54.666+0000] {dag.py:3047} INFO - Sync 1 DAGs
[2024-04-07T14:40:54.769+0000] {logging_mixin.py:188} INFO - [2024-04-07T14:40:54.768+0000] {dag.py:3834} INFO - Setting next_dagrun for example_task_group to 2024-04-06 00:00:00+00:00, run_after=2024-04-07 00:00:00+00:00
[2024-04-07T14:40:54.921+0000] {processor.py:183} INFO - Processing /home/airflow/.local/lib/python3.8/site-packages/airflow/example_dags/example_task_group.py took 0.349 seconds
[2024-04-07T14:41:29.323+0000] {processor.py:161} INFO - Started process (PID=273) to work on /home/airflow/.local/lib/python3.8/site-packages/airflow/example_dags/example_task_group.py
[2024-04-07T14:41:29.325+0000] {processor.py:830} INFO - Processing file /home/airflow/.local/lib/python3.8/site-packages/airflow/example_dags/example_task_group.py for tasks to queue
[2024-04-07T14:41:29.340+0000] {logging_mixin.py:188} INFO - [2024-04-07T14:41:29.340+0000] {dagbag.py:540} INFO - Filling up the DagBag from /home/airflow/.local/lib/python3.8/site-packages/airflow/example_dags/example_task_group.py
[2024-04-07T14:41:29.407+0000] {processor.py:840} INFO - DAG(s) 'example_task_group' retrieved from /home/airflow/.local/lib/python3.8/site-packages/airflow/example_dags/example_task_group.py
[2024-04-07T14:41:29.574+0000] {logging_mixin.py:188} INFO - [2024-04-07T14:41:29.573+0000] {dag.py:3047} INFO - Sync 1 DAGs
[2024-04-07T14:41:29.784+0000] {logging_mixin.py:188} INFO - [2024-04-07T14:41:29.784+0000] {dag.py:3834} INFO - Setting next_dagrun for example_task_group to 2024-04-06 00:00:00+00:00, run_after=2024-04-07 00:00:00+00:00
[2024-04-07T14:41:29.879+0000] {processor.py:183} INFO - Processing /home/airflow/.local/lib/python3.8/site-packages/airflow/example_dags/example_task_group.py took 0.574 seconds
[2024-04-07T14:42:00.977+0000] {processor.py:161} INFO - Started process (PID=336) to work on /home/airflow/.local/lib/python3.8/site-packages/airflow/example_dags/example_task_group.py
[2024-04-07T14:42:00.994+0000] {processor.py:830} INFO - Processing file /home/airflow/.local/lib/python3.8/site-packages/airflow/example_dags/example_task_group.py for tasks to queue
[2024-04-07T14:42:01.009+0000] {logging_mixin.py:188} INFO - [2024-04-07T14:42:01.008+0000] {dagbag.py:540} INFO - Filling up the DagBag from /home/airflow/.local/lib/python3.8/site-packages/airflow/example_dags/example_task_group.py
[2024-04-07T14:42:01.035+0000] {processor.py:840} INFO - DAG(s) 'example_task_group' retrieved from /home/airflow/.local/lib/python3.8/site-packages/airflow/example_dags/example_task_group.py
[2024-04-07T14:42:01.145+0000] {logging_mixin.py:188} INFO - [2024-04-07T14:42:01.140+0000] {dag.py:3047} INFO - Sync 1 DAGs
[2024-04-07T14:42:01.270+0000] {logging_mixin.py:188} INFO - [2024-04-07T14:42:01.269+0000] {dag.py:3834} INFO - Setting next_dagrun for example_task_group to 2024-04-06 00:00:00+00:00, run_after=2024-04-07 00:00:00+00:00
[2024-04-07T14:42:01.405+0000] {processor.py:183} INFO - Processing /home/airflow/.local/lib/python3.8/site-packages/airflow/example_dags/example_task_group.py took 0.463 seconds
[2024-04-07T14:42:32.376+0000] {processor.py:161} INFO - Started process (PID=391) to work on /home/airflow/.local/lib/python3.8/site-packages/airflow/example_dags/example_task_group.py
[2024-04-07T14:42:32.379+0000] {processor.py:830} INFO - Processing file /home/airflow/.local/lib/python3.8/site-packages/airflow/example_dags/example_task_group.py for tasks to queue
[2024-04-07T14:42:32.383+0000] {logging_mixin.py:188} INFO - [2024-04-07T14:42:32.382+0000] {dagbag.py:540} INFO - Filling up the DagBag from /home/airflow/.local/lib/python3.8/site-packages/airflow/example_dags/example_task_group.py
[2024-04-07T14:42:32.411+0000] {processor.py:840} INFO - DAG(s) 'example_task_group' retrieved from /home/airflow/.local/lib/python3.8/site-packages/airflow/example_dags/example_task_group.py
[2024-04-07T14:42:32.481+0000] {logging_mixin.py:188} INFO - [2024-04-07T14:42:32.480+0000] {dag.py:3047} INFO - Sync 1 DAGs
[2024-04-07T14:42:32.534+0000] {logging_mixin.py:188} INFO - [2024-04-07T14:42:32.533+0000] {dag.py:3834} INFO - Setting next_dagrun for example_task_group to 2024-04-06 00:00:00+00:00, run_after=2024-04-07 00:00:00+00:00
[2024-04-07T14:42:32.589+0000] {processor.py:183} INFO - Processing /home/airflow/.local/lib/python3.8/site-packages/airflow/example_dags/example_task_group.py took 0.222 seconds
[2024-04-07T14:43:03.210+0000] {processor.py:161} INFO - Started process (PID=449) to work on /home/airflow/.local/lib/python3.8/site-packages/airflow/example_dags/example_task_group.py
[2024-04-07T14:43:03.213+0000] {processor.py:830} INFO - Processing file /home/airflow/.local/lib/python3.8/site-packages/airflow/example_dags/example_task_group.py for tasks to queue
[2024-04-07T14:43:03.217+0000] {logging_mixin.py:188} INFO - [2024-04-07T14:43:03.216+0000] {dagbag.py:540} INFO - Filling up the DagBag from /home/airflow/.local/lib/python3.8/site-packages/airflow/example_dags/example_task_group.py
[2024-04-07T14:43:03.240+0000] {processor.py:840} INFO - DAG(s) 'example_task_group' retrieved from /home/airflow/.local/lib/python3.8/site-packages/airflow/example_dags/example_task_group.py
[2024-04-07T14:43:03.309+0000] {logging_mixin.py:188} INFO - [2024-04-07T14:43:03.308+0000] {dag.py:3047} INFO - Sync 1 DAGs
[2024-04-07T14:43:03.406+0000] {logging_mixin.py:188} INFO - [2024-04-07T14:43:03.406+0000] {dag.py:3834} INFO - Setting next_dagrun for example_task_group to 2024-04-06 00:00:00+00:00, run_after=2024-04-07 00:00:00+00:00
[2024-04-07T14:43:03.597+0000] {processor.py:183} INFO - Processing /home/airflow/.local/lib/python3.8/site-packages/airflow/example_dags/example_task_group.py took 0.398 seconds
[2024-04-07T14:43:33.807+0000] {processor.py:161} INFO - Started process (PID=506) to work on /home/airflow/.local/lib/python3.8/site-packages/airflow/example_dags/example_task_group.py
[2024-04-07T14:43:33.809+0000] {processor.py:830} INFO - Processing file /home/airflow/.local/lib/python3.8/site-packages/airflow/example_dags/example_task_group.py for tasks to queue
[2024-04-07T14:43:33.813+0000] {logging_mixin.py:188} INFO - [2024-04-07T14:43:33.813+0000] {dagbag.py:540} INFO - Filling up the DagBag from /home/airflow/.local/lib/python3.8/site-packages/airflow/example_dags/example_task_group.py
[2024-04-07T14:43:33.827+0000] {processor.py:840} INFO - DAG(s) 'example_task_group' retrieved from /home/airflow/.local/lib/python3.8/site-packages/airflow/example_dags/example_task_group.py
[2024-04-07T14:43:33.886+0000] {logging_mixin.py:188} INFO - [2024-04-07T14:43:33.885+0000] {dag.py:3047} INFO - Sync 1 DAGs
[2024-04-07T14:43:34.030+0000] {logging_mixin.py:188} INFO - [2024-04-07T14:43:34.029+0000] {dag.py:3834} INFO - Setting next_dagrun for example_task_group to 2024-04-06 00:00:00+00:00, run_after=2024-04-07 00:00:00+00:00
[2024-04-07T14:43:34.151+0000] {processor.py:183} INFO - Processing /home/airflow/.local/lib/python3.8/site-packages/airflow/example_dags/example_task_group.py took 0.350 seconds
[2024-04-07T14:44:04.403+0000] {processor.py:161} INFO - Started process (PID=563) to work on /home/airflow/.local/lib/python3.8/site-packages/airflow/example_dags/example_task_group.py
[2024-04-07T14:44:04.406+0000] {processor.py:830} INFO - Processing file /home/airflow/.local/lib/python3.8/site-packages/airflow/example_dags/example_task_group.py for tasks to queue
[2024-04-07T14:44:04.413+0000] {logging_mixin.py:188} INFO - [2024-04-07T14:44:04.412+0000] {dagbag.py:540} INFO - Filling up the DagBag from /home/airflow/.local/lib/python3.8/site-packages/airflow/example_dags/example_task_group.py
[2024-04-07T14:44:04.448+0000] {processor.py:840} INFO - DAG(s) 'example_task_group' retrieved from /home/airflow/.local/lib/python3.8/site-packages/airflow/example_dags/example_task_group.py
[2024-04-07T14:44:04.533+0000] {logging_mixin.py:188} INFO - [2024-04-07T14:44:04.531+0000] {dag.py:3047} INFO - Sync 1 DAGs
[2024-04-07T14:44:04.631+0000] {logging_mixin.py:188} INFO - [2024-04-07T14:44:04.630+0000] {dag.py:3834} INFO - Setting next_dagrun for example_task_group to 2024-04-06 00:00:00+00:00, run_after=2024-04-07 00:00:00+00:00
[2024-04-07T14:44:04.919+0000] {processor.py:183} INFO - Processing /home/airflow/.local/lib/python3.8/site-packages/airflow/example_dags/example_task_group.py took 0.522 seconds
[2024-04-07T14:44:35.274+0000] {processor.py:161} INFO - Started process (PID=620) to work on /home/airflow/.local/lib/python3.8/site-packages/airflow/example_dags/example_task_group.py
[2024-04-07T14:44:35.281+0000] {processor.py:830} INFO - Processing file /home/airflow/.local/lib/python3.8/site-packages/airflow/example_dags/example_task_group.py for tasks to queue
[2024-04-07T14:44:35.287+0000] {logging_mixin.py:188} INFO - [2024-04-07T14:44:35.286+0000] {dagbag.py:540} INFO - Filling up the DagBag from /home/airflow/.local/lib/python3.8/site-packages/airflow/example_dags/example_task_group.py
[2024-04-07T14:44:35.303+0000] {processor.py:840} INFO - DAG(s) 'example_task_group' retrieved from /home/airflow/.local/lib/python3.8/site-packages/airflow/example_dags/example_task_group.py
[2024-04-07T14:44:35.353+0000] {logging_mixin.py:188} INFO - [2024-04-07T14:44:35.353+0000] {dag.py:3047} INFO - Sync 1 DAGs
[2024-04-07T14:44:35.398+0000] {logging_mixin.py:188} INFO - [2024-04-07T14:44:35.397+0000] {dag.py:3834} INFO - Setting next_dagrun for example_task_group to 2024-04-06 00:00:00+00:00, run_after=2024-04-07 00:00:00+00:00
[2024-04-07T14:44:35.591+0000] {processor.py:183} INFO - Processing /home/airflow/.local/lib/python3.8/site-packages/airflow/example_dags/example_task_group.py took 0.325 seconds
[2024-04-07T14:45:10.508+0000] {processor.py:161} INFO - Started process (PID=676) to work on /home/airflow/.local/lib/python3.8/site-packages/airflow/example_dags/example_task_group.py
[2024-04-07T14:45:10.510+0000] {processor.py:830} INFO - Processing file /home/airflow/.local/lib/python3.8/site-packages/airflow/example_dags/example_task_group.py for tasks to queue
[2024-04-07T14:45:10.514+0000] {logging_mixin.py:188} INFO - [2024-04-07T14:45:10.514+0000] {dagbag.py:540} INFO - Filling up the DagBag from /home/airflow/.local/lib/python3.8/site-packages/airflow/example_dags/example_task_group.py
[2024-04-07T14:45:10.530+0000] {processor.py:840} INFO - DAG(s) 'example_task_group' retrieved from /home/airflow/.local/lib/python3.8/site-packages/airflow/example_dags/example_task_group.py
[2024-04-07T14:45:10.573+0000] {logging_mixin.py:188} INFO - [2024-04-07T14:45:10.573+0000] {dag.py:3047} INFO - Sync 1 DAGs
[2024-04-07T14:45:10.646+0000] {logging_mixin.py:188} INFO - [2024-04-07T14:45:10.646+0000] {dag.py:3834} INFO - Setting next_dagrun for example_task_group to 2024-04-06 00:00:00+00:00, run_after=2024-04-07 00:00:00+00:00
[2024-04-07T14:45:10.784+0000] {processor.py:183} INFO - Processing /home/airflow/.local/lib/python3.8/site-packages/airflow/example_dags/example_task_group.py took 0.280 seconds
[2024-04-07T14:45:41.927+0000] {processor.py:161} INFO - Started process (PID=733) to work on /home/airflow/.local/lib/python3.8/site-packages/airflow/example_dags/example_task_group.py
[2024-04-07T14:45:41.929+0000] {processor.py:830} INFO - Processing file /home/airflow/.local/lib/python3.8/site-packages/airflow/example_dags/example_task_group.py for tasks to queue
[2024-04-07T14:45:41.937+0000] {logging_mixin.py:188} INFO - [2024-04-07T14:45:41.936+0000] {dagbag.py:540} INFO - Filling up the DagBag from /home/airflow/.local/lib/python3.8/site-packages/airflow/example_dags/example_task_group.py
[2024-04-07T14:45:41.955+0000] {processor.py:840} INFO - DAG(s) 'example_task_group' retrieved from /home/airflow/.local/lib/python3.8/site-packages/airflow/example_dags/example_task_group.py
[2024-04-07T14:45:42.023+0000] {logging_mixin.py:188} INFO - [2024-04-07T14:45:42.023+0000] {dag.py:3047} INFO - Sync 1 DAGs
[2024-04-07T14:45:42.092+0000] {logging_mixin.py:188} INFO - [2024-04-07T14:45:42.091+0000] {dag.py:3834} INFO - Setting next_dagrun for example_task_group to 2024-04-06 00:00:00+00:00, run_after=2024-04-07 00:00:00+00:00
[2024-04-07T14:45:42.149+0000] {processor.py:183} INFO - Processing /home/airflow/.local/lib/python3.8/site-packages/airflow/example_dags/example_task_group.py took 0.227 seconds
[2024-04-07T14:46:12.872+0000] {processor.py:161} INFO - Started process (PID=790) to work on /home/airflow/.local/lib/python3.8/site-packages/airflow/example_dags/example_task_group.py
[2024-04-07T14:46:12.875+0000] {processor.py:830} INFO - Processing file /home/airflow/.local/lib/python3.8/site-packages/airflow/example_dags/example_task_group.py for tasks to queue
[2024-04-07T14:46:12.878+0000] {logging_mixin.py:188} INFO - [2024-04-07T14:46:12.878+0000] {dagbag.py:540} INFO - Filling up the DagBag from /home/airflow/.local/lib/python3.8/site-packages/airflow/example_dags/example_task_group.py
[2024-04-07T14:46:12.895+0000] {processor.py:840} INFO - DAG(s) 'example_task_group' retrieved from /home/airflow/.local/lib/python3.8/site-packages/airflow/example_dags/example_task_group.py
[2024-04-07T14:46:12.937+0000] {logging_mixin.py:188} INFO - [2024-04-07T14:46:12.936+0000] {dag.py:3047} INFO - Sync 1 DAGs
[2024-04-07T14:46:12.979+0000] {logging_mixin.py:188} INFO - [2024-04-07T14:46:12.979+0000] {dag.py:3834} INFO - Setting next_dagrun for example_task_group to 2024-04-06 00:00:00+00:00, run_after=2024-04-07 00:00:00+00:00
[2024-04-07T14:46:13.067+0000] {processor.py:183} INFO - Processing /home/airflow/.local/lib/python3.8/site-packages/airflow/example_dags/example_task_group.py took 0.201 seconds
[2024-04-07T14:46:44.479+0000] {processor.py:161} INFO - Started process (PID=842) to work on /home/airflow/.local/lib/python3.8/site-packages/airflow/example_dags/example_task_group.py
[2024-04-07T14:46:44.502+0000] {processor.py:830} INFO - Processing file /home/airflow/.local/lib/python3.8/site-packages/airflow/example_dags/example_task_group.py for tasks to queue
[2024-04-07T14:46:44.516+0000] {logging_mixin.py:188} INFO - [2024-04-07T14:46:44.515+0000] {dagbag.py:540} INFO - Filling up the DagBag from /home/airflow/.local/lib/python3.8/site-packages/airflow/example_dags/example_task_group.py
[2024-04-07T14:46:44.555+0000] {processor.py:840} INFO - DAG(s) 'example_task_group' retrieved from /home/airflow/.local/lib/python3.8/site-packages/airflow/example_dags/example_task_group.py
[2024-04-07T14:46:44.693+0000] {logging_mixin.py:188} INFO - [2024-04-07T14:46:44.692+0000] {dag.py:3047} INFO - Sync 1 DAGs
[2024-04-07T14:46:44.797+0000] {logging_mixin.py:188} INFO - [2024-04-07T14:46:44.797+0000] {dag.py:3834} INFO - Setting next_dagrun for example_task_group to 2024-04-06 00:00:00+00:00, run_after=2024-04-07 00:00:00+00:00
[2024-04-07T14:46:44.937+0000] {processor.py:183} INFO - Processing /home/airflow/.local/lib/python3.8/site-packages/airflow/example_dags/example_task_group.py took 0.470 seconds
[2024-04-07T14:47:15.812+0000] {processor.py:161} INFO - Started process (PID=899) to work on /home/airflow/.local/lib/python3.8/site-packages/airflow/example_dags/example_task_group.py
[2024-04-07T14:47:15.814+0000] {processor.py:830} INFO - Processing file /home/airflow/.local/lib/python3.8/site-packages/airflow/example_dags/example_task_group.py for tasks to queue
[2024-04-07T14:47:15.820+0000] {logging_mixin.py:188} INFO - [2024-04-07T14:47:15.819+0000] {dagbag.py:540} INFO - Filling up the DagBag from /home/airflow/.local/lib/python3.8/site-packages/airflow/example_dags/example_task_group.py
[2024-04-07T14:47:15.848+0000] {processor.py:840} INFO - DAG(s) 'example_task_group' retrieved from /home/airflow/.local/lib/python3.8/site-packages/airflow/example_dags/example_task_group.py
[2024-04-07T14:47:15.942+0000] {logging_mixin.py:188} INFO - [2024-04-07T14:47:15.941+0000] {dag.py:3047} INFO - Sync 1 DAGs
[2024-04-07T14:47:16.028+0000] {logging_mixin.py:188} INFO - [2024-04-07T14:47:16.028+0000] {dag.py:3834} INFO - Setting next_dagrun for example_task_group to 2024-04-06 00:00:00+00:00, run_after=2024-04-07 00:00:00+00:00
[2024-04-07T14:47:16.087+0000] {processor.py:183} INFO - Processing /home/airflow/.local/lib/python3.8/site-packages/airflow/example_dags/example_task_group.py took 0.283 seconds
[2024-04-07T14:47:46.325+0000] {processor.py:161} INFO - Started process (PID=957) to work on /home/airflow/.local/lib/python3.8/site-packages/airflow/example_dags/example_task_group.py
[2024-04-07T14:47:46.327+0000] {processor.py:830} INFO - Processing file /home/airflow/.local/lib/python3.8/site-packages/airflow/example_dags/example_task_group.py for tasks to queue
[2024-04-07T14:47:46.331+0000] {logging_mixin.py:188} INFO - [2024-04-07T14:47:46.330+0000] {dagbag.py:540} INFO - Filling up the DagBag from /home/airflow/.local/lib/python3.8/site-packages/airflow/example_dags/example_task_group.py
[2024-04-07T14:47:46.342+0000] {processor.py:840} INFO - DAG(s) 'example_task_group' retrieved from /home/airflow/.local/lib/python3.8/site-packages/airflow/example_dags/example_task_group.py
[2024-04-07T14:47:46.376+0000] {logging_mixin.py:188} INFO - [2024-04-07T14:47:46.375+0000] {dag.py:3047} INFO - Sync 1 DAGs
[2024-04-07T14:47:46.411+0000] {logging_mixin.py:188} INFO - [2024-04-07T14:47:46.410+0000] {dag.py:3834} INFO - Setting next_dagrun for example_task_group to 2024-04-06 00:00:00+00:00, run_after=2024-04-07 00:00:00+00:00
[2024-04-07T14:47:46.447+0000] {processor.py:183} INFO - Processing /home/airflow/.local/lib/python3.8/site-packages/airflow/example_dags/example_task_group.py took 0.127 seconds
[2024-04-07T14:48:17.065+0000] {processor.py:161} INFO - Started process (PID=1013) to work on /home/airflow/.local/lib/python3.8/site-packages/airflow/example_dags/example_task_group.py
[2024-04-07T14:48:17.067+0000] {processor.py:830} INFO - Processing file /home/airflow/.local/lib/python3.8/site-packages/airflow/example_dags/example_task_group.py for tasks to queue
[2024-04-07T14:48:17.070+0000] {logging_mixin.py:188} INFO - [2024-04-07T14:48:17.070+0000] {dagbag.py:540} INFO - Filling up the DagBag from /home/airflow/.local/lib/python3.8/site-packages/airflow/example_dags/example_task_group.py
[2024-04-07T14:48:17.082+0000] {processor.py:840} INFO - DAG(s) 'example_task_group' retrieved from /home/airflow/.local/lib/python3.8/site-packages/airflow/example_dags/example_task_group.py
[2024-04-07T14:48:17.121+0000] {logging_mixin.py:188} INFO - [2024-04-07T14:48:17.120+0000] {dag.py:3047} INFO - Sync 1 DAGs
[2024-04-07T14:48:17.167+0000] {logging_mixin.py:188} INFO - [2024-04-07T14:48:17.167+0000] {dag.py:3834} INFO - Setting next_dagrun for example_task_group to 2024-04-06 00:00:00+00:00, run_after=2024-04-07 00:00:00+00:00
[2024-04-07T14:48:17.234+0000] {processor.py:183} INFO - Processing /home/airflow/.local/lib/python3.8/site-packages/airflow/example_dags/example_task_group.py took 0.175 seconds
[2024-04-07T14:48:47.662+0000] {processor.py:161} INFO - Started process (PID=1070) to work on /home/airflow/.local/lib/python3.8/site-packages/airflow/example_dags/example_task_group.py
[2024-04-07T14:48:47.664+0000] {processor.py:830} INFO - Processing file /home/airflow/.local/lib/python3.8/site-packages/airflow/example_dags/example_task_group.py for tasks to queue
[2024-04-07T14:48:47.669+0000] {logging_mixin.py:188} INFO - [2024-04-07T14:48:47.668+0000] {dagbag.py:540} INFO - Filling up the DagBag from /home/airflow/.local/lib/python3.8/site-packages/airflow/example_dags/example_task_group.py
[2024-04-07T14:48:47.689+0000] {processor.py:840} INFO - DAG(s) 'example_task_group' retrieved from /home/airflow/.local/lib/python3.8/site-packages/airflow/example_dags/example_task_group.py
[2024-04-07T14:48:47.743+0000] {logging_mixin.py:188} INFO - [2024-04-07T14:48:47.743+0000] {dag.py:3047} INFO - Sync 1 DAGs
[2024-04-07T14:48:47.807+0000] {logging_mixin.py:188} INFO - [2024-04-07T14:48:47.807+0000] {dag.py:3834} INFO - Setting next_dagrun for example_task_group to 2024-04-06 00:00:00+00:00, run_after=2024-04-07 00:00:00+00:00
[2024-04-07T14:48:47.868+0000] {processor.py:183} INFO - Processing /home/airflow/.local/lib/python3.8/site-packages/airflow/example_dags/example_task_group.py took 0.211 seconds
[2024-04-07T14:49:18.426+0000] {processor.py:161} INFO - Started process (PID=1127) to work on /home/airflow/.local/lib/python3.8/site-packages/airflow/example_dags/example_task_group.py
[2024-04-07T14:49:18.429+0000] {processor.py:830} INFO - Processing file /home/airflow/.local/lib/python3.8/site-packages/airflow/example_dags/example_task_group.py for tasks to queue
[2024-04-07T14:49:18.433+0000] {logging_mixin.py:188} INFO - [2024-04-07T14:49:18.432+0000] {dagbag.py:540} INFO - Filling up the DagBag from /home/airflow/.local/lib/python3.8/site-packages/airflow/example_dags/example_task_group.py
[2024-04-07T14:49:18.458+0000] {processor.py:840} INFO - DAG(s) 'example_task_group' retrieved from /home/airflow/.local/lib/python3.8/site-packages/airflow/example_dags/example_task_group.py
[2024-04-07T14:49:18.523+0000] {logging_mixin.py:188} INFO - [2024-04-07T14:49:18.522+0000] {dag.py:3047} INFO - Sync 1 DAGs
[2024-04-07T14:49:18.572+0000] {logging_mixin.py:188} INFO - [2024-04-07T14:49:18.571+0000] {dag.py:3834} INFO - Setting next_dagrun for example_task_group to 2024-04-06 00:00:00+00:00, run_after=2024-04-07 00:00:00+00:00
[2024-04-07T14:49:18.703+0000] {processor.py:183} INFO - Processing /home/airflow/.local/lib/python3.8/site-packages/airflow/example_dags/example_task_group.py took 0.287 seconds
[2024-04-07T14:49:49.816+0000] {processor.py:161} INFO - Started process (PID=1184) to work on /home/airflow/.local/lib/python3.8/site-packages/airflow/example_dags/example_task_group.py
[2024-04-07T14:49:49.840+0000] {processor.py:830} INFO - Processing file /home/airflow/.local/lib/python3.8/site-packages/airflow/example_dags/example_task_group.py for tasks to queue
[2024-04-07T14:49:49.846+0000] {logging_mixin.py:188} INFO - [2024-04-07T14:49:49.846+0000] {dagbag.py:540} INFO - Filling up the DagBag from /home/airflow/.local/lib/python3.8/site-packages/airflow/example_dags/example_task_group.py
[2024-04-07T14:49:49.888+0000] {processor.py:840} INFO - DAG(s) 'example_task_group' retrieved from /home/airflow/.local/lib/python3.8/site-packages/airflow/example_dags/example_task_group.py
[2024-04-07T14:49:50.070+0000] {logging_mixin.py:188} INFO - [2024-04-07T14:49:50.070+0000] {dag.py:3047} INFO - Sync 1 DAGs
[2024-04-07T14:49:50.238+0000] {logging_mixin.py:188} INFO - [2024-04-07T14:49:50.237+0000] {dag.py:3834} INFO - Setting next_dagrun for example_task_group to 2024-04-06 00:00:00+00:00, run_after=2024-04-07 00:00:00+00:00
[2024-04-07T14:49:50.417+0000] {processor.py:183} INFO - Processing /home/airflow/.local/lib/python3.8/site-packages/airflow/example_dags/example_task_group.py took 0.607 seconds
[2024-04-07T14:50:21.102+0000] {processor.py:161} INFO - Started process (PID=1241) to work on /home/airflow/.local/lib/python3.8/site-packages/airflow/example_dags/example_task_group.py
[2024-04-07T14:50:21.104+0000] {processor.py:830} INFO - Processing file /home/airflow/.local/lib/python3.8/site-packages/airflow/example_dags/example_task_group.py for tasks to queue
[2024-04-07T14:50:21.109+0000] {logging_mixin.py:188} INFO - [2024-04-07T14:50:21.109+0000] {dagbag.py:540} INFO - Filling up the DagBag from /home/airflow/.local/lib/python3.8/site-packages/airflow/example_dags/example_task_group.py
[2024-04-07T14:50:21.121+0000] {processor.py:840} INFO - DAG(s) 'example_task_group' retrieved from /home/airflow/.local/lib/python3.8/site-packages/airflow/example_dags/example_task_group.py
[2024-04-07T14:50:21.166+0000] {logging_mixin.py:188} INFO - [2024-04-07T14:50:21.165+0000] {dag.py:3047} INFO - Sync 1 DAGs
[2024-04-07T14:50:21.214+0000] {logging_mixin.py:188} INFO - [2024-04-07T14:50:21.214+0000] {dag.py:3834} INFO - Setting next_dagrun for example_task_group to 2024-04-06 00:00:00+00:00, run_after=2024-04-07 00:00:00+00:00
[2024-04-07T14:50:21.536+0000] {processor.py:183} INFO - Processing /home/airflow/.local/lib/python3.8/site-packages/airflow/example_dags/example_task_group.py took 0.439 seconds
[2024-04-07T14:50:51.898+0000] {processor.py:161} INFO - Started process (PID=1299) to work on /home/airflow/.local/lib/python3.8/site-packages/airflow/example_dags/example_task_group.py
[2024-04-07T14:50:51.900+0000] {processor.py:830} INFO - Processing file /home/airflow/.local/lib/python3.8/site-packages/airflow/example_dags/example_task_group.py for tasks to queue
[2024-04-07T14:50:51.904+0000] {logging_mixin.py:188} INFO - [2024-04-07T14:50:51.903+0000] {dagbag.py:540} INFO - Filling up the DagBag from /home/airflow/.local/lib/python3.8/site-packages/airflow/example_dags/example_task_group.py
[2024-04-07T14:50:51.926+0000] {processor.py:840} INFO - DAG(s) 'example_task_group' retrieved from /home/airflow/.local/lib/python3.8/site-packages/airflow/example_dags/example_task_group.py
[2024-04-07T14:50:51.989+0000] {logging_mixin.py:188} INFO - [2024-04-07T14:50:51.988+0000] {dag.py:3047} INFO - Sync 1 DAGs
[2024-04-07T14:50:52.049+0000] {logging_mixin.py:188} INFO - [2024-04-07T14:50:52.049+0000] {dag.py:3834} INFO - Setting next_dagrun for example_task_group to 2024-04-06 00:00:00+00:00, run_after=2024-04-07 00:00:00+00:00
[2024-04-07T14:50:52.119+0000] {processor.py:183} INFO - Processing /home/airflow/.local/lib/python3.8/site-packages/airflow/example_dags/example_task_group.py took 0.230 seconds
[2024-04-07T14:51:22.809+0000] {processor.py:161} INFO - Started process (PID=1355) to work on /home/airflow/.local/lib/python3.8/site-packages/airflow/example_dags/example_task_group.py
[2024-04-07T14:51:22.812+0000] {processor.py:830} INFO - Processing file /home/airflow/.local/lib/python3.8/site-packages/airflow/example_dags/example_task_group.py for tasks to queue
[2024-04-07T14:51:22.817+0000] {logging_mixin.py:188} INFO - [2024-04-07T14:51:22.817+0000] {dagbag.py:540} INFO - Filling up the DagBag from /home/airflow/.local/lib/python3.8/site-packages/airflow/example_dags/example_task_group.py
[2024-04-07T14:51:22.834+0000] {processor.py:840} INFO - DAG(s) 'example_task_group' retrieved from /home/airflow/.local/lib/python3.8/site-packages/airflow/example_dags/example_task_group.py
[2024-04-07T14:51:22.898+0000] {logging_mixin.py:188} INFO - [2024-04-07T14:51:22.897+0000] {dag.py:3047} INFO - Sync 1 DAGs
[2024-04-07T14:51:22.960+0000] {logging_mixin.py:188} INFO - [2024-04-07T14:51:22.960+0000] {dag.py:3834} INFO - Setting next_dagrun for example_task_group to 2024-04-06 00:00:00+00:00, run_after=2024-04-07 00:00:00+00:00
[2024-04-07T14:51:23.029+0000] {processor.py:183} INFO - Processing /home/airflow/.local/lib/python3.8/site-packages/airflow/example_dags/example_task_group.py took 0.229 seconds
[2024-04-07T14:51:53.279+0000] {processor.py:161} INFO - Started process (PID=1413) to work on /home/airflow/.local/lib/python3.8/site-packages/airflow/example_dags/example_task_group.py
[2024-04-07T14:51:53.283+0000] {processor.py:830} INFO - Processing file /home/airflow/.local/lib/python3.8/site-packages/airflow/example_dags/example_task_group.py for tasks to queue
[2024-04-07T14:51:53.288+0000] {logging_mixin.py:188} INFO - [2024-04-07T14:51:53.287+0000] {dagbag.py:540} INFO - Filling up the DagBag from /home/airflow/.local/lib/python3.8/site-packages/airflow/example_dags/example_task_group.py
[2024-04-07T14:51:53.309+0000] {processor.py:840} INFO - DAG(s) 'example_task_group' retrieved from /home/airflow/.local/lib/python3.8/site-packages/airflow/example_dags/example_task_group.py
[2024-04-07T14:51:53.379+0000] {logging_mixin.py:188} INFO - [2024-04-07T14:51:53.378+0000] {dag.py:3047} INFO - Sync 1 DAGs
[2024-04-07T14:51:53.463+0000] {logging_mixin.py:188} INFO - [2024-04-07T14:51:53.462+0000] {dag.py:3834} INFO - Setting next_dagrun for example_task_group to 2024-04-06 00:00:00+00:00, run_after=2024-04-07 00:00:00+00:00
[2024-04-07T14:51:53.520+0000] {processor.py:183} INFO - Processing /home/airflow/.local/lib/python3.8/site-packages/airflow/example_dags/example_task_group.py took 0.248 seconds
[2024-04-07T14:52:23.801+0000] {processor.py:161} INFO - Started process (PID=1470) to work on /home/airflow/.local/lib/python3.8/site-packages/airflow/example_dags/example_task_group.py
[2024-04-07T14:52:23.804+0000] {processor.py:830} INFO - Processing file /home/airflow/.local/lib/python3.8/site-packages/airflow/example_dags/example_task_group.py for tasks to queue
[2024-04-07T14:52:23.814+0000] {logging_mixin.py:188} INFO - [2024-04-07T14:52:23.813+0000] {dagbag.py:540} INFO - Filling up the DagBag from /home/airflow/.local/lib/python3.8/site-packages/airflow/example_dags/example_task_group.py
[2024-04-07T14:52:23.842+0000] {processor.py:840} INFO - DAG(s) 'example_task_group' retrieved from /home/airflow/.local/lib/python3.8/site-packages/airflow/example_dags/example_task_group.py
[2024-04-07T14:52:23.959+0000] {logging_mixin.py:188} INFO - [2024-04-07T14:52:23.958+0000] {dag.py:3047} INFO - Sync 1 DAGs
[2024-04-07T14:52:24.049+0000] {logging_mixin.py:188} INFO - [2024-04-07T14:52:24.049+0000] {dag.py:3834} INFO - Setting next_dagrun for example_task_group to 2024-04-06 00:00:00+00:00, run_after=2024-04-07 00:00:00+00:00
[2024-04-07T14:52:24.131+0000] {processor.py:183} INFO - Processing /home/airflow/.local/lib/python3.8/site-packages/airflow/example_dags/example_task_group.py took 0.339 seconds
[2024-04-07T14:52:54.299+0000] {processor.py:161} INFO - Started process (PID=1527) to work on /home/airflow/.local/lib/python3.8/site-packages/airflow/example_dags/example_task_group.py
[2024-04-07T14:52:54.301+0000] {processor.py:830} INFO - Processing file /home/airflow/.local/lib/python3.8/site-packages/airflow/example_dags/example_task_group.py for tasks to queue
[2024-04-07T14:52:54.307+0000] {logging_mixin.py:188} INFO - [2024-04-07T14:52:54.306+0000] {dagbag.py:540} INFO - Filling up the DagBag from /home/airflow/.local/lib/python3.8/site-packages/airflow/example_dags/example_task_group.py
[2024-04-07T14:52:54.324+0000] {processor.py:840} INFO - DAG(s) 'example_task_group' retrieved from /home/airflow/.local/lib/python3.8/site-packages/airflow/example_dags/example_task_group.py
[2024-04-07T14:52:54.366+0000] {logging_mixin.py:188} INFO - [2024-04-07T14:52:54.366+0000] {dag.py:3047} INFO - Sync 1 DAGs
[2024-04-07T14:52:54.408+0000] {logging_mixin.py:188} INFO - [2024-04-07T14:52:54.408+0000] {dag.py:3834} INFO - Setting next_dagrun for example_task_group to 2024-04-06 00:00:00+00:00, run_after=2024-04-07 00:00:00+00:00
[2024-04-07T14:52:54.444+0000] {processor.py:183} INFO - Processing /home/airflow/.local/lib/python3.8/site-packages/airflow/example_dags/example_task_group.py took 0.152 seconds
[2024-04-07T14:53:24.895+0000] {processor.py:161} INFO - Started process (PID=1584) to work on /home/airflow/.local/lib/python3.8/site-packages/airflow/example_dags/example_task_group.py
[2024-04-07T14:53:24.899+0000] {processor.py:830} INFO - Processing file /home/airflow/.local/lib/python3.8/site-packages/airflow/example_dags/example_task_group.py for tasks to queue
[2024-04-07T14:53:24.909+0000] {logging_mixin.py:188} INFO - [2024-04-07T14:53:24.905+0000] {dagbag.py:540} INFO - Filling up the DagBag from /home/airflow/.local/lib/python3.8/site-packages/airflow/example_dags/example_task_group.py
[2024-04-07T14:53:24.934+0000] {processor.py:840} INFO - DAG(s) 'example_task_group' retrieved from /home/airflow/.local/lib/python3.8/site-packages/airflow/example_dags/example_task_group.py
[2024-04-07T14:53:25.019+0000] {logging_mixin.py:188} INFO - [2024-04-07T14:53:25.018+0000] {dag.py:3047} INFO - Sync 1 DAGs
[2024-04-07T14:53:25.087+0000] {logging_mixin.py:188} INFO - [2024-04-07T14:53:25.087+0000] {dag.py:3834} INFO - Setting next_dagrun for example_task_group to 2024-04-06 00:00:00+00:00, run_after=2024-04-07 00:00:00+00:00
[2024-04-07T14:53:25.129+0000] {processor.py:183} INFO - Processing /home/airflow/.local/lib/python3.8/site-packages/airflow/example_dags/example_task_group.py took 0.244 seconds
[2024-04-07T14:53:55.688+0000] {processor.py:161} INFO - Started process (PID=1639) to work on /home/airflow/.local/lib/python3.8/site-packages/airflow/example_dags/example_task_group.py
[2024-04-07T14:53:55.690+0000] {processor.py:830} INFO - Processing file /home/airflow/.local/lib/python3.8/site-packages/airflow/example_dags/example_task_group.py for tasks to queue
[2024-04-07T14:53:55.697+0000] {logging_mixin.py:188} INFO - [2024-04-07T14:53:55.696+0000] {dagbag.py:540} INFO - Filling up the DagBag from /home/airflow/.local/lib/python3.8/site-packages/airflow/example_dags/example_task_group.py
[2024-04-07T14:53:55.717+0000] {processor.py:840} INFO - DAG(s) 'example_task_group' retrieved from /home/airflow/.local/lib/python3.8/site-packages/airflow/example_dags/example_task_group.py
[2024-04-07T14:53:55.767+0000] {logging_mixin.py:188} INFO - [2024-04-07T14:53:55.767+0000] {dag.py:3047} INFO - Sync 1 DAGs
[2024-04-07T14:53:55.821+0000] {logging_mixin.py:188} INFO - [2024-04-07T14:53:55.820+0000] {dag.py:3834} INFO - Setting next_dagrun for example_task_group to 2024-04-06 00:00:00+00:00, run_after=2024-04-07 00:00:00+00:00
[2024-04-07T14:53:55.865+0000] {processor.py:183} INFO - Processing /home/airflow/.local/lib/python3.8/site-packages/airflow/example_dags/example_task_group.py took 0.184 seconds
[2024-04-07T14:54:26.179+0000] {processor.py:161} INFO - Started process (PID=1696) to work on /home/airflow/.local/lib/python3.8/site-packages/airflow/example_dags/example_task_group.py
[2024-04-07T14:54:26.181+0000] {processor.py:830} INFO - Processing file /home/airflow/.local/lib/python3.8/site-packages/airflow/example_dags/example_task_group.py for tasks to queue
[2024-04-07T14:54:26.188+0000] {logging_mixin.py:188} INFO - [2024-04-07T14:54:26.187+0000] {dagbag.py:540} INFO - Filling up the DagBag from /home/airflow/.local/lib/python3.8/site-packages/airflow/example_dags/example_task_group.py
[2024-04-07T14:54:26.205+0000] {processor.py:840} INFO - DAG(s) 'example_task_group' retrieved from /home/airflow/.local/lib/python3.8/site-packages/airflow/example_dags/example_task_group.py
[2024-04-07T14:54:26.251+0000] {logging_mixin.py:188} INFO - [2024-04-07T14:54:26.250+0000] {dag.py:3047} INFO - Sync 1 DAGs
[2024-04-07T14:54:26.294+0000] {logging_mixin.py:188} INFO - [2024-04-07T14:54:26.294+0000] {dag.py:3834} INFO - Setting next_dagrun for example_task_group to 2024-04-06 00:00:00+00:00, run_after=2024-04-07 00:00:00+00:00
[2024-04-07T14:54:26.325+0000] {processor.py:183} INFO - Processing /home/airflow/.local/lib/python3.8/site-packages/airflow/example_dags/example_task_group.py took 0.154 seconds
[2024-04-07T14:54:57.116+0000] {processor.py:161} INFO - Started process (PID=1753) to work on /home/airflow/.local/lib/python3.8/site-packages/airflow/example_dags/example_task_group.py
[2024-04-07T14:54:57.118+0000] {processor.py:830} INFO - Processing file /home/airflow/.local/lib/python3.8/site-packages/airflow/example_dags/example_task_group.py for tasks to queue
[2024-04-07T14:54:57.121+0000] {logging_mixin.py:188} INFO - [2024-04-07T14:54:57.120+0000] {dagbag.py:540} INFO - Filling up the DagBag from /home/airflow/.local/lib/python3.8/site-packages/airflow/example_dags/example_task_group.py
[2024-04-07T14:54:57.139+0000] {processor.py:840} INFO - DAG(s) 'example_task_group' retrieved from /home/airflow/.local/lib/python3.8/site-packages/airflow/example_dags/example_task_group.py
[2024-04-07T14:54:57.190+0000] {logging_mixin.py:188} INFO - [2024-04-07T14:54:57.190+0000] {dag.py:3047} INFO - Sync 1 DAGs
[2024-04-07T14:54:57.229+0000] {logging_mixin.py:188} INFO - [2024-04-07T14:54:57.229+0000] {dag.py:3834} INFO - Setting next_dagrun for example_task_group to 2024-04-06 00:00:00+00:00, run_after=2024-04-07 00:00:00+00:00
[2024-04-07T14:54:57.273+0000] {processor.py:183} INFO - Processing /home/airflow/.local/lib/python3.8/site-packages/airflow/example_dags/example_task_group.py took 0.164 seconds
[2024-04-07T14:55:28.149+0000] {processor.py:161} INFO - Started process (PID=1809) to work on /home/airflow/.local/lib/python3.8/site-packages/airflow/example_dags/example_task_group.py
[2024-04-07T14:55:28.151+0000] {processor.py:830} INFO - Processing file /home/airflow/.local/lib/python3.8/site-packages/airflow/example_dags/example_task_group.py for tasks to queue
[2024-04-07T14:55:28.155+0000] {logging_mixin.py:188} INFO - [2024-04-07T14:55:28.155+0000] {dagbag.py:540} INFO - Filling up the DagBag from /home/airflow/.local/lib/python3.8/site-packages/airflow/example_dags/example_task_group.py
[2024-04-07T14:55:28.168+0000] {processor.py:840} INFO - DAG(s) 'example_task_group' retrieved from /home/airflow/.local/lib/python3.8/site-packages/airflow/example_dags/example_task_group.py
[2024-04-07T14:55:28.216+0000] {logging_mixin.py:188} INFO - [2024-04-07T14:55:28.215+0000] {dag.py:3047} INFO - Sync 1 DAGs
[2024-04-07T14:55:28.277+0000] {logging_mixin.py:188} INFO - [2024-04-07T14:55:28.276+0000] {dag.py:3834} INFO - Setting next_dagrun for example_task_group to 2024-04-06 00:00:00+00:00, run_after=2024-04-07 00:00:00+00:00
[2024-04-07T14:55:28.304+0000] {processor.py:183} INFO - Processing /home/airflow/.local/lib/python3.8/site-packages/airflow/example_dags/example_task_group.py took 0.162 seconds
[2024-04-07T14:55:58.966+0000] {processor.py:161} INFO - Started process (PID=1864) to work on /home/airflow/.local/lib/python3.8/site-packages/airflow/example_dags/example_task_group.py
[2024-04-07T14:55:58.968+0000] {processor.py:830} INFO - Processing file /home/airflow/.local/lib/python3.8/site-packages/airflow/example_dags/example_task_group.py for tasks to queue
[2024-04-07T14:55:58.972+0000] {logging_mixin.py:188} INFO - [2024-04-07T14:55:58.971+0000] {dagbag.py:540} INFO - Filling up the DagBag from /home/airflow/.local/lib/python3.8/site-packages/airflow/example_dags/example_task_group.py
[2024-04-07T14:55:58.989+0000] {processor.py:840} INFO - DAG(s) 'example_task_group' retrieved from /home/airflow/.local/lib/python3.8/site-packages/airflow/example_dags/example_task_group.py
[2024-04-07T14:55:59.040+0000] {logging_mixin.py:188} INFO - [2024-04-07T14:55:59.039+0000] {dag.py:3047} INFO - Sync 1 DAGs
[2024-04-07T14:55:59.081+0000] {logging_mixin.py:188} INFO - [2024-04-07T14:55:59.080+0000] {dag.py:3834} INFO - Setting next_dagrun for example_task_group to 2024-04-06 00:00:00+00:00, run_after=2024-04-07 00:00:00+00:00
[2024-04-07T14:55:59.119+0000] {processor.py:183} INFO - Processing /home/airflow/.local/lib/python3.8/site-packages/airflow/example_dags/example_task_group.py took 0.159 seconds
[2024-04-07T14:56:29.271+0000] {processor.py:161} INFO - Started process (PID=1922) to work on /home/airflow/.local/lib/python3.8/site-packages/airflow/example_dags/example_task_group.py
[2024-04-07T14:56:29.274+0000] {processor.py:830} INFO - Processing file /home/airflow/.local/lib/python3.8/site-packages/airflow/example_dags/example_task_group.py for tasks to queue
[2024-04-07T14:56:29.278+0000] {logging_mixin.py:188} INFO - [2024-04-07T14:56:29.277+0000] {dagbag.py:540} INFO - Filling up the DagBag from /home/airflow/.local/lib/python3.8/site-packages/airflow/example_dags/example_task_group.py
[2024-04-07T14:56:29.297+0000] {processor.py:840} INFO - DAG(s) 'example_task_group' retrieved from /home/airflow/.local/lib/python3.8/site-packages/airflow/example_dags/example_task_group.py
[2024-04-07T14:56:29.344+0000] {logging_mixin.py:188} INFO - [2024-04-07T14:56:29.343+0000] {dag.py:3047} INFO - Sync 1 DAGs
[2024-04-07T14:56:29.397+0000] {logging_mixin.py:188} INFO - [2024-04-07T14:56:29.396+0000] {dag.py:3834} INFO - Setting next_dagrun for example_task_group to 2024-04-06 00:00:00+00:00, run_after=2024-04-07 00:00:00+00:00
[2024-04-07T14:56:29.440+0000] {processor.py:183} INFO - Processing /home/airflow/.local/lib/python3.8/site-packages/airflow/example_dags/example_task_group.py took 0.175 seconds
[2024-04-07T14:56:59.606+0000] {processor.py:161} INFO - Started process (PID=1978) to work on /home/airflow/.local/lib/python3.8/site-packages/airflow/example_dags/example_task_group.py
[2024-04-07T14:56:59.609+0000] {processor.py:830} INFO - Processing file /home/airflow/.local/lib/python3.8/site-packages/airflow/example_dags/example_task_group.py for tasks to queue
[2024-04-07T14:56:59.614+0000] {logging_mixin.py:188} INFO - [2024-04-07T14:56:59.613+0000] {dagbag.py:540} INFO - Filling up the DagBag from /home/airflow/.local/lib/python3.8/site-packages/airflow/example_dags/example_task_group.py
[2024-04-07T14:56:59.640+0000] {processor.py:840} INFO - DAG(s) 'example_task_group' retrieved from /home/airflow/.local/lib/python3.8/site-packages/airflow/example_dags/example_task_group.py
[2024-04-07T14:56:59.710+0000] {logging_mixin.py:188} INFO - [2024-04-07T14:56:59.709+0000] {dag.py:3047} INFO - Sync 1 DAGs
[2024-04-07T14:56:59.752+0000] {logging_mixin.py:188} INFO - [2024-04-07T14:56:59.752+0000] {dag.py:3834} INFO - Setting next_dagrun for example_task_group to 2024-04-06 00:00:00+00:00, run_after=2024-04-07 00:00:00+00:00
[2024-04-07T14:56:59.794+0000] {processor.py:183} INFO - Processing /home/airflow/.local/lib/python3.8/site-packages/airflow/example_dags/example_task_group.py took 0.193 seconds
[2024-04-07T14:57:30.152+0000] {processor.py:161} INFO - Started process (PID=2035) to work on /home/airflow/.local/lib/python3.8/site-packages/airflow/example_dags/example_task_group.py
[2024-04-07T14:57:30.155+0000] {processor.py:830} INFO - Processing file /home/airflow/.local/lib/python3.8/site-packages/airflow/example_dags/example_task_group.py for tasks to queue
[2024-04-07T14:57:30.158+0000] {logging_mixin.py:188} INFO - [2024-04-07T14:57:30.158+0000] {dagbag.py:540} INFO - Filling up the DagBag from /home/airflow/.local/lib/python3.8/site-packages/airflow/example_dags/example_task_group.py
[2024-04-07T14:57:30.177+0000] {processor.py:840} INFO - DAG(s) 'example_task_group' retrieved from /home/airflow/.local/lib/python3.8/site-packages/airflow/example_dags/example_task_group.py
[2024-04-07T14:57:30.216+0000] {logging_mixin.py:188} INFO - [2024-04-07T14:57:30.216+0000] {dag.py:3047} INFO - Sync 1 DAGs
[2024-04-07T14:57:30.251+0000] {logging_mixin.py:188} INFO - [2024-04-07T14:57:30.251+0000] {dag.py:3834} INFO - Setting next_dagrun for example_task_group to 2024-04-06 00:00:00+00:00, run_after=2024-04-07 00:00:00+00:00
[2024-04-07T14:57:30.281+0000] {processor.py:183} INFO - Processing /home/airflow/.local/lib/python3.8/site-packages/airflow/example_dags/example_task_group.py took 0.136 seconds
[2024-04-07T14:58:00.354+0000] {processor.py:161} INFO - Started process (PID=2093) to work on /home/airflow/.local/lib/python3.8/site-packages/airflow/example_dags/example_task_group.py
[2024-04-07T14:58:00.356+0000] {processor.py:830} INFO - Processing file /home/airflow/.local/lib/python3.8/site-packages/airflow/example_dags/example_task_group.py for tasks to queue
[2024-04-07T14:58:00.359+0000] {logging_mixin.py:188} INFO - [2024-04-07T14:58:00.358+0000] {dagbag.py:540} INFO - Filling up the DagBag from /home/airflow/.local/lib/python3.8/site-packages/airflow/example_dags/example_task_group.py
[2024-04-07T14:58:00.371+0000] {processor.py:840} INFO - DAG(s) 'example_task_group' retrieved from /home/airflow/.local/lib/python3.8/site-packages/airflow/example_dags/example_task_group.py
[2024-04-07T14:58:00.408+0000] {logging_mixin.py:188} INFO - [2024-04-07T14:58:00.408+0000] {dag.py:3047} INFO - Sync 1 DAGs
[2024-04-07T14:58:00.448+0000] {logging_mixin.py:188} INFO - [2024-04-07T14:58:00.448+0000] {dag.py:3834} INFO - Setting next_dagrun for example_task_group to 2024-04-06 00:00:00+00:00, run_after=2024-04-07 00:00:00+00:00
[2024-04-07T14:58:00.484+0000] {processor.py:183} INFO - Processing /home/airflow/.local/lib/python3.8/site-packages/airflow/example_dags/example_task_group.py took 0.137 seconds
[2024-04-07T14:58:31.549+0000] {processor.py:161} INFO - Started process (PID=2150) to work on /home/airflow/.local/lib/python3.8/site-packages/airflow/example_dags/example_task_group.py
[2024-04-07T14:58:31.551+0000] {processor.py:830} INFO - Processing file /home/airflow/.local/lib/python3.8/site-packages/airflow/example_dags/example_task_group.py for tasks to queue
[2024-04-07T14:58:31.554+0000] {logging_mixin.py:188} INFO - [2024-04-07T14:58:31.554+0000] {dagbag.py:540} INFO - Filling up the DagBag from /home/airflow/.local/lib/python3.8/site-packages/airflow/example_dags/example_task_group.py
[2024-04-07T14:58:31.567+0000] {processor.py:840} INFO - DAG(s) 'example_task_group' retrieved from /home/airflow/.local/lib/python3.8/site-packages/airflow/example_dags/example_task_group.py
[2024-04-07T14:58:31.611+0000] {logging_mixin.py:188} INFO - [2024-04-07T14:58:31.611+0000] {dag.py:3047} INFO - Sync 1 DAGs
[2024-04-07T14:58:31.666+0000] {logging_mixin.py:188} INFO - [2024-04-07T14:58:31.666+0000] {dag.py:3834} INFO - Setting next_dagrun for example_task_group to 2024-04-06 00:00:00+00:00, run_after=2024-04-07 00:00:00+00:00
[2024-04-07T14:58:31.732+0000] {processor.py:183} INFO - Processing /home/airflow/.local/lib/python3.8/site-packages/airflow/example_dags/example_task_group.py took 0.188 seconds
[2024-04-07T14:59:02.413+0000] {processor.py:161} INFO - Started process (PID=2207) to work on /home/airflow/.local/lib/python3.8/site-packages/airflow/example_dags/example_task_group.py
[2024-04-07T14:59:02.415+0000] {processor.py:830} INFO - Processing file /home/airflow/.local/lib/python3.8/site-packages/airflow/example_dags/example_task_group.py for tasks to queue
[2024-04-07T14:59:02.419+0000] {logging_mixin.py:188} INFO - [2024-04-07T14:59:02.419+0000] {dagbag.py:540} INFO - Filling up the DagBag from /home/airflow/.local/lib/python3.8/site-packages/airflow/example_dags/example_task_group.py
[2024-04-07T14:59:02.443+0000] {processor.py:840} INFO - DAG(s) 'example_task_group' retrieved from /home/airflow/.local/lib/python3.8/site-packages/airflow/example_dags/example_task_group.py
[2024-04-07T14:59:02.494+0000] {logging_mixin.py:188} INFO - [2024-04-07T14:59:02.493+0000] {dag.py:3047} INFO - Sync 1 DAGs
[2024-04-07T14:59:02.559+0000] {logging_mixin.py:188} INFO - [2024-04-07T14:59:02.557+0000] {dag.py:3834} INFO - Setting next_dagrun for example_task_group to 2024-04-06 00:00:00+00:00, run_after=2024-04-07 00:00:00+00:00
[2024-04-07T14:59:02.605+0000] {processor.py:183} INFO - Processing /home/airflow/.local/lib/python3.8/site-packages/airflow/example_dags/example_task_group.py took 0.199 seconds
[2024-04-07T14:59:32.857+0000] {processor.py:161} INFO - Started process (PID=2264) to work on /home/airflow/.local/lib/python3.8/site-packages/airflow/example_dags/example_task_group.py
[2024-04-07T14:59:32.859+0000] {processor.py:830} INFO - Processing file /home/airflow/.local/lib/python3.8/site-packages/airflow/example_dags/example_task_group.py for tasks to queue
[2024-04-07T14:59:32.862+0000] {logging_mixin.py:188} INFO - [2024-04-07T14:59:32.861+0000] {dagbag.py:540} INFO - Filling up the DagBag from /home/airflow/.local/lib/python3.8/site-packages/airflow/example_dags/example_task_group.py
[2024-04-07T14:59:32.874+0000] {processor.py:840} INFO - DAG(s) 'example_task_group' retrieved from /home/airflow/.local/lib/python3.8/site-packages/airflow/example_dags/example_task_group.py
[2024-04-07T14:59:32.923+0000] {logging_mixin.py:188} INFO - [2024-04-07T14:59:32.923+0000] {dag.py:3047} INFO - Sync 1 DAGs
[2024-04-07T14:59:32.959+0000] {logging_mixin.py:188} INFO - [2024-04-07T14:59:32.959+0000] {dag.py:3834} INFO - Setting next_dagrun for example_task_group to 2024-04-06 00:00:00+00:00, run_after=2024-04-07 00:00:00+00:00
[2024-04-07T14:59:32.995+0000] {processor.py:183} INFO - Processing /home/airflow/.local/lib/python3.8/site-packages/airflow/example_dags/example_task_group.py took 0.144 seconds
[2024-04-07T15:00:04.981+0000] {processor.py:161} INFO - Started process (PID=2327) to work on /home/airflow/.local/lib/python3.8/site-packages/airflow/example_dags/example_task_group.py
[2024-04-07T15:00:04.984+0000] {processor.py:830} INFO - Processing file /home/airflow/.local/lib/python3.8/site-packages/airflow/example_dags/example_task_group.py for tasks to queue
[2024-04-07T15:00:04.988+0000] {logging_mixin.py:188} INFO - [2024-04-07T15:00:04.987+0000] {dagbag.py:540} INFO - Filling up the DagBag from /home/airflow/.local/lib/python3.8/site-packages/airflow/example_dags/example_task_group.py
[2024-04-07T15:00:05.006+0000] {processor.py:840} INFO - DAG(s) 'example_task_group' retrieved from /home/airflow/.local/lib/python3.8/site-packages/airflow/example_dags/example_task_group.py
[2024-04-07T15:00:05.050+0000] {logging_mixin.py:188} INFO - [2024-04-07T15:00:05.049+0000] {dag.py:3047} INFO - Sync 1 DAGs
[2024-04-07T15:00:05.097+0000] {logging_mixin.py:188} INFO - [2024-04-07T15:00:05.097+0000] {dag.py:3834} INFO - Setting next_dagrun for example_task_group to 2024-04-06 00:00:00+00:00, run_after=2024-04-07 00:00:00+00:00
[2024-04-07T15:00:05.140+0000] {processor.py:183} INFO - Processing /home/airflow/.local/lib/python3.8/site-packages/airflow/example_dags/example_task_group.py took 0.164 seconds
