[2024-04-07T14:39:34.959+0000] {processor.py:161} INFO - Started process (PID=82) to work on /home/airflow/.local/lib/python3.8/site-packages/airflow/example_dags/example_latest_only.py
[2024-04-07T14:39:34.966+0000] {processor.py:830} INFO - Processing file /home/airflow/.local/lib/python3.8/site-packages/airflow/example_dags/example_latest_only.py for tasks to queue
[2024-04-07T14:39:34.976+0000] {logging_mixin.py:188} INFO - [2024-04-07T14:39:34.975+0000] {dagbag.py:540} INFO - Filling up the DagBag from /home/airflow/.local/lib/python3.8/site-packages/airflow/example_dags/example_latest_only.py
[2024-04-07T14:39:35.068+0000] {processor.py:840} INFO - DAG(s) 'latest_only' retrieved from /home/airflow/.local/lib/python3.8/site-packages/airflow/example_dags/example_latest_only.py
[2024-04-07T14:39:35.208+0000] {logging_mixin.py:188} INFO - [2024-04-07T14:39:35.207+0000] {dag.py:3047} INFO - Sync 1 DAGs
[2024-04-07T14:39:35.360+0000] {logging_mixin.py:188} INFO - [2024-04-07T14:39:35.360+0000] {dag.py:3834} INFO - Setting next_dagrun for latest_only to 2024-04-07 08:00:00+00:00, run_after=2024-04-07 12:00:00+00:00
[2024-04-07T14:39:36.225+0000] {processor.py:183} INFO - Processing /home/airflow/.local/lib/python3.8/site-packages/airflow/example_dags/example_latest_only.py took 1.292 seconds
[2024-04-07T14:40:11.571+0000] {processor.py:161} INFO - Started process (PID=139) to work on /home/airflow/.local/lib/python3.8/site-packages/airflow/example_dags/example_latest_only.py
[2024-04-07T14:40:11.586+0000] {processor.py:830} INFO - Processing file /home/airflow/.local/lib/python3.8/site-packages/airflow/example_dags/example_latest_only.py for tasks to queue
[2024-04-07T14:40:11.601+0000] {logging_mixin.py:188} INFO - [2024-04-07T14:40:11.600+0000] {dagbag.py:540} INFO - Filling up the DagBag from /home/airflow/.local/lib/python3.8/site-packages/airflow/example_dags/example_latest_only.py
[2024-04-07T14:40:11.618+0000] {processor.py:840} INFO - DAG(s) 'latest_only' retrieved from /home/airflow/.local/lib/python3.8/site-packages/airflow/example_dags/example_latest_only.py
[2024-04-07T14:40:12.531+0000] {logging_mixin.py:188} INFO - [2024-04-07T14:40:12.530+0000] {dag.py:3047} INFO - Sync 1 DAGs
[2024-04-07T14:40:12.924+0000] {logging_mixin.py:188} INFO - [2024-04-07T14:40:12.923+0000] {dag.py:3834} INFO - Setting next_dagrun for latest_only to 2024-04-07 08:00:00+00:00, run_after=2024-04-07 12:00:00+00:00
[2024-04-07T14:40:13.136+0000] {processor.py:183} INFO - Processing /home/airflow/.local/lib/python3.8/site-packages/airflow/example_dags/example_latest_only.py took 1.692 seconds
[2024-04-07T14:40:43.716+0000] {processor.py:161} INFO - Started process (PID=196) to work on /home/airflow/.local/lib/python3.8/site-packages/airflow/example_dags/example_latest_only.py
[2024-04-07T14:40:43.736+0000] {processor.py:830} INFO - Processing file /home/airflow/.local/lib/python3.8/site-packages/airflow/example_dags/example_latest_only.py for tasks to queue
[2024-04-07T14:40:43.753+0000] {logging_mixin.py:188} INFO - [2024-04-07T14:40:43.752+0000] {dagbag.py:540} INFO - Filling up the DagBag from /home/airflow/.local/lib/python3.8/site-packages/airflow/example_dags/example_latest_only.py
[2024-04-07T14:40:43.790+0000] {processor.py:840} INFO - DAG(s) 'latest_only' retrieved from /home/airflow/.local/lib/python3.8/site-packages/airflow/example_dags/example_latest_only.py
[2024-04-07T14:40:43.931+0000] {logging_mixin.py:188} INFO - [2024-04-07T14:40:43.930+0000] {dag.py:3047} INFO - Sync 1 DAGs
[2024-04-07T14:40:44.097+0000] {logging_mixin.py:188} INFO - [2024-04-07T14:40:44.096+0000] {dag.py:3834} INFO - Setting next_dagrun for latest_only to 2024-04-07 08:00:00+00:00, run_after=2024-04-07 12:00:00+00:00
[2024-04-07T14:40:44.231+0000] {processor.py:183} INFO - Processing /home/airflow/.local/lib/python3.8/site-packages/airflow/example_dags/example_latest_only.py took 0.534 seconds
[2024-04-07T14:41:15.123+0000] {processor.py:161} INFO - Started process (PID=253) to work on /home/airflow/.local/lib/python3.8/site-packages/airflow/example_dags/example_latest_only.py
[2024-04-07T14:41:15.126+0000] {processor.py:830} INFO - Processing file /home/airflow/.local/lib/python3.8/site-packages/airflow/example_dags/example_latest_only.py for tasks to queue
[2024-04-07T14:41:15.131+0000] {logging_mixin.py:188} INFO - [2024-04-07T14:41:15.130+0000] {dagbag.py:540} INFO - Filling up the DagBag from /home/airflow/.local/lib/python3.8/site-packages/airflow/example_dags/example_latest_only.py
[2024-04-07T14:41:15.142+0000] {processor.py:840} INFO - DAG(s) 'latest_only' retrieved from /home/airflow/.local/lib/python3.8/site-packages/airflow/example_dags/example_latest_only.py
[2024-04-07T14:41:15.194+0000] {logging_mixin.py:188} INFO - [2024-04-07T14:41:15.194+0000] {dag.py:3047} INFO - Sync 1 DAGs
[2024-04-07T14:41:15.244+0000] {logging_mixin.py:188} INFO - [2024-04-07T14:41:15.243+0000] {dag.py:3834} INFO - Setting next_dagrun for latest_only to 2024-04-07 08:00:00+00:00, run_after=2024-04-07 12:00:00+00:00
[2024-04-07T14:41:15.393+0000] {processor.py:183} INFO - Processing /home/airflow/.local/lib/python3.8/site-packages/airflow/example_dags/example_latest_only.py took 0.279 seconds
[2024-04-07T14:41:45.744+0000] {processor.py:161} INFO - Started process (PID=310) to work on /home/airflow/.local/lib/python3.8/site-packages/airflow/example_dags/example_latest_only.py
[2024-04-07T14:41:45.749+0000] {processor.py:830} INFO - Processing file /home/airflow/.local/lib/python3.8/site-packages/airflow/example_dags/example_latest_only.py for tasks to queue
[2024-04-07T14:41:45.760+0000] {logging_mixin.py:188} INFO - [2024-04-07T14:41:45.759+0000] {dagbag.py:540} INFO - Filling up the DagBag from /home/airflow/.local/lib/python3.8/site-packages/airflow/example_dags/example_latest_only.py
[2024-04-07T14:41:45.792+0000] {processor.py:840} INFO - DAG(s) 'latest_only' retrieved from /home/airflow/.local/lib/python3.8/site-packages/airflow/example_dags/example_latest_only.py
[2024-04-07T14:41:45.903+0000] {logging_mixin.py:188} INFO - [2024-04-07T14:41:45.903+0000] {dag.py:3047} INFO - Sync 1 DAGs
[2024-04-07T14:41:46.022+0000] {logging_mixin.py:188} INFO - [2024-04-07T14:41:46.021+0000] {dag.py:3834} INFO - Setting next_dagrun for latest_only to 2024-04-07 08:00:00+00:00, run_after=2024-04-07 12:00:00+00:00
[2024-04-07T14:41:46.187+0000] {processor.py:183} INFO - Processing /home/airflow/.local/lib/python3.8/site-packages/airflow/example_dags/example_latest_only.py took 0.456 seconds
[2024-04-07T14:42:17.287+0000] {processor.py:161} INFO - Started process (PID=367) to work on /home/airflow/.local/lib/python3.8/site-packages/airflow/example_dags/example_latest_only.py
[2024-04-07T14:42:17.289+0000] {processor.py:830} INFO - Processing file /home/airflow/.local/lib/python3.8/site-packages/airflow/example_dags/example_latest_only.py for tasks to queue
[2024-04-07T14:42:17.294+0000] {logging_mixin.py:188} INFO - [2024-04-07T14:42:17.294+0000] {dagbag.py:540} INFO - Filling up the DagBag from /home/airflow/.local/lib/python3.8/site-packages/airflow/example_dags/example_latest_only.py
[2024-04-07T14:42:17.305+0000] {processor.py:840} INFO - DAG(s) 'latest_only' retrieved from /home/airflow/.local/lib/python3.8/site-packages/airflow/example_dags/example_latest_only.py
[2024-04-07T14:42:17.345+0000] {logging_mixin.py:188} INFO - [2024-04-07T14:42:17.345+0000] {dag.py:3047} INFO - Sync 1 DAGs
[2024-04-07T14:42:17.394+0000] {logging_mixin.py:188} INFO - [2024-04-07T14:42:17.394+0000] {dag.py:3834} INFO - Setting next_dagrun for latest_only to 2024-04-07 08:00:00+00:00, run_after=2024-04-07 12:00:00+00:00
[2024-04-07T14:42:17.570+0000] {processor.py:183} INFO - Processing /home/airflow/.local/lib/python3.8/site-packages/airflow/example_dags/example_latest_only.py took 0.291 seconds
[2024-04-07T14:42:48.653+0000] {processor.py:161} INFO - Started process (PID=424) to work on /home/airflow/.local/lib/python3.8/site-packages/airflow/example_dags/example_latest_only.py
[2024-04-07T14:42:48.656+0000] {processor.py:830} INFO - Processing file /home/airflow/.local/lib/python3.8/site-packages/airflow/example_dags/example_latest_only.py for tasks to queue
[2024-04-07T14:42:48.662+0000] {logging_mixin.py:188} INFO - [2024-04-07T14:42:48.661+0000] {dagbag.py:540} INFO - Filling up the DagBag from /home/airflow/.local/lib/python3.8/site-packages/airflow/example_dags/example_latest_only.py
[2024-04-07T14:42:48.710+0000] {processor.py:840} INFO - DAG(s) 'latest_only' retrieved from /home/airflow/.local/lib/python3.8/site-packages/airflow/example_dags/example_latest_only.py
[2024-04-07T14:42:48.772+0000] {logging_mixin.py:188} INFO - [2024-04-07T14:42:48.771+0000] {dag.py:3047} INFO - Sync 1 DAGs
[2024-04-07T14:42:48.839+0000] {logging_mixin.py:188} INFO - [2024-04-07T14:42:48.838+0000] {dag.py:3834} INFO - Setting next_dagrun for latest_only to 2024-04-07 08:00:00+00:00, run_after=2024-04-07 12:00:00+00:00
[2024-04-07T14:42:48.877+0000] {processor.py:183} INFO - Processing /home/airflow/.local/lib/python3.8/site-packages/airflow/example_dags/example_latest_only.py took 0.254 seconds
[2024-04-07T14:43:19.260+0000] {processor.py:161} INFO - Started process (PID=482) to work on /home/airflow/.local/lib/python3.8/site-packages/airflow/example_dags/example_latest_only.py
[2024-04-07T14:43:19.268+0000] {processor.py:830} INFO - Processing file /home/airflow/.local/lib/python3.8/site-packages/airflow/example_dags/example_latest_only.py for tasks to queue
[2024-04-07T14:43:19.274+0000] {logging_mixin.py:188} INFO - [2024-04-07T14:43:19.273+0000] {dagbag.py:540} INFO - Filling up the DagBag from /home/airflow/.local/lib/python3.8/site-packages/airflow/example_dags/example_latest_only.py
[2024-04-07T14:43:19.286+0000] {processor.py:840} INFO - DAG(s) 'latest_only' retrieved from /home/airflow/.local/lib/python3.8/site-packages/airflow/example_dags/example_latest_only.py
[2024-04-07T14:43:19.344+0000] {logging_mixin.py:188} INFO - [2024-04-07T14:43:19.344+0000] {dag.py:3047} INFO - Sync 1 DAGs
[2024-04-07T14:43:19.413+0000] {logging_mixin.py:188} INFO - [2024-04-07T14:43:19.412+0000] {dag.py:3834} INFO - Setting next_dagrun for latest_only to 2024-04-07 08:00:00+00:00, run_after=2024-04-07 12:00:00+00:00
[2024-04-07T14:43:19.492+0000] {processor.py:183} INFO - Processing /home/airflow/.local/lib/python3.8/site-packages/airflow/example_dags/example_latest_only.py took 0.241 seconds
[2024-04-07T14:43:50.117+0000] {processor.py:161} INFO - Started process (PID=539) to work on /home/airflow/.local/lib/python3.8/site-packages/airflow/example_dags/example_latest_only.py
[2024-04-07T14:43:50.121+0000] {processor.py:830} INFO - Processing file /home/airflow/.local/lib/python3.8/site-packages/airflow/example_dags/example_latest_only.py for tasks to queue
[2024-04-07T14:43:50.126+0000] {logging_mixin.py:188} INFO - [2024-04-07T14:43:50.125+0000] {dagbag.py:540} INFO - Filling up the DagBag from /home/airflow/.local/lib/python3.8/site-packages/airflow/example_dags/example_latest_only.py
[2024-04-07T14:43:50.139+0000] {processor.py:840} INFO - DAG(s) 'latest_only' retrieved from /home/airflow/.local/lib/python3.8/site-packages/airflow/example_dags/example_latest_only.py
[2024-04-07T14:43:50.198+0000] {logging_mixin.py:188} INFO - [2024-04-07T14:43:50.197+0000] {dag.py:3047} INFO - Sync 1 DAGs
[2024-04-07T14:43:50.344+0000] {logging_mixin.py:188} INFO - [2024-04-07T14:43:50.344+0000] {dag.py:3834} INFO - Setting next_dagrun for latest_only to 2024-04-07 08:00:00+00:00, run_after=2024-04-07 12:00:00+00:00
[2024-04-07T14:43:50.443+0000] {processor.py:183} INFO - Processing /home/airflow/.local/lib/python3.8/site-packages/airflow/example_dags/example_latest_only.py took 0.333 seconds
[2024-04-07T14:44:20.630+0000] {processor.py:161} INFO - Started process (PID=596) to work on /home/airflow/.local/lib/python3.8/site-packages/airflow/example_dags/example_latest_only.py
[2024-04-07T14:44:20.644+0000] {processor.py:830} INFO - Processing file /home/airflow/.local/lib/python3.8/site-packages/airflow/example_dags/example_latest_only.py for tasks to queue
[2024-04-07T14:44:20.658+0000] {logging_mixin.py:188} INFO - [2024-04-07T14:44:20.657+0000] {dagbag.py:540} INFO - Filling up the DagBag from /home/airflow/.local/lib/python3.8/site-packages/airflow/example_dags/example_latest_only.py
[2024-04-07T14:44:20.677+0000] {processor.py:840} INFO - DAG(s) 'latest_only' retrieved from /home/airflow/.local/lib/python3.8/site-packages/airflow/example_dags/example_latest_only.py
[2024-04-07T14:44:20.746+0000] {logging_mixin.py:188} INFO - [2024-04-07T14:44:20.746+0000] {dag.py:3047} INFO - Sync 1 DAGs
[2024-04-07T14:44:20.793+0000] {logging_mixin.py:188} INFO - [2024-04-07T14:44:20.792+0000] {dag.py:3834} INFO - Setting next_dagrun for latest_only to 2024-04-07 08:00:00+00:00, run_after=2024-04-07 12:00:00+00:00
[2024-04-07T14:44:20.826+0000] {processor.py:183} INFO - Processing /home/airflow/.local/lib/python3.8/site-packages/airflow/example_dags/example_latest_only.py took 0.203 seconds
[2024-04-07T14:45:09.039+0000] {processor.py:161} INFO - Started process (PID=665) to work on /home/airflow/.local/lib/python3.8/site-packages/airflow/example_dags/example_latest_only.py
[2024-04-07T14:45:09.041+0000] {processor.py:830} INFO - Processing file /home/airflow/.local/lib/python3.8/site-packages/airflow/example_dags/example_latest_only.py for tasks to queue
[2024-04-07T14:45:09.045+0000] {logging_mixin.py:188} INFO - [2024-04-07T14:45:09.045+0000] {dagbag.py:540} INFO - Filling up the DagBag from /home/airflow/.local/lib/python3.8/site-packages/airflow/example_dags/example_latest_only.py
[2024-04-07T14:45:09.054+0000] {processor.py:840} INFO - DAG(s) 'latest_only' retrieved from /home/airflow/.local/lib/python3.8/site-packages/airflow/example_dags/example_latest_only.py
[2024-04-07T14:45:09.094+0000] {logging_mixin.py:188} INFO - [2024-04-07T14:45:09.093+0000] {dag.py:3047} INFO - Sync 1 DAGs
[2024-04-07T14:45:09.146+0000] {logging_mixin.py:188} INFO - [2024-04-07T14:45:09.146+0000] {dag.py:3834} INFO - Setting next_dagrun for latest_only to 2024-04-07 08:00:00+00:00, run_after=2024-04-07 12:00:00+00:00
[2024-04-07T14:45:09.192+0000] {processor.py:183} INFO - Processing /home/airflow/.local/lib/python3.8/site-packages/airflow/example_dags/example_latest_only.py took 0.159 seconds
[2024-04-07T14:45:39.562+0000] {processor.py:161} INFO - Started process (PID=722) to work on /home/airflow/.local/lib/python3.8/site-packages/airflow/example_dags/example_latest_only.py
[2024-04-07T14:45:39.570+0000] {processor.py:830} INFO - Processing file /home/airflow/.local/lib/python3.8/site-packages/airflow/example_dags/example_latest_only.py for tasks to queue
[2024-04-07T14:45:39.574+0000] {logging_mixin.py:188} INFO - [2024-04-07T14:45:39.574+0000] {dagbag.py:540} INFO - Filling up the DagBag from /home/airflow/.local/lib/python3.8/site-packages/airflow/example_dags/example_latest_only.py
[2024-04-07T14:45:39.593+0000] {processor.py:840} INFO - DAG(s) 'latest_only' retrieved from /home/airflow/.local/lib/python3.8/site-packages/airflow/example_dags/example_latest_only.py
[2024-04-07T14:45:39.657+0000] {logging_mixin.py:188} INFO - [2024-04-07T14:45:39.657+0000] {dag.py:3047} INFO - Sync 1 DAGs
[2024-04-07T14:45:39.717+0000] {logging_mixin.py:188} INFO - [2024-04-07T14:45:39.716+0000] {dag.py:3834} INFO - Setting next_dagrun for latest_only to 2024-04-07 08:00:00+00:00, run_after=2024-04-07 12:00:00+00:00
[2024-04-07T14:45:39.839+0000] {processor.py:183} INFO - Processing /home/airflow/.local/lib/python3.8/site-packages/airflow/example_dags/example_latest_only.py took 0.283 seconds
[2024-04-07T14:46:10.596+0000] {processor.py:161} INFO - Started process (PID=779) to work on /home/airflow/.local/lib/python3.8/site-packages/airflow/example_dags/example_latest_only.py
[2024-04-07T14:46:10.598+0000] {processor.py:830} INFO - Processing file /home/airflow/.local/lib/python3.8/site-packages/airflow/example_dags/example_latest_only.py for tasks to queue
[2024-04-07T14:46:10.606+0000] {logging_mixin.py:188} INFO - [2024-04-07T14:46:10.605+0000] {dagbag.py:540} INFO - Filling up the DagBag from /home/airflow/.local/lib/python3.8/site-packages/airflow/example_dags/example_latest_only.py
[2024-04-07T14:46:10.615+0000] {processor.py:840} INFO - DAG(s) 'latest_only' retrieved from /home/airflow/.local/lib/python3.8/site-packages/airflow/example_dags/example_latest_only.py
[2024-04-07T14:46:10.715+0000] {logging_mixin.py:188} INFO - [2024-04-07T14:46:10.715+0000] {dag.py:3047} INFO - Sync 1 DAGs
[2024-04-07T14:46:10.780+0000] {logging_mixin.py:188} INFO - [2024-04-07T14:46:10.780+0000] {dag.py:3834} INFO - Setting next_dagrun for latest_only to 2024-04-07 08:00:00+00:00, run_after=2024-04-07 12:00:00+00:00
[2024-04-07T14:46:10.856+0000] {processor.py:183} INFO - Processing /home/airflow/.local/lib/python3.8/site-packages/airflow/example_dags/example_latest_only.py took 0.266 seconds
[2024-04-07T14:46:42.159+0000] {processor.py:161} INFO - Started process (PID=836) to work on /home/airflow/.local/lib/python3.8/site-packages/airflow/example_dags/example_latest_only.py
[2024-04-07T14:46:42.237+0000] {processor.py:830} INFO - Processing file /home/airflow/.local/lib/python3.8/site-packages/airflow/example_dags/example_latest_only.py for tasks to queue
[2024-04-07T14:46:42.245+0000] {logging_mixin.py:188} INFO - [2024-04-07T14:46:42.244+0000] {dagbag.py:540} INFO - Filling up the DagBag from /home/airflow/.local/lib/python3.8/site-packages/airflow/example_dags/example_latest_only.py
[2024-04-07T14:46:42.264+0000] {processor.py:840} INFO - DAG(s) 'latest_only' retrieved from /home/airflow/.local/lib/python3.8/site-packages/airflow/example_dags/example_latest_only.py
[2024-04-07T14:46:42.347+0000] {logging_mixin.py:188} INFO - [2024-04-07T14:46:42.347+0000] {dag.py:3047} INFO - Sync 1 DAGs
[2024-04-07T14:46:42.481+0000] {logging_mixin.py:188} INFO - [2024-04-07T14:46:42.481+0000] {dag.py:3834} INFO - Setting next_dagrun for latest_only to 2024-04-07 08:00:00+00:00, run_after=2024-04-07 12:00:00+00:00
[2024-04-07T14:46:42.740+0000] {processor.py:183} INFO - Processing /home/airflow/.local/lib/python3.8/site-packages/airflow/example_dags/example_latest_only.py took 0.587 seconds
[2024-04-07T14:47:13.346+0000] {processor.py:161} INFO - Started process (PID=893) to work on /home/airflow/.local/lib/python3.8/site-packages/airflow/example_dags/example_latest_only.py
[2024-04-07T14:47:13.348+0000] {processor.py:830} INFO - Processing file /home/airflow/.local/lib/python3.8/site-packages/airflow/example_dags/example_latest_only.py for tasks to queue
[2024-04-07T14:47:13.352+0000] {logging_mixin.py:188} INFO - [2024-04-07T14:47:13.351+0000] {dagbag.py:540} INFO - Filling up the DagBag from /home/airflow/.local/lib/python3.8/site-packages/airflow/example_dags/example_latest_only.py
[2024-04-07T14:47:13.367+0000] {processor.py:840} INFO - DAG(s) 'latest_only' retrieved from /home/airflow/.local/lib/python3.8/site-packages/airflow/example_dags/example_latest_only.py
[2024-04-07T14:47:13.467+0000] {logging_mixin.py:188} INFO - [2024-04-07T14:47:13.466+0000] {dag.py:3047} INFO - Sync 1 DAGs
[2024-04-07T14:47:13.563+0000] {logging_mixin.py:188} INFO - [2024-04-07T14:47:13.563+0000] {dag.py:3834} INFO - Setting next_dagrun for latest_only to 2024-04-07 08:00:00+00:00, run_after=2024-04-07 12:00:00+00:00
[2024-04-07T14:47:13.613+0000] {processor.py:183} INFO - Processing /home/airflow/.local/lib/python3.8/site-packages/airflow/example_dags/example_latest_only.py took 0.280 seconds
[2024-04-07T14:47:43.741+0000] {processor.py:161} INFO - Started process (PID=950) to work on /home/airflow/.local/lib/python3.8/site-packages/airflow/example_dags/example_latest_only.py
[2024-04-07T14:47:43.745+0000] {processor.py:830} INFO - Processing file /home/airflow/.local/lib/python3.8/site-packages/airflow/example_dags/example_latest_only.py for tasks to queue
[2024-04-07T14:47:43.749+0000] {logging_mixin.py:188} INFO - [2024-04-07T14:47:43.749+0000] {dagbag.py:540} INFO - Filling up the DagBag from /home/airflow/.local/lib/python3.8/site-packages/airflow/example_dags/example_latest_only.py
[2024-04-07T14:47:43.759+0000] {processor.py:840} INFO - DAG(s) 'latest_only' retrieved from /home/airflow/.local/lib/python3.8/site-packages/airflow/example_dags/example_latest_only.py
[2024-04-07T14:47:43.816+0000] {logging_mixin.py:188} INFO - [2024-04-07T14:47:43.815+0000] {dag.py:3047} INFO - Sync 1 DAGs
[2024-04-07T14:47:43.957+0000] {logging_mixin.py:188} INFO - [2024-04-07T14:47:43.957+0000] {dag.py:3834} INFO - Setting next_dagrun for latest_only to 2024-04-07 08:00:00+00:00, run_after=2024-04-07 12:00:00+00:00
[2024-04-07T14:47:44.058+0000] {processor.py:183} INFO - Processing /home/airflow/.local/lib/python3.8/site-packages/airflow/example_dags/example_latest_only.py took 0.322 seconds
[2024-04-07T14:48:14.171+0000] {processor.py:161} INFO - Started process (PID=1007) to work on /home/airflow/.local/lib/python3.8/site-packages/airflow/example_dags/example_latest_only.py
[2024-04-07T14:48:14.173+0000] {processor.py:830} INFO - Processing file /home/airflow/.local/lib/python3.8/site-packages/airflow/example_dags/example_latest_only.py for tasks to queue
[2024-04-07T14:48:14.177+0000] {logging_mixin.py:188} INFO - [2024-04-07T14:48:14.176+0000] {dagbag.py:540} INFO - Filling up the DagBag from /home/airflow/.local/lib/python3.8/site-packages/airflow/example_dags/example_latest_only.py
[2024-04-07T14:48:14.186+0000] {processor.py:840} INFO - DAG(s) 'latest_only' retrieved from /home/airflow/.local/lib/python3.8/site-packages/airflow/example_dags/example_latest_only.py
[2024-04-07T14:48:14.219+0000] {logging_mixin.py:188} INFO - [2024-04-07T14:48:14.219+0000] {dag.py:3047} INFO - Sync 1 DAGs
[2024-04-07T14:48:14.256+0000] {logging_mixin.py:188} INFO - [2024-04-07T14:48:14.255+0000] {dag.py:3834} INFO - Setting next_dagrun for latest_only to 2024-04-07 08:00:00+00:00, run_after=2024-04-07 12:00:00+00:00
[2024-04-07T14:48:14.291+0000] {processor.py:183} INFO - Processing /home/airflow/.local/lib/python3.8/site-packages/airflow/example_dags/example_latest_only.py took 0.128 seconds
[2024-04-07T14:48:44.643+0000] {processor.py:161} INFO - Started process (PID=1064) to work on /home/airflow/.local/lib/python3.8/site-packages/airflow/example_dags/example_latest_only.py
[2024-04-07T14:48:44.645+0000] {processor.py:830} INFO - Processing file /home/airflow/.local/lib/python3.8/site-packages/airflow/example_dags/example_latest_only.py for tasks to queue
[2024-04-07T14:48:44.650+0000] {logging_mixin.py:188} INFO - [2024-04-07T14:48:44.649+0000] {dagbag.py:540} INFO - Filling up the DagBag from /home/airflow/.local/lib/python3.8/site-packages/airflow/example_dags/example_latest_only.py
[2024-04-07T14:48:44.660+0000] {processor.py:840} INFO - DAG(s) 'latest_only' retrieved from /home/airflow/.local/lib/python3.8/site-packages/airflow/example_dags/example_latest_only.py
[2024-04-07T14:48:44.704+0000] {logging_mixin.py:188} INFO - [2024-04-07T14:48:44.704+0000] {dag.py:3047} INFO - Sync 1 DAGs
[2024-04-07T14:48:44.754+0000] {logging_mixin.py:188} INFO - [2024-04-07T14:48:44.753+0000] {dag.py:3834} INFO - Setting next_dagrun for latest_only to 2024-04-07 08:00:00+00:00, run_after=2024-04-07 12:00:00+00:00
[2024-04-07T14:48:44.974+0000] {processor.py:183} INFO - Processing /home/airflow/.local/lib/python3.8/site-packages/airflow/example_dags/example_latest_only.py took 0.337 seconds
[2024-04-07T14:49:15.370+0000] {processor.py:161} INFO - Started process (PID=1121) to work on /home/airflow/.local/lib/python3.8/site-packages/airflow/example_dags/example_latest_only.py
[2024-04-07T14:49:15.381+0000] {processor.py:830} INFO - Processing file /home/airflow/.local/lib/python3.8/site-packages/airflow/example_dags/example_latest_only.py for tasks to queue
[2024-04-07T14:49:15.385+0000] {logging_mixin.py:188} INFO - [2024-04-07T14:49:15.385+0000] {dagbag.py:540} INFO - Filling up the DagBag from /home/airflow/.local/lib/python3.8/site-packages/airflow/example_dags/example_latest_only.py
[2024-04-07T14:49:15.416+0000] {processor.py:840} INFO - DAG(s) 'latest_only' retrieved from /home/airflow/.local/lib/python3.8/site-packages/airflow/example_dags/example_latest_only.py
[2024-04-07T14:49:15.507+0000] {logging_mixin.py:188} INFO - [2024-04-07T14:49:15.507+0000] {dag.py:3047} INFO - Sync 1 DAGs
[2024-04-07T14:49:15.605+0000] {logging_mixin.py:188} INFO - [2024-04-07T14:49:15.604+0000] {dag.py:3834} INFO - Setting next_dagrun for latest_only to 2024-04-07 08:00:00+00:00, run_after=2024-04-07 12:00:00+00:00
[2024-04-07T14:49:15.795+0000] {processor.py:183} INFO - Processing /home/airflow/.local/lib/python3.8/site-packages/airflow/example_dags/example_latest_only.py took 0.432 seconds
[2024-04-07T14:49:46.169+0000] {processor.py:161} INFO - Started process (PID=1178) to work on /home/airflow/.local/lib/python3.8/site-packages/airflow/example_dags/example_latest_only.py
[2024-04-07T14:49:46.173+0000] {processor.py:830} INFO - Processing file /home/airflow/.local/lib/python3.8/site-packages/airflow/example_dags/example_latest_only.py for tasks to queue
[2024-04-07T14:49:46.178+0000] {logging_mixin.py:188} INFO - [2024-04-07T14:49:46.177+0000] {dagbag.py:540} INFO - Filling up the DagBag from /home/airflow/.local/lib/python3.8/site-packages/airflow/example_dags/example_latest_only.py
[2024-04-07T14:49:46.203+0000] {processor.py:840} INFO - DAG(s) 'latest_only' retrieved from /home/airflow/.local/lib/python3.8/site-packages/airflow/example_dags/example_latest_only.py
[2024-04-07T14:49:46.296+0000] {logging_mixin.py:188} INFO - [2024-04-07T14:49:46.295+0000] {dag.py:3047} INFO - Sync 1 DAGs
[2024-04-07T14:49:46.452+0000] {logging_mixin.py:188} INFO - [2024-04-07T14:49:46.451+0000] {dag.py:3834} INFO - Setting next_dagrun for latest_only to 2024-04-07 08:00:00+00:00, run_after=2024-04-07 12:00:00+00:00
[2024-04-07T14:49:46.649+0000] {processor.py:183} INFO - Processing /home/airflow/.local/lib/python3.8/site-packages/airflow/example_dags/example_latest_only.py took 0.489 seconds
[2024-04-07T14:50:17.236+0000] {processor.py:161} INFO - Started process (PID=1235) to work on /home/airflow/.local/lib/python3.8/site-packages/airflow/example_dags/example_latest_only.py
[2024-04-07T14:50:17.252+0000] {processor.py:830} INFO - Processing file /home/airflow/.local/lib/python3.8/site-packages/airflow/example_dags/example_latest_only.py for tasks to queue
[2024-04-07T14:50:17.272+0000] {logging_mixin.py:188} INFO - [2024-04-07T14:50:17.271+0000] {dagbag.py:540} INFO - Filling up the DagBag from /home/airflow/.local/lib/python3.8/site-packages/airflow/example_dags/example_latest_only.py
[2024-04-07T14:50:17.292+0000] {processor.py:840} INFO - DAG(s) 'latest_only' retrieved from /home/airflow/.local/lib/python3.8/site-packages/airflow/example_dags/example_latest_only.py
[2024-04-07T14:50:17.384+0000] {logging_mixin.py:188} INFO - [2024-04-07T14:50:17.383+0000] {dag.py:3047} INFO - Sync 1 DAGs
[2024-04-07T14:50:17.501+0000] {logging_mixin.py:188} INFO - [2024-04-07T14:50:17.500+0000] {dag.py:3834} INFO - Setting next_dagrun for latest_only to 2024-04-07 08:00:00+00:00, run_after=2024-04-07 12:00:00+00:00
[2024-04-07T14:50:18.064+0000] {processor.py:183} INFO - Processing /home/airflow/.local/lib/python3.8/site-packages/airflow/example_dags/example_latest_only.py took 0.834 seconds
[2024-04-07T14:50:48.605+0000] {processor.py:161} INFO - Started process (PID=1293) to work on /home/airflow/.local/lib/python3.8/site-packages/airflow/example_dags/example_latest_only.py
[2024-04-07T14:50:48.607+0000] {processor.py:830} INFO - Processing file /home/airflow/.local/lib/python3.8/site-packages/airflow/example_dags/example_latest_only.py for tasks to queue
[2024-04-07T14:50:48.612+0000] {logging_mixin.py:188} INFO - [2024-04-07T14:50:48.611+0000] {dagbag.py:540} INFO - Filling up the DagBag from /home/airflow/.local/lib/python3.8/site-packages/airflow/example_dags/example_latest_only.py
[2024-04-07T14:50:48.622+0000] {processor.py:840} INFO - DAG(s) 'latest_only' retrieved from /home/airflow/.local/lib/python3.8/site-packages/airflow/example_dags/example_latest_only.py
[2024-04-07T14:50:48.662+0000] {logging_mixin.py:188} INFO - [2024-04-07T14:50:48.661+0000] {dag.py:3047} INFO - Sync 1 DAGs
[2024-04-07T14:50:48.764+0000] {logging_mixin.py:188} INFO - [2024-04-07T14:50:48.759+0000] {dag.py:3834} INFO - Setting next_dagrun for latest_only to 2024-04-07 08:00:00+00:00, run_after=2024-04-07 12:00:00+00:00
[2024-04-07T14:50:48.850+0000] {processor.py:183} INFO - Processing /home/airflow/.local/lib/python3.8/site-packages/airflow/example_dags/example_latest_only.py took 0.252 seconds
[2024-04-07T14:51:19.024+0000] {processor.py:161} INFO - Started process (PID=1349) to work on /home/airflow/.local/lib/python3.8/site-packages/airflow/example_dags/example_latest_only.py
[2024-04-07T14:51:19.027+0000] {processor.py:830} INFO - Processing file /home/airflow/.local/lib/python3.8/site-packages/airflow/example_dags/example_latest_only.py for tasks to queue
[2024-04-07T14:51:19.031+0000] {logging_mixin.py:188} INFO - [2024-04-07T14:51:19.030+0000] {dagbag.py:540} INFO - Filling up the DagBag from /home/airflow/.local/lib/python3.8/site-packages/airflow/example_dags/example_latest_only.py
[2024-04-07T14:51:19.043+0000] {processor.py:840} INFO - DAG(s) 'latest_only' retrieved from /home/airflow/.local/lib/python3.8/site-packages/airflow/example_dags/example_latest_only.py
[2024-04-07T14:51:19.094+0000] {logging_mixin.py:188} INFO - [2024-04-07T14:51:19.093+0000] {dag.py:3047} INFO - Sync 1 DAGs
[2024-04-07T14:51:19.171+0000] {logging_mixin.py:188} INFO - [2024-04-07T14:51:19.170+0000] {dag.py:3834} INFO - Setting next_dagrun for latest_only to 2024-04-07 08:00:00+00:00, run_after=2024-04-07 12:00:00+00:00
[2024-04-07T14:51:19.220+0000] {processor.py:183} INFO - Processing /home/airflow/.local/lib/python3.8/site-packages/airflow/example_dags/example_latest_only.py took 0.203 seconds
[2024-04-07T14:51:50.145+0000] {processor.py:161} INFO - Started process (PID=1407) to work on /home/airflow/.local/lib/python3.8/site-packages/airflow/example_dags/example_latest_only.py
[2024-04-07T14:51:50.158+0000] {processor.py:830} INFO - Processing file /home/airflow/.local/lib/python3.8/site-packages/airflow/example_dags/example_latest_only.py for tasks to queue
[2024-04-07T14:51:50.178+0000] {logging_mixin.py:188} INFO - [2024-04-07T14:51:50.177+0000] {dagbag.py:540} INFO - Filling up the DagBag from /home/airflow/.local/lib/python3.8/site-packages/airflow/example_dags/example_latest_only.py
[2024-04-07T14:51:50.217+0000] {processor.py:840} INFO - DAG(s) 'latest_only' retrieved from /home/airflow/.local/lib/python3.8/site-packages/airflow/example_dags/example_latest_only.py
[2024-04-07T14:51:50.318+0000] {logging_mixin.py:188} INFO - [2024-04-07T14:51:50.317+0000] {dag.py:3047} INFO - Sync 1 DAGs
[2024-04-07T14:51:50.447+0000] {logging_mixin.py:188} INFO - [2024-04-07T14:51:50.446+0000] {dag.py:3834} INFO - Setting next_dagrun for latest_only to 2024-04-07 08:00:00+00:00, run_after=2024-04-07 12:00:00+00:00
[2024-04-07T14:51:50.654+0000] {processor.py:183} INFO - Processing /home/airflow/.local/lib/python3.8/site-packages/airflow/example_dags/example_latest_only.py took 0.516 seconds
[2024-04-07T14:52:21.674+0000] {processor.py:161} INFO - Started process (PID=1464) to work on /home/airflow/.local/lib/python3.8/site-packages/airflow/example_dags/example_latest_only.py
[2024-04-07T14:52:21.676+0000] {processor.py:830} INFO - Processing file /home/airflow/.local/lib/python3.8/site-packages/airflow/example_dags/example_latest_only.py for tasks to queue
[2024-04-07T14:52:21.688+0000] {logging_mixin.py:188} INFO - [2024-04-07T14:52:21.688+0000] {dagbag.py:540} INFO - Filling up the DagBag from /home/airflow/.local/lib/python3.8/site-packages/airflow/example_dags/example_latest_only.py
[2024-04-07T14:52:21.704+0000] {processor.py:840} INFO - DAG(s) 'latest_only' retrieved from /home/airflow/.local/lib/python3.8/site-packages/airflow/example_dags/example_latest_only.py
[2024-04-07T14:52:21.758+0000] {logging_mixin.py:188} INFO - [2024-04-07T14:52:21.757+0000] {dag.py:3047} INFO - Sync 1 DAGs
[2024-04-07T14:52:21.847+0000] {logging_mixin.py:188} INFO - [2024-04-07T14:52:21.847+0000] {dag.py:3834} INFO - Setting next_dagrun for latest_only to 2024-04-07 08:00:00+00:00, run_after=2024-04-07 12:00:00+00:00
[2024-04-07T14:52:21.950+0000] {processor.py:183} INFO - Processing /home/airflow/.local/lib/python3.8/site-packages/airflow/example_dags/example_latest_only.py took 0.285 seconds
[2024-04-07T14:52:52.109+0000] {processor.py:161} INFO - Started process (PID=1521) to work on /home/airflow/.local/lib/python3.8/site-packages/airflow/example_dags/example_latest_only.py
[2024-04-07T14:52:52.111+0000] {processor.py:830} INFO - Processing file /home/airflow/.local/lib/python3.8/site-packages/airflow/example_dags/example_latest_only.py for tasks to queue
[2024-04-07T14:52:52.116+0000] {logging_mixin.py:188} INFO - [2024-04-07T14:52:52.115+0000] {dagbag.py:540} INFO - Filling up the DagBag from /home/airflow/.local/lib/python3.8/site-packages/airflow/example_dags/example_latest_only.py
[2024-04-07T14:52:52.128+0000] {processor.py:840} INFO - DAG(s) 'latest_only' retrieved from /home/airflow/.local/lib/python3.8/site-packages/airflow/example_dags/example_latest_only.py
[2024-04-07T14:52:52.164+0000] {logging_mixin.py:188} INFO - [2024-04-07T14:52:52.163+0000] {dag.py:3047} INFO - Sync 1 DAGs
[2024-04-07T14:52:52.231+0000] {logging_mixin.py:188} INFO - [2024-04-07T14:52:52.230+0000] {dag.py:3834} INFO - Setting next_dagrun for latest_only to 2024-04-07 08:00:00+00:00, run_after=2024-04-07 12:00:00+00:00
[2024-04-07T14:52:52.275+0000] {processor.py:183} INFO - Processing /home/airflow/.local/lib/python3.8/site-packages/airflow/example_dags/example_latest_only.py took 0.175 seconds
[2024-04-07T14:53:22.829+0000] {processor.py:161} INFO - Started process (PID=1578) to work on /home/airflow/.local/lib/python3.8/site-packages/airflow/example_dags/example_latest_only.py
[2024-04-07T14:53:22.842+0000] {processor.py:830} INFO - Processing file /home/airflow/.local/lib/python3.8/site-packages/airflow/example_dags/example_latest_only.py for tasks to queue
[2024-04-07T14:53:22.852+0000] {logging_mixin.py:188} INFO - [2024-04-07T14:53:22.851+0000] {dagbag.py:540} INFO - Filling up the DagBag from /home/airflow/.local/lib/python3.8/site-packages/airflow/example_dags/example_latest_only.py
[2024-04-07T14:53:22.894+0000] {processor.py:840} INFO - DAG(s) 'latest_only' retrieved from /home/airflow/.local/lib/python3.8/site-packages/airflow/example_dags/example_latest_only.py
[2024-04-07T14:53:22.986+0000] {logging_mixin.py:188} INFO - [2024-04-07T14:53:22.985+0000] {dag.py:3047} INFO - Sync 1 DAGs
[2024-04-07T14:53:23.125+0000] {logging_mixin.py:188} INFO - [2024-04-07T14:53:23.124+0000] {dag.py:3834} INFO - Setting next_dagrun for latest_only to 2024-04-07 08:00:00+00:00, run_after=2024-04-07 12:00:00+00:00
[2024-04-07T14:53:23.214+0000] {processor.py:183} INFO - Processing /home/airflow/.local/lib/python3.8/site-packages/airflow/example_dags/example_latest_only.py took 0.394 seconds
[2024-04-07T14:53:53.963+0000] {processor.py:161} INFO - Started process (PID=1635) to work on /home/airflow/.local/lib/python3.8/site-packages/airflow/example_dags/example_latest_only.py
[2024-04-07T14:53:53.965+0000] {processor.py:830} INFO - Processing file /home/airflow/.local/lib/python3.8/site-packages/airflow/example_dags/example_latest_only.py for tasks to queue
[2024-04-07T14:53:53.969+0000] {logging_mixin.py:188} INFO - [2024-04-07T14:53:53.968+0000] {dagbag.py:540} INFO - Filling up the DagBag from /home/airflow/.local/lib/python3.8/site-packages/airflow/example_dags/example_latest_only.py
[2024-04-07T14:53:53.981+0000] {processor.py:840} INFO - DAG(s) 'latest_only' retrieved from /home/airflow/.local/lib/python3.8/site-packages/airflow/example_dags/example_latest_only.py
[2024-04-07T14:53:54.041+0000] {logging_mixin.py:188} INFO - [2024-04-07T14:53:54.041+0000] {dag.py:3047} INFO - Sync 1 DAGs
[2024-04-07T14:53:54.130+0000] {logging_mixin.py:188} INFO - [2024-04-07T14:53:54.129+0000] {dag.py:3834} INFO - Setting next_dagrun for latest_only to 2024-04-07 08:00:00+00:00, run_after=2024-04-07 12:00:00+00:00
[2024-04-07T14:53:54.209+0000] {processor.py:183} INFO - Processing /home/airflow/.local/lib/python3.8/site-packages/airflow/example_dags/example_latest_only.py took 0.254 seconds
[2024-04-07T14:54:24.689+0000] {processor.py:161} INFO - Started process (PID=1692) to work on /home/airflow/.local/lib/python3.8/site-packages/airflow/example_dags/example_latest_only.py
[2024-04-07T14:54:24.691+0000] {processor.py:830} INFO - Processing file /home/airflow/.local/lib/python3.8/site-packages/airflow/example_dags/example_latest_only.py for tasks to queue
[2024-04-07T14:54:24.696+0000] {logging_mixin.py:188} INFO - [2024-04-07T14:54:24.695+0000] {dagbag.py:540} INFO - Filling up the DagBag from /home/airflow/.local/lib/python3.8/site-packages/airflow/example_dags/example_latest_only.py
[2024-04-07T14:54:24.708+0000] {processor.py:840} INFO - DAG(s) 'latest_only' retrieved from /home/airflow/.local/lib/python3.8/site-packages/airflow/example_dags/example_latest_only.py
[2024-04-07T14:54:24.766+0000] {logging_mixin.py:188} INFO - [2024-04-07T14:54:24.766+0000] {dag.py:3047} INFO - Sync 1 DAGs
[2024-04-07T14:54:24.836+0000] {logging_mixin.py:188} INFO - [2024-04-07T14:54:24.836+0000] {dag.py:3834} INFO - Setting next_dagrun for latest_only to 2024-04-07 08:00:00+00:00, run_after=2024-04-07 12:00:00+00:00
[2024-04-07T14:54:24.897+0000] {processor.py:183} INFO - Processing /home/airflow/.local/lib/python3.8/site-packages/airflow/example_dags/example_latest_only.py took 0.214 seconds
[2024-04-07T14:54:55.684+0000] {processor.py:161} INFO - Started process (PID=1749) to work on /home/airflow/.local/lib/python3.8/site-packages/airflow/example_dags/example_latest_only.py
[2024-04-07T14:54:55.688+0000] {processor.py:830} INFO - Processing file /home/airflow/.local/lib/python3.8/site-packages/airflow/example_dags/example_latest_only.py for tasks to queue
[2024-04-07T14:54:55.692+0000] {logging_mixin.py:188} INFO - [2024-04-07T14:54:55.691+0000] {dagbag.py:540} INFO - Filling up the DagBag from /home/airflow/.local/lib/python3.8/site-packages/airflow/example_dags/example_latest_only.py
[2024-04-07T14:54:55.705+0000] {processor.py:840} INFO - DAG(s) 'latest_only' retrieved from /home/airflow/.local/lib/python3.8/site-packages/airflow/example_dags/example_latest_only.py
[2024-04-07T14:54:55.761+0000] {logging_mixin.py:188} INFO - [2024-04-07T14:54:55.760+0000] {dag.py:3047} INFO - Sync 1 DAGs
[2024-04-07T14:54:55.812+0000] {logging_mixin.py:188} INFO - [2024-04-07T14:54:55.811+0000] {dag.py:3834} INFO - Setting next_dagrun for latest_only to 2024-04-07 08:00:00+00:00, run_after=2024-04-07 12:00:00+00:00
[2024-04-07T14:54:55.853+0000] {processor.py:183} INFO - Processing /home/airflow/.local/lib/python3.8/site-packages/airflow/example_dags/example_latest_only.py took 0.183 seconds
[2024-04-07T14:55:26.253+0000] {processor.py:161} INFO - Started process (PID=1803) to work on /home/airflow/.local/lib/python3.8/site-packages/airflow/example_dags/example_latest_only.py
[2024-04-07T14:55:26.270+0000] {processor.py:830} INFO - Processing file /home/airflow/.local/lib/python3.8/site-packages/airflow/example_dags/example_latest_only.py for tasks to queue
[2024-04-07T14:55:26.288+0000] {logging_mixin.py:188} INFO - [2024-04-07T14:55:26.287+0000] {dagbag.py:540} INFO - Filling up the DagBag from /home/airflow/.local/lib/python3.8/site-packages/airflow/example_dags/example_latest_only.py
[2024-04-07T14:55:26.331+0000] {processor.py:840} INFO - DAG(s) 'latest_only' retrieved from /home/airflow/.local/lib/python3.8/site-packages/airflow/example_dags/example_latest_only.py
[2024-04-07T14:55:26.447+0000] {logging_mixin.py:188} INFO - [2024-04-07T14:55:26.446+0000] {dag.py:3047} INFO - Sync 1 DAGs
[2024-04-07T14:55:26.526+0000] {logging_mixin.py:188} INFO - [2024-04-07T14:55:26.525+0000] {dag.py:3834} INFO - Setting next_dagrun for latest_only to 2024-04-07 08:00:00+00:00, run_after=2024-04-07 12:00:00+00:00
[2024-04-07T14:55:26.622+0000] {processor.py:183} INFO - Processing /home/airflow/.local/lib/python3.8/site-packages/airflow/example_dags/example_latest_only.py took 0.379 seconds
[2024-04-07T14:55:57.446+0000] {processor.py:161} INFO - Started process (PID=1860) to work on /home/airflow/.local/lib/python3.8/site-packages/airflow/example_dags/example_latest_only.py
[2024-04-07T14:55:57.449+0000] {processor.py:830} INFO - Processing file /home/airflow/.local/lib/python3.8/site-packages/airflow/example_dags/example_latest_only.py for tasks to queue
[2024-04-07T14:55:57.452+0000] {logging_mixin.py:188} INFO - [2024-04-07T14:55:57.451+0000] {dagbag.py:540} INFO - Filling up the DagBag from /home/airflow/.local/lib/python3.8/site-packages/airflow/example_dags/example_latest_only.py
[2024-04-07T14:55:57.460+0000] {processor.py:840} INFO - DAG(s) 'latest_only' retrieved from /home/airflow/.local/lib/python3.8/site-packages/airflow/example_dags/example_latest_only.py
[2024-04-07T14:55:57.493+0000] {logging_mixin.py:188} INFO - [2024-04-07T14:55:57.493+0000] {dag.py:3047} INFO - Sync 1 DAGs
[2024-04-07T14:55:57.532+0000] {logging_mixin.py:188} INFO - [2024-04-07T14:55:57.531+0000] {dag.py:3834} INFO - Setting next_dagrun for latest_only to 2024-04-07 08:00:00+00:00, run_after=2024-04-07 12:00:00+00:00
[2024-04-07T14:55:57.567+0000] {processor.py:183} INFO - Processing /home/airflow/.local/lib/python3.8/site-packages/airflow/example_dags/example_latest_only.py took 0.127 seconds
[2024-04-07T14:56:27.821+0000] {processor.py:161} INFO - Started process (PID=1918) to work on /home/airflow/.local/lib/python3.8/site-packages/airflow/example_dags/example_latest_only.py
[2024-04-07T14:56:27.823+0000] {processor.py:830} INFO - Processing file /home/airflow/.local/lib/python3.8/site-packages/airflow/example_dags/example_latest_only.py for tasks to queue
[2024-04-07T14:56:27.826+0000] {logging_mixin.py:188} INFO - [2024-04-07T14:56:27.825+0000] {dagbag.py:540} INFO - Filling up the DagBag from /home/airflow/.local/lib/python3.8/site-packages/airflow/example_dags/example_latest_only.py
[2024-04-07T14:56:27.833+0000] {processor.py:840} INFO - DAG(s) 'latest_only' retrieved from /home/airflow/.local/lib/python3.8/site-packages/airflow/example_dags/example_latest_only.py
[2024-04-07T14:56:27.867+0000] {logging_mixin.py:188} INFO - [2024-04-07T14:56:27.867+0000] {dag.py:3047} INFO - Sync 1 DAGs
[2024-04-07T14:56:27.911+0000] {logging_mixin.py:188} INFO - [2024-04-07T14:56:27.910+0000] {dag.py:3834} INFO - Setting next_dagrun for latest_only to 2024-04-07 08:00:00+00:00, run_after=2024-04-07 12:00:00+00:00
[2024-04-07T14:56:27.982+0000] {processor.py:183} INFO - Processing /home/airflow/.local/lib/python3.8/site-packages/airflow/example_dags/example_latest_only.py took 0.167 seconds
[2024-04-07T14:56:58.225+0000] {processor.py:161} INFO - Started process (PID=1974) to work on /home/airflow/.local/lib/python3.8/site-packages/airflow/example_dags/example_latest_only.py
[2024-04-07T14:56:58.227+0000] {processor.py:830} INFO - Processing file /home/airflow/.local/lib/python3.8/site-packages/airflow/example_dags/example_latest_only.py for tasks to queue
[2024-04-07T14:56:58.231+0000] {logging_mixin.py:188} INFO - [2024-04-07T14:56:58.230+0000] {dagbag.py:540} INFO - Filling up the DagBag from /home/airflow/.local/lib/python3.8/site-packages/airflow/example_dags/example_latest_only.py
[2024-04-07T14:56:58.241+0000] {processor.py:840} INFO - DAG(s) 'latest_only' retrieved from /home/airflow/.local/lib/python3.8/site-packages/airflow/example_dags/example_latest_only.py
[2024-04-07T14:56:58.273+0000] {logging_mixin.py:188} INFO - [2024-04-07T14:56:58.273+0000] {dag.py:3047} INFO - Sync 1 DAGs
[2024-04-07T14:56:58.311+0000] {logging_mixin.py:188} INFO - [2024-04-07T14:56:58.310+0000] {dag.py:3834} INFO - Setting next_dagrun for latest_only to 2024-04-07 08:00:00+00:00, run_after=2024-04-07 12:00:00+00:00
[2024-04-07T14:56:58.360+0000] {processor.py:183} INFO - Processing /home/airflow/.local/lib/python3.8/site-packages/airflow/example_dags/example_latest_only.py took 0.141 seconds
[2024-04-07T14:57:28.649+0000] {processor.py:161} INFO - Started process (PID=2031) to work on /home/airflow/.local/lib/python3.8/site-packages/airflow/example_dags/example_latest_only.py
[2024-04-07T14:57:28.653+0000] {processor.py:830} INFO - Processing file /home/airflow/.local/lib/python3.8/site-packages/airflow/example_dags/example_latest_only.py for tasks to queue
[2024-04-07T14:57:28.658+0000] {logging_mixin.py:188} INFO - [2024-04-07T14:57:28.657+0000] {dagbag.py:540} INFO - Filling up the DagBag from /home/airflow/.local/lib/python3.8/site-packages/airflow/example_dags/example_latest_only.py
[2024-04-07T14:57:28.674+0000] {processor.py:840} INFO - DAG(s) 'latest_only' retrieved from /home/airflow/.local/lib/python3.8/site-packages/airflow/example_dags/example_latest_only.py
[2024-04-07T14:57:28.729+0000] {logging_mixin.py:188} INFO - [2024-04-07T14:57:28.728+0000] {dag.py:3047} INFO - Sync 1 DAGs
[2024-04-07T14:57:28.800+0000] {logging_mixin.py:188} INFO - [2024-04-07T14:57:28.799+0000] {dag.py:3834} INFO - Setting next_dagrun for latest_only to 2024-04-07 08:00:00+00:00, run_after=2024-04-07 12:00:00+00:00
[2024-04-07T14:57:28.838+0000] {processor.py:183} INFO - Processing /home/airflow/.local/lib/python3.8/site-packages/airflow/example_dags/example_latest_only.py took 0.197 seconds
[2024-04-07T14:57:58.924+0000] {processor.py:161} INFO - Started process (PID=2089) to work on /home/airflow/.local/lib/python3.8/site-packages/airflow/example_dags/example_latest_only.py
[2024-04-07T14:57:58.926+0000] {processor.py:830} INFO - Processing file /home/airflow/.local/lib/python3.8/site-packages/airflow/example_dags/example_latest_only.py for tasks to queue
[2024-04-07T14:57:58.929+0000] {logging_mixin.py:188} INFO - [2024-04-07T14:57:58.929+0000] {dagbag.py:540} INFO - Filling up the DagBag from /home/airflow/.local/lib/python3.8/site-packages/airflow/example_dags/example_latest_only.py
[2024-04-07T14:57:58.936+0000] {processor.py:840} INFO - DAG(s) 'latest_only' retrieved from /home/airflow/.local/lib/python3.8/site-packages/airflow/example_dags/example_latest_only.py
[2024-04-07T14:57:58.975+0000] {logging_mixin.py:188} INFO - [2024-04-07T14:57:58.975+0000] {dag.py:3047} INFO - Sync 1 DAGs
[2024-04-07T14:57:59.022+0000] {logging_mixin.py:188} INFO - [2024-04-07T14:57:59.021+0000] {dag.py:3834} INFO - Setting next_dagrun for latest_only to 2024-04-07 08:00:00+00:00, run_after=2024-04-07 12:00:00+00:00
[2024-04-07T14:57:59.065+0000] {processor.py:183} INFO - Processing /home/airflow/.local/lib/python3.8/site-packages/airflow/example_dags/example_latest_only.py took 0.148 seconds
[2024-04-07T14:58:30.059+0000] {processor.py:161} INFO - Started process (PID=2146) to work on /home/airflow/.local/lib/python3.8/site-packages/airflow/example_dags/example_latest_only.py
[2024-04-07T14:58:30.061+0000] {processor.py:830} INFO - Processing file /home/airflow/.local/lib/python3.8/site-packages/airflow/example_dags/example_latest_only.py for tasks to queue
[2024-04-07T14:58:30.065+0000] {logging_mixin.py:188} INFO - [2024-04-07T14:58:30.064+0000] {dagbag.py:540} INFO - Filling up the DagBag from /home/airflow/.local/lib/python3.8/site-packages/airflow/example_dags/example_latest_only.py
[2024-04-07T14:58:30.082+0000] {processor.py:840} INFO - DAG(s) 'latest_only' retrieved from /home/airflow/.local/lib/python3.8/site-packages/airflow/example_dags/example_latest_only.py
[2024-04-07T14:58:30.120+0000] {logging_mixin.py:188} INFO - [2024-04-07T14:58:30.119+0000] {dag.py:3047} INFO - Sync 1 DAGs
[2024-04-07T14:58:30.161+0000] {logging_mixin.py:188} INFO - [2024-04-07T14:58:30.160+0000] {dag.py:3834} INFO - Setting next_dagrun for latest_only to 2024-04-07 08:00:00+00:00, run_after=2024-04-07 12:00:00+00:00
[2024-04-07T14:58:30.194+0000] {processor.py:183} INFO - Processing /home/airflow/.local/lib/python3.8/site-packages/airflow/example_dags/example_latest_only.py took 0.141 seconds
[2024-04-07T14:59:00.600+0000] {processor.py:161} INFO - Started process (PID=2203) to work on /home/airflow/.local/lib/python3.8/site-packages/airflow/example_dags/example_latest_only.py
[2024-04-07T14:59:00.606+0000] {processor.py:830} INFO - Processing file /home/airflow/.local/lib/python3.8/site-packages/airflow/example_dags/example_latest_only.py for tasks to queue
[2024-04-07T14:59:00.624+0000] {logging_mixin.py:188} INFO - [2024-04-07T14:59:00.623+0000] {dagbag.py:540} INFO - Filling up the DagBag from /home/airflow/.local/lib/python3.8/site-packages/airflow/example_dags/example_latest_only.py
[2024-04-07T14:59:00.679+0000] {processor.py:840} INFO - DAG(s) 'latest_only' retrieved from /home/airflow/.local/lib/python3.8/site-packages/airflow/example_dags/example_latest_only.py
[2024-04-07T14:59:00.757+0000] {logging_mixin.py:188} INFO - [2024-04-07T14:59:00.752+0000] {dag.py:3047} INFO - Sync 1 DAGs
[2024-04-07T14:59:00.845+0000] {logging_mixin.py:188} INFO - [2024-04-07T14:59:00.844+0000] {dag.py:3834} INFO - Setting next_dagrun for latest_only to 2024-04-07 08:00:00+00:00, run_after=2024-04-07 12:00:00+00:00
[2024-04-07T14:59:00.919+0000] {processor.py:183} INFO - Processing /home/airflow/.local/lib/python3.8/site-packages/airflow/example_dags/example_latest_only.py took 0.333 seconds
[2024-04-07T14:59:31.464+0000] {processor.py:161} INFO - Started process (PID=2260) to work on /home/airflow/.local/lib/python3.8/site-packages/airflow/example_dags/example_latest_only.py
[2024-04-07T14:59:31.466+0000] {processor.py:830} INFO - Processing file /home/airflow/.local/lib/python3.8/site-packages/airflow/example_dags/example_latest_only.py for tasks to queue
[2024-04-07T14:59:31.470+0000] {logging_mixin.py:188} INFO - [2024-04-07T14:59:31.469+0000] {dagbag.py:540} INFO - Filling up the DagBag from /home/airflow/.local/lib/python3.8/site-packages/airflow/example_dags/example_latest_only.py
[2024-04-07T14:59:31.482+0000] {processor.py:840} INFO - DAG(s) 'latest_only' retrieved from /home/airflow/.local/lib/python3.8/site-packages/airflow/example_dags/example_latest_only.py
[2024-04-07T14:59:31.527+0000] {logging_mixin.py:188} INFO - [2024-04-07T14:59:31.526+0000] {dag.py:3047} INFO - Sync 1 DAGs
[2024-04-07T14:59:31.568+0000] {logging_mixin.py:188} INFO - [2024-04-07T14:59:31.567+0000] {dag.py:3834} INFO - Setting next_dagrun for latest_only to 2024-04-07 08:00:00+00:00, run_after=2024-04-07 12:00:00+00:00
[2024-04-07T14:59:31.603+0000] {processor.py:183} INFO - Processing /home/airflow/.local/lib/python3.8/site-packages/airflow/example_dags/example_latest_only.py took 0.149 seconds
[2024-04-07T15:00:03.463+0000] {processor.py:161} INFO - Started process (PID=2317) to work on /home/airflow/.local/lib/python3.8/site-packages/airflow/example_dags/example_latest_only.py
[2024-04-07T15:00:03.494+0000] {processor.py:830} INFO - Processing file /home/airflow/.local/lib/python3.8/site-packages/airflow/example_dags/example_latest_only.py for tasks to queue
[2024-04-07T15:00:03.522+0000] {logging_mixin.py:188} INFO - [2024-04-07T15:00:03.522+0000] {dagbag.py:540} INFO - Filling up the DagBag from /home/airflow/.local/lib/python3.8/site-packages/airflow/example_dags/example_latest_only.py
[2024-04-07T15:00:03.567+0000] {processor.py:840} INFO - DAG(s) 'latest_only' retrieved from /home/airflow/.local/lib/python3.8/site-packages/airflow/example_dags/example_latest_only.py
[2024-04-07T15:00:03.690+0000] {logging_mixin.py:188} INFO - [2024-04-07T15:00:03.689+0000] {dag.py:3047} INFO - Sync 1 DAGs
[2024-04-07T15:00:03.918+0000] {logging_mixin.py:188} INFO - [2024-04-07T15:00:03.908+0000] {dag.py:3834} INFO - Setting next_dagrun for latest_only to 2024-04-07 08:00:00+00:00, run_after=2024-04-07 12:00:00+00:00
[2024-04-07T15:00:04.153+0000] {processor.py:183} INFO - Processing /home/airflow/.local/lib/python3.8/site-packages/airflow/example_dags/example_latest_only.py took 0.698 seconds
[2024-04-07T15:00:34.404+0000] {processor.py:161} INFO - Started process (PID=2380) to work on /home/airflow/.local/lib/python3.8/site-packages/airflow/example_dags/example_latest_only.py
[2024-04-07T15:00:34.407+0000] {processor.py:830} INFO - Processing file /home/airflow/.local/lib/python3.8/site-packages/airflow/example_dags/example_latest_only.py for tasks to queue
[2024-04-07T15:00:34.415+0000] {logging_mixin.py:188} INFO - [2024-04-07T15:00:34.415+0000] {dagbag.py:540} INFO - Filling up the DagBag from /home/airflow/.local/lib/python3.8/site-packages/airflow/example_dags/example_latest_only.py
[2024-04-07T15:00:34.424+0000] {processor.py:840} INFO - DAG(s) 'latest_only' retrieved from /home/airflow/.local/lib/python3.8/site-packages/airflow/example_dags/example_latest_only.py
[2024-04-07T15:00:34.477+0000] {logging_mixin.py:188} INFO - [2024-04-07T15:00:34.476+0000] {dag.py:3047} INFO - Sync 1 DAGs
[2024-04-07T15:00:34.538+0000] {logging_mixin.py:188} INFO - [2024-04-07T15:00:34.537+0000] {dag.py:3834} INFO - Setting next_dagrun for latest_only to 2024-04-07 08:00:00+00:00, run_after=2024-04-07 12:00:00+00:00
[2024-04-07T15:00:34.589+0000] {processor.py:183} INFO - Processing /home/airflow/.local/lib/python3.8/site-packages/airflow/example_dags/example_latest_only.py took 0.191 seconds
[2024-04-07T15:01:04.888+0000] {processor.py:161} INFO - Started process (PID=2437) to work on /home/airflow/.local/lib/python3.8/site-packages/airflow/example_dags/example_latest_only.py
[2024-04-07T15:01:04.894+0000] {processor.py:830} INFO - Processing file /home/airflow/.local/lib/python3.8/site-packages/airflow/example_dags/example_latest_only.py for tasks to queue
[2024-04-07T15:01:04.906+0000] {logging_mixin.py:188} INFO - [2024-04-07T15:01:04.905+0000] {dagbag.py:540} INFO - Filling up the DagBag from /home/airflow/.local/lib/python3.8/site-packages/airflow/example_dags/example_latest_only.py
[2024-04-07T15:01:04.924+0000] {processor.py:840} INFO - DAG(s) 'latest_only' retrieved from /home/airflow/.local/lib/python3.8/site-packages/airflow/example_dags/example_latest_only.py
[2024-04-07T15:01:05.024+0000] {logging_mixin.py:188} INFO - [2024-04-07T15:01:05.024+0000] {dag.py:3047} INFO - Sync 1 DAGs
[2024-04-07T15:01:05.099+0000] {logging_mixin.py:188} INFO - [2024-04-07T15:01:05.098+0000] {dag.py:3834} INFO - Setting next_dagrun for latest_only to 2024-04-07 08:00:00+00:00, run_after=2024-04-07 12:00:00+00:00
[2024-04-07T15:01:05.148+0000] {processor.py:183} INFO - Processing /home/airflow/.local/lib/python3.8/site-packages/airflow/example_dags/example_latest_only.py took 0.268 seconds
[2024-04-07T15:01:35.337+0000] {processor.py:161} INFO - Started process (PID=2494) to work on /home/airflow/.local/lib/python3.8/site-packages/airflow/example_dags/example_latest_only.py
[2024-04-07T15:01:35.339+0000] {processor.py:830} INFO - Processing file /home/airflow/.local/lib/python3.8/site-packages/airflow/example_dags/example_latest_only.py for tasks to queue
[2024-04-07T15:01:35.342+0000] {logging_mixin.py:188} INFO - [2024-04-07T15:01:35.342+0000] {dagbag.py:540} INFO - Filling up the DagBag from /home/airflow/.local/lib/python3.8/site-packages/airflow/example_dags/example_latest_only.py
[2024-04-07T15:01:35.353+0000] {processor.py:840} INFO - DAG(s) 'latest_only' retrieved from /home/airflow/.local/lib/python3.8/site-packages/airflow/example_dags/example_latest_only.py
[2024-04-07T15:01:35.388+0000] {logging_mixin.py:188} INFO - [2024-04-07T15:01:35.388+0000] {dag.py:3047} INFO - Sync 1 DAGs
[2024-04-07T15:01:35.428+0000] {logging_mixin.py:188} INFO - [2024-04-07T15:01:35.427+0000] {dag.py:3834} INFO - Setting next_dagrun for latest_only to 2024-04-07 08:00:00+00:00, run_after=2024-04-07 12:00:00+00:00
[2024-04-07T15:01:35.471+0000] {processor.py:183} INFO - Processing /home/airflow/.local/lib/python3.8/site-packages/airflow/example_dags/example_latest_only.py took 0.143 seconds
[2024-04-07T15:02:05.950+0000] {processor.py:161} INFO - Started process (PID=2551) to work on /home/airflow/.local/lib/python3.8/site-packages/airflow/example_dags/example_latest_only.py
[2024-04-07T15:02:05.958+0000] {processor.py:830} INFO - Processing file /home/airflow/.local/lib/python3.8/site-packages/airflow/example_dags/example_latest_only.py for tasks to queue
[2024-04-07T15:02:05.965+0000] {logging_mixin.py:188} INFO - [2024-04-07T15:02:05.963+0000] {dagbag.py:540} INFO - Filling up the DagBag from /home/airflow/.local/lib/python3.8/site-packages/airflow/example_dags/example_latest_only.py
[2024-04-07T15:02:05.981+0000] {processor.py:840} INFO - DAG(s) 'latest_only' retrieved from /home/airflow/.local/lib/python3.8/site-packages/airflow/example_dags/example_latest_only.py
[2024-04-07T15:02:06.050+0000] {logging_mixin.py:188} INFO - [2024-04-07T15:02:06.049+0000] {dag.py:3047} INFO - Sync 1 DAGs
[2024-04-07T15:02:06.132+0000] {logging_mixin.py:188} INFO - [2024-04-07T15:02:06.132+0000] {dag.py:3834} INFO - Setting next_dagrun for latest_only to 2024-04-07 08:00:00+00:00, run_after=2024-04-07 12:00:00+00:00
[2024-04-07T15:02:06.173+0000] {processor.py:183} INFO - Processing /home/airflow/.local/lib/python3.8/site-packages/airflow/example_dags/example_latest_only.py took 0.229 seconds
[2024-04-07T15:02:36.372+0000] {processor.py:161} INFO - Started process (PID=2608) to work on /home/airflow/.local/lib/python3.8/site-packages/airflow/example_dags/example_latest_only.py
[2024-04-07T15:02:36.374+0000] {processor.py:830} INFO - Processing file /home/airflow/.local/lib/python3.8/site-packages/airflow/example_dags/example_latest_only.py for tasks to queue
[2024-04-07T15:02:36.378+0000] {logging_mixin.py:188} INFO - [2024-04-07T15:02:36.377+0000] {dagbag.py:540} INFO - Filling up the DagBag from /home/airflow/.local/lib/python3.8/site-packages/airflow/example_dags/example_latest_only.py
[2024-04-07T15:02:36.387+0000] {processor.py:840} INFO - DAG(s) 'latest_only' retrieved from /home/airflow/.local/lib/python3.8/site-packages/airflow/example_dags/example_latest_only.py
[2024-04-07T15:02:36.421+0000] {logging_mixin.py:188} INFO - [2024-04-07T15:02:36.420+0000] {dag.py:3047} INFO - Sync 1 DAGs
[2024-04-07T15:02:36.456+0000] {logging_mixin.py:188} INFO - [2024-04-07T15:02:36.456+0000] {dag.py:3834} INFO - Setting next_dagrun for latest_only to 2024-04-07 08:00:00+00:00, run_after=2024-04-07 12:00:00+00:00
[2024-04-07T15:02:36.585+0000] {processor.py:183} INFO - Processing /home/airflow/.local/lib/python3.8/site-packages/airflow/example_dags/example_latest_only.py took 0.219 seconds
[2024-04-07T15:03:06.889+0000] {processor.py:161} INFO - Started process (PID=2665) to work on /home/airflow/.local/lib/python3.8/site-packages/airflow/example_dags/example_latest_only.py
[2024-04-07T15:03:06.891+0000] {processor.py:830} INFO - Processing file /home/airflow/.local/lib/python3.8/site-packages/airflow/example_dags/example_latest_only.py for tasks to queue
[2024-04-07T15:03:06.894+0000] {logging_mixin.py:188} INFO - [2024-04-07T15:03:06.894+0000] {dagbag.py:540} INFO - Filling up the DagBag from /home/airflow/.local/lib/python3.8/site-packages/airflow/example_dags/example_latest_only.py
[2024-04-07T15:03:06.901+0000] {processor.py:840} INFO - DAG(s) 'latest_only' retrieved from /home/airflow/.local/lib/python3.8/site-packages/airflow/example_dags/example_latest_only.py
[2024-04-07T15:03:06.929+0000] {logging_mixin.py:188} INFO - [2024-04-07T15:03:06.929+0000] {dag.py:3047} INFO - Sync 1 DAGs
[2024-04-07T15:03:06.962+0000] {logging_mixin.py:188} INFO - [2024-04-07T15:03:06.962+0000] {dag.py:3834} INFO - Setting next_dagrun for latest_only to 2024-04-07 08:00:00+00:00, run_after=2024-04-07 12:00:00+00:00
[2024-04-07T15:03:06.995+0000] {processor.py:183} INFO - Processing /home/airflow/.local/lib/python3.8/site-packages/airflow/example_dags/example_latest_only.py took 0.110 seconds
[2024-04-07T15:03:37.794+0000] {processor.py:161} INFO - Started process (PID=2722) to work on /home/airflow/.local/lib/python3.8/site-packages/airflow/example_dags/example_latest_only.py
[2024-04-07T15:03:37.798+0000] {processor.py:830} INFO - Processing file /home/airflow/.local/lib/python3.8/site-packages/airflow/example_dags/example_latest_only.py for tasks to queue
[2024-04-07T15:03:37.802+0000] {logging_mixin.py:188} INFO - [2024-04-07T15:03:37.802+0000] {dagbag.py:540} INFO - Filling up the DagBag from /home/airflow/.local/lib/python3.8/site-packages/airflow/example_dags/example_latest_only.py
[2024-04-07T15:03:37.812+0000] {processor.py:840} INFO - DAG(s) 'latest_only' retrieved from /home/airflow/.local/lib/python3.8/site-packages/airflow/example_dags/example_latest_only.py
[2024-04-07T15:03:37.843+0000] {logging_mixin.py:188} INFO - [2024-04-07T15:03:37.843+0000] {dag.py:3047} INFO - Sync 1 DAGs
[2024-04-07T15:03:37.890+0000] {logging_mixin.py:188} INFO - [2024-04-07T15:03:37.890+0000] {dag.py:3834} INFO - Setting next_dagrun for latest_only to 2024-04-07 08:00:00+00:00, run_after=2024-04-07 12:00:00+00:00
[2024-04-07T15:03:37.982+0000] {processor.py:183} INFO - Processing /home/airflow/.local/lib/python3.8/site-packages/airflow/example_dags/example_latest_only.py took 0.195 seconds
[2024-04-07T15:04:08.115+0000] {processor.py:161} INFO - Started process (PID=2779) to work on /home/airflow/.local/lib/python3.8/site-packages/airflow/example_dags/example_latest_only.py
[2024-04-07T15:04:08.117+0000] {processor.py:830} INFO - Processing file /home/airflow/.local/lib/python3.8/site-packages/airflow/example_dags/example_latest_only.py for tasks to queue
[2024-04-07T15:04:08.121+0000] {logging_mixin.py:188} INFO - [2024-04-07T15:04:08.120+0000] {dagbag.py:540} INFO - Filling up the DagBag from /home/airflow/.local/lib/python3.8/site-packages/airflow/example_dags/example_latest_only.py
[2024-04-07T15:04:08.130+0000] {processor.py:840} INFO - DAG(s) 'latest_only' retrieved from /home/airflow/.local/lib/python3.8/site-packages/airflow/example_dags/example_latest_only.py
[2024-04-07T15:04:08.160+0000] {logging_mixin.py:188} INFO - [2024-04-07T15:04:08.160+0000] {dag.py:3047} INFO - Sync 1 DAGs
[2024-04-07T15:04:08.192+0000] {logging_mixin.py:188} INFO - [2024-04-07T15:04:08.191+0000] {dag.py:3834} INFO - Setting next_dagrun for latest_only to 2024-04-07 08:00:00+00:00, run_after=2024-04-07 12:00:00+00:00
[2024-04-07T15:04:08.221+0000] {processor.py:183} INFO - Processing /home/airflow/.local/lib/python3.8/site-packages/airflow/example_dags/example_latest_only.py took 0.112 seconds
[2024-04-07T15:04:38.359+0000] {processor.py:161} INFO - Started process (PID=2836) to work on /home/airflow/.local/lib/python3.8/site-packages/airflow/example_dags/example_latest_only.py
[2024-04-07T15:04:38.361+0000] {processor.py:830} INFO - Processing file /home/airflow/.local/lib/python3.8/site-packages/airflow/example_dags/example_latest_only.py for tasks to queue
[2024-04-07T15:04:38.363+0000] {logging_mixin.py:188} INFO - [2024-04-07T15:04:38.363+0000] {dagbag.py:540} INFO - Filling up the DagBag from /home/airflow/.local/lib/python3.8/site-packages/airflow/example_dags/example_latest_only.py
[2024-04-07T15:04:38.371+0000] {processor.py:840} INFO - DAG(s) 'latest_only' retrieved from /home/airflow/.local/lib/python3.8/site-packages/airflow/example_dags/example_latest_only.py
[2024-04-07T15:04:38.399+0000] {logging_mixin.py:188} INFO - [2024-04-07T15:04:38.398+0000] {dag.py:3047} INFO - Sync 1 DAGs
[2024-04-07T15:04:38.433+0000] {logging_mixin.py:188} INFO - [2024-04-07T15:04:38.433+0000] {dag.py:3834} INFO - Setting next_dagrun for latest_only to 2024-04-07 08:00:00+00:00, run_after=2024-04-07 12:00:00+00:00
[2024-04-07T15:04:38.467+0000] {processor.py:183} INFO - Processing /home/airflow/.local/lib/python3.8/site-packages/airflow/example_dags/example_latest_only.py took 0.113 seconds
[2024-04-07T15:05:08.715+0000] {processor.py:161} INFO - Started process (PID=2893) to work on /home/airflow/.local/lib/python3.8/site-packages/airflow/example_dags/example_latest_only.py
[2024-04-07T15:05:08.717+0000] {processor.py:830} INFO - Processing file /home/airflow/.local/lib/python3.8/site-packages/airflow/example_dags/example_latest_only.py for tasks to queue
[2024-04-07T15:05:08.720+0000] {logging_mixin.py:188} INFO - [2024-04-07T15:05:08.719+0000] {dagbag.py:540} INFO - Filling up the DagBag from /home/airflow/.local/lib/python3.8/site-packages/airflow/example_dags/example_latest_only.py
[2024-04-07T15:05:08.727+0000] {processor.py:840} INFO - DAG(s) 'latest_only' retrieved from /home/airflow/.local/lib/python3.8/site-packages/airflow/example_dags/example_latest_only.py
[2024-04-07T15:05:08.754+0000] {logging_mixin.py:188} INFO - [2024-04-07T15:05:08.754+0000] {dag.py:3047} INFO - Sync 1 DAGs
[2024-04-07T15:05:08.788+0000] {logging_mixin.py:188} INFO - [2024-04-07T15:05:08.787+0000] {dag.py:3834} INFO - Setting next_dagrun for latest_only to 2024-04-07 08:00:00+00:00, run_after=2024-04-07 12:00:00+00:00
[2024-04-07T15:05:08.821+0000] {processor.py:183} INFO - Processing /home/airflow/.local/lib/python3.8/site-packages/airflow/example_dags/example_latest_only.py took 0.110 seconds
[2024-04-07T15:05:39.420+0000] {processor.py:161} INFO - Started process (PID=2950) to work on /home/airflow/.local/lib/python3.8/site-packages/airflow/example_dags/example_latest_only.py
[2024-04-07T15:05:39.422+0000] {processor.py:830} INFO - Processing file /home/airflow/.local/lib/python3.8/site-packages/airflow/example_dags/example_latest_only.py for tasks to queue
[2024-04-07T15:05:39.427+0000] {logging_mixin.py:188} INFO - [2024-04-07T15:05:39.426+0000] {dagbag.py:540} INFO - Filling up the DagBag from /home/airflow/.local/lib/python3.8/site-packages/airflow/example_dags/example_latest_only.py
[2024-04-07T15:05:39.439+0000] {processor.py:840} INFO - DAG(s) 'latest_only' retrieved from /home/airflow/.local/lib/python3.8/site-packages/airflow/example_dags/example_latest_only.py
[2024-04-07T15:05:39.477+0000] {logging_mixin.py:188} INFO - [2024-04-07T15:05:39.476+0000] {dag.py:3047} INFO - Sync 1 DAGs
[2024-04-07T15:05:39.516+0000] {logging_mixin.py:188} INFO - [2024-04-07T15:05:39.516+0000] {dag.py:3834} INFO - Setting next_dagrun for latest_only to 2024-04-07 08:00:00+00:00, run_after=2024-04-07 12:00:00+00:00
[2024-04-07T15:05:39.556+0000] {processor.py:183} INFO - Processing /home/airflow/.local/lib/python3.8/site-packages/airflow/example_dags/example_latest_only.py took 0.141 seconds
[2024-04-07T15:06:10.413+0000] {processor.py:161} INFO - Started process (PID=3007) to work on /home/airflow/.local/lib/python3.8/site-packages/airflow/example_dags/example_latest_only.py
[2024-04-07T15:06:10.415+0000] {processor.py:830} INFO - Processing file /home/airflow/.local/lib/python3.8/site-packages/airflow/example_dags/example_latest_only.py for tasks to queue
[2024-04-07T15:06:10.418+0000] {logging_mixin.py:188} INFO - [2024-04-07T15:06:10.417+0000] {dagbag.py:540} INFO - Filling up the DagBag from /home/airflow/.local/lib/python3.8/site-packages/airflow/example_dags/example_latest_only.py
[2024-04-07T15:06:10.425+0000] {processor.py:840} INFO - DAG(s) 'latest_only' retrieved from /home/airflow/.local/lib/python3.8/site-packages/airflow/example_dags/example_latest_only.py
[2024-04-07T15:06:10.460+0000] {logging_mixin.py:188} INFO - [2024-04-07T15:06:10.459+0000] {dag.py:3047} INFO - Sync 1 DAGs
[2024-04-07T15:06:10.497+0000] {logging_mixin.py:188} INFO - [2024-04-07T15:06:10.497+0000] {dag.py:3834} INFO - Setting next_dagrun for latest_only to 2024-04-07 08:00:00+00:00, run_after=2024-04-07 12:00:00+00:00
[2024-04-07T15:06:10.531+0000] {processor.py:183} INFO - Processing /home/airflow/.local/lib/python3.8/site-packages/airflow/example_dags/example_latest_only.py took 0.123 seconds
[2024-04-07T15:06:40.865+0000] {processor.py:161} INFO - Started process (PID=3064) to work on /home/airflow/.local/lib/python3.8/site-packages/airflow/example_dags/example_latest_only.py
[2024-04-07T15:06:40.867+0000] {processor.py:830} INFO - Processing file /home/airflow/.local/lib/python3.8/site-packages/airflow/example_dags/example_latest_only.py for tasks to queue
[2024-04-07T15:06:40.870+0000] {logging_mixin.py:188} INFO - [2024-04-07T15:06:40.869+0000] {dagbag.py:540} INFO - Filling up the DagBag from /home/airflow/.local/lib/python3.8/site-packages/airflow/example_dags/example_latest_only.py
[2024-04-07T15:06:40.878+0000] {processor.py:840} INFO - DAG(s) 'latest_only' retrieved from /home/airflow/.local/lib/python3.8/site-packages/airflow/example_dags/example_latest_only.py
[2024-04-07T15:06:40.907+0000] {logging_mixin.py:188} INFO - [2024-04-07T15:06:40.907+0000] {dag.py:3047} INFO - Sync 1 DAGs
[2024-04-07T15:06:40.942+0000] {logging_mixin.py:188} INFO - [2024-04-07T15:06:40.942+0000] {dag.py:3834} INFO - Setting next_dagrun for latest_only to 2024-04-07 08:00:00+00:00, run_after=2024-04-07 12:00:00+00:00
[2024-04-07T15:06:40.982+0000] {processor.py:183} INFO - Processing /home/airflow/.local/lib/python3.8/site-packages/airflow/example_dags/example_latest_only.py took 0.122 seconds
[2024-04-07T15:07:11.156+0000] {processor.py:161} INFO - Started process (PID=3121) to work on /home/airflow/.local/lib/python3.8/site-packages/airflow/example_dags/example_latest_only.py
[2024-04-07T15:07:11.158+0000] {processor.py:830} INFO - Processing file /home/airflow/.local/lib/python3.8/site-packages/airflow/example_dags/example_latest_only.py for tasks to queue
[2024-04-07T15:07:11.161+0000] {logging_mixin.py:188} INFO - [2024-04-07T15:07:11.161+0000] {dagbag.py:540} INFO - Filling up the DagBag from /home/airflow/.local/lib/python3.8/site-packages/airflow/example_dags/example_latest_only.py
[2024-04-07T15:07:11.173+0000] {processor.py:840} INFO - DAG(s) 'latest_only' retrieved from /home/airflow/.local/lib/python3.8/site-packages/airflow/example_dags/example_latest_only.py
[2024-04-07T15:07:11.212+0000] {logging_mixin.py:188} INFO - [2024-04-07T15:07:11.212+0000] {dag.py:3047} INFO - Sync 1 DAGs
[2024-04-07T15:07:11.257+0000] {logging_mixin.py:188} INFO - [2024-04-07T15:07:11.257+0000] {dag.py:3834} INFO - Setting next_dagrun for latest_only to 2024-04-07 08:00:00+00:00, run_after=2024-04-07 12:00:00+00:00
[2024-04-07T15:07:11.312+0000] {processor.py:183} INFO - Processing /home/airflow/.local/lib/python3.8/site-packages/airflow/example_dags/example_latest_only.py took 0.162 seconds
[2024-04-07T15:07:41.538+0000] {processor.py:161} INFO - Started process (PID=3178) to work on /home/airflow/.local/lib/python3.8/site-packages/airflow/example_dags/example_latest_only.py
[2024-04-07T15:07:41.540+0000] {processor.py:830} INFO - Processing file /home/airflow/.local/lib/python3.8/site-packages/airflow/example_dags/example_latest_only.py for tasks to queue
[2024-04-07T15:07:41.543+0000] {logging_mixin.py:188} INFO - [2024-04-07T15:07:41.543+0000] {dagbag.py:540} INFO - Filling up the DagBag from /home/airflow/.local/lib/python3.8/site-packages/airflow/example_dags/example_latest_only.py
[2024-04-07T15:07:41.551+0000] {processor.py:840} INFO - DAG(s) 'latest_only' retrieved from /home/airflow/.local/lib/python3.8/site-packages/airflow/example_dags/example_latest_only.py
[2024-04-07T15:07:41.581+0000] {logging_mixin.py:188} INFO - [2024-04-07T15:07:41.580+0000] {dag.py:3047} INFO - Sync 1 DAGs
[2024-04-07T15:07:41.619+0000] {logging_mixin.py:188} INFO - [2024-04-07T15:07:41.618+0000] {dag.py:3834} INFO - Setting next_dagrun for latest_only to 2024-04-07 08:00:00+00:00, run_after=2024-04-07 12:00:00+00:00
[2024-04-07T15:07:41.648+0000] {processor.py:183} INFO - Processing /home/airflow/.local/lib/python3.8/site-packages/airflow/example_dags/example_latest_only.py took 0.115 seconds
[2024-04-07T15:08:12.264+0000] {processor.py:161} INFO - Started process (PID=3235) to work on /home/airflow/.local/lib/python3.8/site-packages/airflow/example_dags/example_latest_only.py
[2024-04-07T15:08:12.266+0000] {processor.py:830} INFO - Processing file /home/airflow/.local/lib/python3.8/site-packages/airflow/example_dags/example_latest_only.py for tasks to queue
[2024-04-07T15:08:12.269+0000] {logging_mixin.py:188} INFO - [2024-04-07T15:08:12.269+0000] {dagbag.py:540} INFO - Filling up the DagBag from /home/airflow/.local/lib/python3.8/site-packages/airflow/example_dags/example_latest_only.py
[2024-04-07T15:08:12.276+0000] {processor.py:840} INFO - DAG(s) 'latest_only' retrieved from /home/airflow/.local/lib/python3.8/site-packages/airflow/example_dags/example_latest_only.py
[2024-04-07T15:08:12.311+0000] {logging_mixin.py:188} INFO - [2024-04-07T15:08:12.311+0000] {dag.py:3047} INFO - Sync 1 DAGs
[2024-04-07T15:08:12.345+0000] {logging_mixin.py:188} INFO - [2024-04-07T15:08:12.344+0000] {dag.py:3834} INFO - Setting next_dagrun for latest_only to 2024-04-07 08:00:00+00:00, run_after=2024-04-07 12:00:00+00:00
[2024-04-07T15:08:12.383+0000] {processor.py:183} INFO - Processing /home/airflow/.local/lib/python3.8/site-packages/airflow/example_dags/example_latest_only.py took 0.124 seconds
[2024-04-07T15:08:42.478+0000] {processor.py:161} INFO - Started process (PID=3292) to work on /home/airflow/.local/lib/python3.8/site-packages/airflow/example_dags/example_latest_only.py
[2024-04-07T15:08:42.481+0000] {processor.py:830} INFO - Processing file /home/airflow/.local/lib/python3.8/site-packages/airflow/example_dags/example_latest_only.py for tasks to queue
[2024-04-07T15:08:42.491+0000] {logging_mixin.py:188} INFO - [2024-04-07T15:08:42.490+0000] {dagbag.py:540} INFO - Filling up the DagBag from /home/airflow/.local/lib/python3.8/site-packages/airflow/example_dags/example_latest_only.py
[2024-04-07T15:08:42.509+0000] {processor.py:840} INFO - DAG(s) 'latest_only' retrieved from /home/airflow/.local/lib/python3.8/site-packages/airflow/example_dags/example_latest_only.py
[2024-04-07T15:08:42.560+0000] {logging_mixin.py:188} INFO - [2024-04-07T15:08:42.559+0000] {dag.py:3047} INFO - Sync 1 DAGs
[2024-04-07T15:08:42.608+0000] {logging_mixin.py:188} INFO - [2024-04-07T15:08:42.608+0000] {dag.py:3834} INFO - Setting next_dagrun for latest_only to 2024-04-07 08:00:00+00:00, run_after=2024-04-07 12:00:00+00:00
[2024-04-07T15:08:42.649+0000] {processor.py:183} INFO - Processing /home/airflow/.local/lib/python3.8/site-packages/airflow/example_dags/example_latest_only.py took 0.177 seconds
[2024-04-07T15:09:42.071+0000] {processor.py:161} INFO - Started process (PID=3371) to work on /home/airflow/.local/lib/python3.8/site-packages/airflow/example_dags/example_latest_only.py
[2024-04-07T15:09:42.074+0000] {processor.py:830} INFO - Processing file /home/airflow/.local/lib/python3.8/site-packages/airflow/example_dags/example_latest_only.py for tasks to queue
[2024-04-07T15:09:42.082+0000] {logging_mixin.py:188} INFO - [2024-04-07T15:09:42.081+0000] {dagbag.py:540} INFO - Filling up the DagBag from /home/airflow/.local/lib/python3.8/site-packages/airflow/example_dags/example_latest_only.py
[2024-04-07T15:09:42.102+0000] {processor.py:840} INFO - DAG(s) 'latest_only' retrieved from /home/airflow/.local/lib/python3.8/site-packages/airflow/example_dags/example_latest_only.py
[2024-04-07T15:09:42.179+0000] {logging_mixin.py:188} INFO - [2024-04-07T15:09:42.178+0000] {dag.py:3047} INFO - Sync 1 DAGs
[2024-04-07T15:09:42.299+0000] {logging_mixin.py:188} INFO - [2024-04-07T15:09:42.298+0000] {dag.py:3834} INFO - Setting next_dagrun for latest_only to 2024-04-07 08:00:00+00:00, run_after=2024-04-07 12:00:00+00:00
[2024-04-07T15:09:42.396+0000] {processor.py:183} INFO - Processing /home/airflow/.local/lib/python3.8/site-packages/airflow/example_dags/example_latest_only.py took 0.333 seconds
[2024-04-07T15:10:13.419+0000] {processor.py:161} INFO - Started process (PID=3428) to work on /home/airflow/.local/lib/python3.8/site-packages/airflow/example_dags/example_latest_only.py
[2024-04-07T15:10:13.427+0000] {processor.py:830} INFO - Processing file /home/airflow/.local/lib/python3.8/site-packages/airflow/example_dags/example_latest_only.py for tasks to queue
[2024-04-07T15:10:13.431+0000] {logging_mixin.py:188} INFO - [2024-04-07T15:10:13.430+0000] {dagbag.py:540} INFO - Filling up the DagBag from /home/airflow/.local/lib/python3.8/site-packages/airflow/example_dags/example_latest_only.py
[2024-04-07T15:10:13.447+0000] {processor.py:840} INFO - DAG(s) 'latest_only' retrieved from /home/airflow/.local/lib/python3.8/site-packages/airflow/example_dags/example_latest_only.py
[2024-04-07T15:10:13.513+0000] {logging_mixin.py:188} INFO - [2024-04-07T15:10:13.513+0000] {dag.py:3047} INFO - Sync 1 DAGs
[2024-04-07T15:10:13.590+0000] {logging_mixin.py:188} INFO - [2024-04-07T15:10:13.590+0000] {dag.py:3834} INFO - Setting next_dagrun for latest_only to 2024-04-07 08:00:00+00:00, run_after=2024-04-07 12:00:00+00:00
[2024-04-07T15:10:13.665+0000] {processor.py:183} INFO - Processing /home/airflow/.local/lib/python3.8/site-packages/airflow/example_dags/example_latest_only.py took 0.252 seconds
[2024-04-07T15:10:43.946+0000] {processor.py:161} INFO - Started process (PID=3485) to work on /home/airflow/.local/lib/python3.8/site-packages/airflow/example_dags/example_latest_only.py
[2024-04-07T15:10:43.948+0000] {processor.py:830} INFO - Processing file /home/airflow/.local/lib/python3.8/site-packages/airflow/example_dags/example_latest_only.py for tasks to queue
[2024-04-07T15:10:43.951+0000] {logging_mixin.py:188} INFO - [2024-04-07T15:10:43.951+0000] {dagbag.py:540} INFO - Filling up the DagBag from /home/airflow/.local/lib/python3.8/site-packages/airflow/example_dags/example_latest_only.py
[2024-04-07T15:10:43.963+0000] {processor.py:840} INFO - DAG(s) 'latest_only' retrieved from /home/airflow/.local/lib/python3.8/site-packages/airflow/example_dags/example_latest_only.py
[2024-04-07T15:10:44.010+0000] {logging_mixin.py:188} INFO - [2024-04-07T15:10:44.010+0000] {dag.py:3047} INFO - Sync 1 DAGs
[2024-04-07T15:10:44.051+0000] {logging_mixin.py:188} INFO - [2024-04-07T15:10:44.051+0000] {dag.py:3834} INFO - Setting next_dagrun for latest_only to 2024-04-07 08:00:00+00:00, run_after=2024-04-07 12:00:00+00:00
[2024-04-07T15:10:44.428+0000] {processor.py:183} INFO - Processing /home/airflow/.local/lib/python3.8/site-packages/airflow/example_dags/example_latest_only.py took 0.488 seconds
[2024-04-07T15:11:15.329+0000] {processor.py:161} INFO - Started process (PID=3542) to work on /home/airflow/.local/lib/python3.8/site-packages/airflow/example_dags/example_latest_only.py
[2024-04-07T15:11:15.331+0000] {processor.py:830} INFO - Processing file /home/airflow/.local/lib/python3.8/site-packages/airflow/example_dags/example_latest_only.py for tasks to queue
[2024-04-07T15:11:15.334+0000] {logging_mixin.py:188} INFO - [2024-04-07T15:11:15.333+0000] {dagbag.py:540} INFO - Filling up the DagBag from /home/airflow/.local/lib/python3.8/site-packages/airflow/example_dags/example_latest_only.py
[2024-04-07T15:11:15.341+0000] {processor.py:840} INFO - DAG(s) 'latest_only' retrieved from /home/airflow/.local/lib/python3.8/site-packages/airflow/example_dags/example_latest_only.py
[2024-04-07T15:11:15.371+0000] {logging_mixin.py:188} INFO - [2024-04-07T15:11:15.371+0000] {dag.py:3047} INFO - Sync 1 DAGs
[2024-04-07T15:11:15.419+0000] {logging_mixin.py:188} INFO - [2024-04-07T15:11:15.419+0000] {dag.py:3834} INFO - Setting next_dagrun for latest_only to 2024-04-07 08:00:00+00:00, run_after=2024-04-07 12:00:00+00:00
[2024-04-07T15:11:15.462+0000] {processor.py:183} INFO - Processing /home/airflow/.local/lib/python3.8/site-packages/airflow/example_dags/example_latest_only.py took 0.138 seconds
[2024-04-07T15:11:46.039+0000] {processor.py:161} INFO - Started process (PID=3599) to work on /home/airflow/.local/lib/python3.8/site-packages/airflow/example_dags/example_latest_only.py
[2024-04-07T15:11:46.042+0000] {processor.py:830} INFO - Processing file /home/airflow/.local/lib/python3.8/site-packages/airflow/example_dags/example_latest_only.py for tasks to queue
[2024-04-07T15:11:46.045+0000] {logging_mixin.py:188} INFO - [2024-04-07T15:11:46.044+0000] {dagbag.py:540} INFO - Filling up the DagBag from /home/airflow/.local/lib/python3.8/site-packages/airflow/example_dags/example_latest_only.py
[2024-04-07T15:11:46.054+0000] {processor.py:840} INFO - DAG(s) 'latest_only' retrieved from /home/airflow/.local/lib/python3.8/site-packages/airflow/example_dags/example_latest_only.py
[2024-04-07T15:11:46.103+0000] {logging_mixin.py:188} INFO - [2024-04-07T15:11:46.103+0000] {dag.py:3047} INFO - Sync 1 DAGs
[2024-04-07T15:11:46.152+0000] {logging_mixin.py:188} INFO - [2024-04-07T15:11:46.151+0000] {dag.py:3834} INFO - Setting next_dagrun for latest_only to 2024-04-07 08:00:00+00:00, run_after=2024-04-07 12:00:00+00:00
[2024-04-07T15:11:46.191+0000] {processor.py:183} INFO - Processing /home/airflow/.local/lib/python3.8/site-packages/airflow/example_dags/example_latest_only.py took 0.164 seconds
