[2024-04-07T14:39:25.676+0000] {processor.py:161} INFO - Started process (PID=62) to work on /home/airflow/.local/lib/python3.8/site-packages/airflow/example_dags/example_complex.py
[2024-04-07T14:39:25.707+0000] {processor.py:830} INFO - Processing file /home/airflow/.local/lib/python3.8/site-packages/airflow/example_dags/example_complex.py for tasks to queue
[2024-04-07T14:39:25.724+0000] {logging_mixin.py:188} INFO - [2024-04-07T14:39:25.723+0000] {dagbag.py:540} INFO - Filling up the DagBag from /home/airflow/.local/lib/python3.8/site-packages/airflow/example_dags/example_complex.py
[2024-04-07T14:39:25.988+0000] {processor.py:840} INFO - DAG(s) 'example_complex' retrieved from /home/airflow/.local/lib/python3.8/site-packages/airflow/example_dags/example_complex.py
[2024-04-07T14:39:26.417+0000] {logging_mixin.py:188} INFO - [2024-04-07T14:39:26.417+0000] {dag.py:3047} INFO - Sync 1 DAGs
[2024-04-07T14:39:26.556+0000] {logging_mixin.py:188} INFO - [2024-04-07T14:39:26.556+0000] {dag.py:3834} INFO - Setting next_dagrun for example_complex to None, run_after=None
[2024-04-07T14:39:27.297+0000] {processor.py:183} INFO - Processing /home/airflow/.local/lib/python3.8/site-packages/airflow/example_dags/example_complex.py took 1.712 seconds
[2024-04-07T14:39:58.048+0000] {processor.py:161} INFO - Started process (PID=119) to work on /home/airflow/.local/lib/python3.8/site-packages/airflow/example_dags/example_complex.py
[2024-04-07T14:39:58.050+0000] {processor.py:830} INFO - Processing file /home/airflow/.local/lib/python3.8/site-packages/airflow/example_dags/example_complex.py for tasks to queue
[2024-04-07T14:39:58.057+0000] {logging_mixin.py:188} INFO - [2024-04-07T14:39:58.056+0000] {dagbag.py:540} INFO - Filling up the DagBag from /home/airflow/.local/lib/python3.8/site-packages/airflow/example_dags/example_complex.py
[2024-04-07T14:39:58.096+0000] {processor.py:840} INFO - DAG(s) 'example_complex' retrieved from /home/airflow/.local/lib/python3.8/site-packages/airflow/example_dags/example_complex.py
[2024-04-07T14:39:58.192+0000] {logging_mixin.py:188} INFO - [2024-04-07T14:39:58.192+0000] {dag.py:3047} INFO - Sync 1 DAGs
[2024-04-07T14:39:58.218+0000] {logging_mixin.py:188} INFO - [2024-04-07T14:39:58.218+0000] {dag.py:3834} INFO - Setting next_dagrun for example_complex to None, run_after=None
[2024-04-07T14:39:58.291+0000] {processor.py:183} INFO - Processing /home/airflow/.local/lib/python3.8/site-packages/airflow/example_dags/example_complex.py took 0.251 seconds
[2024-04-07T14:40:29.165+0000] {processor.py:161} INFO - Started process (PID=182) to work on /home/airflow/.local/lib/python3.8/site-packages/airflow/example_dags/example_complex.py
[2024-04-07T14:40:29.168+0000] {processor.py:830} INFO - Processing file /home/airflow/.local/lib/python3.8/site-packages/airflow/example_dags/example_complex.py for tasks to queue
[2024-04-07T14:40:29.173+0000] {logging_mixin.py:188} INFO - [2024-04-07T14:40:29.172+0000] {dagbag.py:540} INFO - Filling up the DagBag from /home/airflow/.local/lib/python3.8/site-packages/airflow/example_dags/example_complex.py
[2024-04-07T14:40:29.217+0000] {processor.py:840} INFO - DAG(s) 'example_complex' retrieved from /home/airflow/.local/lib/python3.8/site-packages/airflow/example_dags/example_complex.py
[2024-04-07T14:40:29.398+0000] {logging_mixin.py:188} INFO - [2024-04-07T14:40:29.391+0000] {dag.py:3047} INFO - Sync 1 DAGs
[2024-04-07T14:40:29.434+0000] {logging_mixin.py:188} INFO - [2024-04-07T14:40:29.433+0000] {dag.py:3834} INFO - Setting next_dagrun for example_complex to None, run_after=None
[2024-04-07T14:40:29.585+0000] {processor.py:183} INFO - Processing /home/airflow/.local/lib/python3.8/site-packages/airflow/example_dags/example_complex.py took 0.432 seconds
[2024-04-07T14:40:59.704+0000] {processor.py:161} INFO - Started process (PID=239) to work on /home/airflow/.local/lib/python3.8/site-packages/airflow/example_dags/example_complex.py
[2024-04-07T14:40:59.706+0000] {processor.py:830} INFO - Processing file /home/airflow/.local/lib/python3.8/site-packages/airflow/example_dags/example_complex.py for tasks to queue
[2024-04-07T14:40:59.710+0000] {logging_mixin.py:188} INFO - [2024-04-07T14:40:59.709+0000] {dagbag.py:540} INFO - Filling up the DagBag from /home/airflow/.local/lib/python3.8/site-packages/airflow/example_dags/example_complex.py
[2024-04-07T14:40:59.787+0000] {processor.py:840} INFO - DAG(s) 'example_complex' retrieved from /home/airflow/.local/lib/python3.8/site-packages/airflow/example_dags/example_complex.py
[2024-04-07T14:40:59.908+0000] {logging_mixin.py:188} INFO - [2024-04-07T14:40:59.907+0000] {dag.py:3047} INFO - Sync 1 DAGs
[2024-04-07T14:40:59.954+0000] {logging_mixin.py:188} INFO - [2024-04-07T14:40:59.954+0000] {dag.py:3834} INFO - Setting next_dagrun for example_complex to None, run_after=None
[2024-04-07T14:41:00.144+0000] {processor.py:183} INFO - Processing /home/airflow/.local/lib/python3.8/site-packages/airflow/example_dags/example_complex.py took 0.457 seconds
[2024-04-07T14:41:35.027+0000] {processor.py:161} INFO - Started process (PID=296) to work on /home/airflow/.local/lib/python3.8/site-packages/airflow/example_dags/example_complex.py
[2024-04-07T14:41:35.030+0000] {processor.py:830} INFO - Processing file /home/airflow/.local/lib/python3.8/site-packages/airflow/example_dags/example_complex.py for tasks to queue
[2024-04-07T14:41:35.036+0000] {logging_mixin.py:188} INFO - [2024-04-07T14:41:35.035+0000] {dagbag.py:540} INFO - Filling up the DagBag from /home/airflow/.local/lib/python3.8/site-packages/airflow/example_dags/example_complex.py
[2024-04-07T14:41:35.095+0000] {processor.py:840} INFO - DAG(s) 'example_complex' retrieved from /home/airflow/.local/lib/python3.8/site-packages/airflow/example_dags/example_complex.py
[2024-04-07T14:41:35.211+0000] {logging_mixin.py:188} INFO - [2024-04-07T14:41:35.210+0000] {dag.py:3047} INFO - Sync 1 DAGs
[2024-04-07T14:41:35.247+0000] {logging_mixin.py:188} INFO - [2024-04-07T14:41:35.247+0000] {dag.py:3834} INFO - Setting next_dagrun for example_complex to None, run_after=None
[2024-04-07T14:41:35.339+0000] {processor.py:183} INFO - Processing /home/airflow/.local/lib/python3.8/site-packages/airflow/example_dags/example_complex.py took 0.343 seconds
[2024-04-07T14:42:06.961+0000] {processor.py:161} INFO - Started process (PID=353) to work on /home/airflow/.local/lib/python3.8/site-packages/airflow/example_dags/example_complex.py
[2024-04-07T14:42:06.965+0000] {processor.py:830} INFO - Processing file /home/airflow/.local/lib/python3.8/site-packages/airflow/example_dags/example_complex.py for tasks to queue
[2024-04-07T14:42:06.969+0000] {logging_mixin.py:188} INFO - [2024-04-07T14:42:06.968+0000] {dagbag.py:540} INFO - Filling up the DagBag from /home/airflow/.local/lib/python3.8/site-packages/airflow/example_dags/example_complex.py
[2024-04-07T14:42:07.008+0000] {processor.py:840} INFO - DAG(s) 'example_complex' retrieved from /home/airflow/.local/lib/python3.8/site-packages/airflow/example_dags/example_complex.py
[2024-04-07T14:42:07.103+0000] {logging_mixin.py:188} INFO - [2024-04-07T14:42:07.102+0000] {dag.py:3047} INFO - Sync 1 DAGs
[2024-04-07T14:42:07.138+0000] {logging_mixin.py:188} INFO - [2024-04-07T14:42:07.138+0000] {dag.py:3834} INFO - Setting next_dagrun for example_complex to None, run_after=None
[2024-04-07T14:42:07.227+0000] {processor.py:183} INFO - Processing /home/airflow/.local/lib/python3.8/site-packages/airflow/example_dags/example_complex.py took 0.274 seconds
[2024-04-07T14:42:37.996+0000] {processor.py:161} INFO - Started process (PID=410) to work on /home/airflow/.local/lib/python3.8/site-packages/airflow/example_dags/example_complex.py
[2024-04-07T14:42:37.998+0000] {processor.py:830} INFO - Processing file /home/airflow/.local/lib/python3.8/site-packages/airflow/example_dags/example_complex.py for tasks to queue
[2024-04-07T14:42:38.007+0000] {logging_mixin.py:188} INFO - [2024-04-07T14:42:38.006+0000] {dagbag.py:540} INFO - Filling up the DagBag from /home/airflow/.local/lib/python3.8/site-packages/airflow/example_dags/example_complex.py
[2024-04-07T14:42:38.102+0000] {processor.py:840} INFO - DAG(s) 'example_complex' retrieved from /home/airflow/.local/lib/python3.8/site-packages/airflow/example_dags/example_complex.py
[2024-04-07T14:42:38.494+0000] {logging_mixin.py:188} INFO - [2024-04-07T14:42:38.493+0000] {dag.py:3047} INFO - Sync 1 DAGs
[2024-04-07T14:42:38.641+0000] {logging_mixin.py:188} INFO - [2024-04-07T14:42:38.641+0000] {dag.py:3834} INFO - Setting next_dagrun for example_complex to None, run_after=None
[2024-04-07T14:42:38.900+0000] {processor.py:183} INFO - Processing /home/airflow/.local/lib/python3.8/site-packages/airflow/example_dags/example_complex.py took 0.891 seconds
[2024-04-07T14:43:09.585+0000] {processor.py:161} INFO - Started process (PID=468) to work on /home/airflow/.local/lib/python3.8/site-packages/airflow/example_dags/example_complex.py
[2024-04-07T14:43:09.587+0000] {processor.py:830} INFO - Processing file /home/airflow/.local/lib/python3.8/site-packages/airflow/example_dags/example_complex.py for tasks to queue
[2024-04-07T14:43:09.599+0000] {logging_mixin.py:188} INFO - [2024-04-07T14:43:09.596+0000] {dagbag.py:540} INFO - Filling up the DagBag from /home/airflow/.local/lib/python3.8/site-packages/airflow/example_dags/example_complex.py
[2024-04-07T14:43:09.674+0000] {processor.py:840} INFO - DAG(s) 'example_complex' retrieved from /home/airflow/.local/lib/python3.8/site-packages/airflow/example_dags/example_complex.py
[2024-04-07T14:43:09.831+0000] {logging_mixin.py:188} INFO - [2024-04-07T14:43:09.831+0000] {dag.py:3047} INFO - Sync 1 DAGs
[2024-04-07T14:43:09.865+0000] {logging_mixin.py:188} INFO - [2024-04-07T14:43:09.864+0000] {dag.py:3834} INFO - Setting next_dagrun for example_complex to None, run_after=None
[2024-04-07T14:43:10.240+0000] {processor.py:183} INFO - Processing /home/airflow/.local/lib/python3.8/site-packages/airflow/example_dags/example_complex.py took 0.662 seconds
[2024-04-07T14:43:41.673+0000] {processor.py:161} INFO - Started process (PID=525) to work on /home/airflow/.local/lib/python3.8/site-packages/airflow/example_dags/example_complex.py
[2024-04-07T14:43:41.675+0000] {processor.py:830} INFO - Processing file /home/airflow/.local/lib/python3.8/site-packages/airflow/example_dags/example_complex.py for tasks to queue
[2024-04-07T14:43:41.681+0000] {logging_mixin.py:188} INFO - [2024-04-07T14:43:41.680+0000] {dagbag.py:540} INFO - Filling up the DagBag from /home/airflow/.local/lib/python3.8/site-packages/airflow/example_dags/example_complex.py
[2024-04-07T14:43:41.731+0000] {processor.py:840} INFO - DAG(s) 'example_complex' retrieved from /home/airflow/.local/lib/python3.8/site-packages/airflow/example_dags/example_complex.py
[2024-04-07T14:43:41.861+0000] {logging_mixin.py:188} INFO - [2024-04-07T14:43:41.860+0000] {dag.py:3047} INFO - Sync 1 DAGs
[2024-04-07T14:43:41.897+0000] {logging_mixin.py:188} INFO - [2024-04-07T14:43:41.897+0000] {dag.py:3834} INFO - Setting next_dagrun for example_complex to None, run_after=None
[2024-04-07T14:43:42.054+0000] {processor.py:183} INFO - Processing /home/airflow/.local/lib/python3.8/site-packages/airflow/example_dags/example_complex.py took 0.391 seconds
[2024-04-07T14:44:12.588+0000] {processor.py:161} INFO - Started process (PID=582) to work on /home/airflow/.local/lib/python3.8/site-packages/airflow/example_dags/example_complex.py
[2024-04-07T14:44:12.592+0000] {processor.py:830} INFO - Processing file /home/airflow/.local/lib/python3.8/site-packages/airflow/example_dags/example_complex.py for tasks to queue
[2024-04-07T14:44:12.595+0000] {logging_mixin.py:188} INFO - [2024-04-07T14:44:12.595+0000] {dagbag.py:540} INFO - Filling up the DagBag from /home/airflow/.local/lib/python3.8/site-packages/airflow/example_dags/example_complex.py
[2024-04-07T14:44:12.645+0000] {processor.py:840} INFO - DAG(s) 'example_complex' retrieved from /home/airflow/.local/lib/python3.8/site-packages/airflow/example_dags/example_complex.py
[2024-04-07T14:44:12.796+0000] {logging_mixin.py:188} INFO - [2024-04-07T14:44:12.796+0000] {dag.py:3047} INFO - Sync 1 DAGs
[2024-04-07T14:44:12.828+0000] {logging_mixin.py:188} INFO - [2024-04-07T14:44:12.828+0000] {dag.py:3834} INFO - Setting next_dagrun for example_complex to None, run_after=None
[2024-04-07T14:44:12.884+0000] {processor.py:183} INFO - Processing /home/airflow/.local/lib/python3.8/site-packages/airflow/example_dags/example_complex.py took 0.305 seconds
[2024-04-07T14:44:53.138+0000] {processor.py:161} INFO - Started process (PID=639) to work on /home/airflow/.local/lib/python3.8/site-packages/airflow/example_dags/example_complex.py
[2024-04-07T14:44:53.149+0000] {processor.py:830} INFO - Processing file /home/airflow/.local/lib/python3.8/site-packages/airflow/example_dags/example_complex.py for tasks to queue
[2024-04-07T14:44:53.168+0000] {logging_mixin.py:188} INFO - [2024-04-07T14:44:53.168+0000] {dagbag.py:540} INFO - Filling up the DagBag from /home/airflow/.local/lib/python3.8/site-packages/airflow/example_dags/example_complex.py
[2024-04-07T14:44:53.297+0000] {processor.py:840} INFO - DAG(s) 'example_complex' retrieved from /home/airflow/.local/lib/python3.8/site-packages/airflow/example_dags/example_complex.py
[2024-04-07T14:44:53.743+0000] {logging_mixin.py:188} INFO - [2024-04-07T14:44:53.743+0000] {dag.py:3047} INFO - Sync 1 DAGs
[2024-04-07T14:44:53.890+0000] {logging_mixin.py:188} INFO - [2024-04-07T14:44:53.889+0000] {dag.py:3834} INFO - Setting next_dagrun for example_complex to None, run_after=None
[2024-04-07T14:44:54.045+0000] {processor.py:183} INFO - Processing /home/airflow/.local/lib/python3.8/site-packages/airflow/example_dags/example_complex.py took 0.933 seconds
[2024-04-07T14:45:25.290+0000] {processor.py:161} INFO - Started process (PID=696) to work on /home/airflow/.local/lib/python3.8/site-packages/airflow/example_dags/example_complex.py
[2024-04-07T14:45:25.292+0000] {processor.py:830} INFO - Processing file /home/airflow/.local/lib/python3.8/site-packages/airflow/example_dags/example_complex.py for tasks to queue
[2024-04-07T14:45:25.296+0000] {logging_mixin.py:188} INFO - [2024-04-07T14:45:25.295+0000] {dagbag.py:540} INFO - Filling up the DagBag from /home/airflow/.local/lib/python3.8/site-packages/airflow/example_dags/example_complex.py
[2024-04-07T14:45:25.321+0000] {processor.py:840} INFO - DAG(s) 'example_complex' retrieved from /home/airflow/.local/lib/python3.8/site-packages/airflow/example_dags/example_complex.py
[2024-04-07T14:45:25.390+0000] {logging_mixin.py:188} INFO - [2024-04-07T14:45:25.390+0000] {dag.py:3047} INFO - Sync 1 DAGs
[2024-04-07T14:45:25.415+0000] {logging_mixin.py:188} INFO - [2024-04-07T14:45:25.415+0000] {dag.py:3834} INFO - Setting next_dagrun for example_complex to None, run_after=None
[2024-04-07T14:45:25.457+0000] {processor.py:183} INFO - Processing /home/airflow/.local/lib/python3.8/site-packages/airflow/example_dags/example_complex.py took 0.174 seconds
[2024-04-07T14:45:55.952+0000] {processor.py:161} INFO - Started process (PID=751) to work on /home/airflow/.local/lib/python3.8/site-packages/airflow/example_dags/example_complex.py
[2024-04-07T14:45:55.955+0000] {processor.py:830} INFO - Processing file /home/airflow/.local/lib/python3.8/site-packages/airflow/example_dags/example_complex.py for tasks to queue
[2024-04-07T14:45:55.960+0000] {logging_mixin.py:188} INFO - [2024-04-07T14:45:55.959+0000] {dagbag.py:540} INFO - Filling up the DagBag from /home/airflow/.local/lib/python3.8/site-packages/airflow/example_dags/example_complex.py
[2024-04-07T14:45:55.989+0000] {processor.py:840} INFO - DAG(s) 'example_complex' retrieved from /home/airflow/.local/lib/python3.8/site-packages/airflow/example_dags/example_complex.py
[2024-04-07T14:45:56.085+0000] {logging_mixin.py:188} INFO - [2024-04-07T14:45:56.085+0000] {dag.py:3047} INFO - Sync 1 DAGs
[2024-04-07T14:45:56.118+0000] {logging_mixin.py:188} INFO - [2024-04-07T14:45:56.118+0000] {dag.py:3834} INFO - Setting next_dagrun for example_complex to None, run_after=None
[2024-04-07T14:45:56.339+0000] {processor.py:183} INFO - Processing /home/airflow/.local/lib/python3.8/site-packages/airflow/example_dags/example_complex.py took 0.392 seconds
[2024-04-07T14:46:26.672+0000] {processor.py:161} INFO - Started process (PID=808) to work on /home/airflow/.local/lib/python3.8/site-packages/airflow/example_dags/example_complex.py
[2024-04-07T14:46:26.675+0000] {processor.py:830} INFO - Processing file /home/airflow/.local/lib/python3.8/site-packages/airflow/example_dags/example_complex.py for tasks to queue
[2024-04-07T14:46:26.685+0000] {logging_mixin.py:188} INFO - [2024-04-07T14:46:26.684+0000] {dagbag.py:540} INFO - Filling up the DagBag from /home/airflow/.local/lib/python3.8/site-packages/airflow/example_dags/example_complex.py
[2024-04-07T14:46:26.725+0000] {processor.py:840} INFO - DAG(s) 'example_complex' retrieved from /home/airflow/.local/lib/python3.8/site-packages/airflow/example_dags/example_complex.py
[2024-04-07T14:46:26.907+0000] {logging_mixin.py:188} INFO - [2024-04-07T14:46:26.906+0000] {dag.py:3047} INFO - Sync 1 DAGs
[2024-04-07T14:46:26.984+0000] {logging_mixin.py:188} INFO - [2024-04-07T14:46:26.983+0000] {dag.py:3834} INFO - Setting next_dagrun for example_complex to None, run_after=None
[2024-04-07T14:46:27.035+0000] {processor.py:183} INFO - Processing /home/airflow/.local/lib/python3.8/site-packages/airflow/example_dags/example_complex.py took 0.370 seconds
[2024-04-07T14:46:57.616+0000] {processor.py:161} INFO - Started process (PID=865) to work on /home/airflow/.local/lib/python3.8/site-packages/airflow/example_dags/example_complex.py
[2024-04-07T14:46:57.619+0000] {processor.py:830} INFO - Processing file /home/airflow/.local/lib/python3.8/site-packages/airflow/example_dags/example_complex.py for tasks to queue
[2024-04-07T14:46:57.623+0000] {logging_mixin.py:188} INFO - [2024-04-07T14:46:57.623+0000] {dagbag.py:540} INFO - Filling up the DagBag from /home/airflow/.local/lib/python3.8/site-packages/airflow/example_dags/example_complex.py
[2024-04-07T14:46:57.652+0000] {processor.py:840} INFO - DAG(s) 'example_complex' retrieved from /home/airflow/.local/lib/python3.8/site-packages/airflow/example_dags/example_complex.py
[2024-04-07T14:46:57.728+0000] {logging_mixin.py:188} INFO - [2024-04-07T14:46:57.727+0000] {dag.py:3047} INFO - Sync 1 DAGs
[2024-04-07T14:46:57.762+0000] {logging_mixin.py:188} INFO - [2024-04-07T14:46:57.761+0000] {dag.py:3834} INFO - Setting next_dagrun for example_complex to None, run_after=None
[2024-04-07T14:46:57.804+0000] {processor.py:183} INFO - Processing /home/airflow/.local/lib/python3.8/site-packages/airflow/example_dags/example_complex.py took 0.197 seconds
[2024-04-07T14:47:28.479+0000] {processor.py:161} INFO - Started process (PID=922) to work on /home/airflow/.local/lib/python3.8/site-packages/airflow/example_dags/example_complex.py
[2024-04-07T14:47:28.481+0000] {processor.py:830} INFO - Processing file /home/airflow/.local/lib/python3.8/site-packages/airflow/example_dags/example_complex.py for tasks to queue
[2024-04-07T14:47:28.484+0000] {logging_mixin.py:188} INFO - [2024-04-07T14:47:28.483+0000] {dagbag.py:540} INFO - Filling up the DagBag from /home/airflow/.local/lib/python3.8/site-packages/airflow/example_dags/example_complex.py
[2024-04-07T14:47:28.508+0000] {processor.py:840} INFO - DAG(s) 'example_complex' retrieved from /home/airflow/.local/lib/python3.8/site-packages/airflow/example_dags/example_complex.py
[2024-04-07T14:47:28.597+0000] {logging_mixin.py:188} INFO - [2024-04-07T14:47:28.597+0000] {dag.py:3047} INFO - Sync 1 DAGs
[2024-04-07T14:47:28.625+0000] {logging_mixin.py:188} INFO - [2024-04-07T14:47:28.624+0000] {dag.py:3834} INFO - Setting next_dagrun for example_complex to None, run_after=None
[2024-04-07T14:47:28.770+0000] {processor.py:183} INFO - Processing /home/airflow/.local/lib/python3.8/site-packages/airflow/example_dags/example_complex.py took 0.297 seconds
[2024-04-07T14:47:59.100+0000] {processor.py:161} INFO - Started process (PID=979) to work on /home/airflow/.local/lib/python3.8/site-packages/airflow/example_dags/example_complex.py
[2024-04-07T14:47:59.102+0000] {processor.py:830} INFO - Processing file /home/airflow/.local/lib/python3.8/site-packages/airflow/example_dags/example_complex.py for tasks to queue
[2024-04-07T14:47:59.107+0000] {logging_mixin.py:188} INFO - [2024-04-07T14:47:59.107+0000] {dagbag.py:540} INFO - Filling up the DagBag from /home/airflow/.local/lib/python3.8/site-packages/airflow/example_dags/example_complex.py
[2024-04-07T14:47:59.132+0000] {processor.py:840} INFO - DAG(s) 'example_complex' retrieved from /home/airflow/.local/lib/python3.8/site-packages/airflow/example_dags/example_complex.py
[2024-04-07T14:47:59.192+0000] {logging_mixin.py:188} INFO - [2024-04-07T14:47:59.192+0000] {dag.py:3047} INFO - Sync 1 DAGs
[2024-04-07T14:47:59.214+0000] {logging_mixin.py:188} INFO - [2024-04-07T14:47:59.213+0000] {dag.py:3834} INFO - Setting next_dagrun for example_complex to None, run_after=None
[2024-04-07T14:47:59.254+0000] {processor.py:183} INFO - Processing /home/airflow/.local/lib/python3.8/site-packages/airflow/example_dags/example_complex.py took 0.158 seconds
[2024-04-07T14:48:29.615+0000] {processor.py:161} INFO - Started process (PID=1036) to work on /home/airflow/.local/lib/python3.8/site-packages/airflow/example_dags/example_complex.py
[2024-04-07T14:48:29.617+0000] {processor.py:830} INFO - Processing file /home/airflow/.local/lib/python3.8/site-packages/airflow/example_dags/example_complex.py for tasks to queue
[2024-04-07T14:48:29.622+0000] {logging_mixin.py:188} INFO - [2024-04-07T14:48:29.621+0000] {dagbag.py:540} INFO - Filling up the DagBag from /home/airflow/.local/lib/python3.8/site-packages/airflow/example_dags/example_complex.py
[2024-04-07T14:48:29.662+0000] {processor.py:840} INFO - DAG(s) 'example_complex' retrieved from /home/airflow/.local/lib/python3.8/site-packages/airflow/example_dags/example_complex.py
[2024-04-07T14:48:29.781+0000] {logging_mixin.py:188} INFO - [2024-04-07T14:48:29.780+0000] {dag.py:3047} INFO - Sync 1 DAGs
[2024-04-07T14:48:29.821+0000] {logging_mixin.py:188} INFO - [2024-04-07T14:48:29.821+0000] {dag.py:3834} INFO - Setting next_dagrun for example_complex to None, run_after=None
[2024-04-07T14:48:29.870+0000] {processor.py:183} INFO - Processing /home/airflow/.local/lib/python3.8/site-packages/airflow/example_dags/example_complex.py took 0.265 seconds
[2024-04-07T14:49:00.483+0000] {processor.py:161} INFO - Started process (PID=1093) to work on /home/airflow/.local/lib/python3.8/site-packages/airflow/example_dags/example_complex.py
[2024-04-07T14:49:00.485+0000] {processor.py:830} INFO - Processing file /home/airflow/.local/lib/python3.8/site-packages/airflow/example_dags/example_complex.py for tasks to queue
[2024-04-07T14:49:00.489+0000] {logging_mixin.py:188} INFO - [2024-04-07T14:49:00.489+0000] {dagbag.py:540} INFO - Filling up the DagBag from /home/airflow/.local/lib/python3.8/site-packages/airflow/example_dags/example_complex.py
[2024-04-07T14:49:00.522+0000] {processor.py:840} INFO - DAG(s) 'example_complex' retrieved from /home/airflow/.local/lib/python3.8/site-packages/airflow/example_dags/example_complex.py
[2024-04-07T14:49:00.607+0000] {logging_mixin.py:188} INFO - [2024-04-07T14:49:00.606+0000] {dag.py:3047} INFO - Sync 1 DAGs
[2024-04-07T14:49:00.645+0000] {logging_mixin.py:188} INFO - [2024-04-07T14:49:00.645+0000] {dag.py:3834} INFO - Setting next_dagrun for example_complex to None, run_after=None
[2024-04-07T14:49:00.723+0000] {processor.py:183} INFO - Processing /home/airflow/.local/lib/python3.8/site-packages/airflow/example_dags/example_complex.py took 0.246 seconds
[2024-04-07T14:49:30.930+0000] {processor.py:161} INFO - Started process (PID=1149) to work on /home/airflow/.local/lib/python3.8/site-packages/airflow/example_dags/example_complex.py
[2024-04-07T14:49:30.932+0000] {processor.py:830} INFO - Processing file /home/airflow/.local/lib/python3.8/site-packages/airflow/example_dags/example_complex.py for tasks to queue
[2024-04-07T14:49:30.935+0000] {logging_mixin.py:188} INFO - [2024-04-07T14:49:30.935+0000] {dagbag.py:540} INFO - Filling up the DagBag from /home/airflow/.local/lib/python3.8/site-packages/airflow/example_dags/example_complex.py
[2024-04-07T14:49:30.964+0000] {processor.py:840} INFO - DAG(s) 'example_complex' retrieved from /home/airflow/.local/lib/python3.8/site-packages/airflow/example_dags/example_complex.py
[2024-04-07T14:49:31.062+0000] {logging_mixin.py:188} INFO - [2024-04-07T14:49:31.062+0000] {dag.py:3047} INFO - Sync 1 DAGs
[2024-04-07T14:49:31.125+0000] {logging_mixin.py:188} INFO - [2024-04-07T14:49:31.124+0000] {dag.py:3834} INFO - Setting next_dagrun for example_complex to None, run_after=None
[2024-04-07T14:49:31.522+0000] {processor.py:183} INFO - Processing /home/airflow/.local/lib/python3.8/site-packages/airflow/example_dags/example_complex.py took 0.600 seconds
[2024-04-07T14:50:02.590+0000] {processor.py:161} INFO - Started process (PID=1213) to work on /home/airflow/.local/lib/python3.8/site-packages/airflow/example_dags/example_complex.py
[2024-04-07T14:50:02.592+0000] {processor.py:830} INFO - Processing file /home/airflow/.local/lib/python3.8/site-packages/airflow/example_dags/example_complex.py for tasks to queue
[2024-04-07T14:50:02.595+0000] {logging_mixin.py:188} INFO - [2024-04-07T14:50:02.594+0000] {dagbag.py:540} INFO - Filling up the DagBag from /home/airflow/.local/lib/python3.8/site-packages/airflow/example_dags/example_complex.py
[2024-04-07T14:50:02.623+0000] {processor.py:840} INFO - DAG(s) 'example_complex' retrieved from /home/airflow/.local/lib/python3.8/site-packages/airflow/example_dags/example_complex.py
[2024-04-07T14:50:02.701+0000] {logging_mixin.py:188} INFO - [2024-04-07T14:50:02.701+0000] {dag.py:3047} INFO - Sync 1 DAGs
[2024-04-07T14:50:02.730+0000] {logging_mixin.py:188} INFO - [2024-04-07T14:50:02.730+0000] {dag.py:3834} INFO - Setting next_dagrun for example_complex to None, run_after=None
[2024-04-07T14:50:02.770+0000] {processor.py:183} INFO - Processing /home/airflow/.local/lib/python3.8/site-packages/airflow/example_dags/example_complex.py took 0.187 seconds
[2024-04-07T14:50:33.086+0000] {processor.py:161} INFO - Started process (PID=1270) to work on /home/airflow/.local/lib/python3.8/site-packages/airflow/example_dags/example_complex.py
[2024-04-07T14:50:33.088+0000] {processor.py:830} INFO - Processing file /home/airflow/.local/lib/python3.8/site-packages/airflow/example_dags/example_complex.py for tasks to queue
[2024-04-07T14:50:33.198+0000] {logging_mixin.py:188} INFO - [2024-04-07T14:50:33.198+0000] {dagbag.py:540} INFO - Filling up the DagBag from /home/airflow/.local/lib/python3.8/site-packages/airflow/example_dags/example_complex.py
[2024-04-07T14:50:33.365+0000] {processor.py:840} INFO - DAG(s) 'example_complex' retrieved from /home/airflow/.local/lib/python3.8/site-packages/airflow/example_dags/example_complex.py
[2024-04-07T14:50:33.577+0000] {logging_mixin.py:188} INFO - [2024-04-07T14:50:33.576+0000] {dag.py:3047} INFO - Sync 1 DAGs
[2024-04-07T14:50:33.651+0000] {logging_mixin.py:188} INFO - [2024-04-07T14:50:33.639+0000] {dag.py:3834} INFO - Setting next_dagrun for example_complex to None, run_after=None
[2024-04-07T14:50:33.741+0000] {processor.py:183} INFO - Processing /home/airflow/.local/lib/python3.8/site-packages/airflow/example_dags/example_complex.py took 0.662 seconds
[2024-04-07T14:51:04.500+0000] {processor.py:161} INFO - Started process (PID=1327) to work on /home/airflow/.local/lib/python3.8/site-packages/airflow/example_dags/example_complex.py
[2024-04-07T14:51:04.502+0000] {processor.py:830} INFO - Processing file /home/airflow/.local/lib/python3.8/site-packages/airflow/example_dags/example_complex.py for tasks to queue
[2024-04-07T14:51:04.517+0000] {logging_mixin.py:188} INFO - [2024-04-07T14:51:04.515+0000] {dagbag.py:540} INFO - Filling up the DagBag from /home/airflow/.local/lib/python3.8/site-packages/airflow/example_dags/example_complex.py
[2024-04-07T14:51:04.580+0000] {processor.py:840} INFO - DAG(s) 'example_complex' retrieved from /home/airflow/.local/lib/python3.8/site-packages/airflow/example_dags/example_complex.py
[2024-04-07T14:51:04.804+0000] {logging_mixin.py:188} INFO - [2024-04-07T14:51:04.804+0000] {dag.py:3047} INFO - Sync 1 DAGs
[2024-04-07T14:51:04.905+0000] {logging_mixin.py:188} INFO - [2024-04-07T14:51:04.905+0000] {dag.py:3834} INFO - Setting next_dagrun for example_complex to None, run_after=None
[2024-04-07T14:51:05.025+0000] {processor.py:183} INFO - Processing /home/airflow/.local/lib/python3.8/site-packages/airflow/example_dags/example_complex.py took 0.540 seconds
[2024-04-07T14:51:35.278+0000] {processor.py:161} INFO - Started process (PID=1384) to work on /home/airflow/.local/lib/python3.8/site-packages/airflow/example_dags/example_complex.py
[2024-04-07T14:51:35.280+0000] {processor.py:830} INFO - Processing file /home/airflow/.local/lib/python3.8/site-packages/airflow/example_dags/example_complex.py for tasks to queue
[2024-04-07T14:51:35.284+0000] {logging_mixin.py:188} INFO - [2024-04-07T14:51:35.283+0000] {dagbag.py:540} INFO - Filling up the DagBag from /home/airflow/.local/lib/python3.8/site-packages/airflow/example_dags/example_complex.py
[2024-04-07T14:51:35.306+0000] {processor.py:840} INFO - DAG(s) 'example_complex' retrieved from /home/airflow/.local/lib/python3.8/site-packages/airflow/example_dags/example_complex.py
[2024-04-07T14:51:35.386+0000] {logging_mixin.py:188} INFO - [2024-04-07T14:51:35.385+0000] {dag.py:3047} INFO - Sync 1 DAGs
[2024-04-07T14:51:35.413+0000] {logging_mixin.py:188} INFO - [2024-04-07T14:51:35.413+0000] {dag.py:3834} INFO - Setting next_dagrun for example_complex to None, run_after=None
[2024-04-07T14:51:35.482+0000] {processor.py:183} INFO - Processing /home/airflow/.local/lib/python3.8/site-packages/airflow/example_dags/example_complex.py took 0.210 seconds
[2024-04-07T14:52:06.009+0000] {processor.py:161} INFO - Started process (PID=1442) to work on /home/airflow/.local/lib/python3.8/site-packages/airflow/example_dags/example_complex.py
[2024-04-07T14:52:06.014+0000] {processor.py:830} INFO - Processing file /home/airflow/.local/lib/python3.8/site-packages/airflow/example_dags/example_complex.py for tasks to queue
[2024-04-07T14:52:06.025+0000] {logging_mixin.py:188} INFO - [2024-04-07T14:52:06.024+0000] {dagbag.py:540} INFO - Filling up the DagBag from /home/airflow/.local/lib/python3.8/site-packages/airflow/example_dags/example_complex.py
[2024-04-07T14:52:06.119+0000] {processor.py:840} INFO - DAG(s) 'example_complex' retrieved from /home/airflow/.local/lib/python3.8/site-packages/airflow/example_dags/example_complex.py
[2024-04-07T14:52:06.296+0000] {logging_mixin.py:188} INFO - [2024-04-07T14:52:06.295+0000] {dag.py:3047} INFO - Sync 1 DAGs
[2024-04-07T14:52:06.362+0000] {logging_mixin.py:188} INFO - [2024-04-07T14:52:06.361+0000] {dag.py:3834} INFO - Setting next_dagrun for example_complex to None, run_after=None
[2024-04-07T14:52:06.454+0000] {processor.py:183} INFO - Processing /home/airflow/.local/lib/python3.8/site-packages/airflow/example_dags/example_complex.py took 0.463 seconds
[2024-04-07T14:52:37.131+0000] {processor.py:161} INFO - Started process (PID=1499) to work on /home/airflow/.local/lib/python3.8/site-packages/airflow/example_dags/example_complex.py
[2024-04-07T14:52:37.134+0000] {processor.py:830} INFO - Processing file /home/airflow/.local/lib/python3.8/site-packages/airflow/example_dags/example_complex.py for tasks to queue
[2024-04-07T14:52:37.138+0000] {logging_mixin.py:188} INFO - [2024-04-07T14:52:37.137+0000] {dagbag.py:540} INFO - Filling up the DagBag from /home/airflow/.local/lib/python3.8/site-packages/airflow/example_dags/example_complex.py
[2024-04-07T14:52:37.169+0000] {processor.py:840} INFO - DAG(s) 'example_complex' retrieved from /home/airflow/.local/lib/python3.8/site-packages/airflow/example_dags/example_complex.py
[2024-04-07T14:52:37.253+0000] {logging_mixin.py:188} INFO - [2024-04-07T14:52:37.252+0000] {dag.py:3047} INFO - Sync 1 DAGs
[2024-04-07T14:52:37.286+0000] {logging_mixin.py:188} INFO - [2024-04-07T14:52:37.285+0000] {dag.py:3834} INFO - Setting next_dagrun for example_complex to None, run_after=None
[2024-04-07T14:52:37.346+0000] {processor.py:183} INFO - Processing /home/airflow/.local/lib/python3.8/site-packages/airflow/example_dags/example_complex.py took 0.237 seconds
[2024-04-07T14:53:07.753+0000] {processor.py:161} INFO - Started process (PID=1556) to work on /home/airflow/.local/lib/python3.8/site-packages/airflow/example_dags/example_complex.py
[2024-04-07T14:53:07.756+0000] {processor.py:830} INFO - Processing file /home/airflow/.local/lib/python3.8/site-packages/airflow/example_dags/example_complex.py for tasks to queue
[2024-04-07T14:53:07.761+0000] {logging_mixin.py:188} INFO - [2024-04-07T14:53:07.760+0000] {dagbag.py:540} INFO - Filling up the DagBag from /home/airflow/.local/lib/python3.8/site-packages/airflow/example_dags/example_complex.py
[2024-04-07T14:53:07.799+0000] {processor.py:840} INFO - DAG(s) 'example_complex' retrieved from /home/airflow/.local/lib/python3.8/site-packages/airflow/example_dags/example_complex.py
[2024-04-07T14:53:07.897+0000] {logging_mixin.py:188} INFO - [2024-04-07T14:53:07.896+0000] {dag.py:3047} INFO - Sync 1 DAGs
[2024-04-07T14:53:07.988+0000] {logging_mixin.py:188} INFO - [2024-04-07T14:53:07.988+0000] {dag.py:3834} INFO - Setting next_dagrun for example_complex to None, run_after=None
[2024-04-07T14:53:08.040+0000] {processor.py:183} INFO - Processing /home/airflow/.local/lib/python3.8/site-packages/airflow/example_dags/example_complex.py took 0.313 seconds
[2024-04-07T14:53:38.474+0000] {processor.py:161} INFO - Started process (PID=1613) to work on /home/airflow/.local/lib/python3.8/site-packages/airflow/example_dags/example_complex.py
[2024-04-07T14:53:38.478+0000] {processor.py:830} INFO - Processing file /home/airflow/.local/lib/python3.8/site-packages/airflow/example_dags/example_complex.py for tasks to queue
[2024-04-07T14:53:38.488+0000] {logging_mixin.py:188} INFO - [2024-04-07T14:53:38.482+0000] {dagbag.py:540} INFO - Filling up the DagBag from /home/airflow/.local/lib/python3.8/site-packages/airflow/example_dags/example_complex.py
[2024-04-07T14:53:38.526+0000] {processor.py:840} INFO - DAG(s) 'example_complex' retrieved from /home/airflow/.local/lib/python3.8/site-packages/airflow/example_dags/example_complex.py
[2024-04-07T14:53:38.614+0000] {logging_mixin.py:188} INFO - [2024-04-07T14:53:38.614+0000] {dag.py:3047} INFO - Sync 1 DAGs
[2024-04-07T14:53:38.646+0000] {logging_mixin.py:188} INFO - [2024-04-07T14:53:38.645+0000] {dag.py:3834} INFO - Setting next_dagrun for example_complex to None, run_after=None
[2024-04-07T14:53:38.702+0000] {processor.py:183} INFO - Processing /home/airflow/.local/lib/python3.8/site-packages/airflow/example_dags/example_complex.py took 0.246 seconds
[2024-04-07T14:54:09.151+0000] {processor.py:161} INFO - Started process (PID=1670) to work on /home/airflow/.local/lib/python3.8/site-packages/airflow/example_dags/example_complex.py
[2024-04-07T14:54:09.153+0000] {processor.py:830} INFO - Processing file /home/airflow/.local/lib/python3.8/site-packages/airflow/example_dags/example_complex.py for tasks to queue
[2024-04-07T14:54:09.157+0000] {logging_mixin.py:188} INFO - [2024-04-07T14:54:09.156+0000] {dagbag.py:540} INFO - Filling up the DagBag from /home/airflow/.local/lib/python3.8/site-packages/airflow/example_dags/example_complex.py
[2024-04-07T14:54:09.189+0000] {processor.py:840} INFO - DAG(s) 'example_complex' retrieved from /home/airflow/.local/lib/python3.8/site-packages/airflow/example_dags/example_complex.py
[2024-04-07T14:54:09.282+0000] {logging_mixin.py:188} INFO - [2024-04-07T14:54:09.281+0000] {dag.py:3047} INFO - Sync 1 DAGs
[2024-04-07T14:54:09.322+0000] {logging_mixin.py:188} INFO - [2024-04-07T14:54:09.322+0000] {dag.py:3834} INFO - Setting next_dagrun for example_complex to None, run_after=None
[2024-04-07T14:54:09.380+0000] {processor.py:183} INFO - Processing /home/airflow/.local/lib/python3.8/site-packages/airflow/example_dags/example_complex.py took 0.235 seconds
[2024-04-07T14:54:39.910+0000] {processor.py:161} INFO - Started process (PID=1727) to work on /home/airflow/.local/lib/python3.8/site-packages/airflow/example_dags/example_complex.py
[2024-04-07T14:54:39.912+0000] {processor.py:830} INFO - Processing file /home/airflow/.local/lib/python3.8/site-packages/airflow/example_dags/example_complex.py for tasks to queue
[2024-04-07T14:54:39.915+0000] {logging_mixin.py:188} INFO - [2024-04-07T14:54:39.915+0000] {dagbag.py:540} INFO - Filling up the DagBag from /home/airflow/.local/lib/python3.8/site-packages/airflow/example_dags/example_complex.py
[2024-04-07T14:54:39.940+0000] {processor.py:840} INFO - DAG(s) 'example_complex' retrieved from /home/airflow/.local/lib/python3.8/site-packages/airflow/example_dags/example_complex.py
[2024-04-07T14:54:40.004+0000] {logging_mixin.py:188} INFO - [2024-04-07T14:54:40.004+0000] {dag.py:3047} INFO - Sync 1 DAGs
[2024-04-07T14:54:40.028+0000] {logging_mixin.py:188} INFO - [2024-04-07T14:54:40.028+0000] {dag.py:3834} INFO - Setting next_dagrun for example_complex to None, run_after=None
[2024-04-07T14:54:40.068+0000] {processor.py:183} INFO - Processing /home/airflow/.local/lib/python3.8/site-packages/airflow/example_dags/example_complex.py took 0.165 seconds
[2024-04-07T14:55:10.895+0000] {processor.py:161} INFO - Started process (PID=1783) to work on /home/airflow/.local/lib/python3.8/site-packages/airflow/example_dags/example_complex.py
[2024-04-07T14:55:10.897+0000] {processor.py:830} INFO - Processing file /home/airflow/.local/lib/python3.8/site-packages/airflow/example_dags/example_complex.py for tasks to queue
[2024-04-07T14:55:10.900+0000] {logging_mixin.py:188} INFO - [2024-04-07T14:55:10.900+0000] {dagbag.py:540} INFO - Filling up the DagBag from /home/airflow/.local/lib/python3.8/site-packages/airflow/example_dags/example_complex.py
[2024-04-07T14:55:10.928+0000] {processor.py:840} INFO - DAG(s) 'example_complex' retrieved from /home/airflow/.local/lib/python3.8/site-packages/airflow/example_dags/example_complex.py
[2024-04-07T14:55:11.000+0000] {logging_mixin.py:188} INFO - [2024-04-07T14:55:10.999+0000] {dag.py:3047} INFO - Sync 1 DAGs
[2024-04-07T14:55:11.024+0000] {logging_mixin.py:188} INFO - [2024-04-07T14:55:11.023+0000] {dag.py:3834} INFO - Setting next_dagrun for example_complex to None, run_after=None
[2024-04-07T14:55:11.059+0000] {processor.py:183} INFO - Processing /home/airflow/.local/lib/python3.8/site-packages/airflow/example_dags/example_complex.py took 0.171 seconds
[2024-04-07T14:55:41.137+0000] {processor.py:161} INFO - Started process (PID=1839) to work on /home/airflow/.local/lib/python3.8/site-packages/airflow/example_dags/example_complex.py
[2024-04-07T14:55:41.139+0000] {processor.py:830} INFO - Processing file /home/airflow/.local/lib/python3.8/site-packages/airflow/example_dags/example_complex.py for tasks to queue
[2024-04-07T14:55:41.143+0000] {logging_mixin.py:188} INFO - [2024-04-07T14:55:41.142+0000] {dagbag.py:540} INFO - Filling up the DagBag from /home/airflow/.local/lib/python3.8/site-packages/airflow/example_dags/example_complex.py
[2024-04-07T14:55:41.166+0000] {processor.py:840} INFO - DAG(s) 'example_complex' retrieved from /home/airflow/.local/lib/python3.8/site-packages/airflow/example_dags/example_complex.py
[2024-04-07T14:55:41.226+0000] {logging_mixin.py:188} INFO - [2024-04-07T14:55:41.225+0000] {dag.py:3047} INFO - Sync 1 DAGs
[2024-04-07T14:55:41.247+0000] {logging_mixin.py:188} INFO - [2024-04-07T14:55:41.246+0000] {dag.py:3834} INFO - Setting next_dagrun for example_complex to None, run_after=None
[2024-04-07T14:55:41.292+0000] {processor.py:183} INFO - Processing /home/airflow/.local/lib/python3.8/site-packages/airflow/example_dags/example_complex.py took 0.160 seconds
[2024-04-07T14:56:11.515+0000] {processor.py:161} INFO - Started process (PID=1897) to work on /home/airflow/.local/lib/python3.8/site-packages/airflow/example_dags/example_complex.py
[2024-04-07T14:56:11.517+0000] {processor.py:830} INFO - Processing file /home/airflow/.local/lib/python3.8/site-packages/airflow/example_dags/example_complex.py for tasks to queue
[2024-04-07T14:56:11.519+0000] {logging_mixin.py:188} INFO - [2024-04-07T14:56:11.519+0000] {dagbag.py:540} INFO - Filling up the DagBag from /home/airflow/.local/lib/python3.8/site-packages/airflow/example_dags/example_complex.py
[2024-04-07T14:56:11.537+0000] {processor.py:840} INFO - DAG(s) 'example_complex' retrieved from /home/airflow/.local/lib/python3.8/site-packages/airflow/example_dags/example_complex.py
[2024-04-07T14:56:11.594+0000] {logging_mixin.py:188} INFO - [2024-04-07T14:56:11.594+0000] {dag.py:3047} INFO - Sync 1 DAGs
[2024-04-07T14:56:11.614+0000] {logging_mixin.py:188} INFO - [2024-04-07T14:56:11.614+0000] {dag.py:3834} INFO - Setting next_dagrun for example_complex to None, run_after=None
[2024-04-07T14:56:11.649+0000] {processor.py:183} INFO - Processing /home/airflow/.local/lib/python3.8/site-packages/airflow/example_dags/example_complex.py took 0.139 seconds
[2024-04-07T14:56:42.082+0000] {processor.py:161} INFO - Started process (PID=1954) to work on /home/airflow/.local/lib/python3.8/site-packages/airflow/example_dags/example_complex.py
[2024-04-07T14:56:42.085+0000] {processor.py:830} INFO - Processing file /home/airflow/.local/lib/python3.8/site-packages/airflow/example_dags/example_complex.py for tasks to queue
[2024-04-07T14:56:42.092+0000] {logging_mixin.py:188} INFO - [2024-04-07T14:56:42.090+0000] {dagbag.py:540} INFO - Filling up the DagBag from /home/airflow/.local/lib/python3.8/site-packages/airflow/example_dags/example_complex.py
[2024-04-07T14:56:42.123+0000] {processor.py:840} INFO - DAG(s) 'example_complex' retrieved from /home/airflow/.local/lib/python3.8/site-packages/airflow/example_dags/example_complex.py
[2024-04-07T14:56:42.291+0000] {logging_mixin.py:188} INFO - [2024-04-07T14:56:42.290+0000] {dag.py:3047} INFO - Sync 1 DAGs
[2024-04-07T14:56:42.321+0000] {logging_mixin.py:188} INFO - [2024-04-07T14:56:42.320+0000] {dag.py:3834} INFO - Setting next_dagrun for example_complex to None, run_after=None
[2024-04-07T14:56:42.382+0000] {processor.py:183} INFO - Processing /home/airflow/.local/lib/python3.8/site-packages/airflow/example_dags/example_complex.py took 0.328 seconds
[2024-04-07T14:57:12.979+0000] {processor.py:161} INFO - Started process (PID=2011) to work on /home/airflow/.local/lib/python3.8/site-packages/airflow/example_dags/example_complex.py
[2024-04-07T14:57:12.993+0000] {processor.py:830} INFO - Processing file /home/airflow/.local/lib/python3.8/site-packages/airflow/example_dags/example_complex.py for tasks to queue
[2024-04-07T14:57:13.029+0000] {logging_mixin.py:188} INFO - [2024-04-07T14:57:13.028+0000] {dagbag.py:540} INFO - Filling up the DagBag from /home/airflow/.local/lib/python3.8/site-packages/airflow/example_dags/example_complex.py
[2024-04-07T14:57:13.123+0000] {processor.py:840} INFO - DAG(s) 'example_complex' retrieved from /home/airflow/.local/lib/python3.8/site-packages/airflow/example_dags/example_complex.py
[2024-04-07T14:57:13.315+0000] {logging_mixin.py:188} INFO - [2024-04-07T14:57:13.314+0000] {dag.py:3047} INFO - Sync 1 DAGs
[2024-04-07T14:57:13.381+0000] {logging_mixin.py:188} INFO - [2024-04-07T14:57:13.380+0000] {dag.py:3834} INFO - Setting next_dagrun for example_complex to None, run_after=None
[2024-04-07T14:57:13.543+0000] {processor.py:183} INFO - Processing /home/airflow/.local/lib/python3.8/site-packages/airflow/example_dags/example_complex.py took 0.576 seconds
[2024-04-07T14:57:44.497+0000] {processor.py:161} INFO - Started process (PID=2069) to work on /home/airflow/.local/lib/python3.8/site-packages/airflow/example_dags/example_complex.py
[2024-04-07T14:57:44.499+0000] {processor.py:830} INFO - Processing file /home/airflow/.local/lib/python3.8/site-packages/airflow/example_dags/example_complex.py for tasks to queue
[2024-04-07T14:57:44.506+0000] {logging_mixin.py:188} INFO - [2024-04-07T14:57:44.503+0000] {dagbag.py:540} INFO - Filling up the DagBag from /home/airflow/.local/lib/python3.8/site-packages/airflow/example_dags/example_complex.py
[2024-04-07T14:57:44.536+0000] {processor.py:840} INFO - DAG(s) 'example_complex' retrieved from /home/airflow/.local/lib/python3.8/site-packages/airflow/example_dags/example_complex.py
[2024-04-07T14:57:44.605+0000] {logging_mixin.py:188} INFO - [2024-04-07T14:57:44.604+0000] {dag.py:3047} INFO - Sync 1 DAGs
[2024-04-07T14:57:44.636+0000] {logging_mixin.py:188} INFO - [2024-04-07T14:57:44.636+0000] {dag.py:3834} INFO - Setting next_dagrun for example_complex to None, run_after=None
[2024-04-07T14:57:44.676+0000] {processor.py:183} INFO - Processing /home/airflow/.local/lib/python3.8/site-packages/airflow/example_dags/example_complex.py took 0.185 seconds
[2024-04-07T14:58:15.261+0000] {processor.py:161} INFO - Started process (PID=2126) to work on /home/airflow/.local/lib/python3.8/site-packages/airflow/example_dags/example_complex.py
[2024-04-07T14:58:15.263+0000] {processor.py:830} INFO - Processing file /home/airflow/.local/lib/python3.8/site-packages/airflow/example_dags/example_complex.py for tasks to queue
[2024-04-07T14:58:15.266+0000] {logging_mixin.py:188} INFO - [2024-04-07T14:58:15.265+0000] {dagbag.py:540} INFO - Filling up the DagBag from /home/airflow/.local/lib/python3.8/site-packages/airflow/example_dags/example_complex.py
[2024-04-07T14:58:15.289+0000] {processor.py:840} INFO - DAG(s) 'example_complex' retrieved from /home/airflow/.local/lib/python3.8/site-packages/airflow/example_dags/example_complex.py
[2024-04-07T14:58:15.344+0000] {logging_mixin.py:188} INFO - [2024-04-07T14:58:15.343+0000] {dag.py:3047} INFO - Sync 1 DAGs
[2024-04-07T14:58:15.366+0000] {logging_mixin.py:188} INFO - [2024-04-07T14:58:15.365+0000] {dag.py:3834} INFO - Setting next_dagrun for example_complex to None, run_after=None
[2024-04-07T14:58:15.403+0000] {processor.py:183} INFO - Processing /home/airflow/.local/lib/python3.8/site-packages/airflow/example_dags/example_complex.py took 0.149 seconds
[2024-04-07T14:58:45.843+0000] {processor.py:161} INFO - Started process (PID=2183) to work on /home/airflow/.local/lib/python3.8/site-packages/airflow/example_dags/example_complex.py
[2024-04-07T14:58:45.845+0000] {processor.py:830} INFO - Processing file /home/airflow/.local/lib/python3.8/site-packages/airflow/example_dags/example_complex.py for tasks to queue
[2024-04-07T14:58:45.848+0000] {logging_mixin.py:188} INFO - [2024-04-07T14:58:45.847+0000] {dagbag.py:540} INFO - Filling up the DagBag from /home/airflow/.local/lib/python3.8/site-packages/airflow/example_dags/example_complex.py
[2024-04-07T14:58:45.869+0000] {processor.py:840} INFO - DAG(s) 'example_complex' retrieved from /home/airflow/.local/lib/python3.8/site-packages/airflow/example_dags/example_complex.py
[2024-04-07T14:58:45.926+0000] {logging_mixin.py:188} INFO - [2024-04-07T14:58:45.926+0000] {dag.py:3047} INFO - Sync 1 DAGs
[2024-04-07T14:58:45.945+0000] {logging_mixin.py:188} INFO - [2024-04-07T14:58:45.945+0000] {dag.py:3834} INFO - Setting next_dagrun for example_complex to None, run_after=None
[2024-04-07T14:58:45.982+0000] {processor.py:183} INFO - Processing /home/airflow/.local/lib/python3.8/site-packages/airflow/example_dags/example_complex.py took 0.145 seconds
[2024-04-07T14:59:16.280+0000] {processor.py:161} INFO - Started process (PID=2240) to work on /home/airflow/.local/lib/python3.8/site-packages/airflow/example_dags/example_complex.py
[2024-04-07T14:59:16.282+0000] {processor.py:830} INFO - Processing file /home/airflow/.local/lib/python3.8/site-packages/airflow/example_dags/example_complex.py for tasks to queue
[2024-04-07T14:59:16.286+0000] {logging_mixin.py:188} INFO - [2024-04-07T14:59:16.285+0000] {dagbag.py:540} INFO - Filling up the DagBag from /home/airflow/.local/lib/python3.8/site-packages/airflow/example_dags/example_complex.py
[2024-04-07T14:59:16.307+0000] {processor.py:840} INFO - DAG(s) 'example_complex' retrieved from /home/airflow/.local/lib/python3.8/site-packages/airflow/example_dags/example_complex.py
[2024-04-07T14:59:16.362+0000] {logging_mixin.py:188} INFO - [2024-04-07T14:59:16.362+0000] {dag.py:3047} INFO - Sync 1 DAGs
[2024-04-07T14:59:16.386+0000] {logging_mixin.py:188} INFO - [2024-04-07T14:59:16.386+0000] {dag.py:3834} INFO - Setting next_dagrun for example_complex to None, run_after=None
[2024-04-07T14:59:16.431+0000] {processor.py:183} INFO - Processing /home/airflow/.local/lib/python3.8/site-packages/airflow/example_dags/example_complex.py took 0.157 seconds
[2024-04-07T14:59:46.890+0000] {processor.py:161} INFO - Started process (PID=2297) to work on /home/airflow/.local/lib/python3.8/site-packages/airflow/example_dags/example_complex.py
[2024-04-07T14:59:46.892+0000] {processor.py:830} INFO - Processing file /home/airflow/.local/lib/python3.8/site-packages/airflow/example_dags/example_complex.py for tasks to queue
[2024-04-07T14:59:46.895+0000] {logging_mixin.py:188} INFO - [2024-04-07T14:59:46.895+0000] {dagbag.py:540} INFO - Filling up the DagBag from /home/airflow/.local/lib/python3.8/site-packages/airflow/example_dags/example_complex.py
[2024-04-07T14:59:46.917+0000] {processor.py:840} INFO - DAG(s) 'example_complex' retrieved from /home/airflow/.local/lib/python3.8/site-packages/airflow/example_dags/example_complex.py
[2024-04-07T14:59:46.985+0000] {logging_mixin.py:188} INFO - [2024-04-07T14:59:46.984+0000] {dag.py:3047} INFO - Sync 1 DAGs
[2024-04-07T14:59:47.015+0000] {logging_mixin.py:188} INFO - [2024-04-07T14:59:47.015+0000] {dag.py:3834} INFO - Setting next_dagrun for example_complex to None, run_after=None
[2024-04-07T14:59:47.063+0000] {processor.py:183} INFO - Processing /home/airflow/.local/lib/python3.8/site-packages/airflow/example_dags/example_complex.py took 0.179 seconds
[2024-04-07T15:00:17.853+0000] {processor.py:161} INFO - Started process (PID=2354) to work on /home/airflow/.local/lib/python3.8/site-packages/airflow/example_dags/example_complex.py
[2024-04-07T15:00:17.855+0000] {processor.py:830} INFO - Processing file /home/airflow/.local/lib/python3.8/site-packages/airflow/example_dags/example_complex.py for tasks to queue
[2024-04-07T15:00:17.860+0000] {logging_mixin.py:188} INFO - [2024-04-07T15:00:17.860+0000] {dagbag.py:540} INFO - Filling up the DagBag from /home/airflow/.local/lib/python3.8/site-packages/airflow/example_dags/example_complex.py
[2024-04-07T15:00:17.882+0000] {processor.py:840} INFO - DAG(s) 'example_complex' retrieved from /home/airflow/.local/lib/python3.8/site-packages/airflow/example_dags/example_complex.py
[2024-04-07T15:00:17.974+0000] {logging_mixin.py:188} INFO - [2024-04-07T15:00:17.970+0000] {dag.py:3047} INFO - Sync 1 DAGs
[2024-04-07T15:00:18.007+0000] {logging_mixin.py:188} INFO - [2024-04-07T15:00:18.006+0000] {dag.py:3834} INFO - Setting next_dagrun for example_complex to None, run_after=None
[2024-04-07T15:00:18.054+0000] {processor.py:183} INFO - Processing /home/airflow/.local/lib/python3.8/site-packages/airflow/example_dags/example_complex.py took 0.208 seconds
[2024-04-07T15:00:49.647+0000] {processor.py:161} INFO - Started process (PID=2411) to work on /home/airflow/.local/lib/python3.8/site-packages/airflow/example_dags/example_complex.py
[2024-04-07T15:00:49.653+0000] {processor.py:830} INFO - Processing file /home/airflow/.local/lib/python3.8/site-packages/airflow/example_dags/example_complex.py for tasks to queue
[2024-04-07T15:00:49.667+0000] {logging_mixin.py:188} INFO - [2024-04-07T15:00:49.666+0000] {dagbag.py:540} INFO - Filling up the DagBag from /home/airflow/.local/lib/python3.8/site-packages/airflow/example_dags/example_complex.py
[2024-04-07T15:00:49.776+0000] {processor.py:840} INFO - DAG(s) 'example_complex' retrieved from /home/airflow/.local/lib/python3.8/site-packages/airflow/example_dags/example_complex.py
[2024-04-07T15:00:49.976+0000] {logging_mixin.py:188} INFO - [2024-04-07T15:00:49.975+0000] {dag.py:3047} INFO - Sync 1 DAGs
[2024-04-07T15:00:50.045+0000] {logging_mixin.py:188} INFO - [2024-04-07T15:00:50.044+0000] {dag.py:3834} INFO - Setting next_dagrun for example_complex to None, run_after=None
[2024-04-07T15:00:50.240+0000] {processor.py:183} INFO - Processing /home/airflow/.local/lib/python3.8/site-packages/airflow/example_dags/example_complex.py took 0.624 seconds
[2024-04-07T15:01:20.785+0000] {processor.py:161} INFO - Started process (PID=2468) to work on /home/airflow/.local/lib/python3.8/site-packages/airflow/example_dags/example_complex.py
[2024-04-07T15:01:20.787+0000] {processor.py:830} INFO - Processing file /home/airflow/.local/lib/python3.8/site-packages/airflow/example_dags/example_complex.py for tasks to queue
[2024-04-07T15:01:20.791+0000] {logging_mixin.py:188} INFO - [2024-04-07T15:01:20.790+0000] {dagbag.py:540} INFO - Filling up the DagBag from /home/airflow/.local/lib/python3.8/site-packages/airflow/example_dags/example_complex.py
[2024-04-07T15:01:20.831+0000] {processor.py:840} INFO - DAG(s) 'example_complex' retrieved from /home/airflow/.local/lib/python3.8/site-packages/airflow/example_dags/example_complex.py
[2024-04-07T15:01:20.906+0000] {logging_mixin.py:188} INFO - [2024-04-07T15:01:20.905+0000] {dag.py:3047} INFO - Sync 1 DAGs
[2024-04-07T15:01:20.930+0000] {logging_mixin.py:188} INFO - [2024-04-07T15:01:20.930+0000] {dag.py:3834} INFO - Setting next_dagrun for example_complex to None, run_after=None
[2024-04-07T15:01:20.977+0000] {processor.py:183} INFO - Processing /home/airflow/.local/lib/python3.8/site-packages/airflow/example_dags/example_complex.py took 0.200 seconds
[2024-04-07T15:01:51.168+0000] {processor.py:161} INFO - Started process (PID=2525) to work on /home/airflow/.local/lib/python3.8/site-packages/airflow/example_dags/example_complex.py
[2024-04-07T15:01:51.172+0000] {processor.py:830} INFO - Processing file /home/airflow/.local/lib/python3.8/site-packages/airflow/example_dags/example_complex.py for tasks to queue
[2024-04-07T15:01:51.177+0000] {logging_mixin.py:188} INFO - [2024-04-07T15:01:51.176+0000] {dagbag.py:540} INFO - Filling up the DagBag from /home/airflow/.local/lib/python3.8/site-packages/airflow/example_dags/example_complex.py
[2024-04-07T15:01:51.202+0000] {processor.py:840} INFO - DAG(s) 'example_complex' retrieved from /home/airflow/.local/lib/python3.8/site-packages/airflow/example_dags/example_complex.py
[2024-04-07T15:01:51.257+0000] {logging_mixin.py:188} INFO - [2024-04-07T15:01:51.256+0000] {dag.py:3047} INFO - Sync 1 DAGs
[2024-04-07T15:01:51.281+0000] {logging_mixin.py:188} INFO - [2024-04-07T15:01:51.281+0000] {dag.py:3834} INFO - Setting next_dagrun for example_complex to None, run_after=None
[2024-04-07T15:01:51.317+0000] {processor.py:183} INFO - Processing /home/airflow/.local/lib/python3.8/site-packages/airflow/example_dags/example_complex.py took 0.157 seconds
[2024-04-07T15:02:21.673+0000] {processor.py:161} INFO - Started process (PID=2581) to work on /home/airflow/.local/lib/python3.8/site-packages/airflow/example_dags/example_complex.py
[2024-04-07T15:02:21.676+0000] {processor.py:830} INFO - Processing file /home/airflow/.local/lib/python3.8/site-packages/airflow/example_dags/example_complex.py for tasks to queue
[2024-04-07T15:02:21.681+0000] {logging_mixin.py:188} INFO - [2024-04-07T15:02:21.680+0000] {dagbag.py:540} INFO - Filling up the DagBag from /home/airflow/.local/lib/python3.8/site-packages/airflow/example_dags/example_complex.py
[2024-04-07T15:02:21.720+0000] {processor.py:840} INFO - DAG(s) 'example_complex' retrieved from /home/airflow/.local/lib/python3.8/site-packages/airflow/example_dags/example_complex.py
[2024-04-07T15:02:21.788+0000] {logging_mixin.py:188} INFO - [2024-04-07T15:02:21.788+0000] {dag.py:3047} INFO - Sync 1 DAGs
[2024-04-07T15:02:21.807+0000] {logging_mixin.py:188} INFO - [2024-04-07T15:02:21.807+0000] {dag.py:3834} INFO - Setting next_dagrun for example_complex to None, run_after=None
[2024-04-07T15:02:21.859+0000] {processor.py:183} INFO - Processing /home/airflow/.local/lib/python3.8/site-packages/airflow/example_dags/example_complex.py took 0.194 seconds
[2024-04-07T15:02:52.183+0000] {processor.py:161} INFO - Started process (PID=2638) to work on /home/airflow/.local/lib/python3.8/site-packages/airflow/example_dags/example_complex.py
[2024-04-07T15:02:52.187+0000] {processor.py:830} INFO - Processing file /home/airflow/.local/lib/python3.8/site-packages/airflow/example_dags/example_complex.py for tasks to queue
[2024-04-07T15:02:52.193+0000] {logging_mixin.py:188} INFO - [2024-04-07T15:02:52.192+0000] {dagbag.py:540} INFO - Filling up the DagBag from /home/airflow/.local/lib/python3.8/site-packages/airflow/example_dags/example_complex.py
[2024-04-07T15:02:52.232+0000] {processor.py:840} INFO - DAG(s) 'example_complex' retrieved from /home/airflow/.local/lib/python3.8/site-packages/airflow/example_dags/example_complex.py
[2024-04-07T15:02:52.327+0000] {logging_mixin.py:188} INFO - [2024-04-07T15:02:52.325+0000] {dag.py:3047} INFO - Sync 1 DAGs
[2024-04-07T15:02:52.369+0000] {logging_mixin.py:188} INFO - [2024-04-07T15:02:52.369+0000] {dag.py:3834} INFO - Setting next_dagrun for example_complex to None, run_after=None
[2024-04-07T15:02:52.430+0000] {processor.py:183} INFO - Processing /home/airflow/.local/lib/python3.8/site-packages/airflow/example_dags/example_complex.py took 0.253 seconds
[2024-04-07T15:03:22.707+0000] {processor.py:161} INFO - Started process (PID=2693) to work on /home/airflow/.local/lib/python3.8/site-packages/airflow/example_dags/example_complex.py
[2024-04-07T15:03:22.709+0000] {processor.py:830} INFO - Processing file /home/airflow/.local/lib/python3.8/site-packages/airflow/example_dags/example_complex.py for tasks to queue
[2024-04-07T15:03:22.712+0000] {logging_mixin.py:188} INFO - [2024-04-07T15:03:22.712+0000] {dagbag.py:540} INFO - Filling up the DagBag from /home/airflow/.local/lib/python3.8/site-packages/airflow/example_dags/example_complex.py
[2024-04-07T15:03:22.738+0000] {processor.py:840} INFO - DAG(s) 'example_complex' retrieved from /home/airflow/.local/lib/python3.8/site-packages/airflow/example_dags/example_complex.py
[2024-04-07T15:03:22.792+0000] {logging_mixin.py:188} INFO - [2024-04-07T15:03:22.792+0000] {dag.py:3047} INFO - Sync 1 DAGs
[2024-04-07T15:03:22.812+0000] {logging_mixin.py:188} INFO - [2024-04-07T15:03:22.811+0000] {dag.py:3834} INFO - Setting next_dagrun for example_complex to None, run_after=None
[2024-04-07T15:03:22.846+0000] {processor.py:183} INFO - Processing /home/airflow/.local/lib/python3.8/site-packages/airflow/example_dags/example_complex.py took 0.145 seconds
[2024-04-07T15:03:53.044+0000] {processor.py:161} INFO - Started process (PID=2749) to work on /home/airflow/.local/lib/python3.8/site-packages/airflow/example_dags/example_complex.py
[2024-04-07T15:03:53.047+0000] {processor.py:830} INFO - Processing file /home/airflow/.local/lib/python3.8/site-packages/airflow/example_dags/example_complex.py for tasks to queue
[2024-04-07T15:03:53.051+0000] {logging_mixin.py:188} INFO - [2024-04-07T15:03:53.050+0000] {dagbag.py:540} INFO - Filling up the DagBag from /home/airflow/.local/lib/python3.8/site-packages/airflow/example_dags/example_complex.py
[2024-04-07T15:03:53.084+0000] {processor.py:840} INFO - DAG(s) 'example_complex' retrieved from /home/airflow/.local/lib/python3.8/site-packages/airflow/example_dags/example_complex.py
[2024-04-07T15:03:53.155+0000] {logging_mixin.py:188} INFO - [2024-04-07T15:03:53.155+0000] {dag.py:3047} INFO - Sync 1 DAGs
[2024-04-07T15:03:53.188+0000] {logging_mixin.py:188} INFO - [2024-04-07T15:03:53.187+0000] {dag.py:3834} INFO - Setting next_dagrun for example_complex to None, run_after=None
[2024-04-07T15:03:53.240+0000] {processor.py:183} INFO - Processing /home/airflow/.local/lib/python3.8/site-packages/airflow/example_dags/example_complex.py took 0.202 seconds
[2024-04-07T15:04:23.319+0000] {processor.py:161} INFO - Started process (PID=2806) to work on /home/airflow/.local/lib/python3.8/site-packages/airflow/example_dags/example_complex.py
[2024-04-07T15:04:23.321+0000] {processor.py:830} INFO - Processing file /home/airflow/.local/lib/python3.8/site-packages/airflow/example_dags/example_complex.py for tasks to queue
[2024-04-07T15:04:23.324+0000] {logging_mixin.py:188} INFO - [2024-04-07T15:04:23.324+0000] {dagbag.py:540} INFO - Filling up the DagBag from /home/airflow/.local/lib/python3.8/site-packages/airflow/example_dags/example_complex.py
[2024-04-07T15:04:23.342+0000] {processor.py:840} INFO - DAG(s) 'example_complex' retrieved from /home/airflow/.local/lib/python3.8/site-packages/airflow/example_dags/example_complex.py
[2024-04-07T15:04:23.409+0000] {logging_mixin.py:188} INFO - [2024-04-07T15:04:23.408+0000] {dag.py:3047} INFO - Sync 1 DAGs
[2024-04-07T15:04:23.426+0000] {logging_mixin.py:188} INFO - [2024-04-07T15:04:23.426+0000] {dag.py:3834} INFO - Setting next_dagrun for example_complex to None, run_after=None
[2024-04-07T15:04:23.455+0000] {processor.py:183} INFO - Processing /home/airflow/.local/lib/python3.8/site-packages/airflow/example_dags/example_complex.py took 0.141 seconds
[2024-04-07T15:04:53.652+0000] {processor.py:161} INFO - Started process (PID=2863) to work on /home/airflow/.local/lib/python3.8/site-packages/airflow/example_dags/example_complex.py
[2024-04-07T15:04:53.654+0000] {processor.py:830} INFO - Processing file /home/airflow/.local/lib/python3.8/site-packages/airflow/example_dags/example_complex.py for tasks to queue
[2024-04-07T15:04:53.659+0000] {logging_mixin.py:188} INFO - [2024-04-07T15:04:53.658+0000] {dagbag.py:540} INFO - Filling up the DagBag from /home/airflow/.local/lib/python3.8/site-packages/airflow/example_dags/example_complex.py
[2024-04-07T15:04:53.677+0000] {processor.py:840} INFO - DAG(s) 'example_complex' retrieved from /home/airflow/.local/lib/python3.8/site-packages/airflow/example_dags/example_complex.py
[2024-04-07T15:04:53.731+0000] {logging_mixin.py:188} INFO - [2024-04-07T15:04:53.730+0000] {dag.py:3047} INFO - Sync 1 DAGs
[2024-04-07T15:04:53.760+0000] {logging_mixin.py:188} INFO - [2024-04-07T15:04:53.759+0000] {dag.py:3834} INFO - Setting next_dagrun for example_complex to None, run_after=None
[2024-04-07T15:04:53.793+0000] {processor.py:183} INFO - Processing /home/airflow/.local/lib/python3.8/site-packages/airflow/example_dags/example_complex.py took 0.148 seconds
[2024-04-07T15:05:24.065+0000] {processor.py:161} INFO - Started process (PID=2920) to work on /home/airflow/.local/lib/python3.8/site-packages/airflow/example_dags/example_complex.py
[2024-04-07T15:05:24.067+0000] {processor.py:830} INFO - Processing file /home/airflow/.local/lib/python3.8/site-packages/airflow/example_dags/example_complex.py for tasks to queue
[2024-04-07T15:05:24.070+0000] {logging_mixin.py:188} INFO - [2024-04-07T15:05:24.069+0000] {dagbag.py:540} INFO - Filling up the DagBag from /home/airflow/.local/lib/python3.8/site-packages/airflow/example_dags/example_complex.py
[2024-04-07T15:05:24.093+0000] {processor.py:840} INFO - DAG(s) 'example_complex' retrieved from /home/airflow/.local/lib/python3.8/site-packages/airflow/example_dags/example_complex.py
[2024-04-07T15:05:24.145+0000] {logging_mixin.py:188} INFO - [2024-04-07T15:05:24.144+0000] {dag.py:3047} INFO - Sync 1 DAGs
[2024-04-07T15:05:24.163+0000] {logging_mixin.py:188} INFO - [2024-04-07T15:05:24.163+0000] {dag.py:3834} INFO - Setting next_dagrun for example_complex to None, run_after=None
[2024-04-07T15:05:24.199+0000] {processor.py:183} INFO - Processing /home/airflow/.local/lib/python3.8/site-packages/airflow/example_dags/example_complex.py took 0.140 seconds
[2024-04-07T15:05:55.163+0000] {processor.py:161} INFO - Started process (PID=2977) to work on /home/airflow/.local/lib/python3.8/site-packages/airflow/example_dags/example_complex.py
[2024-04-07T15:05:55.164+0000] {processor.py:830} INFO - Processing file /home/airflow/.local/lib/python3.8/site-packages/airflow/example_dags/example_complex.py for tasks to queue
[2024-04-07T15:05:55.167+0000] {logging_mixin.py:188} INFO - [2024-04-07T15:05:55.167+0000] {dagbag.py:540} INFO - Filling up the DagBag from /home/airflow/.local/lib/python3.8/site-packages/airflow/example_dags/example_complex.py
[2024-04-07T15:05:55.192+0000] {processor.py:840} INFO - DAG(s) 'example_complex' retrieved from /home/airflow/.local/lib/python3.8/site-packages/airflow/example_dags/example_complex.py
[2024-04-07T15:05:55.247+0000] {logging_mixin.py:188} INFO - [2024-04-07T15:05:55.247+0000] {dag.py:3047} INFO - Sync 1 DAGs
[2024-04-07T15:05:55.270+0000] {logging_mixin.py:188} INFO - [2024-04-07T15:05:55.270+0000] {dag.py:3834} INFO - Setting next_dagrun for example_complex to None, run_after=None
[2024-04-07T15:05:55.307+0000] {processor.py:183} INFO - Processing /home/airflow/.local/lib/python3.8/site-packages/airflow/example_dags/example_complex.py took 0.150 seconds
[2024-04-07T15:06:25.632+0000] {processor.py:161} INFO - Started process (PID=3034) to work on /home/airflow/.local/lib/python3.8/site-packages/airflow/example_dags/example_complex.py
[2024-04-07T15:06:25.634+0000] {processor.py:830} INFO - Processing file /home/airflow/.local/lib/python3.8/site-packages/airflow/example_dags/example_complex.py for tasks to queue
[2024-04-07T15:06:25.639+0000] {logging_mixin.py:188} INFO - [2024-04-07T15:06:25.639+0000] {dagbag.py:540} INFO - Filling up the DagBag from /home/airflow/.local/lib/python3.8/site-packages/airflow/example_dags/example_complex.py
[2024-04-07T15:06:25.665+0000] {processor.py:840} INFO - DAG(s) 'example_complex' retrieved from /home/airflow/.local/lib/python3.8/site-packages/airflow/example_dags/example_complex.py
[2024-04-07T15:06:25.731+0000] {logging_mixin.py:188} INFO - [2024-04-07T15:06:25.731+0000] {dag.py:3047} INFO - Sync 1 DAGs
[2024-04-07T15:06:25.757+0000] {logging_mixin.py:188} INFO - [2024-04-07T15:06:25.756+0000] {dag.py:3834} INFO - Setting next_dagrun for example_complex to None, run_after=None
[2024-04-07T15:06:25.799+0000] {processor.py:183} INFO - Processing /home/airflow/.local/lib/python3.8/site-packages/airflow/example_dags/example_complex.py took 0.175 seconds
[2024-04-07T15:06:55.913+0000] {processor.py:161} INFO - Started process (PID=3090) to work on /home/airflow/.local/lib/python3.8/site-packages/airflow/example_dags/example_complex.py
[2024-04-07T15:06:55.916+0000] {processor.py:830} INFO - Processing file /home/airflow/.local/lib/python3.8/site-packages/airflow/example_dags/example_complex.py for tasks to queue
[2024-04-07T15:06:55.920+0000] {logging_mixin.py:188} INFO - [2024-04-07T15:06:55.919+0000] {dagbag.py:540} INFO - Filling up the DagBag from /home/airflow/.local/lib/python3.8/site-packages/airflow/example_dags/example_complex.py
[2024-04-07T15:06:55.939+0000] {processor.py:840} INFO - DAG(s) 'example_complex' retrieved from /home/airflow/.local/lib/python3.8/site-packages/airflow/example_dags/example_complex.py
[2024-04-07T15:06:56.017+0000] {logging_mixin.py:188} INFO - [2024-04-07T15:06:56.016+0000] {dag.py:3047} INFO - Sync 1 DAGs
[2024-04-07T15:06:56.044+0000] {logging_mixin.py:188} INFO - [2024-04-07T15:06:56.043+0000] {dag.py:3834} INFO - Setting next_dagrun for example_complex to None, run_after=None
[2024-04-07T15:06:56.085+0000] {processor.py:183} INFO - Processing /home/airflow/.local/lib/python3.8/site-packages/airflow/example_dags/example_complex.py took 0.179 seconds
[2024-04-07T15:07:26.985+0000] {processor.py:161} INFO - Started process (PID=3149) to work on /home/airflow/.local/lib/python3.8/site-packages/airflow/example_dags/example_complex.py
[2024-04-07T15:07:26.987+0000] {processor.py:830} INFO - Processing file /home/airflow/.local/lib/python3.8/site-packages/airflow/example_dags/example_complex.py for tasks to queue
[2024-04-07T15:07:26.990+0000] {logging_mixin.py:188} INFO - [2024-04-07T15:07:26.989+0000] {dagbag.py:540} INFO - Filling up the DagBag from /home/airflow/.local/lib/python3.8/site-packages/airflow/example_dags/example_complex.py
[2024-04-07T15:07:27.007+0000] {processor.py:840} INFO - DAG(s) 'example_complex' retrieved from /home/airflow/.local/lib/python3.8/site-packages/airflow/example_dags/example_complex.py
[2024-04-07T15:07:27.062+0000] {logging_mixin.py:188} INFO - [2024-04-07T15:07:27.061+0000] {dag.py:3047} INFO - Sync 1 DAGs
[2024-04-07T15:07:27.082+0000] {logging_mixin.py:188} INFO - [2024-04-07T15:07:27.081+0000] {dag.py:3834} INFO - Setting next_dagrun for example_complex to None, run_after=None
[2024-04-07T15:07:27.113+0000] {processor.py:183} INFO - Processing /home/airflow/.local/lib/python3.8/site-packages/airflow/example_dags/example_complex.py took 0.132 seconds
[2024-04-07T15:07:57.293+0000] {processor.py:161} INFO - Started process (PID=3206) to work on /home/airflow/.local/lib/python3.8/site-packages/airflow/example_dags/example_complex.py
[2024-04-07T15:07:57.295+0000] {processor.py:830} INFO - Processing file /home/airflow/.local/lib/python3.8/site-packages/airflow/example_dags/example_complex.py for tasks to queue
[2024-04-07T15:07:57.297+0000] {logging_mixin.py:188} INFO - [2024-04-07T15:07:57.297+0000] {dagbag.py:540} INFO - Filling up the DagBag from /home/airflow/.local/lib/python3.8/site-packages/airflow/example_dags/example_complex.py
[2024-04-07T15:07:57.315+0000] {processor.py:840} INFO - DAG(s) 'example_complex' retrieved from /home/airflow/.local/lib/python3.8/site-packages/airflow/example_dags/example_complex.py
[2024-04-07T15:07:57.364+0000] {logging_mixin.py:188} INFO - [2024-04-07T15:07:57.364+0000] {dag.py:3047} INFO - Sync 1 DAGs
[2024-04-07T15:07:57.386+0000] {logging_mixin.py:188} INFO - [2024-04-07T15:07:57.385+0000] {dag.py:3834} INFO - Setting next_dagrun for example_complex to None, run_after=None
[2024-04-07T15:07:57.429+0000] {processor.py:183} INFO - Processing /home/airflow/.local/lib/python3.8/site-packages/airflow/example_dags/example_complex.py took 0.140 seconds
[2024-04-07T15:08:28.321+0000] {processor.py:161} INFO - Started process (PID=3263) to work on /home/airflow/.local/lib/python3.8/site-packages/airflow/example_dags/example_complex.py
[2024-04-07T15:08:28.360+0000] {processor.py:830} INFO - Processing file /home/airflow/.local/lib/python3.8/site-packages/airflow/example_dags/example_complex.py for tasks to queue
[2024-04-07T15:08:28.374+0000] {logging_mixin.py:188} INFO - [2024-04-07T15:08:28.373+0000] {dagbag.py:540} INFO - Filling up the DagBag from /home/airflow/.local/lib/python3.8/site-packages/airflow/example_dags/example_complex.py
[2024-04-07T15:08:28.448+0000] {processor.py:840} INFO - DAG(s) 'example_complex' retrieved from /home/airflow/.local/lib/python3.8/site-packages/airflow/example_dags/example_complex.py
[2024-04-07T15:08:28.673+0000] {logging_mixin.py:188} INFO - [2024-04-07T15:08:28.672+0000] {dag.py:3047} INFO - Sync 1 DAGs
[2024-04-07T15:08:28.799+0000] {logging_mixin.py:188} INFO - [2024-04-07T15:08:28.798+0000] {dag.py:3834} INFO - Setting next_dagrun for example_complex to None, run_after=None
[2024-04-07T15:08:28.971+0000] {processor.py:183} INFO - Processing /home/airflow/.local/lib/python3.8/site-packages/airflow/example_dags/example_complex.py took 0.682 seconds
[2024-04-07T15:08:59.052+0000] {processor.py:161} INFO - Started process (PID=3319) to work on /home/airflow/.local/lib/python3.8/site-packages/airflow/example_dags/example_complex.py
[2024-04-07T15:08:59.054+0000] {processor.py:830} INFO - Processing file /home/airflow/.local/lib/python3.8/site-packages/airflow/example_dags/example_complex.py for tasks to queue
[2024-04-07T15:08:59.057+0000] {logging_mixin.py:188} INFO - [2024-04-07T15:08:59.057+0000] {dagbag.py:540} INFO - Filling up the DagBag from /home/airflow/.local/lib/python3.8/site-packages/airflow/example_dags/example_complex.py
[2024-04-07T15:08:59.087+0000] {processor.py:840} INFO - DAG(s) 'example_complex' retrieved from /home/airflow/.local/lib/python3.8/site-packages/airflow/example_dags/example_complex.py
[2024-04-07T15:08:59.170+0000] {logging_mixin.py:188} INFO - [2024-04-07T15:08:59.170+0000] {dag.py:3047} INFO - Sync 1 DAGs
[2024-04-07T15:08:59.208+0000] {logging_mixin.py:188} INFO - [2024-04-07T15:08:59.207+0000] {dag.py:3834} INFO - Setting next_dagrun for example_complex to None, run_after=None
[2024-04-07T15:09:00.932+0000] {processor.py:183} INFO - Processing /home/airflow/.local/lib/python3.8/site-packages/airflow/example_dags/example_complex.py took 1.886 seconds
[2024-04-07T15:09:45.566+0000] {processor.py:161} INFO - Started process (PID=3384) to work on /home/airflow/.local/lib/python3.8/site-packages/airflow/example_dags/example_complex.py
[2024-04-07T15:09:45.580+0000] {processor.py:830} INFO - Processing file /home/airflow/.local/lib/python3.8/site-packages/airflow/example_dags/example_complex.py for tasks to queue
[2024-04-07T15:09:45.588+0000] {logging_mixin.py:188} INFO - [2024-04-07T15:09:45.584+0000] {dagbag.py:540} INFO - Filling up the DagBag from /home/airflow/.local/lib/python3.8/site-packages/airflow/example_dags/example_complex.py
[2024-04-07T15:09:45.680+0000] {processor.py:840} INFO - DAG(s) 'example_complex' retrieved from /home/airflow/.local/lib/python3.8/site-packages/airflow/example_dags/example_complex.py
[2024-04-07T15:09:45.845+0000] {logging_mixin.py:188} INFO - [2024-04-07T15:09:45.845+0000] {dag.py:3047} INFO - Sync 1 DAGs
[2024-04-07T15:09:45.905+0000] {logging_mixin.py:188} INFO - [2024-04-07T15:09:45.903+0000] {dag.py:3834} INFO - Setting next_dagrun for example_complex to None, run_after=None
[2024-04-07T15:09:45.981+0000] {processor.py:183} INFO - Processing /home/airflow/.local/lib/python3.8/site-packages/airflow/example_dags/example_complex.py took 0.431 seconds
[2024-04-07T15:10:17.279+0000] {processor.py:161} INFO - Started process (PID=3441) to work on /home/airflow/.local/lib/python3.8/site-packages/airflow/example_dags/example_complex.py
[2024-04-07T15:10:17.282+0000] {processor.py:830} INFO - Processing file /home/airflow/.local/lib/python3.8/site-packages/airflow/example_dags/example_complex.py for tasks to queue
[2024-04-07T15:10:17.291+0000] {logging_mixin.py:188} INFO - [2024-04-07T15:10:17.290+0000] {dagbag.py:540} INFO - Filling up the DagBag from /home/airflow/.local/lib/python3.8/site-packages/airflow/example_dags/example_complex.py
[2024-04-07T15:10:17.345+0000] {processor.py:840} INFO - DAG(s) 'example_complex' retrieved from /home/airflow/.local/lib/python3.8/site-packages/airflow/example_dags/example_complex.py
[2024-04-07T15:10:17.444+0000] {logging_mixin.py:188} INFO - [2024-04-07T15:10:17.444+0000] {dag.py:3047} INFO - Sync 1 DAGs
[2024-04-07T15:10:17.479+0000] {logging_mixin.py:188} INFO - [2024-04-07T15:10:17.478+0000] {dag.py:3834} INFO - Setting next_dagrun for example_complex to None, run_after=None
[2024-04-07T15:10:17.544+0000] {processor.py:183} INFO - Processing /home/airflow/.local/lib/python3.8/site-packages/airflow/example_dags/example_complex.py took 0.288 seconds
[2024-04-07T15:10:47.683+0000] {processor.py:161} INFO - Started process (PID=3496) to work on /home/airflow/.local/lib/python3.8/site-packages/airflow/example_dags/example_complex.py
[2024-04-07T15:10:47.685+0000] {processor.py:830} INFO - Processing file /home/airflow/.local/lib/python3.8/site-packages/airflow/example_dags/example_complex.py for tasks to queue
[2024-04-07T15:10:47.688+0000] {logging_mixin.py:188} INFO - [2024-04-07T15:10:47.688+0000] {dagbag.py:540} INFO - Filling up the DagBag from /home/airflow/.local/lib/python3.8/site-packages/airflow/example_dags/example_complex.py
[2024-04-07T15:10:47.717+0000] {processor.py:840} INFO - DAG(s) 'example_complex' retrieved from /home/airflow/.local/lib/python3.8/site-packages/airflow/example_dags/example_complex.py
[2024-04-07T15:10:47.818+0000] {logging_mixin.py:188} INFO - [2024-04-07T15:10:47.817+0000] {dag.py:3047} INFO - Sync 1 DAGs
[2024-04-07T15:10:47.862+0000] {logging_mixin.py:188} INFO - [2024-04-07T15:10:47.861+0000] {dag.py:3834} INFO - Setting next_dagrun for example_complex to None, run_after=None
[2024-04-07T15:10:48.173+0000] {processor.py:183} INFO - Processing /home/airflow/.local/lib/python3.8/site-packages/airflow/example_dags/example_complex.py took 0.502 seconds
[2024-04-07T15:11:19.081+0000] {processor.py:161} INFO - Started process (PID=3553) to work on /home/airflow/.local/lib/python3.8/site-packages/airflow/example_dags/example_complex.py
[2024-04-07T15:11:19.083+0000] {processor.py:830} INFO - Processing file /home/airflow/.local/lib/python3.8/site-packages/airflow/example_dags/example_complex.py for tasks to queue
[2024-04-07T15:11:19.086+0000] {logging_mixin.py:188} INFO - [2024-04-07T15:11:19.086+0000] {dagbag.py:540} INFO - Filling up the DagBag from /home/airflow/.local/lib/python3.8/site-packages/airflow/example_dags/example_complex.py
[2024-04-07T15:11:19.112+0000] {processor.py:840} INFO - DAG(s) 'example_complex' retrieved from /home/airflow/.local/lib/python3.8/site-packages/airflow/example_dags/example_complex.py
[2024-04-07T15:11:19.186+0000] {logging_mixin.py:188} INFO - [2024-04-07T15:11:19.186+0000] {dag.py:3047} INFO - Sync 1 DAGs
[2024-04-07T15:11:19.232+0000] {logging_mixin.py:188} INFO - [2024-04-07T15:11:19.232+0000] {dag.py:3834} INFO - Setting next_dagrun for example_complex to None, run_after=None
[2024-04-07T15:11:19.268+0000] {processor.py:183} INFO - Processing /home/airflow/.local/lib/python3.8/site-packages/airflow/example_dags/example_complex.py took 0.193 seconds
[2024-04-07T15:11:49.863+0000] {processor.py:161} INFO - Started process (PID=3610) to work on /home/airflow/.local/lib/python3.8/site-packages/airflow/example_dags/example_complex.py
[2024-04-07T15:11:49.866+0000] {processor.py:830} INFO - Processing file /home/airflow/.local/lib/python3.8/site-packages/airflow/example_dags/example_complex.py for tasks to queue
[2024-04-07T15:11:49.876+0000] {logging_mixin.py:188} INFO - [2024-04-07T15:11:49.875+0000] {dagbag.py:540} INFO - Filling up the DagBag from /home/airflow/.local/lib/python3.8/site-packages/airflow/example_dags/example_complex.py
[2024-04-07T15:11:49.914+0000] {processor.py:840} INFO - DAG(s) 'example_complex' retrieved from /home/airflow/.local/lib/python3.8/site-packages/airflow/example_dags/example_complex.py
[2024-04-07T15:11:50.002+0000] {logging_mixin.py:188} INFO - [2024-04-07T15:11:49.998+0000] {dag.py:3047} INFO - Sync 1 DAGs
[2024-04-07T15:11:50.043+0000] {logging_mixin.py:188} INFO - [2024-04-07T15:11:50.041+0000] {dag.py:3834} INFO - Setting next_dagrun for example_complex to None, run_after=None
[2024-04-07T15:11:50.132+0000] {processor.py:183} INFO - Processing /home/airflow/.local/lib/python3.8/site-packages/airflow/example_dags/example_complex.py took 0.277 seconds
