[2024-04-07T14:37:25.231+0000] {processor.py:161} INFO - Started process (PID=53) to work on /home/airflow/.local/lib/python3.8/site-packages/airflow/example_dags/example_sensors.py
[2024-04-07T14:37:25.268+0000] {processor.py:830} INFO - Processing file /home/airflow/.local/lib/python3.8/site-packages/airflow/example_dags/example_sensors.py for tasks to queue
[2024-04-07T14:37:25.290+0000] {logging_mixin.py:188} INFO - [2024-04-07T14:37:25.288+0000] {dagbag.py:540} INFO - Filling up the DagBag from /home/airflow/.local/lib/python3.8/site-packages/airflow/example_dags/example_sensors.py
[2024-04-07T14:37:26.094+0000] {processor.py:840} INFO - DAG(s) 'example_sensors' retrieved from /home/airflow/.local/lib/python3.8/site-packages/airflow/example_dags/example_sensors.py
[2024-04-07T14:37:27.548+0000] {logging_mixin.py:188} INFO - [2024-04-07T14:37:27.547+0000] {dag.py:3047} INFO - Sync 1 DAGs
[2024-04-07T14:37:30.820+0000] {logging_mixin.py:188} INFO - [2024-04-07T14:37:30.819+0000] {dag.py:3834} INFO - Setting next_dagrun for example_sensors to None, run_after=None
[2024-04-07T14:37:33.206+0000] {processor.py:183} INFO - Processing /home/airflow/.local/lib/python3.8/site-packages/airflow/example_dags/example_sensors.py took 8.181 seconds
[2024-04-07T14:39:12.820+0000] {processor.py:161} INFO - Started process (PID=43) to work on /home/airflow/.local/lib/python3.8/site-packages/airflow/example_dags/example_sensors.py
[2024-04-07T14:39:12.822+0000] {processor.py:830} INFO - Processing file /home/airflow/.local/lib/python3.8/site-packages/airflow/example_dags/example_sensors.py for tasks to queue
[2024-04-07T14:39:12.829+0000] {logging_mixin.py:188} INFO - [2024-04-07T14:39:12.829+0000] {dagbag.py:540} INFO - Filling up the DagBag from /home/airflow/.local/lib/python3.8/site-packages/airflow/example_dags/example_sensors.py
[2024-04-07T14:39:12.870+0000] {processor.py:840} INFO - DAG(s) 'example_sensors' retrieved from /home/airflow/.local/lib/python3.8/site-packages/airflow/example_dags/example_sensors.py
[2024-04-07T14:39:12.963+0000] {logging_mixin.py:188} INFO - [2024-04-07T14:39:12.963+0000] {dag.py:3047} INFO - Sync 1 DAGs
[2024-04-07T14:39:13.006+0000] {logging_mixin.py:188} INFO - [2024-04-07T14:39:13.006+0000] {dag.py:3834} INFO - Setting next_dagrun for example_sensors to None, run_after=None
[2024-04-07T14:39:13.096+0000] {processor.py:183} INFO - Processing /home/airflow/.local/lib/python3.8/site-packages/airflow/example_dags/example_sensors.py took 0.287 seconds
[2024-04-07T14:39:48.371+0000] {processor.py:161} INFO - Started process (PID=100) to work on /home/airflow/.local/lib/python3.8/site-packages/airflow/example_dags/example_sensors.py
[2024-04-07T14:39:48.373+0000] {processor.py:830} INFO - Processing file /home/airflow/.local/lib/python3.8/site-packages/airflow/example_dags/example_sensors.py for tasks to queue
[2024-04-07T14:39:48.377+0000] {logging_mixin.py:188} INFO - [2024-04-07T14:39:48.376+0000] {dagbag.py:540} INFO - Filling up the DagBag from /home/airflow/.local/lib/python3.8/site-packages/airflow/example_dags/example_sensors.py
[2024-04-07T14:39:48.394+0000] {processor.py:840} INFO - DAG(s) 'example_sensors' retrieved from /home/airflow/.local/lib/python3.8/site-packages/airflow/example_dags/example_sensors.py
[2024-04-07T14:39:48.440+0000] {logging_mixin.py:188} INFO - [2024-04-07T14:39:48.440+0000] {dag.py:3047} INFO - Sync 1 DAGs
[2024-04-07T14:39:48.465+0000] {logging_mixin.py:188} INFO - [2024-04-07T14:39:48.465+0000] {dag.py:3834} INFO - Setting next_dagrun for example_sensors to None, run_after=None
[2024-04-07T14:39:48.516+0000] {processor.py:183} INFO - Processing /home/airflow/.local/lib/python3.8/site-packages/airflow/example_dags/example_sensors.py took 0.151 seconds
[2024-04-07T14:40:22.396+0000] {processor.py:161} INFO - Started process (PID=157) to work on /home/airflow/.local/lib/python3.8/site-packages/airflow/example_dags/example_sensors.py
[2024-04-07T14:40:22.406+0000] {processor.py:830} INFO - Processing file /home/airflow/.local/lib/python3.8/site-packages/airflow/example_dags/example_sensors.py for tasks to queue
[2024-04-07T14:40:22.423+0000] {logging_mixin.py:188} INFO - [2024-04-07T14:40:22.422+0000] {dagbag.py:540} INFO - Filling up the DagBag from /home/airflow/.local/lib/python3.8/site-packages/airflow/example_dags/example_sensors.py
[2024-04-07T14:40:22.477+0000] {processor.py:840} INFO - DAG(s) 'example_sensors' retrieved from /home/airflow/.local/lib/python3.8/site-packages/airflow/example_dags/example_sensors.py
[2024-04-07T14:40:22.612+0000] {logging_mixin.py:188} INFO - [2024-04-07T14:40:22.611+0000] {dag.py:3047} INFO - Sync 1 DAGs
[2024-04-07T14:40:22.670+0000] {logging_mixin.py:188} INFO - [2024-04-07T14:40:22.666+0000] {dag.py:3834} INFO - Setting next_dagrun for example_sensors to None, run_after=None
[2024-04-07T14:40:22.777+0000] {processor.py:183} INFO - Processing /home/airflow/.local/lib/python3.8/site-packages/airflow/example_dags/example_sensors.py took 0.398 seconds
[2024-04-07T14:40:53.084+0000] {processor.py:161} INFO - Started process (PID=214) to work on /home/airflow/.local/lib/python3.8/site-packages/airflow/example_dags/example_sensors.py
[2024-04-07T14:40:53.087+0000] {processor.py:830} INFO - Processing file /home/airflow/.local/lib/python3.8/site-packages/airflow/example_dags/example_sensors.py for tasks to queue
[2024-04-07T14:40:53.095+0000] {logging_mixin.py:188} INFO - [2024-04-07T14:40:53.094+0000] {dagbag.py:540} INFO - Filling up the DagBag from /home/airflow/.local/lib/python3.8/site-packages/airflow/example_dags/example_sensors.py
[2024-04-07T14:40:53.125+0000] {processor.py:840} INFO - DAG(s) 'example_sensors' retrieved from /home/airflow/.local/lib/python3.8/site-packages/airflow/example_dags/example_sensors.py
[2024-04-07T14:40:53.194+0000] {logging_mixin.py:188} INFO - [2024-04-07T14:40:53.194+0000] {dag.py:3047} INFO - Sync 1 DAGs
[2024-04-07T14:40:53.226+0000] {logging_mixin.py:188} INFO - [2024-04-07T14:40:53.226+0000] {dag.py:3834} INFO - Setting next_dagrun for example_sensors to None, run_after=None
[2024-04-07T14:40:53.394+0000] {processor.py:183} INFO - Processing /home/airflow/.local/lib/python3.8/site-packages/airflow/example_dags/example_sensors.py took 0.317 seconds
[2024-04-07T14:41:27.287+0000] {processor.py:161} INFO - Started process (PID=271) to work on /home/airflow/.local/lib/python3.8/site-packages/airflow/example_dags/example_sensors.py
[2024-04-07T14:41:27.290+0000] {processor.py:830} INFO - Processing file /home/airflow/.local/lib/python3.8/site-packages/airflow/example_dags/example_sensors.py for tasks to queue
[2024-04-07T14:41:27.299+0000] {logging_mixin.py:188} INFO - [2024-04-07T14:41:27.298+0000] {dagbag.py:540} INFO - Filling up the DagBag from /home/airflow/.local/lib/python3.8/site-packages/airflow/example_dags/example_sensors.py
[2024-04-07T14:41:27.338+0000] {processor.py:840} INFO - DAG(s) 'example_sensors' retrieved from /home/airflow/.local/lib/python3.8/site-packages/airflow/example_dags/example_sensors.py
[2024-04-07T14:41:27.481+0000] {logging_mixin.py:188} INFO - [2024-04-07T14:41:27.481+0000] {dag.py:3047} INFO - Sync 1 DAGs
[2024-04-07T14:41:27.615+0000] {logging_mixin.py:188} INFO - [2024-04-07T14:41:27.614+0000] {dag.py:3834} INFO - Setting next_dagrun for example_sensors to None, run_after=None
[2024-04-07T14:41:28.338+0000] {processor.py:183} INFO - Processing /home/airflow/.local/lib/python3.8/site-packages/airflow/example_dags/example_sensors.py took 1.065 seconds
[2024-04-07T14:41:58.681+0000] {processor.py:161} INFO - Started process (PID=326) to work on /home/airflow/.local/lib/python3.8/site-packages/airflow/example_dags/example_sensors.py
[2024-04-07T14:41:58.686+0000] {processor.py:830} INFO - Processing file /home/airflow/.local/lib/python3.8/site-packages/airflow/example_dags/example_sensors.py for tasks to queue
[2024-04-07T14:41:58.695+0000] {logging_mixin.py:188} INFO - [2024-04-07T14:41:58.694+0000] {dagbag.py:540} INFO - Filling up the DagBag from /home/airflow/.local/lib/python3.8/site-packages/airflow/example_dags/example_sensors.py
[2024-04-07T14:41:58.718+0000] {processor.py:840} INFO - DAG(s) 'example_sensors' retrieved from /home/airflow/.local/lib/python3.8/site-packages/airflow/example_dags/example_sensors.py
[2024-04-07T14:41:58.816+0000] {logging_mixin.py:188} INFO - [2024-04-07T14:41:58.815+0000] {dag.py:3047} INFO - Sync 1 DAGs
[2024-04-07T14:41:58.888+0000] {logging_mixin.py:188} INFO - [2024-04-07T14:41:58.888+0000] {dag.py:3834} INFO - Setting next_dagrun for example_sensors to None, run_after=None
[2024-04-07T14:41:58.963+0000] {processor.py:183} INFO - Processing /home/airflow/.local/lib/python3.8/site-packages/airflow/example_dags/example_sensors.py took 0.289 seconds
[2024-04-07T14:42:29.123+0000] {processor.py:161} INFO - Started process (PID=383) to work on /home/airflow/.local/lib/python3.8/site-packages/airflow/example_dags/example_sensors.py
[2024-04-07T14:42:29.125+0000] {processor.py:830} INFO - Processing file /home/airflow/.local/lib/python3.8/site-packages/airflow/example_dags/example_sensors.py for tasks to queue
[2024-04-07T14:42:29.128+0000] {logging_mixin.py:188} INFO - [2024-04-07T14:42:29.128+0000] {dagbag.py:540} INFO - Filling up the DagBag from /home/airflow/.local/lib/python3.8/site-packages/airflow/example_dags/example_sensors.py
[2024-04-07T14:42:29.142+0000] {processor.py:840} INFO - DAG(s) 'example_sensors' retrieved from /home/airflow/.local/lib/python3.8/site-packages/airflow/example_dags/example_sensors.py
[2024-04-07T14:42:29.186+0000] {logging_mixin.py:188} INFO - [2024-04-07T14:42:29.185+0000] {dag.py:3047} INFO - Sync 1 DAGs
[2024-04-07T14:42:29.207+0000] {logging_mixin.py:188} INFO - [2024-04-07T14:42:29.207+0000] {dag.py:3834} INFO - Setting next_dagrun for example_sensors to None, run_after=None
[2024-04-07T14:42:29.242+0000] {processor.py:183} INFO - Processing /home/airflow/.local/lib/python3.8/site-packages/airflow/example_dags/example_sensors.py took 0.123 seconds
[2024-04-07T14:42:59.883+0000] {processor.py:161} INFO - Started process (PID=440) to work on /home/airflow/.local/lib/python3.8/site-packages/airflow/example_dags/example_sensors.py
[2024-04-07T14:42:59.885+0000] {processor.py:830} INFO - Processing file /home/airflow/.local/lib/python3.8/site-packages/airflow/example_dags/example_sensors.py for tasks to queue
[2024-04-07T14:42:59.891+0000] {logging_mixin.py:188} INFO - [2024-04-07T14:42:59.890+0000] {dagbag.py:540} INFO - Filling up the DagBag from /home/airflow/.local/lib/python3.8/site-packages/airflow/example_dags/example_sensors.py
[2024-04-07T14:42:59.907+0000] {processor.py:840} INFO - DAG(s) 'example_sensors' retrieved from /home/airflow/.local/lib/python3.8/site-packages/airflow/example_dags/example_sensors.py
[2024-04-07T14:42:59.951+0000] {logging_mixin.py:188} INFO - [2024-04-07T14:42:59.951+0000] {dag.py:3047} INFO - Sync 1 DAGs
[2024-04-07T14:42:59.978+0000] {logging_mixin.py:188} INFO - [2024-04-07T14:42:59.978+0000] {dag.py:3834} INFO - Setting next_dagrun for example_sensors to None, run_after=None
[2024-04-07T14:43:00.065+0000] {processor.py:183} INFO - Processing /home/airflow/.local/lib/python3.8/site-packages/airflow/example_dags/example_sensors.py took 0.187 seconds
[2024-04-07T14:43:30.585+0000] {processor.py:161} INFO - Started process (PID=504) to work on /home/airflow/.local/lib/python3.8/site-packages/airflow/example_dags/example_sensors.py
[2024-04-07T14:43:30.587+0000] {processor.py:830} INFO - Processing file /home/airflow/.local/lib/python3.8/site-packages/airflow/example_dags/example_sensors.py for tasks to queue
[2024-04-07T14:43:30.590+0000] {logging_mixin.py:188} INFO - [2024-04-07T14:43:30.589+0000] {dagbag.py:540} INFO - Filling up the DagBag from /home/airflow/.local/lib/python3.8/site-packages/airflow/example_dags/example_sensors.py
[2024-04-07T14:43:30.603+0000] {processor.py:840} INFO - DAG(s) 'example_sensors' retrieved from /home/airflow/.local/lib/python3.8/site-packages/airflow/example_dags/example_sensors.py
[2024-04-07T14:43:30.649+0000] {logging_mixin.py:188} INFO - [2024-04-07T14:43:30.648+0000] {dag.py:3047} INFO - Sync 1 DAGs
[2024-04-07T14:43:30.669+0000] {logging_mixin.py:188} INFO - [2024-04-07T14:43:30.669+0000] {dag.py:3834} INFO - Setting next_dagrun for example_sensors to None, run_after=None
[2024-04-07T14:43:30.704+0000] {processor.py:183} INFO - Processing /home/airflow/.local/lib/python3.8/site-packages/airflow/example_dags/example_sensors.py took 0.124 seconds
[2024-04-07T14:44:00.999+0000] {processor.py:161} INFO - Started process (PID=561) to work on /home/airflow/.local/lib/python3.8/site-packages/airflow/example_dags/example_sensors.py
[2024-04-07T14:44:01.002+0000] {processor.py:830} INFO - Processing file /home/airflow/.local/lib/python3.8/site-packages/airflow/example_dags/example_sensors.py for tasks to queue
[2024-04-07T14:44:01.007+0000] {logging_mixin.py:188} INFO - [2024-04-07T14:44:01.006+0000] {dagbag.py:540} INFO - Filling up the DagBag from /home/airflow/.local/lib/python3.8/site-packages/airflow/example_dags/example_sensors.py
[2024-04-07T14:44:01.035+0000] {processor.py:840} INFO - DAG(s) 'example_sensors' retrieved from /home/airflow/.local/lib/python3.8/site-packages/airflow/example_dags/example_sensors.py
[2024-04-07T14:44:01.112+0000] {logging_mixin.py:188} INFO - [2024-04-07T14:44:01.111+0000] {dag.py:3047} INFO - Sync 1 DAGs
[2024-04-07T14:44:01.133+0000] {logging_mixin.py:188} INFO - [2024-04-07T14:44:01.133+0000] {dag.py:3834} INFO - Setting next_dagrun for example_sensors to None, run_after=None
[2024-04-07T14:44:01.202+0000] {processor.py:183} INFO - Processing /home/airflow/.local/lib/python3.8/site-packages/airflow/example_dags/example_sensors.py took 0.210 seconds
[2024-04-07T14:44:31.303+0000] {processor.py:161} INFO - Started process (PID=617) to work on /home/airflow/.local/lib/python3.8/site-packages/airflow/example_dags/example_sensors.py
[2024-04-07T14:44:31.306+0000] {processor.py:830} INFO - Processing file /home/airflow/.local/lib/python3.8/site-packages/airflow/example_dags/example_sensors.py for tasks to queue
[2024-04-07T14:44:31.310+0000] {logging_mixin.py:188} INFO - [2024-04-07T14:44:31.310+0000] {dagbag.py:540} INFO - Filling up the DagBag from /home/airflow/.local/lib/python3.8/site-packages/airflow/example_dags/example_sensors.py
[2024-04-07T14:44:31.351+0000] {processor.py:840} INFO - DAG(s) 'example_sensors' retrieved from /home/airflow/.local/lib/python3.8/site-packages/airflow/example_dags/example_sensors.py
[2024-04-07T14:44:31.484+0000] {logging_mixin.py:188} INFO - [2024-04-07T14:44:31.484+0000] {dag.py:3047} INFO - Sync 1 DAGs
[2024-04-07T14:44:31.523+0000] {logging_mixin.py:188} INFO - [2024-04-07T14:44:31.522+0000] {dag.py:3834} INFO - Setting next_dagrun for example_sensors to None, run_after=None
[2024-04-07T14:44:31.659+0000] {processor.py:183} INFO - Processing /home/airflow/.local/lib/python3.8/site-packages/airflow/example_dags/example_sensors.py took 0.370 seconds
[2024-04-07T14:45:07.450+0000] {processor.py:161} INFO - Started process (PID=662) to work on /home/airflow/.local/lib/python3.8/site-packages/airflow/example_dags/example_sensors.py
[2024-04-07T14:45:07.452+0000] {processor.py:830} INFO - Processing file /home/airflow/.local/lib/python3.8/site-packages/airflow/example_dags/example_sensors.py for tasks to queue
[2024-04-07T14:45:07.456+0000] {logging_mixin.py:188} INFO - [2024-04-07T14:45:07.455+0000] {dagbag.py:540} INFO - Filling up the DagBag from /home/airflow/.local/lib/python3.8/site-packages/airflow/example_dags/example_sensors.py
[2024-04-07T14:45:07.486+0000] {processor.py:840} INFO - DAG(s) 'example_sensors' retrieved from /home/airflow/.local/lib/python3.8/site-packages/airflow/example_dags/example_sensors.py
[2024-04-07T14:45:07.604+0000] {logging_mixin.py:188} INFO - [2024-04-07T14:45:07.604+0000] {dag.py:3047} INFO - Sync 1 DAGs
[2024-04-07T14:45:07.641+0000] {logging_mixin.py:188} INFO - [2024-04-07T14:45:07.641+0000] {dag.py:3834} INFO - Setting next_dagrun for example_sensors to None, run_after=None
[2024-04-07T14:45:08.659+0000] {processor.py:183} INFO - Processing /home/airflow/.local/lib/python3.8/site-packages/airflow/example_dags/example_sensors.py took 1.216 seconds
[2024-04-07T14:45:38.829+0000] {processor.py:161} INFO - Started process (PID=719) to work on /home/airflow/.local/lib/python3.8/site-packages/airflow/example_dags/example_sensors.py
[2024-04-07T14:45:38.838+0000] {processor.py:830} INFO - Processing file /home/airflow/.local/lib/python3.8/site-packages/airflow/example_dags/example_sensors.py for tasks to queue
[2024-04-07T14:45:38.842+0000] {logging_mixin.py:188} INFO - [2024-04-07T14:45:38.841+0000] {dagbag.py:540} INFO - Filling up the DagBag from /home/airflow/.local/lib/python3.8/site-packages/airflow/example_dags/example_sensors.py
[2024-04-07T14:45:38.888+0000] {processor.py:840} INFO - DAG(s) 'example_sensors' retrieved from /home/airflow/.local/lib/python3.8/site-packages/airflow/example_dags/example_sensors.py
[2024-04-07T14:45:39.002+0000] {logging_mixin.py:188} INFO - [2024-04-07T14:45:39.001+0000] {dag.py:3047} INFO - Sync 1 DAGs
[2024-04-07T14:45:39.058+0000] {logging_mixin.py:188} INFO - [2024-04-07T14:45:39.058+0000] {dag.py:3834} INFO - Setting next_dagrun for example_sensors to None, run_after=None
[2024-04-07T14:45:39.155+0000] {processor.py:183} INFO - Processing /home/airflow/.local/lib/python3.8/site-packages/airflow/example_dags/example_sensors.py took 0.343 seconds
[2024-04-07T14:46:09.919+0000] {processor.py:161} INFO - Started process (PID=776) to work on /home/airflow/.local/lib/python3.8/site-packages/airflow/example_dags/example_sensors.py
[2024-04-07T14:46:09.921+0000] {processor.py:830} INFO - Processing file /home/airflow/.local/lib/python3.8/site-packages/airflow/example_dags/example_sensors.py for tasks to queue
[2024-04-07T14:46:09.924+0000] {logging_mixin.py:188} INFO - [2024-04-07T14:46:09.924+0000] {dagbag.py:540} INFO - Filling up the DagBag from /home/airflow/.local/lib/python3.8/site-packages/airflow/example_dags/example_sensors.py
[2024-04-07T14:46:09.942+0000] {processor.py:840} INFO - DAG(s) 'example_sensors' retrieved from /home/airflow/.local/lib/python3.8/site-packages/airflow/example_dags/example_sensors.py
[2024-04-07T14:46:09.996+0000] {logging_mixin.py:188} INFO - [2024-04-07T14:46:09.995+0000] {dag.py:3047} INFO - Sync 1 DAGs
[2024-04-07T14:46:10.031+0000] {logging_mixin.py:188} INFO - [2024-04-07T14:46:10.031+0000] {dag.py:3834} INFO - Setting next_dagrun for example_sensors to None, run_after=None
[2024-04-07T14:46:10.107+0000] {processor.py:183} INFO - Processing /home/airflow/.local/lib/python3.8/site-packages/airflow/example_dags/example_sensors.py took 0.196 seconds
[2024-04-07T14:46:40.744+0000] {processor.py:161} INFO - Started process (PID=833) to work on /home/airflow/.local/lib/python3.8/site-packages/airflow/example_dags/example_sensors.py
[2024-04-07T14:46:40.773+0000] {processor.py:830} INFO - Processing file /home/airflow/.local/lib/python3.8/site-packages/airflow/example_dags/example_sensors.py for tasks to queue
[2024-04-07T14:46:40.780+0000] {logging_mixin.py:188} INFO - [2024-04-07T14:46:40.779+0000] {dagbag.py:540} INFO - Filling up the DagBag from /home/airflow/.local/lib/python3.8/site-packages/airflow/example_dags/example_sensors.py
[2024-04-07T14:46:40.843+0000] {processor.py:840} INFO - DAG(s) 'example_sensors' retrieved from /home/airflow/.local/lib/python3.8/site-packages/airflow/example_dags/example_sensors.py
[2024-04-07T14:46:40.967+0000] {logging_mixin.py:188} INFO - [2024-04-07T14:46:40.964+0000] {dag.py:3047} INFO - Sync 1 DAGs
[2024-04-07T14:46:41.019+0000] {logging_mixin.py:188} INFO - [2024-04-07T14:46:41.019+0000] {dag.py:3834} INFO - Setting next_dagrun for example_sensors to None, run_after=None
[2024-04-07T14:46:41.162+0000] {processor.py:183} INFO - Processing /home/airflow/.local/lib/python3.8/site-packages/airflow/example_dags/example_sensors.py took 0.435 seconds
[2024-04-07T14:47:11.662+0000] {processor.py:161} INFO - Started process (PID=890) to work on /home/airflow/.local/lib/python3.8/site-packages/airflow/example_dags/example_sensors.py
[2024-04-07T14:47:11.665+0000] {processor.py:830} INFO - Processing file /home/airflow/.local/lib/python3.8/site-packages/airflow/example_dags/example_sensors.py for tasks to queue
[2024-04-07T14:47:11.672+0000] {logging_mixin.py:188} INFO - [2024-04-07T14:47:11.671+0000] {dagbag.py:540} INFO - Filling up the DagBag from /home/airflow/.local/lib/python3.8/site-packages/airflow/example_dags/example_sensors.py
[2024-04-07T14:47:11.702+0000] {processor.py:840} INFO - DAG(s) 'example_sensors' retrieved from /home/airflow/.local/lib/python3.8/site-packages/airflow/example_dags/example_sensors.py
[2024-04-07T14:47:11.750+0000] {logging_mixin.py:188} INFO - [2024-04-07T14:47:11.749+0000] {dag.py:3047} INFO - Sync 1 DAGs
[2024-04-07T14:47:11.776+0000] {logging_mixin.py:188} INFO - [2024-04-07T14:47:11.776+0000] {dag.py:3834} INFO - Setting next_dagrun for example_sensors to None, run_after=None
[2024-04-07T14:47:11.949+0000] {processor.py:183} INFO - Processing /home/airflow/.local/lib/python3.8/site-packages/airflow/example_dags/example_sensors.py took 0.296 seconds
[2024-04-07T14:47:42.088+0000] {processor.py:161} INFO - Started process (PID=947) to work on /home/airflow/.local/lib/python3.8/site-packages/airflow/example_dags/example_sensors.py
[2024-04-07T14:47:42.091+0000] {processor.py:830} INFO - Processing file /home/airflow/.local/lib/python3.8/site-packages/airflow/example_dags/example_sensors.py for tasks to queue
[2024-04-07T14:47:42.097+0000] {logging_mixin.py:188} INFO - [2024-04-07T14:47:42.097+0000] {dagbag.py:540} INFO - Filling up the DagBag from /home/airflow/.local/lib/python3.8/site-packages/airflow/example_dags/example_sensors.py
[2024-04-07T14:47:42.125+0000] {processor.py:840} INFO - DAG(s) 'example_sensors' retrieved from /home/airflow/.local/lib/python3.8/site-packages/airflow/example_dags/example_sensors.py
[2024-04-07T14:47:42.204+0000] {logging_mixin.py:188} INFO - [2024-04-07T14:47:42.203+0000] {dag.py:3047} INFO - Sync 1 DAGs
[2024-04-07T14:47:42.244+0000] {logging_mixin.py:188} INFO - [2024-04-07T14:47:42.243+0000] {dag.py:3834} INFO - Setting next_dagrun for example_sensors to None, run_after=None
[2024-04-07T14:47:42.289+0000] {processor.py:183} INFO - Processing /home/airflow/.local/lib/python3.8/site-packages/airflow/example_dags/example_sensors.py took 0.209 seconds
[2024-04-07T14:48:12.467+0000] {processor.py:161} INFO - Started process (PID=1004) to work on /home/airflow/.local/lib/python3.8/site-packages/airflow/example_dags/example_sensors.py
[2024-04-07T14:48:12.469+0000] {processor.py:830} INFO - Processing file /home/airflow/.local/lib/python3.8/site-packages/airflow/example_dags/example_sensors.py for tasks to queue
[2024-04-07T14:48:12.472+0000] {logging_mixin.py:188} INFO - [2024-04-07T14:48:12.472+0000] {dagbag.py:540} INFO - Filling up the DagBag from /home/airflow/.local/lib/python3.8/site-packages/airflow/example_dags/example_sensors.py
[2024-04-07T14:48:12.488+0000] {processor.py:840} INFO - DAG(s) 'example_sensors' retrieved from /home/airflow/.local/lib/python3.8/site-packages/airflow/example_dags/example_sensors.py
[2024-04-07T14:48:12.552+0000] {logging_mixin.py:188} INFO - [2024-04-07T14:48:12.551+0000] {dag.py:3047} INFO - Sync 1 DAGs
[2024-04-07T14:48:12.591+0000] {logging_mixin.py:188} INFO - [2024-04-07T14:48:12.591+0000] {dag.py:3834} INFO - Setting next_dagrun for example_sensors to None, run_after=None
[2024-04-07T14:48:12.646+0000] {processor.py:183} INFO - Processing /home/airflow/.local/lib/python3.8/site-packages/airflow/example_dags/example_sensors.py took 0.185 seconds
[2024-04-07T14:48:42.918+0000] {processor.py:161} INFO - Started process (PID=1061) to work on /home/airflow/.local/lib/python3.8/site-packages/airflow/example_dags/example_sensors.py
[2024-04-07T14:48:42.921+0000] {processor.py:830} INFO - Processing file /home/airflow/.local/lib/python3.8/site-packages/airflow/example_dags/example_sensors.py for tasks to queue
[2024-04-07T14:48:42.925+0000] {logging_mixin.py:188} INFO - [2024-04-07T14:48:42.924+0000] {dagbag.py:540} INFO - Filling up the DagBag from /home/airflow/.local/lib/python3.8/site-packages/airflow/example_dags/example_sensors.py
[2024-04-07T14:48:43.004+0000] {processor.py:840} INFO - DAG(s) 'example_sensors' retrieved from /home/airflow/.local/lib/python3.8/site-packages/airflow/example_dags/example_sensors.py
[2024-04-07T14:48:43.112+0000] {logging_mixin.py:188} INFO - [2024-04-07T14:48:43.111+0000] {dag.py:3047} INFO - Sync 1 DAGs
[2024-04-07T14:48:43.157+0000] {logging_mixin.py:188} INFO - [2024-04-07T14:48:43.157+0000] {dag.py:3834} INFO - Setting next_dagrun for example_sensors to None, run_after=None
[2024-04-07T14:48:43.255+0000] {processor.py:183} INFO - Processing /home/airflow/.local/lib/python3.8/site-packages/airflow/example_dags/example_sensors.py took 0.345 seconds
[2024-04-07T14:49:13.965+0000] {processor.py:161} INFO - Started process (PID=1118) to work on /home/airflow/.local/lib/python3.8/site-packages/airflow/example_dags/example_sensors.py
[2024-04-07T14:49:13.966+0000] {processor.py:830} INFO - Processing file /home/airflow/.local/lib/python3.8/site-packages/airflow/example_dags/example_sensors.py for tasks to queue
[2024-04-07T14:49:13.975+0000] {logging_mixin.py:188} INFO - [2024-04-07T14:49:13.975+0000] {dagbag.py:540} INFO - Filling up the DagBag from /home/airflow/.local/lib/python3.8/site-packages/airflow/example_dags/example_sensors.py
[2024-04-07T14:49:13.997+0000] {processor.py:840} INFO - DAG(s) 'example_sensors' retrieved from /home/airflow/.local/lib/python3.8/site-packages/airflow/example_dags/example_sensors.py
[2024-04-07T14:49:14.063+0000] {logging_mixin.py:188} INFO - [2024-04-07T14:49:14.062+0000] {dag.py:3047} INFO - Sync 1 DAGs
[2024-04-07T14:49:14.091+0000] {logging_mixin.py:188} INFO - [2024-04-07T14:49:14.091+0000] {dag.py:3834} INFO - Setting next_dagrun for example_sensors to None, run_after=None
[2024-04-07T14:49:14.166+0000] {processor.py:183} INFO - Processing /home/airflow/.local/lib/python3.8/site-packages/airflow/example_dags/example_sensors.py took 0.208 seconds
[2024-04-07T14:49:44.719+0000] {processor.py:161} INFO - Started process (PID=1175) to work on /home/airflow/.local/lib/python3.8/site-packages/airflow/example_dags/example_sensors.py
[2024-04-07T14:49:44.725+0000] {processor.py:830} INFO - Processing file /home/airflow/.local/lib/python3.8/site-packages/airflow/example_dags/example_sensors.py for tasks to queue
[2024-04-07T14:49:44.731+0000] {logging_mixin.py:188} INFO - [2024-04-07T14:49:44.730+0000] {dagbag.py:540} INFO - Filling up the DagBag from /home/airflow/.local/lib/python3.8/site-packages/airflow/example_dags/example_sensors.py
[2024-04-07T14:49:44.780+0000] {processor.py:840} INFO - DAG(s) 'example_sensors' retrieved from /home/airflow/.local/lib/python3.8/site-packages/airflow/example_dags/example_sensors.py
[2024-04-07T14:49:44.943+0000] {logging_mixin.py:188} INFO - [2024-04-07T14:49:44.943+0000] {dag.py:3047} INFO - Sync 1 DAGs
[2024-04-07T14:49:45.119+0000] {logging_mixin.py:188} INFO - [2024-04-07T14:49:45.119+0000] {dag.py:3834} INFO - Setting next_dagrun for example_sensors to None, run_after=None
[2024-04-07T14:49:45.336+0000] {processor.py:183} INFO - Processing /home/airflow/.local/lib/python3.8/site-packages/airflow/example_dags/example_sensors.py took 0.626 seconds
[2024-04-07T14:50:15.872+0000] {processor.py:161} INFO - Started process (PID=1232) to work on /home/airflow/.local/lib/python3.8/site-packages/airflow/example_dags/example_sensors.py
[2024-04-07T14:50:15.874+0000] {processor.py:830} INFO - Processing file /home/airflow/.local/lib/python3.8/site-packages/airflow/example_dags/example_sensors.py for tasks to queue
[2024-04-07T14:50:15.880+0000] {logging_mixin.py:188} INFO - [2024-04-07T14:50:15.879+0000] {dagbag.py:540} INFO - Filling up the DagBag from /home/airflow/.local/lib/python3.8/site-packages/airflow/example_dags/example_sensors.py
[2024-04-07T14:50:15.910+0000] {processor.py:840} INFO - DAG(s) 'example_sensors' retrieved from /home/airflow/.local/lib/python3.8/site-packages/airflow/example_dags/example_sensors.py
[2024-04-07T14:50:15.976+0000] {logging_mixin.py:188} INFO - [2024-04-07T14:50:15.976+0000] {dag.py:3047} INFO - Sync 1 DAGs
[2024-04-07T14:50:16.010+0000] {logging_mixin.py:188} INFO - [2024-04-07T14:50:16.009+0000] {dag.py:3834} INFO - Setting next_dagrun for example_sensors to None, run_after=None
[2024-04-07T14:50:16.081+0000] {processor.py:183} INFO - Processing /home/airflow/.local/lib/python3.8/site-packages/airflow/example_dags/example_sensors.py took 0.216 seconds
[2024-04-07T14:50:46.963+0000] {processor.py:161} INFO - Started process (PID=1290) to work on /home/airflow/.local/lib/python3.8/site-packages/airflow/example_dags/example_sensors.py
[2024-04-07T14:50:46.965+0000] {processor.py:830} INFO - Processing file /home/airflow/.local/lib/python3.8/site-packages/airflow/example_dags/example_sensors.py for tasks to queue
[2024-04-07T14:50:46.971+0000] {logging_mixin.py:188} INFO - [2024-04-07T14:50:46.970+0000] {dagbag.py:540} INFO - Filling up the DagBag from /home/airflow/.local/lib/python3.8/site-packages/airflow/example_dags/example_sensors.py
[2024-04-07T14:50:46.998+0000] {processor.py:840} INFO - DAG(s) 'example_sensors' retrieved from /home/airflow/.local/lib/python3.8/site-packages/airflow/example_dags/example_sensors.py
[2024-04-07T14:50:47.069+0000] {logging_mixin.py:188} INFO - [2024-04-07T14:50:47.069+0000] {dag.py:3047} INFO - Sync 1 DAGs
[2024-04-07T14:50:47.105+0000] {logging_mixin.py:188} INFO - [2024-04-07T14:50:47.105+0000] {dag.py:3834} INFO - Setting next_dagrun for example_sensors to None, run_after=None
[2024-04-07T14:50:47.190+0000] {processor.py:183} INFO - Processing /home/airflow/.local/lib/python3.8/site-packages/airflow/example_dags/example_sensors.py took 0.235 seconds
[2024-04-07T14:51:17.331+0000] {processor.py:161} INFO - Started process (PID=1346) to work on /home/airflow/.local/lib/python3.8/site-packages/airflow/example_dags/example_sensors.py
[2024-04-07T14:51:17.334+0000] {processor.py:830} INFO - Processing file /home/airflow/.local/lib/python3.8/site-packages/airflow/example_dags/example_sensors.py for tasks to queue
[2024-04-07T14:51:17.339+0000] {logging_mixin.py:188} INFO - [2024-04-07T14:51:17.338+0000] {dagbag.py:540} INFO - Filling up the DagBag from /home/airflow/.local/lib/python3.8/site-packages/airflow/example_dags/example_sensors.py
[2024-04-07T14:51:17.365+0000] {processor.py:840} INFO - DAG(s) 'example_sensors' retrieved from /home/airflow/.local/lib/python3.8/site-packages/airflow/example_dags/example_sensors.py
[2024-04-07T14:51:17.442+0000] {logging_mixin.py:188} INFO - [2024-04-07T14:51:17.441+0000] {dag.py:3047} INFO - Sync 1 DAGs
[2024-04-07T14:51:17.472+0000] {logging_mixin.py:188} INFO - [2024-04-07T14:51:17.472+0000] {dag.py:3834} INFO - Setting next_dagrun for example_sensors to None, run_after=None
[2024-04-07T14:51:17.704+0000] {processor.py:183} INFO - Processing /home/airflow/.local/lib/python3.8/site-packages/airflow/example_dags/example_sensors.py took 0.383 seconds
[2024-04-07T14:51:48.493+0000] {processor.py:161} INFO - Started process (PID=1404) to work on /home/airflow/.local/lib/python3.8/site-packages/airflow/example_dags/example_sensors.py
[2024-04-07T14:51:48.502+0000] {processor.py:830} INFO - Processing file /home/airflow/.local/lib/python3.8/site-packages/airflow/example_dags/example_sensors.py for tasks to queue
[2024-04-07T14:51:48.511+0000] {logging_mixin.py:188} INFO - [2024-04-07T14:51:48.511+0000] {dagbag.py:540} INFO - Filling up the DagBag from /home/airflow/.local/lib/python3.8/site-packages/airflow/example_dags/example_sensors.py
[2024-04-07T14:51:48.573+0000] {processor.py:840} INFO - DAG(s) 'example_sensors' retrieved from /home/airflow/.local/lib/python3.8/site-packages/airflow/example_dags/example_sensors.py
[2024-04-07T14:51:48.708+0000] {logging_mixin.py:188} INFO - [2024-04-07T14:51:48.708+0000] {dag.py:3047} INFO - Sync 1 DAGs
[2024-04-07T14:51:48.802+0000] {logging_mixin.py:188} INFO - [2024-04-07T14:51:48.794+0000] {dag.py:3834} INFO - Setting next_dagrun for example_sensors to None, run_after=None
[2024-04-07T14:51:48.978+0000] {processor.py:183} INFO - Processing /home/airflow/.local/lib/python3.8/site-packages/airflow/example_dags/example_sensors.py took 0.506 seconds
[2024-04-07T14:52:19.198+0000] {processor.py:161} INFO - Started process (PID=1461) to work on /home/airflow/.local/lib/python3.8/site-packages/airflow/example_dags/example_sensors.py
[2024-04-07T14:52:19.200+0000] {processor.py:830} INFO - Processing file /home/airflow/.local/lib/python3.8/site-packages/airflow/example_dags/example_sensors.py for tasks to queue
[2024-04-07T14:52:19.203+0000] {logging_mixin.py:188} INFO - [2024-04-07T14:52:19.202+0000] {dagbag.py:540} INFO - Filling up the DagBag from /home/airflow/.local/lib/python3.8/site-packages/airflow/example_dags/example_sensors.py
[2024-04-07T14:52:19.222+0000] {processor.py:840} INFO - DAG(s) 'example_sensors' retrieved from /home/airflow/.local/lib/python3.8/site-packages/airflow/example_dags/example_sensors.py
[2024-04-07T14:52:19.271+0000] {logging_mixin.py:188} INFO - [2024-04-07T14:52:19.270+0000] {dag.py:3047} INFO - Sync 1 DAGs
[2024-04-07T14:52:19.293+0000] {logging_mixin.py:188} INFO - [2024-04-07T14:52:19.293+0000] {dag.py:3834} INFO - Setting next_dagrun for example_sensors to None, run_after=None
[2024-04-07T14:52:19.344+0000] {processor.py:183} INFO - Processing /home/airflow/.local/lib/python3.8/site-packages/airflow/example_dags/example_sensors.py took 0.152 seconds
[2024-04-07T14:52:49.696+0000] {processor.py:161} INFO - Started process (PID=1516) to work on /home/airflow/.local/lib/python3.8/site-packages/airflow/example_dags/example_sensors.py
[2024-04-07T14:52:49.703+0000] {processor.py:830} INFO - Processing file /home/airflow/.local/lib/python3.8/site-packages/airflow/example_dags/example_sensors.py for tasks to queue
[2024-04-07T14:52:49.718+0000] {logging_mixin.py:188} INFO - [2024-04-07T14:52:49.717+0000] {dagbag.py:540} INFO - Filling up the DagBag from /home/airflow/.local/lib/python3.8/site-packages/airflow/example_dags/example_sensors.py
[2024-04-07T14:52:49.757+0000] {processor.py:840} INFO - DAG(s) 'example_sensors' retrieved from /home/airflow/.local/lib/python3.8/site-packages/airflow/example_dags/example_sensors.py
[2024-04-07T14:52:49.819+0000] {logging_mixin.py:188} INFO - [2024-04-07T14:52:49.818+0000] {dag.py:3047} INFO - Sync 1 DAGs
[2024-04-07T14:52:49.852+0000] {logging_mixin.py:188} INFO - [2024-04-07T14:52:49.851+0000] {dag.py:3834} INFO - Setting next_dagrun for example_sensors to None, run_after=None
[2024-04-07T14:52:49.901+0000] {processor.py:183} INFO - Processing /home/airflow/.local/lib/python3.8/site-packages/airflow/example_dags/example_sensors.py took 0.213 seconds
[2024-04-07T14:53:20.102+0000] {processor.py:161} INFO - Started process (PID=1573) to work on /home/airflow/.local/lib/python3.8/site-packages/airflow/example_dags/example_sensors.py
[2024-04-07T14:53:20.107+0000] {processor.py:830} INFO - Processing file /home/airflow/.local/lib/python3.8/site-packages/airflow/example_dags/example_sensors.py for tasks to queue
[2024-04-07T14:53:20.120+0000] {logging_mixin.py:188} INFO - [2024-04-07T14:53:20.119+0000] {dagbag.py:540} INFO - Filling up the DagBag from /home/airflow/.local/lib/python3.8/site-packages/airflow/example_dags/example_sensors.py
[2024-04-07T14:53:20.162+0000] {processor.py:840} INFO - DAG(s) 'example_sensors' retrieved from /home/airflow/.local/lib/python3.8/site-packages/airflow/example_dags/example_sensors.py
[2024-04-07T14:53:20.220+0000] {logging_mixin.py:188} INFO - [2024-04-07T14:53:20.220+0000] {dag.py:3047} INFO - Sync 1 DAGs
[2024-04-07T14:53:20.249+0000] {logging_mixin.py:188} INFO - [2024-04-07T14:53:20.248+0000] {dag.py:3834} INFO - Setting next_dagrun for example_sensors to None, run_after=None
[2024-04-07T14:53:20.295+0000] {processor.py:183} INFO - Processing /home/airflow/.local/lib/python3.8/site-packages/airflow/example_dags/example_sensors.py took 0.198 seconds
[2024-04-07T14:53:50.795+0000] {processor.py:161} INFO - Started process (PID=1630) to work on /home/airflow/.local/lib/python3.8/site-packages/airflow/example_dags/example_sensors.py
[2024-04-07T14:53:50.798+0000] {processor.py:830} INFO - Processing file /home/airflow/.local/lib/python3.8/site-packages/airflow/example_dags/example_sensors.py for tasks to queue
[2024-04-07T14:53:50.805+0000] {logging_mixin.py:188} INFO - [2024-04-07T14:53:50.804+0000] {dagbag.py:540} INFO - Filling up the DagBag from /home/airflow/.local/lib/python3.8/site-packages/airflow/example_dags/example_sensors.py
[2024-04-07T14:53:50.824+0000] {processor.py:840} INFO - DAG(s) 'example_sensors' retrieved from /home/airflow/.local/lib/python3.8/site-packages/airflow/example_dags/example_sensors.py
[2024-04-07T14:53:50.903+0000] {logging_mixin.py:188} INFO - [2024-04-07T14:53:50.902+0000] {dag.py:3047} INFO - Sync 1 DAGs
[2024-04-07T14:53:50.926+0000] {logging_mixin.py:188} INFO - [2024-04-07T14:53:50.926+0000] {dag.py:3834} INFO - Setting next_dagrun for example_sensors to None, run_after=None
[2024-04-07T14:53:50.964+0000] {processor.py:183} INFO - Processing /home/airflow/.local/lib/python3.8/site-packages/airflow/example_dags/example_sensors.py took 0.179 seconds
[2024-04-07T14:54:21.717+0000] {processor.py:161} INFO - Started process (PID=1687) to work on /home/airflow/.local/lib/python3.8/site-packages/airflow/example_dags/example_sensors.py
[2024-04-07T14:54:21.719+0000] {processor.py:830} INFO - Processing file /home/airflow/.local/lib/python3.8/site-packages/airflow/example_dags/example_sensors.py for tasks to queue
[2024-04-07T14:54:21.722+0000] {logging_mixin.py:188} INFO - [2024-04-07T14:54:21.721+0000] {dagbag.py:540} INFO - Filling up the DagBag from /home/airflow/.local/lib/python3.8/site-packages/airflow/example_dags/example_sensors.py
[2024-04-07T14:54:21.737+0000] {processor.py:840} INFO - DAG(s) 'example_sensors' retrieved from /home/airflow/.local/lib/python3.8/site-packages/airflow/example_dags/example_sensors.py
[2024-04-07T14:54:21.777+0000] {logging_mixin.py:188} INFO - [2024-04-07T14:54:21.776+0000] {dag.py:3047} INFO - Sync 1 DAGs
[2024-04-07T14:54:21.796+0000] {logging_mixin.py:188} INFO - [2024-04-07T14:54:21.796+0000] {dag.py:3834} INFO - Setting next_dagrun for example_sensors to None, run_after=None
[2024-04-07T14:54:21.831+0000] {processor.py:183} INFO - Processing /home/airflow/.local/lib/python3.8/site-packages/airflow/example_dags/example_sensors.py took 0.122 seconds
[2024-04-07T14:54:52.262+0000] {processor.py:161} INFO - Started process (PID=1744) to work on /home/airflow/.local/lib/python3.8/site-packages/airflow/example_dags/example_sensors.py
[2024-04-07T14:54:52.264+0000] {processor.py:830} INFO - Processing file /home/airflow/.local/lib/python3.8/site-packages/airflow/example_dags/example_sensors.py for tasks to queue
[2024-04-07T14:54:52.269+0000] {logging_mixin.py:188} INFO - [2024-04-07T14:54:52.269+0000] {dagbag.py:540} INFO - Filling up the DagBag from /home/airflow/.local/lib/python3.8/site-packages/airflow/example_dags/example_sensors.py
[2024-04-07T14:54:52.291+0000] {processor.py:840} INFO - DAG(s) 'example_sensors' retrieved from /home/airflow/.local/lib/python3.8/site-packages/airflow/example_dags/example_sensors.py
[2024-04-07T14:54:52.356+0000] {logging_mixin.py:188} INFO - [2024-04-07T14:54:52.355+0000] {dag.py:3047} INFO - Sync 1 DAGs
[2024-04-07T14:54:52.387+0000] {logging_mixin.py:188} INFO - [2024-04-07T14:54:52.386+0000] {dag.py:3834} INFO - Setting next_dagrun for example_sensors to None, run_after=None
[2024-04-07T14:54:52.443+0000] {processor.py:183} INFO - Processing /home/airflow/.local/lib/python3.8/site-packages/airflow/example_dags/example_sensors.py took 0.187 seconds
[2024-04-07T14:55:22.583+0000] {processor.py:161} INFO - Started process (PID=1800) to work on /home/airflow/.local/lib/python3.8/site-packages/airflow/example_dags/example_sensors.py
[2024-04-07T14:55:22.585+0000] {processor.py:830} INFO - Processing file /home/airflow/.local/lib/python3.8/site-packages/airflow/example_dags/example_sensors.py for tasks to queue
[2024-04-07T14:55:22.588+0000] {logging_mixin.py:188} INFO - [2024-04-07T14:55:22.587+0000] {dagbag.py:540} INFO - Filling up the DagBag from /home/airflow/.local/lib/python3.8/site-packages/airflow/example_dags/example_sensors.py
[2024-04-07T14:55:22.602+0000] {processor.py:840} INFO - DAG(s) 'example_sensors' retrieved from /home/airflow/.local/lib/python3.8/site-packages/airflow/example_dags/example_sensors.py
[2024-04-07T14:55:22.642+0000] {logging_mixin.py:188} INFO - [2024-04-07T14:55:22.641+0000] {dag.py:3047} INFO - Sync 1 DAGs
[2024-04-07T14:55:22.661+0000] {logging_mixin.py:188} INFO - [2024-04-07T14:55:22.661+0000] {dag.py:3834} INFO - Setting next_dagrun for example_sensors to None, run_after=None
[2024-04-07T14:55:22.702+0000] {processor.py:183} INFO - Processing /home/airflow/.local/lib/python3.8/site-packages/airflow/example_dags/example_sensors.py took 0.124 seconds
[2024-04-07T14:55:53.127+0000] {processor.py:161} INFO - Started process (PID=1857) to work on /home/airflow/.local/lib/python3.8/site-packages/airflow/example_dags/example_sensors.py
[2024-04-07T14:55:53.129+0000] {processor.py:830} INFO - Processing file /home/airflow/.local/lib/python3.8/site-packages/airflow/example_dags/example_sensors.py for tasks to queue
[2024-04-07T14:55:53.132+0000] {logging_mixin.py:188} INFO - [2024-04-07T14:55:53.132+0000] {dagbag.py:540} INFO - Filling up the DagBag from /home/airflow/.local/lib/python3.8/site-packages/airflow/example_dags/example_sensors.py
[2024-04-07T14:55:53.145+0000] {processor.py:840} INFO - DAG(s) 'example_sensors' retrieved from /home/airflow/.local/lib/python3.8/site-packages/airflow/example_dags/example_sensors.py
[2024-04-07T14:55:53.181+0000] {logging_mixin.py:188} INFO - [2024-04-07T14:55:53.180+0000] {dag.py:3047} INFO - Sync 1 DAGs
[2024-04-07T14:55:53.199+0000] {logging_mixin.py:188} INFO - [2024-04-07T14:55:53.198+0000] {dag.py:3834} INFO - Setting next_dagrun for example_sensors to None, run_after=None
[2024-04-07T14:55:53.228+0000] {processor.py:183} INFO - Processing /home/airflow/.local/lib/python3.8/site-packages/airflow/example_dags/example_sensors.py took 0.107 seconds
[2024-04-07T14:56:23.334+0000] {processor.py:161} INFO - Started process (PID=1915) to work on /home/airflow/.local/lib/python3.8/site-packages/airflow/example_dags/example_sensors.py
[2024-04-07T14:56:23.339+0000] {processor.py:830} INFO - Processing file /home/airflow/.local/lib/python3.8/site-packages/airflow/example_dags/example_sensors.py for tasks to queue
[2024-04-07T14:56:23.349+0000] {logging_mixin.py:188} INFO - [2024-04-07T14:56:23.347+0000] {dagbag.py:540} INFO - Filling up the DagBag from /home/airflow/.local/lib/python3.8/site-packages/airflow/example_dags/example_sensors.py
[2024-04-07T14:56:23.376+0000] {processor.py:840} INFO - DAG(s) 'example_sensors' retrieved from /home/airflow/.local/lib/python3.8/site-packages/airflow/example_dags/example_sensors.py
[2024-04-07T14:56:23.436+0000] {logging_mixin.py:188} INFO - [2024-04-07T14:56:23.436+0000] {dag.py:3047} INFO - Sync 1 DAGs
[2024-04-07T14:56:23.465+0000] {logging_mixin.py:188} INFO - [2024-04-07T14:56:23.464+0000] {dag.py:3834} INFO - Setting next_dagrun for example_sensors to None, run_after=None
[2024-04-07T14:56:23.504+0000] {processor.py:183} INFO - Processing /home/airflow/.local/lib/python3.8/site-packages/airflow/example_dags/example_sensors.py took 0.177 seconds
[2024-04-07T14:56:53.954+0000] {processor.py:161} INFO - Started process (PID=1971) to work on /home/airflow/.local/lib/python3.8/site-packages/airflow/example_dags/example_sensors.py
[2024-04-07T14:56:53.956+0000] {processor.py:830} INFO - Processing file /home/airflow/.local/lib/python3.8/site-packages/airflow/example_dags/example_sensors.py for tasks to queue
[2024-04-07T14:56:53.959+0000] {logging_mixin.py:188} INFO - [2024-04-07T14:56:53.959+0000] {dagbag.py:540} INFO - Filling up the DagBag from /home/airflow/.local/lib/python3.8/site-packages/airflow/example_dags/example_sensors.py
[2024-04-07T14:56:53.974+0000] {processor.py:840} INFO - DAG(s) 'example_sensors' retrieved from /home/airflow/.local/lib/python3.8/site-packages/airflow/example_dags/example_sensors.py
[2024-04-07T14:56:54.012+0000] {logging_mixin.py:188} INFO - [2024-04-07T14:56:54.012+0000] {dag.py:3047} INFO - Sync 1 DAGs
[2024-04-07T14:56:54.033+0000] {logging_mixin.py:188} INFO - [2024-04-07T14:56:54.033+0000] {dag.py:3834} INFO - Setting next_dagrun for example_sensors to None, run_after=None
[2024-04-07T14:56:54.070+0000] {processor.py:183} INFO - Processing /home/airflow/.local/lib/python3.8/site-packages/airflow/example_dags/example_sensors.py took 0.123 seconds
[2024-04-07T14:57:24.262+0000] {processor.py:161} INFO - Started process (PID=2028) to work on /home/airflow/.local/lib/python3.8/site-packages/airflow/example_dags/example_sensors.py
[2024-04-07T14:57:24.264+0000] {processor.py:830} INFO - Processing file /home/airflow/.local/lib/python3.8/site-packages/airflow/example_dags/example_sensors.py for tasks to queue
[2024-04-07T14:57:24.269+0000] {logging_mixin.py:188} INFO - [2024-04-07T14:57:24.268+0000] {dagbag.py:540} INFO - Filling up the DagBag from /home/airflow/.local/lib/python3.8/site-packages/airflow/example_dags/example_sensors.py
[2024-04-07T14:57:24.288+0000] {processor.py:840} INFO - DAG(s) 'example_sensors' retrieved from /home/airflow/.local/lib/python3.8/site-packages/airflow/example_dags/example_sensors.py
[2024-04-07T14:57:24.328+0000] {logging_mixin.py:188} INFO - [2024-04-07T14:57:24.328+0000] {dag.py:3047} INFO - Sync 1 DAGs
[2024-04-07T14:57:24.348+0000] {logging_mixin.py:188} INFO - [2024-04-07T14:57:24.348+0000] {dag.py:3834} INFO - Setting next_dagrun for example_sensors to None, run_after=None
[2024-04-07T14:57:24.395+0000] {processor.py:183} INFO - Processing /home/airflow/.local/lib/python3.8/site-packages/airflow/example_dags/example_sensors.py took 0.138 seconds
[2024-04-07T14:57:54.672+0000] {processor.py:161} INFO - Started process (PID=2086) to work on /home/airflow/.local/lib/python3.8/site-packages/airflow/example_dags/example_sensors.py
[2024-04-07T14:57:54.675+0000] {processor.py:830} INFO - Processing file /home/airflow/.local/lib/python3.8/site-packages/airflow/example_dags/example_sensors.py for tasks to queue
[2024-04-07T14:57:54.680+0000] {logging_mixin.py:188} INFO - [2024-04-07T14:57:54.679+0000] {dagbag.py:540} INFO - Filling up the DagBag from /home/airflow/.local/lib/python3.8/site-packages/airflow/example_dags/example_sensors.py
[2024-04-07T14:57:54.704+0000] {processor.py:840} INFO - DAG(s) 'example_sensors' retrieved from /home/airflow/.local/lib/python3.8/site-packages/airflow/example_dags/example_sensors.py
[2024-04-07T14:57:54.788+0000] {logging_mixin.py:188} INFO - [2024-04-07T14:57:54.787+0000] {dag.py:3047} INFO - Sync 1 DAGs
[2024-04-07T14:57:54.815+0000] {logging_mixin.py:188} INFO - [2024-04-07T14:57:54.814+0000] {dag.py:3834} INFO - Setting next_dagrun for example_sensors to None, run_after=None
[2024-04-07T14:57:54.887+0000] {processor.py:183} INFO - Processing /home/airflow/.local/lib/python3.8/site-packages/airflow/example_dags/example_sensors.py took 0.227 seconds
[2024-04-07T14:58:25.577+0000] {processor.py:161} INFO - Started process (PID=2143) to work on /home/airflow/.local/lib/python3.8/site-packages/airflow/example_dags/example_sensors.py
[2024-04-07T14:58:25.580+0000] {processor.py:830} INFO - Processing file /home/airflow/.local/lib/python3.8/site-packages/airflow/example_dags/example_sensors.py for tasks to queue
[2024-04-07T14:58:25.583+0000] {logging_mixin.py:188} INFO - [2024-04-07T14:58:25.582+0000] {dagbag.py:540} INFO - Filling up the DagBag from /home/airflow/.local/lib/python3.8/site-packages/airflow/example_dags/example_sensors.py
[2024-04-07T14:58:25.607+0000] {processor.py:840} INFO - DAG(s) 'example_sensors' retrieved from /home/airflow/.local/lib/python3.8/site-packages/airflow/example_dags/example_sensors.py
[2024-04-07T14:58:25.694+0000] {logging_mixin.py:188} INFO - [2024-04-07T14:58:25.693+0000] {dag.py:3047} INFO - Sync 1 DAGs
[2024-04-07T14:58:25.724+0000] {logging_mixin.py:188} INFO - [2024-04-07T14:58:25.723+0000] {dag.py:3834} INFO - Setting next_dagrun for example_sensors to None, run_after=None
[2024-04-07T14:58:25.765+0000] {processor.py:183} INFO - Processing /home/airflow/.local/lib/python3.8/site-packages/airflow/example_dags/example_sensors.py took 0.193 seconds
[2024-04-07T14:58:56.305+0000] {processor.py:161} INFO - Started process (PID=2200) to work on /home/airflow/.local/lib/python3.8/site-packages/airflow/example_dags/example_sensors.py
[2024-04-07T14:58:56.307+0000] {processor.py:830} INFO - Processing file /home/airflow/.local/lib/python3.8/site-packages/airflow/example_dags/example_sensors.py for tasks to queue
[2024-04-07T14:58:56.310+0000] {logging_mixin.py:188} INFO - [2024-04-07T14:58:56.309+0000] {dagbag.py:540} INFO - Filling up the DagBag from /home/airflow/.local/lib/python3.8/site-packages/airflow/example_dags/example_sensors.py
[2024-04-07T14:58:56.324+0000] {processor.py:840} INFO - DAG(s) 'example_sensors' retrieved from /home/airflow/.local/lib/python3.8/site-packages/airflow/example_dags/example_sensors.py
[2024-04-07T14:58:56.400+0000] {logging_mixin.py:188} INFO - [2024-04-07T14:58:56.400+0000] {dag.py:3047} INFO - Sync 1 DAGs
[2024-04-07T14:58:56.426+0000] {logging_mixin.py:188} INFO - [2024-04-07T14:58:56.426+0000] {dag.py:3834} INFO - Setting next_dagrun for example_sensors to None, run_after=None
[2024-04-07T14:58:56.468+0000] {processor.py:183} INFO - Processing /home/airflow/.local/lib/python3.8/site-packages/airflow/example_dags/example_sensors.py took 0.168 seconds
[2024-04-07T14:59:27.151+0000] {processor.py:161} INFO - Started process (PID=2257) to work on /home/airflow/.local/lib/python3.8/site-packages/airflow/example_dags/example_sensors.py
[2024-04-07T14:59:27.154+0000] {processor.py:830} INFO - Processing file /home/airflow/.local/lib/python3.8/site-packages/airflow/example_dags/example_sensors.py for tasks to queue
[2024-04-07T14:59:27.159+0000] {logging_mixin.py:188} INFO - [2024-04-07T14:59:27.158+0000] {dagbag.py:540} INFO - Filling up the DagBag from /home/airflow/.local/lib/python3.8/site-packages/airflow/example_dags/example_sensors.py
[2024-04-07T14:59:27.177+0000] {processor.py:840} INFO - DAG(s) 'example_sensors' retrieved from /home/airflow/.local/lib/python3.8/site-packages/airflow/example_dags/example_sensors.py
[2024-04-07T14:59:27.217+0000] {logging_mixin.py:188} INFO - [2024-04-07T14:59:27.217+0000] {dag.py:3047} INFO - Sync 1 DAGs
[2024-04-07T14:59:27.237+0000] {logging_mixin.py:188} INFO - [2024-04-07T14:59:27.236+0000] {dag.py:3834} INFO - Setting next_dagrun for example_sensors to None, run_after=None
[2024-04-07T14:59:27.268+0000] {processor.py:183} INFO - Processing /home/airflow/.local/lib/python3.8/site-packages/airflow/example_dags/example_sensors.py took 0.131 seconds
[2024-04-07T14:59:57.592+0000] {processor.py:161} INFO - Started process (PID=2314) to work on /home/airflow/.local/lib/python3.8/site-packages/airflow/example_dags/example_sensors.py
[2024-04-07T14:59:57.594+0000] {processor.py:830} INFO - Processing file /home/airflow/.local/lib/python3.8/site-packages/airflow/example_dags/example_sensors.py for tasks to queue
[2024-04-07T14:59:57.597+0000] {logging_mixin.py:188} INFO - [2024-04-07T14:59:57.597+0000] {dagbag.py:540} INFO - Filling up the DagBag from /home/airflow/.local/lib/python3.8/site-packages/airflow/example_dags/example_sensors.py
[2024-04-07T14:59:57.610+0000] {processor.py:840} INFO - DAG(s) 'example_sensors' retrieved from /home/airflow/.local/lib/python3.8/site-packages/airflow/example_dags/example_sensors.py
[2024-04-07T14:59:57.649+0000] {logging_mixin.py:188} INFO - [2024-04-07T14:59:57.648+0000] {dag.py:3047} INFO - Sync 1 DAGs
[2024-04-07T14:59:57.667+0000] {logging_mixin.py:188} INFO - [2024-04-07T14:59:57.666+0000] {dag.py:3834} INFO - Setting next_dagrun for example_sensors to None, run_after=None
[2024-04-07T14:59:57.694+0000] {processor.py:183} INFO - Processing /home/airflow/.local/lib/python3.8/site-packages/airflow/example_dags/example_sensors.py took 0.108 seconds
[2024-04-07T15:00:27.804+0000] {processor.py:161} INFO - Started process (PID=2371) to work on /home/airflow/.local/lib/python3.8/site-packages/airflow/example_dags/example_sensors.py
[2024-04-07T15:00:27.806+0000] {processor.py:830} INFO - Processing file /home/airflow/.local/lib/python3.8/site-packages/airflow/example_dags/example_sensors.py for tasks to queue
[2024-04-07T15:00:27.810+0000] {logging_mixin.py:188} INFO - [2024-04-07T15:00:27.809+0000] {dagbag.py:540} INFO - Filling up the DagBag from /home/airflow/.local/lib/python3.8/site-packages/airflow/example_dags/example_sensors.py
[2024-04-07T15:00:27.828+0000] {processor.py:840} INFO - DAG(s) 'example_sensors' retrieved from /home/airflow/.local/lib/python3.8/site-packages/airflow/example_dags/example_sensors.py
[2024-04-07T15:00:27.887+0000] {logging_mixin.py:188} INFO - [2024-04-07T15:00:27.887+0000] {dag.py:3047} INFO - Sync 1 DAGs
[2024-04-07T15:00:27.920+0000] {logging_mixin.py:188} INFO - [2024-04-07T15:00:27.919+0000] {dag.py:3834} INFO - Setting next_dagrun for example_sensors to None, run_after=None
[2024-04-07T15:00:27.971+0000] {processor.py:183} INFO - Processing /home/airflow/.local/lib/python3.8/site-packages/airflow/example_dags/example_sensors.py took 0.172 seconds
