[2024-04-07T14:39:36.842+0000] {processor.py:161} INFO - Started process (PID=83) to work on /home/airflow/.local/lib/python3.8/site-packages/airflow/example_dags/example_task_group_decorator.py
[2024-04-07T14:39:36.849+0000] {processor.py:830} INFO - Processing file /home/airflow/.local/lib/python3.8/site-packages/airflow/example_dags/example_task_group_decorator.py for tasks to queue
[2024-04-07T14:39:36.853+0000] {logging_mixin.py:188} INFO - [2024-04-07T14:39:36.852+0000] {dagbag.py:540} INFO - Filling up the DagBag from /home/airflow/.local/lib/python3.8/site-packages/airflow/example_dags/example_task_group_decorator.py
[2024-04-07T14:39:37.116+0000] {processor.py:840} INFO - DAG(s) 'example_task_group_decorator' retrieved from /home/airflow/.local/lib/python3.8/site-packages/airflow/example_dags/example_task_group_decorator.py
[2024-04-07T14:39:37.360+0000] {logging_mixin.py:188} INFO - [2024-04-07T14:39:37.359+0000] {dag.py:3047} INFO - Sync 1 DAGs
[2024-04-07T14:39:37.408+0000] {logging_mixin.py:188} INFO - [2024-04-07T14:39:37.407+0000] {dag.py:3834} INFO - Setting next_dagrun for example_task_group_decorator to 2024-04-06 00:00:00+00:00, run_after=2024-04-07 00:00:00+00:00
[2024-04-07T14:39:37.514+0000] {processor.py:183} INFO - Processing /home/airflow/.local/lib/python3.8/site-packages/airflow/example_dags/example_task_group_decorator.py took 1.109 seconds
[2024-04-07T14:40:12.970+0000] {processor.py:161} INFO - Started process (PID=140) to work on /home/airflow/.local/lib/python3.8/site-packages/airflow/example_dags/example_task_group_decorator.py
[2024-04-07T14:40:12.993+0000] {processor.py:830} INFO - Processing file /home/airflow/.local/lib/python3.8/site-packages/airflow/example_dags/example_task_group_decorator.py for tasks to queue
[2024-04-07T14:40:13.009+0000] {logging_mixin.py:188} INFO - [2024-04-07T14:40:13.008+0000] {dagbag.py:540} INFO - Filling up the DagBag from /home/airflow/.local/lib/python3.8/site-packages/airflow/example_dags/example_task_group_decorator.py
[2024-04-07T14:40:13.185+0000] {processor.py:840} INFO - DAG(s) 'example_task_group_decorator' retrieved from /home/airflow/.local/lib/python3.8/site-packages/airflow/example_dags/example_task_group_decorator.py
[2024-04-07T14:40:13.329+0000] {logging_mixin.py:188} INFO - [2024-04-07T14:40:13.328+0000] {dag.py:3047} INFO - Sync 1 DAGs
[2024-04-07T14:40:13.518+0000] {logging_mixin.py:188} INFO - [2024-04-07T14:40:13.506+0000] {dag.py:3834} INFO - Setting next_dagrun for example_task_group_decorator to 2024-04-06 00:00:00+00:00, run_after=2024-04-07 00:00:00+00:00
[2024-04-07T14:40:13.846+0000] {processor.py:183} INFO - Processing /home/airflow/.local/lib/python3.8/site-packages/airflow/example_dags/example_task_group_decorator.py took 0.883 seconds
[2024-04-07T14:40:44.394+0000] {processor.py:161} INFO - Started process (PID=197) to work on /home/airflow/.local/lib/python3.8/site-packages/airflow/example_dags/example_task_group_decorator.py
[2024-04-07T14:40:44.397+0000] {processor.py:830} INFO - Processing file /home/airflow/.local/lib/python3.8/site-packages/airflow/example_dags/example_task_group_decorator.py for tasks to queue
[2024-04-07T14:40:44.403+0000] {logging_mixin.py:188} INFO - [2024-04-07T14:40:44.402+0000] {dagbag.py:540} INFO - Filling up the DagBag from /home/airflow/.local/lib/python3.8/site-packages/airflow/example_dags/example_task_group_decorator.py
[2024-04-07T14:40:44.461+0000] {processor.py:840} INFO - DAG(s) 'example_task_group_decorator' retrieved from /home/airflow/.local/lib/python3.8/site-packages/airflow/example_dags/example_task_group_decorator.py
[2024-04-07T14:40:44.726+0000] {logging_mixin.py:188} INFO - [2024-04-07T14:40:44.725+0000] {dag.py:3047} INFO - Sync 1 DAGs
[2024-04-07T14:40:44.861+0000] {logging_mixin.py:188} INFO - [2024-04-07T14:40:44.860+0000] {dag.py:3834} INFO - Setting next_dagrun for example_task_group_decorator to 2024-04-06 00:00:00+00:00, run_after=2024-04-07 00:00:00+00:00
[2024-04-07T14:40:45.023+0000] {processor.py:183} INFO - Processing /home/airflow/.local/lib/python3.8/site-packages/airflow/example_dags/example_task_group_decorator.py took 0.642 seconds
[2024-04-07T14:41:15.125+0000] {processor.py:161} INFO - Started process (PID=254) to work on /home/airflow/.local/lib/python3.8/site-packages/airflow/example_dags/example_task_group_decorator.py
[2024-04-07T14:41:15.128+0000] {processor.py:830} INFO - Processing file /home/airflow/.local/lib/python3.8/site-packages/airflow/example_dags/example_task_group_decorator.py for tasks to queue
[2024-04-07T14:41:15.131+0000] {logging_mixin.py:188} INFO - [2024-04-07T14:41:15.130+0000] {dagbag.py:540} INFO - Filling up the DagBag from /home/airflow/.local/lib/python3.8/site-packages/airflow/example_dags/example_task_group_decorator.py
[2024-04-07T14:41:15.183+0000] {processor.py:840} INFO - DAG(s) 'example_task_group_decorator' retrieved from /home/airflow/.local/lib/python3.8/site-packages/airflow/example_dags/example_task_group_decorator.py
[2024-04-07T14:41:15.248+0000] {logging_mixin.py:188} INFO - [2024-04-07T14:41:15.248+0000] {dag.py:3047} INFO - Sync 1 DAGs
[2024-04-07T14:41:15.343+0000] {logging_mixin.py:188} INFO - [2024-04-07T14:41:15.342+0000] {dag.py:3834} INFO - Setting next_dagrun for example_task_group_decorator to 2024-04-06 00:00:00+00:00, run_after=2024-04-07 00:00:00+00:00
[2024-04-07T14:41:15.587+0000] {processor.py:183} INFO - Processing /home/airflow/.local/lib/python3.8/site-packages/airflow/example_dags/example_task_group_decorator.py took 0.472 seconds
[2024-04-07T14:41:45.810+0000] {processor.py:161} INFO - Started process (PID=311) to work on /home/airflow/.local/lib/python3.8/site-packages/airflow/example_dags/example_task_group_decorator.py
[2024-04-07T14:41:45.824+0000] {processor.py:830} INFO - Processing file /home/airflow/.local/lib/python3.8/site-packages/airflow/example_dags/example_task_group_decorator.py for tasks to queue
[2024-04-07T14:41:45.828+0000] {logging_mixin.py:188} INFO - [2024-04-07T14:41:45.828+0000] {dagbag.py:540} INFO - Filling up the DagBag from /home/airflow/.local/lib/python3.8/site-packages/airflow/example_dags/example_task_group_decorator.py
[2024-04-07T14:41:45.950+0000] {processor.py:840} INFO - DAG(s) 'example_task_group_decorator' retrieved from /home/airflow/.local/lib/python3.8/site-packages/airflow/example_dags/example_task_group_decorator.py
[2024-04-07T14:41:46.054+0000] {logging_mixin.py:188} INFO - [2024-04-07T14:41:46.054+0000] {dag.py:3047} INFO - Sync 1 DAGs
[2024-04-07T14:41:46.152+0000] {logging_mixin.py:188} INFO - [2024-04-07T14:41:46.151+0000] {dag.py:3834} INFO - Setting next_dagrun for example_task_group_decorator to 2024-04-06 00:00:00+00:00, run_after=2024-04-07 00:00:00+00:00
[2024-04-07T14:41:46.252+0000] {processor.py:183} INFO - Processing /home/airflow/.local/lib/python3.8/site-packages/airflow/example_dags/example_task_group_decorator.py took 0.457 seconds
[2024-04-07T14:42:17.585+0000] {processor.py:161} INFO - Started process (PID=368) to work on /home/airflow/.local/lib/python3.8/site-packages/airflow/example_dags/example_task_group_decorator.py
[2024-04-07T14:42:17.588+0000] {processor.py:830} INFO - Processing file /home/airflow/.local/lib/python3.8/site-packages/airflow/example_dags/example_task_group_decorator.py for tasks to queue
[2024-04-07T14:42:17.594+0000] {logging_mixin.py:188} INFO - [2024-04-07T14:42:17.593+0000] {dagbag.py:540} INFO - Filling up the DagBag from /home/airflow/.local/lib/python3.8/site-packages/airflow/example_dags/example_task_group_decorator.py
[2024-04-07T14:42:17.630+0000] {processor.py:840} INFO - DAG(s) 'example_task_group_decorator' retrieved from /home/airflow/.local/lib/python3.8/site-packages/airflow/example_dags/example_task_group_decorator.py
[2024-04-07T14:42:17.679+0000] {logging_mixin.py:188} INFO - [2024-04-07T14:42:17.679+0000] {dag.py:3047} INFO - Sync 1 DAGs
[2024-04-07T14:42:17.725+0000] {logging_mixin.py:188} INFO - [2024-04-07T14:42:17.724+0000] {dag.py:3834} INFO - Setting next_dagrun for example_task_group_decorator to 2024-04-06 00:00:00+00:00, run_after=2024-04-07 00:00:00+00:00
[2024-04-07T14:42:17.908+0000] {processor.py:183} INFO - Processing /home/airflow/.local/lib/python3.8/site-packages/airflow/example_dags/example_task_group_decorator.py took 0.336 seconds
[2024-04-07T14:42:48.962+0000] {processor.py:161} INFO - Started process (PID=425) to work on /home/airflow/.local/lib/python3.8/site-packages/airflow/example_dags/example_task_group_decorator.py
[2024-04-07T14:42:48.964+0000] {processor.py:830} INFO - Processing file /home/airflow/.local/lib/python3.8/site-packages/airflow/example_dags/example_task_group_decorator.py for tasks to queue
[2024-04-07T14:42:48.970+0000] {logging_mixin.py:188} INFO - [2024-04-07T14:42:48.970+0000] {dagbag.py:540} INFO - Filling up the DagBag from /home/airflow/.local/lib/python3.8/site-packages/airflow/example_dags/example_task_group_decorator.py
[2024-04-07T14:42:49.007+0000] {processor.py:840} INFO - DAG(s) 'example_task_group_decorator' retrieved from /home/airflow/.local/lib/python3.8/site-packages/airflow/example_dags/example_task_group_decorator.py
[2024-04-07T14:42:49.087+0000] {logging_mixin.py:188} INFO - [2024-04-07T14:42:49.086+0000] {dag.py:3047} INFO - Sync 1 DAGs
[2024-04-07T14:42:49.143+0000] {logging_mixin.py:188} INFO - [2024-04-07T14:42:49.143+0000] {dag.py:3834} INFO - Setting next_dagrun for example_task_group_decorator to 2024-04-06 00:00:00+00:00, run_after=2024-04-07 00:00:00+00:00
[2024-04-07T14:42:49.204+0000] {processor.py:183} INFO - Processing /home/airflow/.local/lib/python3.8/site-packages/airflow/example_dags/example_task_group_decorator.py took 0.249 seconds
[2024-04-07T14:43:19.337+0000] {processor.py:161} INFO - Started process (PID=483) to work on /home/airflow/.local/lib/python3.8/site-packages/airflow/example_dags/example_task_group_decorator.py
[2024-04-07T14:43:19.342+0000] {processor.py:830} INFO - Processing file /home/airflow/.local/lib/python3.8/site-packages/airflow/example_dags/example_task_group_decorator.py for tasks to queue
[2024-04-07T14:43:19.347+0000] {logging_mixin.py:188} INFO - [2024-04-07T14:43:19.346+0000] {dagbag.py:540} INFO - Filling up the DagBag from /home/airflow/.local/lib/python3.8/site-packages/airflow/example_dags/example_task_group_decorator.py
[2024-04-07T14:43:19.398+0000] {processor.py:840} INFO - DAG(s) 'example_task_group_decorator' retrieved from /home/airflow/.local/lib/python3.8/site-packages/airflow/example_dags/example_task_group_decorator.py
[2024-04-07T14:43:19.464+0000] {logging_mixin.py:188} INFO - [2024-04-07T14:43:19.463+0000] {dag.py:3047} INFO - Sync 1 DAGs
[2024-04-07T14:43:19.564+0000] {logging_mixin.py:188} INFO - [2024-04-07T14:43:19.564+0000] {dag.py:3834} INFO - Setting next_dagrun for example_task_group_decorator to 2024-04-06 00:00:00+00:00, run_after=2024-04-07 00:00:00+00:00
[2024-04-07T14:43:19.663+0000] {processor.py:183} INFO - Processing /home/airflow/.local/lib/python3.8/site-packages/airflow/example_dags/example_task_group_decorator.py took 0.334 seconds
[2024-04-07T14:43:50.187+0000] {processor.py:161} INFO - Started process (PID=540) to work on /home/airflow/.local/lib/python3.8/site-packages/airflow/example_dags/example_task_group_decorator.py
[2024-04-07T14:43:50.192+0000] {processor.py:830} INFO - Processing file /home/airflow/.local/lib/python3.8/site-packages/airflow/example_dags/example_task_group_decorator.py for tasks to queue
[2024-04-07T14:43:50.202+0000] {logging_mixin.py:188} INFO - [2024-04-07T14:43:50.201+0000] {dagbag.py:540} INFO - Filling up the DagBag from /home/airflow/.local/lib/python3.8/site-packages/airflow/example_dags/example_task_group_decorator.py
[2024-04-07T14:43:50.297+0000] {processor.py:840} INFO - DAG(s) 'example_task_group_decorator' retrieved from /home/airflow/.local/lib/python3.8/site-packages/airflow/example_dags/example_task_group_decorator.py
[2024-04-07T14:43:50.430+0000] {logging_mixin.py:188} INFO - [2024-04-07T14:43:50.429+0000] {dag.py:3047} INFO - Sync 1 DAGs
[2024-04-07T14:43:50.503+0000] {logging_mixin.py:188} INFO - [2024-04-07T14:43:50.503+0000] {dag.py:3834} INFO - Setting next_dagrun for example_task_group_decorator to 2024-04-06 00:00:00+00:00, run_after=2024-04-07 00:00:00+00:00
[2024-04-07T14:43:50.558+0000] {processor.py:183} INFO - Processing /home/airflow/.local/lib/python3.8/site-packages/airflow/example_dags/example_task_group_decorator.py took 0.381 seconds
[2024-04-07T14:44:20.732+0000] {processor.py:161} INFO - Started process (PID=597) to work on /home/airflow/.local/lib/python3.8/site-packages/airflow/example_dags/example_task_group_decorator.py
[2024-04-07T14:44:20.735+0000] {processor.py:830} INFO - Processing file /home/airflow/.local/lib/python3.8/site-packages/airflow/example_dags/example_task_group_decorator.py for tasks to queue
[2024-04-07T14:44:20.741+0000] {logging_mixin.py:188} INFO - [2024-04-07T14:44:20.740+0000] {dagbag.py:540} INFO - Filling up the DagBag from /home/airflow/.local/lib/python3.8/site-packages/airflow/example_dags/example_task_group_decorator.py
[2024-04-07T14:44:20.775+0000] {processor.py:840} INFO - DAG(s) 'example_task_group_decorator' retrieved from /home/airflow/.local/lib/python3.8/site-packages/airflow/example_dags/example_task_group_decorator.py
[2024-04-07T14:44:20.819+0000] {logging_mixin.py:188} INFO - [2024-04-07T14:44:20.818+0000] {dag.py:3047} INFO - Sync 1 DAGs
[2024-04-07T14:44:20.863+0000] {logging_mixin.py:188} INFO - [2024-04-07T14:44:20.863+0000] {dag.py:3834} INFO - Setting next_dagrun for example_task_group_decorator to 2024-04-06 00:00:00+00:00, run_after=2024-04-07 00:00:00+00:00
[2024-04-07T14:44:20.894+0000] {processor.py:183} INFO - Processing /home/airflow/.local/lib/python3.8/site-packages/airflow/example_dags/example_task_group_decorator.py took 0.169 seconds
[2024-04-07T14:45:09.043+0000] {processor.py:161} INFO - Started process (PID=666) to work on /home/airflow/.local/lib/python3.8/site-packages/airflow/example_dags/example_task_group_decorator.py
[2024-04-07T14:45:09.045+0000] {processor.py:830} INFO - Processing file /home/airflow/.local/lib/python3.8/site-packages/airflow/example_dags/example_task_group_decorator.py for tasks to queue
[2024-04-07T14:45:09.049+0000] {logging_mixin.py:188} INFO - [2024-04-07T14:45:09.049+0000] {dagbag.py:540} INFO - Filling up the DagBag from /home/airflow/.local/lib/python3.8/site-packages/airflow/example_dags/example_task_group_decorator.py
[2024-04-07T14:45:09.081+0000] {processor.py:840} INFO - DAG(s) 'example_task_group_decorator' retrieved from /home/airflow/.local/lib/python3.8/site-packages/airflow/example_dags/example_task_group_decorator.py
[2024-04-07T14:45:09.130+0000] {logging_mixin.py:188} INFO - [2024-04-07T14:45:09.129+0000] {dag.py:3047} INFO - Sync 1 DAGs
[2024-04-07T14:45:09.182+0000] {logging_mixin.py:188} INFO - [2024-04-07T14:45:09.181+0000] {dag.py:3834} INFO - Setting next_dagrun for example_task_group_decorator to 2024-04-06 00:00:00+00:00, run_after=2024-04-07 00:00:00+00:00
[2024-04-07T14:45:09.227+0000] {processor.py:183} INFO - Processing /home/airflow/.local/lib/python3.8/site-packages/airflow/example_dags/example_task_group_decorator.py took 0.192 seconds
[2024-04-07T14:45:39.637+0000] {processor.py:161} INFO - Started process (PID=723) to work on /home/airflow/.local/lib/python3.8/site-packages/airflow/example_dags/example_task_group_decorator.py
[2024-04-07T14:45:39.639+0000] {processor.py:830} INFO - Processing file /home/airflow/.local/lib/python3.8/site-packages/airflow/example_dags/example_task_group_decorator.py for tasks to queue
[2024-04-07T14:45:39.642+0000] {logging_mixin.py:188} INFO - [2024-04-07T14:45:39.641+0000] {dagbag.py:540} INFO - Filling up the DagBag from /home/airflow/.local/lib/python3.8/site-packages/airflow/example_dags/example_task_group_decorator.py
[2024-04-07T14:45:39.676+0000] {processor.py:840} INFO - DAG(s) 'example_task_group_decorator' retrieved from /home/airflow/.local/lib/python3.8/site-packages/airflow/example_dags/example_task_group_decorator.py
[2024-04-07T14:45:39.753+0000] {logging_mixin.py:188} INFO - [2024-04-07T14:45:39.752+0000] {dag.py:3047} INFO - Sync 1 DAGs
[2024-04-07T14:45:39.909+0000] {logging_mixin.py:188} INFO - [2024-04-07T14:45:39.908+0000] {dag.py:3834} INFO - Setting next_dagrun for example_task_group_decorator to 2024-04-06 00:00:00+00:00, run_after=2024-04-07 00:00:00+00:00
[2024-04-07T14:45:40.047+0000] {processor.py:183} INFO - Processing /home/airflow/.local/lib/python3.8/site-packages/airflow/example_dags/example_task_group_decorator.py took 0.420 seconds
[2024-04-07T14:46:10.600+0000] {processor.py:161} INFO - Started process (PID=780) to work on /home/airflow/.local/lib/python3.8/site-packages/airflow/example_dags/example_task_group_decorator.py
[2024-04-07T14:46:10.604+0000] {processor.py:830} INFO - Processing file /home/airflow/.local/lib/python3.8/site-packages/airflow/example_dags/example_task_group_decorator.py for tasks to queue
[2024-04-07T14:46:10.607+0000] {logging_mixin.py:188} INFO - [2024-04-07T14:46:10.606+0000] {dagbag.py:540} INFO - Filling up the DagBag from /home/airflow/.local/lib/python3.8/site-packages/airflow/example_dags/example_task_group_decorator.py
[2024-04-07T14:46:10.682+0000] {processor.py:840} INFO - DAG(s) 'example_task_group_decorator' retrieved from /home/airflow/.local/lib/python3.8/site-packages/airflow/example_dags/example_task_group_decorator.py
[2024-04-07T14:46:10.765+0000] {logging_mixin.py:188} INFO - [2024-04-07T14:46:10.765+0000] {dag.py:3047} INFO - Sync 1 DAGs
[2024-04-07T14:46:10.830+0000] {logging_mixin.py:188} INFO - [2024-04-07T14:46:10.830+0000] {dag.py:3834} INFO - Setting next_dagrun for example_task_group_decorator to 2024-04-06 00:00:00+00:00, run_after=2024-04-07 00:00:00+00:00
[2024-04-07T14:46:10.897+0000] {processor.py:183} INFO - Processing /home/airflow/.local/lib/python3.8/site-packages/airflow/example_dags/example_task_group_decorator.py took 0.304 seconds
[2024-04-07T14:46:42.280+0000] {processor.py:161} INFO - Started process (PID=837) to work on /home/airflow/.local/lib/python3.8/site-packages/airflow/example_dags/example_task_group_decorator.py
[2024-04-07T14:46:42.292+0000] {processor.py:830} INFO - Processing file /home/airflow/.local/lib/python3.8/site-packages/airflow/example_dags/example_task_group_decorator.py for tasks to queue
[2024-04-07T14:46:42.296+0000] {logging_mixin.py:188} INFO - [2024-04-07T14:46:42.295+0000] {dagbag.py:540} INFO - Filling up the DagBag from /home/airflow/.local/lib/python3.8/site-packages/airflow/example_dags/example_task_group_decorator.py
[2024-04-07T14:46:42.359+0000] {processor.py:840} INFO - DAG(s) 'example_task_group_decorator' retrieved from /home/airflow/.local/lib/python3.8/site-packages/airflow/example_dags/example_task_group_decorator.py
[2024-04-07T14:46:42.522+0000] {logging_mixin.py:188} INFO - [2024-04-07T14:46:42.522+0000] {dag.py:3047} INFO - Sync 1 DAGs
[2024-04-07T14:46:42.602+0000] {logging_mixin.py:188} INFO - [2024-04-07T14:46:42.602+0000] {dag.py:3834} INFO - Setting next_dagrun for example_task_group_decorator to 2024-04-06 00:00:00+00:00, run_after=2024-04-07 00:00:00+00:00
[2024-04-07T14:46:42.767+0000] {processor.py:183} INFO - Processing /home/airflow/.local/lib/python3.8/site-packages/airflow/example_dags/example_task_group_decorator.py took 0.505 seconds
[2024-04-07T14:47:13.339+0000] {processor.py:161} INFO - Started process (PID=894) to work on /home/airflow/.local/lib/python3.8/site-packages/airflow/example_dags/example_task_group_decorator.py
[2024-04-07T14:47:13.345+0000] {processor.py:830} INFO - Processing file /home/airflow/.local/lib/python3.8/site-packages/airflow/example_dags/example_task_group_decorator.py for tasks to queue
[2024-04-07T14:47:13.352+0000] {logging_mixin.py:188} INFO - [2024-04-07T14:47:13.352+0000] {dagbag.py:540} INFO - Filling up the DagBag from /home/airflow/.local/lib/python3.8/site-packages/airflow/example_dags/example_task_group_decorator.py
[2024-04-07T14:47:13.413+0000] {processor.py:840} INFO - DAG(s) 'example_task_group_decorator' retrieved from /home/airflow/.local/lib/python3.8/site-packages/airflow/example_dags/example_task_group_decorator.py
[2024-04-07T14:47:13.515+0000] {logging_mixin.py:188} INFO - [2024-04-07T14:47:13.515+0000] {dag.py:3047} INFO - Sync 1 DAGs
[2024-04-07T14:47:13.592+0000] {logging_mixin.py:188} INFO - [2024-04-07T14:47:13.591+0000] {dag.py:3834} INFO - Setting next_dagrun for example_task_group_decorator to 2024-04-06 00:00:00+00:00, run_after=2024-04-07 00:00:00+00:00
[2024-04-07T14:47:13.644+0000] {processor.py:183} INFO - Processing /home/airflow/.local/lib/python3.8/site-packages/airflow/example_dags/example_task_group_decorator.py took 0.311 seconds
[2024-04-07T14:47:43.741+0000] {processor.py:161} INFO - Started process (PID=951) to work on /home/airflow/.local/lib/python3.8/site-packages/airflow/example_dags/example_task_group_decorator.py
[2024-04-07T14:47:43.744+0000] {processor.py:830} INFO - Processing file /home/airflow/.local/lib/python3.8/site-packages/airflow/example_dags/example_task_group_decorator.py for tasks to queue
[2024-04-07T14:47:43.748+0000] {logging_mixin.py:188} INFO - [2024-04-07T14:47:43.748+0000] {dagbag.py:540} INFO - Filling up the DagBag from /home/airflow/.local/lib/python3.8/site-packages/airflow/example_dags/example_task_group_decorator.py
[2024-04-07T14:47:43.781+0000] {processor.py:840} INFO - DAG(s) 'example_task_group_decorator' retrieved from /home/airflow/.local/lib/python3.8/site-packages/airflow/example_dags/example_task_group_decorator.py
[2024-04-07T14:47:43.899+0000] {logging_mixin.py:188} INFO - [2024-04-07T14:47:43.899+0000] {dag.py:3047} INFO - Sync 1 DAGs
[2024-04-07T14:47:44.033+0000] {logging_mixin.py:188} INFO - [2024-04-07T14:47:44.032+0000] {dag.py:3834} INFO - Setting next_dagrun for example_task_group_decorator to 2024-04-06 00:00:00+00:00, run_after=2024-04-07 00:00:00+00:00
[2024-04-07T14:47:44.094+0000] {processor.py:183} INFO - Processing /home/airflow/.local/lib/python3.8/site-packages/airflow/example_dags/example_task_group_decorator.py took 0.358 seconds
[2024-04-07T14:48:14.346+0000] {processor.py:161} INFO - Started process (PID=1008) to work on /home/airflow/.local/lib/python3.8/site-packages/airflow/example_dags/example_task_group_decorator.py
[2024-04-07T14:48:14.349+0000] {processor.py:830} INFO - Processing file /home/airflow/.local/lib/python3.8/site-packages/airflow/example_dags/example_task_group_decorator.py for tasks to queue
[2024-04-07T14:48:14.352+0000] {logging_mixin.py:188} INFO - [2024-04-07T14:48:14.351+0000] {dagbag.py:540} INFO - Filling up the DagBag from /home/airflow/.local/lib/python3.8/site-packages/airflow/example_dags/example_task_group_decorator.py
[2024-04-07T14:48:14.378+0000] {processor.py:840} INFO - DAG(s) 'example_task_group_decorator' retrieved from /home/airflow/.local/lib/python3.8/site-packages/airflow/example_dags/example_task_group_decorator.py
[2024-04-07T14:48:14.424+0000] {logging_mixin.py:188} INFO - [2024-04-07T14:48:14.423+0000] {dag.py:3047} INFO - Sync 1 DAGs
[2024-04-07T14:48:14.465+0000] {logging_mixin.py:188} INFO - [2024-04-07T14:48:14.464+0000] {dag.py:3834} INFO - Setting next_dagrun for example_task_group_decorator to 2024-04-06 00:00:00+00:00, run_after=2024-04-07 00:00:00+00:00
[2024-04-07T14:48:14.499+0000] {processor.py:183} INFO - Processing /home/airflow/.local/lib/python3.8/site-packages/airflow/example_dags/example_task_group_decorator.py took 0.158 seconds
[2024-04-07T14:48:44.645+0000] {processor.py:161} INFO - Started process (PID=1065) to work on /home/airflow/.local/lib/python3.8/site-packages/airflow/example_dags/example_task_group_decorator.py
[2024-04-07T14:48:44.649+0000] {processor.py:830} INFO - Processing file /home/airflow/.local/lib/python3.8/site-packages/airflow/example_dags/example_task_group_decorator.py for tasks to queue
[2024-04-07T14:48:44.653+0000] {logging_mixin.py:188} INFO - [2024-04-07T14:48:44.652+0000] {dagbag.py:540} INFO - Filling up the DagBag from /home/airflow/.local/lib/python3.8/site-packages/airflow/example_dags/example_task_group_decorator.py
[2024-04-07T14:48:44.694+0000] {processor.py:840} INFO - DAG(s) 'example_task_group_decorator' retrieved from /home/airflow/.local/lib/python3.8/site-packages/airflow/example_dags/example_task_group_decorator.py
[2024-04-07T14:48:44.752+0000] {logging_mixin.py:188} INFO - [2024-04-07T14:48:44.752+0000] {dag.py:3047} INFO - Sync 1 DAGs
[2024-04-07T14:48:44.800+0000] {logging_mixin.py:188} INFO - [2024-04-07T14:48:44.800+0000] {dag.py:3834} INFO - Setting next_dagrun for example_task_group_decorator to 2024-04-06 00:00:00+00:00, run_after=2024-04-07 00:00:00+00:00
[2024-04-07T14:48:44.977+0000] {processor.py:183} INFO - Processing /home/airflow/.local/lib/python3.8/site-packages/airflow/example_dags/example_task_group_decorator.py took 0.339 seconds
[2024-04-07T14:49:15.380+0000] {processor.py:161} INFO - Started process (PID=1122) to work on /home/airflow/.local/lib/python3.8/site-packages/airflow/example_dags/example_task_group_decorator.py
[2024-04-07T14:49:15.383+0000] {processor.py:830} INFO - Processing file /home/airflow/.local/lib/python3.8/site-packages/airflow/example_dags/example_task_group_decorator.py for tasks to queue
[2024-04-07T14:49:15.387+0000] {logging_mixin.py:188} INFO - [2024-04-07T14:49:15.386+0000] {dagbag.py:540} INFO - Filling up the DagBag from /home/airflow/.local/lib/python3.8/site-packages/airflow/example_dags/example_task_group_decorator.py
[2024-04-07T14:49:15.452+0000] {processor.py:840} INFO - DAG(s) 'example_task_group_decorator' retrieved from /home/airflow/.local/lib/python3.8/site-packages/airflow/example_dags/example_task_group_decorator.py
[2024-04-07T14:49:15.597+0000] {logging_mixin.py:188} INFO - [2024-04-07T14:49:15.596+0000] {dag.py:3047} INFO - Sync 1 DAGs
[2024-04-07T14:49:15.699+0000] {logging_mixin.py:188} INFO - [2024-04-07T14:49:15.699+0000] {dag.py:3834} INFO - Setting next_dagrun for example_task_group_decorator to 2024-04-06 00:00:00+00:00, run_after=2024-04-07 00:00:00+00:00
[2024-04-07T14:49:15.807+0000] {processor.py:183} INFO - Processing /home/airflow/.local/lib/python3.8/site-packages/airflow/example_dags/example_task_group_decorator.py took 0.443 seconds
[2024-04-07T14:49:46.182+0000] {processor.py:161} INFO - Started process (PID=1179) to work on /home/airflow/.local/lib/python3.8/site-packages/airflow/example_dags/example_task_group_decorator.py
[2024-04-07T14:49:46.185+0000] {processor.py:830} INFO - Processing file /home/airflow/.local/lib/python3.8/site-packages/airflow/example_dags/example_task_group_decorator.py for tasks to queue
[2024-04-07T14:49:46.196+0000] {logging_mixin.py:188} INFO - [2024-04-07T14:49:46.195+0000] {dagbag.py:540} INFO - Filling up the DagBag from /home/airflow/.local/lib/python3.8/site-packages/airflow/example_dags/example_task_group_decorator.py
[2024-04-07T14:49:46.284+0000] {processor.py:840} INFO - DAG(s) 'example_task_group_decorator' retrieved from /home/airflow/.local/lib/python3.8/site-packages/airflow/example_dags/example_task_group_decorator.py
[2024-04-07T14:49:46.488+0000] {logging_mixin.py:188} INFO - [2024-04-07T14:49:46.487+0000] {dag.py:3047} INFO - Sync 1 DAGs
[2024-04-07T14:49:46.542+0000] {logging_mixin.py:188} INFO - [2024-04-07T14:49:46.542+0000] {dag.py:3834} INFO - Setting next_dagrun for example_task_group_decorator to 2024-04-06 00:00:00+00:00, run_after=2024-04-07 00:00:00+00:00
[2024-04-07T14:49:46.652+0000] {processor.py:183} INFO - Processing /home/airflow/.local/lib/python3.8/site-packages/airflow/example_dags/example_task_group_decorator.py took 0.487 seconds
[2024-04-07T14:50:17.229+0000] {processor.py:161} INFO - Started process (PID=1236) to work on /home/airflow/.local/lib/python3.8/site-packages/airflow/example_dags/example_task_group_decorator.py
[2024-04-07T14:50:17.232+0000] {processor.py:830} INFO - Processing file /home/airflow/.local/lib/python3.8/site-packages/airflow/example_dags/example_task_group_decorator.py for tasks to queue
[2024-04-07T14:50:17.245+0000] {logging_mixin.py:188} INFO - [2024-04-07T14:50:17.244+0000] {dagbag.py:540} INFO - Filling up the DagBag from /home/airflow/.local/lib/python3.8/site-packages/airflow/example_dags/example_task_group_decorator.py
[2024-04-07T14:50:17.319+0000] {processor.py:840} INFO - DAG(s) 'example_task_group_decorator' retrieved from /home/airflow/.local/lib/python3.8/site-packages/airflow/example_dags/example_task_group_decorator.py
[2024-04-07T14:50:17.466+0000] {logging_mixin.py:188} INFO - [2024-04-07T14:50:17.465+0000] {dag.py:3047} INFO - Sync 1 DAGs
[2024-04-07T14:50:17.536+0000] {logging_mixin.py:188} INFO - [2024-04-07T14:50:17.536+0000] {dag.py:3834} INFO - Setting next_dagrun for example_task_group_decorator to 2024-04-06 00:00:00+00:00, run_after=2024-04-07 00:00:00+00:00
[2024-04-07T14:50:18.070+0000] {processor.py:183} INFO - Processing /home/airflow/.local/lib/python3.8/site-packages/airflow/example_dags/example_task_group_decorator.py took 0.849 seconds
[2024-04-07T14:50:48.605+0000] {processor.py:161} INFO - Started process (PID=1294) to work on /home/airflow/.local/lib/python3.8/site-packages/airflow/example_dags/example_task_group_decorator.py
[2024-04-07T14:50:48.608+0000] {processor.py:830} INFO - Processing file /home/airflow/.local/lib/python3.8/site-packages/airflow/example_dags/example_task_group_decorator.py for tasks to queue
[2024-04-07T14:50:48.612+0000] {logging_mixin.py:188} INFO - [2024-04-07T14:50:48.611+0000] {dagbag.py:540} INFO - Filling up the DagBag from /home/airflow/.local/lib/python3.8/site-packages/airflow/example_dags/example_task_group_decorator.py
[2024-04-07T14:50:48.647+0000] {processor.py:840} INFO - DAG(s) 'example_task_group_decorator' retrieved from /home/airflow/.local/lib/python3.8/site-packages/airflow/example_dags/example_task_group_decorator.py
[2024-04-07T14:50:48.754+0000] {logging_mixin.py:188} INFO - [2024-04-07T14:50:48.754+0000] {dag.py:3047} INFO - Sync 1 DAGs
[2024-04-07T14:50:48.848+0000] {logging_mixin.py:188} INFO - [2024-04-07T14:50:48.847+0000] {dag.py:3834} INFO - Setting next_dagrun for example_task_group_decorator to 2024-04-06 00:00:00+00:00, run_after=2024-04-07 00:00:00+00:00
[2024-04-07T14:50:48.899+0000] {processor.py:183} INFO - Processing /home/airflow/.local/lib/python3.8/site-packages/airflow/example_dags/example_task_group_decorator.py took 0.299 seconds
[2024-04-07T14:51:19.022+0000] {processor.py:161} INFO - Started process (PID=1350) to work on /home/airflow/.local/lib/python3.8/site-packages/airflow/example_dags/example_task_group_decorator.py
[2024-04-07T14:51:19.024+0000] {processor.py:830} INFO - Processing file /home/airflow/.local/lib/python3.8/site-packages/airflow/example_dags/example_task_group_decorator.py for tasks to queue
[2024-04-07T14:51:19.027+0000] {logging_mixin.py:188} INFO - [2024-04-07T14:51:19.027+0000] {dagbag.py:540} INFO - Filling up the DagBag from /home/airflow/.local/lib/python3.8/site-packages/airflow/example_dags/example_task_group_decorator.py
[2024-04-07T14:51:19.070+0000] {processor.py:840} INFO - DAG(s) 'example_task_group_decorator' retrieved from /home/airflow/.local/lib/python3.8/site-packages/airflow/example_dags/example_task_group_decorator.py
[2024-04-07T14:51:19.165+0000] {logging_mixin.py:188} INFO - [2024-04-07T14:51:19.165+0000] {dag.py:3047} INFO - Sync 1 DAGs
[2024-04-07T14:51:19.236+0000] {logging_mixin.py:188} INFO - [2024-04-07T14:51:19.236+0000] {dag.py:3834} INFO - Setting next_dagrun for example_task_group_decorator to 2024-04-06 00:00:00+00:00, run_after=2024-04-07 00:00:00+00:00
[2024-04-07T14:51:19.286+0000] {processor.py:183} INFO - Processing /home/airflow/.local/lib/python3.8/site-packages/airflow/example_dags/example_task_group_decorator.py took 0.269 seconds
[2024-04-07T14:51:50.496+0000] {processor.py:161} INFO - Started process (PID=1408) to work on /home/airflow/.local/lib/python3.8/site-packages/airflow/example_dags/example_task_group_decorator.py
[2024-04-07T14:51:50.510+0000] {processor.py:830} INFO - Processing file /home/airflow/.local/lib/python3.8/site-packages/airflow/example_dags/example_task_group_decorator.py for tasks to queue
[2024-04-07T14:51:50.535+0000] {logging_mixin.py:188} INFO - [2024-04-07T14:51:50.527+0000] {dagbag.py:540} INFO - Filling up the DagBag from /home/airflow/.local/lib/python3.8/site-packages/airflow/example_dags/example_task_group_decorator.py
[2024-04-07T14:51:50.646+0000] {processor.py:840} INFO - DAG(s) 'example_task_group_decorator' retrieved from /home/airflow/.local/lib/python3.8/site-packages/airflow/example_dags/example_task_group_decorator.py
[2024-04-07T14:51:50.890+0000] {logging_mixin.py:188} INFO - [2024-04-07T14:51:50.889+0000] {dag.py:3047} INFO - Sync 1 DAGs
[2024-04-07T14:51:51.043+0000] {logging_mixin.py:188} INFO - [2024-04-07T14:51:51.043+0000] {dag.py:3834} INFO - Setting next_dagrun for example_task_group_decorator to 2024-04-06 00:00:00+00:00, run_after=2024-04-07 00:00:00+00:00
[2024-04-07T14:51:51.299+0000] {processor.py:183} INFO - Processing /home/airflow/.local/lib/python3.8/site-packages/airflow/example_dags/example_task_group_decorator.py took 0.810 seconds
[2024-04-07T14:52:21.678+0000] {processor.py:161} INFO - Started process (PID=1465) to work on /home/airflow/.local/lib/python3.8/site-packages/airflow/example_dags/example_task_group_decorator.py
[2024-04-07T14:52:21.681+0000] {processor.py:830} INFO - Processing file /home/airflow/.local/lib/python3.8/site-packages/airflow/example_dags/example_task_group_decorator.py for tasks to queue
[2024-04-07T14:52:21.691+0000] {logging_mixin.py:188} INFO - [2024-04-07T14:52:21.690+0000] {dagbag.py:540} INFO - Filling up the DagBag from /home/airflow/.local/lib/python3.8/site-packages/airflow/example_dags/example_task_group_decorator.py
[2024-04-07T14:52:21.741+0000] {processor.py:840} INFO - DAG(s) 'example_task_group_decorator' retrieved from /home/airflow/.local/lib/python3.8/site-packages/airflow/example_dags/example_task_group_decorator.py
[2024-04-07T14:52:21.828+0000] {logging_mixin.py:188} INFO - [2024-04-07T14:52:21.828+0000] {dag.py:3047} INFO - Sync 1 DAGs
[2024-04-07T14:52:21.910+0000] {logging_mixin.py:188} INFO - [2024-04-07T14:52:21.910+0000] {dag.py:3834} INFO - Setting next_dagrun for example_task_group_decorator to 2024-04-06 00:00:00+00:00, run_after=2024-04-07 00:00:00+00:00
[2024-04-07T14:52:21.964+0000] {processor.py:183} INFO - Processing /home/airflow/.local/lib/python3.8/site-packages/airflow/example_dags/example_task_group_decorator.py took 0.292 seconds
[2024-04-07T14:52:52.117+0000] {processor.py:161} INFO - Started process (PID=1522) to work on /home/airflow/.local/lib/python3.8/site-packages/airflow/example_dags/example_task_group_decorator.py
[2024-04-07T14:52:52.120+0000] {processor.py:830} INFO - Processing file /home/airflow/.local/lib/python3.8/site-packages/airflow/example_dags/example_task_group_decorator.py for tasks to queue
[2024-04-07T14:52:52.125+0000] {logging_mixin.py:188} INFO - [2024-04-07T14:52:52.124+0000] {dagbag.py:540} INFO - Filling up the DagBag from /home/airflow/.local/lib/python3.8/site-packages/airflow/example_dags/example_task_group_decorator.py
[2024-04-07T14:52:52.166+0000] {processor.py:840} INFO - DAG(s) 'example_task_group_decorator' retrieved from /home/airflow/.local/lib/python3.8/site-packages/airflow/example_dags/example_task_group_decorator.py
[2024-04-07T14:52:52.249+0000] {logging_mixin.py:188} INFO - [2024-04-07T14:52:52.249+0000] {dag.py:3047} INFO - Sync 1 DAGs
[2024-04-07T14:52:52.307+0000] {logging_mixin.py:188} INFO - [2024-04-07T14:52:52.306+0000] {dag.py:3834} INFO - Setting next_dagrun for example_task_group_decorator to 2024-04-06 00:00:00+00:00, run_after=2024-04-07 00:00:00+00:00
[2024-04-07T14:52:52.365+0000] {processor.py:183} INFO - Processing /home/airflow/.local/lib/python3.8/site-packages/airflow/example_dags/example_task_group_decorator.py took 0.255 seconds
[2024-04-07T14:53:22.841+0000] {processor.py:161} INFO - Started process (PID=1579) to work on /home/airflow/.local/lib/python3.8/site-packages/airflow/example_dags/example_task_group_decorator.py
[2024-04-07T14:53:22.850+0000] {processor.py:830} INFO - Processing file /home/airflow/.local/lib/python3.8/site-packages/airflow/example_dags/example_task_group_decorator.py for tasks to queue
[2024-04-07T14:53:22.875+0000] {logging_mixin.py:188} INFO - [2024-04-07T14:53:22.874+0000] {dagbag.py:540} INFO - Filling up the DagBag from /home/airflow/.local/lib/python3.8/site-packages/airflow/example_dags/example_task_group_decorator.py
[2024-04-07T14:53:22.958+0000] {processor.py:840} INFO - DAG(s) 'example_task_group_decorator' retrieved from /home/airflow/.local/lib/python3.8/site-packages/airflow/example_dags/example_task_group_decorator.py
[2024-04-07T14:53:23.125+0000] {logging_mixin.py:188} INFO - [2024-04-07T14:53:23.125+0000] {dag.py:3047} INFO - Sync 1 DAGs
[2024-04-07T14:53:23.232+0000] {logging_mixin.py:188} INFO - [2024-04-07T14:53:23.229+0000] {dag.py:3834} INFO - Setting next_dagrun for example_task_group_decorator to 2024-04-06 00:00:00+00:00, run_after=2024-04-07 00:00:00+00:00
[2024-04-07T14:53:23.302+0000] {processor.py:183} INFO - Processing /home/airflow/.local/lib/python3.8/site-packages/airflow/example_dags/example_task_group_decorator.py took 0.479 seconds
[2024-04-07T14:53:53.965+0000] {processor.py:161} INFO - Started process (PID=1636) to work on /home/airflow/.local/lib/python3.8/site-packages/airflow/example_dags/example_task_group_decorator.py
[2024-04-07T14:53:53.967+0000] {processor.py:830} INFO - Processing file /home/airflow/.local/lib/python3.8/site-packages/airflow/example_dags/example_task_group_decorator.py for tasks to queue
[2024-04-07T14:53:53.970+0000] {logging_mixin.py:188} INFO - [2024-04-07T14:53:53.970+0000] {dagbag.py:540} INFO - Filling up the DagBag from /home/airflow/.local/lib/python3.8/site-packages/airflow/example_dags/example_task_group_decorator.py
[2024-04-07T14:53:54.026+0000] {processor.py:840} INFO - DAG(s) 'example_task_group_decorator' retrieved from /home/airflow/.local/lib/python3.8/site-packages/airflow/example_dags/example_task_group_decorator.py
[2024-04-07T14:53:54.118+0000] {logging_mixin.py:188} INFO - [2024-04-07T14:53:54.117+0000] {dag.py:3047} INFO - Sync 1 DAGs
[2024-04-07T14:53:54.189+0000] {logging_mixin.py:188} INFO - [2024-04-07T14:53:54.188+0000] {dag.py:3834} INFO - Setting next_dagrun for example_task_group_decorator to 2024-04-06 00:00:00+00:00, run_after=2024-04-07 00:00:00+00:00
[2024-04-07T14:53:54.271+0000] {processor.py:183} INFO - Processing /home/airflow/.local/lib/python3.8/site-packages/airflow/example_dags/example_task_group_decorator.py took 0.315 seconds
[2024-04-07T14:54:24.689+0000] {processor.py:161} INFO - Started process (PID=1693) to work on /home/airflow/.local/lib/python3.8/site-packages/airflow/example_dags/example_task_group_decorator.py
[2024-04-07T14:54:24.691+0000] {processor.py:830} INFO - Processing file /home/airflow/.local/lib/python3.8/site-packages/airflow/example_dags/example_task_group_decorator.py for tasks to queue
[2024-04-07T14:54:24.696+0000] {logging_mixin.py:188} INFO - [2024-04-07T14:54:24.695+0000] {dagbag.py:540} INFO - Filling up the DagBag from /home/airflow/.local/lib/python3.8/site-packages/airflow/example_dags/example_task_group_decorator.py
[2024-04-07T14:54:24.744+0000] {processor.py:840} INFO - DAG(s) 'example_task_group_decorator' retrieved from /home/airflow/.local/lib/python3.8/site-packages/airflow/example_dags/example_task_group_decorator.py
[2024-04-07T14:54:24.825+0000] {logging_mixin.py:188} INFO - [2024-04-07T14:54:24.824+0000] {dag.py:3047} INFO - Sync 1 DAGs
[2024-04-07T14:54:24.886+0000] {logging_mixin.py:188} INFO - [2024-04-07T14:54:24.885+0000] {dag.py:3834} INFO - Setting next_dagrun for example_task_group_decorator to 2024-04-06 00:00:00+00:00, run_after=2024-04-07 00:00:00+00:00
[2024-04-07T14:54:24.942+0000] {processor.py:183} INFO - Processing /home/airflow/.local/lib/python3.8/site-packages/airflow/example_dags/example_task_group_decorator.py took 0.258 seconds
[2024-04-07T14:54:55.680+0000] {processor.py:161} INFO - Started process (PID=1750) to work on /home/airflow/.local/lib/python3.8/site-packages/airflow/example_dags/example_task_group_decorator.py
[2024-04-07T14:54:55.691+0000] {processor.py:830} INFO - Processing file /home/airflow/.local/lib/python3.8/site-packages/airflow/example_dags/example_task_group_decorator.py for tasks to queue
[2024-04-07T14:54:55.697+0000] {logging_mixin.py:188} INFO - [2024-04-07T14:54:55.696+0000] {dagbag.py:540} INFO - Filling up the DagBag from /home/airflow/.local/lib/python3.8/site-packages/airflow/example_dags/example_task_group_decorator.py
[2024-04-07T14:54:55.753+0000] {processor.py:840} INFO - DAG(s) 'example_task_group_decorator' retrieved from /home/airflow/.local/lib/python3.8/site-packages/airflow/example_dags/example_task_group_decorator.py
[2024-04-07T14:54:55.812+0000] {logging_mixin.py:188} INFO - [2024-04-07T14:54:55.812+0000] {dag.py:3047} INFO - Sync 1 DAGs
[2024-04-07T14:54:55.853+0000] {logging_mixin.py:188} INFO - [2024-04-07T14:54:55.853+0000] {dag.py:3834} INFO - Setting next_dagrun for example_task_group_decorator to 2024-04-06 00:00:00+00:00, run_after=2024-04-07 00:00:00+00:00
[2024-04-07T14:54:55.891+0000] {processor.py:183} INFO - Processing /home/airflow/.local/lib/python3.8/site-packages/airflow/example_dags/example_task_group_decorator.py took 0.221 seconds
[2024-04-07T14:55:26.237+0000] {processor.py:161} INFO - Started process (PID=1804) to work on /home/airflow/.local/lib/python3.8/site-packages/airflow/example_dags/example_task_group_decorator.py
[2024-04-07T14:55:26.266+0000] {processor.py:830} INFO - Processing file /home/airflow/.local/lib/python3.8/site-packages/airflow/example_dags/example_task_group_decorator.py for tasks to queue
[2024-04-07T14:55:26.276+0000] {logging_mixin.py:188} INFO - [2024-04-07T14:55:26.275+0000] {dagbag.py:540} INFO - Filling up the DagBag from /home/airflow/.local/lib/python3.8/site-packages/airflow/example_dags/example_task_group_decorator.py
[2024-04-07T14:55:26.363+0000] {processor.py:840} INFO - DAG(s) 'example_task_group_decorator' retrieved from /home/airflow/.local/lib/python3.8/site-packages/airflow/example_dags/example_task_group_decorator.py
[2024-04-07T14:55:26.492+0000] {logging_mixin.py:188} INFO - [2024-04-07T14:55:26.491+0000] {dag.py:3047} INFO - Sync 1 DAGs
[2024-04-07T14:55:26.597+0000] {logging_mixin.py:188} INFO - [2024-04-07T14:55:26.596+0000] {dag.py:3834} INFO - Setting next_dagrun for example_task_group_decorator to 2024-04-06 00:00:00+00:00, run_after=2024-04-07 00:00:00+00:00
[2024-04-07T14:55:26.727+0000] {processor.py:183} INFO - Processing /home/airflow/.local/lib/python3.8/site-packages/airflow/example_dags/example_task_group_decorator.py took 0.496 seconds
[2024-04-07T14:55:57.446+0000] {processor.py:161} INFO - Started process (PID=1861) to work on /home/airflow/.local/lib/python3.8/site-packages/airflow/example_dags/example_task_group_decorator.py
[2024-04-07T14:55:57.449+0000] {processor.py:830} INFO - Processing file /home/airflow/.local/lib/python3.8/site-packages/airflow/example_dags/example_task_group_decorator.py for tasks to queue
[2024-04-07T14:55:57.452+0000] {logging_mixin.py:188} INFO - [2024-04-07T14:55:57.451+0000] {dagbag.py:540} INFO - Filling up the DagBag from /home/airflow/.local/lib/python3.8/site-packages/airflow/example_dags/example_task_group_decorator.py
[2024-04-07T14:55:57.477+0000] {processor.py:840} INFO - DAG(s) 'example_task_group_decorator' retrieved from /home/airflow/.local/lib/python3.8/site-packages/airflow/example_dags/example_task_group_decorator.py
[2024-04-07T14:55:57.522+0000] {logging_mixin.py:188} INFO - [2024-04-07T14:55:57.521+0000] {dag.py:3047} INFO - Sync 1 DAGs
[2024-04-07T14:55:57.559+0000] {logging_mixin.py:188} INFO - [2024-04-07T14:55:57.558+0000] {dag.py:3834} INFO - Setting next_dagrun for example_task_group_decorator to 2024-04-06 00:00:00+00:00, run_after=2024-04-07 00:00:00+00:00
[2024-04-07T14:55:57.596+0000] {processor.py:183} INFO - Processing /home/airflow/.local/lib/python3.8/site-packages/airflow/example_dags/example_task_group_decorator.py took 0.156 seconds
[2024-04-07T14:56:27.821+0000] {processor.py:161} INFO - Started process (PID=1919) to work on /home/airflow/.local/lib/python3.8/site-packages/airflow/example_dags/example_task_group_decorator.py
[2024-04-07T14:56:27.823+0000] {processor.py:830} INFO - Processing file /home/airflow/.local/lib/python3.8/site-packages/airflow/example_dags/example_task_group_decorator.py for tasks to queue
[2024-04-07T14:56:27.826+0000] {logging_mixin.py:188} INFO - [2024-04-07T14:56:27.825+0000] {dagbag.py:540} INFO - Filling up the DagBag from /home/airflow/.local/lib/python3.8/site-packages/airflow/example_dags/example_task_group_decorator.py
[2024-04-07T14:56:27.855+0000] {processor.py:840} INFO - DAG(s) 'example_task_group_decorator' retrieved from /home/airflow/.local/lib/python3.8/site-packages/airflow/example_dags/example_task_group_decorator.py
[2024-04-07T14:56:27.899+0000] {logging_mixin.py:188} INFO - [2024-04-07T14:56:27.899+0000] {dag.py:3047} INFO - Sync 1 DAGs
[2024-04-07T14:56:27.969+0000] {logging_mixin.py:188} INFO - [2024-04-07T14:56:27.968+0000] {dag.py:3834} INFO - Setting next_dagrun for example_task_group_decorator to 2024-04-06 00:00:00+00:00, run_after=2024-04-07 00:00:00+00:00
[2024-04-07T14:56:28.049+0000] {processor.py:183} INFO - Processing /home/airflow/.local/lib/python3.8/site-packages/airflow/example_dags/example_task_group_decorator.py took 0.234 seconds
[2024-04-07T14:56:58.226+0000] {processor.py:161} INFO - Started process (PID=1975) to work on /home/airflow/.local/lib/python3.8/site-packages/airflow/example_dags/example_task_group_decorator.py
[2024-04-07T14:56:58.228+0000] {processor.py:830} INFO - Processing file /home/airflow/.local/lib/python3.8/site-packages/airflow/example_dags/example_task_group_decorator.py for tasks to queue
[2024-04-07T14:56:58.232+0000] {logging_mixin.py:188} INFO - [2024-04-07T14:56:58.231+0000] {dagbag.py:540} INFO - Filling up the DagBag from /home/airflow/.local/lib/python3.8/site-packages/airflow/example_dags/example_task_group_decorator.py
[2024-04-07T14:56:58.261+0000] {processor.py:840} INFO - DAG(s) 'example_task_group_decorator' retrieved from /home/airflow/.local/lib/python3.8/site-packages/airflow/example_dags/example_task_group_decorator.py
[2024-04-07T14:56:58.299+0000] {logging_mixin.py:188} INFO - [2024-04-07T14:56:58.299+0000] {dag.py:3047} INFO - Sync 1 DAGs
[2024-04-07T14:56:58.349+0000] {logging_mixin.py:188} INFO - [2024-04-07T14:56:58.349+0000] {dag.py:3834} INFO - Setting next_dagrun for example_task_group_decorator to 2024-04-06 00:00:00+00:00, run_after=2024-04-07 00:00:00+00:00
[2024-04-07T14:56:58.388+0000] {processor.py:183} INFO - Processing /home/airflow/.local/lib/python3.8/site-packages/airflow/example_dags/example_task_group_decorator.py took 0.168 seconds
[2024-04-07T14:57:28.652+0000] {processor.py:161} INFO - Started process (PID=2032) to work on /home/airflow/.local/lib/python3.8/site-packages/airflow/example_dags/example_task_group_decorator.py
[2024-04-07T14:57:28.656+0000] {processor.py:830} INFO - Processing file /home/airflow/.local/lib/python3.8/site-packages/airflow/example_dags/example_task_group_decorator.py for tasks to queue
[2024-04-07T14:57:28.666+0000] {logging_mixin.py:188} INFO - [2024-04-07T14:57:28.664+0000] {dagbag.py:540} INFO - Filling up the DagBag from /home/airflow/.local/lib/python3.8/site-packages/airflow/example_dags/example_task_group_decorator.py
[2024-04-07T14:57:28.724+0000] {processor.py:840} INFO - DAG(s) 'example_task_group_decorator' retrieved from /home/airflow/.local/lib/python3.8/site-packages/airflow/example_dags/example_task_group_decorator.py
[2024-04-07T14:57:28.795+0000] {logging_mixin.py:188} INFO - [2024-04-07T14:57:28.795+0000] {dag.py:3047} INFO - Sync 1 DAGs
[2024-04-07T14:57:28.832+0000] {logging_mixin.py:188} INFO - [2024-04-07T14:57:28.832+0000] {dag.py:3834} INFO - Setting next_dagrun for example_task_group_decorator to 2024-04-06 00:00:00+00:00, run_after=2024-04-07 00:00:00+00:00
[2024-04-07T14:57:28.866+0000] {processor.py:183} INFO - Processing /home/airflow/.local/lib/python3.8/site-packages/airflow/example_dags/example_task_group_decorator.py took 0.223 seconds
[2024-04-07T14:57:58.924+0000] {processor.py:161} INFO - Started process (PID=2090) to work on /home/airflow/.local/lib/python3.8/site-packages/airflow/example_dags/example_task_group_decorator.py
[2024-04-07T14:57:58.926+0000] {processor.py:830} INFO - Processing file /home/airflow/.local/lib/python3.8/site-packages/airflow/example_dags/example_task_group_decorator.py for tasks to queue
[2024-04-07T14:57:58.929+0000] {logging_mixin.py:188} INFO - [2024-04-07T14:57:58.929+0000] {dagbag.py:540} INFO - Filling up the DagBag from /home/airflow/.local/lib/python3.8/site-packages/airflow/example_dags/example_task_group_decorator.py
[2024-04-07T14:57:58.959+0000] {processor.py:840} INFO - DAG(s) 'example_task_group_decorator' retrieved from /home/airflow/.local/lib/python3.8/site-packages/airflow/example_dags/example_task_group_decorator.py
[2024-04-07T14:57:59.011+0000] {logging_mixin.py:188} INFO - [2024-04-07T14:57:59.010+0000] {dag.py:3047} INFO - Sync 1 DAGs
[2024-04-07T14:57:59.052+0000] {logging_mixin.py:188} INFO - [2024-04-07T14:57:59.052+0000] {dag.py:3834} INFO - Setting next_dagrun for example_task_group_decorator to 2024-04-06 00:00:00+00:00, run_after=2024-04-07 00:00:00+00:00
[2024-04-07T14:57:59.091+0000] {processor.py:183} INFO - Processing /home/airflow/.local/lib/python3.8/site-packages/airflow/example_dags/example_task_group_decorator.py took 0.174 seconds
[2024-04-07T14:58:30.058+0000] {processor.py:161} INFO - Started process (PID=2147) to work on /home/airflow/.local/lib/python3.8/site-packages/airflow/example_dags/example_task_group_decorator.py
[2024-04-07T14:58:30.061+0000] {processor.py:830} INFO - Processing file /home/airflow/.local/lib/python3.8/site-packages/airflow/example_dags/example_task_group_decorator.py for tasks to queue
[2024-04-07T14:58:30.065+0000] {logging_mixin.py:188} INFO - [2024-04-07T14:58:30.065+0000] {dagbag.py:540} INFO - Filling up the DagBag from /home/airflow/.local/lib/python3.8/site-packages/airflow/example_dags/example_task_group_decorator.py
[2024-04-07T14:58:30.105+0000] {processor.py:840} INFO - DAG(s) 'example_task_group_decorator' retrieved from /home/airflow/.local/lib/python3.8/site-packages/airflow/example_dags/example_task_group_decorator.py
[2024-04-07T14:58:30.151+0000] {logging_mixin.py:188} INFO - [2024-04-07T14:58:30.151+0000] {dag.py:3047} INFO - Sync 1 DAGs
[2024-04-07T14:58:30.192+0000] {logging_mixin.py:188} INFO - [2024-04-07T14:58:30.192+0000] {dag.py:3834} INFO - Setting next_dagrun for example_task_group_decorator to 2024-04-06 00:00:00+00:00, run_after=2024-04-07 00:00:00+00:00
[2024-04-07T14:58:30.237+0000] {processor.py:183} INFO - Processing /home/airflow/.local/lib/python3.8/site-packages/airflow/example_dags/example_task_group_decorator.py took 0.184 seconds
[2024-04-07T14:59:00.664+0000] {processor.py:161} INFO - Started process (PID=2204) to work on /home/airflow/.local/lib/python3.8/site-packages/airflow/example_dags/example_task_group_decorator.py
[2024-04-07T14:59:00.666+0000] {processor.py:830} INFO - Processing file /home/airflow/.local/lib/python3.8/site-packages/airflow/example_dags/example_task_group_decorator.py for tasks to queue
[2024-04-07T14:59:00.676+0000] {logging_mixin.py:188} INFO - [2024-04-07T14:59:00.669+0000] {dagbag.py:540} INFO - Filling up the DagBag from /home/airflow/.local/lib/python3.8/site-packages/airflow/example_dags/example_task_group_decorator.py
[2024-04-07T14:59:00.754+0000] {processor.py:840} INFO - DAG(s) 'example_task_group_decorator' retrieved from /home/airflow/.local/lib/python3.8/site-packages/airflow/example_dags/example_task_group_decorator.py
[2024-04-07T14:59:00.851+0000] {logging_mixin.py:188} INFO - [2024-04-07T14:59:00.851+0000] {dag.py:3047} INFO - Sync 1 DAGs
[2024-04-07T14:59:00.933+0000] {logging_mixin.py:188} INFO - [2024-04-07T14:59:00.932+0000] {dag.py:3834} INFO - Setting next_dagrun for example_task_group_decorator to 2024-04-06 00:00:00+00:00, run_after=2024-04-07 00:00:00+00:00
[2024-04-07T14:59:01.008+0000] {processor.py:183} INFO - Processing /home/airflow/.local/lib/python3.8/site-packages/airflow/example_dags/example_task_group_decorator.py took 0.380 seconds
[2024-04-07T14:59:31.469+0000] {processor.py:161} INFO - Started process (PID=2261) to work on /home/airflow/.local/lib/python3.8/site-packages/airflow/example_dags/example_task_group_decorator.py
[2024-04-07T14:59:31.476+0000] {processor.py:830} INFO - Processing file /home/airflow/.local/lib/python3.8/site-packages/airflow/example_dags/example_task_group_decorator.py for tasks to queue
[2024-04-07T14:59:31.480+0000] {logging_mixin.py:188} INFO - [2024-04-07T14:59:31.479+0000] {dagbag.py:540} INFO - Filling up the DagBag from /home/airflow/.local/lib/python3.8/site-packages/airflow/example_dags/example_task_group_decorator.py
[2024-04-07T14:59:31.523+0000] {processor.py:840} INFO - DAG(s) 'example_task_group_decorator' retrieved from /home/airflow/.local/lib/python3.8/site-packages/airflow/example_dags/example_task_group_decorator.py
[2024-04-07T14:59:31.564+0000] {logging_mixin.py:188} INFO - [2024-04-07T14:59:31.563+0000] {dag.py:3047} INFO - Sync 1 DAGs
[2024-04-07T14:59:31.606+0000] {logging_mixin.py:188} INFO - [2024-04-07T14:59:31.605+0000] {dag.py:3834} INFO - Setting next_dagrun for example_task_group_decorator to 2024-04-06 00:00:00+00:00, run_after=2024-04-07 00:00:00+00:00
[2024-04-07T14:59:31.644+0000] {processor.py:183} INFO - Processing /home/airflow/.local/lib/python3.8/site-packages/airflow/example_dags/example_task_group_decorator.py took 0.182 seconds
[2024-04-07T15:00:03.472+0000] {processor.py:161} INFO - Started process (PID=2318) to work on /home/airflow/.local/lib/python3.8/site-packages/airflow/example_dags/example_task_group_decorator.py
[2024-04-07T15:00:03.499+0000] {processor.py:830} INFO - Processing file /home/airflow/.local/lib/python3.8/site-packages/airflow/example_dags/example_task_group_decorator.py for tasks to queue
[2024-04-07T15:00:03.529+0000] {logging_mixin.py:188} INFO - [2024-04-07T15:00:03.528+0000] {dagbag.py:540} INFO - Filling up the DagBag from /home/airflow/.local/lib/python3.8/site-packages/airflow/example_dags/example_task_group_decorator.py
[2024-04-07T15:00:03.668+0000] {processor.py:840} INFO - DAG(s) 'example_task_group_decorator' retrieved from /home/airflow/.local/lib/python3.8/site-packages/airflow/example_dags/example_task_group_decorator.py
[2024-04-07T15:00:03.871+0000] {logging_mixin.py:188} INFO - [2024-04-07T15:00:03.870+0000] {dag.py:3047} INFO - Sync 1 DAGs
[2024-04-07T15:00:04.202+0000] {logging_mixin.py:188} INFO - [2024-04-07T15:00:04.199+0000] {dag.py:3834} INFO - Setting next_dagrun for example_task_group_decorator to 2024-04-06 00:00:00+00:00, run_after=2024-04-07 00:00:00+00:00
[2024-04-07T15:00:04.332+0000] {processor.py:183} INFO - Processing /home/airflow/.local/lib/python3.8/site-packages/airflow/example_dags/example_task_group_decorator.py took 0.867 seconds
