[2024-04-07T14:37:25.225+0000] {processor.py:161} INFO - Started process (PID=54) to work on /home/airflow/.local/lib/python3.8/site-packages/airflow/example_dags/example_skip_dag.py
[2024-04-07T14:37:25.298+0000] {processor.py:830} INFO - Processing file /home/airflow/.local/lib/python3.8/site-packages/airflow/example_dags/example_skip_dag.py for tasks to queue
[2024-04-07T14:37:25.305+0000] {logging_mixin.py:188} INFO - [2024-04-07T14:37:25.304+0000] {dagbag.py:540} INFO - Filling up the DagBag from /home/airflow/.local/lib/python3.8/site-packages/airflow/example_dags/example_skip_dag.py
[2024-04-07T14:37:26.053+0000] {processor.py:840} INFO - DAG(s) 'example_skip_dag' retrieved from /home/airflow/.local/lib/python3.8/site-packages/airflow/example_dags/example_skip_dag.py
[2024-04-07T14:37:27.565+0000] {logging_mixin.py:188} INFO - [2024-04-07T14:37:27.564+0000] {dag.py:3047} INFO - Sync 1 DAGs
[2024-04-07T14:37:31.284+0000] {logging_mixin.py:188} INFO - [2024-04-07T14:37:31.283+0000] {dag.py:3834} INFO - Setting next_dagrun for example_skip_dag to 2024-04-06 00:00:00+00:00, run_after=2024-04-07 00:00:00+00:00
[2024-04-07T14:37:33.193+0000] {processor.py:183} INFO - Processing /home/airflow/.local/lib/python3.8/site-packages/airflow/example_dags/example_skip_dag.py took 8.013 seconds
[2024-04-07T14:39:13.169+0000] {processor.py:161} INFO - Started process (PID=44) to work on /home/airflow/.local/lib/python3.8/site-packages/airflow/example_dags/example_skip_dag.py
[2024-04-07T14:39:13.172+0000] {processor.py:830} INFO - Processing file /home/airflow/.local/lib/python3.8/site-packages/airflow/example_dags/example_skip_dag.py for tasks to queue
[2024-04-07T14:39:13.180+0000] {logging_mixin.py:188} INFO - [2024-04-07T14:39:13.179+0000] {dagbag.py:540} INFO - Filling up the DagBag from /home/airflow/.local/lib/python3.8/site-packages/airflow/example_dags/example_skip_dag.py
[2024-04-07T14:39:13.207+0000] {processor.py:840} INFO - DAG(s) 'example_skip_dag' retrieved from /home/airflow/.local/lib/python3.8/site-packages/airflow/example_dags/example_skip_dag.py
[2024-04-07T14:39:13.283+0000] {logging_mixin.py:188} INFO - [2024-04-07T14:39:13.282+0000] {dag.py:3047} INFO - Sync 1 DAGs
[2024-04-07T14:39:13.322+0000] {logging_mixin.py:188} INFO - [2024-04-07T14:39:13.321+0000] {dag.py:3834} INFO - Setting next_dagrun for example_skip_dag to 2024-04-06 00:00:00+00:00, run_after=2024-04-07 00:00:00+00:00
[2024-04-07T14:39:13.456+0000] {processor.py:183} INFO - Processing /home/airflow/.local/lib/python3.8/site-packages/airflow/example_dags/example_skip_dag.py took 0.296 seconds
[2024-04-07T14:39:48.715+0000] {processor.py:161} INFO - Started process (PID=101) to work on /home/airflow/.local/lib/python3.8/site-packages/airflow/example_dags/example_skip_dag.py
[2024-04-07T14:39:48.717+0000] {processor.py:830} INFO - Processing file /home/airflow/.local/lib/python3.8/site-packages/airflow/example_dags/example_skip_dag.py for tasks to queue
[2024-04-07T14:39:48.721+0000] {logging_mixin.py:188} INFO - [2024-04-07T14:39:48.720+0000] {dagbag.py:540} INFO - Filling up the DagBag from /home/airflow/.local/lib/python3.8/site-packages/airflow/example_dags/example_skip_dag.py
[2024-04-07T14:39:48.738+0000] {processor.py:840} INFO - DAG(s) 'example_skip_dag' retrieved from /home/airflow/.local/lib/python3.8/site-packages/airflow/example_dags/example_skip_dag.py
[2024-04-07T14:39:48.778+0000] {logging_mixin.py:188} INFO - [2024-04-07T14:39:48.777+0000] {dag.py:3047} INFO - Sync 1 DAGs
[2024-04-07T14:39:48.817+0000] {logging_mixin.py:188} INFO - [2024-04-07T14:39:48.817+0000] {dag.py:3834} INFO - Setting next_dagrun for example_skip_dag to 2024-04-06 00:00:00+00:00, run_after=2024-04-07 00:00:00+00:00
[2024-04-07T14:39:49.091+0000] {processor.py:183} INFO - Processing /home/airflow/.local/lib/python3.8/site-packages/airflow/example_dags/example_skip_dag.py took 0.383 seconds
[2024-04-07T14:40:22.918+0000] {processor.py:161} INFO - Started process (PID=158) to work on /home/airflow/.local/lib/python3.8/site-packages/airflow/example_dags/example_skip_dag.py
[2024-04-07T14:40:22.924+0000] {processor.py:830} INFO - Processing file /home/airflow/.local/lib/python3.8/site-packages/airflow/example_dags/example_skip_dag.py for tasks to queue
[2024-04-07T14:40:22.935+0000] {logging_mixin.py:188} INFO - [2024-04-07T14:40:22.927+0000] {dagbag.py:540} INFO - Filling up the DagBag from /home/airflow/.local/lib/python3.8/site-packages/airflow/example_dags/example_skip_dag.py
[2024-04-07T14:40:22.986+0000] {processor.py:840} INFO - DAG(s) 'example_skip_dag' retrieved from /home/airflow/.local/lib/python3.8/site-packages/airflow/example_dags/example_skip_dag.py
[2024-04-07T14:40:23.104+0000] {logging_mixin.py:188} INFO - [2024-04-07T14:40:23.094+0000] {dag.py:3047} INFO - Sync 1 DAGs
[2024-04-07T14:40:23.254+0000] {logging_mixin.py:188} INFO - [2024-04-07T14:40:23.254+0000] {dag.py:3834} INFO - Setting next_dagrun for example_skip_dag to 2024-04-06 00:00:00+00:00, run_after=2024-04-07 00:00:00+00:00
[2024-04-07T14:40:23.419+0000] {processor.py:183} INFO - Processing /home/airflow/.local/lib/python3.8/site-packages/airflow/example_dags/example_skip_dag.py took 0.520 seconds
[2024-04-07T14:40:53.595+0000] {processor.py:161} INFO - Started process (PID=215) to work on /home/airflow/.local/lib/python3.8/site-packages/airflow/example_dags/example_skip_dag.py
[2024-04-07T14:40:53.607+0000] {processor.py:830} INFO - Processing file /home/airflow/.local/lib/python3.8/site-packages/airflow/example_dags/example_skip_dag.py for tasks to queue
[2024-04-07T14:40:53.616+0000] {logging_mixin.py:188} INFO - [2024-04-07T14:40:53.616+0000] {dagbag.py:540} INFO - Filling up the DagBag from /home/airflow/.local/lib/python3.8/site-packages/airflow/example_dags/example_skip_dag.py
[2024-04-07T14:40:53.653+0000] {processor.py:840} INFO - DAG(s) 'example_skip_dag' retrieved from /home/airflow/.local/lib/python3.8/site-packages/airflow/example_dags/example_skip_dag.py
[2024-04-07T14:40:53.696+0000] {logging_mixin.py:188} INFO - [2024-04-07T14:40:53.696+0000] {dag.py:3047} INFO - Sync 1 DAGs
[2024-04-07T14:40:53.739+0000] {logging_mixin.py:188} INFO - [2024-04-07T14:40:53.739+0000] {dag.py:3834} INFO - Setting next_dagrun for example_skip_dag to 2024-04-06 00:00:00+00:00, run_after=2024-04-07 00:00:00+00:00
[2024-04-07T14:40:53.818+0000] {processor.py:183} INFO - Processing /home/airflow/.local/lib/python3.8/site-packages/airflow/example_dags/example_skip_dag.py took 0.238 seconds
[2024-04-07T14:41:28.476+0000] {processor.py:161} INFO - Started process (PID=272) to work on /home/airflow/.local/lib/python3.8/site-packages/airflow/example_dags/example_skip_dag.py
[2024-04-07T14:41:28.480+0000] {processor.py:830} INFO - Processing file /home/airflow/.local/lib/python3.8/site-packages/airflow/example_dags/example_skip_dag.py for tasks to queue
[2024-04-07T14:41:28.484+0000] {logging_mixin.py:188} INFO - [2024-04-07T14:41:28.483+0000] {dagbag.py:540} INFO - Filling up the DagBag from /home/airflow/.local/lib/python3.8/site-packages/airflow/example_dags/example_skip_dag.py
[2024-04-07T14:41:28.507+0000] {processor.py:840} INFO - DAG(s) 'example_skip_dag' retrieved from /home/airflow/.local/lib/python3.8/site-packages/airflow/example_dags/example_skip_dag.py
[2024-04-07T14:41:28.639+0000] {logging_mixin.py:188} INFO - [2024-04-07T14:41:28.638+0000] {dag.py:3047} INFO - Sync 1 DAGs
[2024-04-07T14:41:28.722+0000] {logging_mixin.py:188} INFO - [2024-04-07T14:41:28.721+0000] {dag.py:3834} INFO - Setting next_dagrun for example_skip_dag to 2024-04-06 00:00:00+00:00, run_after=2024-04-07 00:00:00+00:00
[2024-04-07T14:41:28.799+0000] {processor.py:183} INFO - Processing /home/airflow/.local/lib/python3.8/site-packages/airflow/example_dags/example_skip_dag.py took 0.332 seconds
[2024-04-07T14:41:59.119+0000] {processor.py:161} INFO - Started process (PID=327) to work on /home/airflow/.local/lib/python3.8/site-packages/airflow/example_dags/example_skip_dag.py
[2024-04-07T14:41:59.124+0000] {processor.py:830} INFO - Processing file /home/airflow/.local/lib/python3.8/site-packages/airflow/example_dags/example_skip_dag.py for tasks to queue
[2024-04-07T14:41:59.135+0000] {logging_mixin.py:188} INFO - [2024-04-07T14:41:59.134+0000] {dagbag.py:540} INFO - Filling up the DagBag from /home/airflow/.local/lib/python3.8/site-packages/airflow/example_dags/example_skip_dag.py
[2024-04-07T14:41:59.177+0000] {processor.py:840} INFO - DAG(s) 'example_skip_dag' retrieved from /home/airflow/.local/lib/python3.8/site-packages/airflow/example_dags/example_skip_dag.py
[2024-04-07T14:41:59.287+0000] {logging_mixin.py:188} INFO - [2024-04-07T14:41:59.286+0000] {dag.py:3047} INFO - Sync 1 DAGs
[2024-04-07T14:41:59.429+0000] {logging_mixin.py:188} INFO - [2024-04-07T14:41:59.429+0000] {dag.py:3834} INFO - Setting next_dagrun for example_skip_dag to 2024-04-06 00:00:00+00:00, run_after=2024-04-07 00:00:00+00:00
[2024-04-07T14:41:59.635+0000] {processor.py:183} INFO - Processing /home/airflow/.local/lib/python3.8/site-packages/airflow/example_dags/example_skip_dag.py took 0.531 seconds
[2024-04-07T14:42:30.142+0000] {processor.py:161} INFO - Started process (PID=390) to work on /home/airflow/.local/lib/python3.8/site-packages/airflow/example_dags/example_skip_dag.py
[2024-04-07T14:42:30.144+0000] {processor.py:830} INFO - Processing file /home/airflow/.local/lib/python3.8/site-packages/airflow/example_dags/example_skip_dag.py for tasks to queue
[2024-04-07T14:42:30.147+0000] {logging_mixin.py:188} INFO - [2024-04-07T14:42:30.146+0000] {dagbag.py:540} INFO - Filling up the DagBag from /home/airflow/.local/lib/python3.8/site-packages/airflow/example_dags/example_skip_dag.py
[2024-04-07T14:42:30.160+0000] {processor.py:840} INFO - DAG(s) 'example_skip_dag' retrieved from /home/airflow/.local/lib/python3.8/site-packages/airflow/example_dags/example_skip_dag.py
[2024-04-07T14:42:30.199+0000] {logging_mixin.py:188} INFO - [2024-04-07T14:42:30.199+0000] {dag.py:3047} INFO - Sync 1 DAGs
[2024-04-07T14:42:30.242+0000] {logging_mixin.py:188} INFO - [2024-04-07T14:42:30.241+0000] {dag.py:3834} INFO - Setting next_dagrun for example_skip_dag to 2024-04-06 00:00:00+00:00, run_after=2024-04-07 00:00:00+00:00
[2024-04-07T14:42:30.291+0000] {processor.py:183} INFO - Processing /home/airflow/.local/lib/python3.8/site-packages/airflow/example_dags/example_skip_dag.py took 0.155 seconds
[2024-04-07T14:43:01.031+0000] {processor.py:161} INFO - Started process (PID=448) to work on /home/airflow/.local/lib/python3.8/site-packages/airflow/example_dags/example_skip_dag.py
[2024-04-07T14:43:01.033+0000] {processor.py:830} INFO - Processing file /home/airflow/.local/lib/python3.8/site-packages/airflow/example_dags/example_skip_dag.py for tasks to queue
[2024-04-07T14:43:01.037+0000] {logging_mixin.py:188} INFO - [2024-04-07T14:43:01.037+0000] {dagbag.py:540} INFO - Filling up the DagBag from /home/airflow/.local/lib/python3.8/site-packages/airflow/example_dags/example_skip_dag.py
[2024-04-07T14:43:01.047+0000] {processor.py:840} INFO - DAG(s) 'example_skip_dag' retrieved from /home/airflow/.local/lib/python3.8/site-packages/airflow/example_dags/example_skip_dag.py
[2024-04-07T14:43:01.091+0000] {logging_mixin.py:188} INFO - [2024-04-07T14:43:01.090+0000] {dag.py:3047} INFO - Sync 1 DAGs
[2024-04-07T14:43:01.183+0000] {logging_mixin.py:188} INFO - [2024-04-07T14:43:01.183+0000] {dag.py:3834} INFO - Setting next_dagrun for example_skip_dag to 2024-04-06 00:00:00+00:00, run_after=2024-04-07 00:00:00+00:00
[2024-04-07T14:43:01.221+0000] {processor.py:183} INFO - Processing /home/airflow/.local/lib/python3.8/site-packages/airflow/example_dags/example_skip_dag.py took 0.197 seconds
[2024-04-07T14:43:31.601+0000] {processor.py:161} INFO - Started process (PID=505) to work on /home/airflow/.local/lib/python3.8/site-packages/airflow/example_dags/example_skip_dag.py
[2024-04-07T14:43:31.603+0000] {processor.py:830} INFO - Processing file /home/airflow/.local/lib/python3.8/site-packages/airflow/example_dags/example_skip_dag.py for tasks to queue
[2024-04-07T14:43:31.606+0000] {logging_mixin.py:188} INFO - [2024-04-07T14:43:31.606+0000] {dagbag.py:540} INFO - Filling up the DagBag from /home/airflow/.local/lib/python3.8/site-packages/airflow/example_dags/example_skip_dag.py
[2024-04-07T14:43:31.618+0000] {processor.py:840} INFO - DAG(s) 'example_skip_dag' retrieved from /home/airflow/.local/lib/python3.8/site-packages/airflow/example_dags/example_skip_dag.py
[2024-04-07T14:43:31.649+0000] {logging_mixin.py:188} INFO - [2024-04-07T14:43:31.649+0000] {dag.py:3047} INFO - Sync 1 DAGs
[2024-04-07T14:43:31.681+0000] {logging_mixin.py:188} INFO - [2024-04-07T14:43:31.681+0000] {dag.py:3834} INFO - Setting next_dagrun for example_skip_dag to 2024-04-06 00:00:00+00:00, run_after=2024-04-07 00:00:00+00:00
[2024-04-07T14:43:31.720+0000] {processor.py:183} INFO - Processing /home/airflow/.local/lib/python3.8/site-packages/airflow/example_dags/example_skip_dag.py took 0.124 seconds
[2024-04-07T14:44:02.156+0000] {processor.py:161} INFO - Started process (PID=562) to work on /home/airflow/.local/lib/python3.8/site-packages/airflow/example_dags/example_skip_dag.py
[2024-04-07T14:44:02.158+0000] {processor.py:830} INFO - Processing file /home/airflow/.local/lib/python3.8/site-packages/airflow/example_dags/example_skip_dag.py for tasks to queue
[2024-04-07T14:44:02.162+0000] {logging_mixin.py:188} INFO - [2024-04-07T14:44:02.161+0000] {dagbag.py:540} INFO - Filling up the DagBag from /home/airflow/.local/lib/python3.8/site-packages/airflow/example_dags/example_skip_dag.py
[2024-04-07T14:44:02.179+0000] {processor.py:840} INFO - DAG(s) 'example_skip_dag' retrieved from /home/airflow/.local/lib/python3.8/site-packages/airflow/example_dags/example_skip_dag.py
[2024-04-07T14:44:02.259+0000] {logging_mixin.py:188} INFO - [2024-04-07T14:44:02.259+0000] {dag.py:3047} INFO - Sync 1 DAGs
[2024-04-07T14:44:02.320+0000] {logging_mixin.py:188} INFO - [2024-04-07T14:44:02.319+0000] {dag.py:3834} INFO - Setting next_dagrun for example_skip_dag to 2024-04-06 00:00:00+00:00, run_after=2024-04-07 00:00:00+00:00
[2024-04-07T14:44:02.575+0000] {processor.py:183} INFO - Processing /home/airflow/.local/lib/python3.8/site-packages/airflow/example_dags/example_skip_dag.py took 0.431 seconds
[2024-04-07T14:44:32.780+0000] {processor.py:161} INFO - Started process (PID=619) to work on /home/airflow/.local/lib/python3.8/site-packages/airflow/example_dags/example_skip_dag.py
[2024-04-07T14:44:32.782+0000] {processor.py:830} INFO - Processing file /home/airflow/.local/lib/python3.8/site-packages/airflow/example_dags/example_skip_dag.py for tasks to queue
[2024-04-07T14:44:32.786+0000] {logging_mixin.py:188} INFO - [2024-04-07T14:44:32.786+0000] {dagbag.py:540} INFO - Filling up the DagBag from /home/airflow/.local/lib/python3.8/site-packages/airflow/example_dags/example_skip_dag.py
[2024-04-07T14:44:32.799+0000] {processor.py:840} INFO - DAG(s) 'example_skip_dag' retrieved from /home/airflow/.local/lib/python3.8/site-packages/airflow/example_dags/example_skip_dag.py
[2024-04-07T14:44:32.842+0000] {logging_mixin.py:188} INFO - [2024-04-07T14:44:32.841+0000] {dag.py:3047} INFO - Sync 1 DAGs
[2024-04-07T14:44:32.933+0000] {logging_mixin.py:188} INFO - [2024-04-07T14:44:32.933+0000] {dag.py:3834} INFO - Setting next_dagrun for example_skip_dag to 2024-04-06 00:00:00+00:00, run_after=2024-04-07 00:00:00+00:00
[2024-04-07T14:44:33.169+0000] {processor.py:183} INFO - Processing /home/airflow/.local/lib/python3.8/site-packages/airflow/example_dags/example_skip_dag.py took 0.396 seconds
[2024-04-07T14:45:10.506+0000] {processor.py:161} INFO - Started process (PID=675) to work on /home/airflow/.local/lib/python3.8/site-packages/airflow/example_dags/example_skip_dag.py
[2024-04-07T14:45:10.508+0000] {processor.py:830} INFO - Processing file /home/airflow/.local/lib/python3.8/site-packages/airflow/example_dags/example_skip_dag.py for tasks to queue
[2024-04-07T14:45:10.511+0000] {logging_mixin.py:188} INFO - [2024-04-07T14:45:10.511+0000] {dagbag.py:540} INFO - Filling up the DagBag from /home/airflow/.local/lib/python3.8/site-packages/airflow/example_dags/example_skip_dag.py
[2024-04-07T14:45:10.524+0000] {processor.py:840} INFO - DAG(s) 'example_skip_dag' retrieved from /home/airflow/.local/lib/python3.8/site-packages/airflow/example_dags/example_skip_dag.py
[2024-04-07T14:45:10.564+0000] {logging_mixin.py:188} INFO - [2024-04-07T14:45:10.564+0000] {dag.py:3047} INFO - Sync 1 DAGs
[2024-04-07T14:45:10.622+0000] {logging_mixin.py:188} INFO - [2024-04-07T14:45:10.621+0000] {dag.py:3834} INFO - Setting next_dagrun for example_skip_dag to 2024-04-06 00:00:00+00:00, run_after=2024-04-07 00:00:00+00:00
[2024-04-07T14:45:10.728+0000] {processor.py:183} INFO - Processing /home/airflow/.local/lib/python3.8/site-packages/airflow/example_dags/example_skip_dag.py took 0.226 seconds
[2024-04-07T14:45:41.552+0000] {processor.py:161} INFO - Started process (PID=732) to work on /home/airflow/.local/lib/python3.8/site-packages/airflow/example_dags/example_skip_dag.py
[2024-04-07T14:45:41.555+0000] {processor.py:830} INFO - Processing file /home/airflow/.local/lib/python3.8/site-packages/airflow/example_dags/example_skip_dag.py for tasks to queue
[2024-04-07T14:45:41.559+0000] {logging_mixin.py:188} INFO - [2024-04-07T14:45:41.558+0000] {dagbag.py:540} INFO - Filling up the DagBag from /home/airflow/.local/lib/python3.8/site-packages/airflow/example_dags/example_skip_dag.py
[2024-04-07T14:45:41.578+0000] {processor.py:840} INFO - DAG(s) 'example_skip_dag' retrieved from /home/airflow/.local/lib/python3.8/site-packages/airflow/example_dags/example_skip_dag.py
[2024-04-07T14:45:41.640+0000] {logging_mixin.py:188} INFO - [2024-04-07T14:45:41.639+0000] {dag.py:3047} INFO - Sync 1 DAGs
[2024-04-07T14:45:41.707+0000] {logging_mixin.py:188} INFO - [2024-04-07T14:45:41.707+0000] {dag.py:3834} INFO - Setting next_dagrun for example_skip_dag to 2024-04-06 00:00:00+00:00, run_after=2024-04-07 00:00:00+00:00
[2024-04-07T14:45:41.838+0000] {processor.py:183} INFO - Processing /home/airflow/.local/lib/python3.8/site-packages/airflow/example_dags/example_skip_dag.py took 0.294 seconds
[2024-04-07T14:46:12.673+0000] {processor.py:161} INFO - Started process (PID=789) to work on /home/airflow/.local/lib/python3.8/site-packages/airflow/example_dags/example_skip_dag.py
[2024-04-07T14:46:12.677+0000] {processor.py:830} INFO - Processing file /home/airflow/.local/lib/python3.8/site-packages/airflow/example_dags/example_skip_dag.py for tasks to queue
[2024-04-07T14:46:12.682+0000] {logging_mixin.py:188} INFO - [2024-04-07T14:46:12.680+0000] {dagbag.py:540} INFO - Filling up the DagBag from /home/airflow/.local/lib/python3.8/site-packages/airflow/example_dags/example_skip_dag.py
[2024-04-07T14:46:12.695+0000] {processor.py:840} INFO - DAG(s) 'example_skip_dag' retrieved from /home/airflow/.local/lib/python3.8/site-packages/airflow/example_dags/example_skip_dag.py
[2024-04-07T14:46:12.736+0000] {logging_mixin.py:188} INFO - [2024-04-07T14:46:12.736+0000] {dag.py:3047} INFO - Sync 1 DAGs
[2024-04-07T14:46:12.777+0000] {logging_mixin.py:188} INFO - [2024-04-07T14:46:12.777+0000] {dag.py:3834} INFO - Setting next_dagrun for example_skip_dag to 2024-04-06 00:00:00+00:00, run_after=2024-04-07 00:00:00+00:00
[2024-04-07T14:46:12.823+0000] {processor.py:183} INFO - Processing /home/airflow/.local/lib/python3.8/site-packages/airflow/example_dags/example_skip_dag.py took 0.156 seconds
[2024-04-07T14:46:43.821+0000] {processor.py:161} INFO - Started process (PID=841) to work on /home/airflow/.local/lib/python3.8/site-packages/airflow/example_dags/example_skip_dag.py
[2024-04-07T14:46:43.827+0000] {processor.py:830} INFO - Processing file /home/airflow/.local/lib/python3.8/site-packages/airflow/example_dags/example_skip_dag.py for tasks to queue
[2024-04-07T14:46:43.834+0000] {logging_mixin.py:188} INFO - [2024-04-07T14:46:43.834+0000] {dagbag.py:540} INFO - Filling up the DagBag from /home/airflow/.local/lib/python3.8/site-packages/airflow/example_dags/example_skip_dag.py
[2024-04-07T14:46:43.853+0000] {processor.py:840} INFO - DAG(s) 'example_skip_dag' retrieved from /home/airflow/.local/lib/python3.8/site-packages/airflow/example_dags/example_skip_dag.py
[2024-04-07T14:46:43.937+0000] {logging_mixin.py:188} INFO - [2024-04-07T14:46:43.937+0000] {dag.py:3047} INFO - Sync 1 DAGs
[2024-04-07T14:46:44.016+0000] {logging_mixin.py:188} INFO - [2024-04-07T14:46:44.016+0000] {dag.py:3834} INFO - Setting next_dagrun for example_skip_dag to 2024-04-06 00:00:00+00:00, run_after=2024-04-07 00:00:00+00:00
[2024-04-07T14:46:44.120+0000] {processor.py:183} INFO - Processing /home/airflow/.local/lib/python3.8/site-packages/airflow/example_dags/example_skip_dag.py took 0.305 seconds
[2024-04-07T14:47:14.370+0000] {processor.py:161} INFO - Started process (PID=898) to work on /home/airflow/.local/lib/python3.8/site-packages/airflow/example_dags/example_skip_dag.py
[2024-04-07T14:47:14.373+0000] {processor.py:830} INFO - Processing file /home/airflow/.local/lib/python3.8/site-packages/airflow/example_dags/example_skip_dag.py for tasks to queue
[2024-04-07T14:47:14.377+0000] {logging_mixin.py:188} INFO - [2024-04-07T14:47:14.376+0000] {dagbag.py:540} INFO - Filling up the DagBag from /home/airflow/.local/lib/python3.8/site-packages/airflow/example_dags/example_skip_dag.py
[2024-04-07T14:47:14.393+0000] {processor.py:840} INFO - DAG(s) 'example_skip_dag' retrieved from /home/airflow/.local/lib/python3.8/site-packages/airflow/example_dags/example_skip_dag.py
[2024-04-07T14:47:14.447+0000] {logging_mixin.py:188} INFO - [2024-04-07T14:47:14.446+0000] {dag.py:3047} INFO - Sync 1 DAGs
[2024-04-07T14:47:14.506+0000] {logging_mixin.py:188} INFO - [2024-04-07T14:47:14.506+0000] {dag.py:3834} INFO - Setting next_dagrun for example_skip_dag to 2024-04-06 00:00:00+00:00, run_after=2024-04-07 00:00:00+00:00
[2024-04-07T14:47:14.602+0000] {processor.py:183} INFO - Processing /home/airflow/.local/lib/python3.8/site-packages/airflow/example_dags/example_skip_dag.py took 0.240 seconds
[2024-04-07T14:47:44.735+0000] {processor.py:161} INFO - Started process (PID=954) to work on /home/airflow/.local/lib/python3.8/site-packages/airflow/example_dags/example_skip_dag.py
[2024-04-07T14:47:44.737+0000] {processor.py:830} INFO - Processing file /home/airflow/.local/lib/python3.8/site-packages/airflow/example_dags/example_skip_dag.py for tasks to queue
[2024-04-07T14:47:44.740+0000] {logging_mixin.py:188} INFO - [2024-04-07T14:47:44.739+0000] {dagbag.py:540} INFO - Filling up the DagBag from /home/airflow/.local/lib/python3.8/site-packages/airflow/example_dags/example_skip_dag.py
[2024-04-07T14:47:44.751+0000] {processor.py:840} INFO - DAG(s) 'example_skip_dag' retrieved from /home/airflow/.local/lib/python3.8/site-packages/airflow/example_dags/example_skip_dag.py
[2024-04-07T14:47:44.783+0000] {logging_mixin.py:188} INFO - [2024-04-07T14:47:44.783+0000] {dag.py:3047} INFO - Sync 1 DAGs
[2024-04-07T14:47:44.818+0000] {logging_mixin.py:188} INFO - [2024-04-07T14:47:44.818+0000] {dag.py:3834} INFO - Setting next_dagrun for example_skip_dag to 2024-04-06 00:00:00+00:00, run_after=2024-04-07 00:00:00+00:00
[2024-04-07T14:47:44.856+0000] {processor.py:183} INFO - Processing /home/airflow/.local/lib/python3.8/site-packages/airflow/example_dags/example_skip_dag.py took 0.126 seconds
[2024-04-07T14:48:15.766+0000] {processor.py:161} INFO - Started process (PID=1012) to work on /home/airflow/.local/lib/python3.8/site-packages/airflow/example_dags/example_skip_dag.py
[2024-04-07T14:48:15.768+0000] {processor.py:830} INFO - Processing file /home/airflow/.local/lib/python3.8/site-packages/airflow/example_dags/example_skip_dag.py for tasks to queue
[2024-04-07T14:48:15.772+0000] {logging_mixin.py:188} INFO - [2024-04-07T14:48:15.771+0000] {dagbag.py:540} INFO - Filling up the DagBag from /home/airflow/.local/lib/python3.8/site-packages/airflow/example_dags/example_skip_dag.py
[2024-04-07T14:48:15.787+0000] {processor.py:840} INFO - DAG(s) 'example_skip_dag' retrieved from /home/airflow/.local/lib/python3.8/site-packages/airflow/example_dags/example_skip_dag.py
[2024-04-07T14:48:15.835+0000] {logging_mixin.py:188} INFO - [2024-04-07T14:48:15.835+0000] {dag.py:3047} INFO - Sync 1 DAGs
[2024-04-07T14:48:15.920+0000] {logging_mixin.py:188} INFO - [2024-04-07T14:48:15.919+0000] {dag.py:3834} INFO - Setting next_dagrun for example_skip_dag to 2024-04-06 00:00:00+00:00, run_after=2024-04-07 00:00:00+00:00
[2024-04-07T14:48:15.991+0000] {processor.py:183} INFO - Processing /home/airflow/.local/lib/python3.8/site-packages/airflow/example_dags/example_skip_dag.py took 0.236 seconds
[2024-04-07T14:48:46.298+0000] {processor.py:161} INFO - Started process (PID=1068) to work on /home/airflow/.local/lib/python3.8/site-packages/airflow/example_dags/example_skip_dag.py
[2024-04-07T14:48:46.301+0000] {processor.py:830} INFO - Processing file /home/airflow/.local/lib/python3.8/site-packages/airflow/example_dags/example_skip_dag.py for tasks to queue
[2024-04-07T14:48:46.305+0000] {logging_mixin.py:188} INFO - [2024-04-07T14:48:46.304+0000] {dagbag.py:540} INFO - Filling up the DagBag from /home/airflow/.local/lib/python3.8/site-packages/airflow/example_dags/example_skip_dag.py
[2024-04-07T14:48:46.322+0000] {processor.py:840} INFO - DAG(s) 'example_skip_dag' retrieved from /home/airflow/.local/lib/python3.8/site-packages/airflow/example_dags/example_skip_dag.py
[2024-04-07T14:48:46.378+0000] {logging_mixin.py:188} INFO - [2024-04-07T14:48:46.378+0000] {dag.py:3047} INFO - Sync 1 DAGs
[2024-04-07T14:48:46.471+0000] {logging_mixin.py:188} INFO - [2024-04-07T14:48:46.471+0000] {dag.py:3834} INFO - Setting next_dagrun for example_skip_dag to 2024-04-06 00:00:00+00:00, run_after=2024-04-07 00:00:00+00:00
[2024-04-07T14:48:46.558+0000] {processor.py:183} INFO - Processing /home/airflow/.local/lib/python3.8/site-packages/airflow/example_dags/example_skip_dag.py took 0.266 seconds
[2024-04-07T14:49:17.392+0000] {processor.py:161} INFO - Started process (PID=1126) to work on /home/airflow/.local/lib/python3.8/site-packages/airflow/example_dags/example_skip_dag.py
[2024-04-07T14:49:17.394+0000] {processor.py:830} INFO - Processing file /home/airflow/.local/lib/python3.8/site-packages/airflow/example_dags/example_skip_dag.py for tasks to queue
[2024-04-07T14:49:17.397+0000] {logging_mixin.py:188} INFO - [2024-04-07T14:49:17.397+0000] {dagbag.py:540} INFO - Filling up the DagBag from /home/airflow/.local/lib/python3.8/site-packages/airflow/example_dags/example_skip_dag.py
[2024-04-07T14:49:17.410+0000] {processor.py:840} INFO - DAG(s) 'example_skip_dag' retrieved from /home/airflow/.local/lib/python3.8/site-packages/airflow/example_dags/example_skip_dag.py
[2024-04-07T14:49:17.451+0000] {logging_mixin.py:188} INFO - [2024-04-07T14:49:17.451+0000] {dag.py:3047} INFO - Sync 1 DAGs
[2024-04-07T14:49:17.491+0000] {logging_mixin.py:188} INFO - [2024-04-07T14:49:17.491+0000] {dag.py:3834} INFO - Setting next_dagrun for example_skip_dag to 2024-04-06 00:00:00+00:00, run_after=2024-04-07 00:00:00+00:00
[2024-04-07T14:49:17.577+0000] {processor.py:183} INFO - Processing /home/airflow/.local/lib/python3.8/site-packages/airflow/example_dags/example_skip_dag.py took 0.192 seconds
[2024-04-07T14:49:48.296+0000] {processor.py:161} INFO - Started process (PID=1183) to work on /home/airflow/.local/lib/python3.8/site-packages/airflow/example_dags/example_skip_dag.py
[2024-04-07T14:49:48.298+0000] {processor.py:830} INFO - Processing file /home/airflow/.local/lib/python3.8/site-packages/airflow/example_dags/example_skip_dag.py for tasks to queue
[2024-04-07T14:49:48.304+0000] {logging_mixin.py:188} INFO - [2024-04-07T14:49:48.301+0000] {dagbag.py:540} INFO - Filling up the DagBag from /home/airflow/.local/lib/python3.8/site-packages/airflow/example_dags/example_skip_dag.py
[2024-04-07T14:49:48.333+0000] {processor.py:840} INFO - DAG(s) 'example_skip_dag' retrieved from /home/airflow/.local/lib/python3.8/site-packages/airflow/example_dags/example_skip_dag.py
[2024-04-07T14:49:48.429+0000] {logging_mixin.py:188} INFO - [2024-04-07T14:49:48.422+0000] {dag.py:3047} INFO - Sync 1 DAGs
[2024-04-07T14:49:48.543+0000] {logging_mixin.py:188} INFO - [2024-04-07T14:49:48.542+0000] {dag.py:3834} INFO - Setting next_dagrun for example_skip_dag to 2024-04-06 00:00:00+00:00, run_after=2024-04-07 00:00:00+00:00
[2024-04-07T14:49:48.614+0000] {processor.py:183} INFO - Processing /home/airflow/.local/lib/python3.8/site-packages/airflow/example_dags/example_skip_dag.py took 0.331 seconds
[2024-04-07T14:50:18.709+0000] {processor.py:161} INFO - Started process (PID=1239) to work on /home/airflow/.local/lib/python3.8/site-packages/airflow/example_dags/example_skip_dag.py
[2024-04-07T14:50:18.712+0000] {processor.py:830} INFO - Processing file /home/airflow/.local/lib/python3.8/site-packages/airflow/example_dags/example_skip_dag.py for tasks to queue
[2024-04-07T14:50:18.715+0000] {logging_mixin.py:188} INFO - [2024-04-07T14:50:18.714+0000] {dagbag.py:540} INFO - Filling up the DagBag from /home/airflow/.local/lib/python3.8/site-packages/airflow/example_dags/example_skip_dag.py
[2024-04-07T14:50:18.727+0000] {processor.py:840} INFO - DAG(s) 'example_skip_dag' retrieved from /home/airflow/.local/lib/python3.8/site-packages/airflow/example_dags/example_skip_dag.py
[2024-04-07T14:50:18.768+0000] {logging_mixin.py:188} INFO - [2024-04-07T14:50:18.768+0000] {dag.py:3047} INFO - Sync 1 DAGs
[2024-04-07T14:50:18.812+0000] {logging_mixin.py:188} INFO - [2024-04-07T14:50:18.812+0000] {dag.py:3834} INFO - Setting next_dagrun for example_skip_dag to 2024-04-06 00:00:00+00:00, run_after=2024-04-07 00:00:00+00:00
[2024-04-07T14:50:18.994+0000] {processor.py:183} INFO - Processing /home/airflow/.local/lib/python3.8/site-packages/airflow/example_dags/example_skip_dag.py took 0.292 seconds
[2024-04-07T14:50:49.267+0000] {processor.py:161} INFO - Started process (PID=1297) to work on /home/airflow/.local/lib/python3.8/site-packages/airflow/example_dags/example_skip_dag.py
[2024-04-07T14:50:49.272+0000] {processor.py:830} INFO - Processing file /home/airflow/.local/lib/python3.8/site-packages/airflow/example_dags/example_skip_dag.py for tasks to queue
[2024-04-07T14:50:49.277+0000] {logging_mixin.py:188} INFO - [2024-04-07T14:50:49.277+0000] {dagbag.py:540} INFO - Filling up the DagBag from /home/airflow/.local/lib/python3.8/site-packages/airflow/example_dags/example_skip_dag.py
[2024-04-07T14:50:49.296+0000] {processor.py:840} INFO - DAG(s) 'example_skip_dag' retrieved from /home/airflow/.local/lib/python3.8/site-packages/airflow/example_dags/example_skip_dag.py
[2024-04-07T14:50:49.355+0000] {logging_mixin.py:188} INFO - [2024-04-07T14:50:49.355+0000] {dag.py:3047} INFO - Sync 1 DAGs
[2024-04-07T14:50:49.454+0000] {logging_mixin.py:188} INFO - [2024-04-07T14:50:49.454+0000] {dag.py:3834} INFO - Setting next_dagrun for example_skip_dag to 2024-04-06 00:00:00+00:00, run_after=2024-04-07 00:00:00+00:00
[2024-04-07T14:50:49.622+0000] {processor.py:183} INFO - Processing /home/airflow/.local/lib/python3.8/site-packages/airflow/example_dags/example_skip_dag.py took 0.363 seconds
[2024-04-07T14:51:20.378+0000] {processor.py:161} INFO - Started process (PID=1353) to work on /home/airflow/.local/lib/python3.8/site-packages/airflow/example_dags/example_skip_dag.py
[2024-04-07T14:51:20.381+0000] {processor.py:830} INFO - Processing file /home/airflow/.local/lib/python3.8/site-packages/airflow/example_dags/example_skip_dag.py for tasks to queue
[2024-04-07T14:51:20.385+0000] {logging_mixin.py:188} INFO - [2024-04-07T14:51:20.385+0000] {dagbag.py:540} INFO - Filling up the DagBag from /home/airflow/.local/lib/python3.8/site-packages/airflow/example_dags/example_skip_dag.py
[2024-04-07T14:51:20.403+0000] {processor.py:840} INFO - DAG(s) 'example_skip_dag' retrieved from /home/airflow/.local/lib/python3.8/site-packages/airflow/example_dags/example_skip_dag.py
[2024-04-07T14:51:20.464+0000] {logging_mixin.py:188} INFO - [2024-04-07T14:51:20.461+0000] {dag.py:3047} INFO - Sync 1 DAGs
[2024-04-07T14:51:20.518+0000] {logging_mixin.py:188} INFO - [2024-04-07T14:51:20.518+0000] {dag.py:3834} INFO - Setting next_dagrun for example_skip_dag to 2024-04-06 00:00:00+00:00, run_after=2024-04-07 00:00:00+00:00
[2024-04-07T14:51:20.580+0000] {processor.py:183} INFO - Processing /home/airflow/.local/lib/python3.8/site-packages/airflow/example_dags/example_skip_dag.py took 0.211 seconds
[2024-04-07T14:51:51.656+0000] {processor.py:161} INFO - Started process (PID=1411) to work on /home/airflow/.local/lib/python3.8/site-packages/airflow/example_dags/example_skip_dag.py
[2024-04-07T14:51:51.662+0000] {processor.py:830} INFO - Processing file /home/airflow/.local/lib/python3.8/site-packages/airflow/example_dags/example_skip_dag.py for tasks to queue
[2024-04-07T14:51:51.675+0000] {logging_mixin.py:188} INFO - [2024-04-07T14:51:51.674+0000] {dagbag.py:540} INFO - Filling up the DagBag from /home/airflow/.local/lib/python3.8/site-packages/airflow/example_dags/example_skip_dag.py
[2024-04-07T14:51:51.733+0000] {processor.py:840} INFO - DAG(s) 'example_skip_dag' retrieved from /home/airflow/.local/lib/python3.8/site-packages/airflow/example_dags/example_skip_dag.py
[2024-04-07T14:51:51.948+0000] {logging_mixin.py:188} INFO - [2024-04-07T14:51:51.947+0000] {dag.py:3047} INFO - Sync 1 DAGs
[2024-04-07T14:51:52.195+0000] {logging_mixin.py:188} INFO - [2024-04-07T14:51:52.195+0000] {dag.py:3834} INFO - Setting next_dagrun for example_skip_dag to 2024-04-06 00:00:00+00:00, run_after=2024-04-07 00:00:00+00:00
[2024-04-07T14:51:52.497+0000] {processor.py:183} INFO - Processing /home/airflow/.local/lib/python3.8/site-packages/airflow/example_dags/example_skip_dag.py took 0.852 seconds
[2024-04-07T14:52:23.113+0000] {processor.py:161} INFO - Started process (PID=1468) to work on /home/airflow/.local/lib/python3.8/site-packages/airflow/example_dags/example_skip_dag.py
[2024-04-07T14:52:23.125+0000] {processor.py:830} INFO - Processing file /home/airflow/.local/lib/python3.8/site-packages/airflow/example_dags/example_skip_dag.py for tasks to queue
[2024-04-07T14:52:23.129+0000] {logging_mixin.py:188} INFO - [2024-04-07T14:52:23.129+0000] {dagbag.py:540} INFO - Filling up the DagBag from /home/airflow/.local/lib/python3.8/site-packages/airflow/example_dags/example_skip_dag.py
[2024-04-07T14:52:23.150+0000] {processor.py:840} INFO - DAG(s) 'example_skip_dag' retrieved from /home/airflow/.local/lib/python3.8/site-packages/airflow/example_dags/example_skip_dag.py
[2024-04-07T14:52:23.250+0000] {logging_mixin.py:188} INFO - [2024-04-07T14:52:23.250+0000] {dag.py:3047} INFO - Sync 1 DAGs
[2024-04-07T14:52:23.357+0000] {logging_mixin.py:188} INFO - [2024-04-07T14:52:23.357+0000] {dag.py:3834} INFO - Setting next_dagrun for example_skip_dag to 2024-04-06 00:00:00+00:00, run_after=2024-04-07 00:00:00+00:00
[2024-04-07T14:52:23.597+0000] {processor.py:183} INFO - Processing /home/airflow/.local/lib/python3.8/site-packages/airflow/example_dags/example_skip_dag.py took 0.491 seconds
[2024-04-07T14:52:53.800+0000] {processor.py:161} INFO - Started process (PID=1525) to work on /home/airflow/.local/lib/python3.8/site-packages/airflow/example_dags/example_skip_dag.py
[2024-04-07T14:52:53.802+0000] {processor.py:830} INFO - Processing file /home/airflow/.local/lib/python3.8/site-packages/airflow/example_dags/example_skip_dag.py for tasks to queue
[2024-04-07T14:52:53.807+0000] {logging_mixin.py:188} INFO - [2024-04-07T14:52:53.807+0000] {dagbag.py:540} INFO - Filling up the DagBag from /home/airflow/.local/lib/python3.8/site-packages/airflow/example_dags/example_skip_dag.py
[2024-04-07T14:52:53.831+0000] {processor.py:840} INFO - DAG(s) 'example_skip_dag' retrieved from /home/airflow/.local/lib/python3.8/site-packages/airflow/example_dags/example_skip_dag.py
[2024-04-07T14:52:53.889+0000] {logging_mixin.py:188} INFO - [2024-04-07T14:52:53.889+0000] {dag.py:3047} INFO - Sync 1 DAGs
[2024-04-07T14:52:53.941+0000] {logging_mixin.py:188} INFO - [2024-04-07T14:52:53.939+0000] {dag.py:3834} INFO - Setting next_dagrun for example_skip_dag to 2024-04-06 00:00:00+00:00, run_after=2024-04-07 00:00:00+00:00
[2024-04-07T14:52:54.002+0000] {processor.py:183} INFO - Processing /home/airflow/.local/lib/python3.8/site-packages/airflow/example_dags/example_skip_dag.py took 0.218 seconds
[2024-04-07T14:53:24.352+0000] {processor.py:161} INFO - Started process (PID=1581) to work on /home/airflow/.local/lib/python3.8/site-packages/airflow/example_dags/example_skip_dag.py
[2024-04-07T14:53:24.358+0000] {processor.py:830} INFO - Processing file /home/airflow/.local/lib/python3.8/site-packages/airflow/example_dags/example_skip_dag.py for tasks to queue
[2024-04-07T14:53:24.362+0000] {logging_mixin.py:188} INFO - [2024-04-07T14:53:24.362+0000] {dagbag.py:540} INFO - Filling up the DagBag from /home/airflow/.local/lib/python3.8/site-packages/airflow/example_dags/example_skip_dag.py
[2024-04-07T14:53:24.383+0000] {processor.py:840} INFO - DAG(s) 'example_skip_dag' retrieved from /home/airflow/.local/lib/python3.8/site-packages/airflow/example_dags/example_skip_dag.py
[2024-04-07T14:53:24.430+0000] {logging_mixin.py:188} INFO - [2024-04-07T14:53:24.430+0000] {dag.py:3047} INFO - Sync 1 DAGs
[2024-04-07T14:53:24.481+0000] {logging_mixin.py:188} INFO - [2024-04-07T14:53:24.479+0000] {dag.py:3834} INFO - Setting next_dagrun for example_skip_dag to 2024-04-06 00:00:00+00:00, run_after=2024-04-07 00:00:00+00:00
[2024-04-07T14:53:24.531+0000] {processor.py:183} INFO - Processing /home/airflow/.local/lib/python3.8/site-packages/airflow/example_dags/example_skip_dag.py took 0.185 seconds
[2024-04-07T14:53:55.356+0000] {processor.py:161} INFO - Started process (PID=1638) to work on /home/airflow/.local/lib/python3.8/site-packages/airflow/example_dags/example_skip_dag.py
[2024-04-07T14:53:55.368+0000] {processor.py:830} INFO - Processing file /home/airflow/.local/lib/python3.8/site-packages/airflow/example_dags/example_skip_dag.py for tasks to queue
[2024-04-07T14:53:55.373+0000] {logging_mixin.py:188} INFO - [2024-04-07T14:53:55.371+0000] {dagbag.py:540} INFO - Filling up the DagBag from /home/airflow/.local/lib/python3.8/site-packages/airflow/example_dags/example_skip_dag.py
[2024-04-07T14:53:55.398+0000] {processor.py:840} INFO - DAG(s) 'example_skip_dag' retrieved from /home/airflow/.local/lib/python3.8/site-packages/airflow/example_dags/example_skip_dag.py
[2024-04-07T14:53:55.483+0000] {logging_mixin.py:188} INFO - [2024-04-07T14:53:55.482+0000] {dag.py:3047} INFO - Sync 1 DAGs
[2024-04-07T14:53:55.565+0000] {logging_mixin.py:188} INFO - [2024-04-07T14:53:55.565+0000] {dag.py:3834} INFO - Setting next_dagrun for example_skip_dag to 2024-04-06 00:00:00+00:00, run_after=2024-04-07 00:00:00+00:00
[2024-04-07T14:53:55.607+0000] {processor.py:183} INFO - Processing /home/airflow/.local/lib/python3.8/site-packages/airflow/example_dags/example_skip_dag.py took 0.267 seconds
[2024-04-07T14:54:25.975+0000] {processor.py:161} INFO - Started process (PID=1695) to work on /home/airflow/.local/lib/python3.8/site-packages/airflow/example_dags/example_skip_dag.py
[2024-04-07T14:54:25.977+0000] {processor.py:830} INFO - Processing file /home/airflow/.local/lib/python3.8/site-packages/airflow/example_dags/example_skip_dag.py for tasks to queue
[2024-04-07T14:54:25.982+0000] {logging_mixin.py:188} INFO - [2024-04-07T14:54:25.982+0000] {dagbag.py:540} INFO - Filling up the DagBag from /home/airflow/.local/lib/python3.8/site-packages/airflow/example_dags/example_skip_dag.py
[2024-04-07T14:54:25.994+0000] {processor.py:840} INFO - DAG(s) 'example_skip_dag' retrieved from /home/airflow/.local/lib/python3.8/site-packages/airflow/example_dags/example_skip_dag.py
[2024-04-07T14:54:26.039+0000] {logging_mixin.py:188} INFO - [2024-04-07T14:54:26.039+0000] {dag.py:3047} INFO - Sync 1 DAGs
[2024-04-07T14:54:26.088+0000] {logging_mixin.py:188} INFO - [2024-04-07T14:54:26.087+0000] {dag.py:3834} INFO - Setting next_dagrun for example_skip_dag to 2024-04-06 00:00:00+00:00, run_after=2024-04-07 00:00:00+00:00
[2024-04-07T14:54:26.130+0000] {processor.py:183} INFO - Processing /home/airflow/.local/lib/python3.8/site-packages/airflow/example_dags/example_skip_dag.py took 0.160 seconds
[2024-04-07T14:54:56.933+0000] {processor.py:161} INFO - Started process (PID=1752) to work on /home/airflow/.local/lib/python3.8/site-packages/airflow/example_dags/example_skip_dag.py
[2024-04-07T14:54:56.935+0000] {processor.py:830} INFO - Processing file /home/airflow/.local/lib/python3.8/site-packages/airflow/example_dags/example_skip_dag.py for tasks to queue
[2024-04-07T14:54:56.939+0000] {logging_mixin.py:188} INFO - [2024-04-07T14:54:56.938+0000] {dagbag.py:540} INFO - Filling up the DagBag from /home/airflow/.local/lib/python3.8/site-packages/airflow/example_dags/example_skip_dag.py
[2024-04-07T14:54:56.952+0000] {processor.py:840} INFO - DAG(s) 'example_skip_dag' retrieved from /home/airflow/.local/lib/python3.8/site-packages/airflow/example_dags/example_skip_dag.py
[2024-04-07T14:54:56.989+0000] {logging_mixin.py:188} INFO - [2024-04-07T14:54:56.989+0000] {dag.py:3047} INFO - Sync 1 DAGs
[2024-04-07T14:54:57.028+0000] {logging_mixin.py:188} INFO - [2024-04-07T14:54:57.027+0000] {dag.py:3834} INFO - Setting next_dagrun for example_skip_dag to 2024-04-06 00:00:00+00:00, run_after=2024-04-07 00:00:00+00:00
[2024-04-07T14:54:57.072+0000] {processor.py:183} INFO - Processing /home/airflow/.local/lib/python3.8/site-packages/airflow/example_dags/example_skip_dag.py took 0.145 seconds
[2024-04-07T14:55:27.894+0000] {processor.py:161} INFO - Started process (PID=1808) to work on /home/airflow/.local/lib/python3.8/site-packages/airflow/example_dags/example_skip_dag.py
[2024-04-07T14:55:27.896+0000] {processor.py:830} INFO - Processing file /home/airflow/.local/lib/python3.8/site-packages/airflow/example_dags/example_skip_dag.py for tasks to queue
[2024-04-07T14:55:27.901+0000] {logging_mixin.py:188} INFO - [2024-04-07T14:55:27.900+0000] {dagbag.py:540} INFO - Filling up the DagBag from /home/airflow/.local/lib/python3.8/site-packages/airflow/example_dags/example_skip_dag.py
[2024-04-07T14:55:27.916+0000] {processor.py:840} INFO - DAG(s) 'example_skip_dag' retrieved from /home/airflow/.local/lib/python3.8/site-packages/airflow/example_dags/example_skip_dag.py
[2024-04-07T14:55:27.965+0000] {logging_mixin.py:188} INFO - [2024-04-07T14:55:27.964+0000] {dag.py:3047} INFO - Sync 1 DAGs
[2024-04-07T14:55:28.019+0000] {logging_mixin.py:188} INFO - [2024-04-07T14:55:28.018+0000] {dag.py:3834} INFO - Setting next_dagrun for example_skip_dag to 2024-04-06 00:00:00+00:00, run_after=2024-04-07 00:00:00+00:00
[2024-04-07T14:55:28.069+0000] {processor.py:183} INFO - Processing /home/airflow/.local/lib/python3.8/site-packages/airflow/example_dags/example_skip_dag.py took 0.182 seconds
[2024-04-07T14:55:58.713+0000] {processor.py:161} INFO - Started process (PID=1863) to work on /home/airflow/.local/lib/python3.8/site-packages/airflow/example_dags/example_skip_dag.py
[2024-04-07T14:55:58.716+0000] {processor.py:830} INFO - Processing file /home/airflow/.local/lib/python3.8/site-packages/airflow/example_dags/example_skip_dag.py for tasks to queue
[2024-04-07T14:55:58.722+0000] {logging_mixin.py:188} INFO - [2024-04-07T14:55:58.721+0000] {dagbag.py:540} INFO - Filling up the DagBag from /home/airflow/.local/lib/python3.8/site-packages/airflow/example_dags/example_skip_dag.py
[2024-04-07T14:55:58.746+0000] {processor.py:840} INFO - DAG(s) 'example_skip_dag' retrieved from /home/airflow/.local/lib/python3.8/site-packages/airflow/example_dags/example_skip_dag.py
[2024-04-07T14:55:58.804+0000] {logging_mixin.py:188} INFO - [2024-04-07T14:55:58.804+0000] {dag.py:3047} INFO - Sync 1 DAGs
[2024-04-07T14:55:58.859+0000] {logging_mixin.py:188} INFO - [2024-04-07T14:55:58.858+0000] {dag.py:3834} INFO - Setting next_dagrun for example_skip_dag to 2024-04-06 00:00:00+00:00, run_after=2024-04-07 00:00:00+00:00
[2024-04-07T14:55:58.925+0000] {processor.py:183} INFO - Processing /home/airflow/.local/lib/python3.8/site-packages/airflow/example_dags/example_skip_dag.py took 0.221 seconds
[2024-04-07T14:56:29.085+0000] {processor.py:161} INFO - Started process (PID=1921) to work on /home/airflow/.local/lib/python3.8/site-packages/airflow/example_dags/example_skip_dag.py
[2024-04-07T14:56:29.088+0000] {processor.py:830} INFO - Processing file /home/airflow/.local/lib/python3.8/site-packages/airflow/example_dags/example_skip_dag.py for tasks to queue
[2024-04-07T14:56:29.091+0000] {logging_mixin.py:188} INFO - [2024-04-07T14:56:29.091+0000] {dagbag.py:540} INFO - Filling up the DagBag from /home/airflow/.local/lib/python3.8/site-packages/airflow/example_dags/example_skip_dag.py
[2024-04-07T14:56:29.108+0000] {processor.py:840} INFO - DAG(s) 'example_skip_dag' retrieved from /home/airflow/.local/lib/python3.8/site-packages/airflow/example_dags/example_skip_dag.py
[2024-04-07T14:56:29.147+0000] {logging_mixin.py:188} INFO - [2024-04-07T14:56:29.146+0000] {dag.py:3047} INFO - Sync 1 DAGs
[2024-04-07T14:56:29.190+0000] {logging_mixin.py:188} INFO - [2024-04-07T14:56:29.189+0000] {dag.py:3834} INFO - Setting next_dagrun for example_skip_dag to 2024-04-06 00:00:00+00:00, run_after=2024-04-07 00:00:00+00:00
[2024-04-07T14:56:29.225+0000] {processor.py:183} INFO - Processing /home/airflow/.local/lib/python3.8/site-packages/airflow/example_dags/example_skip_dag.py took 0.146 seconds
[2024-04-07T14:56:59.436+0000] {processor.py:161} INFO - Started process (PID=1977) to work on /home/airflow/.local/lib/python3.8/site-packages/airflow/example_dags/example_skip_dag.py
[2024-04-07T14:56:59.437+0000] {processor.py:830} INFO - Processing file /home/airflow/.local/lib/python3.8/site-packages/airflow/example_dags/example_skip_dag.py for tasks to queue
[2024-04-07T14:56:59.442+0000] {logging_mixin.py:188} INFO - [2024-04-07T14:56:59.441+0000] {dagbag.py:540} INFO - Filling up the DagBag from /home/airflow/.local/lib/python3.8/site-packages/airflow/example_dags/example_skip_dag.py
[2024-04-07T14:56:59.457+0000] {processor.py:840} INFO - DAG(s) 'example_skip_dag' retrieved from /home/airflow/.local/lib/python3.8/site-packages/airflow/example_dags/example_skip_dag.py
[2024-04-07T14:56:59.492+0000] {logging_mixin.py:188} INFO - [2024-04-07T14:56:59.492+0000] {dag.py:3047} INFO - Sync 1 DAGs
[2024-04-07T14:56:59.526+0000] {logging_mixin.py:188} INFO - [2024-04-07T14:56:59.526+0000] {dag.py:3834} INFO - Setting next_dagrun for example_skip_dag to 2024-04-06 00:00:00+00:00, run_after=2024-04-07 00:00:00+00:00
[2024-04-07T14:56:59.563+0000] {processor.py:183} INFO - Processing /home/airflow/.local/lib/python3.8/site-packages/airflow/example_dags/example_skip_dag.py took 0.134 seconds
[2024-04-07T14:57:29.908+0000] {processor.py:161} INFO - Started process (PID=2034) to work on /home/airflow/.local/lib/python3.8/site-packages/airflow/example_dags/example_skip_dag.py
[2024-04-07T14:57:29.911+0000] {processor.py:830} INFO - Processing file /home/airflow/.local/lib/python3.8/site-packages/airflow/example_dags/example_skip_dag.py for tasks to queue
[2024-04-07T14:57:29.914+0000] {logging_mixin.py:188} INFO - [2024-04-07T14:57:29.914+0000] {dagbag.py:540} INFO - Filling up the DagBag from /home/airflow/.local/lib/python3.8/site-packages/airflow/example_dags/example_skip_dag.py
[2024-04-07T14:57:29.935+0000] {processor.py:840} INFO - DAG(s) 'example_skip_dag' retrieved from /home/airflow/.local/lib/python3.8/site-packages/airflow/example_dags/example_skip_dag.py
[2024-04-07T14:57:30.002+0000] {logging_mixin.py:188} INFO - [2024-04-07T14:57:30.001+0000] {dag.py:3047} INFO - Sync 1 DAGs
[2024-04-07T14:57:30.064+0000] {logging_mixin.py:188} INFO - [2024-04-07T14:57:30.063+0000] {dag.py:3834} INFO - Setting next_dagrun for example_skip_dag to 2024-04-06 00:00:00+00:00, run_after=2024-04-07 00:00:00+00:00
[2024-04-07T14:57:30.101+0000] {processor.py:183} INFO - Processing /home/airflow/.local/lib/python3.8/site-packages/airflow/example_dags/example_skip_dag.py took 0.201 seconds
[2024-04-07T14:58:00.167+0000] {processor.py:161} INFO - Started process (PID=2091) to work on /home/airflow/.local/lib/python3.8/site-packages/airflow/example_dags/example_skip_dag.py
[2024-04-07T14:58:00.168+0000] {processor.py:830} INFO - Processing file /home/airflow/.local/lib/python3.8/site-packages/airflow/example_dags/example_skip_dag.py for tasks to queue
[2024-04-07T14:58:00.171+0000] {logging_mixin.py:188} INFO - [2024-04-07T14:58:00.171+0000] {dagbag.py:540} INFO - Filling up the DagBag from /home/airflow/.local/lib/python3.8/site-packages/airflow/example_dags/example_skip_dag.py
[2024-04-07T14:58:00.182+0000] {processor.py:840} INFO - DAG(s) 'example_skip_dag' retrieved from /home/airflow/.local/lib/python3.8/site-packages/airflow/example_dags/example_skip_dag.py
[2024-04-07T14:58:00.218+0000] {logging_mixin.py:188} INFO - [2024-04-07T14:58:00.218+0000] {dag.py:3047} INFO - Sync 1 DAGs
[2024-04-07T14:58:00.261+0000] {logging_mixin.py:188} INFO - [2024-04-07T14:58:00.260+0000] {dag.py:3834} INFO - Setting next_dagrun for example_skip_dag to 2024-04-06 00:00:00+00:00, run_after=2024-04-07 00:00:00+00:00
[2024-04-07T14:58:00.297+0000] {processor.py:183} INFO - Processing /home/airflow/.local/lib/python3.8/site-packages/airflow/example_dags/example_skip_dag.py took 0.136 seconds
[2024-04-07T14:58:31.311+0000] {processor.py:161} INFO - Started process (PID=2149) to work on /home/airflow/.local/lib/python3.8/site-packages/airflow/example_dags/example_skip_dag.py
[2024-04-07T14:58:31.317+0000] {processor.py:830} INFO - Processing file /home/airflow/.local/lib/python3.8/site-packages/airflow/example_dags/example_skip_dag.py for tasks to queue
[2024-04-07T14:58:31.324+0000] {logging_mixin.py:188} INFO - [2024-04-07T14:58:31.323+0000] {dagbag.py:540} INFO - Filling up the DagBag from /home/airflow/.local/lib/python3.8/site-packages/airflow/example_dags/example_skip_dag.py
[2024-04-07T14:58:31.342+0000] {processor.py:840} INFO - DAG(s) 'example_skip_dag' retrieved from /home/airflow/.local/lib/python3.8/site-packages/airflow/example_dags/example_skip_dag.py
[2024-04-07T14:58:31.411+0000] {logging_mixin.py:188} INFO - [2024-04-07T14:58:31.411+0000] {dag.py:3047} INFO - Sync 1 DAGs
[2024-04-07T14:58:31.474+0000] {logging_mixin.py:188} INFO - [2024-04-07T14:58:31.474+0000] {dag.py:3834} INFO - Setting next_dagrun for example_skip_dag to 2024-04-06 00:00:00+00:00, run_after=2024-04-07 00:00:00+00:00
[2024-04-07T14:58:31.509+0000] {processor.py:183} INFO - Processing /home/airflow/.local/lib/python3.8/site-packages/airflow/example_dags/example_skip_dag.py took 0.204 seconds
[2024-04-07T14:59:02.031+0000] {processor.py:161} INFO - Started process (PID=2206) to work on /home/airflow/.local/lib/python3.8/site-packages/airflow/example_dags/example_skip_dag.py
[2024-04-07T14:59:02.033+0000] {processor.py:830} INFO - Processing file /home/airflow/.local/lib/python3.8/site-packages/airflow/example_dags/example_skip_dag.py for tasks to queue
[2024-04-07T14:59:02.037+0000] {logging_mixin.py:188} INFO - [2024-04-07T14:59:02.037+0000] {dagbag.py:540} INFO - Filling up the DagBag from /home/airflow/.local/lib/python3.8/site-packages/airflow/example_dags/example_skip_dag.py
[2024-04-07T14:59:02.052+0000] {processor.py:840} INFO - DAG(s) 'example_skip_dag' retrieved from /home/airflow/.local/lib/python3.8/site-packages/airflow/example_dags/example_skip_dag.py
[2024-04-07T14:59:02.125+0000] {logging_mixin.py:188} INFO - [2024-04-07T14:59:02.124+0000] {dag.py:3047} INFO - Sync 1 DAGs
[2024-04-07T14:59:02.211+0000] {logging_mixin.py:188} INFO - [2024-04-07T14:59:02.211+0000] {dag.py:3834} INFO - Setting next_dagrun for example_skip_dag to 2024-04-06 00:00:00+00:00, run_after=2024-04-07 00:00:00+00:00
[2024-04-07T14:59:02.293+0000] {processor.py:183} INFO - Processing /home/airflow/.local/lib/python3.8/site-packages/airflow/example_dags/example_skip_dag.py took 0.268 seconds
[2024-04-07T14:59:32.678+0000] {processor.py:161} INFO - Started process (PID=2263) to work on /home/airflow/.local/lib/python3.8/site-packages/airflow/example_dags/example_skip_dag.py
[2024-04-07T14:59:32.681+0000] {processor.py:830} INFO - Processing file /home/airflow/.local/lib/python3.8/site-packages/airflow/example_dags/example_skip_dag.py for tasks to queue
[2024-04-07T14:59:32.683+0000] {logging_mixin.py:188} INFO - [2024-04-07T14:59:32.683+0000] {dagbag.py:540} INFO - Filling up the DagBag from /home/airflow/.local/lib/python3.8/site-packages/airflow/example_dags/example_skip_dag.py
[2024-04-07T14:59:32.696+0000] {processor.py:840} INFO - DAG(s) 'example_skip_dag' retrieved from /home/airflow/.local/lib/python3.8/site-packages/airflow/example_dags/example_skip_dag.py
[2024-04-07T14:59:32.734+0000] {logging_mixin.py:188} INFO - [2024-04-07T14:59:32.734+0000] {dag.py:3047} INFO - Sync 1 DAGs
[2024-04-07T14:59:32.777+0000] {logging_mixin.py:188} INFO - [2024-04-07T14:59:32.777+0000] {dag.py:3834} INFO - Setting next_dagrun for example_skip_dag to 2024-04-06 00:00:00+00:00, run_after=2024-04-07 00:00:00+00:00
[2024-04-07T14:59:32.814+0000] {processor.py:183} INFO - Processing /home/airflow/.local/lib/python3.8/site-packages/airflow/example_dags/example_skip_dag.py took 0.140 seconds
[2024-04-07T15:00:04.508+0000] {processor.py:161} INFO - Started process (PID=2326) to work on /home/airflow/.local/lib/python3.8/site-packages/airflow/example_dags/example_skip_dag.py
[2024-04-07T15:00:04.521+0000] {processor.py:830} INFO - Processing file /home/airflow/.local/lib/python3.8/site-packages/airflow/example_dags/example_skip_dag.py for tasks to queue
[2024-04-07T15:00:04.528+0000] {logging_mixin.py:188} INFO - [2024-04-07T15:00:04.528+0000] {dagbag.py:540} INFO - Filling up the DagBag from /home/airflow/.local/lib/python3.8/site-packages/airflow/example_dags/example_skip_dag.py
[2024-04-07T15:00:04.585+0000] {processor.py:840} INFO - DAG(s) 'example_skip_dag' retrieved from /home/airflow/.local/lib/python3.8/site-packages/airflow/example_dags/example_skip_dag.py
[2024-04-07T15:00:04.719+0000] {logging_mixin.py:188} INFO - [2024-04-07T15:00:04.718+0000] {dag.py:3047} INFO - Sync 1 DAGs
[2024-04-07T15:00:04.877+0000] {logging_mixin.py:188} INFO - [2024-04-07T15:00:04.876+0000] {dag.py:3834} INFO - Setting next_dagrun for example_skip_dag to 2024-04-06 00:00:00+00:00, run_after=2024-04-07 00:00:00+00:00
[2024-04-07T15:00:04.929+0000] {processor.py:183} INFO - Processing /home/airflow/.local/lib/python3.8/site-packages/airflow/example_dags/example_skip_dag.py took 0.429 seconds
