[2024-04-07T14:39:15.210+0000] {processor.py:161} INFO - Started process (PID=47) to work on /home/airflow/.local/lib/python3.8/site-packages/airflow/example_dags/example_branch_python_dop_operator_3.py
[2024-04-07T14:39:15.213+0000] {processor.py:830} INFO - Processing file /home/airflow/.local/lib/python3.8/site-packages/airflow/example_dags/example_branch_python_dop_operator_3.py for tasks to queue
[2024-04-07T14:39:15.216+0000] {logging_mixin.py:188} INFO - [2024-04-07T14:39:15.216+0000] {dagbag.py:540} INFO - Filling up the DagBag from /home/airflow/.local/lib/python3.8/site-packages/airflow/example_dags/example_branch_python_dop_operator_3.py
[2024-04-07T14:39:15.402+0000] {processor.py:840} INFO - DAG(s) 'example_branch_dop_operator_v3' retrieved from /home/airflow/.local/lib/python3.8/site-packages/airflow/example_dags/example_branch_python_dop_operator_3.py
[2024-04-07T14:39:15.451+0000] {logging_mixin.py:188} INFO - [2024-04-07T14:39:15.450+0000] {dag.py:3047} INFO - Sync 1 DAGs
[2024-04-07T14:39:15.503+0000] {logging_mixin.py:188} INFO - [2024-04-07T14:39:15.503+0000] {dag.py:3834} INFO - Setting next_dagrun for example_branch_dop_operator_v3 to 2024-04-07 14:38:00+00:00, run_after=2024-04-07 14:39:00+00:00
[2024-04-07T14:39:15.595+0000] {processor.py:183} INFO - Processing /home/airflow/.local/lib/python3.8/site-packages/airflow/example_dags/example_branch_python_dop_operator_3.py took 0.392 seconds
[2024-04-07T14:39:49.887+0000] {processor.py:161} INFO - Started process (PID=104) to work on /home/airflow/.local/lib/python3.8/site-packages/airflow/example_dags/example_branch_python_dop_operator_3.py
[2024-04-07T14:39:49.889+0000] {processor.py:830} INFO - Processing file /home/airflow/.local/lib/python3.8/site-packages/airflow/example_dags/example_branch_python_dop_operator_3.py for tasks to queue
[2024-04-07T14:39:49.895+0000] {logging_mixin.py:188} INFO - [2024-04-07T14:39:49.894+0000] {dagbag.py:540} INFO - Filling up the DagBag from /home/airflow/.local/lib/python3.8/site-packages/airflow/example_dags/example_branch_python_dop_operator_3.py
[2024-04-07T14:39:49.926+0000] {processor.py:840} INFO - DAG(s) 'example_branch_dop_operator_v3' retrieved from /home/airflow/.local/lib/python3.8/site-packages/airflow/example_dags/example_branch_python_dop_operator_3.py
[2024-04-07T14:39:49.988+0000] {logging_mixin.py:188} INFO - [2024-04-07T14:39:49.987+0000] {dag.py:3047} INFO - Sync 1 DAGs
[2024-04-07T14:39:50.090+0000] {logging_mixin.py:188} INFO - [2024-04-07T14:39:50.089+0000] {dag.py:3834} INFO - Setting next_dagrun for example_branch_dop_operator_v3 to 2024-04-07 14:38:00+00:00, run_after=2024-04-07 14:39:00+00:00
[2024-04-07T14:39:50.203+0000] {processor.py:183} INFO - Processing /home/airflow/.local/lib/python3.8/site-packages/airflow/example_dags/example_branch_python_dop_operator_3.py took 0.324 seconds
[2024-04-07T14:40:24.128+0000] {processor.py:161} INFO - Started process (PID=161) to work on /home/airflow/.local/lib/python3.8/site-packages/airflow/example_dags/example_branch_python_dop_operator_3.py
[2024-04-07T14:40:24.133+0000] {processor.py:830} INFO - Processing file /home/airflow/.local/lib/python3.8/site-packages/airflow/example_dags/example_branch_python_dop_operator_3.py for tasks to queue
[2024-04-07T14:40:24.147+0000] {logging_mixin.py:188} INFO - [2024-04-07T14:40:24.147+0000] {dagbag.py:540} INFO - Filling up the DagBag from /home/airflow/.local/lib/python3.8/site-packages/airflow/example_dags/example_branch_python_dop_operator_3.py
[2024-04-07T14:40:24.195+0000] {processor.py:840} INFO - DAG(s) 'example_branch_dop_operator_v3' retrieved from /home/airflow/.local/lib/python3.8/site-packages/airflow/example_dags/example_branch_python_dop_operator_3.py
[2024-04-07T14:40:24.316+0000] {logging_mixin.py:188} INFO - [2024-04-07T14:40:24.315+0000] {dag.py:3047} INFO - Sync 1 DAGs
[2024-04-07T14:40:24.476+0000] {logging_mixin.py:188} INFO - [2024-04-07T14:40:24.475+0000] {dag.py:3834} INFO - Setting next_dagrun for example_branch_dop_operator_v3 to 2024-04-07 14:39:00+00:00, run_after=2024-04-07 14:40:00+00:00
[2024-04-07T14:40:24.618+0000] {processor.py:183} INFO - Processing /home/airflow/.local/lib/python3.8/site-packages/airflow/example_dags/example_branch_python_dop_operator_3.py took 0.522 seconds
[2024-04-07T14:40:54.992+0000] {processor.py:161} INFO - Started process (PID=218) to work on /home/airflow/.local/lib/python3.8/site-packages/airflow/example_dags/example_branch_python_dop_operator_3.py
[2024-04-07T14:40:54.995+0000] {processor.py:830} INFO - Processing file /home/airflow/.local/lib/python3.8/site-packages/airflow/example_dags/example_branch_python_dop_operator_3.py for tasks to queue
[2024-04-07T14:40:54.998+0000] {logging_mixin.py:188} INFO - [2024-04-07T14:40:54.998+0000] {dagbag.py:540} INFO - Filling up the DagBag from /home/airflow/.local/lib/python3.8/site-packages/airflow/example_dags/example_branch_python_dop_operator_3.py
[2024-04-07T14:40:55.015+0000] {processor.py:840} INFO - DAG(s) 'example_branch_dop_operator_v3' retrieved from /home/airflow/.local/lib/python3.8/site-packages/airflow/example_dags/example_branch_python_dop_operator_3.py
[2024-04-07T14:40:55.062+0000] {logging_mixin.py:188} INFO - [2024-04-07T14:40:55.061+0000] {dag.py:3047} INFO - Sync 1 DAGs
[2024-04-07T14:40:55.128+0000] {logging_mixin.py:188} INFO - [2024-04-07T14:40:55.128+0000] {dag.py:3834} INFO - Setting next_dagrun for example_branch_dop_operator_v3 to 2024-04-07 14:39:00+00:00, run_after=2024-04-07 14:40:00+00:00
[2024-04-07T14:40:55.191+0000] {processor.py:183} INFO - Processing /home/airflow/.local/lib/python3.8/site-packages/airflow/example_dags/example_branch_python_dop_operator_3.py took 0.205 seconds
[2024-04-07T14:41:29.955+0000] {processor.py:161} INFO - Started process (PID=281) to work on /home/airflow/.local/lib/python3.8/site-packages/airflow/example_dags/example_branch_python_dop_operator_3.py
[2024-04-07T14:41:29.957+0000] {processor.py:830} INFO - Processing file /home/airflow/.local/lib/python3.8/site-packages/airflow/example_dags/example_branch_python_dop_operator_3.py for tasks to queue
[2024-04-07T14:41:29.964+0000] {logging_mixin.py:188} INFO - [2024-04-07T14:41:29.963+0000] {dagbag.py:540} INFO - Filling up the DagBag from /home/airflow/.local/lib/python3.8/site-packages/airflow/example_dags/example_branch_python_dop_operator_3.py
[2024-04-07T14:41:29.987+0000] {processor.py:840} INFO - DAG(s) 'example_branch_dop_operator_v3' retrieved from /home/airflow/.local/lib/python3.8/site-packages/airflow/example_dags/example_branch_python_dop_operator_3.py
[2024-04-07T14:41:30.057+0000] {logging_mixin.py:188} INFO - [2024-04-07T14:41:30.057+0000] {dag.py:3047} INFO - Sync 1 DAGs
[2024-04-07T14:41:30.193+0000] {logging_mixin.py:188} INFO - [2024-04-07T14:41:30.192+0000] {dag.py:3834} INFO - Setting next_dagrun for example_branch_dop_operator_v3 to 2024-04-07 14:40:00+00:00, run_after=2024-04-07 14:41:00+00:00
[2024-04-07T14:41:30.287+0000] {processor.py:183} INFO - Processing /home/airflow/.local/lib/python3.8/site-packages/airflow/example_dags/example_branch_python_dop_operator_3.py took 0.339 seconds
[2024-04-07T14:42:02.168+0000] {processor.py:161} INFO - Started process (PID=338) to work on /home/airflow/.local/lib/python3.8/site-packages/airflow/example_dags/example_branch_python_dop_operator_3.py
[2024-04-07T14:42:02.196+0000] {processor.py:830} INFO - Processing file /home/airflow/.local/lib/python3.8/site-packages/airflow/example_dags/example_branch_python_dop_operator_3.py for tasks to queue
[2024-04-07T14:42:02.214+0000] {logging_mixin.py:188} INFO - [2024-04-07T14:42:02.213+0000] {dagbag.py:540} INFO - Filling up the DagBag from /home/airflow/.local/lib/python3.8/site-packages/airflow/example_dags/example_branch_python_dop_operator_3.py
[2024-04-07T14:42:02.297+0000] {processor.py:840} INFO - DAG(s) 'example_branch_dop_operator_v3' retrieved from /home/airflow/.local/lib/python3.8/site-packages/airflow/example_dags/example_branch_python_dop_operator_3.py
[2024-04-07T14:42:02.421+0000] {logging_mixin.py:188} INFO - [2024-04-07T14:42:02.421+0000] {dag.py:3047} INFO - Sync 1 DAGs
[2024-04-07T14:42:02.653+0000] {logging_mixin.py:188} INFO - [2024-04-07T14:42:02.652+0000] {dag.py:3834} INFO - Setting next_dagrun for example_branch_dop_operator_v3 to 2024-04-07 14:41:00+00:00, run_after=2024-04-07 14:42:00+00:00
[2024-04-07T14:42:02.845+0000] {processor.py:183} INFO - Processing /home/airflow/.local/lib/python3.8/site-packages/airflow/example_dags/example_branch_python_dop_operator_3.py took 0.686 seconds
[2024-04-07T14:42:33.648+0000] {processor.py:161} INFO - Started process (PID=395) to work on /home/airflow/.local/lib/python3.8/site-packages/airflow/example_dags/example_branch_python_dop_operator_3.py
[2024-04-07T14:42:33.649+0000] {processor.py:830} INFO - Processing file /home/airflow/.local/lib/python3.8/site-packages/airflow/example_dags/example_branch_python_dop_operator_3.py for tasks to queue
[2024-04-07T14:42:33.657+0000] {logging_mixin.py:188} INFO - [2024-04-07T14:42:33.656+0000] {dagbag.py:540} INFO - Filling up the DagBag from /home/airflow/.local/lib/python3.8/site-packages/airflow/example_dags/example_branch_python_dop_operator_3.py
[2024-04-07T14:42:33.680+0000] {processor.py:840} INFO - DAG(s) 'example_branch_dop_operator_v3' retrieved from /home/airflow/.local/lib/python3.8/site-packages/airflow/example_dags/example_branch_python_dop_operator_3.py
[2024-04-07T14:42:33.716+0000] {logging_mixin.py:188} INFO - [2024-04-07T14:42:33.716+0000] {dag.py:3047} INFO - Sync 1 DAGs
[2024-04-07T14:42:33.778+0000] {logging_mixin.py:188} INFO - [2024-04-07T14:42:33.778+0000] {dag.py:3834} INFO - Setting next_dagrun for example_branch_dop_operator_v3 to 2024-04-07 14:41:00+00:00, run_after=2024-04-07 14:42:00+00:00
[2024-04-07T14:42:33.823+0000] {processor.py:183} INFO - Processing /home/airflow/.local/lib/python3.8/site-packages/airflow/example_dags/example_branch_python_dop_operator_3.py took 0.182 seconds
[2024-04-07T14:43:04.324+0000] {processor.py:161} INFO - Started process (PID=451) to work on /home/airflow/.local/lib/python3.8/site-packages/airflow/example_dags/example_branch_python_dop_operator_3.py
[2024-04-07T14:43:04.326+0000] {processor.py:830} INFO - Processing file /home/airflow/.local/lib/python3.8/site-packages/airflow/example_dags/example_branch_python_dop_operator_3.py for tasks to queue
[2024-04-07T14:43:04.330+0000] {logging_mixin.py:188} INFO - [2024-04-07T14:43:04.329+0000] {dagbag.py:540} INFO - Filling up the DagBag from /home/airflow/.local/lib/python3.8/site-packages/airflow/example_dags/example_branch_python_dop_operator_3.py
[2024-04-07T14:43:04.348+0000] {processor.py:840} INFO - DAG(s) 'example_branch_dop_operator_v3' retrieved from /home/airflow/.local/lib/python3.8/site-packages/airflow/example_dags/example_branch_python_dop_operator_3.py
[2024-04-07T14:43:04.405+0000] {logging_mixin.py:188} INFO - [2024-04-07T14:43:04.404+0000] {dag.py:3047} INFO - Sync 1 DAGs
[2024-04-07T14:43:04.474+0000] {logging_mixin.py:188} INFO - [2024-04-07T14:43:04.474+0000] {dag.py:3834} INFO - Setting next_dagrun for example_branch_dop_operator_v3 to 2024-04-07 14:42:00+00:00, run_after=2024-04-07 14:43:00+00:00
[2024-04-07T14:43:04.530+0000] {processor.py:183} INFO - Processing /home/airflow/.local/lib/python3.8/site-packages/airflow/example_dags/example_branch_python_dop_operator_3.py took 0.215 seconds
[2024-04-07T14:43:35.052+0000] {processor.py:161} INFO - Started process (PID=508) to work on /home/airflow/.local/lib/python3.8/site-packages/airflow/example_dags/example_branch_python_dop_operator_3.py
[2024-04-07T14:43:35.077+0000] {processor.py:830} INFO - Processing file /home/airflow/.local/lib/python3.8/site-packages/airflow/example_dags/example_branch_python_dop_operator_3.py for tasks to queue
[2024-04-07T14:43:35.082+0000] {logging_mixin.py:188} INFO - [2024-04-07T14:43:35.082+0000] {dagbag.py:540} INFO - Filling up the DagBag from /home/airflow/.local/lib/python3.8/site-packages/airflow/example_dags/example_branch_python_dop_operator_3.py
[2024-04-07T14:43:35.142+0000] {processor.py:840} INFO - DAG(s) 'example_branch_dop_operator_v3' retrieved from /home/airflow/.local/lib/python3.8/site-packages/airflow/example_dags/example_branch_python_dop_operator_3.py
[2024-04-07T14:43:35.261+0000] {logging_mixin.py:188} INFO - [2024-04-07T14:43:35.260+0000] {dag.py:3047} INFO - Sync 1 DAGs
[2024-04-07T14:43:35.526+0000] {logging_mixin.py:188} INFO - [2024-04-07T14:43:35.526+0000] {dag.py:3834} INFO - Setting next_dagrun for example_branch_dop_operator_v3 to 2024-04-07 14:42:00+00:00, run_after=2024-04-07 14:43:00+00:00
[2024-04-07T14:43:35.631+0000] {processor.py:183} INFO - Processing /home/airflow/.local/lib/python3.8/site-packages/airflow/example_dags/example_branch_python_dop_operator_3.py took 0.586 seconds
[2024-04-07T14:44:06.127+0000] {processor.py:161} INFO - Started process (PID=565) to work on /home/airflow/.local/lib/python3.8/site-packages/airflow/example_dags/example_branch_python_dop_operator_3.py
[2024-04-07T14:44:06.130+0000] {processor.py:830} INFO - Processing file /home/airflow/.local/lib/python3.8/site-packages/airflow/example_dags/example_branch_python_dop_operator_3.py for tasks to queue
[2024-04-07T14:44:06.146+0000] {logging_mixin.py:188} INFO - [2024-04-07T14:44:06.145+0000] {dagbag.py:540} INFO - Filling up the DagBag from /home/airflow/.local/lib/python3.8/site-packages/airflow/example_dags/example_branch_python_dop_operator_3.py
[2024-04-07T14:44:06.239+0000] {processor.py:840} INFO - DAG(s) 'example_branch_dop_operator_v3' retrieved from /home/airflow/.local/lib/python3.8/site-packages/airflow/example_dags/example_branch_python_dop_operator_3.py
[2024-04-07T14:44:06.391+0000] {logging_mixin.py:188} INFO - [2024-04-07T14:44:06.390+0000] {dag.py:3047} INFO - Sync 1 DAGs
[2024-04-07T14:44:06.624+0000] {logging_mixin.py:188} INFO - [2024-04-07T14:44:06.623+0000] {dag.py:3834} INFO - Setting next_dagrun for example_branch_dop_operator_v3 to 2024-04-07 14:43:00+00:00, run_after=2024-04-07 14:44:00+00:00
[2024-04-07T14:44:06.688+0000] {processor.py:183} INFO - Processing /home/airflow/.local/lib/python3.8/site-packages/airflow/example_dags/example_branch_python_dop_operator_3.py took 0.578 seconds
[2024-04-07T14:44:38.906+0000] {processor.py:161} INFO - Started process (PID=622) to work on /home/airflow/.local/lib/python3.8/site-packages/airflow/example_dags/example_branch_python_dop_operator_3.py
[2024-04-07T14:44:39.331+0000] {processor.py:830} INFO - Processing file /home/airflow/.local/lib/python3.8/site-packages/airflow/example_dags/example_branch_python_dop_operator_3.py for tasks to queue
[2024-04-07T14:44:39.348+0000] {logging_mixin.py:188} INFO - [2024-04-07T14:44:39.347+0000] {dagbag.py:540} INFO - Filling up the DagBag from /home/airflow/.local/lib/python3.8/site-packages/airflow/example_dags/example_branch_python_dop_operator_3.py
[2024-04-07T14:44:39.422+0000] {processor.py:840} INFO - DAG(s) 'example_branch_dop_operator_v3' retrieved from /home/airflow/.local/lib/python3.8/site-packages/airflow/example_dags/example_branch_python_dop_operator_3.py
[2024-04-07T14:44:39.547+0000] {logging_mixin.py:188} INFO - [2024-04-07T14:44:39.536+0000] {dag.py:3047} INFO - Sync 1 DAGs
[2024-04-07T14:44:39.774+0000] {logging_mixin.py:188} INFO - [2024-04-07T14:44:39.774+0000] {dag.py:3834} INFO - Setting next_dagrun for example_branch_dop_operator_v3 to 2024-04-07 14:43:00+00:00, run_after=2024-04-07 14:44:00+00:00
[2024-04-07T14:44:40.039+0000] {processor.py:183} INFO - Processing /home/airflow/.local/lib/python3.8/site-packages/airflow/example_dags/example_branch_python_dop_operator_3.py took 1.148 seconds
[2024-04-07T14:45:10.888+0000] {processor.py:161} INFO - Started process (PID=678) to work on /home/airflow/.local/lib/python3.8/site-packages/airflow/example_dags/example_branch_python_dop_operator_3.py
[2024-04-07T14:45:10.891+0000] {processor.py:830} INFO - Processing file /home/airflow/.local/lib/python3.8/site-packages/airflow/example_dags/example_branch_python_dop_operator_3.py for tasks to queue
[2024-04-07T14:45:10.901+0000] {logging_mixin.py:188} INFO - [2024-04-07T14:45:10.899+0000] {dagbag.py:540} INFO - Filling up the DagBag from /home/airflow/.local/lib/python3.8/site-packages/airflow/example_dags/example_branch_python_dop_operator_3.py
[2024-04-07T14:45:10.931+0000] {processor.py:840} INFO - DAG(s) 'example_branch_dop_operator_v3' retrieved from /home/airflow/.local/lib/python3.8/site-packages/airflow/example_dags/example_branch_python_dop_operator_3.py
[2024-04-07T14:45:11.002+0000] {logging_mixin.py:188} INFO - [2024-04-07T14:45:11.002+0000] {dag.py:3047} INFO - Sync 1 DAGs
[2024-04-07T14:45:11.127+0000] {logging_mixin.py:188} INFO - [2024-04-07T14:45:11.126+0000] {dag.py:3834} INFO - Setting next_dagrun for example_branch_dop_operator_v3 to 2024-04-07 14:44:00+00:00, run_after=2024-04-07 14:45:00+00:00
[2024-04-07T14:45:11.232+0000] {processor.py:183} INFO - Processing /home/airflow/.local/lib/python3.8/site-packages/airflow/example_dags/example_branch_python_dop_operator_3.py took 0.352 seconds
[2024-04-07T14:45:42.276+0000] {processor.py:161} INFO - Started process (PID=735) to work on /home/airflow/.local/lib/python3.8/site-packages/airflow/example_dags/example_branch_python_dop_operator_3.py
[2024-04-07T14:45:42.280+0000] {processor.py:830} INFO - Processing file /home/airflow/.local/lib/python3.8/site-packages/airflow/example_dags/example_branch_python_dop_operator_3.py for tasks to queue
[2024-04-07T14:45:42.287+0000] {logging_mixin.py:188} INFO - [2024-04-07T14:45:42.286+0000] {dagbag.py:540} INFO - Filling up the DagBag from /home/airflow/.local/lib/python3.8/site-packages/airflow/example_dags/example_branch_python_dop_operator_3.py
[2024-04-07T14:45:42.326+0000] {processor.py:840} INFO - DAG(s) 'example_branch_dop_operator_v3' retrieved from /home/airflow/.local/lib/python3.8/site-packages/airflow/example_dags/example_branch_python_dop_operator_3.py
[2024-04-07T14:45:42.376+0000] {logging_mixin.py:188} INFO - [2024-04-07T14:45:42.376+0000] {dag.py:3047} INFO - Sync 1 DAGs
[2024-04-07T14:45:42.503+0000] {logging_mixin.py:188} INFO - [2024-04-07T14:45:42.502+0000] {dag.py:3834} INFO - Setting next_dagrun for example_branch_dop_operator_v3 to 2024-04-07 14:44:00+00:00, run_after=2024-04-07 14:45:00+00:00
[2024-04-07T14:45:42.602+0000] {processor.py:183} INFO - Processing /home/airflow/.local/lib/python3.8/site-packages/airflow/example_dags/example_branch_python_dop_operator_3.py took 0.343 seconds
[2024-04-07T14:46:13.356+0000] {processor.py:161} INFO - Started process (PID=792) to work on /home/airflow/.local/lib/python3.8/site-packages/airflow/example_dags/example_branch_python_dop_operator_3.py
[2024-04-07T14:46:13.359+0000] {processor.py:830} INFO - Processing file /home/airflow/.local/lib/python3.8/site-packages/airflow/example_dags/example_branch_python_dop_operator_3.py for tasks to queue
[2024-04-07T14:46:13.373+0000] {logging_mixin.py:188} INFO - [2024-04-07T14:46:13.372+0000] {dagbag.py:540} INFO - Filling up the DagBag from /home/airflow/.local/lib/python3.8/site-packages/airflow/example_dags/example_branch_python_dop_operator_3.py
[2024-04-07T14:46:13.416+0000] {processor.py:840} INFO - DAG(s) 'example_branch_dop_operator_v3' retrieved from /home/airflow/.local/lib/python3.8/site-packages/airflow/example_dags/example_branch_python_dop_operator_3.py
[2024-04-07T14:46:13.493+0000] {logging_mixin.py:188} INFO - [2024-04-07T14:46:13.492+0000] {dag.py:3047} INFO - Sync 1 DAGs
[2024-04-07T14:46:13.559+0000] {logging_mixin.py:188} INFO - [2024-04-07T14:46:13.559+0000] {dag.py:3834} INFO - Setting next_dagrun for example_branch_dop_operator_v3 to 2024-04-07 14:45:00+00:00, run_after=2024-04-07 14:46:00+00:00
[2024-04-07T14:46:13.664+0000] {processor.py:183} INFO - Processing /home/airflow/.local/lib/python3.8/site-packages/airflow/example_dags/example_branch_python_dop_operator_3.py took 0.325 seconds
[2024-04-07T14:46:46.417+0000] {processor.py:161} INFO - Started process (PID=849) to work on /home/airflow/.local/lib/python3.8/site-packages/airflow/example_dags/example_branch_python_dop_operator_3.py
[2024-04-07T14:46:46.419+0000] {processor.py:830} INFO - Processing file /home/airflow/.local/lib/python3.8/site-packages/airflow/example_dags/example_branch_python_dop_operator_3.py for tasks to queue
[2024-04-07T14:46:46.424+0000] {logging_mixin.py:188} INFO - [2024-04-07T14:46:46.423+0000] {dagbag.py:540} INFO - Filling up the DagBag from /home/airflow/.local/lib/python3.8/site-packages/airflow/example_dags/example_branch_python_dop_operator_3.py
[2024-04-07T14:46:46.444+0000] {processor.py:840} INFO - DAG(s) 'example_branch_dop_operator_v3' retrieved from /home/airflow/.local/lib/python3.8/site-packages/airflow/example_dags/example_branch_python_dop_operator_3.py
[2024-04-07T14:46:46.502+0000] {logging_mixin.py:188} INFO - [2024-04-07T14:46:46.502+0000] {dag.py:3047} INFO - Sync 1 DAGs
[2024-04-07T14:46:46.567+0000] {logging_mixin.py:188} INFO - [2024-04-07T14:46:46.567+0000] {dag.py:3834} INFO - Setting next_dagrun for example_branch_dop_operator_v3 to 2024-04-07 14:45:00+00:00, run_after=2024-04-07 14:46:00+00:00
[2024-04-07T14:46:46.610+0000] {processor.py:183} INFO - Processing /home/airflow/.local/lib/python3.8/site-packages/airflow/example_dags/example_branch_python_dop_operator_3.py took 0.199 seconds
[2024-04-07T14:47:17.051+0000] {processor.py:161} INFO - Started process (PID=904) to work on /home/airflow/.local/lib/python3.8/site-packages/airflow/example_dags/example_branch_python_dop_operator_3.py
[2024-04-07T14:47:17.053+0000] {processor.py:830} INFO - Processing file /home/airflow/.local/lib/python3.8/site-packages/airflow/example_dags/example_branch_python_dop_operator_3.py for tasks to queue
[2024-04-07T14:47:17.068+0000] {logging_mixin.py:188} INFO - [2024-04-07T14:47:17.067+0000] {dagbag.py:540} INFO - Filling up the DagBag from /home/airflow/.local/lib/python3.8/site-packages/airflow/example_dags/example_branch_python_dop_operator_3.py
[2024-04-07T14:47:17.114+0000] {processor.py:840} INFO - DAG(s) 'example_branch_dop_operator_v3' retrieved from /home/airflow/.local/lib/python3.8/site-packages/airflow/example_dags/example_branch_python_dop_operator_3.py
[2024-04-07T14:47:17.252+0000] {logging_mixin.py:188} INFO - [2024-04-07T14:47:17.251+0000] {dag.py:3047} INFO - Sync 1 DAGs
[2024-04-07T14:47:17.371+0000] {logging_mixin.py:188} INFO - [2024-04-07T14:47:17.371+0000] {dag.py:3834} INFO - Setting next_dagrun for example_branch_dop_operator_v3 to 2024-04-07 14:46:00+00:00, run_after=2024-04-07 14:47:00+00:00
[2024-04-07T14:47:17.481+0000] {processor.py:183} INFO - Processing /home/airflow/.local/lib/python3.8/site-packages/airflow/example_dags/example_branch_python_dop_operator_3.py took 0.441 seconds
[2024-04-07T14:47:47.599+0000] {processor.py:161} INFO - Started process (PID=961) to work on /home/airflow/.local/lib/python3.8/site-packages/airflow/example_dags/example_branch_python_dop_operator_3.py
[2024-04-07T14:47:47.601+0000] {processor.py:830} INFO - Processing file /home/airflow/.local/lib/python3.8/site-packages/airflow/example_dags/example_branch_python_dop_operator_3.py for tasks to queue
[2024-04-07T14:47:47.604+0000] {logging_mixin.py:188} INFO - [2024-04-07T14:47:47.604+0000] {dagbag.py:540} INFO - Filling up the DagBag from /home/airflow/.local/lib/python3.8/site-packages/airflow/example_dags/example_branch_python_dop_operator_3.py
[2024-04-07T14:47:47.626+0000] {processor.py:840} INFO - DAG(s) 'example_branch_dop_operator_v3' retrieved from /home/airflow/.local/lib/python3.8/site-packages/airflow/example_dags/example_branch_python_dop_operator_3.py
[2024-04-07T14:47:47.683+0000] {logging_mixin.py:188} INFO - [2024-04-07T14:47:47.683+0000] {dag.py:3047} INFO - Sync 1 DAGs
[2024-04-07T14:47:47.744+0000] {logging_mixin.py:188} INFO - [2024-04-07T14:47:47.743+0000] {dag.py:3834} INFO - Setting next_dagrun for example_branch_dop_operator_v3 to 2024-04-07 14:46:00+00:00, run_after=2024-04-07 14:47:00+00:00
[2024-04-07T14:47:47.791+0000] {processor.py:183} INFO - Processing /home/airflow/.local/lib/python3.8/site-packages/airflow/example_dags/example_branch_python_dop_operator_3.py took 0.202 seconds
[2024-04-07T14:48:18.320+0000] {processor.py:161} INFO - Started process (PID=1015) to work on /home/airflow/.local/lib/python3.8/site-packages/airflow/example_dags/example_branch_python_dop_operator_3.py
[2024-04-07T14:48:18.322+0000] {processor.py:830} INFO - Processing file /home/airflow/.local/lib/python3.8/site-packages/airflow/example_dags/example_branch_python_dop_operator_3.py for tasks to queue
[2024-04-07T14:48:18.326+0000] {logging_mixin.py:188} INFO - [2024-04-07T14:48:18.325+0000] {dagbag.py:540} INFO - Filling up the DagBag from /home/airflow/.local/lib/python3.8/site-packages/airflow/example_dags/example_branch_python_dop_operator_3.py
[2024-04-07T14:48:18.342+0000] {processor.py:840} INFO - DAG(s) 'example_branch_dop_operator_v3' retrieved from /home/airflow/.local/lib/python3.8/site-packages/airflow/example_dags/example_branch_python_dop_operator_3.py
[2024-04-07T14:48:18.382+0000] {logging_mixin.py:188} INFO - [2024-04-07T14:48:18.382+0000] {dag.py:3047} INFO - Sync 1 DAGs
[2024-04-07T14:48:18.458+0000] {logging_mixin.py:188} INFO - [2024-04-07T14:48:18.458+0000] {dag.py:3834} INFO - Setting next_dagrun for example_branch_dop_operator_v3 to 2024-04-07 14:47:00+00:00, run_after=2024-04-07 14:48:00+00:00
[2024-04-07T14:48:18.516+0000] {processor.py:183} INFO - Processing /home/airflow/.local/lib/python3.8/site-packages/airflow/example_dags/example_branch_python_dop_operator_3.py took 0.203 seconds
[2024-04-07T14:48:48.940+0000] {processor.py:161} INFO - Started process (PID=1072) to work on /home/airflow/.local/lib/python3.8/site-packages/airflow/example_dags/example_branch_python_dop_operator_3.py
[2024-04-07T14:48:48.942+0000] {processor.py:830} INFO - Processing file /home/airflow/.local/lib/python3.8/site-packages/airflow/example_dags/example_branch_python_dop_operator_3.py for tasks to queue
[2024-04-07T14:48:48.946+0000] {logging_mixin.py:188} INFO - [2024-04-07T14:48:48.946+0000] {dagbag.py:540} INFO - Filling up the DagBag from /home/airflow/.local/lib/python3.8/site-packages/airflow/example_dags/example_branch_python_dop_operator_3.py
[2024-04-07T14:48:48.969+0000] {processor.py:840} INFO - DAG(s) 'example_branch_dop_operator_v3' retrieved from /home/airflow/.local/lib/python3.8/site-packages/airflow/example_dags/example_branch_python_dop_operator_3.py
[2024-04-07T14:48:49.010+0000] {logging_mixin.py:188} INFO - [2024-04-07T14:48:49.009+0000] {dag.py:3047} INFO - Sync 1 DAGs
[2024-04-07T14:48:49.083+0000] {logging_mixin.py:188} INFO - [2024-04-07T14:48:49.082+0000] {dag.py:3834} INFO - Setting next_dagrun for example_branch_dop_operator_v3 to 2024-04-07 14:47:00+00:00, run_after=2024-04-07 14:48:00+00:00
[2024-04-07T14:48:49.128+0000] {processor.py:183} INFO - Processing /home/airflow/.local/lib/python3.8/site-packages/airflow/example_dags/example_branch_python_dop_operator_3.py took 0.200 seconds
[2024-04-07T14:49:19.844+0000] {processor.py:161} INFO - Started process (PID=1129) to work on /home/airflow/.local/lib/python3.8/site-packages/airflow/example_dags/example_branch_python_dop_operator_3.py
[2024-04-07T14:49:19.847+0000] {processor.py:830} INFO - Processing file /home/airflow/.local/lib/python3.8/site-packages/airflow/example_dags/example_branch_python_dop_operator_3.py for tasks to queue
[2024-04-07T14:49:19.854+0000] {logging_mixin.py:188} INFO - [2024-04-07T14:49:19.852+0000] {dagbag.py:540} INFO - Filling up the DagBag from /home/airflow/.local/lib/python3.8/site-packages/airflow/example_dags/example_branch_python_dop_operator_3.py
[2024-04-07T14:49:19.879+0000] {processor.py:840} INFO - DAG(s) 'example_branch_dop_operator_v3' retrieved from /home/airflow/.local/lib/python3.8/site-packages/airflow/example_dags/example_branch_python_dop_operator_3.py
[2024-04-07T14:49:19.931+0000] {logging_mixin.py:188} INFO - [2024-04-07T14:49:19.930+0000] {dag.py:3047} INFO - Sync 1 DAGs
[2024-04-07T14:49:20.009+0000] {logging_mixin.py:188} INFO - [2024-04-07T14:49:20.009+0000] {dag.py:3834} INFO - Setting next_dagrun for example_branch_dop_operator_v3 to 2024-04-07 14:48:00+00:00, run_after=2024-04-07 14:49:00+00:00
[2024-04-07T14:49:20.342+0000] {processor.py:183} INFO - Processing /home/airflow/.local/lib/python3.8/site-packages/airflow/example_dags/example_branch_python_dop_operator_3.py took 0.507 seconds
[2024-04-07T14:49:50.708+0000] {processor.py:161} INFO - Started process (PID=1186) to work on /home/airflow/.local/lib/python3.8/site-packages/airflow/example_dags/example_branch_python_dop_operator_3.py
[2024-04-07T14:49:50.711+0000] {processor.py:830} INFO - Processing file /home/airflow/.local/lib/python3.8/site-packages/airflow/example_dags/example_branch_python_dop_operator_3.py for tasks to queue
[2024-04-07T14:49:50.717+0000] {logging_mixin.py:188} INFO - [2024-04-07T14:49:50.717+0000] {dagbag.py:540} INFO - Filling up the DagBag from /home/airflow/.local/lib/python3.8/site-packages/airflow/example_dags/example_branch_python_dop_operator_3.py
[2024-04-07T14:49:50.761+0000] {processor.py:840} INFO - DAG(s) 'example_branch_dop_operator_v3' retrieved from /home/airflow/.local/lib/python3.8/site-packages/airflow/example_dags/example_branch_python_dop_operator_3.py
[2024-04-07T14:49:50.844+0000] {logging_mixin.py:188} INFO - [2024-04-07T14:49:50.843+0000] {dag.py:3047} INFO - Sync 1 DAGs
[2024-04-07T14:49:50.964+0000] {logging_mixin.py:188} INFO - [2024-04-07T14:49:50.964+0000] {dag.py:3834} INFO - Setting next_dagrun for example_branch_dop_operator_v3 to 2024-04-07 14:48:00+00:00, run_after=2024-04-07 14:49:00+00:00
[2024-04-07T14:49:51.217+0000] {processor.py:183} INFO - Processing /home/airflow/.local/lib/python3.8/site-packages/airflow/example_dags/example_branch_python_dop_operator_3.py took 0.525 seconds
[2024-04-07T14:50:21.646+0000] {processor.py:161} INFO - Started process (PID=1243) to work on /home/airflow/.local/lib/python3.8/site-packages/airflow/example_dags/example_branch_python_dop_operator_3.py
[2024-04-07T14:50:21.649+0000] {processor.py:830} INFO - Processing file /home/airflow/.local/lib/python3.8/site-packages/airflow/example_dags/example_branch_python_dop_operator_3.py for tasks to queue
[2024-04-07T14:50:21.657+0000] {logging_mixin.py:188} INFO - [2024-04-07T14:50:21.656+0000] {dagbag.py:540} INFO - Filling up the DagBag from /home/airflow/.local/lib/python3.8/site-packages/airflow/example_dags/example_branch_python_dop_operator_3.py
[2024-04-07T14:50:21.682+0000] {processor.py:840} INFO - DAG(s) 'example_branch_dop_operator_v3' retrieved from /home/airflow/.local/lib/python3.8/site-packages/airflow/example_dags/example_branch_python_dop_operator_3.py
[2024-04-07T14:50:21.720+0000] {logging_mixin.py:188} INFO - [2024-04-07T14:50:21.719+0000] {dag.py:3047} INFO - Sync 1 DAGs
[2024-04-07T14:50:21.766+0000] {logging_mixin.py:188} INFO - [2024-04-07T14:50:21.765+0000] {dag.py:3834} INFO - Setting next_dagrun for example_branch_dop_operator_v3 to 2024-04-07 14:49:00+00:00, run_after=2024-04-07 14:50:00+00:00
[2024-04-07T14:50:22.120+0000] {processor.py:183} INFO - Processing /home/airflow/.local/lib/python3.8/site-packages/airflow/example_dags/example_branch_python_dop_operator_3.py took 0.489 seconds
[2024-04-07T14:50:52.986+0000] {processor.py:161} INFO - Started process (PID=1301) to work on /home/airflow/.local/lib/python3.8/site-packages/airflow/example_dags/example_branch_python_dop_operator_3.py
[2024-04-07T14:50:52.998+0000] {processor.py:830} INFO - Processing file /home/airflow/.local/lib/python3.8/site-packages/airflow/example_dags/example_branch_python_dop_operator_3.py for tasks to queue
[2024-04-07T14:50:53.004+0000] {logging_mixin.py:188} INFO - [2024-04-07T14:50:53.003+0000] {dagbag.py:540} INFO - Filling up the DagBag from /home/airflow/.local/lib/python3.8/site-packages/airflow/example_dags/example_branch_python_dop_operator_3.py
[2024-04-07T14:50:53.049+0000] {processor.py:840} INFO - DAG(s) 'example_branch_dop_operator_v3' retrieved from /home/airflow/.local/lib/python3.8/site-packages/airflow/example_dags/example_branch_python_dop_operator_3.py
[2024-04-07T14:50:53.145+0000] {logging_mixin.py:188} INFO - [2024-04-07T14:50:53.144+0000] {dag.py:3047} INFO - Sync 1 DAGs
[2024-04-07T14:50:53.237+0000] {logging_mixin.py:188} INFO - [2024-04-07T14:50:53.236+0000] {dag.py:3834} INFO - Setting next_dagrun for example_branch_dop_operator_v3 to 2024-04-07 14:49:00+00:00, run_after=2024-04-07 14:50:00+00:00
[2024-04-07T14:50:53.319+0000] {processor.py:183} INFO - Processing /home/airflow/.local/lib/python3.8/site-packages/airflow/example_dags/example_branch_python_dop_operator_3.py took 0.341 seconds
[2024-04-07T14:51:24.075+0000] {processor.py:161} INFO - Started process (PID=1357) to work on /home/airflow/.local/lib/python3.8/site-packages/airflow/example_dags/example_branch_python_dop_operator_3.py
[2024-04-07T14:51:24.080+0000] {processor.py:830} INFO - Processing file /home/airflow/.local/lib/python3.8/site-packages/airflow/example_dags/example_branch_python_dop_operator_3.py for tasks to queue
[2024-04-07T14:51:24.091+0000] {logging_mixin.py:188} INFO - [2024-04-07T14:51:24.091+0000] {dagbag.py:540} INFO - Filling up the DagBag from /home/airflow/.local/lib/python3.8/site-packages/airflow/example_dags/example_branch_python_dop_operator_3.py
[2024-04-07T14:51:24.111+0000] {processor.py:840} INFO - DAG(s) 'example_branch_dop_operator_v3' retrieved from /home/airflow/.local/lib/python3.8/site-packages/airflow/example_dags/example_branch_python_dop_operator_3.py
[2024-04-07T14:51:24.162+0000] {logging_mixin.py:188} INFO - [2024-04-07T14:51:24.162+0000] {dag.py:3047} INFO - Sync 1 DAGs
[2024-04-07T14:51:24.246+0000] {logging_mixin.py:188} INFO - [2024-04-07T14:51:24.245+0000] {dag.py:3834} INFO - Setting next_dagrun for example_branch_dop_operator_v3 to 2024-04-07 14:50:00+00:00, run_after=2024-04-07 14:51:00+00:00
[2024-04-07T14:51:24.449+0000] {processor.py:183} INFO - Processing /home/airflow/.local/lib/python3.8/site-packages/airflow/example_dags/example_branch_python_dop_operator_3.py took 0.390 seconds
[2024-04-07T14:51:54.978+0000] {processor.py:161} INFO - Started process (PID=1415) to work on /home/airflow/.local/lib/python3.8/site-packages/airflow/example_dags/example_branch_python_dop_operator_3.py
[2024-04-07T14:51:55.010+0000] {processor.py:830} INFO - Processing file /home/airflow/.local/lib/python3.8/site-packages/airflow/example_dags/example_branch_python_dop_operator_3.py for tasks to queue
[2024-04-07T14:51:55.028+0000] {logging_mixin.py:188} INFO - [2024-04-07T14:51:55.027+0000] {dagbag.py:540} INFO - Filling up the DagBag from /home/airflow/.local/lib/python3.8/site-packages/airflow/example_dags/example_branch_python_dop_operator_3.py
[2024-04-07T14:51:55.138+0000] {processor.py:840} INFO - DAG(s) 'example_branch_dop_operator_v3' retrieved from /home/airflow/.local/lib/python3.8/site-packages/airflow/example_dags/example_branch_python_dop_operator_3.py
[2024-04-07T14:51:55.267+0000] {logging_mixin.py:188} INFO - [2024-04-07T14:51:55.257+0000] {dag.py:3047} INFO - Sync 1 DAGs
[2024-04-07T14:51:55.427+0000] {logging_mixin.py:188} INFO - [2024-04-07T14:51:55.426+0000] {dag.py:3834} INFO - Setting next_dagrun for example_branch_dop_operator_v3 to 2024-04-07 14:50:00+00:00, run_after=2024-04-07 14:51:00+00:00
[2024-04-07T14:51:55.508+0000] {processor.py:183} INFO - Processing /home/airflow/.local/lib/python3.8/site-packages/airflow/example_dags/example_branch_python_dop_operator_3.py took 0.537 seconds
[2024-04-07T14:52:26.285+0000] {processor.py:161} INFO - Started process (PID=1472) to work on /home/airflow/.local/lib/python3.8/site-packages/airflow/example_dags/example_branch_python_dop_operator_3.py
[2024-04-07T14:52:26.288+0000] {processor.py:830} INFO - Processing file /home/airflow/.local/lib/python3.8/site-packages/airflow/example_dags/example_branch_python_dop_operator_3.py for tasks to queue
[2024-04-07T14:52:26.293+0000] {logging_mixin.py:188} INFO - [2024-04-07T14:52:26.293+0000] {dagbag.py:540} INFO - Filling up the DagBag from /home/airflow/.local/lib/python3.8/site-packages/airflow/example_dags/example_branch_python_dop_operator_3.py
[2024-04-07T14:52:26.315+0000] {processor.py:840} INFO - DAG(s) 'example_branch_dop_operator_v3' retrieved from /home/airflow/.local/lib/python3.8/site-packages/airflow/example_dags/example_branch_python_dop_operator_3.py
[2024-04-07T14:52:26.368+0000] {logging_mixin.py:188} INFO - [2024-04-07T14:52:26.367+0000] {dag.py:3047} INFO - Sync 1 DAGs
[2024-04-07T14:52:26.444+0000] {logging_mixin.py:188} INFO - [2024-04-07T14:52:26.443+0000] {dag.py:3834} INFO - Setting next_dagrun for example_branch_dop_operator_v3 to 2024-04-07 14:51:00+00:00, run_after=2024-04-07 14:52:00+00:00
[2024-04-07T14:52:26.510+0000] {processor.py:183} INFO - Processing /home/airflow/.local/lib/python3.8/site-packages/airflow/example_dags/example_branch_python_dop_operator_3.py took 0.234 seconds
[2024-04-07T14:52:56.805+0000] {processor.py:161} INFO - Started process (PID=1529) to work on /home/airflow/.local/lib/python3.8/site-packages/airflow/example_dags/example_branch_python_dop_operator_3.py
[2024-04-07T14:52:56.808+0000] {processor.py:830} INFO - Processing file /home/airflow/.local/lib/python3.8/site-packages/airflow/example_dags/example_branch_python_dop_operator_3.py for tasks to queue
[2024-04-07T14:52:56.814+0000] {logging_mixin.py:188} INFO - [2024-04-07T14:52:56.813+0000] {dagbag.py:540} INFO - Filling up the DagBag from /home/airflow/.local/lib/python3.8/site-packages/airflow/example_dags/example_branch_python_dop_operator_3.py
[2024-04-07T14:52:56.837+0000] {processor.py:840} INFO - DAG(s) 'example_branch_dop_operator_v3' retrieved from /home/airflow/.local/lib/python3.8/site-packages/airflow/example_dags/example_branch_python_dop_operator_3.py
[2024-04-07T14:52:56.883+0000] {logging_mixin.py:188} INFO - [2024-04-07T14:52:56.882+0000] {dag.py:3047} INFO - Sync 1 DAGs
[2024-04-07T14:52:56.942+0000] {logging_mixin.py:188} INFO - [2024-04-07T14:52:56.942+0000] {dag.py:3834} INFO - Setting next_dagrun for example_branch_dop_operator_v3 to 2024-04-07 14:51:00+00:00, run_after=2024-04-07 14:52:00+00:00
[2024-04-07T14:52:56.993+0000] {processor.py:183} INFO - Processing /home/airflow/.local/lib/python3.8/site-packages/airflow/example_dags/example_branch_python_dop_operator_3.py took 0.195 seconds
[2024-04-07T14:53:27.225+0000] {processor.py:161} INFO - Started process (PID=1586) to work on /home/airflow/.local/lib/python3.8/site-packages/airflow/example_dags/example_branch_python_dop_operator_3.py
[2024-04-07T14:53:27.227+0000] {processor.py:830} INFO - Processing file /home/airflow/.local/lib/python3.8/site-packages/airflow/example_dags/example_branch_python_dop_operator_3.py for tasks to queue
[2024-04-07T14:53:27.231+0000] {logging_mixin.py:188} INFO - [2024-04-07T14:53:27.230+0000] {dagbag.py:540} INFO - Filling up the DagBag from /home/airflow/.local/lib/python3.8/site-packages/airflow/example_dags/example_branch_python_dop_operator_3.py
[2024-04-07T14:53:27.249+0000] {processor.py:840} INFO - DAG(s) 'example_branch_dop_operator_v3' retrieved from /home/airflow/.local/lib/python3.8/site-packages/airflow/example_dags/example_branch_python_dop_operator_3.py
[2024-04-07T14:53:27.298+0000] {logging_mixin.py:188} INFO - [2024-04-07T14:53:27.298+0000] {dag.py:3047} INFO - Sync 1 DAGs
[2024-04-07T14:53:27.376+0000] {logging_mixin.py:188} INFO - [2024-04-07T14:53:27.375+0000] {dag.py:3834} INFO - Setting next_dagrun for example_branch_dop_operator_v3 to 2024-04-07 14:52:00+00:00, run_after=2024-04-07 14:53:00+00:00
[2024-04-07T14:53:27.435+0000] {processor.py:183} INFO - Processing /home/airflow/.local/lib/python3.8/site-packages/airflow/example_dags/example_branch_python_dop_operator_3.py took 0.219 seconds
[2024-04-07T14:53:58.152+0000] {processor.py:161} INFO - Started process (PID=1643) to work on /home/airflow/.local/lib/python3.8/site-packages/airflow/example_dags/example_branch_python_dop_operator_3.py
[2024-04-07T14:53:58.154+0000] {processor.py:830} INFO - Processing file /home/airflow/.local/lib/python3.8/site-packages/airflow/example_dags/example_branch_python_dop_operator_3.py for tasks to queue
[2024-04-07T14:53:58.161+0000] {logging_mixin.py:188} INFO - [2024-04-07T14:53:58.159+0000] {dagbag.py:540} INFO - Filling up the DagBag from /home/airflow/.local/lib/python3.8/site-packages/airflow/example_dags/example_branch_python_dop_operator_3.py
[2024-04-07T14:53:58.184+0000] {processor.py:840} INFO - DAG(s) 'example_branch_dop_operator_v3' retrieved from /home/airflow/.local/lib/python3.8/site-packages/airflow/example_dags/example_branch_python_dop_operator_3.py
[2024-04-07T14:53:58.223+0000] {logging_mixin.py:188} INFO - [2024-04-07T14:53:58.222+0000] {dag.py:3047} INFO - Sync 1 DAGs
[2024-04-07T14:53:58.281+0000] {logging_mixin.py:188} INFO - [2024-04-07T14:53:58.281+0000] {dag.py:3834} INFO - Setting next_dagrun for example_branch_dop_operator_v3 to 2024-04-07 14:52:00+00:00, run_after=2024-04-07 14:53:00+00:00
[2024-04-07T14:53:58.321+0000] {processor.py:183} INFO - Processing /home/airflow/.local/lib/python3.8/site-packages/airflow/example_dags/example_branch_python_dop_operator_3.py took 0.175 seconds
[2024-04-07T14:54:28.601+0000] {processor.py:161} INFO - Started process (PID=1700) to work on /home/airflow/.local/lib/python3.8/site-packages/airflow/example_dags/example_branch_python_dop_operator_3.py
[2024-04-07T14:54:28.603+0000] {processor.py:830} INFO - Processing file /home/airflow/.local/lib/python3.8/site-packages/airflow/example_dags/example_branch_python_dop_operator_3.py for tasks to queue
[2024-04-07T14:54:28.606+0000] {logging_mixin.py:188} INFO - [2024-04-07T14:54:28.605+0000] {dagbag.py:540} INFO - Filling up the DagBag from /home/airflow/.local/lib/python3.8/site-packages/airflow/example_dags/example_branch_python_dop_operator_3.py
[2024-04-07T14:54:28.622+0000] {processor.py:840} INFO - DAG(s) 'example_branch_dop_operator_v3' retrieved from /home/airflow/.local/lib/python3.8/site-packages/airflow/example_dags/example_branch_python_dop_operator_3.py
[2024-04-07T14:54:28.658+0000] {logging_mixin.py:188} INFO - [2024-04-07T14:54:28.657+0000] {dag.py:3047} INFO - Sync 1 DAGs
[2024-04-07T14:54:28.719+0000] {logging_mixin.py:188} INFO - [2024-04-07T14:54:28.718+0000] {dag.py:3834} INFO - Setting next_dagrun for example_branch_dop_operator_v3 to 2024-04-07 14:53:00+00:00, run_after=2024-04-07 14:54:00+00:00
[2024-04-07T14:54:28.761+0000] {processor.py:183} INFO - Processing /home/airflow/.local/lib/python3.8/site-packages/airflow/example_dags/example_branch_python_dop_operator_3.py took 0.165 seconds
[2024-04-07T14:54:59.555+0000] {processor.py:161} INFO - Started process (PID=1757) to work on /home/airflow/.local/lib/python3.8/site-packages/airflow/example_dags/example_branch_python_dop_operator_3.py
[2024-04-07T14:54:59.558+0000] {processor.py:830} INFO - Processing file /home/airflow/.local/lib/python3.8/site-packages/airflow/example_dags/example_branch_python_dop_operator_3.py for tasks to queue
[2024-04-07T14:54:59.561+0000] {logging_mixin.py:188} INFO - [2024-04-07T14:54:59.561+0000] {dagbag.py:540} INFO - Filling up the DagBag from /home/airflow/.local/lib/python3.8/site-packages/airflow/example_dags/example_branch_python_dop_operator_3.py
[2024-04-07T14:54:59.583+0000] {processor.py:840} INFO - DAG(s) 'example_branch_dop_operator_v3' retrieved from /home/airflow/.local/lib/python3.8/site-packages/airflow/example_dags/example_branch_python_dop_operator_3.py
[2024-04-07T14:54:59.639+0000] {logging_mixin.py:188} INFO - [2024-04-07T14:54:59.639+0000] {dag.py:3047} INFO - Sync 1 DAGs
[2024-04-07T14:54:59.698+0000] {logging_mixin.py:188} INFO - [2024-04-07T14:54:59.697+0000] {dag.py:3834} INFO - Setting next_dagrun for example_branch_dop_operator_v3 to 2024-04-07 14:53:00+00:00, run_after=2024-04-07 14:54:00+00:00
[2024-04-07T14:54:59.741+0000] {processor.py:183} INFO - Processing /home/airflow/.local/lib/python3.8/site-packages/airflow/example_dags/example_branch_python_dop_operator_3.py took 0.192 seconds
[2024-04-07T14:55:29.849+0000] {processor.py:161} INFO - Started process (PID=1813) to work on /home/airflow/.local/lib/python3.8/site-packages/airflow/example_dags/example_branch_python_dop_operator_3.py
[2024-04-07T14:55:29.852+0000] {processor.py:830} INFO - Processing file /home/airflow/.local/lib/python3.8/site-packages/airflow/example_dags/example_branch_python_dop_operator_3.py for tasks to queue
[2024-04-07T14:55:29.856+0000] {logging_mixin.py:188} INFO - [2024-04-07T14:55:29.856+0000] {dagbag.py:540} INFO - Filling up the DagBag from /home/airflow/.local/lib/python3.8/site-packages/airflow/example_dags/example_branch_python_dop_operator_3.py
[2024-04-07T14:55:29.878+0000] {processor.py:840} INFO - DAG(s) 'example_branch_dop_operator_v3' retrieved from /home/airflow/.local/lib/python3.8/site-packages/airflow/example_dags/example_branch_python_dop_operator_3.py
[2024-04-07T14:55:29.929+0000] {logging_mixin.py:188} INFO - [2024-04-07T14:55:29.928+0000] {dag.py:3047} INFO - Sync 1 DAGs
[2024-04-07T14:55:30.091+0000] {logging_mixin.py:188} INFO - [2024-04-07T14:55:30.091+0000] {dag.py:3834} INFO - Setting next_dagrun for example_branch_dop_operator_v3 to 2024-04-07 14:54:00+00:00, run_after=2024-04-07 14:55:00+00:00
[2024-04-07T14:55:30.190+0000] {processor.py:183} INFO - Processing /home/airflow/.local/lib/python3.8/site-packages/airflow/example_dags/example_branch_python_dop_operator_3.py took 0.346 seconds
[2024-04-07T14:56:00.557+0000] {processor.py:161} INFO - Started process (PID=1870) to work on /home/airflow/.local/lib/python3.8/site-packages/airflow/example_dags/example_branch_python_dop_operator_3.py
[2024-04-07T14:56:00.566+0000] {processor.py:830} INFO - Processing file /home/airflow/.local/lib/python3.8/site-packages/airflow/example_dags/example_branch_python_dop_operator_3.py for tasks to queue
[2024-04-07T14:56:00.570+0000] {logging_mixin.py:188} INFO - [2024-04-07T14:56:00.570+0000] {dagbag.py:540} INFO - Filling up the DagBag from /home/airflow/.local/lib/python3.8/site-packages/airflow/example_dags/example_branch_python_dop_operator_3.py
[2024-04-07T14:56:00.595+0000] {processor.py:840} INFO - DAG(s) 'example_branch_dop_operator_v3' retrieved from /home/airflow/.local/lib/python3.8/site-packages/airflow/example_dags/example_branch_python_dop_operator_3.py
[2024-04-07T14:56:00.667+0000] {logging_mixin.py:188} INFO - [2024-04-07T14:56:00.667+0000] {dag.py:3047} INFO - Sync 1 DAGs
[2024-04-07T14:56:00.766+0000] {logging_mixin.py:188} INFO - [2024-04-07T14:56:00.766+0000] {dag.py:3834} INFO - Setting next_dagrun for example_branch_dop_operator_v3 to 2024-04-07 14:55:00+00:00, run_after=2024-04-07 14:56:00+00:00
[2024-04-07T14:56:00.831+0000] {processor.py:183} INFO - Processing /home/airflow/.local/lib/python3.8/site-packages/airflow/example_dags/example_branch_python_dop_operator_3.py took 0.283 seconds
[2024-04-07T14:56:30.953+0000] {processor.py:161} INFO - Started process (PID=1928) to work on /home/airflow/.local/lib/python3.8/site-packages/airflow/example_dags/example_branch_python_dop_operator_3.py
[2024-04-07T14:56:30.956+0000] {processor.py:830} INFO - Processing file /home/airflow/.local/lib/python3.8/site-packages/airflow/example_dags/example_branch_python_dop_operator_3.py for tasks to queue
[2024-04-07T14:56:30.965+0000] {logging_mixin.py:188} INFO - [2024-04-07T14:56:30.964+0000] {dagbag.py:540} INFO - Filling up the DagBag from /home/airflow/.local/lib/python3.8/site-packages/airflow/example_dags/example_branch_python_dop_operator_3.py
[2024-04-07T14:56:31.006+0000] {processor.py:840} INFO - DAG(s) 'example_branch_dop_operator_v3' retrieved from /home/airflow/.local/lib/python3.8/site-packages/airflow/example_dags/example_branch_python_dop_operator_3.py
[2024-04-07T14:56:31.097+0000] {logging_mixin.py:188} INFO - [2024-04-07T14:56:31.097+0000] {dag.py:3047} INFO - Sync 1 DAGs
[2024-04-07T14:56:31.178+0000] {logging_mixin.py:188} INFO - [2024-04-07T14:56:31.177+0000] {dag.py:3834} INFO - Setting next_dagrun for example_branch_dop_operator_v3 to 2024-04-07 14:55:00+00:00, run_after=2024-04-07 14:56:00+00:00
[2024-04-07T14:56:31.231+0000] {processor.py:183} INFO - Processing /home/airflow/.local/lib/python3.8/site-packages/airflow/example_dags/example_branch_python_dop_operator_3.py took 0.284 seconds
[2024-04-07T14:57:01.755+0000] {processor.py:161} INFO - Started process (PID=1984) to work on /home/airflow/.local/lib/python3.8/site-packages/airflow/example_dags/example_branch_python_dop_operator_3.py
[2024-04-07T14:57:01.757+0000] {processor.py:830} INFO - Processing file /home/airflow/.local/lib/python3.8/site-packages/airflow/example_dags/example_branch_python_dop_operator_3.py for tasks to queue
[2024-04-07T14:57:01.760+0000] {logging_mixin.py:188} INFO - [2024-04-07T14:57:01.759+0000] {dagbag.py:540} INFO - Filling up the DagBag from /home/airflow/.local/lib/python3.8/site-packages/airflow/example_dags/example_branch_python_dop_operator_3.py
[2024-04-07T14:57:01.773+0000] {processor.py:840} INFO - DAG(s) 'example_branch_dop_operator_v3' retrieved from /home/airflow/.local/lib/python3.8/site-packages/airflow/example_dags/example_branch_python_dop_operator_3.py
[2024-04-07T14:57:01.821+0000] {logging_mixin.py:188} INFO - [2024-04-07T14:57:01.820+0000] {dag.py:3047} INFO - Sync 1 DAGs
[2024-04-07T14:57:01.870+0000] {logging_mixin.py:188} INFO - [2024-04-07T14:57:01.870+0000] {dag.py:3834} INFO - Setting next_dagrun for example_branch_dop_operator_v3 to 2024-04-07 14:56:00+00:00, run_after=2024-04-07 14:57:00+00:00
[2024-04-07T14:57:01.903+0000] {processor.py:183} INFO - Processing /home/airflow/.local/lib/python3.8/site-packages/airflow/example_dags/example_branch_python_dop_operator_3.py took 0.153 seconds
[2024-04-07T14:57:32.541+0000] {processor.py:161} INFO - Started process (PID=2039) to work on /home/airflow/.local/lib/python3.8/site-packages/airflow/example_dags/example_branch_python_dop_operator_3.py
[2024-04-07T14:57:32.544+0000] {processor.py:830} INFO - Processing file /home/airflow/.local/lib/python3.8/site-packages/airflow/example_dags/example_branch_python_dop_operator_3.py for tasks to queue
[2024-04-07T14:57:32.549+0000] {logging_mixin.py:188} INFO - [2024-04-07T14:57:32.548+0000] {dagbag.py:540} INFO - Filling up the DagBag from /home/airflow/.local/lib/python3.8/site-packages/airflow/example_dags/example_branch_python_dop_operator_3.py
[2024-04-07T14:57:32.566+0000] {processor.py:840} INFO - DAG(s) 'example_branch_dop_operator_v3' retrieved from /home/airflow/.local/lib/python3.8/site-packages/airflow/example_dags/example_branch_python_dop_operator_3.py
[2024-04-07T14:57:32.607+0000] {logging_mixin.py:188} INFO - [2024-04-07T14:57:32.606+0000] {dag.py:3047} INFO - Sync 1 DAGs
[2024-04-07T14:57:32.663+0000] {logging_mixin.py:188} INFO - [2024-04-07T14:57:32.662+0000] {dag.py:3834} INFO - Setting next_dagrun for example_branch_dop_operator_v3 to 2024-04-07 14:56:00+00:00, run_after=2024-04-07 14:57:00+00:00
[2024-04-07T14:57:32.712+0000] {processor.py:183} INFO - Processing /home/airflow/.local/lib/python3.8/site-packages/airflow/example_dags/example_branch_python_dop_operator_3.py took 0.177 seconds
[2024-04-07T14:58:02.871+0000] {processor.py:161} INFO - Started process (PID=2097) to work on /home/airflow/.local/lib/python3.8/site-packages/airflow/example_dags/example_branch_python_dop_operator_3.py
[2024-04-07T14:58:02.873+0000] {processor.py:830} INFO - Processing file /home/airflow/.local/lib/python3.8/site-packages/airflow/example_dags/example_branch_python_dop_operator_3.py for tasks to queue
[2024-04-07T14:58:02.876+0000] {logging_mixin.py:188} INFO - [2024-04-07T14:58:02.875+0000] {dagbag.py:540} INFO - Filling up the DagBag from /home/airflow/.local/lib/python3.8/site-packages/airflow/example_dags/example_branch_python_dop_operator_3.py
[2024-04-07T14:58:02.895+0000] {processor.py:840} INFO - DAG(s) 'example_branch_dop_operator_v3' retrieved from /home/airflow/.local/lib/python3.8/site-packages/airflow/example_dags/example_branch_python_dop_operator_3.py
[2024-04-07T14:58:02.942+0000] {logging_mixin.py:188} INFO - [2024-04-07T14:58:02.941+0000] {dag.py:3047} INFO - Sync 1 DAGs
[2024-04-07T14:58:03.007+0000] {logging_mixin.py:188} INFO - [2024-04-07T14:58:03.006+0000] {dag.py:3834} INFO - Setting next_dagrun for example_branch_dop_operator_v3 to 2024-04-07 14:57:00+00:00, run_after=2024-04-07 14:58:00+00:00
[2024-04-07T14:58:03.039+0000] {processor.py:183} INFO - Processing /home/airflow/.local/lib/python3.8/site-packages/airflow/example_dags/example_branch_python_dop_operator_3.py took 0.173 seconds
[2024-04-07T14:58:34.043+0000] {processor.py:161} INFO - Started process (PID=2160) to work on /home/airflow/.local/lib/python3.8/site-packages/airflow/example_dags/example_branch_python_dop_operator_3.py
[2024-04-07T14:58:34.047+0000] {processor.py:830} INFO - Processing file /home/airflow/.local/lib/python3.8/site-packages/airflow/example_dags/example_branch_python_dop_operator_3.py for tasks to queue
[2024-04-07T14:58:34.054+0000] {logging_mixin.py:188} INFO - [2024-04-07T14:58:34.054+0000] {dagbag.py:540} INFO - Filling up the DagBag from /home/airflow/.local/lib/python3.8/site-packages/airflow/example_dags/example_branch_python_dop_operator_3.py
[2024-04-07T14:58:34.080+0000] {processor.py:840} INFO - DAG(s) 'example_branch_dop_operator_v3' retrieved from /home/airflow/.local/lib/python3.8/site-packages/airflow/example_dags/example_branch_python_dop_operator_3.py
[2024-04-07T14:58:34.134+0000] {logging_mixin.py:188} INFO - [2024-04-07T14:58:34.133+0000] {dag.py:3047} INFO - Sync 1 DAGs
[2024-04-07T14:58:34.192+0000] {logging_mixin.py:188} INFO - [2024-04-07T14:58:34.192+0000] {dag.py:3834} INFO - Setting next_dagrun for example_branch_dop_operator_v3 to 2024-04-07 14:57:00+00:00, run_after=2024-04-07 14:58:00+00:00
[2024-04-07T14:58:34.226+0000] {processor.py:183} INFO - Processing /home/airflow/.local/lib/python3.8/site-packages/airflow/example_dags/example_branch_python_dop_operator_3.py took 0.192 seconds
[2024-04-07T14:59:05.062+0000] {processor.py:161} INFO - Started process (PID=2217) to work on /home/airflow/.local/lib/python3.8/site-packages/airflow/example_dags/example_branch_python_dop_operator_3.py
[2024-04-07T14:59:05.064+0000] {processor.py:830} INFO - Processing file /home/airflow/.local/lib/python3.8/site-packages/airflow/example_dags/example_branch_python_dop_operator_3.py for tasks to queue
[2024-04-07T14:59:05.067+0000] {logging_mixin.py:188} INFO - [2024-04-07T14:59:05.067+0000] {dagbag.py:540} INFO - Filling up the DagBag from /home/airflow/.local/lib/python3.8/site-packages/airflow/example_dags/example_branch_python_dop_operator_3.py
[2024-04-07T14:59:05.088+0000] {processor.py:840} INFO - DAG(s) 'example_branch_dop_operator_v3' retrieved from /home/airflow/.local/lib/python3.8/site-packages/airflow/example_dags/example_branch_python_dop_operator_3.py
[2024-04-07T14:59:05.125+0000] {logging_mixin.py:188} INFO - [2024-04-07T14:59:05.124+0000] {dag.py:3047} INFO - Sync 1 DAGs
[2024-04-07T14:59:05.185+0000] {logging_mixin.py:188} INFO - [2024-04-07T14:59:05.182+0000] {dag.py:3834} INFO - Setting next_dagrun for example_branch_dop_operator_v3 to 2024-04-07 14:58:00+00:00, run_after=2024-04-07 14:59:00+00:00
[2024-04-07T14:59:05.236+0000] {processor.py:183} INFO - Processing /home/airflow/.local/lib/python3.8/site-packages/airflow/example_dags/example_branch_python_dop_operator_3.py took 0.179 seconds
[2024-04-07T14:59:35.412+0000] {processor.py:161} INFO - Started process (PID=2274) to work on /home/airflow/.local/lib/python3.8/site-packages/airflow/example_dags/example_branch_python_dop_operator_3.py
[2024-04-07T14:59:35.432+0000] {processor.py:830} INFO - Processing file /home/airflow/.local/lib/python3.8/site-packages/airflow/example_dags/example_branch_python_dop_operator_3.py for tasks to queue
[2024-04-07T14:59:35.436+0000] {logging_mixin.py:188} INFO - [2024-04-07T14:59:35.436+0000] {dagbag.py:540} INFO - Filling up the DagBag from /home/airflow/.local/lib/python3.8/site-packages/airflow/example_dags/example_branch_python_dop_operator_3.py
[2024-04-07T14:59:35.477+0000] {processor.py:840} INFO - DAG(s) 'example_branch_dop_operator_v3' retrieved from /home/airflow/.local/lib/python3.8/site-packages/airflow/example_dags/example_branch_python_dop_operator_3.py
[2024-04-07T14:59:35.559+0000] {logging_mixin.py:188} INFO - [2024-04-07T14:59:35.558+0000] {dag.py:3047} INFO - Sync 1 DAGs
[2024-04-07T14:59:35.741+0000] {logging_mixin.py:188} INFO - [2024-04-07T14:59:35.741+0000] {dag.py:3834} INFO - Setting next_dagrun for example_branch_dop_operator_v3 to 2024-04-07 14:58:00+00:00, run_after=2024-04-07 14:59:00+00:00
[2024-04-07T14:59:35.799+0000] {processor.py:183} INFO - Processing /home/airflow/.local/lib/python3.8/site-packages/airflow/example_dags/example_branch_python_dop_operator_3.py took 0.395 seconds
[2024-04-07T15:00:06.427+0000] {processor.py:161} INFO - Started process (PID=2331) to work on /home/airflow/.local/lib/python3.8/site-packages/airflow/example_dags/example_branch_python_dop_operator_3.py
[2024-04-07T15:00:06.429+0000] {processor.py:830} INFO - Processing file /home/airflow/.local/lib/python3.8/site-packages/airflow/example_dags/example_branch_python_dop_operator_3.py for tasks to queue
[2024-04-07T15:00:06.432+0000] {logging_mixin.py:188} INFO - [2024-04-07T15:00:06.432+0000] {dagbag.py:540} INFO - Filling up the DagBag from /home/airflow/.local/lib/python3.8/site-packages/airflow/example_dags/example_branch_python_dop_operator_3.py
[2024-04-07T15:00:06.446+0000] {processor.py:840} INFO - DAG(s) 'example_branch_dop_operator_v3' retrieved from /home/airflow/.local/lib/python3.8/site-packages/airflow/example_dags/example_branch_python_dop_operator_3.py
[2024-04-07T15:00:06.500+0000] {logging_mixin.py:188} INFO - [2024-04-07T15:00:06.500+0000] {dag.py:3047} INFO - Sync 1 DAGs
[2024-04-07T15:00:06.588+0000] {logging_mixin.py:188} INFO - [2024-04-07T15:00:06.586+0000] {dag.py:3834} INFO - Setting next_dagrun for example_branch_dop_operator_v3 to 2024-04-07 14:59:00+00:00, run_after=2024-04-07 15:00:00+00:00
[2024-04-07T15:00:06.657+0000] {processor.py:183} INFO - Processing /home/airflow/.local/lib/python3.8/site-packages/airflow/example_dags/example_branch_python_dop_operator_3.py took 0.234 seconds
[2024-04-07T15:00:38.036+0000] {processor.py:161} INFO - Started process (PID=2386) to work on /home/airflow/.local/lib/python3.8/site-packages/airflow/example_dags/example_branch_python_dop_operator_3.py
[2024-04-07T15:00:38.045+0000] {processor.py:830} INFO - Processing file /home/airflow/.local/lib/python3.8/site-packages/airflow/example_dags/example_branch_python_dop_operator_3.py for tasks to queue
[2024-04-07T15:00:38.071+0000] {logging_mixin.py:188} INFO - [2024-04-07T15:00:38.071+0000] {dagbag.py:540} INFO - Filling up the DagBag from /home/airflow/.local/lib/python3.8/site-packages/airflow/example_dags/example_branch_python_dop_operator_3.py
[2024-04-07T15:00:38.125+0000] {processor.py:840} INFO - DAG(s) 'example_branch_dop_operator_v3' retrieved from /home/airflow/.local/lib/python3.8/site-packages/airflow/example_dags/example_branch_python_dop_operator_3.py
[2024-04-07T15:00:38.218+0000] {logging_mixin.py:188} INFO - [2024-04-07T15:00:38.217+0000] {dag.py:3047} INFO - Sync 1 DAGs
[2024-04-07T15:00:38.397+0000] {logging_mixin.py:188} INFO - [2024-04-07T15:00:38.397+0000] {dag.py:3834} INFO - Setting next_dagrun for example_branch_dop_operator_v3 to 2024-04-07 14:59:00+00:00, run_after=2024-04-07 15:00:00+00:00
[2024-04-07T15:00:38.516+0000] {processor.py:183} INFO - Processing /home/airflow/.local/lib/python3.8/site-packages/airflow/example_dags/example_branch_python_dop_operator_3.py took 0.485 seconds
[2024-04-07T15:01:09.581+0000] {processor.py:161} INFO - Started process (PID=2443) to work on /home/airflow/.local/lib/python3.8/site-packages/airflow/example_dags/example_branch_python_dop_operator_3.py
[2024-04-07T15:01:09.583+0000] {processor.py:830} INFO - Processing file /home/airflow/.local/lib/python3.8/site-packages/airflow/example_dags/example_branch_python_dop_operator_3.py for tasks to queue
[2024-04-07T15:01:09.587+0000] {logging_mixin.py:188} INFO - [2024-04-07T15:01:09.586+0000] {dagbag.py:540} INFO - Filling up the DagBag from /home/airflow/.local/lib/python3.8/site-packages/airflow/example_dags/example_branch_python_dop_operator_3.py
[2024-04-07T15:01:09.610+0000] {processor.py:840} INFO - DAG(s) 'example_branch_dop_operator_v3' retrieved from /home/airflow/.local/lib/python3.8/site-packages/airflow/example_dags/example_branch_python_dop_operator_3.py
[2024-04-07T15:01:09.668+0000] {logging_mixin.py:188} INFO - [2024-04-07T15:01:09.668+0000] {dag.py:3047} INFO - Sync 1 DAGs
[2024-04-07T15:01:09.723+0000] {logging_mixin.py:188} INFO - [2024-04-07T15:01:09.723+0000] {dag.py:3834} INFO - Setting next_dagrun for example_branch_dop_operator_v3 to 2024-04-07 15:00:00+00:00, run_after=2024-04-07 15:01:00+00:00
[2024-04-07T15:01:09.780+0000] {processor.py:183} INFO - Processing /home/airflow/.local/lib/python3.8/site-packages/airflow/example_dags/example_branch_python_dop_operator_3.py took 0.208 seconds
[2024-04-07T15:01:40.176+0000] {processor.py:161} INFO - Started process (PID=2500) to work on /home/airflow/.local/lib/python3.8/site-packages/airflow/example_dags/example_branch_python_dop_operator_3.py
[2024-04-07T15:01:40.179+0000] {processor.py:830} INFO - Processing file /home/airflow/.local/lib/python3.8/site-packages/airflow/example_dags/example_branch_python_dop_operator_3.py for tasks to queue
[2024-04-07T15:01:40.185+0000] {logging_mixin.py:188} INFO - [2024-04-07T15:01:40.183+0000] {dagbag.py:540} INFO - Filling up the DagBag from /home/airflow/.local/lib/python3.8/site-packages/airflow/example_dags/example_branch_python_dop_operator_3.py
[2024-04-07T15:01:40.206+0000] {processor.py:840} INFO - DAG(s) 'example_branch_dop_operator_v3' retrieved from /home/airflow/.local/lib/python3.8/site-packages/airflow/example_dags/example_branch_python_dop_operator_3.py
[2024-04-07T15:01:40.243+0000] {logging_mixin.py:188} INFO - [2024-04-07T15:01:40.243+0000] {dag.py:3047} INFO - Sync 1 DAGs
[2024-04-07T15:01:40.292+0000] {logging_mixin.py:188} INFO - [2024-04-07T15:01:40.292+0000] {dag.py:3834} INFO - Setting next_dagrun for example_branch_dop_operator_v3 to 2024-04-07 15:00:00+00:00, run_after=2024-04-07 15:01:00+00:00
[2024-04-07T15:01:40.326+0000] {processor.py:183} INFO - Processing /home/airflow/.local/lib/python3.8/site-packages/airflow/example_dags/example_branch_python_dop_operator_3.py took 0.156 seconds
[2024-04-07T15:02:10.576+0000] {processor.py:161} INFO - Started process (PID=2557) to work on /home/airflow/.local/lib/python3.8/site-packages/airflow/example_dags/example_branch_python_dop_operator_3.py
[2024-04-07T15:02:10.579+0000] {processor.py:830} INFO - Processing file /home/airflow/.local/lib/python3.8/site-packages/airflow/example_dags/example_branch_python_dop_operator_3.py for tasks to queue
[2024-04-07T15:02:10.586+0000] {logging_mixin.py:188} INFO - [2024-04-07T15:02:10.586+0000] {dagbag.py:540} INFO - Filling up the DagBag from /home/airflow/.local/lib/python3.8/site-packages/airflow/example_dags/example_branch_python_dop_operator_3.py
[2024-04-07T15:02:10.619+0000] {processor.py:840} INFO - DAG(s) 'example_branch_dop_operator_v3' retrieved from /home/airflow/.local/lib/python3.8/site-packages/airflow/example_dags/example_branch_python_dop_operator_3.py
[2024-04-07T15:02:10.674+0000] {logging_mixin.py:188} INFO - [2024-04-07T15:02:10.674+0000] {dag.py:3047} INFO - Sync 1 DAGs
[2024-04-07T15:02:10.740+0000] {logging_mixin.py:188} INFO - [2024-04-07T15:02:10.739+0000] {dag.py:3834} INFO - Setting next_dagrun for example_branch_dop_operator_v3 to 2024-04-07 15:01:00+00:00, run_after=2024-04-07 15:02:00+00:00
[2024-04-07T15:02:10.836+0000] {processor.py:183} INFO - Processing /home/airflow/.local/lib/python3.8/site-packages/airflow/example_dags/example_branch_python_dop_operator_3.py took 0.272 seconds
[2024-04-07T15:02:41.159+0000] {processor.py:161} INFO - Started process (PID=2615) to work on /home/airflow/.local/lib/python3.8/site-packages/airflow/example_dags/example_branch_python_dop_operator_3.py
[2024-04-07T15:02:41.168+0000] {processor.py:830} INFO - Processing file /home/airflow/.local/lib/python3.8/site-packages/airflow/example_dags/example_branch_python_dop_operator_3.py for tasks to queue
[2024-04-07T15:02:41.174+0000] {logging_mixin.py:188} INFO - [2024-04-07T15:02:41.173+0000] {dagbag.py:540} INFO - Filling up the DagBag from /home/airflow/.local/lib/python3.8/site-packages/airflow/example_dags/example_branch_python_dop_operator_3.py
[2024-04-07T15:02:41.211+0000] {processor.py:840} INFO - DAG(s) 'example_branch_dop_operator_v3' retrieved from /home/airflow/.local/lib/python3.8/site-packages/airflow/example_dags/example_branch_python_dop_operator_3.py
[2024-04-07T15:02:41.272+0000] {logging_mixin.py:188} INFO - [2024-04-07T15:02:41.272+0000] {dag.py:3047} INFO - Sync 1 DAGs
[2024-04-07T15:02:41.365+0000] {logging_mixin.py:188} INFO - [2024-04-07T15:02:41.364+0000] {dag.py:3834} INFO - Setting next_dagrun for example_branch_dop_operator_v3 to 2024-04-07 15:01:00+00:00, run_after=2024-04-07 15:02:00+00:00
[2024-04-07T15:02:41.421+0000] {processor.py:183} INFO - Processing /home/airflow/.local/lib/python3.8/site-packages/airflow/example_dags/example_branch_python_dop_operator_3.py took 0.279 seconds
[2024-04-07T15:03:11.488+0000] {processor.py:161} INFO - Started process (PID=2672) to work on /home/airflow/.local/lib/python3.8/site-packages/airflow/example_dags/example_branch_python_dop_operator_3.py
[2024-04-07T15:03:11.490+0000] {processor.py:830} INFO - Processing file /home/airflow/.local/lib/python3.8/site-packages/airflow/example_dags/example_branch_python_dop_operator_3.py for tasks to queue
[2024-04-07T15:03:11.493+0000] {logging_mixin.py:188} INFO - [2024-04-07T15:03:11.493+0000] {dagbag.py:540} INFO - Filling up the DagBag from /home/airflow/.local/lib/python3.8/site-packages/airflow/example_dags/example_branch_python_dop_operator_3.py
[2024-04-07T15:03:11.506+0000] {processor.py:840} INFO - DAG(s) 'example_branch_dop_operator_v3' retrieved from /home/airflow/.local/lib/python3.8/site-packages/airflow/example_dags/example_branch_python_dop_operator_3.py
[2024-04-07T15:03:11.535+0000] {logging_mixin.py:188} INFO - [2024-04-07T15:03:11.535+0000] {dag.py:3047} INFO - Sync 1 DAGs
[2024-04-07T15:03:11.576+0000] {logging_mixin.py:188} INFO - [2024-04-07T15:03:11.576+0000] {dag.py:3834} INFO - Setting next_dagrun for example_branch_dop_operator_v3 to 2024-04-07 15:02:00+00:00, run_after=2024-04-07 15:03:00+00:00
[2024-04-07T15:03:11.611+0000] {processor.py:183} INFO - Processing /home/airflow/.local/lib/python3.8/site-packages/airflow/example_dags/example_branch_python_dop_operator_3.py took 0.128 seconds
[2024-04-07T15:03:41.662+0000] {processor.py:161} INFO - Started process (PID=2728) to work on /home/airflow/.local/lib/python3.8/site-packages/airflow/example_dags/example_branch_python_dop_operator_3.py
[2024-04-07T15:03:41.664+0000] {processor.py:830} INFO - Processing file /home/airflow/.local/lib/python3.8/site-packages/airflow/example_dags/example_branch_python_dop_operator_3.py for tasks to queue
[2024-04-07T15:03:41.668+0000] {logging_mixin.py:188} INFO - [2024-04-07T15:03:41.667+0000] {dagbag.py:540} INFO - Filling up the DagBag from /home/airflow/.local/lib/python3.8/site-packages/airflow/example_dags/example_branch_python_dop_operator_3.py
[2024-04-07T15:03:41.681+0000] {processor.py:840} INFO - DAG(s) 'example_branch_dop_operator_v3' retrieved from /home/airflow/.local/lib/python3.8/site-packages/airflow/example_dags/example_branch_python_dop_operator_3.py
[2024-04-07T15:03:41.711+0000] {logging_mixin.py:188} INFO - [2024-04-07T15:03:41.711+0000] {dag.py:3047} INFO - Sync 1 DAGs
[2024-04-07T15:03:41.757+0000] {logging_mixin.py:188} INFO - [2024-04-07T15:03:41.757+0000] {dag.py:3834} INFO - Setting next_dagrun for example_branch_dop_operator_v3 to 2024-04-07 15:02:00+00:00, run_after=2024-04-07 15:03:00+00:00
[2024-04-07T15:03:41.826+0000] {processor.py:183} INFO - Processing /home/airflow/.local/lib/python3.8/site-packages/airflow/example_dags/example_branch_python_dop_operator_3.py took 0.169 seconds
[2024-04-07T15:04:12.765+0000] {processor.py:161} INFO - Started process (PID=2785) to work on /home/airflow/.local/lib/python3.8/site-packages/airflow/example_dags/example_branch_python_dop_operator_3.py
[2024-04-07T15:04:12.767+0000] {processor.py:830} INFO - Processing file /home/airflow/.local/lib/python3.8/site-packages/airflow/example_dags/example_branch_python_dop_operator_3.py for tasks to queue
[2024-04-07T15:04:12.770+0000] {logging_mixin.py:188} INFO - [2024-04-07T15:04:12.770+0000] {dagbag.py:540} INFO - Filling up the DagBag from /home/airflow/.local/lib/python3.8/site-packages/airflow/example_dags/example_branch_python_dop_operator_3.py
[2024-04-07T15:04:12.784+0000] {processor.py:840} INFO - DAG(s) 'example_branch_dop_operator_v3' retrieved from /home/airflow/.local/lib/python3.8/site-packages/airflow/example_dags/example_branch_python_dop_operator_3.py
[2024-04-07T15:04:12.819+0000] {logging_mixin.py:188} INFO - [2024-04-07T15:04:12.819+0000] {dag.py:3047} INFO - Sync 1 DAGs
[2024-04-07T15:04:12.866+0000] {logging_mixin.py:188} INFO - [2024-04-07T15:04:12.865+0000] {dag.py:3834} INFO - Setting next_dagrun for example_branch_dop_operator_v3 to 2024-04-07 15:03:00+00:00, run_after=2024-04-07 15:04:00+00:00
[2024-04-07T15:04:12.896+0000] {processor.py:183} INFO - Processing /home/airflow/.local/lib/python3.8/site-packages/airflow/example_dags/example_branch_python_dop_operator_3.py took 0.137 seconds
[2024-04-07T15:04:42.968+0000] {processor.py:161} INFO - Started process (PID=2843) to work on /home/airflow/.local/lib/python3.8/site-packages/airflow/example_dags/example_branch_python_dop_operator_3.py
[2024-04-07T15:04:42.970+0000] {processor.py:830} INFO - Processing file /home/airflow/.local/lib/python3.8/site-packages/airflow/example_dags/example_branch_python_dop_operator_3.py for tasks to queue
[2024-04-07T15:04:42.973+0000] {logging_mixin.py:188} INFO - [2024-04-07T15:04:42.973+0000] {dagbag.py:540} INFO - Filling up the DagBag from /home/airflow/.local/lib/python3.8/site-packages/airflow/example_dags/example_branch_python_dop_operator_3.py
[2024-04-07T15:04:42.991+0000] {processor.py:840} INFO - DAG(s) 'example_branch_dop_operator_v3' retrieved from /home/airflow/.local/lib/python3.8/site-packages/airflow/example_dags/example_branch_python_dop_operator_3.py
[2024-04-07T15:04:43.027+0000] {logging_mixin.py:188} INFO - [2024-04-07T15:04:43.026+0000] {dag.py:3047} INFO - Sync 1 DAGs
[2024-04-07T15:04:43.076+0000] {logging_mixin.py:188} INFO - [2024-04-07T15:04:43.075+0000] {dag.py:3834} INFO - Setting next_dagrun for example_branch_dop_operator_v3 to 2024-04-07 15:03:00+00:00, run_after=2024-04-07 15:04:00+00:00
[2024-04-07T15:04:43.112+0000] {processor.py:183} INFO - Processing /home/airflow/.local/lib/python3.8/site-packages/airflow/example_dags/example_branch_python_dop_operator_3.py took 0.149 seconds
[2024-04-07T15:05:13.184+0000] {processor.py:161} INFO - Started process (PID=2899) to work on /home/airflow/.local/lib/python3.8/site-packages/airflow/example_dags/example_branch_python_dop_operator_3.py
[2024-04-07T15:05:13.187+0000] {processor.py:830} INFO - Processing file /home/airflow/.local/lib/python3.8/site-packages/airflow/example_dags/example_branch_python_dop_operator_3.py for tasks to queue
[2024-04-07T15:05:13.190+0000] {logging_mixin.py:188} INFO - [2024-04-07T15:05:13.190+0000] {dagbag.py:540} INFO - Filling up the DagBag from /home/airflow/.local/lib/python3.8/site-packages/airflow/example_dags/example_branch_python_dop_operator_3.py
[2024-04-07T15:05:13.203+0000] {processor.py:840} INFO - DAG(s) 'example_branch_dop_operator_v3' retrieved from /home/airflow/.local/lib/python3.8/site-packages/airflow/example_dags/example_branch_python_dop_operator_3.py
[2024-04-07T15:05:13.237+0000] {logging_mixin.py:188} INFO - [2024-04-07T15:05:13.236+0000] {dag.py:3047} INFO - Sync 1 DAGs
[2024-04-07T15:05:13.289+0000] {logging_mixin.py:188} INFO - [2024-04-07T15:05:13.289+0000] {dag.py:3834} INFO - Setting next_dagrun for example_branch_dop_operator_v3 to 2024-04-07 15:04:00+00:00, run_after=2024-04-07 15:05:00+00:00
[2024-04-07T15:05:13.323+0000] {processor.py:183} INFO - Processing /home/airflow/.local/lib/python3.8/site-packages/airflow/example_dags/example_branch_python_dop_operator_3.py took 0.147 seconds
[2024-04-07T15:05:44.050+0000] {processor.py:161} INFO - Started process (PID=2956) to work on /home/airflow/.local/lib/python3.8/site-packages/airflow/example_dags/example_branch_python_dop_operator_3.py
[2024-04-07T15:05:44.052+0000] {processor.py:830} INFO - Processing file /home/airflow/.local/lib/python3.8/site-packages/airflow/example_dags/example_branch_python_dop_operator_3.py for tasks to queue
[2024-04-07T15:05:44.057+0000] {logging_mixin.py:188} INFO - [2024-04-07T15:05:44.056+0000] {dagbag.py:540} INFO - Filling up the DagBag from /home/airflow/.local/lib/python3.8/site-packages/airflow/example_dags/example_branch_python_dop_operator_3.py
[2024-04-07T15:05:44.077+0000] {processor.py:840} INFO - DAG(s) 'example_branch_dop_operator_v3' retrieved from /home/airflow/.local/lib/python3.8/site-packages/airflow/example_dags/example_branch_python_dop_operator_3.py
[2024-04-07T15:05:44.116+0000] {logging_mixin.py:188} INFO - [2024-04-07T15:05:44.115+0000] {dag.py:3047} INFO - Sync 1 DAGs
[2024-04-07T15:05:44.179+0000] {logging_mixin.py:188} INFO - [2024-04-07T15:05:44.179+0000] {dag.py:3834} INFO - Setting next_dagrun for example_branch_dop_operator_v3 to 2024-04-07 15:04:00+00:00, run_after=2024-04-07 15:05:00+00:00
[2024-04-07T15:05:44.214+0000] {processor.py:183} INFO - Processing /home/airflow/.local/lib/python3.8/site-packages/airflow/example_dags/example_branch_python_dop_operator_3.py took 0.171 seconds
[2024-04-07T15:06:14.462+0000] {processor.py:161} INFO - Started process (PID=3013) to work on /home/airflow/.local/lib/python3.8/site-packages/airflow/example_dags/example_branch_python_dop_operator_3.py
[2024-04-07T15:06:14.464+0000] {processor.py:830} INFO - Processing file /home/airflow/.local/lib/python3.8/site-packages/airflow/example_dags/example_branch_python_dop_operator_3.py for tasks to queue
[2024-04-07T15:06:14.467+0000] {logging_mixin.py:188} INFO - [2024-04-07T15:06:14.467+0000] {dagbag.py:540} INFO - Filling up the DagBag from /home/airflow/.local/lib/python3.8/site-packages/airflow/example_dags/example_branch_python_dop_operator_3.py
[2024-04-07T15:06:14.480+0000] {processor.py:840} INFO - DAG(s) 'example_branch_dop_operator_v3' retrieved from /home/airflow/.local/lib/python3.8/site-packages/airflow/example_dags/example_branch_python_dop_operator_3.py
[2024-04-07T15:06:14.511+0000] {logging_mixin.py:188} INFO - [2024-04-07T15:06:14.510+0000] {dag.py:3047} INFO - Sync 1 DAGs
[2024-04-07T15:06:14.558+0000] {logging_mixin.py:188} INFO - [2024-04-07T15:06:14.558+0000] {dag.py:3834} INFO - Setting next_dagrun for example_branch_dop_operator_v3 to 2024-04-07 15:05:00+00:00, run_after=2024-04-07 15:06:00+00:00
[2024-04-07T15:06:14.597+0000] {processor.py:183} INFO - Processing /home/airflow/.local/lib/python3.8/site-packages/airflow/example_dags/example_branch_python_dop_operator_3.py took 0.146 seconds
[2024-04-07T15:06:44.691+0000] {processor.py:161} INFO - Started process (PID=3070) to work on /home/airflow/.local/lib/python3.8/site-packages/airflow/example_dags/example_branch_python_dop_operator_3.py
[2024-04-07T15:06:44.694+0000] {processor.py:830} INFO - Processing file /home/airflow/.local/lib/python3.8/site-packages/airflow/example_dags/example_branch_python_dop_operator_3.py for tasks to queue
[2024-04-07T15:06:44.699+0000] {logging_mixin.py:188} INFO - [2024-04-07T15:06:44.698+0000] {dagbag.py:540} INFO - Filling up the DagBag from /home/airflow/.local/lib/python3.8/site-packages/airflow/example_dags/example_branch_python_dop_operator_3.py
[2024-04-07T15:06:44.718+0000] {processor.py:840} INFO - DAG(s) 'example_branch_dop_operator_v3' retrieved from /home/airflow/.local/lib/python3.8/site-packages/airflow/example_dags/example_branch_python_dop_operator_3.py
[2024-04-07T15:06:44.756+0000] {logging_mixin.py:188} INFO - [2024-04-07T15:06:44.755+0000] {dag.py:3047} INFO - Sync 1 DAGs
[2024-04-07T15:06:44.832+0000] {logging_mixin.py:188} INFO - [2024-04-07T15:06:44.832+0000] {dag.py:3834} INFO - Setting next_dagrun for example_branch_dop_operator_v3 to 2024-04-07 15:05:00+00:00, run_after=2024-04-07 15:06:00+00:00
[2024-04-07T15:06:44.873+0000] {processor.py:183} INFO - Processing /home/airflow/.local/lib/python3.8/site-packages/airflow/example_dags/example_branch_python_dop_operator_3.py took 0.188 seconds
[2024-04-07T15:07:14.992+0000] {processor.py:161} INFO - Started process (PID=3127) to work on /home/airflow/.local/lib/python3.8/site-packages/airflow/example_dags/example_branch_python_dop_operator_3.py
[2024-04-07T15:07:14.995+0000] {processor.py:830} INFO - Processing file /home/airflow/.local/lib/python3.8/site-packages/airflow/example_dags/example_branch_python_dop_operator_3.py for tasks to queue
[2024-04-07T15:07:14.997+0000] {logging_mixin.py:188} INFO - [2024-04-07T15:07:14.997+0000] {dagbag.py:540} INFO - Filling up the DagBag from /home/airflow/.local/lib/python3.8/site-packages/airflow/example_dags/example_branch_python_dop_operator_3.py
[2024-04-07T15:07:15.013+0000] {processor.py:840} INFO - DAG(s) 'example_branch_dop_operator_v3' retrieved from /home/airflow/.local/lib/python3.8/site-packages/airflow/example_dags/example_branch_python_dop_operator_3.py
[2024-04-07T15:07:15.044+0000] {logging_mixin.py:188} INFO - [2024-04-07T15:07:15.044+0000] {dag.py:3047} INFO - Sync 1 DAGs
[2024-04-07T15:07:15.100+0000] {logging_mixin.py:188} INFO - [2024-04-07T15:07:15.099+0000] {dag.py:3834} INFO - Setting next_dagrun for example_branch_dop_operator_v3 to 2024-04-07 15:06:00+00:00, run_after=2024-04-07 15:07:00+00:00
[2024-04-07T15:07:15.132+0000] {processor.py:183} INFO - Processing /home/airflow/.local/lib/python3.8/site-packages/airflow/example_dags/example_branch_python_dop_operator_3.py took 0.145 seconds
[2024-04-07T15:07:45.200+0000] {processor.py:161} INFO - Started process (PID=3184) to work on /home/airflow/.local/lib/python3.8/site-packages/airflow/example_dags/example_branch_python_dop_operator_3.py
[2024-04-07T15:07:45.202+0000] {processor.py:830} INFO - Processing file /home/airflow/.local/lib/python3.8/site-packages/airflow/example_dags/example_branch_python_dop_operator_3.py for tasks to queue
[2024-04-07T15:07:45.205+0000] {logging_mixin.py:188} INFO - [2024-04-07T15:07:45.204+0000] {dagbag.py:540} INFO - Filling up the DagBag from /home/airflow/.local/lib/python3.8/site-packages/airflow/example_dags/example_branch_python_dop_operator_3.py
[2024-04-07T15:07:45.218+0000] {processor.py:840} INFO - DAG(s) 'example_branch_dop_operator_v3' retrieved from /home/airflow/.local/lib/python3.8/site-packages/airflow/example_dags/example_branch_python_dop_operator_3.py
[2024-04-07T15:07:45.262+0000] {logging_mixin.py:188} INFO - [2024-04-07T15:07:45.262+0000] {dag.py:3047} INFO - Sync 1 DAGs
[2024-04-07T15:07:45.306+0000] {logging_mixin.py:188} INFO - [2024-04-07T15:07:45.306+0000] {dag.py:3834} INFO - Setting next_dagrun for example_branch_dop_operator_v3 to 2024-04-07 15:06:00+00:00, run_after=2024-04-07 15:07:00+00:00
[2024-04-07T15:07:45.342+0000] {processor.py:183} INFO - Processing /home/airflow/.local/lib/python3.8/site-packages/airflow/example_dags/example_branch_python_dop_operator_3.py took 0.146 seconds
[2024-04-07T15:08:15.885+0000] {processor.py:161} INFO - Started process (PID=3241) to work on /home/airflow/.local/lib/python3.8/site-packages/airflow/example_dags/example_branch_python_dop_operator_3.py
[2024-04-07T15:08:15.887+0000] {processor.py:830} INFO - Processing file /home/airflow/.local/lib/python3.8/site-packages/airflow/example_dags/example_branch_python_dop_operator_3.py for tasks to queue
[2024-04-07T15:08:15.891+0000] {logging_mixin.py:188} INFO - [2024-04-07T15:08:15.891+0000] {dagbag.py:540} INFO - Filling up the DagBag from /home/airflow/.local/lib/python3.8/site-packages/airflow/example_dags/example_branch_python_dop_operator_3.py
[2024-04-07T15:08:15.910+0000] {processor.py:840} INFO - DAG(s) 'example_branch_dop_operator_v3' retrieved from /home/airflow/.local/lib/python3.8/site-packages/airflow/example_dags/example_branch_python_dop_operator_3.py
[2024-04-07T15:08:15.955+0000] {logging_mixin.py:188} INFO - [2024-04-07T15:08:15.954+0000] {dag.py:3047} INFO - Sync 1 DAGs
[2024-04-07T15:08:16.006+0000] {logging_mixin.py:188} INFO - [2024-04-07T15:08:16.005+0000] {dag.py:3834} INFO - Setting next_dagrun for example_branch_dop_operator_v3 to 2024-04-07 15:07:00+00:00, run_after=2024-04-07 15:08:00+00:00
[2024-04-07T15:08:16.038+0000] {processor.py:183} INFO - Processing /home/airflow/.local/lib/python3.8/site-packages/airflow/example_dags/example_branch_python_dop_operator_3.py took 0.158 seconds
[2024-04-07T15:08:46.375+0000] {processor.py:161} INFO - Started process (PID=3298) to work on /home/airflow/.local/lib/python3.8/site-packages/airflow/example_dags/example_branch_python_dop_operator_3.py
[2024-04-07T15:08:46.382+0000] {processor.py:830} INFO - Processing file /home/airflow/.local/lib/python3.8/site-packages/airflow/example_dags/example_branch_python_dop_operator_3.py for tasks to queue
[2024-04-07T15:08:46.387+0000] {logging_mixin.py:188} INFO - [2024-04-07T15:08:46.386+0000] {dagbag.py:540} INFO - Filling up the DagBag from /home/airflow/.local/lib/python3.8/site-packages/airflow/example_dags/example_branch_python_dop_operator_3.py
[2024-04-07T15:08:46.414+0000] {processor.py:840} INFO - DAG(s) 'example_branch_dop_operator_v3' retrieved from /home/airflow/.local/lib/python3.8/site-packages/airflow/example_dags/example_branch_python_dop_operator_3.py
[2024-04-07T15:08:46.469+0000] {logging_mixin.py:188} INFO - [2024-04-07T15:08:46.469+0000] {dag.py:3047} INFO - Sync 1 DAGs
[2024-04-07T15:08:46.549+0000] {logging_mixin.py:188} INFO - [2024-04-07T15:08:46.549+0000] {dag.py:3834} INFO - Setting next_dagrun for example_branch_dop_operator_v3 to 2024-04-07 15:07:00+00:00, run_after=2024-04-07 15:08:00+00:00
[2024-04-07T15:08:46.610+0000] {processor.py:183} INFO - Processing /home/airflow/.local/lib/python3.8/site-packages/airflow/example_dags/example_branch_python_dop_operator_3.py took 0.240 seconds
[2024-04-07T15:09:32.700+0000] {processor.py:161} INFO - Started process (PID=3349) to work on /home/airflow/.local/lib/python3.8/site-packages/airflow/example_dags/example_branch_python_dop_operator_3.py
[2024-04-07T15:09:32.702+0000] {processor.py:830} INFO - Processing file /home/airflow/.local/lib/python3.8/site-packages/airflow/example_dags/example_branch_python_dop_operator_3.py for tasks to queue
[2024-04-07T15:09:32.705+0000] {logging_mixin.py:188} INFO - [2024-04-07T15:09:32.705+0000] {dagbag.py:540} INFO - Filling up the DagBag from /home/airflow/.local/lib/python3.8/site-packages/airflow/example_dags/example_branch_python_dop_operator_3.py
[2024-04-07T15:09:32.721+0000] {processor.py:840} INFO - DAG(s) 'example_branch_dop_operator_v3' retrieved from /home/airflow/.local/lib/python3.8/site-packages/airflow/example_dags/example_branch_python_dop_operator_3.py
[2024-04-07T15:09:32.754+0000] {logging_mixin.py:188} INFO - [2024-04-07T15:09:32.753+0000] {dag.py:3047} INFO - Sync 1 DAGs
[2024-04-07T15:09:32.798+0000] {logging_mixin.py:188} INFO - [2024-04-07T15:09:32.798+0000] {dag.py:3834} INFO - Setting next_dagrun for example_branch_dop_operator_v3 to 2024-04-07 15:08:00+00:00, run_after=2024-04-07 15:09:00+00:00
[2024-04-07T15:09:35.998+0000] {processor.py:183} INFO - Processing /home/airflow/.local/lib/python3.8/site-packages/airflow/example_dags/example_branch_python_dop_operator_3.py took 3.302 seconds
[2024-04-07T15:10:06.526+0000] {processor.py:161} INFO - Started process (PID=3414) to work on /home/airflow/.local/lib/python3.8/site-packages/airflow/example_dags/example_branch_python_dop_operator_3.py
[2024-04-07T15:10:06.528+0000] {processor.py:830} INFO - Processing file /home/airflow/.local/lib/python3.8/site-packages/airflow/example_dags/example_branch_python_dop_operator_3.py for tasks to queue
[2024-04-07T15:10:06.532+0000] {logging_mixin.py:188} INFO - [2024-04-07T15:10:06.532+0000] {dagbag.py:540} INFO - Filling up the DagBag from /home/airflow/.local/lib/python3.8/site-packages/airflow/example_dags/example_branch_python_dop_operator_3.py
[2024-04-07T15:10:06.551+0000] {processor.py:840} INFO - DAG(s) 'example_branch_dop_operator_v3' retrieved from /home/airflow/.local/lib/python3.8/site-packages/airflow/example_dags/example_branch_python_dop_operator_3.py
[2024-04-07T15:10:06.590+0000] {logging_mixin.py:188} INFO - [2024-04-07T15:10:06.589+0000] {dag.py:3047} INFO - Sync 1 DAGs
[2024-04-07T15:10:06.644+0000] {logging_mixin.py:188} INFO - [2024-04-07T15:10:06.644+0000] {dag.py:3834} INFO - Setting next_dagrun for example_branch_dop_operator_v3 to 2024-04-07 15:09:00+00:00, run_after=2024-04-07 15:10:00+00:00
[2024-04-07T15:10:06.695+0000] {processor.py:183} INFO - Processing /home/airflow/.local/lib/python3.8/site-packages/airflow/example_dags/example_branch_python_dop_operator_3.py took 0.175 seconds
[2024-04-07T15:10:36.771+0000] {processor.py:161} INFO - Started process (PID=3470) to work on /home/airflow/.local/lib/python3.8/site-packages/airflow/example_dags/example_branch_python_dop_operator_3.py
[2024-04-07T15:10:36.773+0000] {processor.py:830} INFO - Processing file /home/airflow/.local/lib/python3.8/site-packages/airflow/example_dags/example_branch_python_dop_operator_3.py for tasks to queue
[2024-04-07T15:10:36.777+0000] {logging_mixin.py:188} INFO - [2024-04-07T15:10:36.776+0000] {dagbag.py:540} INFO - Filling up the DagBag from /home/airflow/.local/lib/python3.8/site-packages/airflow/example_dags/example_branch_python_dop_operator_3.py
[2024-04-07T15:10:36.799+0000] {processor.py:840} INFO - DAG(s) 'example_branch_dop_operator_v3' retrieved from /home/airflow/.local/lib/python3.8/site-packages/airflow/example_dags/example_branch_python_dop_operator_3.py
[2024-04-07T15:10:36.845+0000] {logging_mixin.py:188} INFO - [2024-04-07T15:10:36.845+0000] {dag.py:3047} INFO - Sync 1 DAGs
[2024-04-07T15:10:36.914+0000] {logging_mixin.py:188} INFO - [2024-04-07T15:10:36.913+0000] {dag.py:3834} INFO - Setting next_dagrun for example_branch_dop_operator_v3 to 2024-04-07 15:09:00+00:00, run_after=2024-04-07 15:10:00+00:00
[2024-04-07T15:10:37.270+0000] {processor.py:183} INFO - Processing /home/airflow/.local/lib/python3.8/site-packages/airflow/example_dags/example_branch_python_dop_operator_3.py took 0.507 seconds
[2024-04-07T15:11:07.416+0000] {processor.py:161} INFO - Started process (PID=3528) to work on /home/airflow/.local/lib/python3.8/site-packages/airflow/example_dags/example_branch_python_dop_operator_3.py
[2024-04-07T15:11:07.418+0000] {processor.py:830} INFO - Processing file /home/airflow/.local/lib/python3.8/site-packages/airflow/example_dags/example_branch_python_dop_operator_3.py for tasks to queue
[2024-04-07T15:11:07.421+0000] {logging_mixin.py:188} INFO - [2024-04-07T15:11:07.420+0000] {dagbag.py:540} INFO - Filling up the DagBag from /home/airflow/.local/lib/python3.8/site-packages/airflow/example_dags/example_branch_python_dop_operator_3.py
[2024-04-07T15:11:07.440+0000] {processor.py:840} INFO - DAG(s) 'example_branch_dop_operator_v3' retrieved from /home/airflow/.local/lib/python3.8/site-packages/airflow/example_dags/example_branch_python_dop_operator_3.py
[2024-04-07T15:11:07.477+0000] {logging_mixin.py:188} INFO - [2024-04-07T15:11:07.477+0000] {dag.py:3047} INFO - Sync 1 DAGs
[2024-04-07T15:11:07.588+0000] {logging_mixin.py:188} INFO - [2024-04-07T15:11:07.588+0000] {dag.py:3834} INFO - Setting next_dagrun for example_branch_dop_operator_v3 to 2024-04-07 15:10:00+00:00, run_after=2024-04-07 15:11:00+00:00
[2024-04-07T15:11:07.635+0000] {processor.py:183} INFO - Processing /home/airflow/.local/lib/python3.8/site-packages/airflow/example_dags/example_branch_python_dop_operator_3.py took 0.225 seconds
[2024-04-07T15:11:38.444+0000] {processor.py:161} INFO - Started process (PID=3585) to work on /home/airflow/.local/lib/python3.8/site-packages/airflow/example_dags/example_branch_python_dop_operator_3.py
[2024-04-07T15:11:38.447+0000] {processor.py:830} INFO - Processing file /home/airflow/.local/lib/python3.8/site-packages/airflow/example_dags/example_branch_python_dop_operator_3.py for tasks to queue
[2024-04-07T15:11:38.451+0000] {logging_mixin.py:188} INFO - [2024-04-07T15:11:38.450+0000] {dagbag.py:540} INFO - Filling up the DagBag from /home/airflow/.local/lib/python3.8/site-packages/airflow/example_dags/example_branch_python_dop_operator_3.py
[2024-04-07T15:11:38.472+0000] {processor.py:840} INFO - DAG(s) 'example_branch_dop_operator_v3' retrieved from /home/airflow/.local/lib/python3.8/site-packages/airflow/example_dags/example_branch_python_dop_operator_3.py
[2024-04-07T15:11:38.504+0000] {logging_mixin.py:188} INFO - [2024-04-07T15:11:38.504+0000] {dag.py:3047} INFO - Sync 1 DAGs
[2024-04-07T15:11:38.546+0000] {logging_mixin.py:188} INFO - [2024-04-07T15:11:38.546+0000] {dag.py:3834} INFO - Setting next_dagrun for example_branch_dop_operator_v3 to 2024-04-07 15:10:00+00:00, run_after=2024-04-07 15:11:00+00:00
[2024-04-07T15:11:38.586+0000] {processor.py:183} INFO - Processing /home/airflow/.local/lib/python3.8/site-packages/airflow/example_dags/example_branch_python_dop_operator_3.py took 0.150 seconds
[2024-04-07T15:12:08.913+0000] {processor.py:161} INFO - Started process (PID=3642) to work on /home/airflow/.local/lib/python3.8/site-packages/airflow/example_dags/example_branch_python_dop_operator_3.py
[2024-04-07T15:12:08.918+0000] {processor.py:830} INFO - Processing file /home/airflow/.local/lib/python3.8/site-packages/airflow/example_dags/example_branch_python_dop_operator_3.py for tasks to queue
[2024-04-07T15:12:08.920+0000] {logging_mixin.py:188} INFO - [2024-04-07T15:12:08.920+0000] {dagbag.py:540} INFO - Filling up the DagBag from /home/airflow/.local/lib/python3.8/site-packages/airflow/example_dags/example_branch_python_dop_operator_3.py
[2024-04-07T15:12:08.940+0000] {processor.py:840} INFO - DAG(s) 'example_branch_dop_operator_v3' retrieved from /home/airflow/.local/lib/python3.8/site-packages/airflow/example_dags/example_branch_python_dop_operator_3.py
[2024-04-07T15:12:08.986+0000] {logging_mixin.py:188} INFO - [2024-04-07T15:12:08.986+0000] {dag.py:3047} INFO - Sync 1 DAGs
[2024-04-07T15:12:09.055+0000] {logging_mixin.py:188} INFO - [2024-04-07T15:12:09.055+0000] {dag.py:3834} INFO - Setting next_dagrun for example_branch_dop_operator_v3 to 2024-04-07 15:11:00+00:00, run_after=2024-04-07 15:12:00+00:00
[2024-04-07T15:12:09.109+0000] {processor.py:183} INFO - Processing /home/airflow/.local/lib/python3.8/site-packages/airflow/example_dags/example_branch_python_dop_operator_3.py took 0.203 seconds
