[2024-04-07T14:39:30.483+0000] {processor.py:161} INFO - Started process (PID=75) to work on /home/airflow/.local/lib/python3.8/site-packages/airflow/example_dags/example_dynamic_task_mapping.py
[2024-04-07T14:39:30.512+0000] {processor.py:830} INFO - Processing file /home/airflow/.local/lib/python3.8/site-packages/airflow/example_dags/example_dynamic_task_mapping.py for tasks to queue
[2024-04-07T14:39:30.530+0000] {logging_mixin.py:188} INFO - [2024-04-07T14:39:30.529+0000] {dagbag.py:540} INFO - Filling up the DagBag from /home/airflow/.local/lib/python3.8/site-packages/airflow/example_dags/example_dynamic_task_mapping.py
[2024-04-07T14:39:30.771+0000] {processor.py:840} INFO - DAG(s) 'example_dynamic_task_mapping' retrieved from /home/airflow/.local/lib/python3.8/site-packages/airflow/example_dags/example_dynamic_task_mapping.py
[2024-04-07T14:39:31.006+0000] {logging_mixin.py:188} INFO - [2024-04-07T14:39:30.979+0000] {dag.py:3047} INFO - Sync 1 DAGs
[2024-04-07T14:39:31.244+0000] {logging_mixin.py:188} INFO - [2024-04-07T14:39:31.243+0000] {dag.py:3834} INFO - Setting next_dagrun for example_dynamic_task_mapping to 2022-03-04 00:00:00+00:00, run_after=2022-03-05 00:00:00+00:00
[2024-04-07T14:39:31.358+0000] {processor.py:183} INFO - Processing /home/airflow/.local/lib/python3.8/site-packages/airflow/example_dags/example_dynamic_task_mapping.py took 0.887 seconds
[2024-04-07T14:40:04.728+0000] {processor.py:161} INFO - Started process (PID=132) to work on /home/airflow/.local/lib/python3.8/site-packages/airflow/example_dags/example_dynamic_task_mapping.py
[2024-04-07T14:40:04.730+0000] {processor.py:830} INFO - Processing file /home/airflow/.local/lib/python3.8/site-packages/airflow/example_dags/example_dynamic_task_mapping.py for tasks to queue
[2024-04-07T14:40:04.733+0000] {logging_mixin.py:188} INFO - [2024-04-07T14:40:04.732+0000] {dagbag.py:540} INFO - Filling up the DagBag from /home/airflow/.local/lib/python3.8/site-packages/airflow/example_dags/example_dynamic_task_mapping.py
[2024-04-07T14:40:04.744+0000] {processor.py:840} INFO - DAG(s) 'example_dynamic_task_mapping' retrieved from /home/airflow/.local/lib/python3.8/site-packages/airflow/example_dags/example_dynamic_task_mapping.py
[2024-04-07T14:40:04.773+0000] {logging_mixin.py:188} INFO - [2024-04-07T14:40:04.773+0000] {dag.py:3047} INFO - Sync 1 DAGs
[2024-04-07T14:40:04.807+0000] {logging_mixin.py:188} INFO - [2024-04-07T14:40:04.807+0000] {dag.py:3834} INFO - Setting next_dagrun for example_dynamic_task_mapping to 2022-03-04 00:00:00+00:00, run_after=2022-03-05 00:00:00+00:00
[2024-04-07T14:40:04.873+0000] {processor.py:183} INFO - Processing /home/airflow/.local/lib/python3.8/site-packages/airflow/example_dags/example_dynamic_task_mapping.py took 0.149 seconds
[2024-04-07T14:40:35.102+0000] {processor.py:161} INFO - Started process (PID=189) to work on /home/airflow/.local/lib/python3.8/site-packages/airflow/example_dags/example_dynamic_task_mapping.py
[2024-04-07T14:40:35.105+0000] {processor.py:830} INFO - Processing file /home/airflow/.local/lib/python3.8/site-packages/airflow/example_dags/example_dynamic_task_mapping.py for tasks to queue
[2024-04-07T14:40:35.110+0000] {logging_mixin.py:188} INFO - [2024-04-07T14:40:35.109+0000] {dagbag.py:540} INFO - Filling up the DagBag from /home/airflow/.local/lib/python3.8/site-packages/airflow/example_dags/example_dynamic_task_mapping.py
[2024-04-07T14:40:35.127+0000] {processor.py:840} INFO - DAG(s) 'example_dynamic_task_mapping' retrieved from /home/airflow/.local/lib/python3.8/site-packages/airflow/example_dags/example_dynamic_task_mapping.py
[2024-04-07T14:40:35.179+0000] {logging_mixin.py:188} INFO - [2024-04-07T14:40:35.178+0000] {dag.py:3047} INFO - Sync 1 DAGs
[2024-04-07T14:40:35.253+0000] {logging_mixin.py:188} INFO - [2024-04-07T14:40:35.253+0000] {dag.py:3834} INFO - Setting next_dagrun for example_dynamic_task_mapping to 2022-03-04 00:00:00+00:00, run_after=2022-03-05 00:00:00+00:00
[2024-04-07T14:40:35.333+0000] {processor.py:183} INFO - Processing /home/airflow/.local/lib/python3.8/site-packages/airflow/example_dags/example_dynamic_task_mapping.py took 0.242 seconds
[2024-04-07T14:41:06.048+0000] {processor.py:161} INFO - Started process (PID=246) to work on /home/airflow/.local/lib/python3.8/site-packages/airflow/example_dags/example_dynamic_task_mapping.py
[2024-04-07T14:41:06.051+0000] {processor.py:830} INFO - Processing file /home/airflow/.local/lib/python3.8/site-packages/airflow/example_dags/example_dynamic_task_mapping.py for tasks to queue
[2024-04-07T14:41:06.054+0000] {logging_mixin.py:188} INFO - [2024-04-07T14:41:06.053+0000] {dagbag.py:540} INFO - Filling up the DagBag from /home/airflow/.local/lib/python3.8/site-packages/airflow/example_dags/example_dynamic_task_mapping.py
[2024-04-07T14:41:06.067+0000] {processor.py:840} INFO - DAG(s) 'example_dynamic_task_mapping' retrieved from /home/airflow/.local/lib/python3.8/site-packages/airflow/example_dags/example_dynamic_task_mapping.py
[2024-04-07T14:41:06.107+0000] {logging_mixin.py:188} INFO - [2024-04-07T14:41:06.106+0000] {dag.py:3047} INFO - Sync 1 DAGs
[2024-04-07T14:41:06.147+0000] {logging_mixin.py:188} INFO - [2024-04-07T14:41:06.147+0000] {dag.py:3834} INFO - Setting next_dagrun for example_dynamic_task_mapping to 2022-03-04 00:00:00+00:00, run_after=2022-03-05 00:00:00+00:00
[2024-04-07T14:41:06.320+0000] {processor.py:183} INFO - Processing /home/airflow/.local/lib/python3.8/site-packages/airflow/example_dags/example_dynamic_task_mapping.py took 0.282 seconds
[2024-04-07T14:41:37.021+0000] {processor.py:161} INFO - Started process (PID=303) to work on /home/airflow/.local/lib/python3.8/site-packages/airflow/example_dags/example_dynamic_task_mapping.py
[2024-04-07T14:41:37.029+0000] {processor.py:830} INFO - Processing file /home/airflow/.local/lib/python3.8/site-packages/airflow/example_dags/example_dynamic_task_mapping.py for tasks to queue
[2024-04-07T14:41:37.037+0000] {logging_mixin.py:188} INFO - [2024-04-07T14:41:37.037+0000] {dagbag.py:540} INFO - Filling up the DagBag from /home/airflow/.local/lib/python3.8/site-packages/airflow/example_dags/example_dynamic_task_mapping.py
[2024-04-07T14:41:37.084+0000] {processor.py:840} INFO - DAG(s) 'example_dynamic_task_mapping' retrieved from /home/airflow/.local/lib/python3.8/site-packages/airflow/example_dags/example_dynamic_task_mapping.py
[2024-04-07T14:41:37.209+0000] {logging_mixin.py:188} INFO - [2024-04-07T14:41:37.209+0000] {dag.py:3047} INFO - Sync 1 DAGs
[2024-04-07T14:41:37.348+0000] {logging_mixin.py:188} INFO - [2024-04-07T14:41:37.347+0000] {dag.py:3834} INFO - Setting next_dagrun for example_dynamic_task_mapping to 2022-03-04 00:00:00+00:00, run_after=2022-03-05 00:00:00+00:00
[2024-04-07T14:41:37.513+0000] {processor.py:183} INFO - Processing /home/airflow/.local/lib/python3.8/site-packages/airflow/example_dags/example_dynamic_task_mapping.py took 0.503 seconds
[2024-04-07T14:42:08.800+0000] {processor.py:161} INFO - Started process (PID=360) to work on /home/airflow/.local/lib/python3.8/site-packages/airflow/example_dags/example_dynamic_task_mapping.py
[2024-04-07T14:42:08.803+0000] {processor.py:830} INFO - Processing file /home/airflow/.local/lib/python3.8/site-packages/airflow/example_dags/example_dynamic_task_mapping.py for tasks to queue
[2024-04-07T14:42:08.808+0000] {logging_mixin.py:188} INFO - [2024-04-07T14:42:08.807+0000] {dagbag.py:540} INFO - Filling up the DagBag from /home/airflow/.local/lib/python3.8/site-packages/airflow/example_dags/example_dynamic_task_mapping.py
[2024-04-07T14:42:08.828+0000] {processor.py:840} INFO - DAG(s) 'example_dynamic_task_mapping' retrieved from /home/airflow/.local/lib/python3.8/site-packages/airflow/example_dags/example_dynamic_task_mapping.py
[2024-04-07T14:42:08.884+0000] {logging_mixin.py:188} INFO - [2024-04-07T14:42:08.884+0000] {dag.py:3047} INFO - Sync 1 DAGs
[2024-04-07T14:42:08.947+0000] {logging_mixin.py:188} INFO - [2024-04-07T14:42:08.946+0000] {dag.py:3834} INFO - Setting next_dagrun for example_dynamic_task_mapping to 2022-03-04 00:00:00+00:00, run_after=2022-03-05 00:00:00+00:00
[2024-04-07T14:42:09.013+0000] {processor.py:183} INFO - Processing /home/airflow/.local/lib/python3.8/site-packages/airflow/example_dags/example_dynamic_task_mapping.py took 0.223 seconds
[2024-04-07T14:42:41.352+0000] {processor.py:161} INFO - Started process (PID=417) to work on /home/airflow/.local/lib/python3.8/site-packages/airflow/example_dags/example_dynamic_task_mapping.py
[2024-04-07T14:42:41.355+0000] {processor.py:830} INFO - Processing file /home/airflow/.local/lib/python3.8/site-packages/airflow/example_dags/example_dynamic_task_mapping.py for tasks to queue
[2024-04-07T14:42:41.365+0000] {logging_mixin.py:188} INFO - [2024-04-07T14:42:41.364+0000] {dagbag.py:540} INFO - Filling up the DagBag from /home/airflow/.local/lib/python3.8/site-packages/airflow/example_dags/example_dynamic_task_mapping.py
[2024-04-07T14:42:41.382+0000] {processor.py:840} INFO - DAG(s) 'example_dynamic_task_mapping' retrieved from /home/airflow/.local/lib/python3.8/site-packages/airflow/example_dags/example_dynamic_task_mapping.py
[2024-04-07T14:42:41.484+0000] {logging_mixin.py:188} INFO - [2024-04-07T14:42:41.483+0000] {dag.py:3047} INFO - Sync 1 DAGs
[2024-04-07T14:42:41.592+0000] {logging_mixin.py:188} INFO - [2024-04-07T14:42:41.591+0000] {dag.py:3834} INFO - Setting next_dagrun for example_dynamic_task_mapping to 2022-03-04 00:00:00+00:00, run_after=2022-03-05 00:00:00+00:00
[2024-04-07T14:42:42.167+0000] {processor.py:183} INFO - Processing /home/airflow/.local/lib/python3.8/site-packages/airflow/example_dags/example_dynamic_task_mapping.py took 0.822 seconds
[2024-04-07T14:43:12.630+0000] {processor.py:161} INFO - Started process (PID=475) to work on /home/airflow/.local/lib/python3.8/site-packages/airflow/example_dags/example_dynamic_task_mapping.py
[2024-04-07T14:43:12.632+0000] {processor.py:830} INFO - Processing file /home/airflow/.local/lib/python3.8/site-packages/airflow/example_dags/example_dynamic_task_mapping.py for tasks to queue
[2024-04-07T14:43:12.647+0000] {logging_mixin.py:188} INFO - [2024-04-07T14:43:12.646+0000] {dagbag.py:540} INFO - Filling up the DagBag from /home/airflow/.local/lib/python3.8/site-packages/airflow/example_dags/example_dynamic_task_mapping.py
[2024-04-07T14:43:12.677+0000] {processor.py:840} INFO - DAG(s) 'example_dynamic_task_mapping' retrieved from /home/airflow/.local/lib/python3.8/site-packages/airflow/example_dags/example_dynamic_task_mapping.py
[2024-04-07T14:43:12.782+0000] {logging_mixin.py:188} INFO - [2024-04-07T14:43:12.782+0000] {dag.py:3047} INFO - Sync 1 DAGs
[2024-04-07T14:43:12.887+0000] {logging_mixin.py:188} INFO - [2024-04-07T14:43:12.887+0000] {dag.py:3834} INFO - Setting next_dagrun for example_dynamic_task_mapping to 2022-03-04 00:00:00+00:00, run_after=2022-03-05 00:00:00+00:00
[2024-04-07T14:43:12.959+0000] {processor.py:183} INFO - Processing /home/airflow/.local/lib/python3.8/site-packages/airflow/example_dags/example_dynamic_task_mapping.py took 0.339 seconds
[2024-04-07T14:43:43.126+0000] {processor.py:161} INFO - Started process (PID=532) to work on /home/airflow/.local/lib/python3.8/site-packages/airflow/example_dags/example_dynamic_task_mapping.py
[2024-04-07T14:43:43.128+0000] {processor.py:830} INFO - Processing file /home/airflow/.local/lib/python3.8/site-packages/airflow/example_dags/example_dynamic_task_mapping.py for tasks to queue
[2024-04-07T14:43:43.132+0000] {logging_mixin.py:188} INFO - [2024-04-07T14:43:43.131+0000] {dagbag.py:540} INFO - Filling up the DagBag from /home/airflow/.local/lib/python3.8/site-packages/airflow/example_dags/example_dynamic_task_mapping.py
[2024-04-07T14:43:43.143+0000] {processor.py:840} INFO - DAG(s) 'example_dynamic_task_mapping' retrieved from /home/airflow/.local/lib/python3.8/site-packages/airflow/example_dags/example_dynamic_task_mapping.py
[2024-04-07T14:43:43.179+0000] {logging_mixin.py:188} INFO - [2024-04-07T14:43:43.179+0000] {dag.py:3047} INFO - Sync 1 DAGs
[2024-04-07T14:43:43.222+0000] {logging_mixin.py:188} INFO - [2024-04-07T14:43:43.222+0000] {dag.py:3834} INFO - Setting next_dagrun for example_dynamic_task_mapping to 2022-03-04 00:00:00+00:00, run_after=2022-03-05 00:00:00+00:00
[2024-04-07T14:43:43.393+0000] {processor.py:183} INFO - Processing /home/airflow/.local/lib/python3.8/site-packages/airflow/example_dags/example_dynamic_task_mapping.py took 0.277 seconds
[2024-04-07T14:44:15.039+0000] {processor.py:161} INFO - Started process (PID=589) to work on /home/airflow/.local/lib/python3.8/site-packages/airflow/example_dags/example_dynamic_task_mapping.py
[2024-04-07T14:44:15.046+0000] {processor.py:830} INFO - Processing file /home/airflow/.local/lib/python3.8/site-packages/airflow/example_dags/example_dynamic_task_mapping.py for tasks to queue
[2024-04-07T14:44:15.050+0000] {logging_mixin.py:188} INFO - [2024-04-07T14:44:15.050+0000] {dagbag.py:540} INFO - Filling up the DagBag from /home/airflow/.local/lib/python3.8/site-packages/airflow/example_dags/example_dynamic_task_mapping.py
[2024-04-07T14:44:15.071+0000] {processor.py:840} INFO - DAG(s) 'example_dynamic_task_mapping' retrieved from /home/airflow/.local/lib/python3.8/site-packages/airflow/example_dags/example_dynamic_task_mapping.py
[2024-04-07T14:44:15.177+0000] {logging_mixin.py:188} INFO - [2024-04-07T14:44:15.176+0000] {dag.py:3047} INFO - Sync 1 DAGs
[2024-04-07T14:44:15.328+0000] {logging_mixin.py:188} INFO - [2024-04-07T14:44:15.328+0000] {dag.py:3834} INFO - Setting next_dagrun for example_dynamic_task_mapping to 2022-03-04 00:00:00+00:00, run_after=2022-03-05 00:00:00+00:00
[2024-04-07T14:44:15.446+0000] {processor.py:183} INFO - Processing /home/airflow/.local/lib/python3.8/site-packages/airflow/example_dags/example_dynamic_task_mapping.py took 0.415 seconds
[2024-04-07T14:44:57.922+0000] {processor.py:161} INFO - Started process (PID=646) to work on /home/airflow/.local/lib/python3.8/site-packages/airflow/example_dags/example_dynamic_task_mapping.py
[2024-04-07T14:44:57.923+0000] {processor.py:830} INFO - Processing file /home/airflow/.local/lib/python3.8/site-packages/airflow/example_dags/example_dynamic_task_mapping.py for tasks to queue
[2024-04-07T14:44:57.926+0000] {logging_mixin.py:188} INFO - [2024-04-07T14:44:57.926+0000] {dagbag.py:540} INFO - Filling up the DagBag from /home/airflow/.local/lib/python3.8/site-packages/airflow/example_dags/example_dynamic_task_mapping.py
[2024-04-07T14:44:57.937+0000] {processor.py:840} INFO - DAG(s) 'example_dynamic_task_mapping' retrieved from /home/airflow/.local/lib/python3.8/site-packages/airflow/example_dags/example_dynamic_task_mapping.py
[2024-04-07T14:44:57.972+0000] {logging_mixin.py:188} INFO - [2024-04-07T14:44:57.971+0000] {dag.py:3047} INFO - Sync 1 DAGs
[2024-04-07T14:44:58.003+0000] {logging_mixin.py:188} INFO - [2024-04-07T14:44:58.003+0000] {dag.py:3834} INFO - Setting next_dagrun for example_dynamic_task_mapping to 2022-03-04 00:00:00+00:00, run_after=2022-03-05 00:00:00+00:00
[2024-04-07T14:44:59.633+0000] {processor.py:183} INFO - Processing /home/airflow/.local/lib/python3.8/site-packages/airflow/example_dags/example_dynamic_task_mapping.py took 1.717 seconds
[2024-04-07T14:45:30.242+0000] {processor.py:161} INFO - Started process (PID=703) to work on /home/airflow/.local/lib/python3.8/site-packages/airflow/example_dags/example_dynamic_task_mapping.py
[2024-04-07T14:45:30.245+0000] {processor.py:830} INFO - Processing file /home/airflow/.local/lib/python3.8/site-packages/airflow/example_dags/example_dynamic_task_mapping.py for tasks to queue
[2024-04-07T14:45:30.248+0000] {logging_mixin.py:188} INFO - [2024-04-07T14:45:30.248+0000] {dagbag.py:540} INFO - Filling up the DagBag from /home/airflow/.local/lib/python3.8/site-packages/airflow/example_dags/example_dynamic_task_mapping.py
[2024-04-07T14:45:30.264+0000] {processor.py:840} INFO - DAG(s) 'example_dynamic_task_mapping' retrieved from /home/airflow/.local/lib/python3.8/site-packages/airflow/example_dags/example_dynamic_task_mapping.py
[2024-04-07T14:45:30.315+0000] {logging_mixin.py:188} INFO - [2024-04-07T14:45:30.315+0000] {dag.py:3047} INFO - Sync 1 DAGs
[2024-04-07T14:45:30.357+0000] {logging_mixin.py:188} INFO - [2024-04-07T14:45:30.356+0000] {dag.py:3834} INFO - Setting next_dagrun for example_dynamic_task_mapping to 2022-03-04 00:00:00+00:00, run_after=2022-03-05 00:00:00+00:00
[2024-04-07T14:45:30.387+0000] {processor.py:183} INFO - Processing /home/airflow/.local/lib/python3.8/site-packages/airflow/example_dags/example_dynamic_task_mapping.py took 0.154 seconds
[2024-04-07T14:46:00.746+0000] {processor.py:161} INFO - Started process (PID=760) to work on /home/airflow/.local/lib/python3.8/site-packages/airflow/example_dags/example_dynamic_task_mapping.py
[2024-04-07T14:46:00.749+0000] {processor.py:830} INFO - Processing file /home/airflow/.local/lib/python3.8/site-packages/airflow/example_dags/example_dynamic_task_mapping.py for tasks to queue
[2024-04-07T14:46:00.757+0000] {logging_mixin.py:188} INFO - [2024-04-07T14:46:00.756+0000] {dagbag.py:540} INFO - Filling up the DagBag from /home/airflow/.local/lib/python3.8/site-packages/airflow/example_dags/example_dynamic_task_mapping.py
[2024-04-07T14:46:00.780+0000] {processor.py:840} INFO - DAG(s) 'example_dynamic_task_mapping' retrieved from /home/airflow/.local/lib/python3.8/site-packages/airflow/example_dags/example_dynamic_task_mapping.py
[2024-04-07T14:46:00.900+0000] {logging_mixin.py:188} INFO - [2024-04-07T14:46:00.899+0000] {dag.py:3047} INFO - Sync 1 DAGs
[2024-04-07T14:46:00.964+0000] {logging_mixin.py:188} INFO - [2024-04-07T14:46:00.964+0000] {dag.py:3834} INFO - Setting next_dagrun for example_dynamic_task_mapping to 2022-03-04 00:00:00+00:00, run_after=2022-03-05 00:00:00+00:00
[2024-04-07T14:46:01.015+0000] {processor.py:183} INFO - Processing /home/airflow/.local/lib/python3.8/site-packages/airflow/example_dags/example_dynamic_task_mapping.py took 0.286 seconds
[2024-04-07T14:46:31.936+0000] {processor.py:161} INFO - Started process (PID=823) to work on /home/airflow/.local/lib/python3.8/site-packages/airflow/example_dags/example_dynamic_task_mapping.py
[2024-04-07T14:46:31.965+0000] {processor.py:830} INFO - Processing file /home/airflow/.local/lib/python3.8/site-packages/airflow/example_dags/example_dynamic_task_mapping.py for tasks to queue
[2024-04-07T14:46:31.984+0000] {logging_mixin.py:188} INFO - [2024-04-07T14:46:31.984+0000] {dagbag.py:540} INFO - Filling up the DagBag from /home/airflow/.local/lib/python3.8/site-packages/airflow/example_dags/example_dynamic_task_mapping.py
[2024-04-07T14:46:32.020+0000] {processor.py:840} INFO - DAG(s) 'example_dynamic_task_mapping' retrieved from /home/airflow/.local/lib/python3.8/site-packages/airflow/example_dags/example_dynamic_task_mapping.py
[2024-04-07T14:46:32.171+0000] {logging_mixin.py:188} INFO - [2024-04-07T14:46:32.170+0000] {dag.py:3047} INFO - Sync 1 DAGs
[2024-04-07T14:46:32.316+0000] {logging_mixin.py:188} INFO - [2024-04-07T14:46:32.316+0000] {dag.py:3834} INFO - Setting next_dagrun for example_dynamic_task_mapping to 2022-03-04 00:00:00+00:00, run_after=2022-03-05 00:00:00+00:00
[2024-04-07T14:46:32.416+0000] {processor.py:183} INFO - Processing /home/airflow/.local/lib/python3.8/site-packages/airflow/example_dags/example_dynamic_task_mapping.py took 0.486 seconds
[2024-04-07T14:47:02.636+0000] {processor.py:161} INFO - Started process (PID=878) to work on /home/airflow/.local/lib/python3.8/site-packages/airflow/example_dags/example_dynamic_task_mapping.py
[2024-04-07T14:47:02.638+0000] {processor.py:830} INFO - Processing file /home/airflow/.local/lib/python3.8/site-packages/airflow/example_dags/example_dynamic_task_mapping.py for tasks to queue
[2024-04-07T14:47:02.642+0000] {logging_mixin.py:188} INFO - [2024-04-07T14:47:02.641+0000] {dagbag.py:540} INFO - Filling up the DagBag from /home/airflow/.local/lib/python3.8/site-packages/airflow/example_dags/example_dynamic_task_mapping.py
[2024-04-07T14:47:02.654+0000] {processor.py:840} INFO - DAG(s) 'example_dynamic_task_mapping' retrieved from /home/airflow/.local/lib/python3.8/site-packages/airflow/example_dags/example_dynamic_task_mapping.py
[2024-04-07T14:47:02.708+0000] {logging_mixin.py:188} INFO - [2024-04-07T14:47:02.707+0000] {dag.py:3047} INFO - Sync 1 DAGs
[2024-04-07T14:47:02.769+0000] {logging_mixin.py:188} INFO - [2024-04-07T14:47:02.769+0000] {dag.py:3834} INFO - Setting next_dagrun for example_dynamic_task_mapping to 2022-03-04 00:00:00+00:00, run_after=2022-03-05 00:00:00+00:00
[2024-04-07T14:47:02.816+0000] {processor.py:183} INFO - Processing /home/airflow/.local/lib/python3.8/site-packages/airflow/example_dags/example_dynamic_task_mapping.py took 0.188 seconds
[2024-04-07T14:47:33.332+0000] {processor.py:161} INFO - Started process (PID=935) to work on /home/airflow/.local/lib/python3.8/site-packages/airflow/example_dags/example_dynamic_task_mapping.py
[2024-04-07T14:47:33.335+0000] {processor.py:830} INFO - Processing file /home/airflow/.local/lib/python3.8/site-packages/airflow/example_dags/example_dynamic_task_mapping.py for tasks to queue
[2024-04-07T14:47:33.339+0000] {logging_mixin.py:188} INFO - [2024-04-07T14:47:33.339+0000] {dagbag.py:540} INFO - Filling up the DagBag from /home/airflow/.local/lib/python3.8/site-packages/airflow/example_dags/example_dynamic_task_mapping.py
[2024-04-07T14:47:33.352+0000] {processor.py:840} INFO - DAG(s) 'example_dynamic_task_mapping' retrieved from /home/airflow/.local/lib/python3.8/site-packages/airflow/example_dags/example_dynamic_task_mapping.py
[2024-04-07T14:47:33.410+0000] {logging_mixin.py:188} INFO - [2024-04-07T14:47:33.409+0000] {dag.py:3047} INFO - Sync 1 DAGs
[2024-04-07T14:47:33.458+0000] {logging_mixin.py:188} INFO - [2024-04-07T14:47:33.457+0000] {dag.py:3834} INFO - Setting next_dagrun for example_dynamic_task_mapping to 2022-03-04 00:00:00+00:00, run_after=2022-03-05 00:00:00+00:00
[2024-04-07T14:47:33.504+0000] {processor.py:183} INFO - Processing /home/airflow/.local/lib/python3.8/site-packages/airflow/example_dags/example_dynamic_task_mapping.py took 0.178 seconds
[2024-04-07T14:48:04.083+0000] {processor.py:161} INFO - Started process (PID=992) to work on /home/airflow/.local/lib/python3.8/site-packages/airflow/example_dags/example_dynamic_task_mapping.py
[2024-04-07T14:48:04.084+0000] {processor.py:830} INFO - Processing file /home/airflow/.local/lib/python3.8/site-packages/airflow/example_dags/example_dynamic_task_mapping.py for tasks to queue
[2024-04-07T14:48:04.089+0000] {logging_mixin.py:188} INFO - [2024-04-07T14:48:04.088+0000] {dagbag.py:540} INFO - Filling up the DagBag from /home/airflow/.local/lib/python3.8/site-packages/airflow/example_dags/example_dynamic_task_mapping.py
[2024-04-07T14:48:04.100+0000] {processor.py:840} INFO - DAG(s) 'example_dynamic_task_mapping' retrieved from /home/airflow/.local/lib/python3.8/site-packages/airflow/example_dags/example_dynamic_task_mapping.py
[2024-04-07T14:48:04.132+0000] {logging_mixin.py:188} INFO - [2024-04-07T14:48:04.132+0000] {dag.py:3047} INFO - Sync 1 DAGs
[2024-04-07T14:48:04.171+0000] {logging_mixin.py:188} INFO - [2024-04-07T14:48:04.170+0000] {dag.py:3834} INFO - Setting next_dagrun for example_dynamic_task_mapping to 2022-03-04 00:00:00+00:00, run_after=2022-03-05 00:00:00+00:00
[2024-04-07T14:48:04.210+0000] {processor.py:183} INFO - Processing /home/airflow/.local/lib/python3.8/site-packages/airflow/example_dags/example_dynamic_task_mapping.py took 0.132 seconds
[2024-04-07T14:48:34.323+0000] {processor.py:161} INFO - Started process (PID=1049) to work on /home/airflow/.local/lib/python3.8/site-packages/airflow/example_dags/example_dynamic_task_mapping.py
[2024-04-07T14:48:34.325+0000] {processor.py:830} INFO - Processing file /home/airflow/.local/lib/python3.8/site-packages/airflow/example_dags/example_dynamic_task_mapping.py for tasks to queue
[2024-04-07T14:48:34.329+0000] {logging_mixin.py:188} INFO - [2024-04-07T14:48:34.328+0000] {dagbag.py:540} INFO - Filling up the DagBag from /home/airflow/.local/lib/python3.8/site-packages/airflow/example_dags/example_dynamic_task_mapping.py
[2024-04-07T14:48:34.339+0000] {processor.py:840} INFO - DAG(s) 'example_dynamic_task_mapping' retrieved from /home/airflow/.local/lib/python3.8/site-packages/airflow/example_dags/example_dynamic_task_mapping.py
[2024-04-07T14:48:34.369+0000] {logging_mixin.py:188} INFO - [2024-04-07T14:48:34.369+0000] {dag.py:3047} INFO - Sync 1 DAGs
[2024-04-07T14:48:34.402+0000] {logging_mixin.py:188} INFO - [2024-04-07T14:48:34.402+0000] {dag.py:3834} INFO - Setting next_dagrun for example_dynamic_task_mapping to 2022-03-04 00:00:00+00:00, run_after=2022-03-05 00:00:00+00:00
[2024-04-07T14:48:34.434+0000] {processor.py:183} INFO - Processing /home/airflow/.local/lib/python3.8/site-packages/airflow/example_dags/example_dynamic_task_mapping.py took 0.117 seconds
[2024-04-07T14:49:05.398+0000] {processor.py:161} INFO - Started process (PID=1106) to work on /home/airflow/.local/lib/python3.8/site-packages/airflow/example_dags/example_dynamic_task_mapping.py
[2024-04-07T14:49:05.411+0000] {processor.py:830} INFO - Processing file /home/airflow/.local/lib/python3.8/site-packages/airflow/example_dags/example_dynamic_task_mapping.py for tasks to queue
[2024-04-07T14:49:05.416+0000] {logging_mixin.py:188} INFO - [2024-04-07T14:49:05.416+0000] {dagbag.py:540} INFO - Filling up the DagBag from /home/airflow/.local/lib/python3.8/site-packages/airflow/example_dags/example_dynamic_task_mapping.py
[2024-04-07T14:49:05.454+0000] {processor.py:840} INFO - DAG(s) 'example_dynamic_task_mapping' retrieved from /home/airflow/.local/lib/python3.8/site-packages/airflow/example_dags/example_dynamic_task_mapping.py
[2024-04-07T14:49:05.563+0000] {logging_mixin.py:188} INFO - [2024-04-07T14:49:05.562+0000] {dag.py:3047} INFO - Sync 1 DAGs
[2024-04-07T14:49:05.684+0000] {logging_mixin.py:188} INFO - [2024-04-07T14:49:05.683+0000] {dag.py:3834} INFO - Setting next_dagrun for example_dynamic_task_mapping to 2022-03-04 00:00:00+00:00, run_after=2022-03-05 00:00:00+00:00
[2024-04-07T14:49:05.811+0000] {processor.py:183} INFO - Processing /home/airflow/.local/lib/python3.8/site-packages/airflow/example_dags/example_dynamic_task_mapping.py took 0.437 seconds
[2024-04-07T14:49:36.719+0000] {processor.py:161} INFO - Started process (PID=1163) to work on /home/airflow/.local/lib/python3.8/site-packages/airflow/example_dags/example_dynamic_task_mapping.py
[2024-04-07T14:49:36.722+0000] {processor.py:830} INFO - Processing file /home/airflow/.local/lib/python3.8/site-packages/airflow/example_dags/example_dynamic_task_mapping.py for tasks to queue
[2024-04-07T14:49:36.726+0000] {logging_mixin.py:188} INFO - [2024-04-07T14:49:36.725+0000] {dagbag.py:540} INFO - Filling up the DagBag from /home/airflow/.local/lib/python3.8/site-packages/airflow/example_dags/example_dynamic_task_mapping.py
[2024-04-07T14:49:36.741+0000] {processor.py:840} INFO - DAG(s) 'example_dynamic_task_mapping' retrieved from /home/airflow/.local/lib/python3.8/site-packages/airflow/example_dags/example_dynamic_task_mapping.py
[2024-04-07T14:49:36.788+0000] {logging_mixin.py:188} INFO - [2024-04-07T14:49:36.787+0000] {dag.py:3047} INFO - Sync 1 DAGs
[2024-04-07T14:49:36.835+0000] {logging_mixin.py:188} INFO - [2024-04-07T14:49:36.834+0000] {dag.py:3834} INFO - Setting next_dagrun for example_dynamic_task_mapping to 2022-03-04 00:00:00+00:00, run_after=2022-03-05 00:00:00+00:00
[2024-04-07T14:49:36.890+0000] {processor.py:183} INFO - Processing /home/airflow/.local/lib/python3.8/site-packages/airflow/example_dags/example_dynamic_task_mapping.py took 0.175 seconds
[2024-04-07T14:50:07.874+0000] {processor.py:161} INFO - Started process (PID=1220) to work on /home/airflow/.local/lib/python3.8/site-packages/airflow/example_dags/example_dynamic_task_mapping.py
[2024-04-07T14:50:07.877+0000] {processor.py:830} INFO - Processing file /home/airflow/.local/lib/python3.8/site-packages/airflow/example_dags/example_dynamic_task_mapping.py for tasks to queue
[2024-04-07T14:50:07.906+0000] {logging_mixin.py:188} INFO - [2024-04-07T14:50:07.905+0000] {dagbag.py:540} INFO - Filling up the DagBag from /home/airflow/.local/lib/python3.8/site-packages/airflow/example_dags/example_dynamic_task_mapping.py
[2024-04-07T14:50:07.955+0000] {processor.py:840} INFO - DAG(s) 'example_dynamic_task_mapping' retrieved from /home/airflow/.local/lib/python3.8/site-packages/airflow/example_dags/example_dynamic_task_mapping.py
[2024-04-07T14:50:08.088+0000] {logging_mixin.py:188} INFO - [2024-04-07T14:50:08.087+0000] {dag.py:3047} INFO - Sync 1 DAGs
[2024-04-07T14:50:08.221+0000] {logging_mixin.py:188} INFO - [2024-04-07T14:50:08.220+0000] {dag.py:3834} INFO - Setting next_dagrun for example_dynamic_task_mapping to 2022-03-04 00:00:00+00:00, run_after=2022-03-05 00:00:00+00:00
[2024-04-07T14:50:08.356+0000] {processor.py:183} INFO - Processing /home/airflow/.local/lib/python3.8/site-packages/airflow/example_dags/example_dynamic_task_mapping.py took 0.488 seconds
[2024-04-07T14:50:38.958+0000] {processor.py:161} INFO - Started process (PID=1278) to work on /home/airflow/.local/lib/python3.8/site-packages/airflow/example_dags/example_dynamic_task_mapping.py
[2024-04-07T14:50:38.968+0000] {processor.py:830} INFO - Processing file /home/airflow/.local/lib/python3.8/site-packages/airflow/example_dags/example_dynamic_task_mapping.py for tasks to queue
[2024-04-07T14:50:38.978+0000] {logging_mixin.py:188} INFO - [2024-04-07T14:50:38.977+0000] {dagbag.py:540} INFO - Filling up the DagBag from /home/airflow/.local/lib/python3.8/site-packages/airflow/example_dags/example_dynamic_task_mapping.py
[2024-04-07T14:50:39.021+0000] {processor.py:840} INFO - DAG(s) 'example_dynamic_task_mapping' retrieved from /home/airflow/.local/lib/python3.8/site-packages/airflow/example_dags/example_dynamic_task_mapping.py
[2024-04-07T14:50:39.130+0000] {logging_mixin.py:188} INFO - [2024-04-07T14:50:39.119+0000] {dag.py:3047} INFO - Sync 1 DAGs
[2024-04-07T14:50:39.255+0000] {logging_mixin.py:188} INFO - [2024-04-07T14:50:39.254+0000] {dag.py:3834} INFO - Setting next_dagrun for example_dynamic_task_mapping to 2022-03-04 00:00:00+00:00, run_after=2022-03-05 00:00:00+00:00
[2024-04-07T14:50:39.336+0000] {processor.py:183} INFO - Processing /home/airflow/.local/lib/python3.8/site-packages/airflow/example_dags/example_dynamic_task_mapping.py took 0.385 seconds
[2024-04-07T14:51:09.671+0000] {processor.py:161} INFO - Started process (PID=1334) to work on /home/airflow/.local/lib/python3.8/site-packages/airflow/example_dags/example_dynamic_task_mapping.py
[2024-04-07T14:51:09.677+0000] {processor.py:830} INFO - Processing file /home/airflow/.local/lib/python3.8/site-packages/airflow/example_dags/example_dynamic_task_mapping.py for tasks to queue
[2024-04-07T14:51:09.685+0000] {logging_mixin.py:188} INFO - [2024-04-07T14:51:09.684+0000] {dagbag.py:540} INFO - Filling up the DagBag from /home/airflow/.local/lib/python3.8/site-packages/airflow/example_dags/example_dynamic_task_mapping.py
[2024-04-07T14:51:09.706+0000] {processor.py:840} INFO - DAG(s) 'example_dynamic_task_mapping' retrieved from /home/airflow/.local/lib/python3.8/site-packages/airflow/example_dags/example_dynamic_task_mapping.py
[2024-04-07T14:51:09.769+0000] {logging_mixin.py:188} INFO - [2024-04-07T14:51:09.766+0000] {dag.py:3047} INFO - Sync 1 DAGs
[2024-04-07T14:51:09.855+0000] {logging_mixin.py:188} INFO - [2024-04-07T14:51:09.853+0000] {dag.py:3834} INFO - Setting next_dagrun for example_dynamic_task_mapping to 2022-03-04 00:00:00+00:00, run_after=2022-03-05 00:00:00+00:00
[2024-04-07T14:51:09.962+0000] {processor.py:183} INFO - Processing /home/airflow/.local/lib/python3.8/site-packages/airflow/example_dags/example_dynamic_task_mapping.py took 0.298 seconds
[2024-04-07T14:51:40.541+0000] {processor.py:161} INFO - Started process (PID=1392) to work on /home/airflow/.local/lib/python3.8/site-packages/airflow/example_dags/example_dynamic_task_mapping.py
[2024-04-07T14:51:40.543+0000] {processor.py:830} INFO - Processing file /home/airflow/.local/lib/python3.8/site-packages/airflow/example_dags/example_dynamic_task_mapping.py for tasks to queue
[2024-04-07T14:51:40.549+0000] {logging_mixin.py:188} INFO - [2024-04-07T14:51:40.547+0000] {dagbag.py:540} INFO - Filling up the DagBag from /home/airflow/.local/lib/python3.8/site-packages/airflow/example_dags/example_dynamic_task_mapping.py
[2024-04-07T14:51:40.565+0000] {processor.py:840} INFO - DAG(s) 'example_dynamic_task_mapping' retrieved from /home/airflow/.local/lib/python3.8/site-packages/airflow/example_dags/example_dynamic_task_mapping.py
[2024-04-07T14:51:40.617+0000] {logging_mixin.py:188} INFO - [2024-04-07T14:51:40.616+0000] {dag.py:3047} INFO - Sync 1 DAGs
[2024-04-07T14:51:40.722+0000] {logging_mixin.py:188} INFO - [2024-04-07T14:51:40.719+0000] {dag.py:3834} INFO - Setting next_dagrun for example_dynamic_task_mapping to 2022-03-04 00:00:00+00:00, run_after=2022-03-05 00:00:00+00:00
[2024-04-07T14:51:40.817+0000] {processor.py:183} INFO - Processing /home/airflow/.local/lib/python3.8/site-packages/airflow/example_dags/example_dynamic_task_mapping.py took 0.282 seconds
[2024-04-07T14:52:11.310+0000] {processor.py:161} INFO - Started process (PID=1449) to work on /home/airflow/.local/lib/python3.8/site-packages/airflow/example_dags/example_dynamic_task_mapping.py
[2024-04-07T14:52:11.313+0000] {processor.py:830} INFO - Processing file /home/airflow/.local/lib/python3.8/site-packages/airflow/example_dags/example_dynamic_task_mapping.py for tasks to queue
[2024-04-07T14:52:11.317+0000] {logging_mixin.py:188} INFO - [2024-04-07T14:52:11.316+0000] {dagbag.py:540} INFO - Filling up the DagBag from /home/airflow/.local/lib/python3.8/site-packages/airflow/example_dags/example_dynamic_task_mapping.py
[2024-04-07T14:52:11.334+0000] {processor.py:840} INFO - DAG(s) 'example_dynamic_task_mapping' retrieved from /home/airflow/.local/lib/python3.8/site-packages/airflow/example_dags/example_dynamic_task_mapping.py
[2024-04-07T14:52:11.388+0000] {logging_mixin.py:188} INFO - [2024-04-07T14:52:11.387+0000] {dag.py:3047} INFO - Sync 1 DAGs
[2024-04-07T14:52:11.511+0000] {logging_mixin.py:188} INFO - [2024-04-07T14:52:11.510+0000] {dag.py:3834} INFO - Setting next_dagrun for example_dynamic_task_mapping to 2022-03-04 00:00:00+00:00, run_after=2022-03-05 00:00:00+00:00
[2024-04-07T14:52:11.649+0000] {processor.py:183} INFO - Processing /home/airflow/.local/lib/python3.8/site-packages/airflow/example_dags/example_dynamic_task_mapping.py took 0.349 seconds
[2024-04-07T14:52:42.246+0000] {processor.py:161} INFO - Started process (PID=1506) to work on /home/airflow/.local/lib/python3.8/site-packages/airflow/example_dags/example_dynamic_task_mapping.py
[2024-04-07T14:52:42.249+0000] {processor.py:830} INFO - Processing file /home/airflow/.local/lib/python3.8/site-packages/airflow/example_dags/example_dynamic_task_mapping.py for tasks to queue
[2024-04-07T14:52:42.254+0000] {logging_mixin.py:188} INFO - [2024-04-07T14:52:42.253+0000] {dagbag.py:540} INFO - Filling up the DagBag from /home/airflow/.local/lib/python3.8/site-packages/airflow/example_dags/example_dynamic_task_mapping.py
[2024-04-07T14:52:42.270+0000] {processor.py:840} INFO - DAG(s) 'example_dynamic_task_mapping' retrieved from /home/airflow/.local/lib/python3.8/site-packages/airflow/example_dags/example_dynamic_task_mapping.py
[2024-04-07T14:52:42.318+0000] {logging_mixin.py:188} INFO - [2024-04-07T14:52:42.317+0000] {dag.py:3047} INFO - Sync 1 DAGs
[2024-04-07T14:52:42.382+0000] {logging_mixin.py:188} INFO - [2024-04-07T14:52:42.382+0000] {dag.py:3834} INFO - Setting next_dagrun for example_dynamic_task_mapping to 2022-03-04 00:00:00+00:00, run_after=2022-03-05 00:00:00+00:00
[2024-04-07T14:52:42.443+0000] {processor.py:183} INFO - Processing /home/airflow/.local/lib/python3.8/site-packages/airflow/example_dags/example_dynamic_task_mapping.py took 0.204 seconds
[2024-04-07T14:53:12.621+0000] {processor.py:161} INFO - Started process (PID=1563) to work on /home/airflow/.local/lib/python3.8/site-packages/airflow/example_dags/example_dynamic_task_mapping.py
[2024-04-07T14:53:12.623+0000] {processor.py:830} INFO - Processing file /home/airflow/.local/lib/python3.8/site-packages/airflow/example_dags/example_dynamic_task_mapping.py for tasks to queue
[2024-04-07T14:53:12.627+0000] {logging_mixin.py:188} INFO - [2024-04-07T14:53:12.626+0000] {dagbag.py:540} INFO - Filling up the DagBag from /home/airflow/.local/lib/python3.8/site-packages/airflow/example_dags/example_dynamic_task_mapping.py
[2024-04-07T14:53:12.639+0000] {processor.py:840} INFO - DAG(s) 'example_dynamic_task_mapping' retrieved from /home/airflow/.local/lib/python3.8/site-packages/airflow/example_dags/example_dynamic_task_mapping.py
[2024-04-07T14:53:12.684+0000] {logging_mixin.py:188} INFO - [2024-04-07T14:53:12.684+0000] {dag.py:3047} INFO - Sync 1 DAGs
[2024-04-07T14:53:12.730+0000] {logging_mixin.py:188} INFO - [2024-04-07T14:53:12.729+0000] {dag.py:3834} INFO - Setting next_dagrun for example_dynamic_task_mapping to 2022-03-04 00:00:00+00:00, run_after=2022-03-05 00:00:00+00:00
[2024-04-07T14:53:12.776+0000] {processor.py:183} INFO - Processing /home/airflow/.local/lib/python3.8/site-packages/airflow/example_dags/example_dynamic_task_mapping.py took 0.160 seconds
[2024-04-07T14:53:43.700+0000] {processor.py:161} INFO - Started process (PID=1620) to work on /home/airflow/.local/lib/python3.8/site-packages/airflow/example_dags/example_dynamic_task_mapping.py
[2024-04-07T14:53:43.703+0000] {processor.py:830} INFO - Processing file /home/airflow/.local/lib/python3.8/site-packages/airflow/example_dags/example_dynamic_task_mapping.py for tasks to queue
[2024-04-07T14:53:43.709+0000] {logging_mixin.py:188} INFO - [2024-04-07T14:53:43.708+0000] {dagbag.py:540} INFO - Filling up the DagBag from /home/airflow/.local/lib/python3.8/site-packages/airflow/example_dags/example_dynamic_task_mapping.py
[2024-04-07T14:53:43.723+0000] {processor.py:840} INFO - DAG(s) 'example_dynamic_task_mapping' retrieved from /home/airflow/.local/lib/python3.8/site-packages/airflow/example_dags/example_dynamic_task_mapping.py
[2024-04-07T14:53:43.762+0000] {logging_mixin.py:188} INFO - [2024-04-07T14:53:43.762+0000] {dag.py:3047} INFO - Sync 1 DAGs
[2024-04-07T14:53:43.818+0000] {logging_mixin.py:188} INFO - [2024-04-07T14:53:43.818+0000] {dag.py:3834} INFO - Setting next_dagrun for example_dynamic_task_mapping to 2022-03-04 00:00:00+00:00, run_after=2022-03-05 00:00:00+00:00
[2024-04-07T14:53:43.869+0000] {processor.py:183} INFO - Processing /home/airflow/.local/lib/python3.8/site-packages/airflow/example_dags/example_dynamic_task_mapping.py took 0.178 seconds
[2024-04-07T14:54:14.492+0000] {processor.py:161} INFO - Started process (PID=1677) to work on /home/airflow/.local/lib/python3.8/site-packages/airflow/example_dags/example_dynamic_task_mapping.py
[2024-04-07T14:54:14.494+0000] {processor.py:830} INFO - Processing file /home/airflow/.local/lib/python3.8/site-packages/airflow/example_dags/example_dynamic_task_mapping.py for tasks to queue
[2024-04-07T14:54:14.499+0000] {logging_mixin.py:188} INFO - [2024-04-07T14:54:14.498+0000] {dagbag.py:540} INFO - Filling up the DagBag from /home/airflow/.local/lib/python3.8/site-packages/airflow/example_dags/example_dynamic_task_mapping.py
[2024-04-07T14:54:14.520+0000] {processor.py:840} INFO - DAG(s) 'example_dynamic_task_mapping' retrieved from /home/airflow/.local/lib/python3.8/site-packages/airflow/example_dags/example_dynamic_task_mapping.py
[2024-04-07T14:54:14.604+0000] {logging_mixin.py:188} INFO - [2024-04-07T14:54:14.604+0000] {dag.py:3047} INFO - Sync 1 DAGs
[2024-04-07T14:54:14.703+0000] {logging_mixin.py:188} INFO - [2024-04-07T14:54:14.702+0000] {dag.py:3834} INFO - Setting next_dagrun for example_dynamic_task_mapping to 2022-03-04 00:00:00+00:00, run_after=2022-03-05 00:00:00+00:00
[2024-04-07T14:54:14.772+0000] {processor.py:183} INFO - Processing /home/airflow/.local/lib/python3.8/site-packages/airflow/example_dags/example_dynamic_task_mapping.py took 0.294 seconds
[2024-04-07T14:54:44.971+0000] {processor.py:161} INFO - Started process (PID=1734) to work on /home/airflow/.local/lib/python3.8/site-packages/airflow/example_dags/example_dynamic_task_mapping.py
[2024-04-07T14:54:44.974+0000] {processor.py:830} INFO - Processing file /home/airflow/.local/lib/python3.8/site-packages/airflow/example_dags/example_dynamic_task_mapping.py for tasks to queue
[2024-04-07T14:54:44.977+0000] {logging_mixin.py:188} INFO - [2024-04-07T14:54:44.977+0000] {dagbag.py:540} INFO - Filling up the DagBag from /home/airflow/.local/lib/python3.8/site-packages/airflow/example_dags/example_dynamic_task_mapping.py
[2024-04-07T14:54:44.990+0000] {processor.py:840} INFO - DAG(s) 'example_dynamic_task_mapping' retrieved from /home/airflow/.local/lib/python3.8/site-packages/airflow/example_dags/example_dynamic_task_mapping.py
[2024-04-07T14:54:45.024+0000] {logging_mixin.py:188} INFO - [2024-04-07T14:54:45.023+0000] {dag.py:3047} INFO - Sync 1 DAGs
[2024-04-07T14:54:45.065+0000] {logging_mixin.py:188} INFO - [2024-04-07T14:54:45.064+0000] {dag.py:3834} INFO - Setting next_dagrun for example_dynamic_task_mapping to 2022-03-04 00:00:00+00:00, run_after=2022-03-05 00:00:00+00:00
[2024-04-07T14:54:45.095+0000] {processor.py:183} INFO - Processing /home/airflow/.local/lib/python3.8/site-packages/airflow/example_dags/example_dynamic_task_mapping.py took 0.131 seconds
[2024-04-07T14:55:15.993+0000] {processor.py:161} INFO - Started process (PID=1790) to work on /home/airflow/.local/lib/python3.8/site-packages/airflow/example_dags/example_dynamic_task_mapping.py
[2024-04-07T14:55:15.995+0000] {processor.py:830} INFO - Processing file /home/airflow/.local/lib/python3.8/site-packages/airflow/example_dags/example_dynamic_task_mapping.py for tasks to queue
[2024-04-07T14:55:16.001+0000] {logging_mixin.py:188} INFO - [2024-04-07T14:55:16.000+0000] {dagbag.py:540} INFO - Filling up the DagBag from /home/airflow/.local/lib/python3.8/site-packages/airflow/example_dags/example_dynamic_task_mapping.py
[2024-04-07T14:55:16.014+0000] {processor.py:840} INFO - DAG(s) 'example_dynamic_task_mapping' retrieved from /home/airflow/.local/lib/python3.8/site-packages/airflow/example_dags/example_dynamic_task_mapping.py
[2024-04-07T14:55:16.058+0000] {logging_mixin.py:188} INFO - [2024-04-07T14:55:16.058+0000] {dag.py:3047} INFO - Sync 1 DAGs
[2024-04-07T14:55:16.114+0000] {logging_mixin.py:188} INFO - [2024-04-07T14:55:16.113+0000] {dag.py:3834} INFO - Setting next_dagrun for example_dynamic_task_mapping to 2022-03-04 00:00:00+00:00, run_after=2022-03-05 00:00:00+00:00
[2024-04-07T14:55:16.206+0000] {processor.py:183} INFO - Processing /home/airflow/.local/lib/python3.8/site-packages/airflow/example_dags/example_dynamic_task_mapping.py took 0.221 seconds
[2024-04-07T14:55:46.296+0000] {processor.py:161} INFO - Started process (PID=1847) to work on /home/airflow/.local/lib/python3.8/site-packages/airflow/example_dags/example_dynamic_task_mapping.py
[2024-04-07T14:55:46.299+0000] {processor.py:830} INFO - Processing file /home/airflow/.local/lib/python3.8/site-packages/airflow/example_dags/example_dynamic_task_mapping.py for tasks to queue
[2024-04-07T14:55:46.302+0000] {logging_mixin.py:188} INFO - [2024-04-07T14:55:46.302+0000] {dagbag.py:540} INFO - Filling up the DagBag from /home/airflow/.local/lib/python3.8/site-packages/airflow/example_dags/example_dynamic_task_mapping.py
[2024-04-07T14:55:46.311+0000] {processor.py:840} INFO - DAG(s) 'example_dynamic_task_mapping' retrieved from /home/airflow/.local/lib/python3.8/site-packages/airflow/example_dags/example_dynamic_task_mapping.py
[2024-04-07T14:55:46.360+0000] {logging_mixin.py:188} INFO - [2024-04-07T14:55:46.359+0000] {dag.py:3047} INFO - Sync 1 DAGs
[2024-04-07T14:55:46.424+0000] {logging_mixin.py:188} INFO - [2024-04-07T14:55:46.423+0000] {dag.py:3834} INFO - Setting next_dagrun for example_dynamic_task_mapping to 2022-03-04 00:00:00+00:00, run_after=2022-03-05 00:00:00+00:00
[2024-04-07T14:55:46.468+0000] {processor.py:183} INFO - Processing /home/airflow/.local/lib/python3.8/site-packages/airflow/example_dags/example_dynamic_task_mapping.py took 0.178 seconds
[2024-04-07T14:56:16.549+0000] {processor.py:161} INFO - Started process (PID=1905) to work on /home/airflow/.local/lib/python3.8/site-packages/airflow/example_dags/example_dynamic_task_mapping.py
[2024-04-07T14:56:16.551+0000] {processor.py:830} INFO - Processing file /home/airflow/.local/lib/python3.8/site-packages/airflow/example_dags/example_dynamic_task_mapping.py for tasks to queue
[2024-04-07T14:56:16.554+0000] {logging_mixin.py:188} INFO - [2024-04-07T14:56:16.553+0000] {dagbag.py:540} INFO - Filling up the DagBag from /home/airflow/.local/lib/python3.8/site-packages/airflow/example_dags/example_dynamic_task_mapping.py
[2024-04-07T14:56:16.563+0000] {processor.py:840} INFO - DAG(s) 'example_dynamic_task_mapping' retrieved from /home/airflow/.local/lib/python3.8/site-packages/airflow/example_dags/example_dynamic_task_mapping.py
[2024-04-07T14:56:16.594+0000] {logging_mixin.py:188} INFO - [2024-04-07T14:56:16.594+0000] {dag.py:3047} INFO - Sync 1 DAGs
[2024-04-07T14:56:16.635+0000] {logging_mixin.py:188} INFO - [2024-04-07T14:56:16.635+0000] {dag.py:3834} INFO - Setting next_dagrun for example_dynamic_task_mapping to 2022-03-04 00:00:00+00:00, run_after=2022-03-05 00:00:00+00:00
[2024-04-07T14:56:16.669+0000] {processor.py:183} INFO - Processing /home/airflow/.local/lib/python3.8/site-packages/airflow/example_dags/example_dynamic_task_mapping.py took 0.126 seconds
[2024-04-07T14:56:47.222+0000] {processor.py:161} INFO - Started process (PID=1961) to work on /home/airflow/.local/lib/python3.8/site-packages/airflow/example_dags/example_dynamic_task_mapping.py
[2024-04-07T14:56:47.224+0000] {processor.py:830} INFO - Processing file /home/airflow/.local/lib/python3.8/site-packages/airflow/example_dags/example_dynamic_task_mapping.py for tasks to queue
[2024-04-07T14:56:47.227+0000] {logging_mixin.py:188} INFO - [2024-04-07T14:56:47.227+0000] {dagbag.py:540} INFO - Filling up the DagBag from /home/airflow/.local/lib/python3.8/site-packages/airflow/example_dags/example_dynamic_task_mapping.py
[2024-04-07T14:56:47.237+0000] {processor.py:840} INFO - DAG(s) 'example_dynamic_task_mapping' retrieved from /home/airflow/.local/lib/python3.8/site-packages/airflow/example_dags/example_dynamic_task_mapping.py
[2024-04-07T14:56:47.268+0000] {logging_mixin.py:188} INFO - [2024-04-07T14:56:47.267+0000] {dag.py:3047} INFO - Sync 1 DAGs
[2024-04-07T14:56:47.303+0000] {logging_mixin.py:188} INFO - [2024-04-07T14:56:47.302+0000] {dag.py:3834} INFO - Setting next_dagrun for example_dynamic_task_mapping to 2022-03-04 00:00:00+00:00, run_after=2022-03-05 00:00:00+00:00
[2024-04-07T14:56:47.355+0000] {processor.py:183} INFO - Processing /home/airflow/.local/lib/python3.8/site-packages/airflow/example_dags/example_dynamic_task_mapping.py took 0.138 seconds
[2024-04-07T14:57:17.569+0000] {processor.py:161} INFO - Started process (PID=2018) to work on /home/airflow/.local/lib/python3.8/site-packages/airflow/example_dags/example_dynamic_task_mapping.py
[2024-04-07T14:57:17.573+0000] {processor.py:830} INFO - Processing file /home/airflow/.local/lib/python3.8/site-packages/airflow/example_dags/example_dynamic_task_mapping.py for tasks to queue
[2024-04-07T14:57:17.577+0000] {logging_mixin.py:188} INFO - [2024-04-07T14:57:17.576+0000] {dagbag.py:540} INFO - Filling up the DagBag from /home/airflow/.local/lib/python3.8/site-packages/airflow/example_dags/example_dynamic_task_mapping.py
[2024-04-07T14:57:17.594+0000] {processor.py:840} INFO - DAG(s) 'example_dynamic_task_mapping' retrieved from /home/airflow/.local/lib/python3.8/site-packages/airflow/example_dags/example_dynamic_task_mapping.py
[2024-04-07T14:57:17.638+0000] {logging_mixin.py:188} INFO - [2024-04-07T14:57:17.638+0000] {dag.py:3047} INFO - Sync 1 DAGs
[2024-04-07T14:57:17.690+0000] {logging_mixin.py:188} INFO - [2024-04-07T14:57:17.689+0000] {dag.py:3834} INFO - Setting next_dagrun for example_dynamic_task_mapping to 2022-03-04 00:00:00+00:00, run_after=2022-03-05 00:00:00+00:00
[2024-04-07T14:57:17.745+0000] {processor.py:183} INFO - Processing /home/airflow/.local/lib/python3.8/site-packages/airflow/example_dags/example_dynamic_task_mapping.py took 0.184 seconds
[2024-04-07T14:57:48.451+0000] {processor.py:161} INFO - Started process (PID=2076) to work on /home/airflow/.local/lib/python3.8/site-packages/airflow/example_dags/example_dynamic_task_mapping.py
[2024-04-07T14:57:48.453+0000] {processor.py:830} INFO - Processing file /home/airflow/.local/lib/python3.8/site-packages/airflow/example_dags/example_dynamic_task_mapping.py for tasks to queue
[2024-04-07T14:57:48.457+0000] {logging_mixin.py:188} INFO - [2024-04-07T14:57:48.456+0000] {dagbag.py:540} INFO - Filling up the DagBag from /home/airflow/.local/lib/python3.8/site-packages/airflow/example_dags/example_dynamic_task_mapping.py
[2024-04-07T14:57:48.470+0000] {processor.py:840} INFO - DAG(s) 'example_dynamic_task_mapping' retrieved from /home/airflow/.local/lib/python3.8/site-packages/airflow/example_dags/example_dynamic_task_mapping.py
[2024-04-07T14:57:48.543+0000] {logging_mixin.py:188} INFO - [2024-04-07T14:57:48.542+0000] {dag.py:3047} INFO - Sync 1 DAGs
[2024-04-07T14:57:48.635+0000] {logging_mixin.py:188} INFO - [2024-04-07T14:57:48.635+0000] {dag.py:3834} INFO - Setting next_dagrun for example_dynamic_task_mapping to 2022-03-04 00:00:00+00:00, run_after=2022-03-05 00:00:00+00:00
[2024-04-07T14:57:48.680+0000] {processor.py:183} INFO - Processing /home/airflow/.local/lib/python3.8/site-packages/airflow/example_dags/example_dynamic_task_mapping.py took 0.235 seconds
[2024-04-07T14:58:19.336+0000] {processor.py:161} INFO - Started process (PID=2133) to work on /home/airflow/.local/lib/python3.8/site-packages/airflow/example_dags/example_dynamic_task_mapping.py
[2024-04-07T14:58:19.339+0000] {processor.py:830} INFO - Processing file /home/airflow/.local/lib/python3.8/site-packages/airflow/example_dags/example_dynamic_task_mapping.py for tasks to queue
[2024-04-07T14:58:19.344+0000] {logging_mixin.py:188} INFO - [2024-04-07T14:58:19.343+0000] {dagbag.py:540} INFO - Filling up the DagBag from /home/airflow/.local/lib/python3.8/site-packages/airflow/example_dags/example_dynamic_task_mapping.py
[2024-04-07T14:58:19.364+0000] {processor.py:840} INFO - DAG(s) 'example_dynamic_task_mapping' retrieved from /home/airflow/.local/lib/python3.8/site-packages/airflow/example_dags/example_dynamic_task_mapping.py
[2024-04-07T14:58:19.407+0000] {logging_mixin.py:188} INFO - [2024-04-07T14:58:19.407+0000] {dag.py:3047} INFO - Sync 1 DAGs
[2024-04-07T14:58:19.518+0000] {logging_mixin.py:188} INFO - [2024-04-07T14:58:19.518+0000] {dag.py:3834} INFO - Setting next_dagrun for example_dynamic_task_mapping to 2022-03-04 00:00:00+00:00, run_after=2022-03-05 00:00:00+00:00
[2024-04-07T14:58:19.631+0000] {processor.py:183} INFO - Processing /home/airflow/.local/lib/python3.8/site-packages/airflow/example_dags/example_dynamic_task_mapping.py took 0.310 seconds
[2024-04-07T14:58:50.567+0000] {processor.py:161} INFO - Started process (PID=2190) to work on /home/airflow/.local/lib/python3.8/site-packages/airflow/example_dags/example_dynamic_task_mapping.py
[2024-04-07T14:58:50.568+0000] {processor.py:830} INFO - Processing file /home/airflow/.local/lib/python3.8/site-packages/airflow/example_dags/example_dynamic_task_mapping.py for tasks to queue
[2024-04-07T14:58:50.571+0000] {logging_mixin.py:188} INFO - [2024-04-07T14:58:50.571+0000] {dagbag.py:540} INFO - Filling up the DagBag from /home/airflow/.local/lib/python3.8/site-packages/airflow/example_dags/example_dynamic_task_mapping.py
[2024-04-07T14:58:50.580+0000] {processor.py:840} INFO - DAG(s) 'example_dynamic_task_mapping' retrieved from /home/airflow/.local/lib/python3.8/site-packages/airflow/example_dags/example_dynamic_task_mapping.py
[2024-04-07T14:58:50.609+0000] {logging_mixin.py:188} INFO - [2024-04-07T14:58:50.609+0000] {dag.py:3047} INFO - Sync 1 DAGs
[2024-04-07T14:58:50.657+0000] {logging_mixin.py:188} INFO - [2024-04-07T14:58:50.656+0000] {dag.py:3834} INFO - Setting next_dagrun for example_dynamic_task_mapping to 2022-03-04 00:00:00+00:00, run_after=2022-03-05 00:00:00+00:00
[2024-04-07T14:58:50.698+0000] {processor.py:183} INFO - Processing /home/airflow/.local/lib/python3.8/site-packages/airflow/example_dags/example_dynamic_task_mapping.py took 0.137 seconds
[2024-04-07T14:59:21.273+0000] {processor.py:161} INFO - Started process (PID=2247) to work on /home/airflow/.local/lib/python3.8/site-packages/airflow/example_dags/example_dynamic_task_mapping.py
[2024-04-07T14:59:21.279+0000] {processor.py:830} INFO - Processing file /home/airflow/.local/lib/python3.8/site-packages/airflow/example_dags/example_dynamic_task_mapping.py for tasks to queue
[2024-04-07T14:59:21.283+0000] {logging_mixin.py:188} INFO - [2024-04-07T14:59:21.283+0000] {dagbag.py:540} INFO - Filling up the DagBag from /home/airflow/.local/lib/python3.8/site-packages/airflow/example_dags/example_dynamic_task_mapping.py
[2024-04-07T14:59:21.297+0000] {processor.py:840} INFO - DAG(s) 'example_dynamic_task_mapping' retrieved from /home/airflow/.local/lib/python3.8/site-packages/airflow/example_dags/example_dynamic_task_mapping.py
[2024-04-07T14:59:21.342+0000] {logging_mixin.py:188} INFO - [2024-04-07T14:59:21.341+0000] {dag.py:3047} INFO - Sync 1 DAGs
[2024-04-07T14:59:21.401+0000] {logging_mixin.py:188} INFO - [2024-04-07T14:59:21.400+0000] {dag.py:3834} INFO - Setting next_dagrun for example_dynamic_task_mapping to 2022-03-04 00:00:00+00:00, run_after=2022-03-05 00:00:00+00:00
[2024-04-07T14:59:21.444+0000] {processor.py:183} INFO - Processing /home/airflow/.local/lib/python3.8/site-packages/airflow/example_dags/example_dynamic_task_mapping.py took 0.176 seconds
[2024-04-07T14:59:51.659+0000] {processor.py:161} INFO - Started process (PID=2304) to work on /home/airflow/.local/lib/python3.8/site-packages/airflow/example_dags/example_dynamic_task_mapping.py
[2024-04-07T14:59:51.661+0000] {processor.py:830} INFO - Processing file /home/airflow/.local/lib/python3.8/site-packages/airflow/example_dags/example_dynamic_task_mapping.py for tasks to queue
[2024-04-07T14:59:51.664+0000] {logging_mixin.py:188} INFO - [2024-04-07T14:59:51.663+0000] {dagbag.py:540} INFO - Filling up the DagBag from /home/airflow/.local/lib/python3.8/site-packages/airflow/example_dags/example_dynamic_task_mapping.py
[2024-04-07T14:59:51.675+0000] {processor.py:840} INFO - DAG(s) 'example_dynamic_task_mapping' retrieved from /home/airflow/.local/lib/python3.8/site-packages/airflow/example_dags/example_dynamic_task_mapping.py
[2024-04-07T14:59:51.704+0000] {logging_mixin.py:188} INFO - [2024-04-07T14:59:51.703+0000] {dag.py:3047} INFO - Sync 1 DAGs
[2024-04-07T14:59:51.740+0000] {logging_mixin.py:188} INFO - [2024-04-07T14:59:51.739+0000] {dag.py:3834} INFO - Setting next_dagrun for example_dynamic_task_mapping to 2022-03-04 00:00:00+00:00, run_after=2022-03-05 00:00:00+00:00
[2024-04-07T14:59:51.775+0000] {processor.py:183} INFO - Processing /home/airflow/.local/lib/python3.8/site-packages/airflow/example_dags/example_dynamic_task_mapping.py took 0.121 seconds
[2024-04-07T15:00:22.697+0000] {processor.py:161} INFO - Started process (PID=2361) to work on /home/airflow/.local/lib/python3.8/site-packages/airflow/example_dags/example_dynamic_task_mapping.py
[2024-04-07T15:00:22.701+0000] {processor.py:830} INFO - Processing file /home/airflow/.local/lib/python3.8/site-packages/airflow/example_dags/example_dynamic_task_mapping.py for tasks to queue
[2024-04-07T15:00:22.704+0000] {logging_mixin.py:188} INFO - [2024-04-07T15:00:22.703+0000] {dagbag.py:540} INFO - Filling up the DagBag from /home/airflow/.local/lib/python3.8/site-packages/airflow/example_dags/example_dynamic_task_mapping.py
[2024-04-07T15:00:22.717+0000] {processor.py:840} INFO - DAG(s) 'example_dynamic_task_mapping' retrieved from /home/airflow/.local/lib/python3.8/site-packages/airflow/example_dags/example_dynamic_task_mapping.py
[2024-04-07T15:00:22.755+0000] {logging_mixin.py:188} INFO - [2024-04-07T15:00:22.755+0000] {dag.py:3047} INFO - Sync 1 DAGs
[2024-04-07T15:00:22.806+0000] {logging_mixin.py:188} INFO - [2024-04-07T15:00:22.805+0000] {dag.py:3834} INFO - Setting next_dagrun for example_dynamic_task_mapping to 2022-03-04 00:00:00+00:00, run_after=2022-03-05 00:00:00+00:00
[2024-04-07T15:00:22.852+0000] {processor.py:183} INFO - Processing /home/airflow/.local/lib/python3.8/site-packages/airflow/example_dags/example_dynamic_task_mapping.py took 0.160 seconds
[2024-04-07T15:00:53.501+0000] {processor.py:161} INFO - Started process (PID=2418) to work on /home/airflow/.local/lib/python3.8/site-packages/airflow/example_dags/example_dynamic_task_mapping.py
[2024-04-07T15:00:53.504+0000] {processor.py:830} INFO - Processing file /home/airflow/.local/lib/python3.8/site-packages/airflow/example_dags/example_dynamic_task_mapping.py for tasks to queue
[2024-04-07T15:00:53.508+0000] {logging_mixin.py:188} INFO - [2024-04-07T15:00:53.508+0000] {dagbag.py:540} INFO - Filling up the DagBag from /home/airflow/.local/lib/python3.8/site-packages/airflow/example_dags/example_dynamic_task_mapping.py
[2024-04-07T15:00:53.529+0000] {processor.py:840} INFO - DAG(s) 'example_dynamic_task_mapping' retrieved from /home/airflow/.local/lib/python3.8/site-packages/airflow/example_dags/example_dynamic_task_mapping.py
[2024-04-07T15:00:53.574+0000] {logging_mixin.py:188} INFO - [2024-04-07T15:00:53.573+0000] {dag.py:3047} INFO - Sync 1 DAGs
[2024-04-07T15:00:53.662+0000] {logging_mixin.py:188} INFO - [2024-04-07T15:00:53.661+0000] {dag.py:3834} INFO - Setting next_dagrun for example_dynamic_task_mapping to 2022-03-04 00:00:00+00:00, run_after=2022-03-05 00:00:00+00:00
[2024-04-07T15:00:53.706+0000] {processor.py:183} INFO - Processing /home/airflow/.local/lib/python3.8/site-packages/airflow/example_dags/example_dynamic_task_mapping.py took 0.213 seconds
[2024-04-07T15:01:24.371+0000] {processor.py:161} INFO - Started process (PID=2475) to work on /home/airflow/.local/lib/python3.8/site-packages/airflow/example_dags/example_dynamic_task_mapping.py
[2024-04-07T15:01:24.373+0000] {processor.py:830} INFO - Processing file /home/airflow/.local/lib/python3.8/site-packages/airflow/example_dags/example_dynamic_task_mapping.py for tasks to queue
[2024-04-07T15:01:24.376+0000] {logging_mixin.py:188} INFO - [2024-04-07T15:01:24.376+0000] {dagbag.py:540} INFO - Filling up the DagBag from /home/airflow/.local/lib/python3.8/site-packages/airflow/example_dags/example_dynamic_task_mapping.py
[2024-04-07T15:01:24.387+0000] {processor.py:840} INFO - DAG(s) 'example_dynamic_task_mapping' retrieved from /home/airflow/.local/lib/python3.8/site-packages/airflow/example_dags/example_dynamic_task_mapping.py
[2024-04-07T15:01:24.419+0000] {logging_mixin.py:188} INFO - [2024-04-07T15:01:24.419+0000] {dag.py:3047} INFO - Sync 1 DAGs
[2024-04-07T15:01:24.465+0000] {logging_mixin.py:188} INFO - [2024-04-07T15:01:24.465+0000] {dag.py:3834} INFO - Setting next_dagrun for example_dynamic_task_mapping to 2022-03-04 00:00:00+00:00, run_after=2022-03-05 00:00:00+00:00
[2024-04-07T15:01:24.509+0000] {processor.py:183} INFO - Processing /home/airflow/.local/lib/python3.8/site-packages/airflow/example_dags/example_dynamic_task_mapping.py took 0.144 seconds
[2024-04-07T15:01:55.224+0000] {processor.py:161} INFO - Started process (PID=2532) to work on /home/airflow/.local/lib/python3.8/site-packages/airflow/example_dags/example_dynamic_task_mapping.py
[2024-04-07T15:01:55.227+0000] {processor.py:830} INFO - Processing file /home/airflow/.local/lib/python3.8/site-packages/airflow/example_dags/example_dynamic_task_mapping.py for tasks to queue
[2024-04-07T15:01:55.230+0000] {logging_mixin.py:188} INFO - [2024-04-07T15:01:55.230+0000] {dagbag.py:540} INFO - Filling up the DagBag from /home/airflow/.local/lib/python3.8/site-packages/airflow/example_dags/example_dynamic_task_mapping.py
[2024-04-07T15:01:55.240+0000] {processor.py:840} INFO - DAG(s) 'example_dynamic_task_mapping' retrieved from /home/airflow/.local/lib/python3.8/site-packages/airflow/example_dags/example_dynamic_task_mapping.py
[2024-04-07T15:01:55.274+0000] {logging_mixin.py:188} INFO - [2024-04-07T15:01:55.273+0000] {dag.py:3047} INFO - Sync 1 DAGs
[2024-04-07T15:01:55.318+0000] {logging_mixin.py:188} INFO - [2024-04-07T15:01:55.318+0000] {dag.py:3834} INFO - Setting next_dagrun for example_dynamic_task_mapping to 2022-03-04 00:00:00+00:00, run_after=2022-03-05 00:00:00+00:00
[2024-04-07T15:01:55.347+0000] {processor.py:183} INFO - Processing /home/airflow/.local/lib/python3.8/site-packages/airflow/example_dags/example_dynamic_task_mapping.py took 0.129 seconds
[2024-04-07T15:02:25.512+0000] {processor.py:161} INFO - Started process (PID=2589) to work on /home/airflow/.local/lib/python3.8/site-packages/airflow/example_dags/example_dynamic_task_mapping.py
[2024-04-07T15:02:25.514+0000] {processor.py:830} INFO - Processing file /home/airflow/.local/lib/python3.8/site-packages/airflow/example_dags/example_dynamic_task_mapping.py for tasks to queue
[2024-04-07T15:02:25.516+0000] {logging_mixin.py:188} INFO - [2024-04-07T15:02:25.516+0000] {dagbag.py:540} INFO - Filling up the DagBag from /home/airflow/.local/lib/python3.8/site-packages/airflow/example_dags/example_dynamic_task_mapping.py
[2024-04-07T15:02:25.526+0000] {processor.py:840} INFO - DAG(s) 'example_dynamic_task_mapping' retrieved from /home/airflow/.local/lib/python3.8/site-packages/airflow/example_dags/example_dynamic_task_mapping.py
[2024-04-07T15:02:25.553+0000] {logging_mixin.py:188} INFO - [2024-04-07T15:02:25.553+0000] {dag.py:3047} INFO - Sync 1 DAGs
[2024-04-07T15:02:25.592+0000] {logging_mixin.py:188} INFO - [2024-04-07T15:02:25.591+0000] {dag.py:3834} INFO - Setting next_dagrun for example_dynamic_task_mapping to 2022-03-04 00:00:00+00:00, run_after=2022-03-05 00:00:00+00:00
[2024-04-07T15:02:25.635+0000] {processor.py:183} INFO - Processing /home/airflow/.local/lib/python3.8/site-packages/airflow/example_dags/example_dynamic_task_mapping.py took 0.130 seconds
[2024-04-07T15:02:56.427+0000] {processor.py:161} INFO - Started process (PID=2646) to work on /home/airflow/.local/lib/python3.8/site-packages/airflow/example_dags/example_dynamic_task_mapping.py
[2024-04-07T15:02:56.430+0000] {processor.py:830} INFO - Processing file /home/airflow/.local/lib/python3.8/site-packages/airflow/example_dags/example_dynamic_task_mapping.py for tasks to queue
[2024-04-07T15:02:56.433+0000] {logging_mixin.py:188} INFO - [2024-04-07T15:02:56.433+0000] {dagbag.py:540} INFO - Filling up the DagBag from /home/airflow/.local/lib/python3.8/site-packages/airflow/example_dags/example_dynamic_task_mapping.py
[2024-04-07T15:02:56.450+0000] {processor.py:840} INFO - DAG(s) 'example_dynamic_task_mapping' retrieved from /home/airflow/.local/lib/python3.8/site-packages/airflow/example_dags/example_dynamic_task_mapping.py
[2024-04-07T15:02:56.493+0000] {logging_mixin.py:188} INFO - [2024-04-07T15:02:56.492+0000] {dag.py:3047} INFO - Sync 1 DAGs
[2024-04-07T15:02:56.555+0000] {logging_mixin.py:188} INFO - [2024-04-07T15:02:56.553+0000] {dag.py:3834} INFO - Setting next_dagrun for example_dynamic_task_mapping to 2022-03-04 00:00:00+00:00, run_after=2022-03-05 00:00:00+00:00
[2024-04-07T15:02:56.622+0000] {processor.py:183} INFO - Processing /home/airflow/.local/lib/python3.8/site-packages/airflow/example_dags/example_dynamic_task_mapping.py took 0.202 seconds
[2024-04-07T15:03:26.809+0000] {processor.py:161} INFO - Started process (PID=2703) to work on /home/airflow/.local/lib/python3.8/site-packages/airflow/example_dags/example_dynamic_task_mapping.py
[2024-04-07T15:03:26.811+0000] {processor.py:830} INFO - Processing file /home/airflow/.local/lib/python3.8/site-packages/airflow/example_dags/example_dynamic_task_mapping.py for tasks to queue
[2024-04-07T15:03:26.814+0000] {logging_mixin.py:188} INFO - [2024-04-07T15:03:26.814+0000] {dagbag.py:540} INFO - Filling up the DagBag from /home/airflow/.local/lib/python3.8/site-packages/airflow/example_dags/example_dynamic_task_mapping.py
[2024-04-07T15:03:26.827+0000] {processor.py:840} INFO - DAG(s) 'example_dynamic_task_mapping' retrieved from /home/airflow/.local/lib/python3.8/site-packages/airflow/example_dags/example_dynamic_task_mapping.py
[2024-04-07T15:03:26.863+0000] {logging_mixin.py:188} INFO - [2024-04-07T15:03:26.863+0000] {dag.py:3047} INFO - Sync 1 DAGs
[2024-04-07T15:03:26.898+0000] {logging_mixin.py:188} INFO - [2024-04-07T15:03:26.898+0000] {dag.py:3834} INFO - Setting next_dagrun for example_dynamic_task_mapping to 2022-03-04 00:00:00+00:00, run_after=2022-03-05 00:00:00+00:00
[2024-04-07T15:03:26.929+0000] {processor.py:183} INFO - Processing /home/airflow/.local/lib/python3.8/site-packages/airflow/example_dags/example_dynamic_task_mapping.py took 0.125 seconds
[2024-04-07T15:03:57.303+0000] {processor.py:161} INFO - Started process (PID=2760) to work on /home/airflow/.local/lib/python3.8/site-packages/airflow/example_dags/example_dynamic_task_mapping.py
[2024-04-07T15:03:57.305+0000] {processor.py:830} INFO - Processing file /home/airflow/.local/lib/python3.8/site-packages/airflow/example_dags/example_dynamic_task_mapping.py for tasks to queue
[2024-04-07T15:03:57.308+0000] {logging_mixin.py:188} INFO - [2024-04-07T15:03:57.307+0000] {dagbag.py:540} INFO - Filling up the DagBag from /home/airflow/.local/lib/python3.8/site-packages/airflow/example_dags/example_dynamic_task_mapping.py
[2024-04-07T15:03:57.317+0000] {processor.py:840} INFO - DAG(s) 'example_dynamic_task_mapping' retrieved from /home/airflow/.local/lib/python3.8/site-packages/airflow/example_dags/example_dynamic_task_mapping.py
[2024-04-07T15:03:57.347+0000] {logging_mixin.py:188} INFO - [2024-04-07T15:03:57.347+0000] {dag.py:3047} INFO - Sync 1 DAGs
[2024-04-07T15:03:57.384+0000] {logging_mixin.py:188} INFO - [2024-04-07T15:03:57.384+0000] {dag.py:3834} INFO - Setting next_dagrun for example_dynamic_task_mapping to 2022-03-04 00:00:00+00:00, run_after=2022-03-05 00:00:00+00:00
[2024-04-07T15:03:57.419+0000] {processor.py:183} INFO - Processing /home/airflow/.local/lib/python3.8/site-packages/airflow/example_dags/example_dynamic_task_mapping.py took 0.121 seconds
[2024-04-07T15:04:27.852+0000] {processor.py:161} INFO - Started process (PID=2817) to work on /home/airflow/.local/lib/python3.8/site-packages/airflow/example_dags/example_dynamic_task_mapping.py
[2024-04-07T15:04:27.854+0000] {processor.py:830} INFO - Processing file /home/airflow/.local/lib/python3.8/site-packages/airflow/example_dags/example_dynamic_task_mapping.py for tasks to queue
[2024-04-07T15:04:27.857+0000] {logging_mixin.py:188} INFO - [2024-04-07T15:04:27.856+0000] {dagbag.py:540} INFO - Filling up the DagBag from /home/airflow/.local/lib/python3.8/site-packages/airflow/example_dags/example_dynamic_task_mapping.py
[2024-04-07T15:04:27.868+0000] {processor.py:840} INFO - DAG(s) 'example_dynamic_task_mapping' retrieved from /home/airflow/.local/lib/python3.8/site-packages/airflow/example_dags/example_dynamic_task_mapping.py
[2024-04-07T15:04:27.903+0000] {logging_mixin.py:188} INFO - [2024-04-07T15:04:27.903+0000] {dag.py:3047} INFO - Sync 1 DAGs
[2024-04-07T15:04:27.949+0000] {logging_mixin.py:188} INFO - [2024-04-07T15:04:27.949+0000] {dag.py:3834} INFO - Setting next_dagrun for example_dynamic_task_mapping to 2022-03-04 00:00:00+00:00, run_after=2022-03-05 00:00:00+00:00
[2024-04-07T15:04:27.981+0000] {processor.py:183} INFO - Processing /home/airflow/.local/lib/python3.8/site-packages/airflow/example_dags/example_dynamic_task_mapping.py took 0.144 seconds
[2024-04-07T15:04:58.089+0000] {processor.py:161} INFO - Started process (PID=2874) to work on /home/airflow/.local/lib/python3.8/site-packages/airflow/example_dags/example_dynamic_task_mapping.py
[2024-04-07T15:04:58.091+0000] {processor.py:830} INFO - Processing file /home/airflow/.local/lib/python3.8/site-packages/airflow/example_dags/example_dynamic_task_mapping.py for tasks to queue
[2024-04-07T15:04:58.095+0000] {logging_mixin.py:188} INFO - [2024-04-07T15:04:58.095+0000] {dagbag.py:540} INFO - Filling up the DagBag from /home/airflow/.local/lib/python3.8/site-packages/airflow/example_dags/example_dynamic_task_mapping.py
[2024-04-07T15:04:58.107+0000] {processor.py:840} INFO - DAG(s) 'example_dynamic_task_mapping' retrieved from /home/airflow/.local/lib/python3.8/site-packages/airflow/example_dags/example_dynamic_task_mapping.py
[2024-04-07T15:04:58.138+0000] {logging_mixin.py:188} INFO - [2024-04-07T15:04:58.137+0000] {dag.py:3047} INFO - Sync 1 DAGs
[2024-04-07T15:04:58.172+0000] {logging_mixin.py:188} INFO - [2024-04-07T15:04:58.172+0000] {dag.py:3834} INFO - Setting next_dagrun for example_dynamic_task_mapping to 2022-03-04 00:00:00+00:00, run_after=2022-03-05 00:00:00+00:00
[2024-04-07T15:04:58.214+0000] {processor.py:183} INFO - Processing /home/airflow/.local/lib/python3.8/site-packages/airflow/example_dags/example_dynamic_task_mapping.py took 0.134 seconds
[2024-04-07T15:05:28.629+0000] {processor.py:161} INFO - Started process (PID=2931) to work on /home/airflow/.local/lib/python3.8/site-packages/airflow/example_dags/example_dynamic_task_mapping.py
[2024-04-07T15:05:28.631+0000] {processor.py:830} INFO - Processing file /home/airflow/.local/lib/python3.8/site-packages/airflow/example_dags/example_dynamic_task_mapping.py for tasks to queue
[2024-04-07T15:05:28.634+0000] {logging_mixin.py:188} INFO - [2024-04-07T15:05:28.634+0000] {dagbag.py:540} INFO - Filling up the DagBag from /home/airflow/.local/lib/python3.8/site-packages/airflow/example_dags/example_dynamic_task_mapping.py
[2024-04-07T15:05:28.646+0000] {processor.py:840} INFO - DAG(s) 'example_dynamic_task_mapping' retrieved from /home/airflow/.local/lib/python3.8/site-packages/airflow/example_dags/example_dynamic_task_mapping.py
[2024-04-07T15:05:28.677+0000] {logging_mixin.py:188} INFO - [2024-04-07T15:05:28.676+0000] {dag.py:3047} INFO - Sync 1 DAGs
[2024-04-07T15:05:28.713+0000] {logging_mixin.py:188} INFO - [2024-04-07T15:05:28.713+0000] {dag.py:3834} INFO - Setting next_dagrun for example_dynamic_task_mapping to 2022-03-04 00:00:00+00:00, run_after=2022-03-05 00:00:00+00:00
[2024-04-07T15:05:28.748+0000] {processor.py:183} INFO - Processing /home/airflow/.local/lib/python3.8/site-packages/airflow/example_dags/example_dynamic_task_mapping.py took 0.123 seconds
[2024-04-07T15:05:59.226+0000] {processor.py:161} INFO - Started process (PID=2985) to work on /home/airflow/.local/lib/python3.8/site-packages/airflow/example_dags/example_dynamic_task_mapping.py
[2024-04-07T15:05:59.228+0000] {processor.py:830} INFO - Processing file /home/airflow/.local/lib/python3.8/site-packages/airflow/example_dags/example_dynamic_task_mapping.py for tasks to queue
[2024-04-07T15:05:59.231+0000] {logging_mixin.py:188} INFO - [2024-04-07T15:05:59.230+0000] {dagbag.py:540} INFO - Filling up the DagBag from /home/airflow/.local/lib/python3.8/site-packages/airflow/example_dags/example_dynamic_task_mapping.py
[2024-04-07T15:05:59.240+0000] {processor.py:840} INFO - DAG(s) 'example_dynamic_task_mapping' retrieved from /home/airflow/.local/lib/python3.8/site-packages/airflow/example_dags/example_dynamic_task_mapping.py
[2024-04-07T15:05:59.270+0000] {logging_mixin.py:188} INFO - [2024-04-07T15:05:59.269+0000] {dag.py:3047} INFO - Sync 1 DAGs
[2024-04-07T15:05:59.303+0000] {logging_mixin.py:188} INFO - [2024-04-07T15:05:59.302+0000] {dag.py:3834} INFO - Setting next_dagrun for example_dynamic_task_mapping to 2022-03-04 00:00:00+00:00, run_after=2022-03-05 00:00:00+00:00
[2024-04-07T15:05:59.341+0000] {processor.py:183} INFO - Processing /home/airflow/.local/lib/python3.8/site-packages/airflow/example_dags/example_dynamic_task_mapping.py took 0.120 seconds
[2024-04-07T15:06:29.430+0000] {processor.py:161} INFO - Started process (PID=3042) to work on /home/airflow/.local/lib/python3.8/site-packages/airflow/example_dags/example_dynamic_task_mapping.py
[2024-04-07T15:06:29.433+0000] {processor.py:830} INFO - Processing file /home/airflow/.local/lib/python3.8/site-packages/airflow/example_dags/example_dynamic_task_mapping.py for tasks to queue
[2024-04-07T15:06:29.436+0000] {logging_mixin.py:188} INFO - [2024-04-07T15:06:29.435+0000] {dagbag.py:540} INFO - Filling up the DagBag from /home/airflow/.local/lib/python3.8/site-packages/airflow/example_dags/example_dynamic_task_mapping.py
[2024-04-07T15:06:29.448+0000] {processor.py:840} INFO - DAG(s) 'example_dynamic_task_mapping' retrieved from /home/airflow/.local/lib/python3.8/site-packages/airflow/example_dags/example_dynamic_task_mapping.py
[2024-04-07T15:06:29.484+0000] {logging_mixin.py:188} INFO - [2024-04-07T15:06:29.484+0000] {dag.py:3047} INFO - Sync 1 DAGs
[2024-04-07T15:06:29.522+0000] {logging_mixin.py:188} INFO - [2024-04-07T15:06:29.521+0000] {dag.py:3834} INFO - Setting next_dagrun for example_dynamic_task_mapping to 2022-03-04 00:00:00+00:00, run_after=2022-03-05 00:00:00+00:00
[2024-04-07T15:06:29.558+0000] {processor.py:183} INFO - Processing /home/airflow/.local/lib/python3.8/site-packages/airflow/example_dags/example_dynamic_task_mapping.py took 0.136 seconds
[2024-04-07T15:06:59.965+0000] {processor.py:161} INFO - Started process (PID=3099) to work on /home/airflow/.local/lib/python3.8/site-packages/airflow/example_dags/example_dynamic_task_mapping.py
[2024-04-07T15:06:59.973+0000] {processor.py:830} INFO - Processing file /home/airflow/.local/lib/python3.8/site-packages/airflow/example_dags/example_dynamic_task_mapping.py for tasks to queue
[2024-04-07T15:06:59.978+0000] {logging_mixin.py:188} INFO - [2024-04-07T15:06:59.977+0000] {dagbag.py:540} INFO - Filling up the DagBag from /home/airflow/.local/lib/python3.8/site-packages/airflow/example_dags/example_dynamic_task_mapping.py
[2024-04-07T15:06:59.993+0000] {processor.py:840} INFO - DAG(s) 'example_dynamic_task_mapping' retrieved from /home/airflow/.local/lib/python3.8/site-packages/airflow/example_dags/example_dynamic_task_mapping.py
[2024-04-07T15:07:00.069+0000] {logging_mixin.py:188} INFO - [2024-04-07T15:07:00.068+0000] {dag.py:3047} INFO - Sync 1 DAGs
[2024-04-07T15:07:00.180+0000] {logging_mixin.py:188} INFO - [2024-04-07T15:07:00.180+0000] {dag.py:3834} INFO - Setting next_dagrun for example_dynamic_task_mapping to 2022-03-04 00:00:00+00:00, run_after=2022-03-05 00:00:00+00:00
[2024-04-07T15:07:00.271+0000] {processor.py:183} INFO - Processing /home/airflow/.local/lib/python3.8/site-packages/airflow/example_dags/example_dynamic_task_mapping.py took 0.336 seconds
[2024-04-07T15:07:30.577+0000] {processor.py:161} INFO - Started process (PID=3156) to work on /home/airflow/.local/lib/python3.8/site-packages/airflow/example_dags/example_dynamic_task_mapping.py
[2024-04-07T15:07:30.579+0000] {processor.py:830} INFO - Processing file /home/airflow/.local/lib/python3.8/site-packages/airflow/example_dags/example_dynamic_task_mapping.py for tasks to queue
[2024-04-07T15:07:30.582+0000] {logging_mixin.py:188} INFO - [2024-04-07T15:07:30.581+0000] {dagbag.py:540} INFO - Filling up the DagBag from /home/airflow/.local/lib/python3.8/site-packages/airflow/example_dags/example_dynamic_task_mapping.py
[2024-04-07T15:07:30.594+0000] {processor.py:840} INFO - DAG(s) 'example_dynamic_task_mapping' retrieved from /home/airflow/.local/lib/python3.8/site-packages/airflow/example_dags/example_dynamic_task_mapping.py
[2024-04-07T15:07:30.633+0000] {logging_mixin.py:188} INFO - [2024-04-07T15:07:30.633+0000] {dag.py:3047} INFO - Sync 1 DAGs
[2024-04-07T15:07:30.686+0000] {logging_mixin.py:188} INFO - [2024-04-07T15:07:30.685+0000] {dag.py:3834} INFO - Setting next_dagrun for example_dynamic_task_mapping to 2022-03-04 00:00:00+00:00, run_after=2022-03-05 00:00:00+00:00
[2024-04-07T15:07:30.721+0000] {processor.py:183} INFO - Processing /home/airflow/.local/lib/python3.8/site-packages/airflow/example_dags/example_dynamic_task_mapping.py took 0.148 seconds
[2024-04-07T15:08:00.940+0000] {processor.py:161} INFO - Started process (PID=3213) to work on /home/airflow/.local/lib/python3.8/site-packages/airflow/example_dags/example_dynamic_task_mapping.py
[2024-04-07T15:08:00.942+0000] {processor.py:830} INFO - Processing file /home/airflow/.local/lib/python3.8/site-packages/airflow/example_dags/example_dynamic_task_mapping.py for tasks to queue
[2024-04-07T15:08:00.945+0000] {logging_mixin.py:188} INFO - [2024-04-07T15:08:00.944+0000] {dagbag.py:540} INFO - Filling up the DagBag from /home/airflow/.local/lib/python3.8/site-packages/airflow/example_dags/example_dynamic_task_mapping.py
[2024-04-07T15:08:00.954+0000] {processor.py:840} INFO - DAG(s) 'example_dynamic_task_mapping' retrieved from /home/airflow/.local/lib/python3.8/site-packages/airflow/example_dags/example_dynamic_task_mapping.py
[2024-04-07T15:08:00.990+0000] {logging_mixin.py:188} INFO - [2024-04-07T15:08:00.990+0000] {dag.py:3047} INFO - Sync 1 DAGs
[2024-04-07T15:08:01.027+0000] {logging_mixin.py:188} INFO - [2024-04-07T15:08:01.026+0000] {dag.py:3834} INFO - Setting next_dagrun for example_dynamic_task_mapping to 2022-03-04 00:00:00+00:00, run_after=2022-03-05 00:00:00+00:00
[2024-04-07T15:08:01.059+0000] {processor.py:183} INFO - Processing /home/airflow/.local/lib/python3.8/site-packages/airflow/example_dags/example_dynamic_task_mapping.py took 0.123 seconds
[2024-04-07T15:08:31.205+0000] {processor.py:161} INFO - Started process (PID=3270) to work on /home/airflow/.local/lib/python3.8/site-packages/airflow/example_dags/example_dynamic_task_mapping.py
[2024-04-07T15:08:31.218+0000] {processor.py:830} INFO - Processing file /home/airflow/.local/lib/python3.8/site-packages/airflow/example_dags/example_dynamic_task_mapping.py for tasks to queue
[2024-04-07T15:08:31.222+0000] {logging_mixin.py:188} INFO - [2024-04-07T15:08:31.222+0000] {dagbag.py:540} INFO - Filling up the DagBag from /home/airflow/.local/lib/python3.8/site-packages/airflow/example_dags/example_dynamic_task_mapping.py
[2024-04-07T15:08:31.267+0000] {processor.py:840} INFO - DAG(s) 'example_dynamic_task_mapping' retrieved from /home/airflow/.local/lib/python3.8/site-packages/airflow/example_dags/example_dynamic_task_mapping.py
[2024-04-07T15:08:31.388+0000] {logging_mixin.py:188} INFO - [2024-04-07T15:08:31.377+0000] {dag.py:3047} INFO - Sync 1 DAGs
[2024-04-07T15:08:31.481+0000] {logging_mixin.py:188} INFO - [2024-04-07T15:08:31.480+0000] {dag.py:3834} INFO - Setting next_dagrun for example_dynamic_task_mapping to 2022-03-04 00:00:00+00:00, run_after=2022-03-05 00:00:00+00:00
[2024-04-07T15:08:31.581+0000] {processor.py:183} INFO - Processing /home/airflow/.local/lib/python3.8/site-packages/airflow/example_dags/example_dynamic_task_mapping.py took 0.383 seconds
[2024-04-07T15:09:09.908+0000] {processor.py:161} INFO - Started process (PID=3333) to work on /home/airflow/.local/lib/python3.8/site-packages/airflow/example_dags/example_dynamic_task_mapping.py
[2024-04-07T15:09:09.911+0000] {processor.py:830} INFO - Processing file /home/airflow/.local/lib/python3.8/site-packages/airflow/example_dags/example_dynamic_task_mapping.py for tasks to queue
[2024-04-07T15:09:09.914+0000] {logging_mixin.py:188} INFO - [2024-04-07T15:09:09.913+0000] {dagbag.py:540} INFO - Filling up the DagBag from /home/airflow/.local/lib/python3.8/site-packages/airflow/example_dags/example_dynamic_task_mapping.py
[2024-04-07T15:09:09.926+0000] {processor.py:840} INFO - DAG(s) 'example_dynamic_task_mapping' retrieved from /home/airflow/.local/lib/python3.8/site-packages/airflow/example_dags/example_dynamic_task_mapping.py
[2024-04-07T15:09:09.962+0000] {logging_mixin.py:188} INFO - [2024-04-07T15:09:09.961+0000] {dag.py:3047} INFO - Sync 1 DAGs
[2024-04-07T15:09:10.005+0000] {logging_mixin.py:188} INFO - [2024-04-07T15:09:10.005+0000] {dag.py:3834} INFO - Setting next_dagrun for example_dynamic_task_mapping to 2022-03-04 00:00:00+00:00, run_after=2022-03-05 00:00:00+00:00
[2024-04-07T15:09:12.319+0000] {processor.py:183} INFO - Processing /home/airflow/.local/lib/python3.8/site-packages/airflow/example_dags/example_dynamic_task_mapping.py took 2.417 seconds
[2024-04-07T15:09:47.775+0000] {processor.py:161} INFO - Started process (PID=3391) to work on /home/airflow/.local/lib/python3.8/site-packages/airflow/example_dags/example_dynamic_task_mapping.py
[2024-04-07T15:09:47.778+0000] {processor.py:830} INFO - Processing file /home/airflow/.local/lib/python3.8/site-packages/airflow/example_dags/example_dynamic_task_mapping.py for tasks to queue
[2024-04-07T15:09:47.792+0000] {logging_mixin.py:188} INFO - [2024-04-07T15:09:47.791+0000] {dagbag.py:540} INFO - Filling up the DagBag from /home/airflow/.local/lib/python3.8/site-packages/airflow/example_dags/example_dynamic_task_mapping.py
[2024-04-07T15:09:47.827+0000] {processor.py:840} INFO - DAG(s) 'example_dynamic_task_mapping' retrieved from /home/airflow/.local/lib/python3.8/site-packages/airflow/example_dags/example_dynamic_task_mapping.py
[2024-04-07T15:09:47.909+0000] {logging_mixin.py:188} INFO - [2024-04-07T15:09:47.908+0000] {dag.py:3047} INFO - Sync 1 DAGs
[2024-04-07T15:09:48.042+0000] {logging_mixin.py:188} INFO - [2024-04-07T15:09:48.041+0000] {dag.py:3834} INFO - Setting next_dagrun for example_dynamic_task_mapping to 2022-03-04 00:00:00+00:00, run_after=2022-03-05 00:00:00+00:00
[2024-04-07T15:09:48.140+0000] {processor.py:183} INFO - Processing /home/airflow/.local/lib/python3.8/site-packages/airflow/example_dags/example_dynamic_task_mapping.py took 0.382 seconds
[2024-04-07T15:10:18.326+0000] {processor.py:161} INFO - Started process (PID=3448) to work on /home/airflow/.local/lib/python3.8/site-packages/airflow/example_dags/example_dynamic_task_mapping.py
[2024-04-07T15:10:18.328+0000] {processor.py:830} INFO - Processing file /home/airflow/.local/lib/python3.8/site-packages/airflow/example_dags/example_dynamic_task_mapping.py for tasks to queue
[2024-04-07T15:10:18.332+0000] {logging_mixin.py:188} INFO - [2024-04-07T15:10:18.332+0000] {dagbag.py:540} INFO - Filling up the DagBag from /home/airflow/.local/lib/python3.8/site-packages/airflow/example_dags/example_dynamic_task_mapping.py
[2024-04-07T15:10:18.351+0000] {processor.py:840} INFO - DAG(s) 'example_dynamic_task_mapping' retrieved from /home/airflow/.local/lib/python3.8/site-packages/airflow/example_dags/example_dynamic_task_mapping.py
[2024-04-07T15:10:18.440+0000] {logging_mixin.py:188} INFO - [2024-04-07T15:10:18.428+0000] {dag.py:3047} INFO - Sync 1 DAGs
[2024-04-07T15:10:18.507+0000] {logging_mixin.py:188} INFO - [2024-04-07T15:10:18.506+0000] {dag.py:3834} INFO - Setting next_dagrun for example_dynamic_task_mapping to 2022-03-04 00:00:00+00:00, run_after=2022-03-05 00:00:00+00:00
[2024-04-07T15:10:18.570+0000] {processor.py:183} INFO - Processing /home/airflow/.local/lib/python3.8/site-packages/airflow/example_dags/example_dynamic_task_mapping.py took 0.256 seconds
[2024-04-07T15:10:50.168+0000] {processor.py:161} INFO - Started process (PID=3505) to work on /home/airflow/.local/lib/python3.8/site-packages/airflow/example_dags/example_dynamic_task_mapping.py
[2024-04-07T15:10:50.170+0000] {processor.py:830} INFO - Processing file /home/airflow/.local/lib/python3.8/site-packages/airflow/example_dags/example_dynamic_task_mapping.py for tasks to queue
[2024-04-07T15:10:50.175+0000] {logging_mixin.py:188} INFO - [2024-04-07T15:10:50.174+0000] {dagbag.py:540} INFO - Filling up the DagBag from /home/airflow/.local/lib/python3.8/site-packages/airflow/example_dags/example_dynamic_task_mapping.py
[2024-04-07T15:10:50.191+0000] {processor.py:840} INFO - DAG(s) 'example_dynamic_task_mapping' retrieved from /home/airflow/.local/lib/python3.8/site-packages/airflow/example_dags/example_dynamic_task_mapping.py
[2024-04-07T15:10:50.277+0000] {logging_mixin.py:188} INFO - [2024-04-07T15:10:50.274+0000] {dag.py:3047} INFO - Sync 1 DAGs
[2024-04-07T15:10:50.390+0000] {logging_mixin.py:188} INFO - [2024-04-07T15:10:50.389+0000] {dag.py:3834} INFO - Setting next_dagrun for example_dynamic_task_mapping to 2022-03-04 00:00:00+00:00, run_after=2022-03-05 00:00:00+00:00
[2024-04-07T15:10:51.033+0000] {processor.py:183} INFO - Processing /home/airflow/.local/lib/python3.8/site-packages/airflow/example_dags/example_dynamic_task_mapping.py took 0.872 seconds
[2024-04-07T15:11:21.689+0000] {processor.py:161} INFO - Started process (PID=3563) to work on /home/airflow/.local/lib/python3.8/site-packages/airflow/example_dags/example_dynamic_task_mapping.py
[2024-04-07T15:11:21.691+0000] {processor.py:830} INFO - Processing file /home/airflow/.local/lib/python3.8/site-packages/airflow/example_dags/example_dynamic_task_mapping.py for tasks to queue
[2024-04-07T15:11:21.695+0000] {logging_mixin.py:188} INFO - [2024-04-07T15:11:21.694+0000] {dagbag.py:540} INFO - Filling up the DagBag from /home/airflow/.local/lib/python3.8/site-packages/airflow/example_dags/example_dynamic_task_mapping.py
[2024-04-07T15:11:21.715+0000] {processor.py:840} INFO - DAG(s) 'example_dynamic_task_mapping' retrieved from /home/airflow/.local/lib/python3.8/site-packages/airflow/example_dags/example_dynamic_task_mapping.py
[2024-04-07T15:11:21.747+0000] {logging_mixin.py:188} INFO - [2024-04-07T15:11:21.746+0000] {dag.py:3047} INFO - Sync 1 DAGs
[2024-04-07T15:11:21.780+0000] {logging_mixin.py:188} INFO - [2024-04-07T15:11:21.779+0000] {dag.py:3834} INFO - Setting next_dagrun for example_dynamic_task_mapping to 2022-03-04 00:00:00+00:00, run_after=2022-03-05 00:00:00+00:00
[2024-04-07T15:11:21.805+0000] {processor.py:183} INFO - Processing /home/airflow/.local/lib/python3.8/site-packages/airflow/example_dags/example_dynamic_task_mapping.py took 0.122 seconds
[2024-04-07T15:11:52.111+0000] {processor.py:161} INFO - Started process (PID=3620) to work on /home/airflow/.local/lib/python3.8/site-packages/airflow/example_dags/example_dynamic_task_mapping.py
[2024-04-07T15:11:52.113+0000] {processor.py:830} INFO - Processing file /home/airflow/.local/lib/python3.8/site-packages/airflow/example_dags/example_dynamic_task_mapping.py for tasks to queue
[2024-04-07T15:11:52.118+0000] {logging_mixin.py:188} INFO - [2024-04-07T15:11:52.117+0000] {dagbag.py:540} INFO - Filling up the DagBag from /home/airflow/.local/lib/python3.8/site-packages/airflow/example_dags/example_dynamic_task_mapping.py
[2024-04-07T15:11:52.135+0000] {processor.py:840} INFO - DAG(s) 'example_dynamic_task_mapping' retrieved from /home/airflow/.local/lib/python3.8/site-packages/airflow/example_dags/example_dynamic_task_mapping.py
[2024-04-07T15:11:52.185+0000] {logging_mixin.py:188} INFO - [2024-04-07T15:11:52.185+0000] {dag.py:3047} INFO - Sync 1 DAGs
[2024-04-07T15:11:52.226+0000] {logging_mixin.py:188} INFO - [2024-04-07T15:11:52.225+0000] {dag.py:3834} INFO - Setting next_dagrun for example_dynamic_task_mapping to 2022-03-04 00:00:00+00:00, run_after=2022-03-05 00:00:00+00:00
[2024-04-07T15:11:52.268+0000] {processor.py:183} INFO - Processing /home/airflow/.local/lib/python3.8/site-packages/airflow/example_dags/example_dynamic_task_mapping.py took 0.163 seconds
