[2024-04-07T14:39:39.165+0000] {processor.py:161} INFO - Started process (PID=88) to work on /home/airflow/.local/lib/python3.8/site-packages/airflow/example_dags/example_python_operator.py
[2024-04-07T14:39:39.168+0000] {processor.py:830} INFO - Processing file /home/airflow/.local/lib/python3.8/site-packages/airflow/example_dags/example_python_operator.py for tasks to queue
[2024-04-07T14:39:39.171+0000] {logging_mixin.py:188} INFO - [2024-04-07T14:39:39.171+0000] {dagbag.py:540} INFO - Filling up the DagBag from /home/airflow/.local/lib/python3.8/site-packages/airflow/example_dags/example_python_operator.py
[2024-04-07T14:39:39.285+0000] {processor.py:840} INFO - DAG(s) 'example_python_operator' retrieved from /home/airflow/.local/lib/python3.8/site-packages/airflow/example_dags/example_python_operator.py
[2024-04-07T14:39:39.497+0000] {logging_mixin.py:188} INFO - [2024-04-07T14:39:39.496+0000] {dag.py:3047} INFO - Sync 1 DAGs
[2024-04-07T14:39:39.517+0000] {logging_mixin.py:188} INFO - [2024-04-07T14:39:39.517+0000] {dag.py:3834} INFO - Setting next_dagrun for example_python_operator to None, run_after=None
[2024-04-07T14:39:40.126+0000] {processor.py:183} INFO - Processing /home/airflow/.local/lib/python3.8/site-packages/airflow/example_dags/example_python_operator.py took 0.966 seconds
[2024-04-07T14:40:15.276+0000] {processor.py:161} INFO - Started process (PID=145) to work on /home/airflow/.local/lib/python3.8/site-packages/airflow/example_dags/example_python_operator.py
[2024-04-07T14:40:15.293+0000] {processor.py:830} INFO - Processing file /home/airflow/.local/lib/python3.8/site-packages/airflow/example_dags/example_python_operator.py for tasks to queue
[2024-04-07T14:40:15.307+0000] {logging_mixin.py:188} INFO - [2024-04-07T14:40:15.306+0000] {dagbag.py:540} INFO - Filling up the DagBag from /home/airflow/.local/lib/python3.8/site-packages/airflow/example_dags/example_python_operator.py
[2024-04-07T14:40:15.427+0000] {processor.py:840} INFO - DAG(s) 'example_python_operator' retrieved from /home/airflow/.local/lib/python3.8/site-packages/airflow/example_dags/example_python_operator.py
[2024-04-07T14:40:15.911+0000] {logging_mixin.py:188} INFO - [2024-04-07T14:40:15.910+0000] {dag.py:3047} INFO - Sync 1 DAGs
[2024-04-07T14:40:16.061+0000] {logging_mixin.py:188} INFO - [2024-04-07T14:40:16.061+0000] {dag.py:3834} INFO - Setting next_dagrun for example_python_operator to None, run_after=None
[2024-04-07T14:40:16.234+0000] {processor.py:183} INFO - Processing /home/airflow/.local/lib/python3.8/site-packages/airflow/example_dags/example_python_operator.py took 1.033 seconds
[2024-04-07T14:40:46.792+0000] {processor.py:161} INFO - Started process (PID=201) to work on /home/airflow/.local/lib/python3.8/site-packages/airflow/example_dags/example_python_operator.py
[2024-04-07T14:40:46.795+0000] {processor.py:830} INFO - Processing file /home/airflow/.local/lib/python3.8/site-packages/airflow/example_dags/example_python_operator.py for tasks to queue
[2024-04-07T14:40:46.801+0000] {logging_mixin.py:188} INFO - [2024-04-07T14:40:46.800+0000] {dagbag.py:540} INFO - Filling up the DagBag from /home/airflow/.local/lib/python3.8/site-packages/airflow/example_dags/example_python_operator.py
[2024-04-07T14:40:46.830+0000] {processor.py:840} INFO - DAG(s) 'example_python_operator' retrieved from /home/airflow/.local/lib/python3.8/site-packages/airflow/example_dags/example_python_operator.py
[2024-04-07T14:40:46.901+0000] {logging_mixin.py:188} INFO - [2024-04-07T14:40:46.901+0000] {dag.py:3047} INFO - Sync 1 DAGs
[2024-04-07T14:40:46.943+0000] {logging_mixin.py:188} INFO - [2024-04-07T14:40:46.942+0000] {dag.py:3834} INFO - Setting next_dagrun for example_python_operator to None, run_after=None
[2024-04-07T14:40:47.102+0000] {processor.py:183} INFO - Processing /home/airflow/.local/lib/python3.8/site-packages/airflow/example_dags/example_python_operator.py took 0.318 seconds
[2024-04-07T14:41:18.586+0000] {processor.py:161} INFO - Started process (PID=258) to work on /home/airflow/.local/lib/python3.8/site-packages/airflow/example_dags/example_python_operator.py
[2024-04-07T14:41:18.588+0000] {processor.py:830} INFO - Processing file /home/airflow/.local/lib/python3.8/site-packages/airflow/example_dags/example_python_operator.py for tasks to queue
[2024-04-07T14:41:18.592+0000] {logging_mixin.py:188} INFO - [2024-04-07T14:41:18.591+0000] {dagbag.py:540} INFO - Filling up the DagBag from /home/airflow/.local/lib/python3.8/site-packages/airflow/example_dags/example_python_operator.py
[2024-04-07T14:41:18.616+0000] {processor.py:840} INFO - DAG(s) 'example_python_operator' retrieved from /home/airflow/.local/lib/python3.8/site-packages/airflow/example_dags/example_python_operator.py
[2024-04-07T14:41:18.675+0000] {logging_mixin.py:188} INFO - [2024-04-07T14:41:18.675+0000] {dag.py:3047} INFO - Sync 1 DAGs
[2024-04-07T14:41:18.731+0000] {logging_mixin.py:188} INFO - [2024-04-07T14:41:18.730+0000] {dag.py:3834} INFO - Setting next_dagrun for example_python_operator to None, run_after=None
[2024-04-07T14:41:18.808+0000] {processor.py:183} INFO - Processing /home/airflow/.local/lib/python3.8/site-packages/airflow/example_dags/example_python_operator.py took 0.232 seconds
[2024-04-07T14:41:49.480+0000] {processor.py:161} INFO - Started process (PID=316) to work on /home/airflow/.local/lib/python3.8/site-packages/airflow/example_dags/example_python_operator.py
[2024-04-07T14:41:49.489+0000] {processor.py:830} INFO - Processing file /home/airflow/.local/lib/python3.8/site-packages/airflow/example_dags/example_python_operator.py for tasks to queue
[2024-04-07T14:41:49.496+0000] {logging_mixin.py:188} INFO - [2024-04-07T14:41:49.496+0000] {dagbag.py:540} INFO - Filling up the DagBag from /home/airflow/.local/lib/python3.8/site-packages/airflow/example_dags/example_python_operator.py
[2024-04-07T14:41:49.556+0000] {processor.py:840} INFO - DAG(s) 'example_python_operator' retrieved from /home/airflow/.local/lib/python3.8/site-packages/airflow/example_dags/example_python_operator.py
[2024-04-07T14:41:49.681+0000] {logging_mixin.py:188} INFO - [2024-04-07T14:41:49.680+0000] {dag.py:3047} INFO - Sync 1 DAGs
[2024-04-07T14:41:49.735+0000] {logging_mixin.py:188} INFO - [2024-04-07T14:41:49.735+0000] {dag.py:3834} INFO - Setting next_dagrun for example_python_operator to None, run_after=None
[2024-04-07T14:41:49.817+0000] {processor.py:183} INFO - Processing /home/airflow/.local/lib/python3.8/site-packages/airflow/example_dags/example_python_operator.py took 0.353 seconds
[2024-04-07T14:42:19.999+0000] {processor.py:161} INFO - Started process (PID=374) to work on /home/airflow/.local/lib/python3.8/site-packages/airflow/example_dags/example_python_operator.py
[2024-04-07T14:42:20.001+0000] {processor.py:830} INFO - Processing file /home/airflow/.local/lib/python3.8/site-packages/airflow/example_dags/example_python_operator.py for tasks to queue
[2024-04-07T14:42:20.004+0000] {logging_mixin.py:188} INFO - [2024-04-07T14:42:20.004+0000] {dagbag.py:540} INFO - Filling up the DagBag from /home/airflow/.local/lib/python3.8/site-packages/airflow/example_dags/example_python_operator.py
[2024-04-07T14:42:20.028+0000] {processor.py:840} INFO - DAG(s) 'example_python_operator' retrieved from /home/airflow/.local/lib/python3.8/site-packages/airflow/example_dags/example_python_operator.py
[2024-04-07T14:42:20.085+0000] {logging_mixin.py:188} INFO - [2024-04-07T14:42:20.085+0000] {dag.py:3047} INFO - Sync 1 DAGs
[2024-04-07T14:42:20.112+0000] {logging_mixin.py:188} INFO - [2024-04-07T14:42:20.111+0000] {dag.py:3834} INFO - Setting next_dagrun for example_python_operator to None, run_after=None
[2024-04-07T14:42:20.226+0000] {processor.py:183} INFO - Processing /home/airflow/.local/lib/python3.8/site-packages/airflow/example_dags/example_python_operator.py took 0.232 seconds
[2024-04-07T14:42:50.648+0000] {processor.py:161} INFO - Started process (PID=429) to work on /home/airflow/.local/lib/python3.8/site-packages/airflow/example_dags/example_python_operator.py
[2024-04-07T14:42:50.654+0000] {processor.py:830} INFO - Processing file /home/airflow/.local/lib/python3.8/site-packages/airflow/example_dags/example_python_operator.py for tasks to queue
[2024-04-07T14:42:50.667+0000] {logging_mixin.py:188} INFO - [2024-04-07T14:42:50.658+0000] {dagbag.py:540} INFO - Filling up the DagBag from /home/airflow/.local/lib/python3.8/site-packages/airflow/example_dags/example_python_operator.py
[2024-04-07T14:42:50.749+0000] {processor.py:840} INFO - DAG(s) 'example_python_operator' retrieved from /home/airflow/.local/lib/python3.8/site-packages/airflow/example_dags/example_python_operator.py
[2024-04-07T14:42:50.910+0000] {logging_mixin.py:188} INFO - [2024-04-07T14:42:50.909+0000] {dag.py:3047} INFO - Sync 1 DAGs
[2024-04-07T14:42:50.995+0000] {logging_mixin.py:188} INFO - [2024-04-07T14:42:50.995+0000] {dag.py:3834} INFO - Setting next_dagrun for example_python_operator to None, run_after=None
[2024-04-07T14:42:51.143+0000] {processor.py:183} INFO - Processing /home/airflow/.local/lib/python3.8/site-packages/airflow/example_dags/example_python_operator.py took 0.515 seconds
[2024-04-07T14:43:21.884+0000] {processor.py:161} INFO - Started process (PID=487) to work on /home/airflow/.local/lib/python3.8/site-packages/airflow/example_dags/example_python_operator.py
[2024-04-07T14:43:21.887+0000] {processor.py:830} INFO - Processing file /home/airflow/.local/lib/python3.8/site-packages/airflow/example_dags/example_python_operator.py for tasks to queue
[2024-04-07T14:43:21.893+0000] {logging_mixin.py:188} INFO - [2024-04-07T14:43:21.892+0000] {dagbag.py:540} INFO - Filling up the DagBag from /home/airflow/.local/lib/python3.8/site-packages/airflow/example_dags/example_python_operator.py
[2024-04-07T14:43:21.923+0000] {processor.py:840} INFO - DAG(s) 'example_python_operator' retrieved from /home/airflow/.local/lib/python3.8/site-packages/airflow/example_dags/example_python_operator.py
[2024-04-07T14:43:22.003+0000] {logging_mixin.py:188} INFO - [2024-04-07T14:43:22.002+0000] {dag.py:3047} INFO - Sync 1 DAGs
[2024-04-07T14:43:22.073+0000] {logging_mixin.py:188} INFO - [2024-04-07T14:43:22.072+0000] {dag.py:3834} INFO - Setting next_dagrun for example_python_operator to None, run_after=None
[2024-04-07T14:43:22.169+0000] {processor.py:183} INFO - Processing /home/airflow/.local/lib/python3.8/site-packages/airflow/example_dags/example_python_operator.py took 0.299 seconds
[2024-04-07T14:43:52.777+0000] {processor.py:161} INFO - Started process (PID=544) to work on /home/airflow/.local/lib/python3.8/site-packages/airflow/example_dags/example_python_operator.py
[2024-04-07T14:43:52.781+0000] {processor.py:830} INFO - Processing file /home/airflow/.local/lib/python3.8/site-packages/airflow/example_dags/example_python_operator.py for tasks to queue
[2024-04-07T14:43:52.787+0000] {logging_mixin.py:188} INFO - [2024-04-07T14:43:52.786+0000] {dagbag.py:540} INFO - Filling up the DagBag from /home/airflow/.local/lib/python3.8/site-packages/airflow/example_dags/example_python_operator.py
[2024-04-07T14:43:52.850+0000] {processor.py:840} INFO - DAG(s) 'example_python_operator' retrieved from /home/airflow/.local/lib/python3.8/site-packages/airflow/example_dags/example_python_operator.py
[2024-04-07T14:43:52.939+0000] {logging_mixin.py:188} INFO - [2024-04-07T14:43:52.938+0000] {dag.py:3047} INFO - Sync 1 DAGs
[2024-04-07T14:43:52.972+0000] {logging_mixin.py:188} INFO - [2024-04-07T14:43:52.972+0000] {dag.py:3834} INFO - Setting next_dagrun for example_python_operator to None, run_after=None
[2024-04-07T14:43:53.027+0000] {processor.py:183} INFO - Processing /home/airflow/.local/lib/python3.8/site-packages/airflow/example_dags/example_python_operator.py took 0.263 seconds
[2024-04-07T14:44:23.346+0000] {processor.py:161} INFO - Started process (PID=601) to work on /home/airflow/.local/lib/python3.8/site-packages/airflow/example_dags/example_python_operator.py
[2024-04-07T14:44:23.411+0000] {processor.py:830} INFO - Processing file /home/airflow/.local/lib/python3.8/site-packages/airflow/example_dags/example_python_operator.py for tasks to queue
[2024-04-07T14:44:23.415+0000] {logging_mixin.py:188} INFO - [2024-04-07T14:44:23.414+0000] {dagbag.py:540} INFO - Filling up the DagBag from /home/airflow/.local/lib/python3.8/site-packages/airflow/example_dags/example_python_operator.py
[2024-04-07T14:44:23.436+0000] {processor.py:840} INFO - DAG(s) 'example_python_operator' retrieved from /home/airflow/.local/lib/python3.8/site-packages/airflow/example_dags/example_python_operator.py
[2024-04-07T14:44:23.479+0000] {logging_mixin.py:188} INFO - [2024-04-07T14:44:23.479+0000] {dag.py:3047} INFO - Sync 1 DAGs
[2024-04-07T14:44:23.502+0000] {logging_mixin.py:188} INFO - [2024-04-07T14:44:23.502+0000] {dag.py:3834} INFO - Setting next_dagrun for example_python_operator to None, run_after=None
[2024-04-07T14:44:23.539+0000] {processor.py:183} INFO - Processing /home/airflow/.local/lib/python3.8/site-packages/airflow/example_dags/example_python_operator.py took 0.199 seconds
[2024-04-07T14:45:09.719+0000] {processor.py:161} INFO - Started process (PID=670) to work on /home/airflow/.local/lib/python3.8/site-packages/airflow/example_dags/example_python_operator.py
[2024-04-07T14:45:09.721+0000] {processor.py:830} INFO - Processing file /home/airflow/.local/lib/python3.8/site-packages/airflow/example_dags/example_python_operator.py for tasks to queue
[2024-04-07T14:45:09.724+0000] {logging_mixin.py:188} INFO - [2024-04-07T14:45:09.723+0000] {dagbag.py:540} INFO - Filling up the DagBag from /home/airflow/.local/lib/python3.8/site-packages/airflow/example_dags/example_python_operator.py
[2024-04-07T14:45:09.740+0000] {processor.py:840} INFO - DAG(s) 'example_python_operator' retrieved from /home/airflow/.local/lib/python3.8/site-packages/airflow/example_dags/example_python_operator.py
[2024-04-07T14:45:09.776+0000] {logging_mixin.py:188} INFO - [2024-04-07T14:45:09.776+0000] {dag.py:3047} INFO - Sync 1 DAGs
[2024-04-07T14:45:09.797+0000] {logging_mixin.py:188} INFO - [2024-04-07T14:45:09.796+0000] {dag.py:3834} INFO - Setting next_dagrun for example_python_operator to None, run_after=None
[2024-04-07T14:45:10.025+0000] {processor.py:183} INFO - Processing /home/airflow/.local/lib/python3.8/site-packages/airflow/example_dags/example_python_operator.py took 0.311 seconds
[2024-04-07T14:45:40.743+0000] {processor.py:161} INFO - Started process (PID=727) to work on /home/airflow/.local/lib/python3.8/site-packages/airflow/example_dags/example_python_operator.py
[2024-04-07T14:45:40.745+0000] {processor.py:830} INFO - Processing file /home/airflow/.local/lib/python3.8/site-packages/airflow/example_dags/example_python_operator.py for tasks to queue
[2024-04-07T14:45:40.764+0000] {logging_mixin.py:188} INFO - [2024-04-07T14:45:40.763+0000] {dagbag.py:540} INFO - Filling up the DagBag from /home/airflow/.local/lib/python3.8/site-packages/airflow/example_dags/example_python_operator.py
[2024-04-07T14:45:40.816+0000] {processor.py:840} INFO - DAG(s) 'example_python_operator' retrieved from /home/airflow/.local/lib/python3.8/site-packages/airflow/example_dags/example_python_operator.py
[2024-04-07T14:45:40.951+0000] {logging_mixin.py:188} INFO - [2024-04-07T14:45:40.950+0000] {dag.py:3047} INFO - Sync 1 DAGs
[2024-04-07T14:45:41.062+0000] {logging_mixin.py:188} INFO - [2024-04-07T14:45:41.061+0000] {dag.py:3834} INFO - Setting next_dagrun for example_python_operator to None, run_after=None
[2024-04-07T14:45:41.169+0000] {processor.py:183} INFO - Processing /home/airflow/.local/lib/python3.8/site-packages/airflow/example_dags/example_python_operator.py took 0.445 seconds
[2024-04-07T14:46:11.399+0000] {processor.py:161} INFO - Started process (PID=784) to work on /home/airflow/.local/lib/python3.8/site-packages/airflow/example_dags/example_python_operator.py
[2024-04-07T14:46:11.402+0000] {processor.py:830} INFO - Processing file /home/airflow/.local/lib/python3.8/site-packages/airflow/example_dags/example_python_operator.py for tasks to queue
[2024-04-07T14:46:11.405+0000] {logging_mixin.py:188} INFO - [2024-04-07T14:46:11.405+0000] {dagbag.py:540} INFO - Filling up the DagBag from /home/airflow/.local/lib/python3.8/site-packages/airflow/example_dags/example_python_operator.py
[2024-04-07T14:46:11.428+0000] {processor.py:840} INFO - DAG(s) 'example_python_operator' retrieved from /home/airflow/.local/lib/python3.8/site-packages/airflow/example_dags/example_python_operator.py
[2024-04-07T14:46:11.487+0000] {logging_mixin.py:188} INFO - [2024-04-07T14:46:11.487+0000] {dag.py:3047} INFO - Sync 1 DAGs
[2024-04-07T14:46:11.512+0000] {logging_mixin.py:188} INFO - [2024-04-07T14:46:11.511+0000] {dag.py:3834} INFO - Setting next_dagrun for example_python_operator to None, run_after=None
[2024-04-07T14:46:11.630+0000] {processor.py:183} INFO - Processing /home/airflow/.local/lib/python3.8/site-packages/airflow/example_dags/example_python_operator.py took 0.238 seconds
[2024-04-07T14:46:45.895+0000] {processor.py:161} INFO - Started process (PID=845) to work on /home/airflow/.local/lib/python3.8/site-packages/airflow/example_dags/example_python_operator.py
[2024-04-07T14:46:45.908+0000] {processor.py:830} INFO - Processing file /home/airflow/.local/lib/python3.8/site-packages/airflow/example_dags/example_python_operator.py for tasks to queue
[2024-04-07T14:46:45.923+0000] {logging_mixin.py:188} INFO - [2024-04-07T14:46:45.919+0000] {dagbag.py:540} INFO - Filling up the DagBag from /home/airflow/.local/lib/python3.8/site-packages/airflow/example_dags/example_python_operator.py
[2024-04-07T14:46:45.970+0000] {processor.py:840} INFO - DAG(s) 'example_python_operator' retrieved from /home/airflow/.local/lib/python3.8/site-packages/airflow/example_dags/example_python_operator.py
[2024-04-07T14:46:46.028+0000] {logging_mixin.py:188} INFO - [2024-04-07T14:46:46.027+0000] {dag.py:3047} INFO - Sync 1 DAGs
[2024-04-07T14:46:46.075+0000] {logging_mixin.py:188} INFO - [2024-04-07T14:46:46.074+0000] {dag.py:3834} INFO - Setting next_dagrun for example_python_operator to None, run_after=None
[2024-04-07T14:46:46.131+0000] {processor.py:183} INFO - Processing /home/airflow/.local/lib/python3.8/site-packages/airflow/example_dags/example_python_operator.py took 0.243 seconds
[2024-04-07T14:47:16.273+0000] {processor.py:161} INFO - Started process (PID=902) to work on /home/airflow/.local/lib/python3.8/site-packages/airflow/example_dags/example_python_operator.py
[2024-04-07T14:47:16.303+0000] {processor.py:830} INFO - Processing file /home/airflow/.local/lib/python3.8/site-packages/airflow/example_dags/example_python_operator.py for tasks to queue
[2024-04-07T14:47:16.310+0000] {logging_mixin.py:188} INFO - [2024-04-07T14:47:16.309+0000] {dagbag.py:540} INFO - Filling up the DagBag from /home/airflow/.local/lib/python3.8/site-packages/airflow/example_dags/example_python_operator.py
[2024-04-07T14:47:16.353+0000] {processor.py:840} INFO - DAG(s) 'example_python_operator' retrieved from /home/airflow/.local/lib/python3.8/site-packages/airflow/example_dags/example_python_operator.py
[2024-04-07T14:47:16.442+0000] {logging_mixin.py:188} INFO - [2024-04-07T14:47:16.441+0000] {dag.py:3047} INFO - Sync 1 DAGs
[2024-04-07T14:47:16.503+0000] {logging_mixin.py:188} INFO - [2024-04-07T14:47:16.495+0000] {dag.py:3834} INFO - Setting next_dagrun for example_python_operator to None, run_after=None
[2024-04-07T14:47:16.688+0000] {processor.py:183} INFO - Processing /home/airflow/.local/lib/python3.8/site-packages/airflow/example_dags/example_python_operator.py took 0.424 seconds
[2024-04-07T14:47:47.360+0000] {processor.py:161} INFO - Started process (PID=959) to work on /home/airflow/.local/lib/python3.8/site-packages/airflow/example_dags/example_python_operator.py
[2024-04-07T14:47:47.362+0000] {processor.py:830} INFO - Processing file /home/airflow/.local/lib/python3.8/site-packages/airflow/example_dags/example_python_operator.py for tasks to queue
[2024-04-07T14:47:47.365+0000] {logging_mixin.py:188} INFO - [2024-04-07T14:47:47.365+0000] {dagbag.py:540} INFO - Filling up the DagBag from /home/airflow/.local/lib/python3.8/site-packages/airflow/example_dags/example_python_operator.py
[2024-04-07T14:47:47.385+0000] {processor.py:840} INFO - DAG(s) 'example_python_operator' retrieved from /home/airflow/.local/lib/python3.8/site-packages/airflow/example_dags/example_python_operator.py
[2024-04-07T14:47:47.434+0000] {logging_mixin.py:188} INFO - [2024-04-07T14:47:47.433+0000] {dag.py:3047} INFO - Sync 1 DAGs
[2024-04-07T14:47:47.461+0000] {logging_mixin.py:188} INFO - [2024-04-07T14:47:47.461+0000] {dag.py:3834} INFO - Setting next_dagrun for example_python_operator to None, run_after=None
[2024-04-07T14:47:47.500+0000] {processor.py:183} INFO - Processing /home/airflow/.local/lib/python3.8/site-packages/airflow/example_dags/example_python_operator.py took 0.147 seconds
[2024-04-07T14:48:18.816+0000] {processor.py:161} INFO - Started process (PID=1019) to work on /home/airflow/.local/lib/python3.8/site-packages/airflow/example_dags/example_python_operator.py
[2024-04-07T14:48:18.818+0000] {processor.py:830} INFO - Processing file /home/airflow/.local/lib/python3.8/site-packages/airflow/example_dags/example_python_operator.py for tasks to queue
[2024-04-07T14:48:18.821+0000] {logging_mixin.py:188} INFO - [2024-04-07T14:48:18.821+0000] {dagbag.py:540} INFO - Filling up the DagBag from /home/airflow/.local/lib/python3.8/site-packages/airflow/example_dags/example_python_operator.py
[2024-04-07T14:48:18.839+0000] {processor.py:840} INFO - DAG(s) 'example_python_operator' retrieved from /home/airflow/.local/lib/python3.8/site-packages/airflow/example_dags/example_python_operator.py
[2024-04-07T14:48:18.878+0000] {logging_mixin.py:188} INFO - [2024-04-07T14:48:18.878+0000] {dag.py:3047} INFO - Sync 1 DAGs
[2024-04-07T14:48:18.898+0000] {logging_mixin.py:188} INFO - [2024-04-07T14:48:18.898+0000] {dag.py:3834} INFO - Setting next_dagrun for example_python_operator to None, run_after=None
[2024-04-07T14:48:18.946+0000] {processor.py:183} INFO - Processing /home/airflow/.local/lib/python3.8/site-packages/airflow/example_dags/example_python_operator.py took 0.135 seconds
[2024-04-07T14:48:49.639+0000] {processor.py:161} INFO - Started process (PID=1077) to work on /home/airflow/.local/lib/python3.8/site-packages/airflow/example_dags/example_python_operator.py
[2024-04-07T14:48:49.643+0000] {processor.py:830} INFO - Processing file /home/airflow/.local/lib/python3.8/site-packages/airflow/example_dags/example_python_operator.py for tasks to queue
[2024-04-07T14:48:49.650+0000] {logging_mixin.py:188} INFO - [2024-04-07T14:48:49.649+0000] {dagbag.py:540} INFO - Filling up the DagBag from /home/airflow/.local/lib/python3.8/site-packages/airflow/example_dags/example_python_operator.py
[2024-04-07T14:48:49.678+0000] {processor.py:840} INFO - DAG(s) 'example_python_operator' retrieved from /home/airflow/.local/lib/python3.8/site-packages/airflow/example_dags/example_python_operator.py
[2024-04-07T14:48:49.776+0000] {logging_mixin.py:188} INFO - [2024-04-07T14:48:49.775+0000] {dag.py:3047} INFO - Sync 1 DAGs
[2024-04-07T14:48:49.811+0000] {logging_mixin.py:188} INFO - [2024-04-07T14:48:49.810+0000] {dag.py:3834} INFO - Setting next_dagrun for example_python_operator to None, run_after=None
[2024-04-07T14:48:49.870+0000] {processor.py:183} INFO - Processing /home/airflow/.local/lib/python3.8/site-packages/airflow/example_dags/example_python_operator.py took 0.237 seconds
[2024-04-07T14:49:20.953+0000] {processor.py:161} INFO - Started process (PID=1134) to work on /home/airflow/.local/lib/python3.8/site-packages/airflow/example_dags/example_python_operator.py
[2024-04-07T14:49:20.962+0000] {processor.py:830} INFO - Processing file /home/airflow/.local/lib/python3.8/site-packages/airflow/example_dags/example_python_operator.py for tasks to queue
[2024-04-07T14:49:20.969+0000] {logging_mixin.py:188} INFO - [2024-04-07T14:49:20.968+0000] {dagbag.py:540} INFO - Filling up the DagBag from /home/airflow/.local/lib/python3.8/site-packages/airflow/example_dags/example_python_operator.py
[2024-04-07T14:49:21.007+0000] {processor.py:840} INFO - DAG(s) 'example_python_operator' retrieved from /home/airflow/.local/lib/python3.8/site-packages/airflow/example_dags/example_python_operator.py
[2024-04-07T14:49:21.062+0000] {logging_mixin.py:188} INFO - [2024-04-07T14:49:21.062+0000] {dag.py:3047} INFO - Sync 1 DAGs
[2024-04-07T14:49:21.092+0000] {logging_mixin.py:188} INFO - [2024-04-07T14:49:21.092+0000] {dag.py:3834} INFO - Setting next_dagrun for example_python_operator to None, run_after=None
[2024-04-07T14:49:21.149+0000] {processor.py:183} INFO - Processing /home/airflow/.local/lib/python3.8/site-packages/airflow/example_dags/example_python_operator.py took 0.211 seconds
[2024-04-07T14:49:52.576+0000] {processor.py:161} INFO - Started process (PID=1191) to work on /home/airflow/.local/lib/python3.8/site-packages/airflow/example_dags/example_python_operator.py
[2024-04-07T14:49:52.589+0000] {processor.py:830} INFO - Processing file /home/airflow/.local/lib/python3.8/site-packages/airflow/example_dags/example_python_operator.py for tasks to queue
[2024-04-07T14:49:52.616+0000] {logging_mixin.py:188} INFO - [2024-04-07T14:49:52.615+0000] {dagbag.py:540} INFO - Filling up the DagBag from /home/airflow/.local/lib/python3.8/site-packages/airflow/example_dags/example_python_operator.py
[2024-04-07T14:49:52.670+0000] {processor.py:840} INFO - DAG(s) 'example_python_operator' retrieved from /home/airflow/.local/lib/python3.8/site-packages/airflow/example_dags/example_python_operator.py
[2024-04-07T14:49:52.794+0000] {logging_mixin.py:188} INFO - [2024-04-07T14:49:52.793+0000] {dag.py:3047} INFO - Sync 1 DAGs
[2024-04-07T14:49:52.866+0000] {logging_mixin.py:188} INFO - [2024-04-07T14:49:52.865+0000] {dag.py:3834} INFO - Setting next_dagrun for example_python_operator to None, run_after=None
[2024-04-07T14:49:53.145+0000] {processor.py:183} INFO - Processing /home/airflow/.local/lib/python3.8/site-packages/airflow/example_dags/example_python_operator.py took 0.575 seconds
[2024-04-07T14:50:24.842+0000] {processor.py:161} INFO - Started process (PID=1250) to work on /home/airflow/.local/lib/python3.8/site-packages/airflow/example_dags/example_python_operator.py
[2024-04-07T14:50:24.845+0000] {processor.py:830} INFO - Processing file /home/airflow/.local/lib/python3.8/site-packages/airflow/example_dags/example_python_operator.py for tasks to queue
[2024-04-07T14:50:24.857+0000] {logging_mixin.py:188} INFO - [2024-04-07T14:50:24.856+0000] {dagbag.py:540} INFO - Filling up the DagBag from /home/airflow/.local/lib/python3.8/site-packages/airflow/example_dags/example_python_operator.py
[2024-04-07T14:50:24.893+0000] {processor.py:840} INFO - DAG(s) 'example_python_operator' retrieved from /home/airflow/.local/lib/python3.8/site-packages/airflow/example_dags/example_python_operator.py
[2024-04-07T14:50:24.981+0000] {logging_mixin.py:188} INFO - [2024-04-07T14:50:24.981+0000] {dag.py:3047} INFO - Sync 1 DAGs
[2024-04-07T14:50:25.037+0000] {logging_mixin.py:188} INFO - [2024-04-07T14:50:25.036+0000] {dag.py:3834} INFO - Setting next_dagrun for example_python_operator to None, run_after=None
[2024-04-07T14:50:25.475+0000] {processor.py:183} INFO - Processing /home/airflow/.local/lib/python3.8/site-packages/airflow/example_dags/example_python_operator.py took 0.640 seconds
[2024-04-07T14:50:55.968+0000] {processor.py:161} INFO - Started process (PID=1311) to work on /home/airflow/.local/lib/python3.8/site-packages/airflow/example_dags/example_python_operator.py
[2024-04-07T14:50:55.971+0000] {processor.py:830} INFO - Processing file /home/airflow/.local/lib/python3.8/site-packages/airflow/example_dags/example_python_operator.py for tasks to queue
[2024-04-07T14:50:55.975+0000] {logging_mixin.py:188} INFO - [2024-04-07T14:50:55.975+0000] {dagbag.py:540} INFO - Filling up the DagBag from /home/airflow/.local/lib/python3.8/site-packages/airflow/example_dags/example_python_operator.py
[2024-04-07T14:50:56.004+0000] {processor.py:840} INFO - DAG(s) 'example_python_operator' retrieved from /home/airflow/.local/lib/python3.8/site-packages/airflow/example_dags/example_python_operator.py
[2024-04-07T14:50:56.058+0000] {logging_mixin.py:188} INFO - [2024-04-07T14:50:56.057+0000] {dag.py:3047} INFO - Sync 1 DAGs
[2024-04-07T14:50:56.083+0000] {logging_mixin.py:188} INFO - [2024-04-07T14:50:56.083+0000] {dag.py:3834} INFO - Setting next_dagrun for example_python_operator to None, run_after=None
[2024-04-07T14:50:56.258+0000] {processor.py:183} INFO - Processing /home/airflow/.local/lib/python3.8/site-packages/airflow/example_dags/example_python_operator.py took 0.296 seconds
[2024-04-07T14:51:26.353+0000] {processor.py:161} INFO - Started process (PID=1366) to work on /home/airflow/.local/lib/python3.8/site-packages/airflow/example_dags/example_python_operator.py
[2024-04-07T14:51:26.355+0000] {processor.py:830} INFO - Processing file /home/airflow/.local/lib/python3.8/site-packages/airflow/example_dags/example_python_operator.py for tasks to queue
[2024-04-07T14:51:26.359+0000] {logging_mixin.py:188} INFO - [2024-04-07T14:51:26.358+0000] {dagbag.py:540} INFO - Filling up the DagBag from /home/airflow/.local/lib/python3.8/site-packages/airflow/example_dags/example_python_operator.py
[2024-04-07T14:51:26.375+0000] {processor.py:840} INFO - DAG(s) 'example_python_operator' retrieved from /home/airflow/.local/lib/python3.8/site-packages/airflow/example_dags/example_python_operator.py
[2024-04-07T14:51:26.410+0000] {logging_mixin.py:188} INFO - [2024-04-07T14:51:26.410+0000] {dag.py:3047} INFO - Sync 1 DAGs
[2024-04-07T14:51:26.429+0000] {logging_mixin.py:188} INFO - [2024-04-07T14:51:26.429+0000] {dag.py:3834} INFO - Setting next_dagrun for example_python_operator to None, run_after=None
[2024-04-07T14:51:26.558+0000] {processor.py:183} INFO - Processing /home/airflow/.local/lib/python3.8/site-packages/airflow/example_dags/example_python_operator.py took 0.211 seconds
[2024-04-07T14:51:57.577+0000] {processor.py:161} INFO - Started process (PID=1425) to work on /home/airflow/.local/lib/python3.8/site-packages/airflow/example_dags/example_python_operator.py
[2024-04-07T14:51:57.604+0000] {processor.py:830} INFO - Processing file /home/airflow/.local/lib/python3.8/site-packages/airflow/example_dags/example_python_operator.py for tasks to queue
[2024-04-07T14:51:57.611+0000] {logging_mixin.py:188} INFO - [2024-04-07T14:51:57.611+0000] {dagbag.py:540} INFO - Filling up the DagBag from /home/airflow/.local/lib/python3.8/site-packages/airflow/example_dags/example_python_operator.py
[2024-04-07T14:51:57.665+0000] {processor.py:840} INFO - DAG(s) 'example_python_operator' retrieved from /home/airflow/.local/lib/python3.8/site-packages/airflow/example_dags/example_python_operator.py
[2024-04-07T14:51:57.807+0000] {logging_mixin.py:188} INFO - [2024-04-07T14:51:57.807+0000] {dag.py:3047} INFO - Sync 1 DAGs
[2024-04-07T14:51:57.893+0000] {logging_mixin.py:188} INFO - [2024-04-07T14:51:57.893+0000] {dag.py:3834} INFO - Setting next_dagrun for example_python_operator to None, run_after=None
[2024-04-07T14:51:57.971+0000] {processor.py:183} INFO - Processing /home/airflow/.local/lib/python3.8/site-packages/airflow/example_dags/example_python_operator.py took 0.401 seconds
[2024-04-07T14:52:28.442+0000] {processor.py:161} INFO - Started process (PID=1482) to work on /home/airflow/.local/lib/python3.8/site-packages/airflow/example_dags/example_python_operator.py
[2024-04-07T14:52:28.445+0000] {processor.py:830} INFO - Processing file /home/airflow/.local/lib/python3.8/site-packages/airflow/example_dags/example_python_operator.py for tasks to queue
[2024-04-07T14:52:28.452+0000] {logging_mixin.py:188} INFO - [2024-04-07T14:52:28.451+0000] {dagbag.py:540} INFO - Filling up the DagBag from /home/airflow/.local/lib/python3.8/site-packages/airflow/example_dags/example_python_operator.py
[2024-04-07T14:52:28.479+0000] {processor.py:840} INFO - DAG(s) 'example_python_operator' retrieved from /home/airflow/.local/lib/python3.8/site-packages/airflow/example_dags/example_python_operator.py
[2024-04-07T14:52:28.544+0000] {logging_mixin.py:188} INFO - [2024-04-07T14:52:28.543+0000] {dag.py:3047} INFO - Sync 1 DAGs
[2024-04-07T14:52:28.580+0000] {logging_mixin.py:188} INFO - [2024-04-07T14:52:28.579+0000] {dag.py:3834} INFO - Setting next_dagrun for example_python_operator to None, run_after=None
[2024-04-07T14:52:28.645+0000] {processor.py:183} INFO - Processing /home/airflow/.local/lib/python3.8/site-packages/airflow/example_dags/example_python_operator.py took 0.210 seconds
[2024-04-07T14:52:58.784+0000] {processor.py:161} INFO - Started process (PID=1537) to work on /home/airflow/.local/lib/python3.8/site-packages/airflow/example_dags/example_python_operator.py
[2024-04-07T14:52:58.787+0000] {processor.py:830} INFO - Processing file /home/airflow/.local/lib/python3.8/site-packages/airflow/example_dags/example_python_operator.py for tasks to queue
[2024-04-07T14:52:58.792+0000] {logging_mixin.py:188} INFO - [2024-04-07T14:52:58.791+0000] {dagbag.py:540} INFO - Filling up the DagBag from /home/airflow/.local/lib/python3.8/site-packages/airflow/example_dags/example_python_operator.py
[2024-04-07T14:52:58.826+0000] {processor.py:840} INFO - DAG(s) 'example_python_operator' retrieved from /home/airflow/.local/lib/python3.8/site-packages/airflow/example_dags/example_python_operator.py
[2024-04-07T14:52:58.906+0000] {logging_mixin.py:188} INFO - [2024-04-07T14:52:58.902+0000] {dag.py:3047} INFO - Sync 1 DAGs
[2024-04-07T14:52:58.939+0000] {logging_mixin.py:188} INFO - [2024-04-07T14:52:58.939+0000] {dag.py:3834} INFO - Setting next_dagrun for example_python_operator to None, run_after=None
[2024-04-07T14:52:58.990+0000] {processor.py:183} INFO - Processing /home/airflow/.local/lib/python3.8/site-packages/airflow/example_dags/example_python_operator.py took 0.213 seconds
[2024-04-07T14:53:30.349+0000] {processor.py:161} INFO - Started process (PID=1596) to work on /home/airflow/.local/lib/python3.8/site-packages/airflow/example_dags/example_python_operator.py
[2024-04-07T14:53:30.351+0000] {processor.py:830} INFO - Processing file /home/airflow/.local/lib/python3.8/site-packages/airflow/example_dags/example_python_operator.py for tasks to queue
[2024-04-07T14:53:30.356+0000] {logging_mixin.py:188} INFO - [2024-04-07T14:53:30.355+0000] {dagbag.py:540} INFO - Filling up the DagBag from /home/airflow/.local/lib/python3.8/site-packages/airflow/example_dags/example_python_operator.py
[2024-04-07T14:53:30.385+0000] {processor.py:840} INFO - DAG(s) 'example_python_operator' retrieved from /home/airflow/.local/lib/python3.8/site-packages/airflow/example_dags/example_python_operator.py
[2024-04-07T14:53:30.443+0000] {logging_mixin.py:188} INFO - [2024-04-07T14:53:30.443+0000] {dag.py:3047} INFO - Sync 1 DAGs
[2024-04-07T14:53:30.486+0000] {logging_mixin.py:188} INFO - [2024-04-07T14:53:30.485+0000] {dag.py:3834} INFO - Setting next_dagrun for example_python_operator to None, run_after=None
[2024-04-07T14:53:30.542+0000] {processor.py:183} INFO - Processing /home/airflow/.local/lib/python3.8/site-packages/airflow/example_dags/example_python_operator.py took 0.201 seconds
[2024-04-07T14:54:00.860+0000] {processor.py:161} INFO - Started process (PID=1653) to work on /home/airflow/.local/lib/python3.8/site-packages/airflow/example_dags/example_python_operator.py
[2024-04-07T14:54:00.863+0000] {processor.py:830} INFO - Processing file /home/airflow/.local/lib/python3.8/site-packages/airflow/example_dags/example_python_operator.py for tasks to queue
[2024-04-07T14:54:00.868+0000] {logging_mixin.py:188} INFO - [2024-04-07T14:54:00.867+0000] {dagbag.py:540} INFO - Filling up the DagBag from /home/airflow/.local/lib/python3.8/site-packages/airflow/example_dags/example_python_operator.py
[2024-04-07T14:54:00.897+0000] {processor.py:840} INFO - DAG(s) 'example_python_operator' retrieved from /home/airflow/.local/lib/python3.8/site-packages/airflow/example_dags/example_python_operator.py
[2024-04-07T14:54:00.954+0000] {logging_mixin.py:188} INFO - [2024-04-07T14:54:00.954+0000] {dag.py:3047} INFO - Sync 1 DAGs
[2024-04-07T14:54:00.978+0000] {logging_mixin.py:188} INFO - [2024-04-07T14:54:00.978+0000] {dag.py:3834} INFO - Setting next_dagrun for example_python_operator to None, run_after=None
[2024-04-07T14:54:01.019+0000] {processor.py:183} INFO - Processing /home/airflow/.local/lib/python3.8/site-packages/airflow/example_dags/example_python_operator.py took 0.168 seconds
[2024-04-07T14:54:31.747+0000] {processor.py:161} INFO - Started process (PID=1710) to work on /home/airflow/.local/lib/python3.8/site-packages/airflow/example_dags/example_python_operator.py
[2024-04-07T14:54:31.751+0000] {processor.py:830} INFO - Processing file /home/airflow/.local/lib/python3.8/site-packages/airflow/example_dags/example_python_operator.py for tasks to queue
[2024-04-07T14:54:31.757+0000] {logging_mixin.py:188} INFO - [2024-04-07T14:54:31.756+0000] {dagbag.py:540} INFO - Filling up the DagBag from /home/airflow/.local/lib/python3.8/site-packages/airflow/example_dags/example_python_operator.py
[2024-04-07T14:54:31.785+0000] {processor.py:840} INFO - DAG(s) 'example_python_operator' retrieved from /home/airflow/.local/lib/python3.8/site-packages/airflow/example_dags/example_python_operator.py
[2024-04-07T14:54:31.871+0000] {logging_mixin.py:188} INFO - [2024-04-07T14:54:31.871+0000] {dag.py:3047} INFO - Sync 1 DAGs
[2024-04-07T14:54:31.904+0000] {logging_mixin.py:188} INFO - [2024-04-07T14:54:31.904+0000] {dag.py:3834} INFO - Setting next_dagrun for example_python_operator to None, run_after=None
[2024-04-07T14:54:31.952+0000] {processor.py:183} INFO - Processing /home/airflow/.local/lib/python3.8/site-packages/airflow/example_dags/example_python_operator.py took 0.214 seconds
[2024-04-07T14:55:02.826+0000] {processor.py:161} INFO - Started process (PID=1767) to work on /home/airflow/.local/lib/python3.8/site-packages/airflow/example_dags/example_python_operator.py
[2024-04-07T14:55:02.831+0000] {processor.py:830} INFO - Processing file /home/airflow/.local/lib/python3.8/site-packages/airflow/example_dags/example_python_operator.py for tasks to queue
[2024-04-07T14:55:02.838+0000] {logging_mixin.py:188} INFO - [2024-04-07T14:55:02.836+0000] {dagbag.py:540} INFO - Filling up the DagBag from /home/airflow/.local/lib/python3.8/site-packages/airflow/example_dags/example_python_operator.py
[2024-04-07T14:55:02.866+0000] {processor.py:840} INFO - DAG(s) 'example_python_operator' retrieved from /home/airflow/.local/lib/python3.8/site-packages/airflow/example_dags/example_python_operator.py
[2024-04-07T14:55:02.943+0000] {logging_mixin.py:188} INFO - [2024-04-07T14:55:02.942+0000] {dag.py:3047} INFO - Sync 1 DAGs
[2024-04-07T14:55:02.977+0000] {logging_mixin.py:188} INFO - [2024-04-07T14:55:02.977+0000] {dag.py:3834} INFO - Setting next_dagrun for example_python_operator to None, run_after=None
[2024-04-07T14:55:03.021+0000] {processor.py:183} INFO - Processing /home/airflow/.local/lib/python3.8/site-packages/airflow/example_dags/example_python_operator.py took 0.204 seconds
[2024-04-07T14:55:33.263+0000] {processor.py:161} INFO - Started process (PID=1829) to work on /home/airflow/.local/lib/python3.8/site-packages/airflow/example_dags/example_python_operator.py
[2024-04-07T14:55:33.265+0000] {processor.py:830} INFO - Processing file /home/airflow/.local/lib/python3.8/site-packages/airflow/example_dags/example_python_operator.py for tasks to queue
[2024-04-07T14:55:33.270+0000] {logging_mixin.py:188} INFO - [2024-04-07T14:55:33.269+0000] {dagbag.py:540} INFO - Filling up the DagBag from /home/airflow/.local/lib/python3.8/site-packages/airflow/example_dags/example_python_operator.py
[2024-04-07T14:55:33.296+0000] {processor.py:840} INFO - DAG(s) 'example_python_operator' retrieved from /home/airflow/.local/lib/python3.8/site-packages/airflow/example_dags/example_python_operator.py
[2024-04-07T14:55:33.351+0000] {logging_mixin.py:188} INFO - [2024-04-07T14:55:33.350+0000] {dag.py:3047} INFO - Sync 1 DAGs
[2024-04-07T14:55:33.373+0000] {logging_mixin.py:188} INFO - [2024-04-07T14:55:33.373+0000] {dag.py:3834} INFO - Setting next_dagrun for example_python_operator to None, run_after=None
[2024-04-07T14:55:33.443+0000] {processor.py:183} INFO - Processing /home/airflow/.local/lib/python3.8/site-packages/airflow/example_dags/example_python_operator.py took 0.186 seconds
[2024-04-07T14:56:04.198+0000] {processor.py:161} INFO - Started process (PID=1887) to work on /home/airflow/.local/lib/python3.8/site-packages/airflow/example_dags/example_python_operator.py
[2024-04-07T14:56:04.214+0000] {processor.py:830} INFO - Processing file /home/airflow/.local/lib/python3.8/site-packages/airflow/example_dags/example_python_operator.py for tasks to queue
[2024-04-07T14:56:04.220+0000] {logging_mixin.py:188} INFO - [2024-04-07T14:56:04.218+0000] {dagbag.py:540} INFO - Filling up the DagBag from /home/airflow/.local/lib/python3.8/site-packages/airflow/example_dags/example_python_operator.py
[2024-04-07T14:56:04.319+0000] {processor.py:840} INFO - DAG(s) 'example_python_operator' retrieved from /home/airflow/.local/lib/python3.8/site-packages/airflow/example_dags/example_python_operator.py
[2024-04-07T14:56:04.441+0000] {logging_mixin.py:188} INFO - [2024-04-07T14:56:04.440+0000] {dag.py:3047} INFO - Sync 1 DAGs
[2024-04-07T14:56:04.497+0000] {logging_mixin.py:188} INFO - [2024-04-07T14:56:04.496+0000] {dag.py:3834} INFO - Setting next_dagrun for example_python_operator to None, run_after=None
[2024-04-07T14:56:04.602+0000] {processor.py:183} INFO - Processing /home/airflow/.local/lib/python3.8/site-packages/airflow/example_dags/example_python_operator.py took 0.435 seconds
[2024-04-07T14:56:34.745+0000] {processor.py:161} INFO - Started process (PID=1943) to work on /home/airflow/.local/lib/python3.8/site-packages/airflow/example_dags/example_python_operator.py
[2024-04-07T14:56:34.748+0000] {processor.py:830} INFO - Processing file /home/airflow/.local/lib/python3.8/site-packages/airflow/example_dags/example_python_operator.py for tasks to queue
[2024-04-07T14:56:34.754+0000] {logging_mixin.py:188} INFO - [2024-04-07T14:56:34.753+0000] {dagbag.py:540} INFO - Filling up the DagBag from /home/airflow/.local/lib/python3.8/site-packages/airflow/example_dags/example_python_operator.py
[2024-04-07T14:56:34.781+0000] {processor.py:840} INFO - DAG(s) 'example_python_operator' retrieved from /home/airflow/.local/lib/python3.8/site-packages/airflow/example_dags/example_python_operator.py
[2024-04-07T14:56:34.836+0000] {logging_mixin.py:188} INFO - [2024-04-07T14:56:34.836+0000] {dag.py:3047} INFO - Sync 1 DAGs
[2024-04-07T14:56:34.858+0000] {logging_mixin.py:188} INFO - [2024-04-07T14:56:34.858+0000] {dag.py:3834} INFO - Setting next_dagrun for example_python_operator to None, run_after=None
[2024-04-07T14:56:34.896+0000] {processor.py:183} INFO - Processing /home/airflow/.local/lib/python3.8/site-packages/airflow/example_dags/example_python_operator.py took 0.159 seconds
[2024-04-07T14:57:05.039+0000] {processor.py:161} INFO - Started process (PID=2000) to work on /home/airflow/.local/lib/python3.8/site-packages/airflow/example_dags/example_python_operator.py
[2024-04-07T14:57:05.041+0000] {processor.py:830} INFO - Processing file /home/airflow/.local/lib/python3.8/site-packages/airflow/example_dags/example_python_operator.py for tasks to queue
[2024-04-07T14:57:05.046+0000] {logging_mixin.py:188} INFO - [2024-04-07T14:57:05.045+0000] {dagbag.py:540} INFO - Filling up the DagBag from /home/airflow/.local/lib/python3.8/site-packages/airflow/example_dags/example_python_operator.py
[2024-04-07T14:57:05.067+0000] {processor.py:840} INFO - DAG(s) 'example_python_operator' retrieved from /home/airflow/.local/lib/python3.8/site-packages/airflow/example_dags/example_python_operator.py
[2024-04-07T14:57:05.107+0000] {logging_mixin.py:188} INFO - [2024-04-07T14:57:05.107+0000] {dag.py:3047} INFO - Sync 1 DAGs
[2024-04-07T14:57:05.126+0000] {logging_mixin.py:188} INFO - [2024-04-07T14:57:05.126+0000] {dag.py:3834} INFO - Setting next_dagrun for example_python_operator to None, run_after=None
[2024-04-07T14:57:05.171+0000] {processor.py:183} INFO - Processing /home/airflow/.local/lib/python3.8/site-packages/airflow/example_dags/example_python_operator.py took 0.137 seconds
[2024-04-07T14:57:35.325+0000] {processor.py:161} INFO - Started process (PID=2058) to work on /home/airflow/.local/lib/python3.8/site-packages/airflow/example_dags/example_python_operator.py
[2024-04-07T14:57:35.327+0000] {processor.py:830} INFO - Processing file /home/airflow/.local/lib/python3.8/site-packages/airflow/example_dags/example_python_operator.py for tasks to queue
[2024-04-07T14:57:35.331+0000] {logging_mixin.py:188} INFO - [2024-04-07T14:57:35.330+0000] {dagbag.py:540} INFO - Filling up the DagBag from /home/airflow/.local/lib/python3.8/site-packages/airflow/example_dags/example_python_operator.py
[2024-04-07T14:57:35.357+0000] {processor.py:840} INFO - DAG(s) 'example_python_operator' retrieved from /home/airflow/.local/lib/python3.8/site-packages/airflow/example_dags/example_python_operator.py
[2024-04-07T14:57:35.415+0000] {logging_mixin.py:188} INFO - [2024-04-07T14:57:35.415+0000] {dag.py:3047} INFO - Sync 1 DAGs
[2024-04-07T14:57:35.444+0000] {logging_mixin.py:188} INFO - [2024-04-07T14:57:35.443+0000] {dag.py:3834} INFO - Setting next_dagrun for example_python_operator to None, run_after=None
[2024-04-07T14:57:35.487+0000] {processor.py:183} INFO - Processing /home/airflow/.local/lib/python3.8/site-packages/airflow/example_dags/example_python_operator.py took 0.170 seconds
[2024-04-07T14:58:05.897+0000] {processor.py:161} INFO - Started process (PID=2115) to work on /home/airflow/.local/lib/python3.8/site-packages/airflow/example_dags/example_python_operator.py
[2024-04-07T14:58:05.899+0000] {processor.py:830} INFO - Processing file /home/airflow/.local/lib/python3.8/site-packages/airflow/example_dags/example_python_operator.py for tasks to queue
[2024-04-07T14:58:05.902+0000] {logging_mixin.py:188} INFO - [2024-04-07T14:58:05.901+0000] {dagbag.py:540} INFO - Filling up the DagBag from /home/airflow/.local/lib/python3.8/site-packages/airflow/example_dags/example_python_operator.py
[2024-04-07T14:58:05.924+0000] {processor.py:840} INFO - DAG(s) 'example_python_operator' retrieved from /home/airflow/.local/lib/python3.8/site-packages/airflow/example_dags/example_python_operator.py
[2024-04-07T14:58:05.964+0000] {logging_mixin.py:188} INFO - [2024-04-07T14:58:05.963+0000] {dag.py:3047} INFO - Sync 1 DAGs
[2024-04-07T14:58:05.996+0000] {logging_mixin.py:188} INFO - [2024-04-07T14:58:05.995+0000] {dag.py:3834} INFO - Setting next_dagrun for example_python_operator to None, run_after=None
[2024-04-07T14:58:06.034+0000] {processor.py:183} INFO - Processing /home/airflow/.local/lib/python3.8/site-packages/airflow/example_dags/example_python_operator.py took 0.144 seconds
[2024-04-07T14:58:36.626+0000] {processor.py:161} INFO - Started process (PID=2172) to work on /home/airflow/.local/lib/python3.8/site-packages/airflow/example_dags/example_python_operator.py
[2024-04-07T14:58:36.628+0000] {processor.py:830} INFO - Processing file /home/airflow/.local/lib/python3.8/site-packages/airflow/example_dags/example_python_operator.py for tasks to queue
[2024-04-07T14:58:36.631+0000] {logging_mixin.py:188} INFO - [2024-04-07T14:58:36.631+0000] {dagbag.py:540} INFO - Filling up the DagBag from /home/airflow/.local/lib/python3.8/site-packages/airflow/example_dags/example_python_operator.py
[2024-04-07T14:58:36.652+0000] {processor.py:840} INFO - DAG(s) 'example_python_operator' retrieved from /home/airflow/.local/lib/python3.8/site-packages/airflow/example_dags/example_python_operator.py
[2024-04-07T14:58:36.685+0000] {logging_mixin.py:188} INFO - [2024-04-07T14:58:36.685+0000] {dag.py:3047} INFO - Sync 1 DAGs
[2024-04-07T14:58:36.705+0000] {logging_mixin.py:188} INFO - [2024-04-07T14:58:36.705+0000] {dag.py:3834} INFO - Setting next_dagrun for example_python_operator to None, run_after=None
[2024-04-07T14:58:36.742+0000] {processor.py:183} INFO - Processing /home/airflow/.local/lib/python3.8/site-packages/airflow/example_dags/example_python_operator.py took 0.122 seconds
[2024-04-07T14:59:07.261+0000] {processor.py:161} INFO - Started process (PID=2227) to work on /home/airflow/.local/lib/python3.8/site-packages/airflow/example_dags/example_python_operator.py
[2024-04-07T14:59:07.263+0000] {processor.py:830} INFO - Processing file /home/airflow/.local/lib/python3.8/site-packages/airflow/example_dags/example_python_operator.py for tasks to queue
[2024-04-07T14:59:07.267+0000] {logging_mixin.py:188} INFO - [2024-04-07T14:59:07.265+0000] {dagbag.py:540} INFO - Filling up the DagBag from /home/airflow/.local/lib/python3.8/site-packages/airflow/example_dags/example_python_operator.py
[2024-04-07T14:59:07.287+0000] {processor.py:840} INFO - DAG(s) 'example_python_operator' retrieved from /home/airflow/.local/lib/python3.8/site-packages/airflow/example_dags/example_python_operator.py
[2024-04-07T14:59:07.345+0000] {logging_mixin.py:188} INFO - [2024-04-07T14:59:07.345+0000] {dag.py:3047} INFO - Sync 1 DAGs
[2024-04-07T14:59:07.371+0000] {logging_mixin.py:188} INFO - [2024-04-07T14:59:07.371+0000] {dag.py:3834} INFO - Setting next_dagrun for example_python_operator to None, run_after=None
[2024-04-07T14:59:07.405+0000] {processor.py:183} INFO - Processing /home/airflow/.local/lib/python3.8/site-packages/airflow/example_dags/example_python_operator.py took 0.151 seconds
[2024-04-07T14:59:38.632+0000] {processor.py:161} INFO - Started process (PID=2284) to work on /home/airflow/.local/lib/python3.8/site-packages/airflow/example_dags/example_python_operator.py
[2024-04-07T14:59:38.635+0000] {processor.py:830} INFO - Processing file /home/airflow/.local/lib/python3.8/site-packages/airflow/example_dags/example_python_operator.py for tasks to queue
[2024-04-07T14:59:38.639+0000] {logging_mixin.py:188} INFO - [2024-04-07T14:59:38.638+0000] {dagbag.py:540} INFO - Filling up the DagBag from /home/airflow/.local/lib/python3.8/site-packages/airflow/example_dags/example_python_operator.py
[2024-04-07T14:59:38.663+0000] {processor.py:840} INFO - DAG(s) 'example_python_operator' retrieved from /home/airflow/.local/lib/python3.8/site-packages/airflow/example_dags/example_python_operator.py
[2024-04-07T14:59:38.752+0000] {logging_mixin.py:188} INFO - [2024-04-07T14:59:38.752+0000] {dag.py:3047} INFO - Sync 1 DAGs
[2024-04-07T14:59:38.853+0000] {logging_mixin.py:188} INFO - [2024-04-07T14:59:38.852+0000] {dag.py:3834} INFO - Setting next_dagrun for example_python_operator to None, run_after=None
[2024-04-07T14:59:38.926+0000] {processor.py:183} INFO - Processing /home/airflow/.local/lib/python3.8/site-packages/airflow/example_dags/example_python_operator.py took 0.301 seconds
[2024-04-07T15:00:09.572+0000] {processor.py:161} INFO - Started process (PID=2341) to work on /home/airflow/.local/lib/python3.8/site-packages/airflow/example_dags/example_python_operator.py
[2024-04-07T15:00:09.581+0000] {processor.py:830} INFO - Processing file /home/airflow/.local/lib/python3.8/site-packages/airflow/example_dags/example_python_operator.py for tasks to queue
[2024-04-07T15:00:09.585+0000] {logging_mixin.py:188} INFO - [2024-04-07T15:00:09.584+0000] {dagbag.py:540} INFO - Filling up the DagBag from /home/airflow/.local/lib/python3.8/site-packages/airflow/example_dags/example_python_operator.py
[2024-04-07T15:00:09.608+0000] {processor.py:840} INFO - DAG(s) 'example_python_operator' retrieved from /home/airflow/.local/lib/python3.8/site-packages/airflow/example_dags/example_python_operator.py
[2024-04-07T15:00:09.666+0000] {logging_mixin.py:188} INFO - [2024-04-07T15:00:09.665+0000] {dag.py:3047} INFO - Sync 1 DAGs
[2024-04-07T15:00:09.692+0000] {logging_mixin.py:188} INFO - [2024-04-07T15:00:09.691+0000] {dag.py:3834} INFO - Setting next_dagrun for example_python_operator to None, run_after=None
[2024-04-07T15:00:09.737+0000] {processor.py:183} INFO - Processing /home/airflow/.local/lib/python3.8/site-packages/airflow/example_dags/example_python_operator.py took 0.171 seconds
