[2024-04-07T14:39:22.254+0000] {processor.py:161} INFO - Started process (PID=60) to work on /home/airflow/.local/lib/python3.8/site-packages/airflow/example_dags/example_params_ui_tutorial.py
[2024-04-07T14:39:22.362+0000] {processor.py:830} INFO - Processing file /home/airflow/.local/lib/python3.8/site-packages/airflow/example_dags/example_params_ui_tutorial.py for tasks to queue
[2024-04-07T14:39:22.368+0000] {logging_mixin.py:188} INFO - [2024-04-07T14:39:22.367+0000] {dagbag.py:540} INFO - Filling up the DagBag from /home/airflow/.local/lib/python3.8/site-packages/airflow/example_dags/example_params_ui_tutorial.py
[2024-04-07T14:39:22.436+0000] {processor.py:840} INFO - DAG(s) 'example_params_ui_tutorial' retrieved from /home/airflow/.local/lib/python3.8/site-packages/airflow/example_dags/example_params_ui_tutorial.py
[2024-04-07T14:39:24.614+0000] {logging_mixin.py:188} INFO - [2024-04-07T14:39:24.613+0000] {dag.py:3047} INFO - Sync 1 DAGs
[2024-04-07T14:39:24.783+0000] {logging_mixin.py:188} INFO - [2024-04-07T14:39:24.782+0000] {dag.py:3834} INFO - Setting next_dagrun for example_params_ui_tutorial to None, run_after=None
[2024-04-07T14:39:25.093+0000] {processor.py:183} INFO - Processing /home/airflow/.local/lib/python3.8/site-packages/airflow/example_dags/example_params_ui_tutorial.py took 2.852 seconds
[2024-04-07T14:39:55.826+0000] {processor.py:161} INFO - Started process (PID=117) to work on /home/airflow/.local/lib/python3.8/site-packages/airflow/example_dags/example_params_ui_tutorial.py
[2024-04-07T14:39:55.828+0000] {processor.py:830} INFO - Processing file /home/airflow/.local/lib/python3.8/site-packages/airflow/example_dags/example_params_ui_tutorial.py for tasks to queue
[2024-04-07T14:39:55.831+0000] {logging_mixin.py:188} INFO - [2024-04-07T14:39:55.831+0000] {dagbag.py:540} INFO - Filling up the DagBag from /home/airflow/.local/lib/python3.8/site-packages/airflow/example_dags/example_params_ui_tutorial.py
[2024-04-07T14:39:55.864+0000] {processor.py:840} INFO - DAG(s) 'example_params_ui_tutorial' retrieved from /home/airflow/.local/lib/python3.8/site-packages/airflow/example_dags/example_params_ui_tutorial.py
[2024-04-07T14:39:55.988+0000] {logging_mixin.py:188} INFO - [2024-04-07T14:39:55.987+0000] {dag.py:3047} INFO - Sync 1 DAGs
[2024-04-07T14:39:56.012+0000] {logging_mixin.py:188} INFO - [2024-04-07T14:39:56.011+0000] {dag.py:3834} INFO - Setting next_dagrun for example_params_ui_tutorial to None, run_after=None
[2024-04-07T14:39:56.670+0000] {processor.py:183} INFO - Processing /home/airflow/.local/lib/python3.8/site-packages/airflow/example_dags/example_params_ui_tutorial.py took 0.852 seconds
[2024-04-07T14:40:28.160+0000] {processor.py:161} INFO - Started process (PID=174) to work on /home/airflow/.local/lib/python3.8/site-packages/airflow/example_dags/example_params_ui_tutorial.py
[2024-04-07T14:40:28.163+0000] {processor.py:830} INFO - Processing file /home/airflow/.local/lib/python3.8/site-packages/airflow/example_dags/example_params_ui_tutorial.py for tasks to queue
[2024-04-07T14:40:28.177+0000] {logging_mixin.py:188} INFO - [2024-04-07T14:40:28.177+0000] {dagbag.py:540} INFO - Filling up the DagBag from /home/airflow/.local/lib/python3.8/site-packages/airflow/example_dags/example_params_ui_tutorial.py
[2024-04-07T14:40:28.215+0000] {processor.py:840} INFO - DAG(s) 'example_params_ui_tutorial' retrieved from /home/airflow/.local/lib/python3.8/site-packages/airflow/example_dags/example_params_ui_tutorial.py
[2024-04-07T14:40:28.432+0000] {logging_mixin.py:188} INFO - [2024-04-07T14:40:28.432+0000] {dag.py:3047} INFO - Sync 1 DAGs
[2024-04-07T14:40:28.459+0000] {logging_mixin.py:188} INFO - [2024-04-07T14:40:28.458+0000] {dag.py:3834} INFO - Setting next_dagrun for example_params_ui_tutorial to None, run_after=None
[2024-04-07T14:40:28.519+0000] {processor.py:183} INFO - Processing /home/airflow/.local/lib/python3.8/site-packages/airflow/example_dags/example_params_ui_tutorial.py took 0.376 seconds
[2024-04-07T14:40:59.109+0000] {processor.py:161} INFO - Started process (PID=231) to work on /home/airflow/.local/lib/python3.8/site-packages/airflow/example_dags/example_params_ui_tutorial.py
[2024-04-07T14:40:59.155+0000] {processor.py:830} INFO - Processing file /home/airflow/.local/lib/python3.8/site-packages/airflow/example_dags/example_params_ui_tutorial.py for tasks to queue
[2024-04-07T14:40:59.159+0000] {logging_mixin.py:188} INFO - [2024-04-07T14:40:59.158+0000] {dagbag.py:540} INFO - Filling up the DagBag from /home/airflow/.local/lib/python3.8/site-packages/airflow/example_dags/example_params_ui_tutorial.py
[2024-04-07T14:40:59.211+0000] {processor.py:840} INFO - DAG(s) 'example_params_ui_tutorial' retrieved from /home/airflow/.local/lib/python3.8/site-packages/airflow/example_dags/example_params_ui_tutorial.py
[2024-04-07T14:40:59.458+0000] {logging_mixin.py:188} INFO - [2024-04-07T14:40:59.458+0000] {dag.py:3047} INFO - Sync 1 DAGs
[2024-04-07T14:40:59.482+0000] {logging_mixin.py:188} INFO - [2024-04-07T14:40:59.482+0000] {dag.py:3834} INFO - Setting next_dagrun for example_params_ui_tutorial to None, run_after=None
[2024-04-07T14:40:59.596+0000] {processor.py:183} INFO - Processing /home/airflow/.local/lib/python3.8/site-packages/airflow/example_dags/example_params_ui_tutorial.py took 0.493 seconds
[2024-04-07T14:41:33.926+0000] {processor.py:161} INFO - Started process (PID=294) to work on /home/airflow/.local/lib/python3.8/site-packages/airflow/example_dags/example_params_ui_tutorial.py
[2024-04-07T14:41:33.929+0000] {processor.py:830} INFO - Processing file /home/airflow/.local/lib/python3.8/site-packages/airflow/example_dags/example_params_ui_tutorial.py for tasks to queue
[2024-04-07T14:41:33.934+0000] {logging_mixin.py:188} INFO - [2024-04-07T14:41:33.933+0000] {dagbag.py:540} INFO - Filling up the DagBag from /home/airflow/.local/lib/python3.8/site-packages/airflow/example_dags/example_params_ui_tutorial.py
[2024-04-07T14:41:33.965+0000] {processor.py:840} INFO - DAG(s) 'example_params_ui_tutorial' retrieved from /home/airflow/.local/lib/python3.8/site-packages/airflow/example_dags/example_params_ui_tutorial.py
[2024-04-07T14:41:34.121+0000] {logging_mixin.py:188} INFO - [2024-04-07T14:41:34.120+0000] {dag.py:3047} INFO - Sync 1 DAGs
[2024-04-07T14:41:34.148+0000] {logging_mixin.py:188} INFO - [2024-04-07T14:41:34.148+0000] {dag.py:3834} INFO - Setting next_dagrun for example_params_ui_tutorial to None, run_after=None
[2024-04-07T14:41:34.383+0000] {processor.py:183} INFO - Processing /home/airflow/.local/lib/python3.8/site-packages/airflow/example_dags/example_params_ui_tutorial.py took 0.465 seconds
[2024-04-07T14:42:06.150+0000] {processor.py:161} INFO - Started process (PID=351) to work on /home/airflow/.local/lib/python3.8/site-packages/airflow/example_dags/example_params_ui_tutorial.py
[2024-04-07T14:42:06.152+0000] {processor.py:830} INFO - Processing file /home/airflow/.local/lib/python3.8/site-packages/airflow/example_dags/example_params_ui_tutorial.py for tasks to queue
[2024-04-07T14:42:06.161+0000] {logging_mixin.py:188} INFO - [2024-04-07T14:42:06.160+0000] {dagbag.py:540} INFO - Filling up the DagBag from /home/airflow/.local/lib/python3.8/site-packages/airflow/example_dags/example_params_ui_tutorial.py
[2024-04-07T14:42:06.194+0000] {processor.py:840} INFO - DAG(s) 'example_params_ui_tutorial' retrieved from /home/airflow/.local/lib/python3.8/site-packages/airflow/example_dags/example_params_ui_tutorial.py
[2024-04-07T14:42:06.484+0000] {logging_mixin.py:188} INFO - [2024-04-07T14:42:06.484+0000] {dag.py:3047} INFO - Sync 1 DAGs
[2024-04-07T14:42:06.572+0000] {logging_mixin.py:188} INFO - [2024-04-07T14:42:06.572+0000] {dag.py:3834} INFO - Setting next_dagrun for example_params_ui_tutorial to None, run_after=None
[2024-04-07T14:42:06.818+0000] {processor.py:183} INFO - Processing /home/airflow/.local/lib/python3.8/site-packages/airflow/example_dags/example_params_ui_tutorial.py took 0.676 seconds
[2024-04-07T14:42:37.479+0000] {processor.py:161} INFO - Started process (PID=408) to work on /home/airflow/.local/lib/python3.8/site-packages/airflow/example_dags/example_params_ui_tutorial.py
[2024-04-07T14:42:37.486+0000] {processor.py:830} INFO - Processing file /home/airflow/.local/lib/python3.8/site-packages/airflow/example_dags/example_params_ui_tutorial.py for tasks to queue
[2024-04-07T14:42:37.490+0000] {logging_mixin.py:188} INFO - [2024-04-07T14:42:37.490+0000] {dagbag.py:540} INFO - Filling up the DagBag from /home/airflow/.local/lib/python3.8/site-packages/airflow/example_dags/example_params_ui_tutorial.py
[2024-04-07T14:42:37.526+0000] {processor.py:840} INFO - DAG(s) 'example_params_ui_tutorial' retrieved from /home/airflow/.local/lib/python3.8/site-packages/airflow/example_dags/example_params_ui_tutorial.py
[2024-04-07T14:42:37.742+0000] {logging_mixin.py:188} INFO - [2024-04-07T14:42:37.741+0000] {dag.py:3047} INFO - Sync 1 DAGs
[2024-04-07T14:42:37.779+0000] {logging_mixin.py:188} INFO - [2024-04-07T14:42:37.779+0000] {dag.py:3834} INFO - Setting next_dagrun for example_params_ui_tutorial to None, run_after=None
[2024-04-07T14:42:37.862+0000] {processor.py:183} INFO - Processing /home/airflow/.local/lib/python3.8/site-packages/airflow/example_dags/example_params_ui_tutorial.py took 0.391 seconds
[2024-04-07T14:43:08.933+0000] {processor.py:161} INFO - Started process (PID=466) to work on /home/airflow/.local/lib/python3.8/site-packages/airflow/example_dags/example_params_ui_tutorial.py
[2024-04-07T14:43:08.936+0000] {processor.py:830} INFO - Processing file /home/airflow/.local/lib/python3.8/site-packages/airflow/example_dags/example_params_ui_tutorial.py for tasks to queue
[2024-04-07T14:43:08.940+0000] {logging_mixin.py:188} INFO - [2024-04-07T14:43:08.939+0000] {dagbag.py:540} INFO - Filling up the DagBag from /home/airflow/.local/lib/python3.8/site-packages/airflow/example_dags/example_params_ui_tutorial.py
[2024-04-07T14:43:08.991+0000] {processor.py:840} INFO - DAG(s) 'example_params_ui_tutorial' retrieved from /home/airflow/.local/lib/python3.8/site-packages/airflow/example_dags/example_params_ui_tutorial.py
[2024-04-07T14:43:09.322+0000] {logging_mixin.py:188} INFO - [2024-04-07T14:43:09.321+0000] {dag.py:3047} INFO - Sync 1 DAGs
[2024-04-07T14:43:09.376+0000] {logging_mixin.py:188} INFO - [2024-04-07T14:43:09.375+0000] {dag.py:3834} INFO - Setting next_dagrun for example_params_ui_tutorial to None, run_after=None
[2024-04-07T14:43:09.466+0000] {processor.py:183} INFO - Processing /home/airflow/.local/lib/python3.8/site-packages/airflow/example_dags/example_params_ui_tutorial.py took 0.544 seconds
[2024-04-07T14:43:40.925+0000] {processor.py:161} INFO - Started process (PID=523) to work on /home/airflow/.local/lib/python3.8/site-packages/airflow/example_dags/example_params_ui_tutorial.py
[2024-04-07T14:43:40.928+0000] {processor.py:830} INFO - Processing file /home/airflow/.local/lib/python3.8/site-packages/airflow/example_dags/example_params_ui_tutorial.py for tasks to queue
[2024-04-07T14:43:40.935+0000] {logging_mixin.py:188} INFO - [2024-04-07T14:43:40.932+0000] {dagbag.py:540} INFO - Filling up the DagBag from /home/airflow/.local/lib/python3.8/site-packages/airflow/example_dags/example_params_ui_tutorial.py
[2024-04-07T14:43:40.986+0000] {processor.py:840} INFO - DAG(s) 'example_params_ui_tutorial' retrieved from /home/airflow/.local/lib/python3.8/site-packages/airflow/example_dags/example_params_ui_tutorial.py
[2024-04-07T14:43:41.397+0000] {logging_mixin.py:188} INFO - [2024-04-07T14:43:41.396+0000] {dag.py:3047} INFO - Sync 1 DAGs
[2024-04-07T14:43:41.476+0000] {logging_mixin.py:188} INFO - [2024-04-07T14:43:41.475+0000] {dag.py:3834} INFO - Setting next_dagrun for example_params_ui_tutorial to None, run_after=None
[2024-04-07T14:43:41.593+0000] {processor.py:183} INFO - Processing /home/airflow/.local/lib/python3.8/site-packages/airflow/example_dags/example_params_ui_tutorial.py took 0.677 seconds
[2024-04-07T14:44:12.049+0000] {processor.py:161} INFO - Started process (PID=580) to work on /home/airflow/.local/lib/python3.8/site-packages/airflow/example_dags/example_params_ui_tutorial.py
[2024-04-07T14:44:12.053+0000] {processor.py:830} INFO - Processing file /home/airflow/.local/lib/python3.8/site-packages/airflow/example_dags/example_params_ui_tutorial.py for tasks to queue
[2024-04-07T14:44:12.065+0000] {logging_mixin.py:188} INFO - [2024-04-07T14:44:12.064+0000] {dagbag.py:540} INFO - Filling up the DagBag from /home/airflow/.local/lib/python3.8/site-packages/airflow/example_dags/example_params_ui_tutorial.py
[2024-04-07T14:44:12.119+0000] {processor.py:840} INFO - DAG(s) 'example_params_ui_tutorial' retrieved from /home/airflow/.local/lib/python3.8/site-packages/airflow/example_dags/example_params_ui_tutorial.py
[2024-04-07T14:44:12.392+0000] {logging_mixin.py:188} INFO - [2024-04-07T14:44:12.392+0000] {dag.py:3047} INFO - Sync 1 DAGs
[2024-04-07T14:44:12.424+0000] {logging_mixin.py:188} INFO - [2024-04-07T14:44:12.424+0000] {dag.py:3834} INFO - Setting next_dagrun for example_params_ui_tutorial to None, run_after=None
[2024-04-07T14:44:12.484+0000] {processor.py:183} INFO - Processing /home/airflow/.local/lib/python3.8/site-packages/airflow/example_dags/example_params_ui_tutorial.py took 0.442 seconds
[2024-04-07T14:44:49.578+0000] {processor.py:161} INFO - Started process (PID=636) to work on /home/airflow/.local/lib/python3.8/site-packages/airflow/example_dags/example_params_ui_tutorial.py
[2024-04-07T14:44:49.598+0000] {processor.py:830} INFO - Processing file /home/airflow/.local/lib/python3.8/site-packages/airflow/example_dags/example_params_ui_tutorial.py for tasks to queue
[2024-04-07T14:44:49.605+0000] {logging_mixin.py:188} INFO - [2024-04-07T14:44:49.602+0000] {dagbag.py:540} INFO - Filling up the DagBag from /home/airflow/.local/lib/python3.8/site-packages/airflow/example_dags/example_params_ui_tutorial.py
[2024-04-07T14:44:49.702+0000] {processor.py:840} INFO - DAG(s) 'example_params_ui_tutorial' retrieved from /home/airflow/.local/lib/python3.8/site-packages/airflow/example_dags/example_params_ui_tutorial.py
[2024-04-07T14:44:50.546+0000] {logging_mixin.py:188} INFO - [2024-04-07T14:44:50.545+0000] {dag.py:3047} INFO - Sync 1 DAGs
[2024-04-07T14:44:51.430+0000] {logging_mixin.py:188} INFO - [2024-04-07T14:44:51.429+0000] {dag.py:3834} INFO - Setting next_dagrun for example_params_ui_tutorial to None, run_after=None
[2024-04-07T14:44:52.037+0000] {processor.py:183} INFO - Processing /home/airflow/.local/lib/python3.8/site-packages/airflow/example_dags/example_params_ui_tutorial.py took 2.468 seconds
[2024-04-07T14:45:22.504+0000] {processor.py:161} INFO - Started process (PID=692) to work on /home/airflow/.local/lib/python3.8/site-packages/airflow/example_dags/example_params_ui_tutorial.py
[2024-04-07T14:45:22.509+0000] {processor.py:830} INFO - Processing file /home/airflow/.local/lib/python3.8/site-packages/airflow/example_dags/example_params_ui_tutorial.py for tasks to queue
[2024-04-07T14:45:22.517+0000] {logging_mixin.py:188} INFO - [2024-04-07T14:45:22.517+0000] {dagbag.py:540} INFO - Filling up the DagBag from /home/airflow/.local/lib/python3.8/site-packages/airflow/example_dags/example_params_ui_tutorial.py
[2024-04-07T14:45:22.623+0000] {processor.py:840} INFO - DAG(s) 'example_params_ui_tutorial' retrieved from /home/airflow/.local/lib/python3.8/site-packages/airflow/example_dags/example_params_ui_tutorial.py
[2024-04-07T14:45:22.943+0000] {logging_mixin.py:188} INFO - [2024-04-07T14:45:22.942+0000] {dag.py:3047} INFO - Sync 1 DAGs
[2024-04-07T14:45:22.979+0000] {logging_mixin.py:188} INFO - [2024-04-07T14:45:22.978+0000] {dag.py:3834} INFO - Setting next_dagrun for example_params_ui_tutorial to None, run_after=None
[2024-04-07T14:45:23.046+0000] {processor.py:183} INFO - Processing /home/airflow/.local/lib/python3.8/site-packages/airflow/example_dags/example_params_ui_tutorial.py took 0.561 seconds
[2024-04-07T14:45:53.744+0000] {processor.py:161} INFO - Started process (PID=749) to work on /home/airflow/.local/lib/python3.8/site-packages/airflow/example_dags/example_params_ui_tutorial.py
[2024-04-07T14:45:53.746+0000] {processor.py:830} INFO - Processing file /home/airflow/.local/lib/python3.8/site-packages/airflow/example_dags/example_params_ui_tutorial.py for tasks to queue
[2024-04-07T14:45:53.749+0000] {logging_mixin.py:188} INFO - [2024-04-07T14:45:53.748+0000] {dagbag.py:540} INFO - Filling up the DagBag from /home/airflow/.local/lib/python3.8/site-packages/airflow/example_dags/example_params_ui_tutorial.py
[2024-04-07T14:45:53.768+0000] {processor.py:840} INFO - DAG(s) 'example_params_ui_tutorial' retrieved from /home/airflow/.local/lib/python3.8/site-packages/airflow/example_dags/example_params_ui_tutorial.py
[2024-04-07T14:45:53.870+0000] {logging_mixin.py:188} INFO - [2024-04-07T14:45:53.869+0000] {dag.py:3047} INFO - Sync 1 DAGs
[2024-04-07T14:45:53.894+0000] {logging_mixin.py:188} INFO - [2024-04-07T14:45:53.893+0000] {dag.py:3834} INFO - Setting next_dagrun for example_params_ui_tutorial to None, run_after=None
[2024-04-07T14:45:53.931+0000] {processor.py:183} INFO - Processing /home/airflow/.local/lib/python3.8/site-packages/airflow/example_dags/example_params_ui_tutorial.py took 0.192 seconds
[2024-04-07T14:46:24.292+0000] {processor.py:161} INFO - Started process (PID=806) to work on /home/airflow/.local/lib/python3.8/site-packages/airflow/example_dags/example_params_ui_tutorial.py
[2024-04-07T14:46:24.301+0000] {processor.py:830} INFO - Processing file /home/airflow/.local/lib/python3.8/site-packages/airflow/example_dags/example_params_ui_tutorial.py for tasks to queue
[2024-04-07T14:46:24.307+0000] {logging_mixin.py:188} INFO - [2024-04-07T14:46:24.306+0000] {dagbag.py:540} INFO - Filling up the DagBag from /home/airflow/.local/lib/python3.8/site-packages/airflow/example_dags/example_params_ui_tutorial.py
[2024-04-07T14:46:24.342+0000] {processor.py:840} INFO - DAG(s) 'example_params_ui_tutorial' retrieved from /home/airflow/.local/lib/python3.8/site-packages/airflow/example_dags/example_params_ui_tutorial.py
[2024-04-07T14:46:24.471+0000] {logging_mixin.py:188} INFO - [2024-04-07T14:46:24.471+0000] {dag.py:3047} INFO - Sync 1 DAGs
[2024-04-07T14:46:24.505+0000] {logging_mixin.py:188} INFO - [2024-04-07T14:46:24.505+0000] {dag.py:3834} INFO - Setting next_dagrun for example_params_ui_tutorial to None, run_after=None
[2024-04-07T14:46:24.558+0000] {processor.py:183} INFO - Processing /home/airflow/.local/lib/python3.8/site-packages/airflow/example_dags/example_params_ui_tutorial.py took 0.273 seconds
[2024-04-07T14:46:54.935+0000] {processor.py:161} INFO - Started process (PID=863) to work on /home/airflow/.local/lib/python3.8/site-packages/airflow/example_dags/example_params_ui_tutorial.py
[2024-04-07T14:46:54.937+0000] {processor.py:830} INFO - Processing file /home/airflow/.local/lib/python3.8/site-packages/airflow/example_dags/example_params_ui_tutorial.py for tasks to queue
[2024-04-07T14:46:54.940+0000] {logging_mixin.py:188} INFO - [2024-04-07T14:46:54.939+0000] {dagbag.py:540} INFO - Filling up the DagBag from /home/airflow/.local/lib/python3.8/site-packages/airflow/example_dags/example_params_ui_tutorial.py
[2024-04-07T14:46:54.960+0000] {processor.py:840} INFO - DAG(s) 'example_params_ui_tutorial' retrieved from /home/airflow/.local/lib/python3.8/site-packages/airflow/example_dags/example_params_ui_tutorial.py
[2024-04-07T14:46:55.250+0000] {logging_mixin.py:188} INFO - [2024-04-07T14:46:55.249+0000] {dag.py:3047} INFO - Sync 1 DAGs
[2024-04-07T14:46:55.287+0000] {logging_mixin.py:188} INFO - [2024-04-07T14:46:55.287+0000] {dag.py:3834} INFO - Setting next_dagrun for example_params_ui_tutorial to None, run_after=None
[2024-04-07T14:46:55.509+0000] {processor.py:183} INFO - Processing /home/airflow/.local/lib/python3.8/site-packages/airflow/example_dags/example_params_ui_tutorial.py took 0.580 seconds
[2024-04-07T14:47:26.292+0000] {processor.py:161} INFO - Started process (PID=920) to work on /home/airflow/.local/lib/python3.8/site-packages/airflow/example_dags/example_params_ui_tutorial.py
[2024-04-07T14:47:26.293+0000] {processor.py:830} INFO - Processing file /home/airflow/.local/lib/python3.8/site-packages/airflow/example_dags/example_params_ui_tutorial.py for tasks to queue
[2024-04-07T14:47:26.296+0000] {logging_mixin.py:188} INFO - [2024-04-07T14:47:26.296+0000] {dagbag.py:540} INFO - Filling up the DagBag from /home/airflow/.local/lib/python3.8/site-packages/airflow/example_dags/example_params_ui_tutorial.py
[2024-04-07T14:47:26.316+0000] {processor.py:840} INFO - DAG(s) 'example_params_ui_tutorial' retrieved from /home/airflow/.local/lib/python3.8/site-packages/airflow/example_dags/example_params_ui_tutorial.py
[2024-04-07T14:47:26.430+0000] {logging_mixin.py:188} INFO - [2024-04-07T14:47:26.429+0000] {dag.py:3047} INFO - Sync 1 DAGs
[2024-04-07T14:47:26.451+0000] {logging_mixin.py:188} INFO - [2024-04-07T14:47:26.451+0000] {dag.py:3834} INFO - Setting next_dagrun for example_params_ui_tutorial to None, run_after=None
[2024-04-07T14:47:26.481+0000] {processor.py:183} INFO - Processing /home/airflow/.local/lib/python3.8/site-packages/airflow/example_dags/example_params_ui_tutorial.py took 0.195 seconds
[2024-04-07T14:47:56.855+0000] {processor.py:161} INFO - Started process (PID=977) to work on /home/airflow/.local/lib/python3.8/site-packages/airflow/example_dags/example_params_ui_tutorial.py
[2024-04-07T14:47:56.857+0000] {processor.py:830} INFO - Processing file /home/airflow/.local/lib/python3.8/site-packages/airflow/example_dags/example_params_ui_tutorial.py for tasks to queue
[2024-04-07T14:47:56.860+0000] {logging_mixin.py:188} INFO - [2024-04-07T14:47:56.859+0000] {dagbag.py:540} INFO - Filling up the DagBag from /home/airflow/.local/lib/python3.8/site-packages/airflow/example_dags/example_params_ui_tutorial.py
[2024-04-07T14:47:56.878+0000] {processor.py:840} INFO - DAG(s) 'example_params_ui_tutorial' retrieved from /home/airflow/.local/lib/python3.8/site-packages/airflow/example_dags/example_params_ui_tutorial.py
[2024-04-07T14:47:56.981+0000] {logging_mixin.py:188} INFO - [2024-04-07T14:47:56.980+0000] {dag.py:3047} INFO - Sync 1 DAGs
[2024-04-07T14:47:57.001+0000] {logging_mixin.py:188} INFO - [2024-04-07T14:47:57.001+0000] {dag.py:3834} INFO - Setting next_dagrun for example_params_ui_tutorial to None, run_after=None
[2024-04-07T14:47:57.042+0000] {processor.py:183} INFO - Processing /home/airflow/.local/lib/python3.8/site-packages/airflow/example_dags/example_params_ui_tutorial.py took 0.193 seconds
[2024-04-07T14:48:27.582+0000] {processor.py:161} INFO - Started process (PID=1034) to work on /home/airflow/.local/lib/python3.8/site-packages/airflow/example_dags/example_params_ui_tutorial.py
[2024-04-07T14:48:27.584+0000] {processor.py:830} INFO - Processing file /home/airflow/.local/lib/python3.8/site-packages/airflow/example_dags/example_params_ui_tutorial.py for tasks to queue
[2024-04-07T14:48:27.588+0000] {logging_mixin.py:188} INFO - [2024-04-07T14:48:27.587+0000] {dagbag.py:540} INFO - Filling up the DagBag from /home/airflow/.local/lib/python3.8/site-packages/airflow/example_dags/example_params_ui_tutorial.py
[2024-04-07T14:48:27.621+0000] {processor.py:840} INFO - DAG(s) 'example_params_ui_tutorial' retrieved from /home/airflow/.local/lib/python3.8/site-packages/airflow/example_dags/example_params_ui_tutorial.py
[2024-04-07T14:48:27.811+0000] {logging_mixin.py:188} INFO - [2024-04-07T14:48:27.810+0000] {dag.py:3047} INFO - Sync 1 DAGs
[2024-04-07T14:48:27.845+0000] {logging_mixin.py:188} INFO - [2024-04-07T14:48:27.844+0000] {dag.py:3834} INFO - Setting next_dagrun for example_params_ui_tutorial to None, run_after=None
[2024-04-07T14:48:27.898+0000] {processor.py:183} INFO - Processing /home/airflow/.local/lib/python3.8/site-packages/airflow/example_dags/example_params_ui_tutorial.py took 0.328 seconds
[2024-04-07T14:48:58.253+0000] {processor.py:161} INFO - Started process (PID=1091) to work on /home/airflow/.local/lib/python3.8/site-packages/airflow/example_dags/example_params_ui_tutorial.py
[2024-04-07T14:48:58.255+0000] {processor.py:830} INFO - Processing file /home/airflow/.local/lib/python3.8/site-packages/airflow/example_dags/example_params_ui_tutorial.py for tasks to queue
[2024-04-07T14:48:58.259+0000] {logging_mixin.py:188} INFO - [2024-04-07T14:48:58.258+0000] {dagbag.py:540} INFO - Filling up the DagBag from /home/airflow/.local/lib/python3.8/site-packages/airflow/example_dags/example_params_ui_tutorial.py
[2024-04-07T14:48:58.302+0000] {processor.py:840} INFO - DAG(s) 'example_params_ui_tutorial' retrieved from /home/airflow/.local/lib/python3.8/site-packages/airflow/example_dags/example_params_ui_tutorial.py
[2024-04-07T14:48:58.486+0000] {logging_mixin.py:188} INFO - [2024-04-07T14:48:58.486+0000] {dag.py:3047} INFO - Sync 1 DAGs
[2024-04-07T14:48:58.515+0000] {logging_mixin.py:188} INFO - [2024-04-07T14:48:58.514+0000] {dag.py:3834} INFO - Setting next_dagrun for example_params_ui_tutorial to None, run_after=None
[2024-04-07T14:48:58.574+0000] {processor.py:183} INFO - Processing /home/airflow/.local/lib/python3.8/site-packages/airflow/example_dags/example_params_ui_tutorial.py took 0.327 seconds
[2024-04-07T14:49:28.899+0000] {processor.py:161} INFO - Started process (PID=1148) to work on /home/airflow/.local/lib/python3.8/site-packages/airflow/example_dags/example_params_ui_tutorial.py
[2024-04-07T14:49:28.901+0000] {processor.py:830} INFO - Processing file /home/airflow/.local/lib/python3.8/site-packages/airflow/example_dags/example_params_ui_tutorial.py for tasks to queue
[2024-04-07T14:49:28.907+0000] {logging_mixin.py:188} INFO - [2024-04-07T14:49:28.906+0000] {dagbag.py:540} INFO - Filling up the DagBag from /home/airflow/.local/lib/python3.8/site-packages/airflow/example_dags/example_params_ui_tutorial.py
[2024-04-07T14:49:28.931+0000] {processor.py:840} INFO - DAG(s) 'example_params_ui_tutorial' retrieved from /home/airflow/.local/lib/python3.8/site-packages/airflow/example_dags/example_params_ui_tutorial.py
[2024-04-07T14:49:29.064+0000] {logging_mixin.py:188} INFO - [2024-04-07T14:49:29.063+0000] {dag.py:3047} INFO - Sync 1 DAGs
[2024-04-07T14:49:29.087+0000] {logging_mixin.py:188} INFO - [2024-04-07T14:49:29.087+0000] {dag.py:3834} INFO - Setting next_dagrun for example_params_ui_tutorial to None, run_after=None
[2024-04-07T14:49:29.127+0000] {processor.py:183} INFO - Processing /home/airflow/.local/lib/python3.8/site-packages/airflow/example_dags/example_params_ui_tutorial.py took 0.235 seconds
[2024-04-07T14:49:59.236+0000] {processor.py:161} INFO - Started process (PID=1205) to work on /home/airflow/.local/lib/python3.8/site-packages/airflow/example_dags/example_params_ui_tutorial.py
[2024-04-07T14:49:59.238+0000] {processor.py:830} INFO - Processing file /home/airflow/.local/lib/python3.8/site-packages/airflow/example_dags/example_params_ui_tutorial.py for tasks to queue
[2024-04-07T14:49:59.241+0000] {logging_mixin.py:188} INFO - [2024-04-07T14:49:59.241+0000] {dagbag.py:540} INFO - Filling up the DagBag from /home/airflow/.local/lib/python3.8/site-packages/airflow/example_dags/example_params_ui_tutorial.py
[2024-04-07T14:49:59.270+0000] {processor.py:840} INFO - DAG(s) 'example_params_ui_tutorial' retrieved from /home/airflow/.local/lib/python3.8/site-packages/airflow/example_dags/example_params_ui_tutorial.py
[2024-04-07T14:49:59.424+0000] {logging_mixin.py:188} INFO - [2024-04-07T14:49:59.424+0000] {dag.py:3047} INFO - Sync 1 DAGs
[2024-04-07T14:49:59.452+0000] {logging_mixin.py:188} INFO - [2024-04-07T14:49:59.451+0000] {dag.py:3834} INFO - Setting next_dagrun for example_params_ui_tutorial to None, run_after=None
[2024-04-07T14:49:59.496+0000] {processor.py:183} INFO - Processing /home/airflow/.local/lib/python3.8/site-packages/airflow/example_dags/example_params_ui_tutorial.py took 0.268 seconds
[2024-04-07T14:50:29.906+0000] {processor.py:161} INFO - Started process (PID=1262) to work on /home/airflow/.local/lib/python3.8/site-packages/airflow/example_dags/example_params_ui_tutorial.py
[2024-04-07T14:50:29.910+0000] {processor.py:830} INFO - Processing file /home/airflow/.local/lib/python3.8/site-packages/airflow/example_dags/example_params_ui_tutorial.py for tasks to queue
[2024-04-07T14:50:29.914+0000] {logging_mixin.py:188} INFO - [2024-04-07T14:50:29.913+0000] {dagbag.py:540} INFO - Filling up the DagBag from /home/airflow/.local/lib/python3.8/site-packages/airflow/example_dags/example_params_ui_tutorial.py
[2024-04-07T14:50:29.943+0000] {processor.py:840} INFO - DAG(s) 'example_params_ui_tutorial' retrieved from /home/airflow/.local/lib/python3.8/site-packages/airflow/example_dags/example_params_ui_tutorial.py
[2024-04-07T14:50:30.144+0000] {logging_mixin.py:188} INFO - [2024-04-07T14:50:30.143+0000] {dag.py:3047} INFO - Sync 1 DAGs
[2024-04-07T14:50:30.188+0000] {logging_mixin.py:188} INFO - [2024-04-07T14:50:30.187+0000] {dag.py:3834} INFO - Setting next_dagrun for example_params_ui_tutorial to None, run_after=None
[2024-04-07T14:50:31.197+0000] {processor.py:183} INFO - Processing /home/airflow/.local/lib/python3.8/site-packages/airflow/example_dags/example_params_ui_tutorial.py took 1.301 seconds
[2024-04-07T14:51:01.391+0000] {processor.py:161} INFO - Started process (PID=1320) to work on /home/airflow/.local/lib/python3.8/site-packages/airflow/example_dags/example_params_ui_tutorial.py
[2024-04-07T14:51:01.393+0000] {processor.py:830} INFO - Processing file /home/airflow/.local/lib/python3.8/site-packages/airflow/example_dags/example_params_ui_tutorial.py for tasks to queue
[2024-04-07T14:51:01.398+0000] {logging_mixin.py:188} INFO - [2024-04-07T14:51:01.396+0000] {dagbag.py:540} INFO - Filling up the DagBag from /home/airflow/.local/lib/python3.8/site-packages/airflow/example_dags/example_params_ui_tutorial.py
[2024-04-07T14:51:01.426+0000] {processor.py:840} INFO - DAG(s) 'example_params_ui_tutorial' retrieved from /home/airflow/.local/lib/python3.8/site-packages/airflow/example_dags/example_params_ui_tutorial.py
[2024-04-07T14:51:01.568+0000] {logging_mixin.py:188} INFO - [2024-04-07T14:51:01.568+0000] {dag.py:3047} INFO - Sync 1 DAGs
[2024-04-07T14:51:01.600+0000] {logging_mixin.py:188} INFO - [2024-04-07T14:51:01.599+0000] {dag.py:3834} INFO - Setting next_dagrun for example_params_ui_tutorial to None, run_after=None
[2024-04-07T14:51:01.650+0000] {processor.py:183} INFO - Processing /home/airflow/.local/lib/python3.8/site-packages/airflow/example_dags/example_params_ui_tutorial.py took 0.264 seconds
[2024-04-07T14:51:31.822+0000] {processor.py:161} INFO - Started process (PID=1376) to work on /home/airflow/.local/lib/python3.8/site-packages/airflow/example_dags/example_params_ui_tutorial.py
[2024-04-07T14:51:31.825+0000] {processor.py:830} INFO - Processing file /home/airflow/.local/lib/python3.8/site-packages/airflow/example_dags/example_params_ui_tutorial.py for tasks to queue
[2024-04-07T14:51:31.830+0000] {logging_mixin.py:188} INFO - [2024-04-07T14:51:31.829+0000] {dagbag.py:540} INFO - Filling up the DagBag from /home/airflow/.local/lib/python3.8/site-packages/airflow/example_dags/example_params_ui_tutorial.py
[2024-04-07T14:51:31.882+0000] {processor.py:840} INFO - DAG(s) 'example_params_ui_tutorial' retrieved from /home/airflow/.local/lib/python3.8/site-packages/airflow/example_dags/example_params_ui_tutorial.py
[2024-04-07T14:51:32.102+0000] {logging_mixin.py:188} INFO - [2024-04-07T14:51:32.102+0000] {dag.py:3047} INFO - Sync 1 DAGs
[2024-04-07T14:51:32.132+0000] {logging_mixin.py:188} INFO - [2024-04-07T14:51:32.131+0000] {dag.py:3834} INFO - Setting next_dagrun for example_params_ui_tutorial to None, run_after=None
[2024-04-07T14:51:32.184+0000] {processor.py:183} INFO - Processing /home/airflow/.local/lib/python3.8/site-packages/airflow/example_dags/example_params_ui_tutorial.py took 0.382 seconds
[2024-04-07T14:52:02.491+0000] {processor.py:161} INFO - Started process (PID=1439) to work on /home/airflow/.local/lib/python3.8/site-packages/airflow/example_dags/example_params_ui_tutorial.py
[2024-04-07T14:52:02.498+0000] {processor.py:830} INFO - Processing file /home/airflow/.local/lib/python3.8/site-packages/airflow/example_dags/example_params_ui_tutorial.py for tasks to queue
[2024-04-07T14:52:02.504+0000] {logging_mixin.py:188} INFO - [2024-04-07T14:52:02.504+0000] {dagbag.py:540} INFO - Filling up the DagBag from /home/airflow/.local/lib/python3.8/site-packages/airflow/example_dags/example_params_ui_tutorial.py
[2024-04-07T14:52:02.536+0000] {processor.py:840} INFO - DAG(s) 'example_params_ui_tutorial' retrieved from /home/airflow/.local/lib/python3.8/site-packages/airflow/example_dags/example_params_ui_tutorial.py
[2024-04-07T14:52:02.740+0000] {logging_mixin.py:188} INFO - [2024-04-07T14:52:02.739+0000] {dag.py:3047} INFO - Sync 1 DAGs
[2024-04-07T14:52:02.777+0000] {logging_mixin.py:188} INFO - [2024-04-07T14:52:02.776+0000] {dag.py:3834} INFO - Setting next_dagrun for example_params_ui_tutorial to None, run_after=None
[2024-04-07T14:52:02.843+0000] {processor.py:183} INFO - Processing /home/airflow/.local/lib/python3.8/site-packages/airflow/example_dags/example_params_ui_tutorial.py took 0.358 seconds
[2024-04-07T14:52:33.532+0000] {processor.py:161} INFO - Started process (PID=1496) to work on /home/airflow/.local/lib/python3.8/site-packages/airflow/example_dags/example_params_ui_tutorial.py
[2024-04-07T14:52:33.535+0000] {processor.py:830} INFO - Processing file /home/airflow/.local/lib/python3.8/site-packages/airflow/example_dags/example_params_ui_tutorial.py for tasks to queue
[2024-04-07T14:52:33.548+0000] {logging_mixin.py:188} INFO - [2024-04-07T14:52:33.547+0000] {dagbag.py:540} INFO - Filling up the DagBag from /home/airflow/.local/lib/python3.8/site-packages/airflow/example_dags/example_params_ui_tutorial.py
[2024-04-07T14:52:33.620+0000] {processor.py:840} INFO - DAG(s) 'example_params_ui_tutorial' retrieved from /home/airflow/.local/lib/python3.8/site-packages/airflow/example_dags/example_params_ui_tutorial.py
[2024-04-07T14:52:33.875+0000] {logging_mixin.py:188} INFO - [2024-04-07T14:52:33.874+0000] {dag.py:3047} INFO - Sync 1 DAGs
[2024-04-07T14:52:33.912+0000] {logging_mixin.py:188} INFO - [2024-04-07T14:52:33.911+0000] {dag.py:3834} INFO - Setting next_dagrun for example_params_ui_tutorial to None, run_after=None
[2024-04-07T14:52:33.969+0000] {processor.py:183} INFO - Processing /home/airflow/.local/lib/python3.8/site-packages/airflow/example_dags/example_params_ui_tutorial.py took 0.448 seconds
[2024-04-07T14:53:04.727+0000] {processor.py:161} INFO - Started process (PID=1553) to work on /home/airflow/.local/lib/python3.8/site-packages/airflow/example_dags/example_params_ui_tutorial.py
[2024-04-07T14:53:04.735+0000] {processor.py:830} INFO - Processing file /home/airflow/.local/lib/python3.8/site-packages/airflow/example_dags/example_params_ui_tutorial.py for tasks to queue
[2024-04-07T14:53:04.757+0000] {logging_mixin.py:188} INFO - [2024-04-07T14:53:04.753+0000] {dagbag.py:540} INFO - Filling up the DagBag from /home/airflow/.local/lib/python3.8/site-packages/airflow/example_dags/example_params_ui_tutorial.py
[2024-04-07T14:53:04.842+0000] {processor.py:840} INFO - DAG(s) 'example_params_ui_tutorial' retrieved from /home/airflow/.local/lib/python3.8/site-packages/airflow/example_dags/example_params_ui_tutorial.py
[2024-04-07T14:53:05.086+0000] {logging_mixin.py:188} INFO - [2024-04-07T14:53:05.086+0000] {dag.py:3047} INFO - Sync 1 DAGs
[2024-04-07T14:53:05.132+0000] {logging_mixin.py:188} INFO - [2024-04-07T14:53:05.131+0000] {dag.py:3834} INFO - Setting next_dagrun for example_params_ui_tutorial to None, run_after=None
[2024-04-07T14:53:05.234+0000] {processor.py:183} INFO - Processing /home/airflow/.local/lib/python3.8/site-packages/airflow/example_dags/example_params_ui_tutorial.py took 0.523 seconds
[2024-04-07T14:53:36.117+0000] {processor.py:161} INFO - Started process (PID=1610) to work on /home/airflow/.local/lib/python3.8/site-packages/airflow/example_dags/example_params_ui_tutorial.py
[2024-04-07T14:53:36.120+0000] {processor.py:830} INFO - Processing file /home/airflow/.local/lib/python3.8/site-packages/airflow/example_dags/example_params_ui_tutorial.py for tasks to queue
[2024-04-07T14:53:36.124+0000] {logging_mixin.py:188} INFO - [2024-04-07T14:53:36.124+0000] {dagbag.py:540} INFO - Filling up the DagBag from /home/airflow/.local/lib/python3.8/site-packages/airflow/example_dags/example_params_ui_tutorial.py
[2024-04-07T14:53:36.157+0000] {processor.py:840} INFO - DAG(s) 'example_params_ui_tutorial' retrieved from /home/airflow/.local/lib/python3.8/site-packages/airflow/example_dags/example_params_ui_tutorial.py
[2024-04-07T14:53:36.294+0000] {logging_mixin.py:188} INFO - [2024-04-07T14:53:36.293+0000] {dag.py:3047} INFO - Sync 1 DAGs
[2024-04-07T14:53:36.319+0000] {logging_mixin.py:188} INFO - [2024-04-07T14:53:36.319+0000] {dag.py:3834} INFO - Setting next_dagrun for example_params_ui_tutorial to None, run_after=None
[2024-04-07T14:53:36.354+0000] {processor.py:183} INFO - Processing /home/airflow/.local/lib/python3.8/site-packages/airflow/example_dags/example_params_ui_tutorial.py took 0.244 seconds
[2024-04-07T14:54:06.774+0000] {processor.py:161} INFO - Started process (PID=1667) to work on /home/airflow/.local/lib/python3.8/site-packages/airflow/example_dags/example_params_ui_tutorial.py
[2024-04-07T14:54:06.776+0000] {processor.py:830} INFO - Processing file /home/airflow/.local/lib/python3.8/site-packages/airflow/example_dags/example_params_ui_tutorial.py for tasks to queue
[2024-04-07T14:54:06.779+0000] {logging_mixin.py:188} INFO - [2024-04-07T14:54:06.779+0000] {dagbag.py:540} INFO - Filling up the DagBag from /home/airflow/.local/lib/python3.8/site-packages/airflow/example_dags/example_params_ui_tutorial.py
[2024-04-07T14:54:06.822+0000] {processor.py:840} INFO - DAG(s) 'example_params_ui_tutorial' retrieved from /home/airflow/.local/lib/python3.8/site-packages/airflow/example_dags/example_params_ui_tutorial.py
[2024-04-07T14:54:07.004+0000] {logging_mixin.py:188} INFO - [2024-04-07T14:54:07.003+0000] {dag.py:3047} INFO - Sync 1 DAGs
[2024-04-07T14:54:07.028+0000] {logging_mixin.py:188} INFO - [2024-04-07T14:54:07.028+0000] {dag.py:3834} INFO - Setting next_dagrun for example_params_ui_tutorial to None, run_after=None
[2024-04-07T14:54:07.072+0000] {processor.py:183} INFO - Processing /home/airflow/.local/lib/python3.8/site-packages/airflow/example_dags/example_params_ui_tutorial.py took 0.304 seconds
[2024-04-07T14:54:37.590+0000] {processor.py:161} INFO - Started process (PID=1724) to work on /home/airflow/.local/lib/python3.8/site-packages/airflow/example_dags/example_params_ui_tutorial.py
[2024-04-07T14:54:37.593+0000] {processor.py:830} INFO - Processing file /home/airflow/.local/lib/python3.8/site-packages/airflow/example_dags/example_params_ui_tutorial.py for tasks to queue
[2024-04-07T14:54:37.596+0000] {logging_mixin.py:188} INFO - [2024-04-07T14:54:37.596+0000] {dagbag.py:540} INFO - Filling up the DagBag from /home/airflow/.local/lib/python3.8/site-packages/airflow/example_dags/example_params_ui_tutorial.py
[2024-04-07T14:54:37.622+0000] {processor.py:840} INFO - DAG(s) 'example_params_ui_tutorial' retrieved from /home/airflow/.local/lib/python3.8/site-packages/airflow/example_dags/example_params_ui_tutorial.py
[2024-04-07T14:54:37.747+0000] {logging_mixin.py:188} INFO - [2024-04-07T14:54:37.746+0000] {dag.py:3047} INFO - Sync 1 DAGs
[2024-04-07T14:54:37.771+0000] {logging_mixin.py:188} INFO - [2024-04-07T14:54:37.771+0000] {dag.py:3834} INFO - Setting next_dagrun for example_params_ui_tutorial to None, run_after=None
[2024-04-07T14:54:37.810+0000] {processor.py:183} INFO - Processing /home/airflow/.local/lib/python3.8/site-packages/airflow/example_dags/example_params_ui_tutorial.py took 0.226 seconds
[2024-04-07T14:55:08.579+0000] {processor.py:161} INFO - Started process (PID=1780) to work on /home/airflow/.local/lib/python3.8/site-packages/airflow/example_dags/example_params_ui_tutorial.py
[2024-04-07T14:55:08.581+0000] {processor.py:830} INFO - Processing file /home/airflow/.local/lib/python3.8/site-packages/airflow/example_dags/example_params_ui_tutorial.py for tasks to queue
[2024-04-07T14:55:08.585+0000] {logging_mixin.py:188} INFO - [2024-04-07T14:55:08.584+0000] {dagbag.py:540} INFO - Filling up the DagBag from /home/airflow/.local/lib/python3.8/site-packages/airflow/example_dags/example_params_ui_tutorial.py
[2024-04-07T14:55:08.606+0000] {processor.py:840} INFO - DAG(s) 'example_params_ui_tutorial' retrieved from /home/airflow/.local/lib/python3.8/site-packages/airflow/example_dags/example_params_ui_tutorial.py
[2024-04-07T14:55:08.737+0000] {logging_mixin.py:188} INFO - [2024-04-07T14:55:08.737+0000] {dag.py:3047} INFO - Sync 1 DAGs
[2024-04-07T14:55:08.762+0000] {logging_mixin.py:188} INFO - [2024-04-07T14:55:08.761+0000] {dag.py:3834} INFO - Setting next_dagrun for example_params_ui_tutorial to None, run_after=None
[2024-04-07T14:55:08.804+0000] {processor.py:183} INFO - Processing /home/airflow/.local/lib/python3.8/site-packages/airflow/example_dags/example_params_ui_tutorial.py took 0.233 seconds
[2024-04-07T14:55:39.313+0000] {processor.py:161} INFO - Started process (PID=1837) to work on /home/airflow/.local/lib/python3.8/site-packages/airflow/example_dags/example_params_ui_tutorial.py
[2024-04-07T14:55:39.316+0000] {processor.py:830} INFO - Processing file /home/airflow/.local/lib/python3.8/site-packages/airflow/example_dags/example_params_ui_tutorial.py for tasks to queue
[2024-04-07T14:55:39.321+0000] {logging_mixin.py:188} INFO - [2024-04-07T14:55:39.320+0000] {dagbag.py:540} INFO - Filling up the DagBag from /home/airflow/.local/lib/python3.8/site-packages/airflow/example_dags/example_params_ui_tutorial.py
[2024-04-07T14:55:39.375+0000] {processor.py:840} INFO - DAG(s) 'example_params_ui_tutorial' retrieved from /home/airflow/.local/lib/python3.8/site-packages/airflow/example_dags/example_params_ui_tutorial.py
[2024-04-07T14:55:39.547+0000] {logging_mixin.py:188} INFO - [2024-04-07T14:55:39.547+0000] {dag.py:3047} INFO - Sync 1 DAGs
[2024-04-07T14:55:39.638+0000] {logging_mixin.py:188} INFO - [2024-04-07T14:55:39.636+0000] {dag.py:3834} INFO - Setting next_dagrun for example_params_ui_tutorial to None, run_after=None
[2024-04-07T14:55:39.808+0000] {processor.py:183} INFO - Processing /home/airflow/.local/lib/python3.8/site-packages/airflow/example_dags/example_params_ui_tutorial.py took 0.503 seconds
[2024-04-07T14:56:10.224+0000] {processor.py:161} INFO - Started process (PID=1895) to work on /home/airflow/.local/lib/python3.8/site-packages/airflow/example_dags/example_params_ui_tutorial.py
[2024-04-07T14:56:10.227+0000] {processor.py:830} INFO - Processing file /home/airflow/.local/lib/python3.8/site-packages/airflow/example_dags/example_params_ui_tutorial.py for tasks to queue
[2024-04-07T14:56:10.231+0000] {logging_mixin.py:188} INFO - [2024-04-07T14:56:10.230+0000] {dagbag.py:540} INFO - Filling up the DagBag from /home/airflow/.local/lib/python3.8/site-packages/airflow/example_dags/example_params_ui_tutorial.py
[2024-04-07T14:56:10.255+0000] {processor.py:840} INFO - DAG(s) 'example_params_ui_tutorial' retrieved from /home/airflow/.local/lib/python3.8/site-packages/airflow/example_dags/example_params_ui_tutorial.py
[2024-04-07T14:56:10.387+0000] {logging_mixin.py:188} INFO - [2024-04-07T14:56:10.386+0000] {dag.py:3047} INFO - Sync 1 DAGs
[2024-04-07T14:56:10.412+0000] {logging_mixin.py:188} INFO - [2024-04-07T14:56:10.411+0000] {dag.py:3834} INFO - Setting next_dagrun for example_params_ui_tutorial to None, run_after=None
[2024-04-07T14:56:10.455+0000] {processor.py:183} INFO - Processing /home/airflow/.local/lib/python3.8/site-packages/airflow/example_dags/example_params_ui_tutorial.py took 0.238 seconds
[2024-04-07T14:56:40.598+0000] {processor.py:161} INFO - Started process (PID=1951) to work on /home/airflow/.local/lib/python3.8/site-packages/airflow/example_dags/example_params_ui_tutorial.py
[2024-04-07T14:56:40.602+0000] {processor.py:830} INFO - Processing file /home/airflow/.local/lib/python3.8/site-packages/airflow/example_dags/example_params_ui_tutorial.py for tasks to queue
[2024-04-07T14:56:40.609+0000] {logging_mixin.py:188} INFO - [2024-04-07T14:56:40.606+0000] {dagbag.py:540} INFO - Filling up the DagBag from /home/airflow/.local/lib/python3.8/site-packages/airflow/example_dags/example_params_ui_tutorial.py
[2024-04-07T14:56:40.663+0000] {processor.py:840} INFO - DAG(s) 'example_params_ui_tutorial' retrieved from /home/airflow/.local/lib/python3.8/site-packages/airflow/example_dags/example_params_ui_tutorial.py
[2024-04-07T14:56:40.830+0000] {logging_mixin.py:188} INFO - [2024-04-07T14:56:40.829+0000] {dag.py:3047} INFO - Sync 1 DAGs
[2024-04-07T14:56:40.857+0000] {logging_mixin.py:188} INFO - [2024-04-07T14:56:40.856+0000] {dag.py:3834} INFO - Setting next_dagrun for example_params_ui_tutorial to None, run_after=None
[2024-04-07T14:56:40.897+0000] {processor.py:183} INFO - Processing /home/airflow/.local/lib/python3.8/site-packages/airflow/example_dags/example_params_ui_tutorial.py took 0.315 seconds
[2024-04-07T14:57:11.849+0000] {processor.py:161} INFO - Started process (PID=2008) to work on /home/airflow/.local/lib/python3.8/site-packages/airflow/example_dags/example_params_ui_tutorial.py
[2024-04-07T14:57:11.852+0000] {processor.py:830} INFO - Processing file /home/airflow/.local/lib/python3.8/site-packages/airflow/example_dags/example_params_ui_tutorial.py for tasks to queue
[2024-04-07T14:57:11.858+0000] {logging_mixin.py:188} INFO - [2024-04-07T14:57:11.855+0000] {dagbag.py:540} INFO - Filling up the DagBag from /home/airflow/.local/lib/python3.8/site-packages/airflow/example_dags/example_params_ui_tutorial.py
[2024-04-07T14:57:11.899+0000] {processor.py:840} INFO - DAG(s) 'example_params_ui_tutorial' retrieved from /home/airflow/.local/lib/python3.8/site-packages/airflow/example_dags/example_params_ui_tutorial.py
[2024-04-07T14:57:12.186+0000] {logging_mixin.py:188} INFO - [2024-04-07T14:57:12.185+0000] {dag.py:3047} INFO - Sync 1 DAGs
[2024-04-07T14:57:12.226+0000] {logging_mixin.py:188} INFO - [2024-04-07T14:57:12.226+0000] {dag.py:3834} INFO - Setting next_dagrun for example_params_ui_tutorial to None, run_after=None
[2024-04-07T14:57:12.279+0000] {processor.py:183} INFO - Processing /home/airflow/.local/lib/python3.8/site-packages/airflow/example_dags/example_params_ui_tutorial.py took 0.439 seconds
[2024-04-07T14:57:43.163+0000] {processor.py:161} INFO - Started process (PID=2066) to work on /home/airflow/.local/lib/python3.8/site-packages/airflow/example_dags/example_params_ui_tutorial.py
[2024-04-07T14:57:43.165+0000] {processor.py:830} INFO - Processing file /home/airflow/.local/lib/python3.8/site-packages/airflow/example_dags/example_params_ui_tutorial.py for tasks to queue
[2024-04-07T14:57:43.170+0000] {logging_mixin.py:188} INFO - [2024-04-07T14:57:43.168+0000] {dagbag.py:540} INFO - Filling up the DagBag from /home/airflow/.local/lib/python3.8/site-packages/airflow/example_dags/example_params_ui_tutorial.py
[2024-04-07T14:57:43.211+0000] {processor.py:840} INFO - DAG(s) 'example_params_ui_tutorial' retrieved from /home/airflow/.local/lib/python3.8/site-packages/airflow/example_dags/example_params_ui_tutorial.py
[2024-04-07T14:57:43.342+0000] {logging_mixin.py:188} INFO - [2024-04-07T14:57:43.341+0000] {dag.py:3047} INFO - Sync 1 DAGs
[2024-04-07T14:57:43.368+0000] {logging_mixin.py:188} INFO - [2024-04-07T14:57:43.368+0000] {dag.py:3834} INFO - Setting next_dagrun for example_params_ui_tutorial to None, run_after=None
[2024-04-07T14:57:43.415+0000] {processor.py:183} INFO - Processing /home/airflow/.local/lib/python3.8/site-packages/airflow/example_dags/example_params_ui_tutorial.py took 0.258 seconds
[2024-04-07T14:58:13.891+0000] {processor.py:161} INFO - Started process (PID=2123) to work on /home/airflow/.local/lib/python3.8/site-packages/airflow/example_dags/example_params_ui_tutorial.py
[2024-04-07T14:58:13.894+0000] {processor.py:830} INFO - Processing file /home/airflow/.local/lib/python3.8/site-packages/airflow/example_dags/example_params_ui_tutorial.py for tasks to queue
[2024-04-07T14:58:13.897+0000] {logging_mixin.py:188} INFO - [2024-04-07T14:58:13.897+0000] {dagbag.py:540} INFO - Filling up the DagBag from /home/airflow/.local/lib/python3.8/site-packages/airflow/example_dags/example_params_ui_tutorial.py
[2024-04-07T14:58:13.917+0000] {processor.py:840} INFO - DAG(s) 'example_params_ui_tutorial' retrieved from /home/airflow/.local/lib/python3.8/site-packages/airflow/example_dags/example_params_ui_tutorial.py
[2024-04-07T14:58:14.083+0000] {logging_mixin.py:188} INFO - [2024-04-07T14:58:14.082+0000] {dag.py:3047} INFO - Sync 1 DAGs
[2024-04-07T14:58:14.118+0000] {logging_mixin.py:188} INFO - [2024-04-07T14:58:14.117+0000] {dag.py:3834} INFO - Setting next_dagrun for example_params_ui_tutorial to None, run_after=None
[2024-04-07T14:58:14.176+0000] {processor.py:183} INFO - Processing /home/airflow/.local/lib/python3.8/site-packages/airflow/example_dags/example_params_ui_tutorial.py took 0.292 seconds
[2024-04-07T14:58:44.513+0000] {processor.py:161} INFO - Started process (PID=2180) to work on /home/airflow/.local/lib/python3.8/site-packages/airflow/example_dags/example_params_ui_tutorial.py
[2024-04-07T14:58:44.515+0000] {processor.py:830} INFO - Processing file /home/airflow/.local/lib/python3.8/site-packages/airflow/example_dags/example_params_ui_tutorial.py for tasks to queue
[2024-04-07T14:58:44.518+0000] {logging_mixin.py:188} INFO - [2024-04-07T14:58:44.517+0000] {dagbag.py:540} INFO - Filling up the DagBag from /home/airflow/.local/lib/python3.8/site-packages/airflow/example_dags/example_params_ui_tutorial.py
[2024-04-07T14:58:44.537+0000] {processor.py:840} INFO - DAG(s) 'example_params_ui_tutorial' retrieved from /home/airflow/.local/lib/python3.8/site-packages/airflow/example_dags/example_params_ui_tutorial.py
[2024-04-07T14:58:44.669+0000] {logging_mixin.py:188} INFO - [2024-04-07T14:58:44.669+0000] {dag.py:3047} INFO - Sync 1 DAGs
[2024-04-07T14:58:44.703+0000] {logging_mixin.py:188} INFO - [2024-04-07T14:58:44.703+0000] {dag.py:3834} INFO - Setting next_dagrun for example_params_ui_tutorial to None, run_after=None
[2024-04-07T14:58:44.758+0000] {processor.py:183} INFO - Processing /home/airflow/.local/lib/python3.8/site-packages/airflow/example_dags/example_params_ui_tutorial.py took 0.251 seconds
[2024-04-07T14:59:15.017+0000] {processor.py:161} INFO - Started process (PID=2237) to work on /home/airflow/.local/lib/python3.8/site-packages/airflow/example_dags/example_params_ui_tutorial.py
[2024-04-07T14:59:15.019+0000] {processor.py:830} INFO - Processing file /home/airflow/.local/lib/python3.8/site-packages/airflow/example_dags/example_params_ui_tutorial.py for tasks to queue
[2024-04-07T14:59:15.022+0000] {logging_mixin.py:188} INFO - [2024-04-07T14:59:15.022+0000] {dagbag.py:540} INFO - Filling up the DagBag from /home/airflow/.local/lib/python3.8/site-packages/airflow/example_dags/example_params_ui_tutorial.py
[2024-04-07T14:59:15.041+0000] {processor.py:840} INFO - DAG(s) 'example_params_ui_tutorial' retrieved from /home/airflow/.local/lib/python3.8/site-packages/airflow/example_dags/example_params_ui_tutorial.py
[2024-04-07T14:59:15.148+0000] {logging_mixin.py:188} INFO - [2024-04-07T14:59:15.147+0000] {dag.py:3047} INFO - Sync 1 DAGs
[2024-04-07T14:59:15.169+0000] {logging_mixin.py:188} INFO - [2024-04-07T14:59:15.169+0000] {dag.py:3834} INFO - Setting next_dagrun for example_params_ui_tutorial to None, run_after=None
[2024-04-07T14:59:15.206+0000] {processor.py:183} INFO - Processing /home/airflow/.local/lib/python3.8/site-packages/airflow/example_dags/example_params_ui_tutorial.py took 0.194 seconds
[2024-04-07T14:59:45.608+0000] {processor.py:161} INFO - Started process (PID=2294) to work on /home/airflow/.local/lib/python3.8/site-packages/airflow/example_dags/example_params_ui_tutorial.py
[2024-04-07T14:59:45.611+0000] {processor.py:830} INFO - Processing file /home/airflow/.local/lib/python3.8/site-packages/airflow/example_dags/example_params_ui_tutorial.py for tasks to queue
[2024-04-07T14:59:45.616+0000] {logging_mixin.py:188} INFO - [2024-04-07T14:59:45.615+0000] {dagbag.py:540} INFO - Filling up the DagBag from /home/airflow/.local/lib/python3.8/site-packages/airflow/example_dags/example_params_ui_tutorial.py
[2024-04-07T14:59:45.641+0000] {processor.py:840} INFO - DAG(s) 'example_params_ui_tutorial' retrieved from /home/airflow/.local/lib/python3.8/site-packages/airflow/example_dags/example_params_ui_tutorial.py
[2024-04-07T14:59:45.754+0000] {logging_mixin.py:188} INFO - [2024-04-07T14:59:45.754+0000] {dag.py:3047} INFO - Sync 1 DAGs
[2024-04-07T14:59:45.776+0000] {logging_mixin.py:188} INFO - [2024-04-07T14:59:45.776+0000] {dag.py:3834} INFO - Setting next_dagrun for example_params_ui_tutorial to None, run_after=None
[2024-04-07T14:59:45.817+0000] {processor.py:183} INFO - Processing /home/airflow/.local/lib/python3.8/site-packages/airflow/example_dags/example_params_ui_tutorial.py took 0.214 seconds
[2024-04-07T15:00:16.382+0000] {processor.py:161} INFO - Started process (PID=2351) to work on /home/airflow/.local/lib/python3.8/site-packages/airflow/example_dags/example_params_ui_tutorial.py
[2024-04-07T15:00:16.397+0000] {processor.py:830} INFO - Processing file /home/airflow/.local/lib/python3.8/site-packages/airflow/example_dags/example_params_ui_tutorial.py for tasks to queue
[2024-04-07T15:00:16.405+0000] {logging_mixin.py:188} INFO - [2024-04-07T15:00:16.404+0000] {dagbag.py:540} INFO - Filling up the DagBag from /home/airflow/.local/lib/python3.8/site-packages/airflow/example_dags/example_params_ui_tutorial.py
[2024-04-07T15:00:16.453+0000] {processor.py:840} INFO - DAG(s) 'example_params_ui_tutorial' retrieved from /home/airflow/.local/lib/python3.8/site-packages/airflow/example_dags/example_params_ui_tutorial.py
[2024-04-07T15:00:16.663+0000] {logging_mixin.py:188} INFO - [2024-04-07T15:00:16.662+0000] {dag.py:3047} INFO - Sync 1 DAGs
[2024-04-07T15:00:16.697+0000] {logging_mixin.py:188} INFO - [2024-04-07T15:00:16.697+0000] {dag.py:3834} INFO - Setting next_dagrun for example_params_ui_tutorial to None, run_after=None
[2024-04-07T15:00:16.756+0000] {processor.py:183} INFO - Processing /home/airflow/.local/lib/python3.8/site-packages/airflow/example_dags/example_params_ui_tutorial.py took 0.382 seconds
