[2024-04-07T14:39:16.431+0000] {processor.py:161} INFO - Started process (PID=50) to work on /home/airflow/.local/lib/python3.8/site-packages/airflow/example_dags/tutorial.py
[2024-04-07T14:39:16.433+0000] {processor.py:830} INFO - Processing file /home/airflow/.local/lib/python3.8/site-packages/airflow/example_dags/tutorial.py for tasks to queue
[2024-04-07T14:39:16.442+0000] {logging_mixin.py:188} INFO - [2024-04-07T14:39:16.442+0000] {dagbag.py:540} INFO - Filling up the DagBag from /home/airflow/.local/lib/python3.8/site-packages/airflow/example_dags/tutorial.py
[2024-04-07T14:39:16.451+0000] {processor.py:840} INFO - DAG(s) 'tutorial' retrieved from /home/airflow/.local/lib/python3.8/site-packages/airflow/example_dags/tutorial.py
[2024-04-07T14:39:16.751+0000] {logging_mixin.py:188} INFO - [2024-04-07T14:39:16.750+0000] {dag.py:3047} INFO - Sync 1 DAGs
[2024-04-07T14:39:16.814+0000] {logging_mixin.py:188} INFO - [2024-04-07T14:39:16.813+0000] {dag.py:3834} INFO - Setting next_dagrun for tutorial to 2024-04-06 00:00:00+00:00, run_after=2024-04-07 00:00:00+00:00
[2024-04-07T14:39:17.217+0000] {processor.py:183} INFO - Processing /home/airflow/.local/lib/python3.8/site-packages/airflow/example_dags/tutorial.py took 0.792 seconds
[2024-04-07T14:39:50.726+0000] {processor.py:161} INFO - Started process (PID=107) to work on /home/airflow/.local/lib/python3.8/site-packages/airflow/example_dags/tutorial.py
[2024-04-07T14:39:50.729+0000] {processor.py:830} INFO - Processing file /home/airflow/.local/lib/python3.8/site-packages/airflow/example_dags/tutorial.py for tasks to queue
[2024-04-07T14:39:50.733+0000] {logging_mixin.py:188} INFO - [2024-04-07T14:39:50.732+0000] {dagbag.py:540} INFO - Filling up the DagBag from /home/airflow/.local/lib/python3.8/site-packages/airflow/example_dags/tutorial.py
[2024-04-07T14:39:50.746+0000] {processor.py:840} INFO - DAG(s) 'tutorial' retrieved from /home/airflow/.local/lib/python3.8/site-packages/airflow/example_dags/tutorial.py
[2024-04-07T14:39:50.783+0000] {logging_mixin.py:188} INFO - [2024-04-07T14:39:50.782+0000] {dag.py:3047} INFO - Sync 1 DAGs
[2024-04-07T14:39:50.832+0000] {logging_mixin.py:188} INFO - [2024-04-07T14:39:50.831+0000] {dag.py:3834} INFO - Setting next_dagrun for tutorial to 2024-04-06 00:00:00+00:00, run_after=2024-04-07 00:00:00+00:00
[2024-04-07T14:39:51.019+0000] {processor.py:183} INFO - Processing /home/airflow/.local/lib/python3.8/site-packages/airflow/example_dags/tutorial.py took 0.303 seconds
[2024-04-07T14:40:25.294+0000] {processor.py:161} INFO - Started process (PID=164) to work on /home/airflow/.local/lib/python3.8/site-packages/airflow/example_dags/tutorial.py
[2024-04-07T14:40:25.296+0000] {processor.py:830} INFO - Processing file /home/airflow/.local/lib/python3.8/site-packages/airflow/example_dags/tutorial.py for tasks to queue
[2024-04-07T14:40:25.301+0000] {logging_mixin.py:188} INFO - [2024-04-07T14:40:25.300+0000] {dagbag.py:540} INFO - Filling up the DagBag from /home/airflow/.local/lib/python3.8/site-packages/airflow/example_dags/tutorial.py
[2024-04-07T14:40:25.329+0000] {processor.py:840} INFO - DAG(s) 'tutorial' retrieved from /home/airflow/.local/lib/python3.8/site-packages/airflow/example_dags/tutorial.py
[2024-04-07T14:40:25.440+0000] {logging_mixin.py:188} INFO - [2024-04-07T14:40:25.440+0000] {dag.py:3047} INFO - Sync 1 DAGs
[2024-04-07T14:40:25.547+0000] {logging_mixin.py:188} INFO - [2024-04-07T14:40:25.546+0000] {dag.py:3834} INFO - Setting next_dagrun for tutorial to 2024-04-06 00:00:00+00:00, run_after=2024-04-07 00:00:00+00:00
[2024-04-07T14:40:25.630+0000] {processor.py:183} INFO - Processing /home/airflow/.local/lib/python3.8/site-packages/airflow/example_dags/tutorial.py took 0.345 seconds
[2024-04-07T14:40:56.802+0000] {processor.py:161} INFO - Started process (PID=221) to work on /home/airflow/.local/lib/python3.8/site-packages/airflow/example_dags/tutorial.py
[2024-04-07T14:40:56.905+0000] {processor.py:830} INFO - Processing file /home/airflow/.local/lib/python3.8/site-packages/airflow/example_dags/tutorial.py for tasks to queue
[2024-04-07T14:40:56.911+0000] {logging_mixin.py:188} INFO - [2024-04-07T14:40:56.910+0000] {dagbag.py:540} INFO - Filling up the DagBag from /home/airflow/.local/lib/python3.8/site-packages/airflow/example_dags/tutorial.py
[2024-04-07T14:40:56.935+0000] {processor.py:840} INFO - DAG(s) 'tutorial' retrieved from /home/airflow/.local/lib/python3.8/site-packages/airflow/example_dags/tutorial.py
[2024-04-07T14:40:57.001+0000] {logging_mixin.py:188} INFO - [2024-04-07T14:40:57.000+0000] {dag.py:3047} INFO - Sync 1 DAGs
[2024-04-07T14:40:57.077+0000] {logging_mixin.py:188} INFO - [2024-04-07T14:40:57.077+0000] {dag.py:3834} INFO - Setting next_dagrun for tutorial to 2024-04-06 00:00:00+00:00, run_after=2024-04-07 00:00:00+00:00
[2024-04-07T14:40:57.147+0000] {processor.py:183} INFO - Processing /home/airflow/.local/lib/python3.8/site-packages/airflow/example_dags/tutorial.py took 0.351 seconds
[2024-04-07T14:41:30.823+0000] {processor.py:161} INFO - Started process (PID=284) to work on /home/airflow/.local/lib/python3.8/site-packages/airflow/example_dags/tutorial.py
[2024-04-07T14:41:30.840+0000] {processor.py:830} INFO - Processing file /home/airflow/.local/lib/python3.8/site-packages/airflow/example_dags/tutorial.py for tasks to queue
[2024-04-07T14:41:30.858+0000] {logging_mixin.py:188} INFO - [2024-04-07T14:41:30.857+0000] {dagbag.py:540} INFO - Filling up the DagBag from /home/airflow/.local/lib/python3.8/site-packages/airflow/example_dags/tutorial.py
[2024-04-07T14:41:30.888+0000] {processor.py:840} INFO - DAG(s) 'tutorial' retrieved from /home/airflow/.local/lib/python3.8/site-packages/airflow/example_dags/tutorial.py
[2024-04-07T14:41:31.019+0000] {logging_mixin.py:188} INFO - [2024-04-07T14:41:31.019+0000] {dag.py:3047} INFO - Sync 1 DAGs
[2024-04-07T14:41:31.104+0000] {logging_mixin.py:188} INFO - [2024-04-07T14:41:31.103+0000] {dag.py:3834} INFO - Setting next_dagrun for tutorial to 2024-04-06 00:00:00+00:00, run_after=2024-04-07 00:00:00+00:00
[2024-04-07T14:41:31.346+0000] {processor.py:183} INFO - Processing /home/airflow/.local/lib/python3.8/site-packages/airflow/example_dags/tutorial.py took 0.556 seconds
[2024-04-07T14:42:03.402+0000] {processor.py:161} INFO - Started process (PID=341) to work on /home/airflow/.local/lib/python3.8/site-packages/airflow/example_dags/tutorial.py
[2024-04-07T14:42:03.407+0000] {processor.py:830} INFO - Processing file /home/airflow/.local/lib/python3.8/site-packages/airflow/example_dags/tutorial.py for tasks to queue
[2024-04-07T14:42:03.415+0000] {logging_mixin.py:188} INFO - [2024-04-07T14:42:03.415+0000] {dagbag.py:540} INFO - Filling up the DagBag from /home/airflow/.local/lib/python3.8/site-packages/airflow/example_dags/tutorial.py
[2024-04-07T14:42:03.435+0000] {processor.py:840} INFO - DAG(s) 'tutorial' retrieved from /home/airflow/.local/lib/python3.8/site-packages/airflow/example_dags/tutorial.py
[2024-04-07T14:42:03.505+0000] {logging_mixin.py:188} INFO - [2024-04-07T14:42:03.505+0000] {dag.py:3047} INFO - Sync 1 DAGs
[2024-04-07T14:42:03.598+0000] {logging_mixin.py:188} INFO - [2024-04-07T14:42:03.597+0000] {dag.py:3834} INFO - Setting next_dagrun for tutorial to 2024-04-06 00:00:00+00:00, run_after=2024-04-07 00:00:00+00:00
[2024-04-07T14:42:03.661+0000] {processor.py:183} INFO - Processing /home/airflow/.local/lib/python3.8/site-packages/airflow/example_dags/tutorial.py took 0.267 seconds
[2024-04-07T14:42:33.883+0000] {processor.py:161} INFO - Started process (PID=397) to work on /home/airflow/.local/lib/python3.8/site-packages/airflow/example_dags/tutorial.py
[2024-04-07T14:42:33.888+0000] {processor.py:830} INFO - Processing file /home/airflow/.local/lib/python3.8/site-packages/airflow/example_dags/tutorial.py for tasks to queue
[2024-04-07T14:42:33.892+0000] {logging_mixin.py:188} INFO - [2024-04-07T14:42:33.892+0000] {dagbag.py:540} INFO - Filling up the DagBag from /home/airflow/.local/lib/python3.8/site-packages/airflow/example_dags/tutorial.py
[2024-04-07T14:42:33.922+0000] {processor.py:840} INFO - DAG(s) 'tutorial' retrieved from /home/airflow/.local/lib/python3.8/site-packages/airflow/example_dags/tutorial.py
[2024-04-07T14:42:34.024+0000] {logging_mixin.py:188} INFO - [2024-04-07T14:42:34.023+0000] {dag.py:3047} INFO - Sync 1 DAGs
[2024-04-07T14:42:34.125+0000] {logging_mixin.py:188} INFO - [2024-04-07T14:42:34.114+0000] {dag.py:3834} INFO - Setting next_dagrun for tutorial to 2024-04-06 00:00:00+00:00, run_after=2024-04-07 00:00:00+00:00
[2024-04-07T14:42:34.232+0000] {processor.py:183} INFO - Processing /home/airflow/.local/lib/python3.8/site-packages/airflow/example_dags/tutorial.py took 0.354 seconds
[2024-04-07T14:43:04.701+0000] {processor.py:161} INFO - Started process (PID=453) to work on /home/airflow/.local/lib/python3.8/site-packages/airflow/example_dags/tutorial.py
[2024-04-07T14:43:04.713+0000] {processor.py:830} INFO - Processing file /home/airflow/.local/lib/python3.8/site-packages/airflow/example_dags/tutorial.py for tasks to queue
[2024-04-07T14:43:04.718+0000] {logging_mixin.py:188} INFO - [2024-04-07T14:43:04.716+0000] {dagbag.py:540} INFO - Filling up the DagBag from /home/airflow/.local/lib/python3.8/site-packages/airflow/example_dags/tutorial.py
[2024-04-07T14:43:04.732+0000] {processor.py:840} INFO - DAG(s) 'tutorial' retrieved from /home/airflow/.local/lib/python3.8/site-packages/airflow/example_dags/tutorial.py
[2024-04-07T14:43:04.784+0000] {logging_mixin.py:188} INFO - [2024-04-07T14:43:04.783+0000] {dag.py:3047} INFO - Sync 1 DAGs
[2024-04-07T14:43:04.845+0000] {logging_mixin.py:188} INFO - [2024-04-07T14:43:04.845+0000] {dag.py:3834} INFO - Setting next_dagrun for tutorial to 2024-04-06 00:00:00+00:00, run_after=2024-04-07 00:00:00+00:00
[2024-04-07T14:43:04.912+0000] {processor.py:183} INFO - Processing /home/airflow/.local/lib/python3.8/site-packages/airflow/example_dags/tutorial.py took 0.219 seconds
[2024-04-07T14:43:35.823+0000] {processor.py:161} INFO - Started process (PID=510) to work on /home/airflow/.local/lib/python3.8/site-packages/airflow/example_dags/tutorial.py
[2024-04-07T14:43:35.835+0000] {processor.py:830} INFO - Processing file /home/airflow/.local/lib/python3.8/site-packages/airflow/example_dags/tutorial.py for tasks to queue
[2024-04-07T14:43:35.839+0000] {logging_mixin.py:188} INFO - [2024-04-07T14:43:35.839+0000] {dagbag.py:540} INFO - Filling up the DagBag from /home/airflow/.local/lib/python3.8/site-packages/airflow/example_dags/tutorial.py
[2024-04-07T14:43:35.892+0000] {processor.py:840} INFO - DAG(s) 'tutorial' retrieved from /home/airflow/.local/lib/python3.8/site-packages/airflow/example_dags/tutorial.py
[2024-04-07T14:43:36.007+0000] {logging_mixin.py:188} INFO - [2024-04-07T14:43:36.006+0000] {dag.py:3047} INFO - Sync 1 DAGs
[2024-04-07T14:43:36.159+0000] {logging_mixin.py:188} INFO - [2024-04-07T14:43:36.159+0000] {dag.py:3834} INFO - Setting next_dagrun for tutorial to 2024-04-06 00:00:00+00:00, run_after=2024-04-07 00:00:00+00:00
[2024-04-07T14:43:36.247+0000] {processor.py:183} INFO - Processing /home/airflow/.local/lib/python3.8/site-packages/airflow/example_dags/tutorial.py took 0.433 seconds
[2024-04-07T14:44:06.776+0000] {processor.py:161} INFO - Started process (PID=567) to work on /home/airflow/.local/lib/python3.8/site-packages/airflow/example_dags/tutorial.py
[2024-04-07T14:44:06.778+0000] {processor.py:830} INFO - Processing file /home/airflow/.local/lib/python3.8/site-packages/airflow/example_dags/tutorial.py for tasks to queue
[2024-04-07T14:44:06.783+0000] {logging_mixin.py:188} INFO - [2024-04-07T14:44:06.782+0000] {dagbag.py:540} INFO - Filling up the DagBag from /home/airflow/.local/lib/python3.8/site-packages/airflow/example_dags/tutorial.py
[2024-04-07T14:44:06.800+0000] {processor.py:840} INFO - DAG(s) 'tutorial' retrieved from /home/airflow/.local/lib/python3.8/site-packages/airflow/example_dags/tutorial.py
[2024-04-07T14:44:06.947+0000] {logging_mixin.py:188} INFO - [2024-04-07T14:44:06.946+0000] {dag.py:3047} INFO - Sync 1 DAGs
[2024-04-07T14:44:07.160+0000] {logging_mixin.py:188} INFO - [2024-04-07T14:44:07.142+0000] {dag.py:3834} INFO - Setting next_dagrun for tutorial to 2024-04-06 00:00:00+00:00, run_after=2024-04-07 00:00:00+00:00
[2024-04-07T14:44:07.313+0000] {processor.py:183} INFO - Processing /home/airflow/.local/lib/python3.8/site-packages/airflow/example_dags/tutorial.py took 0.551 seconds
[2024-04-07T14:44:40.927+0000] {processor.py:161} INFO - Started process (PID=625) to work on /home/airflow/.local/lib/python3.8/site-packages/airflow/example_dags/tutorial.py
[2024-04-07T14:44:40.938+0000] {processor.py:830} INFO - Processing file /home/airflow/.local/lib/python3.8/site-packages/airflow/example_dags/tutorial.py for tasks to queue
[2024-04-07T14:44:40.944+0000] {logging_mixin.py:188} INFO - [2024-04-07T14:44:40.943+0000] {dagbag.py:540} INFO - Filling up the DagBag from /home/airflow/.local/lib/python3.8/site-packages/airflow/example_dags/tutorial.py
[2024-04-07T14:44:40.960+0000] {processor.py:840} INFO - DAG(s) 'tutorial' retrieved from /home/airflow/.local/lib/python3.8/site-packages/airflow/example_dags/tutorial.py
[2024-04-07T14:44:41.153+0000] {logging_mixin.py:188} INFO - [2024-04-07T14:44:41.152+0000] {dag.py:3047} INFO - Sync 1 DAGs
[2024-04-07T14:44:41.313+0000] {logging_mixin.py:188} INFO - [2024-04-07T14:44:41.313+0000] {dag.py:3834} INFO - Setting next_dagrun for tutorial to 2024-04-06 00:00:00+00:00, run_after=2024-04-07 00:00:00+00:00
[2024-04-07T14:44:41.473+0000] {processor.py:183} INFO - Processing /home/airflow/.local/lib/python3.8/site-packages/airflow/example_dags/tutorial.py took 0.567 seconds
[2024-04-07T14:45:11.707+0000] {processor.py:161} INFO - Started process (PID=682) to work on /home/airflow/.local/lib/python3.8/site-packages/airflow/example_dags/tutorial.py
[2024-04-07T14:45:11.719+0000] {processor.py:830} INFO - Processing file /home/airflow/.local/lib/python3.8/site-packages/airflow/example_dags/tutorial.py for tasks to queue
[2024-04-07T14:45:11.724+0000] {logging_mixin.py:188} INFO - [2024-04-07T14:45:11.723+0000] {dagbag.py:540} INFO - Filling up the DagBag from /home/airflow/.local/lib/python3.8/site-packages/airflow/example_dags/tutorial.py
[2024-04-07T14:45:11.744+0000] {processor.py:840} INFO - DAG(s) 'tutorial' retrieved from /home/airflow/.local/lib/python3.8/site-packages/airflow/example_dags/tutorial.py
[2024-04-07T14:45:11.825+0000] {logging_mixin.py:188} INFO - [2024-04-07T14:45:11.823+0000] {dag.py:3047} INFO - Sync 1 DAGs
[2024-04-07T14:45:11.888+0000] {logging_mixin.py:188} INFO - [2024-04-07T14:45:11.887+0000] {dag.py:3834} INFO - Setting next_dagrun for tutorial to 2024-04-06 00:00:00+00:00, run_after=2024-04-07 00:00:00+00:00
[2024-04-07T14:45:11.942+0000] {processor.py:183} INFO - Processing /home/airflow/.local/lib/python3.8/site-packages/airflow/example_dags/tutorial.py took 0.242 seconds
[2024-04-07T14:45:42.971+0000] {processor.py:161} INFO - Started process (PID=738) to work on /home/airflow/.local/lib/python3.8/site-packages/airflow/example_dags/tutorial.py
[2024-04-07T14:45:42.974+0000] {processor.py:830} INFO - Processing file /home/airflow/.local/lib/python3.8/site-packages/airflow/example_dags/tutorial.py for tasks to queue
[2024-04-07T14:45:42.978+0000] {logging_mixin.py:188} INFO - [2024-04-07T14:45:42.977+0000] {dagbag.py:540} INFO - Filling up the DagBag from /home/airflow/.local/lib/python3.8/site-packages/airflow/example_dags/tutorial.py
[2024-04-07T14:45:42.993+0000] {processor.py:840} INFO - DAG(s) 'tutorial' retrieved from /home/airflow/.local/lib/python3.8/site-packages/airflow/example_dags/tutorial.py
[2024-04-07T14:45:43.052+0000] {logging_mixin.py:188} INFO - [2024-04-07T14:45:43.051+0000] {dag.py:3047} INFO - Sync 1 DAGs
[2024-04-07T14:45:43.101+0000] {logging_mixin.py:188} INFO - [2024-04-07T14:45:43.101+0000] {dag.py:3834} INFO - Setting next_dagrun for tutorial to 2024-04-06 00:00:00+00:00, run_after=2024-04-07 00:00:00+00:00
[2024-04-07T14:45:43.136+0000] {processor.py:183} INFO - Processing /home/airflow/.local/lib/python3.8/site-packages/airflow/example_dags/tutorial.py took 0.170 seconds
[2024-04-07T14:46:14.233+0000] {processor.py:161} INFO - Started process (PID=795) to work on /home/airflow/.local/lib/python3.8/site-packages/airflow/example_dags/tutorial.py
[2024-04-07T14:46:14.236+0000] {processor.py:830} INFO - Processing file /home/airflow/.local/lib/python3.8/site-packages/airflow/example_dags/tutorial.py for tasks to queue
[2024-04-07T14:46:14.239+0000] {logging_mixin.py:188} INFO - [2024-04-07T14:46:14.239+0000] {dagbag.py:540} INFO - Filling up the DagBag from /home/airflow/.local/lib/python3.8/site-packages/airflow/example_dags/tutorial.py
[2024-04-07T14:46:14.252+0000] {processor.py:840} INFO - DAG(s) 'tutorial' retrieved from /home/airflow/.local/lib/python3.8/site-packages/airflow/example_dags/tutorial.py
[2024-04-07T14:46:14.293+0000] {logging_mixin.py:188} INFO - [2024-04-07T14:46:14.293+0000] {dag.py:3047} INFO - Sync 1 DAGs
[2024-04-07T14:46:14.339+0000] {logging_mixin.py:188} INFO - [2024-04-07T14:46:14.339+0000] {dag.py:3834} INFO - Setting next_dagrun for tutorial to 2024-04-06 00:00:00+00:00, run_after=2024-04-07 00:00:00+00:00
[2024-04-07T14:46:14.400+0000] {processor.py:183} INFO - Processing /home/airflow/.local/lib/python3.8/site-packages/airflow/example_dags/tutorial.py took 0.175 seconds
[2024-04-07T14:46:46.679+0000] {processor.py:161} INFO - Started process (PID=852) to work on /home/airflow/.local/lib/python3.8/site-packages/airflow/example_dags/tutorial.py
[2024-04-07T14:46:46.681+0000] {processor.py:830} INFO - Processing file /home/airflow/.local/lib/python3.8/site-packages/airflow/example_dags/tutorial.py for tasks to queue
[2024-04-07T14:46:46.687+0000] {logging_mixin.py:188} INFO - [2024-04-07T14:46:46.684+0000] {dagbag.py:540} INFO - Filling up the DagBag from /home/airflow/.local/lib/python3.8/site-packages/airflow/example_dags/tutorial.py
[2024-04-07T14:46:46.701+0000] {processor.py:840} INFO - DAG(s) 'tutorial' retrieved from /home/airflow/.local/lib/python3.8/site-packages/airflow/example_dags/tutorial.py
[2024-04-07T14:46:46.740+0000] {logging_mixin.py:188} INFO - [2024-04-07T14:46:46.739+0000] {dag.py:3047} INFO - Sync 1 DAGs
[2024-04-07T14:46:46.785+0000] {logging_mixin.py:188} INFO - [2024-04-07T14:46:46.785+0000] {dag.py:3834} INFO - Setting next_dagrun for tutorial to 2024-04-06 00:00:00+00:00, run_after=2024-04-07 00:00:00+00:00
[2024-04-07T14:46:46.828+0000] {processor.py:183} INFO - Processing /home/airflow/.local/lib/python3.8/site-packages/airflow/example_dags/tutorial.py took 0.156 seconds
[2024-04-07T14:47:17.916+0000] {processor.py:161} INFO - Started process (PID=907) to work on /home/airflow/.local/lib/python3.8/site-packages/airflow/example_dags/tutorial.py
[2024-04-07T14:47:17.919+0000] {processor.py:830} INFO - Processing file /home/airflow/.local/lib/python3.8/site-packages/airflow/example_dags/tutorial.py for tasks to queue
[2024-04-07T14:47:17.924+0000] {logging_mixin.py:188} INFO - [2024-04-07T14:47:17.922+0000] {dagbag.py:540} INFO - Filling up the DagBag from /home/airflow/.local/lib/python3.8/site-packages/airflow/example_dags/tutorial.py
[2024-04-07T14:47:17.939+0000] {processor.py:840} INFO - DAG(s) 'tutorial' retrieved from /home/airflow/.local/lib/python3.8/site-packages/airflow/example_dags/tutorial.py
[2024-04-07T14:47:17.998+0000] {logging_mixin.py:188} INFO - [2024-04-07T14:47:17.997+0000] {dag.py:3047} INFO - Sync 1 DAGs
[2024-04-07T14:47:18.073+0000] {logging_mixin.py:188} INFO - [2024-04-07T14:47:18.073+0000] {dag.py:3834} INFO - Setting next_dagrun for tutorial to 2024-04-06 00:00:00+00:00, run_after=2024-04-07 00:00:00+00:00
[2024-04-07T14:47:18.126+0000] {processor.py:183} INFO - Processing /home/airflow/.local/lib/python3.8/site-packages/airflow/example_dags/tutorial.py took 0.217 seconds
[2024-04-07T14:47:48.261+0000] {processor.py:161} INFO - Started process (PID=965) to work on /home/airflow/.local/lib/python3.8/site-packages/airflow/example_dags/tutorial.py
[2024-04-07T14:47:48.263+0000] {processor.py:830} INFO - Processing file /home/airflow/.local/lib/python3.8/site-packages/airflow/example_dags/tutorial.py for tasks to queue
[2024-04-07T14:47:48.267+0000] {logging_mixin.py:188} INFO - [2024-04-07T14:47:48.266+0000] {dagbag.py:540} INFO - Filling up the DagBag from /home/airflow/.local/lib/python3.8/site-packages/airflow/example_dags/tutorial.py
[2024-04-07T14:47:48.280+0000] {processor.py:840} INFO - DAG(s) 'tutorial' retrieved from /home/airflow/.local/lib/python3.8/site-packages/airflow/example_dags/tutorial.py
[2024-04-07T14:47:48.365+0000] {logging_mixin.py:188} INFO - [2024-04-07T14:47:48.365+0000] {dag.py:3047} INFO - Sync 1 DAGs
[2024-04-07T14:47:48.436+0000] {logging_mixin.py:188} INFO - [2024-04-07T14:47:48.435+0000] {dag.py:3834} INFO - Setting next_dagrun for tutorial to 2024-04-06 00:00:00+00:00, run_after=2024-04-07 00:00:00+00:00
[2024-04-07T14:47:48.493+0000] {processor.py:183} INFO - Processing /home/airflow/.local/lib/python3.8/site-packages/airflow/example_dags/tutorial.py took 0.239 seconds
[2024-04-07T14:48:19.126+0000] {processor.py:161} INFO - Started process (PID=1022) to work on /home/airflow/.local/lib/python3.8/site-packages/airflow/example_dags/tutorial.py
[2024-04-07T14:48:19.129+0000] {processor.py:830} INFO - Processing file /home/airflow/.local/lib/python3.8/site-packages/airflow/example_dags/tutorial.py for tasks to queue
[2024-04-07T14:48:19.132+0000] {logging_mixin.py:188} INFO - [2024-04-07T14:48:19.132+0000] {dagbag.py:540} INFO - Filling up the DagBag from /home/airflow/.local/lib/python3.8/site-packages/airflow/example_dags/tutorial.py
[2024-04-07T14:48:19.142+0000] {processor.py:840} INFO - DAG(s) 'tutorial' retrieved from /home/airflow/.local/lib/python3.8/site-packages/airflow/example_dags/tutorial.py
[2024-04-07T14:48:19.179+0000] {logging_mixin.py:188} INFO - [2024-04-07T14:48:19.179+0000] {dag.py:3047} INFO - Sync 1 DAGs
[2024-04-07T14:48:19.220+0000] {logging_mixin.py:188} INFO - [2024-04-07T14:48:19.219+0000] {dag.py:3834} INFO - Setting next_dagrun for tutorial to 2024-04-06 00:00:00+00:00, run_after=2024-04-07 00:00:00+00:00
[2024-04-07T14:48:19.263+0000] {processor.py:183} INFO - Processing /home/airflow/.local/lib/python3.8/site-packages/airflow/example_dags/tutorial.py took 0.143 seconds
[2024-04-07T14:48:49.612+0000] {processor.py:161} INFO - Started process (PID=1076) to work on /home/airflow/.local/lib/python3.8/site-packages/airflow/example_dags/tutorial.py
[2024-04-07T14:48:49.622+0000] {processor.py:830} INFO - Processing file /home/airflow/.local/lib/python3.8/site-packages/airflow/example_dags/tutorial.py for tasks to queue
[2024-04-07T14:48:49.630+0000] {logging_mixin.py:188} INFO - [2024-04-07T14:48:49.629+0000] {dagbag.py:540} INFO - Filling up the DagBag from /home/airflow/.local/lib/python3.8/site-packages/airflow/example_dags/tutorial.py
[2024-04-07T14:48:49.650+0000] {processor.py:840} INFO - DAG(s) 'tutorial' retrieved from /home/airflow/.local/lib/python3.8/site-packages/airflow/example_dags/tutorial.py
[2024-04-07T14:48:49.721+0000] {logging_mixin.py:188} INFO - [2024-04-07T14:48:49.720+0000] {dag.py:3047} INFO - Sync 1 DAGs
[2024-04-07T14:48:49.801+0000] {logging_mixin.py:188} INFO - [2024-04-07T14:48:49.800+0000] {dag.py:3834} INFO - Setting next_dagrun for tutorial to 2024-04-06 00:00:00+00:00, run_after=2024-04-07 00:00:00+00:00
[2024-04-07T14:48:49.860+0000] {processor.py:183} INFO - Processing /home/airflow/.local/lib/python3.8/site-packages/airflow/example_dags/tutorial.py took 0.265 seconds
[2024-04-07T14:49:20.780+0000] {processor.py:161} INFO - Started process (PID=1133) to work on /home/airflow/.local/lib/python3.8/site-packages/airflow/example_dags/tutorial.py
[2024-04-07T14:49:20.793+0000] {processor.py:830} INFO - Processing file /home/airflow/.local/lib/python3.8/site-packages/airflow/example_dags/tutorial.py for tasks to queue
[2024-04-07T14:49:20.797+0000] {logging_mixin.py:188} INFO - [2024-04-07T14:49:20.797+0000] {dagbag.py:540} INFO - Filling up the DagBag from /home/airflow/.local/lib/python3.8/site-packages/airflow/example_dags/tutorial.py
[2024-04-07T14:49:20.841+0000] {processor.py:840} INFO - DAG(s) 'tutorial' retrieved from /home/airflow/.local/lib/python3.8/site-packages/airflow/example_dags/tutorial.py
[2024-04-07T14:49:20.979+0000] {logging_mixin.py:188} INFO - [2024-04-07T14:49:20.978+0000] {dag.py:3047} INFO - Sync 1 DAGs
[2024-04-07T14:49:21.052+0000] {logging_mixin.py:188} INFO - [2024-04-07T14:49:21.052+0000] {dag.py:3834} INFO - Setting next_dagrun for tutorial to 2024-04-06 00:00:00+00:00, run_after=2024-04-07 00:00:00+00:00
[2024-04-07T14:49:21.091+0000] {processor.py:183} INFO - Processing /home/airflow/.local/lib/python3.8/site-packages/airflow/example_dags/tutorial.py took 0.320 seconds
[2024-04-07T14:49:51.828+0000] {processor.py:161} INFO - Started process (PID=1189) to work on /home/airflow/.local/lib/python3.8/site-packages/airflow/example_dags/tutorial.py
[2024-04-07T14:49:51.830+0000] {processor.py:830} INFO - Processing file /home/airflow/.local/lib/python3.8/site-packages/airflow/example_dags/tutorial.py for tasks to queue
[2024-04-07T14:49:51.843+0000] {logging_mixin.py:188} INFO - [2024-04-07T14:49:51.842+0000] {dagbag.py:540} INFO - Filling up the DagBag from /home/airflow/.local/lib/python3.8/site-packages/airflow/example_dags/tutorial.py
[2024-04-07T14:49:51.863+0000] {processor.py:840} INFO - DAG(s) 'tutorial' retrieved from /home/airflow/.local/lib/python3.8/site-packages/airflow/example_dags/tutorial.py
[2024-04-07T14:49:51.973+0000] {logging_mixin.py:188} INFO - [2024-04-07T14:49:51.967+0000] {dag.py:3047} INFO - Sync 1 DAGs
[2024-04-07T14:49:52.166+0000] {logging_mixin.py:188} INFO - [2024-04-07T14:49:52.165+0000] {dag.py:3834} INFO - Setting next_dagrun for tutorial to 2024-04-06 00:00:00+00:00, run_after=2024-04-07 00:00:00+00:00
[2024-04-07T14:49:52.416+0000] {processor.py:183} INFO - Processing /home/airflow/.local/lib/python3.8/site-packages/airflow/example_dags/tutorial.py took 0.595 seconds
[2024-04-07T14:50:22.854+0000] {processor.py:161} INFO - Started process (PID=1246) to work on /home/airflow/.local/lib/python3.8/site-packages/airflow/example_dags/tutorial.py
[2024-04-07T14:50:22.857+0000] {processor.py:830} INFO - Processing file /home/airflow/.local/lib/python3.8/site-packages/airflow/example_dags/tutorial.py for tasks to queue
[2024-04-07T14:50:22.866+0000] {logging_mixin.py:188} INFO - [2024-04-07T14:50:22.865+0000] {dagbag.py:540} INFO - Filling up the DagBag from /home/airflow/.local/lib/python3.8/site-packages/airflow/example_dags/tutorial.py
[2024-04-07T14:50:22.889+0000] {processor.py:840} INFO - DAG(s) 'tutorial' retrieved from /home/airflow/.local/lib/python3.8/site-packages/airflow/example_dags/tutorial.py
[2024-04-07T14:50:22.992+0000] {logging_mixin.py:188} INFO - [2024-04-07T14:50:22.991+0000] {dag.py:3047} INFO - Sync 1 DAGs
[2024-04-07T14:50:23.062+0000] {logging_mixin.py:188} INFO - [2024-04-07T14:50:23.061+0000] {dag.py:3834} INFO - Setting next_dagrun for tutorial to 2024-04-06 00:00:00+00:00, run_after=2024-04-07 00:00:00+00:00
[2024-04-07T14:50:23.496+0000] {processor.py:183} INFO - Processing /home/airflow/.local/lib/python3.8/site-packages/airflow/example_dags/tutorial.py took 0.661 seconds
[2024-04-07T14:50:54.247+0000] {processor.py:161} INFO - Started process (PID=1304) to work on /home/airflow/.local/lib/python3.8/site-packages/airflow/example_dags/tutorial.py
[2024-04-07T14:50:54.250+0000] {processor.py:830} INFO - Processing file /home/airflow/.local/lib/python3.8/site-packages/airflow/example_dags/tutorial.py for tasks to queue
[2024-04-07T14:50:54.255+0000] {logging_mixin.py:188} INFO - [2024-04-07T14:50:54.254+0000] {dagbag.py:540} INFO - Filling up the DagBag from /home/airflow/.local/lib/python3.8/site-packages/airflow/example_dags/tutorial.py
[2024-04-07T14:50:54.271+0000] {processor.py:840} INFO - DAG(s) 'tutorial' retrieved from /home/airflow/.local/lib/python3.8/site-packages/airflow/example_dags/tutorial.py
[2024-04-07T14:50:54.336+0000] {logging_mixin.py:188} INFO - [2024-04-07T14:50:54.336+0000] {dag.py:3047} INFO - Sync 1 DAGs
[2024-04-07T14:50:54.401+0000] {logging_mixin.py:188} INFO - [2024-04-07T14:50:54.400+0000] {dag.py:3834} INFO - Setting next_dagrun for tutorial to 2024-04-06 00:00:00+00:00, run_after=2024-04-07 00:00:00+00:00
[2024-04-07T14:50:54.455+0000] {processor.py:183} INFO - Processing /home/airflow/.local/lib/python3.8/site-packages/airflow/example_dags/tutorial.py took 0.216 seconds
[2024-04-07T14:51:24.844+0000] {processor.py:161} INFO - Started process (PID=1360) to work on /home/airflow/.local/lib/python3.8/site-packages/airflow/example_dags/tutorial.py
[2024-04-07T14:51:24.846+0000] {processor.py:830} INFO - Processing file /home/airflow/.local/lib/python3.8/site-packages/airflow/example_dags/tutorial.py for tasks to queue
[2024-04-07T14:51:24.850+0000] {logging_mixin.py:188} INFO - [2024-04-07T14:51:24.849+0000] {dagbag.py:540} INFO - Filling up the DagBag from /home/airflow/.local/lib/python3.8/site-packages/airflow/example_dags/tutorial.py
[2024-04-07T14:51:24.859+0000] {processor.py:840} INFO - DAG(s) 'tutorial' retrieved from /home/airflow/.local/lib/python3.8/site-packages/airflow/example_dags/tutorial.py
[2024-04-07T14:51:24.898+0000] {logging_mixin.py:188} INFO - [2024-04-07T14:51:24.897+0000] {dag.py:3047} INFO - Sync 1 DAGs
[2024-04-07T14:51:24.941+0000] {logging_mixin.py:188} INFO - [2024-04-07T14:51:24.941+0000] {dag.py:3834} INFO - Setting next_dagrun for tutorial to 2024-04-06 00:00:00+00:00, run_after=2024-04-07 00:00:00+00:00
[2024-04-07T14:51:25.038+0000] {processor.py:183} INFO - Processing /home/airflow/.local/lib/python3.8/site-packages/airflow/example_dags/tutorial.py took 0.200 seconds
[2024-04-07T14:51:55.808+0000] {processor.py:161} INFO - Started process (PID=1418) to work on /home/airflow/.local/lib/python3.8/site-packages/airflow/example_dags/tutorial.py
[2024-04-07T14:51:55.843+0000] {processor.py:830} INFO - Processing file /home/airflow/.local/lib/python3.8/site-packages/airflow/example_dags/tutorial.py for tasks to queue
[2024-04-07T14:51:55.856+0000] {logging_mixin.py:188} INFO - [2024-04-07T14:51:55.856+0000] {dagbag.py:540} INFO - Filling up the DagBag from /home/airflow/.local/lib/python3.8/site-packages/airflow/example_dags/tutorial.py
[2024-04-07T14:51:55.877+0000] {processor.py:840} INFO - DAG(s) 'tutorial' retrieved from /home/airflow/.local/lib/python3.8/site-packages/airflow/example_dags/tutorial.py
[2024-04-07T14:51:55.976+0000] {logging_mixin.py:188} INFO - [2024-04-07T14:51:55.976+0000] {dag.py:3047} INFO - Sync 1 DAGs
[2024-04-07T14:51:56.089+0000] {logging_mixin.py:188} INFO - [2024-04-07T14:51:56.089+0000] {dag.py:3834} INFO - Setting next_dagrun for tutorial to 2024-04-06 00:00:00+00:00, run_after=2024-04-07 00:00:00+00:00
[2024-04-07T14:51:56.224+0000] {processor.py:183} INFO - Processing /home/airflow/.local/lib/python3.8/site-packages/airflow/example_dags/tutorial.py took 0.423 seconds
[2024-04-07T14:52:26.639+0000] {processor.py:161} INFO - Started process (PID=1475) to work on /home/airflow/.local/lib/python3.8/site-packages/airflow/example_dags/tutorial.py
[2024-04-07T14:52:26.643+0000] {processor.py:830} INFO - Processing file /home/airflow/.local/lib/python3.8/site-packages/airflow/example_dags/tutorial.py for tasks to queue
[2024-04-07T14:52:26.648+0000] {logging_mixin.py:188} INFO - [2024-04-07T14:52:26.647+0000] {dagbag.py:540} INFO - Filling up the DagBag from /home/airflow/.local/lib/python3.8/site-packages/airflow/example_dags/tutorial.py
[2024-04-07T14:52:26.663+0000] {processor.py:840} INFO - DAG(s) 'tutorial' retrieved from /home/airflow/.local/lib/python3.8/site-packages/airflow/example_dags/tutorial.py
[2024-04-07T14:52:26.720+0000] {logging_mixin.py:188} INFO - [2024-04-07T14:52:26.719+0000] {dag.py:3047} INFO - Sync 1 DAGs
[2024-04-07T14:52:26.792+0000] {logging_mixin.py:188} INFO - [2024-04-07T14:52:26.791+0000] {dag.py:3834} INFO - Setting next_dagrun for tutorial to 2024-04-06 00:00:00+00:00, run_after=2024-04-07 00:00:00+00:00
[2024-04-07T14:52:26.900+0000] {processor.py:183} INFO - Processing /home/airflow/.local/lib/python3.8/site-packages/airflow/example_dags/tutorial.py took 0.271 seconds
[2024-04-07T14:52:57.281+0000] {processor.py:161} INFO - Started process (PID=1532) to work on /home/airflow/.local/lib/python3.8/site-packages/airflow/example_dags/tutorial.py
[2024-04-07T14:52:57.284+0000] {processor.py:830} INFO - Processing file /home/airflow/.local/lib/python3.8/site-packages/airflow/example_dags/tutorial.py for tasks to queue
[2024-04-07T14:52:57.288+0000] {logging_mixin.py:188} INFO - [2024-04-07T14:52:57.287+0000] {dagbag.py:540} INFO - Filling up the DagBag from /home/airflow/.local/lib/python3.8/site-packages/airflow/example_dags/tutorial.py
[2024-04-07T14:52:57.299+0000] {processor.py:840} INFO - DAG(s) 'tutorial' retrieved from /home/airflow/.local/lib/python3.8/site-packages/airflow/example_dags/tutorial.py
[2024-04-07T14:52:57.334+0000] {logging_mixin.py:188} INFO - [2024-04-07T14:52:57.334+0000] {dag.py:3047} INFO - Sync 1 DAGs
[2024-04-07T14:52:57.379+0000] {logging_mixin.py:188} INFO - [2024-04-07T14:52:57.378+0000] {dag.py:3834} INFO - Setting next_dagrun for tutorial to 2024-04-06 00:00:00+00:00, run_after=2024-04-07 00:00:00+00:00
[2024-04-07T14:52:57.415+0000] {processor.py:183} INFO - Processing /home/airflow/.local/lib/python3.8/site-packages/airflow/example_dags/tutorial.py took 0.139 seconds
[2024-04-07T14:53:27.854+0000] {processor.py:161} INFO - Started process (PID=1589) to work on /home/airflow/.local/lib/python3.8/site-packages/airflow/example_dags/tutorial.py
[2024-04-07T14:53:27.859+0000] {processor.py:830} INFO - Processing file /home/airflow/.local/lib/python3.8/site-packages/airflow/example_dags/tutorial.py for tasks to queue
[2024-04-07T14:53:27.863+0000] {logging_mixin.py:188} INFO - [2024-04-07T14:53:27.862+0000] {dagbag.py:540} INFO - Filling up the DagBag from /home/airflow/.local/lib/python3.8/site-packages/airflow/example_dags/tutorial.py
[2024-04-07T14:53:27.879+0000] {processor.py:840} INFO - DAG(s) 'tutorial' retrieved from /home/airflow/.local/lib/python3.8/site-packages/airflow/example_dags/tutorial.py
[2024-04-07T14:53:27.923+0000] {logging_mixin.py:188} INFO - [2024-04-07T14:53:27.923+0000] {dag.py:3047} INFO - Sync 1 DAGs
[2024-04-07T14:53:27.970+0000] {logging_mixin.py:188} INFO - [2024-04-07T14:53:27.970+0000] {dag.py:3834} INFO - Setting next_dagrun for tutorial to 2024-04-06 00:00:00+00:00, run_after=2024-04-07 00:00:00+00:00
[2024-04-07T14:53:28.071+0000] {processor.py:183} INFO - Processing /home/airflow/.local/lib/python3.8/site-packages/airflow/example_dags/tutorial.py took 0.225 seconds
[2024-04-07T14:53:58.578+0000] {processor.py:161} INFO - Started process (PID=1646) to work on /home/airflow/.local/lib/python3.8/site-packages/airflow/example_dags/tutorial.py
[2024-04-07T14:53:58.580+0000] {processor.py:830} INFO - Processing file /home/airflow/.local/lib/python3.8/site-packages/airflow/example_dags/tutorial.py for tasks to queue
[2024-04-07T14:53:58.583+0000] {logging_mixin.py:188} INFO - [2024-04-07T14:53:58.583+0000] {dagbag.py:540} INFO - Filling up the DagBag from /home/airflow/.local/lib/python3.8/site-packages/airflow/example_dags/tutorial.py
[2024-04-07T14:53:58.597+0000] {processor.py:840} INFO - DAG(s) 'tutorial' retrieved from /home/airflow/.local/lib/python3.8/site-packages/airflow/example_dags/tutorial.py
[2024-04-07T14:53:58.638+0000] {logging_mixin.py:188} INFO - [2024-04-07T14:53:58.638+0000] {dag.py:3047} INFO - Sync 1 DAGs
[2024-04-07T14:53:58.678+0000] {logging_mixin.py:188} INFO - [2024-04-07T14:53:58.677+0000] {dag.py:3834} INFO - Setting next_dagrun for tutorial to 2024-04-06 00:00:00+00:00, run_after=2024-04-07 00:00:00+00:00
[2024-04-07T14:53:58.706+0000] {processor.py:183} INFO - Processing /home/airflow/.local/lib/python3.8/site-packages/airflow/example_dags/tutorial.py took 0.135 seconds
[2024-04-07T14:54:28.992+0000] {processor.py:161} INFO - Started process (PID=1703) to work on /home/airflow/.local/lib/python3.8/site-packages/airflow/example_dags/tutorial.py
[2024-04-07T14:54:28.994+0000] {processor.py:830} INFO - Processing file /home/airflow/.local/lib/python3.8/site-packages/airflow/example_dags/tutorial.py for tasks to queue
[2024-04-07T14:54:28.997+0000] {logging_mixin.py:188} INFO - [2024-04-07T14:54:28.997+0000] {dagbag.py:540} INFO - Filling up the DagBag from /home/airflow/.local/lib/python3.8/site-packages/airflow/example_dags/tutorial.py
[2024-04-07T14:54:29.006+0000] {processor.py:840} INFO - DAG(s) 'tutorial' retrieved from /home/airflow/.local/lib/python3.8/site-packages/airflow/example_dags/tutorial.py
[2024-04-07T14:54:29.036+0000] {logging_mixin.py:188} INFO - [2024-04-07T14:54:29.036+0000] {dag.py:3047} INFO - Sync 1 DAGs
[2024-04-07T14:54:29.071+0000] {logging_mixin.py:188} INFO - [2024-04-07T14:54:29.071+0000] {dag.py:3834} INFO - Setting next_dagrun for tutorial to 2024-04-06 00:00:00+00:00, run_after=2024-04-07 00:00:00+00:00
[2024-04-07T14:54:29.105+0000] {processor.py:183} INFO - Processing /home/airflow/.local/lib/python3.8/site-packages/airflow/example_dags/tutorial.py took 0.118 seconds
[2024-04-07T14:54:59.971+0000] {processor.py:161} INFO - Started process (PID=1760) to work on /home/airflow/.local/lib/python3.8/site-packages/airflow/example_dags/tutorial.py
[2024-04-07T14:54:59.973+0000] {processor.py:830} INFO - Processing file /home/airflow/.local/lib/python3.8/site-packages/airflow/example_dags/tutorial.py for tasks to queue
[2024-04-07T14:54:59.977+0000] {logging_mixin.py:188} INFO - [2024-04-07T14:54:59.976+0000] {dagbag.py:540} INFO - Filling up the DagBag from /home/airflow/.local/lib/python3.8/site-packages/airflow/example_dags/tutorial.py
[2024-04-07T14:54:59.990+0000] {processor.py:840} INFO - DAG(s) 'tutorial' retrieved from /home/airflow/.local/lib/python3.8/site-packages/airflow/example_dags/tutorial.py
[2024-04-07T14:55:00.037+0000] {logging_mixin.py:188} INFO - [2024-04-07T14:55:00.036+0000] {dag.py:3047} INFO - Sync 1 DAGs
[2024-04-07T14:55:00.082+0000] {logging_mixin.py:188} INFO - [2024-04-07T14:55:00.082+0000] {dag.py:3834} INFO - Setting next_dagrun for tutorial to 2024-04-06 00:00:00+00:00, run_after=2024-04-07 00:00:00+00:00
[2024-04-07T14:55:00.115+0000] {processor.py:183} INFO - Processing /home/airflow/.local/lib/python3.8/site-packages/airflow/example_dags/tutorial.py took 0.149 seconds
[2024-04-07T14:55:30.550+0000] {processor.py:161} INFO - Started process (PID=1816) to work on /home/airflow/.local/lib/python3.8/site-packages/airflow/example_dags/tutorial.py
[2024-04-07T14:55:30.552+0000] {processor.py:830} INFO - Processing file /home/airflow/.local/lib/python3.8/site-packages/airflow/example_dags/tutorial.py for tasks to queue
[2024-04-07T14:55:30.554+0000] {logging_mixin.py:188} INFO - [2024-04-07T14:55:30.554+0000] {dagbag.py:540} INFO - Filling up the DagBag from /home/airflow/.local/lib/python3.8/site-packages/airflow/example_dags/tutorial.py
[2024-04-07T14:55:30.566+0000] {processor.py:840} INFO - DAG(s) 'tutorial' retrieved from /home/airflow/.local/lib/python3.8/site-packages/airflow/example_dags/tutorial.py
[2024-04-07T14:55:30.596+0000] {logging_mixin.py:188} INFO - [2024-04-07T14:55:30.596+0000] {dag.py:3047} INFO - Sync 1 DAGs
[2024-04-07T14:55:30.643+0000] {logging_mixin.py:188} INFO - [2024-04-07T14:55:30.643+0000] {dag.py:3834} INFO - Setting next_dagrun for tutorial to 2024-04-06 00:00:00+00:00, run_after=2024-04-07 00:00:00+00:00
[2024-04-07T14:55:30.691+0000] {processor.py:183} INFO - Processing /home/airflow/.local/lib/python3.8/site-packages/airflow/example_dags/tutorial.py took 0.147 seconds
[2024-04-07T14:56:01.076+0000] {processor.py:161} INFO - Started process (PID=1873) to work on /home/airflow/.local/lib/python3.8/site-packages/airflow/example_dags/tutorial.py
[2024-04-07T14:56:01.078+0000] {processor.py:830} INFO - Processing file /home/airflow/.local/lib/python3.8/site-packages/airflow/example_dags/tutorial.py for tasks to queue
[2024-04-07T14:56:01.082+0000] {logging_mixin.py:188} INFO - [2024-04-07T14:56:01.081+0000] {dagbag.py:540} INFO - Filling up the DagBag from /home/airflow/.local/lib/python3.8/site-packages/airflow/example_dags/tutorial.py
[2024-04-07T14:56:01.094+0000] {processor.py:840} INFO - DAG(s) 'tutorial' retrieved from /home/airflow/.local/lib/python3.8/site-packages/airflow/example_dags/tutorial.py
[2024-04-07T14:56:01.130+0000] {logging_mixin.py:188} INFO - [2024-04-07T14:56:01.129+0000] {dag.py:3047} INFO - Sync 1 DAGs
[2024-04-07T14:56:01.172+0000] {logging_mixin.py:188} INFO - [2024-04-07T14:56:01.172+0000] {dag.py:3834} INFO - Setting next_dagrun for tutorial to 2024-04-06 00:00:00+00:00, run_after=2024-04-07 00:00:00+00:00
[2024-04-07T14:56:01.209+0000] {processor.py:183} INFO - Processing /home/airflow/.local/lib/python3.8/site-packages/airflow/example_dags/tutorial.py took 0.137 seconds
[2024-04-07T14:56:31.632+0000] {processor.py:161} INFO - Started process (PID=1931) to work on /home/airflow/.local/lib/python3.8/site-packages/airflow/example_dags/tutorial.py
[2024-04-07T14:56:31.634+0000] {processor.py:830} INFO - Processing file /home/airflow/.local/lib/python3.8/site-packages/airflow/example_dags/tutorial.py for tasks to queue
[2024-04-07T14:56:31.638+0000] {logging_mixin.py:188} INFO - [2024-04-07T14:56:31.638+0000] {dagbag.py:540} INFO - Filling up the DagBag from /home/airflow/.local/lib/python3.8/site-packages/airflow/example_dags/tutorial.py
[2024-04-07T14:56:31.647+0000] {processor.py:840} INFO - DAG(s) 'tutorial' retrieved from /home/airflow/.local/lib/python3.8/site-packages/airflow/example_dags/tutorial.py
[2024-04-07T14:56:31.675+0000] {logging_mixin.py:188} INFO - [2024-04-07T14:56:31.675+0000] {dag.py:3047} INFO - Sync 1 DAGs
[2024-04-07T14:56:31.707+0000] {logging_mixin.py:188} INFO - [2024-04-07T14:56:31.707+0000] {dag.py:3834} INFO - Setting next_dagrun for tutorial to 2024-04-06 00:00:00+00:00, run_after=2024-04-07 00:00:00+00:00
[2024-04-07T14:56:31.742+0000] {processor.py:183} INFO - Processing /home/airflow/.local/lib/python3.8/site-packages/airflow/example_dags/tutorial.py took 0.114 seconds
[2024-04-07T14:57:02.173+0000] {processor.py:161} INFO - Started process (PID=1987) to work on /home/airflow/.local/lib/python3.8/site-packages/airflow/example_dags/tutorial.py
[2024-04-07T14:57:02.177+0000] {processor.py:830} INFO - Processing file /home/airflow/.local/lib/python3.8/site-packages/airflow/example_dags/tutorial.py for tasks to queue
[2024-04-07T14:57:02.180+0000] {logging_mixin.py:188} INFO - [2024-04-07T14:57:02.180+0000] {dagbag.py:540} INFO - Filling up the DagBag from /home/airflow/.local/lib/python3.8/site-packages/airflow/example_dags/tutorial.py
[2024-04-07T14:57:02.191+0000] {processor.py:840} INFO - DAG(s) 'tutorial' retrieved from /home/airflow/.local/lib/python3.8/site-packages/airflow/example_dags/tutorial.py
[2024-04-07T14:57:02.223+0000] {logging_mixin.py:188} INFO - [2024-04-07T14:57:02.222+0000] {dag.py:3047} INFO - Sync 1 DAGs
[2024-04-07T14:57:02.262+0000] {logging_mixin.py:188} INFO - [2024-04-07T14:57:02.262+0000] {dag.py:3834} INFO - Setting next_dagrun for tutorial to 2024-04-06 00:00:00+00:00, run_after=2024-04-07 00:00:00+00:00
[2024-04-07T14:57:02.299+0000] {processor.py:183} INFO - Processing /home/airflow/.local/lib/python3.8/site-packages/airflow/example_dags/tutorial.py took 0.131 seconds
[2024-04-07T14:57:32.798+0000] {processor.py:161} INFO - Started process (PID=2042) to work on /home/airflow/.local/lib/python3.8/site-packages/airflow/example_dags/tutorial.py
[2024-04-07T14:57:32.801+0000] {processor.py:830} INFO - Processing file /home/airflow/.local/lib/python3.8/site-packages/airflow/example_dags/tutorial.py for tasks to queue
[2024-04-07T14:57:32.805+0000] {logging_mixin.py:188} INFO - [2024-04-07T14:57:32.804+0000] {dagbag.py:540} INFO - Filling up the DagBag from /home/airflow/.local/lib/python3.8/site-packages/airflow/example_dags/tutorial.py
[2024-04-07T14:57:32.822+0000] {processor.py:840} INFO - DAG(s) 'tutorial' retrieved from /home/airflow/.local/lib/python3.8/site-packages/airflow/example_dags/tutorial.py
[2024-04-07T14:57:32.866+0000] {logging_mixin.py:188} INFO - [2024-04-07T14:57:32.865+0000] {dag.py:3047} INFO - Sync 1 DAGs
[2024-04-07T14:57:32.917+0000] {logging_mixin.py:188} INFO - [2024-04-07T14:57:32.917+0000] {dag.py:3834} INFO - Setting next_dagrun for tutorial to 2024-04-06 00:00:00+00:00, run_after=2024-04-07 00:00:00+00:00
[2024-04-07T14:57:32.959+0000] {processor.py:183} INFO - Processing /home/airflow/.local/lib/python3.8/site-packages/airflow/example_dags/tutorial.py took 0.178 seconds
[2024-04-07T14:58:03.338+0000] {processor.py:161} INFO - Started process (PID=2100) to work on /home/airflow/.local/lib/python3.8/site-packages/airflow/example_dags/tutorial.py
[2024-04-07T14:58:03.342+0000] {processor.py:830} INFO - Processing file /home/airflow/.local/lib/python3.8/site-packages/airflow/example_dags/tutorial.py for tasks to queue
[2024-04-07T14:58:03.347+0000] {logging_mixin.py:188} INFO - [2024-04-07T14:58:03.346+0000] {dagbag.py:540} INFO - Filling up the DagBag from /home/airflow/.local/lib/python3.8/site-packages/airflow/example_dags/tutorial.py
[2024-04-07T14:58:03.358+0000] {processor.py:840} INFO - DAG(s) 'tutorial' retrieved from /home/airflow/.local/lib/python3.8/site-packages/airflow/example_dags/tutorial.py
[2024-04-07T14:58:03.397+0000] {logging_mixin.py:188} INFO - [2024-04-07T14:58:03.397+0000] {dag.py:3047} INFO - Sync 1 DAGs
[2024-04-07T14:58:03.432+0000] {logging_mixin.py:188} INFO - [2024-04-07T14:58:03.431+0000] {dag.py:3834} INFO - Setting next_dagrun for tutorial to 2024-04-06 00:00:00+00:00, run_after=2024-04-07 00:00:00+00:00
[2024-04-07T14:58:03.467+0000] {processor.py:183} INFO - Processing /home/airflow/.local/lib/python3.8/site-packages/airflow/example_dags/tutorial.py took 0.133 seconds
[2024-04-07T14:58:34.482+0000] {processor.py:161} INFO - Started process (PID=2163) to work on /home/airflow/.local/lib/python3.8/site-packages/airflow/example_dags/tutorial.py
[2024-04-07T14:58:34.484+0000] {processor.py:830} INFO - Processing file /home/airflow/.local/lib/python3.8/site-packages/airflow/example_dags/tutorial.py for tasks to queue
[2024-04-07T14:58:34.489+0000] {logging_mixin.py:188} INFO - [2024-04-07T14:58:34.487+0000] {dagbag.py:540} INFO - Filling up the DagBag from /home/airflow/.local/lib/python3.8/site-packages/airflow/example_dags/tutorial.py
[2024-04-07T14:58:34.506+0000] {processor.py:840} INFO - DAG(s) 'tutorial' retrieved from /home/airflow/.local/lib/python3.8/site-packages/airflow/example_dags/tutorial.py
[2024-04-07T14:58:34.559+0000] {logging_mixin.py:188} INFO - [2024-04-07T14:58:34.558+0000] {dag.py:3047} INFO - Sync 1 DAGs
[2024-04-07T14:58:34.603+0000] {logging_mixin.py:188} INFO - [2024-04-07T14:58:34.602+0000] {dag.py:3834} INFO - Setting next_dagrun for tutorial to 2024-04-06 00:00:00+00:00, run_after=2024-04-07 00:00:00+00:00
[2024-04-07T14:58:34.636+0000] {processor.py:183} INFO - Processing /home/airflow/.local/lib/python3.8/site-packages/airflow/example_dags/tutorial.py took 0.164 seconds
[2024-04-07T14:59:05.524+0000] {processor.py:161} INFO - Started process (PID=2220) to work on /home/airflow/.local/lib/python3.8/site-packages/airflow/example_dags/tutorial.py
[2024-04-07T14:59:05.527+0000] {processor.py:830} INFO - Processing file /home/airflow/.local/lib/python3.8/site-packages/airflow/example_dags/tutorial.py for tasks to queue
[2024-04-07T14:59:05.531+0000] {logging_mixin.py:188} INFO - [2024-04-07T14:59:05.531+0000] {dagbag.py:540} INFO - Filling up the DagBag from /home/airflow/.local/lib/python3.8/site-packages/airflow/example_dags/tutorial.py
[2024-04-07T14:59:05.543+0000] {processor.py:840} INFO - DAG(s) 'tutorial' retrieved from /home/airflow/.local/lib/python3.8/site-packages/airflow/example_dags/tutorial.py
[2024-04-07T14:59:05.587+0000] {logging_mixin.py:188} INFO - [2024-04-07T14:59:05.586+0000] {dag.py:3047} INFO - Sync 1 DAGs
[2024-04-07T14:59:05.653+0000] {logging_mixin.py:188} INFO - [2024-04-07T14:59:05.652+0000] {dag.py:3834} INFO - Setting next_dagrun for tutorial to 2024-04-06 00:00:00+00:00, run_after=2024-04-07 00:00:00+00:00
[2024-04-07T14:59:05.772+0000] {processor.py:183} INFO - Processing /home/airflow/.local/lib/python3.8/site-packages/airflow/example_dags/tutorial.py took 0.256 seconds
[2024-04-07T14:59:36.174+0000] {processor.py:161} INFO - Started process (PID=2277) to work on /home/airflow/.local/lib/python3.8/site-packages/airflow/example_dags/tutorial.py
[2024-04-07T14:59:36.177+0000] {processor.py:830} INFO - Processing file /home/airflow/.local/lib/python3.8/site-packages/airflow/example_dags/tutorial.py for tasks to queue
[2024-04-07T14:59:36.184+0000] {logging_mixin.py:188} INFO - [2024-04-07T14:59:36.183+0000] {dagbag.py:540} INFO - Filling up the DagBag from /home/airflow/.local/lib/python3.8/site-packages/airflow/example_dags/tutorial.py
[2024-04-07T14:59:36.204+0000] {processor.py:840} INFO - DAG(s) 'tutorial' retrieved from /home/airflow/.local/lib/python3.8/site-packages/airflow/example_dags/tutorial.py
[2024-04-07T14:59:36.264+0000] {logging_mixin.py:188} INFO - [2024-04-07T14:59:36.264+0000] {dag.py:3047} INFO - Sync 1 DAGs
[2024-04-07T14:59:36.335+0000] {logging_mixin.py:188} INFO - [2024-04-07T14:59:36.334+0000] {dag.py:3834} INFO - Setting next_dagrun for tutorial to 2024-04-06 00:00:00+00:00, run_after=2024-04-07 00:00:00+00:00
[2024-04-07T14:59:36.386+0000] {processor.py:183} INFO - Processing /home/airflow/.local/lib/python3.8/site-packages/airflow/example_dags/tutorial.py took 0.221 seconds
[2024-04-07T15:00:06.927+0000] {processor.py:161} INFO - Started process (PID=2334) to work on /home/airflow/.local/lib/python3.8/site-packages/airflow/example_dags/tutorial.py
[2024-04-07T15:00:06.930+0000] {processor.py:830} INFO - Processing file /home/airflow/.local/lib/python3.8/site-packages/airflow/example_dags/tutorial.py for tasks to queue
[2024-04-07T15:00:06.934+0000] {logging_mixin.py:188} INFO - [2024-04-07T15:00:06.934+0000] {dagbag.py:540} INFO - Filling up the DagBag from /home/airflow/.local/lib/python3.8/site-packages/airflow/example_dags/tutorial.py
[2024-04-07T15:00:06.946+0000] {processor.py:840} INFO - DAG(s) 'tutorial' retrieved from /home/airflow/.local/lib/python3.8/site-packages/airflow/example_dags/tutorial.py
[2024-04-07T15:00:06.982+0000] {logging_mixin.py:188} INFO - [2024-04-07T15:00:06.982+0000] {dag.py:3047} INFO - Sync 1 DAGs
[2024-04-07T15:00:07.022+0000] {logging_mixin.py:188} INFO - [2024-04-07T15:00:07.021+0000] {dag.py:3834} INFO - Setting next_dagrun for tutorial to 2024-04-06 00:00:00+00:00, run_after=2024-04-07 00:00:00+00:00
[2024-04-07T15:00:07.051+0000] {processor.py:183} INFO - Processing /home/airflow/.local/lib/python3.8/site-packages/airflow/example_dags/tutorial.py took 0.132 seconds
[2024-04-07T15:00:38.748+0000] {processor.py:161} INFO - Started process (PID=2389) to work on /home/airflow/.local/lib/python3.8/site-packages/airflow/example_dags/tutorial.py
[2024-04-07T15:00:38.775+0000] {processor.py:830} INFO - Processing file /home/airflow/.local/lib/python3.8/site-packages/airflow/example_dags/tutorial.py for tasks to queue
[2024-04-07T15:00:38.805+0000] {logging_mixin.py:188} INFO - [2024-04-07T15:00:38.804+0000] {dagbag.py:540} INFO - Filling up the DagBag from /home/airflow/.local/lib/python3.8/site-packages/airflow/example_dags/tutorial.py
[2024-04-07T15:00:38.847+0000] {processor.py:840} INFO - DAG(s) 'tutorial' retrieved from /home/airflow/.local/lib/python3.8/site-packages/airflow/example_dags/tutorial.py
[2024-04-07T15:00:38.952+0000] {logging_mixin.py:188} INFO - [2024-04-07T15:00:38.951+0000] {dag.py:3047} INFO - Sync 1 DAGs
[2024-04-07T15:00:39.092+0000] {logging_mixin.py:188} INFO - [2024-04-07T15:00:39.080+0000] {dag.py:3834} INFO - Setting next_dagrun for tutorial to 2024-04-06 00:00:00+00:00, run_after=2024-04-07 00:00:00+00:00
[2024-04-07T15:00:39.212+0000] {processor.py:183} INFO - Processing /home/airflow/.local/lib/python3.8/site-packages/airflow/example_dags/tutorial.py took 0.478 seconds
[2024-04-07T15:01:10.257+0000] {processor.py:161} INFO - Started process (PID=2446) to work on /home/airflow/.local/lib/python3.8/site-packages/airflow/example_dags/tutorial.py
[2024-04-07T15:01:10.261+0000] {processor.py:830} INFO - Processing file /home/airflow/.local/lib/python3.8/site-packages/airflow/example_dags/tutorial.py for tasks to queue
[2024-04-07T15:01:10.266+0000] {logging_mixin.py:188} INFO - [2024-04-07T15:01:10.265+0000] {dagbag.py:540} INFO - Filling up the DagBag from /home/airflow/.local/lib/python3.8/site-packages/airflow/example_dags/tutorial.py
[2024-04-07T15:01:10.281+0000] {processor.py:840} INFO - DAG(s) 'tutorial' retrieved from /home/airflow/.local/lib/python3.8/site-packages/airflow/example_dags/tutorial.py
[2024-04-07T15:01:10.335+0000] {logging_mixin.py:188} INFO - [2024-04-07T15:01:10.334+0000] {dag.py:3047} INFO - Sync 1 DAGs
[2024-04-07T15:01:10.394+0000] {logging_mixin.py:188} INFO - [2024-04-07T15:01:10.393+0000] {dag.py:3834} INFO - Setting next_dagrun for tutorial to 2024-04-06 00:00:00+00:00, run_after=2024-04-07 00:00:00+00:00
[2024-04-07T15:01:10.423+0000] {processor.py:183} INFO - Processing /home/airflow/.local/lib/python3.8/site-packages/airflow/example_dags/tutorial.py took 0.181 seconds
[2024-04-07T15:01:40.565+0000] {processor.py:161} INFO - Started process (PID=2503) to work on /home/airflow/.local/lib/python3.8/site-packages/airflow/example_dags/tutorial.py
[2024-04-07T15:01:40.567+0000] {processor.py:830} INFO - Processing file /home/airflow/.local/lib/python3.8/site-packages/airflow/example_dags/tutorial.py for tasks to queue
[2024-04-07T15:01:40.570+0000] {logging_mixin.py:188} INFO - [2024-04-07T15:01:40.570+0000] {dagbag.py:540} INFO - Filling up the DagBag from /home/airflow/.local/lib/python3.8/site-packages/airflow/example_dags/tutorial.py
[2024-04-07T15:01:40.580+0000] {processor.py:840} INFO - DAG(s) 'tutorial' retrieved from /home/airflow/.local/lib/python3.8/site-packages/airflow/example_dags/tutorial.py
[2024-04-07T15:01:40.611+0000] {logging_mixin.py:188} INFO - [2024-04-07T15:01:40.610+0000] {dag.py:3047} INFO - Sync 1 DAGs
[2024-04-07T15:01:40.654+0000] {logging_mixin.py:188} INFO - [2024-04-07T15:01:40.653+0000] {dag.py:3834} INFO - Setting next_dagrun for tutorial to 2024-04-06 00:00:00+00:00, run_after=2024-04-07 00:00:00+00:00
[2024-04-07T15:01:40.691+0000] {processor.py:183} INFO - Processing /home/airflow/.local/lib/python3.8/site-packages/airflow/example_dags/tutorial.py took 0.132 seconds
[2024-04-07T15:02:11.208+0000] {processor.py:161} INFO - Started process (PID=2560) to work on /home/airflow/.local/lib/python3.8/site-packages/airflow/example_dags/tutorial.py
[2024-04-07T15:02:11.210+0000] {processor.py:830} INFO - Processing file /home/airflow/.local/lib/python3.8/site-packages/airflow/example_dags/tutorial.py for tasks to queue
[2024-04-07T15:02:11.216+0000] {logging_mixin.py:188} INFO - [2024-04-07T15:02:11.215+0000] {dagbag.py:540} INFO - Filling up the DagBag from /home/airflow/.local/lib/python3.8/site-packages/airflow/example_dags/tutorial.py
[2024-04-07T15:02:11.234+0000] {processor.py:840} INFO - DAG(s) 'tutorial' retrieved from /home/airflow/.local/lib/python3.8/site-packages/airflow/example_dags/tutorial.py
[2024-04-07T15:02:11.281+0000] {logging_mixin.py:188} INFO - [2024-04-07T15:02:11.280+0000] {dag.py:3047} INFO - Sync 1 DAGs
[2024-04-07T15:02:11.333+0000] {logging_mixin.py:188} INFO - [2024-04-07T15:02:11.332+0000] {dag.py:3834} INFO - Setting next_dagrun for tutorial to 2024-04-06 00:00:00+00:00, run_after=2024-04-07 00:00:00+00:00
[2024-04-07T15:02:11.372+0000] {processor.py:183} INFO - Processing /home/airflow/.local/lib/python3.8/site-packages/airflow/example_dags/tutorial.py took 0.172 seconds
[2024-04-07T15:02:41.487+0000] {processor.py:161} INFO - Started process (PID=2617) to work on /home/airflow/.local/lib/python3.8/site-packages/airflow/example_dags/tutorial.py
[2024-04-07T15:02:41.490+0000] {processor.py:830} INFO - Processing file /home/airflow/.local/lib/python3.8/site-packages/airflow/example_dags/tutorial.py for tasks to queue
[2024-04-07T15:02:41.494+0000] {logging_mixin.py:188} INFO - [2024-04-07T15:02:41.493+0000] {dagbag.py:540} INFO - Filling up the DagBag from /home/airflow/.local/lib/python3.8/site-packages/airflow/example_dags/tutorial.py
[2024-04-07T15:02:41.506+0000] {processor.py:840} INFO - DAG(s) 'tutorial' retrieved from /home/airflow/.local/lib/python3.8/site-packages/airflow/example_dags/tutorial.py
[2024-04-07T15:02:41.552+0000] {logging_mixin.py:188} INFO - [2024-04-07T15:02:41.551+0000] {dag.py:3047} INFO - Sync 1 DAGs
[2024-04-07T15:02:41.631+0000] {logging_mixin.py:188} INFO - [2024-04-07T15:02:41.630+0000] {dag.py:3834} INFO - Setting next_dagrun for tutorial to 2024-04-06 00:00:00+00:00, run_after=2024-04-07 00:00:00+00:00
[2024-04-07T15:02:41.735+0000] {processor.py:183} INFO - Processing /home/airflow/.local/lib/python3.8/site-packages/airflow/example_dags/tutorial.py took 0.254 seconds
[2024-04-07T15:03:11.843+0000] {processor.py:161} INFO - Started process (PID=2674) to work on /home/airflow/.local/lib/python3.8/site-packages/airflow/example_dags/tutorial.py
[2024-04-07T15:03:11.845+0000] {processor.py:830} INFO - Processing file /home/airflow/.local/lib/python3.8/site-packages/airflow/example_dags/tutorial.py for tasks to queue
[2024-04-07T15:03:11.847+0000] {logging_mixin.py:188} INFO - [2024-04-07T15:03:11.847+0000] {dagbag.py:540} INFO - Filling up the DagBag from /home/airflow/.local/lib/python3.8/site-packages/airflow/example_dags/tutorial.py
[2024-04-07T15:03:11.856+0000] {processor.py:840} INFO - DAG(s) 'tutorial' retrieved from /home/airflow/.local/lib/python3.8/site-packages/airflow/example_dags/tutorial.py
[2024-04-07T15:03:11.886+0000] {logging_mixin.py:188} INFO - [2024-04-07T15:03:11.886+0000] {dag.py:3047} INFO - Sync 1 DAGs
[2024-04-07T15:03:11.919+0000] {logging_mixin.py:188} INFO - [2024-04-07T15:03:11.918+0000] {dag.py:3834} INFO - Setting next_dagrun for tutorial to 2024-04-06 00:00:00+00:00, run_after=2024-04-07 00:00:00+00:00
[2024-04-07T15:03:11.948+0000] {processor.py:183} INFO - Processing /home/airflow/.local/lib/python3.8/site-packages/airflow/example_dags/tutorial.py took 0.110 seconds
[2024-04-07T15:03:42.059+0000] {processor.py:161} INFO - Started process (PID=2731) to work on /home/airflow/.local/lib/python3.8/site-packages/airflow/example_dags/tutorial.py
[2024-04-07T15:03:42.060+0000] {processor.py:830} INFO - Processing file /home/airflow/.local/lib/python3.8/site-packages/airflow/example_dags/tutorial.py for tasks to queue
[2024-04-07T15:03:42.063+0000] {logging_mixin.py:188} INFO - [2024-04-07T15:03:42.063+0000] {dagbag.py:540} INFO - Filling up the DagBag from /home/airflow/.local/lib/python3.8/site-packages/airflow/example_dags/tutorial.py
[2024-04-07T15:03:42.071+0000] {processor.py:840} INFO - DAG(s) 'tutorial' retrieved from /home/airflow/.local/lib/python3.8/site-packages/airflow/example_dags/tutorial.py
[2024-04-07T15:03:42.103+0000] {logging_mixin.py:188} INFO - [2024-04-07T15:03:42.102+0000] {dag.py:3047} INFO - Sync 1 DAGs
[2024-04-07T15:03:42.134+0000] {logging_mixin.py:188} INFO - [2024-04-07T15:03:42.134+0000] {dag.py:3834} INFO - Setting next_dagrun for tutorial to 2024-04-06 00:00:00+00:00, run_after=2024-04-07 00:00:00+00:00
[2024-04-07T15:03:42.175+0000] {processor.py:183} INFO - Processing /home/airflow/.local/lib/python3.8/site-packages/airflow/example_dags/tutorial.py took 0.121 seconds
[2024-04-07T15:04:13.117+0000] {processor.py:161} INFO - Started process (PID=2788) to work on /home/airflow/.local/lib/python3.8/site-packages/airflow/example_dags/tutorial.py
[2024-04-07T15:04:13.119+0000] {processor.py:830} INFO - Processing file /home/airflow/.local/lib/python3.8/site-packages/airflow/example_dags/tutorial.py for tasks to queue
[2024-04-07T15:04:13.122+0000] {logging_mixin.py:188} INFO - [2024-04-07T15:04:13.122+0000] {dagbag.py:540} INFO - Filling up the DagBag from /home/airflow/.local/lib/python3.8/site-packages/airflow/example_dags/tutorial.py
[2024-04-07T15:04:13.131+0000] {processor.py:840} INFO - DAG(s) 'tutorial' retrieved from /home/airflow/.local/lib/python3.8/site-packages/airflow/example_dags/tutorial.py
[2024-04-07T15:04:13.160+0000] {logging_mixin.py:188} INFO - [2024-04-07T15:04:13.159+0000] {dag.py:3047} INFO - Sync 1 DAGs
[2024-04-07T15:04:13.193+0000] {logging_mixin.py:188} INFO - [2024-04-07T15:04:13.193+0000] {dag.py:3834} INFO - Setting next_dagrun for tutorial to 2024-04-06 00:00:00+00:00, run_after=2024-04-07 00:00:00+00:00
[2024-04-07T15:04:13.229+0000] {processor.py:183} INFO - Processing /home/airflow/.local/lib/python3.8/site-packages/airflow/example_dags/tutorial.py took 0.116 seconds
[2024-04-07T15:04:43.309+0000] {processor.py:161} INFO - Started process (PID=2845) to work on /home/airflow/.local/lib/python3.8/site-packages/airflow/example_dags/tutorial.py
[2024-04-07T15:04:43.311+0000] {processor.py:830} INFO - Processing file /home/airflow/.local/lib/python3.8/site-packages/airflow/example_dags/tutorial.py for tasks to queue
[2024-04-07T15:04:43.314+0000] {logging_mixin.py:188} INFO - [2024-04-07T15:04:43.313+0000] {dagbag.py:540} INFO - Filling up the DagBag from /home/airflow/.local/lib/python3.8/site-packages/airflow/example_dags/tutorial.py
[2024-04-07T15:04:43.322+0000] {processor.py:840} INFO - DAG(s) 'tutorial' retrieved from /home/airflow/.local/lib/python3.8/site-packages/airflow/example_dags/tutorial.py
[2024-04-07T15:04:43.350+0000] {logging_mixin.py:188} INFO - [2024-04-07T15:04:43.349+0000] {dag.py:3047} INFO - Sync 1 DAGs
[2024-04-07T15:04:43.381+0000] {logging_mixin.py:188} INFO - [2024-04-07T15:04:43.380+0000] {dag.py:3834} INFO - Setting next_dagrun for tutorial to 2024-04-06 00:00:00+00:00, run_after=2024-04-07 00:00:00+00:00
[2024-04-07T15:04:43.495+0000] {processor.py:183} INFO - Processing /home/airflow/.local/lib/python3.8/site-packages/airflow/example_dags/tutorial.py took 0.190 seconds
[2024-04-07T15:05:13.706+0000] {processor.py:161} INFO - Started process (PID=2902) to work on /home/airflow/.local/lib/python3.8/site-packages/airflow/example_dags/tutorial.py
[2024-04-07T15:05:13.707+0000] {processor.py:830} INFO - Processing file /home/airflow/.local/lib/python3.8/site-packages/airflow/example_dags/tutorial.py for tasks to queue
[2024-04-07T15:05:13.711+0000] {logging_mixin.py:188} INFO - [2024-04-07T15:05:13.710+0000] {dagbag.py:540} INFO - Filling up the DagBag from /home/airflow/.local/lib/python3.8/site-packages/airflow/example_dags/tutorial.py
[2024-04-07T15:05:13.719+0000] {processor.py:840} INFO - DAG(s) 'tutorial' retrieved from /home/airflow/.local/lib/python3.8/site-packages/airflow/example_dags/tutorial.py
[2024-04-07T15:05:13.748+0000] {logging_mixin.py:188} INFO - [2024-04-07T15:05:13.748+0000] {dag.py:3047} INFO - Sync 1 DAGs
[2024-04-07T15:05:13.781+0000] {logging_mixin.py:188} INFO - [2024-04-07T15:05:13.780+0000] {dag.py:3834} INFO - Setting next_dagrun for tutorial to 2024-04-06 00:00:00+00:00, run_after=2024-04-07 00:00:00+00:00
[2024-04-07T15:05:13.815+0000] {processor.py:183} INFO - Processing /home/airflow/.local/lib/python3.8/site-packages/airflow/example_dags/tutorial.py took 0.114 seconds
[2024-04-07T15:05:44.434+0000] {processor.py:161} INFO - Started process (PID=2959) to work on /home/airflow/.local/lib/python3.8/site-packages/airflow/example_dags/tutorial.py
[2024-04-07T15:05:44.436+0000] {processor.py:830} INFO - Processing file /home/airflow/.local/lib/python3.8/site-packages/airflow/example_dags/tutorial.py for tasks to queue
[2024-04-07T15:05:44.439+0000] {logging_mixin.py:188} INFO - [2024-04-07T15:05:44.438+0000] {dagbag.py:540} INFO - Filling up the DagBag from /home/airflow/.local/lib/python3.8/site-packages/airflow/example_dags/tutorial.py
[2024-04-07T15:05:44.447+0000] {processor.py:840} INFO - DAG(s) 'tutorial' retrieved from /home/airflow/.local/lib/python3.8/site-packages/airflow/example_dags/tutorial.py
[2024-04-07T15:05:44.476+0000] {logging_mixin.py:188} INFO - [2024-04-07T15:05:44.476+0000] {dag.py:3047} INFO - Sync 1 DAGs
[2024-04-07T15:05:44.508+0000] {logging_mixin.py:188} INFO - [2024-04-07T15:05:44.508+0000] {dag.py:3834} INFO - Setting next_dagrun for tutorial to 2024-04-06 00:00:00+00:00, run_after=2024-04-07 00:00:00+00:00
[2024-04-07T15:05:44.543+0000] {processor.py:183} INFO - Processing /home/airflow/.local/lib/python3.8/site-packages/airflow/example_dags/tutorial.py took 0.114 seconds
[2024-04-07T15:06:14.890+0000] {processor.py:161} INFO - Started process (PID=3016) to work on /home/airflow/.local/lib/python3.8/site-packages/airflow/example_dags/tutorial.py
[2024-04-07T15:06:14.892+0000] {processor.py:830} INFO - Processing file /home/airflow/.local/lib/python3.8/site-packages/airflow/example_dags/tutorial.py for tasks to queue
[2024-04-07T15:06:14.896+0000] {logging_mixin.py:188} INFO - [2024-04-07T15:06:14.895+0000] {dagbag.py:540} INFO - Filling up the DagBag from /home/airflow/.local/lib/python3.8/site-packages/airflow/example_dags/tutorial.py
[2024-04-07T15:06:14.909+0000] {processor.py:840} INFO - DAG(s) 'tutorial' retrieved from /home/airflow/.local/lib/python3.8/site-packages/airflow/example_dags/tutorial.py
[2024-04-07T15:06:14.949+0000] {logging_mixin.py:188} INFO - [2024-04-07T15:06:14.949+0000] {dag.py:3047} INFO - Sync 1 DAGs
[2024-04-07T15:06:14.982+0000] {logging_mixin.py:188} INFO - [2024-04-07T15:06:14.982+0000] {dag.py:3834} INFO - Setting next_dagrun for tutorial to 2024-04-06 00:00:00+00:00, run_after=2024-04-07 00:00:00+00:00
[2024-04-07T15:06:15.016+0000] {processor.py:183} INFO - Processing /home/airflow/.local/lib/python3.8/site-packages/airflow/example_dags/tutorial.py took 0.131 seconds
[2024-04-07T15:06:45.135+0000] {processor.py:161} INFO - Started process (PID=3073) to work on /home/airflow/.local/lib/python3.8/site-packages/airflow/example_dags/tutorial.py
[2024-04-07T15:06:45.137+0000] {processor.py:830} INFO - Processing file /home/airflow/.local/lib/python3.8/site-packages/airflow/example_dags/tutorial.py for tasks to queue
[2024-04-07T15:06:45.140+0000] {logging_mixin.py:188} INFO - [2024-04-07T15:06:45.140+0000] {dagbag.py:540} INFO - Filling up the DagBag from /home/airflow/.local/lib/python3.8/site-packages/airflow/example_dags/tutorial.py
[2024-04-07T15:06:45.151+0000] {processor.py:840} INFO - DAG(s) 'tutorial' retrieved from /home/airflow/.local/lib/python3.8/site-packages/airflow/example_dags/tutorial.py
[2024-04-07T15:06:45.183+0000] {logging_mixin.py:188} INFO - [2024-04-07T15:06:45.182+0000] {dag.py:3047} INFO - Sync 1 DAGs
[2024-04-07T15:06:45.225+0000] {logging_mixin.py:188} INFO - [2024-04-07T15:06:45.224+0000] {dag.py:3834} INFO - Setting next_dagrun for tutorial to 2024-04-06 00:00:00+00:00, run_after=2024-04-07 00:00:00+00:00
[2024-04-07T15:06:45.262+0000] {processor.py:183} INFO - Processing /home/airflow/.local/lib/python3.8/site-packages/airflow/example_dags/tutorial.py took 0.132 seconds
[2024-04-07T15:07:15.404+0000] {processor.py:161} INFO - Started process (PID=3130) to work on /home/airflow/.local/lib/python3.8/site-packages/airflow/example_dags/tutorial.py
[2024-04-07T15:07:15.406+0000] {processor.py:830} INFO - Processing file /home/airflow/.local/lib/python3.8/site-packages/airflow/example_dags/tutorial.py for tasks to queue
[2024-04-07T15:07:15.410+0000] {logging_mixin.py:188} INFO - [2024-04-07T15:07:15.409+0000] {dagbag.py:540} INFO - Filling up the DagBag from /home/airflow/.local/lib/python3.8/site-packages/airflow/example_dags/tutorial.py
[2024-04-07T15:07:15.420+0000] {processor.py:840} INFO - DAG(s) 'tutorial' retrieved from /home/airflow/.local/lib/python3.8/site-packages/airflow/example_dags/tutorial.py
[2024-04-07T15:07:15.453+0000] {logging_mixin.py:188} INFO - [2024-04-07T15:07:15.453+0000] {dag.py:3047} INFO - Sync 1 DAGs
[2024-04-07T15:07:15.505+0000] {logging_mixin.py:188} INFO - [2024-04-07T15:07:15.505+0000] {dag.py:3834} INFO - Setting next_dagrun for tutorial to 2024-04-06 00:00:00+00:00, run_after=2024-04-07 00:00:00+00:00
[2024-04-07T15:07:15.555+0000] {processor.py:183} INFO - Processing /home/airflow/.local/lib/python3.8/site-packages/airflow/example_dags/tutorial.py took 0.158 seconds
[2024-04-07T15:07:46.416+0000] {processor.py:161} INFO - Started process (PID=3187) to work on /home/airflow/.local/lib/python3.8/site-packages/airflow/example_dags/tutorial.py
[2024-04-07T15:07:46.418+0000] {processor.py:830} INFO - Processing file /home/airflow/.local/lib/python3.8/site-packages/airflow/example_dags/tutorial.py for tasks to queue
[2024-04-07T15:07:46.421+0000] {logging_mixin.py:188} INFO - [2024-04-07T15:07:46.420+0000] {dagbag.py:540} INFO - Filling up the DagBag from /home/airflow/.local/lib/python3.8/site-packages/airflow/example_dags/tutorial.py
[2024-04-07T15:07:46.428+0000] {processor.py:840} INFO - DAG(s) 'tutorial' retrieved from /home/airflow/.local/lib/python3.8/site-packages/airflow/example_dags/tutorial.py
[2024-04-07T15:07:46.469+0000] {logging_mixin.py:188} INFO - [2024-04-07T15:07:46.469+0000] {dag.py:3047} INFO - Sync 1 DAGs
[2024-04-07T15:07:46.503+0000] {logging_mixin.py:188} INFO - [2024-04-07T15:07:46.503+0000] {dag.py:3834} INFO - Setting next_dagrun for tutorial to 2024-04-06 00:00:00+00:00, run_after=2024-04-07 00:00:00+00:00
[2024-04-07T15:07:46.538+0000] {processor.py:183} INFO - Processing /home/airflow/.local/lib/python3.8/site-packages/airflow/example_dags/tutorial.py took 0.127 seconds
[2024-04-07T15:08:17.104+0000] {processor.py:161} INFO - Started process (PID=3244) to work on /home/airflow/.local/lib/python3.8/site-packages/airflow/example_dags/tutorial.py
[2024-04-07T15:08:17.106+0000] {processor.py:830} INFO - Processing file /home/airflow/.local/lib/python3.8/site-packages/airflow/example_dags/tutorial.py for tasks to queue
[2024-04-07T15:08:17.108+0000] {logging_mixin.py:188} INFO - [2024-04-07T15:08:17.108+0000] {dagbag.py:540} INFO - Filling up the DagBag from /home/airflow/.local/lib/python3.8/site-packages/airflow/example_dags/tutorial.py
[2024-04-07T15:08:17.118+0000] {processor.py:840} INFO - DAG(s) 'tutorial' retrieved from /home/airflow/.local/lib/python3.8/site-packages/airflow/example_dags/tutorial.py
[2024-04-07T15:08:17.151+0000] {logging_mixin.py:188} INFO - [2024-04-07T15:08:17.151+0000] {dag.py:3047} INFO - Sync 1 DAGs
[2024-04-07T15:08:17.191+0000] {logging_mixin.py:188} INFO - [2024-04-07T15:08:17.191+0000] {dag.py:3834} INFO - Setting next_dagrun for tutorial to 2024-04-06 00:00:00+00:00, run_after=2024-04-07 00:00:00+00:00
[2024-04-07T15:08:17.393+0000] {processor.py:183} INFO - Processing /home/airflow/.local/lib/python3.8/site-packages/airflow/example_dags/tutorial.py took 0.293 seconds
[2024-04-07T15:08:47.737+0000] {processor.py:161} INFO - Started process (PID=3301) to work on /home/airflow/.local/lib/python3.8/site-packages/airflow/example_dags/tutorial.py
[2024-04-07T15:08:47.739+0000] {processor.py:830} INFO - Processing file /home/airflow/.local/lib/python3.8/site-packages/airflow/example_dags/tutorial.py for tasks to queue
[2024-04-07T15:08:47.742+0000] {logging_mixin.py:188} INFO - [2024-04-07T15:08:47.742+0000] {dagbag.py:540} INFO - Filling up the DagBag from /home/airflow/.local/lib/python3.8/site-packages/airflow/example_dags/tutorial.py
[2024-04-07T15:08:47.759+0000] {processor.py:840} INFO - DAG(s) 'tutorial' retrieved from /home/airflow/.local/lib/python3.8/site-packages/airflow/example_dags/tutorial.py
[2024-04-07T15:08:47.831+0000] {logging_mixin.py:188} INFO - [2024-04-07T15:08:47.830+0000] {dag.py:3047} INFO - Sync 1 DAGs
[2024-04-07T15:08:47.897+0000] {logging_mixin.py:188} INFO - [2024-04-07T15:08:47.896+0000] {dag.py:3834} INFO - Setting next_dagrun for tutorial to 2024-04-06 00:00:00+00:00, run_after=2024-04-07 00:00:00+00:00
[2024-04-07T15:08:48.038+0000] {processor.py:183} INFO - Processing /home/airflow/.local/lib/python3.8/site-packages/airflow/example_dags/tutorial.py took 0.317 seconds
[2024-04-07T15:09:38.063+0000] {processor.py:161} INFO - Started process (PID=3359) to work on /home/airflow/.local/lib/python3.8/site-packages/airflow/example_dags/tutorial.py
[2024-04-07T15:09:38.070+0000] {processor.py:830} INFO - Processing file /home/airflow/.local/lib/python3.8/site-packages/airflow/example_dags/tutorial.py for tasks to queue
[2024-04-07T15:09:38.076+0000] {logging_mixin.py:188} INFO - [2024-04-07T15:09:38.076+0000] {dagbag.py:540} INFO - Filling up the DagBag from /home/airflow/.local/lib/python3.8/site-packages/airflow/example_dags/tutorial.py
[2024-04-07T15:09:38.091+0000] {processor.py:840} INFO - DAG(s) 'tutorial' retrieved from /home/airflow/.local/lib/python3.8/site-packages/airflow/example_dags/tutorial.py
[2024-04-07T15:09:38.161+0000] {logging_mixin.py:188} INFO - [2024-04-07T15:09:38.161+0000] {dag.py:3047} INFO - Sync 1 DAGs
[2024-04-07T15:09:38.226+0000] {logging_mixin.py:188} INFO - [2024-04-07T15:09:38.225+0000] {dag.py:3834} INFO - Setting next_dagrun for tutorial to 2024-04-06 00:00:00+00:00, run_after=2024-04-07 00:00:00+00:00
[2024-04-07T15:09:38.732+0000] {processor.py:183} INFO - Processing /home/airflow/.local/lib/python3.8/site-packages/airflow/example_dags/tutorial.py took 0.679 seconds
[2024-04-07T15:10:09.420+0000] {processor.py:161} INFO - Started process (PID=3416) to work on /home/airflow/.local/lib/python3.8/site-packages/airflow/example_dags/tutorial.py
[2024-04-07T15:10:09.423+0000] {processor.py:830} INFO - Processing file /home/airflow/.local/lib/python3.8/site-packages/airflow/example_dags/tutorial.py for tasks to queue
[2024-04-07T15:10:09.426+0000] {logging_mixin.py:188} INFO - [2024-04-07T15:10:09.426+0000] {dagbag.py:540} INFO - Filling up the DagBag from /home/airflow/.local/lib/python3.8/site-packages/airflow/example_dags/tutorial.py
[2024-04-07T15:10:09.439+0000] {processor.py:840} INFO - DAG(s) 'tutorial' retrieved from /home/airflow/.local/lib/python3.8/site-packages/airflow/example_dags/tutorial.py
[2024-04-07T15:10:09.504+0000] {logging_mixin.py:188} INFO - [2024-04-07T15:10:09.503+0000] {dag.py:3047} INFO - Sync 1 DAGs
[2024-04-07T15:10:09.568+0000] {logging_mixin.py:188} INFO - [2024-04-07T15:10:09.567+0000] {dag.py:3834} INFO - Setting next_dagrun for tutorial to 2024-04-06 00:00:00+00:00, run_after=2024-04-07 00:00:00+00:00
[2024-04-07T15:10:09.643+0000] {processor.py:183} INFO - Processing /home/airflow/.local/lib/python3.8/site-packages/airflow/example_dags/tutorial.py took 0.229 seconds
[2024-04-07T15:10:40.167+0000] {processor.py:161} INFO - Started process (PID=3473) to work on /home/airflow/.local/lib/python3.8/site-packages/airflow/example_dags/tutorial.py
[2024-04-07T15:10:40.169+0000] {processor.py:830} INFO - Processing file /home/airflow/.local/lib/python3.8/site-packages/airflow/example_dags/tutorial.py for tasks to queue
[2024-04-07T15:10:40.175+0000] {logging_mixin.py:188} INFO - [2024-04-07T15:10:40.175+0000] {dagbag.py:540} INFO - Filling up the DagBag from /home/airflow/.local/lib/python3.8/site-packages/airflow/example_dags/tutorial.py
[2024-04-07T15:10:40.188+0000] {processor.py:840} INFO - DAG(s) 'tutorial' retrieved from /home/airflow/.local/lib/python3.8/site-packages/airflow/example_dags/tutorial.py
[2024-04-07T15:10:40.230+0000] {logging_mixin.py:188} INFO - [2024-04-07T15:10:40.229+0000] {dag.py:3047} INFO - Sync 1 DAGs
[2024-04-07T15:10:40.277+0000] {logging_mixin.py:188} INFO - [2024-04-07T15:10:40.276+0000] {dag.py:3834} INFO - Setting next_dagrun for tutorial to 2024-04-06 00:00:00+00:00, run_after=2024-04-07 00:00:00+00:00
[2024-04-07T15:10:40.462+0000] {processor.py:183} INFO - Processing /home/airflow/.local/lib/python3.8/site-packages/airflow/example_dags/tutorial.py took 0.302 seconds
[2024-04-07T15:11:10.754+0000] {processor.py:161} INFO - Started process (PID=3530) to work on /home/airflow/.local/lib/python3.8/site-packages/airflow/example_dags/tutorial.py
[2024-04-07T15:11:10.756+0000] {processor.py:830} INFO - Processing file /home/airflow/.local/lib/python3.8/site-packages/airflow/example_dags/tutorial.py for tasks to queue
[2024-04-07T15:11:10.761+0000] {logging_mixin.py:188} INFO - [2024-04-07T15:11:10.760+0000] {dagbag.py:540} INFO - Filling up the DagBag from /home/airflow/.local/lib/python3.8/site-packages/airflow/example_dags/tutorial.py
[2024-04-07T15:11:10.771+0000] {processor.py:840} INFO - DAG(s) 'tutorial' retrieved from /home/airflow/.local/lib/python3.8/site-packages/airflow/example_dags/tutorial.py
[2024-04-07T15:11:10.817+0000] {logging_mixin.py:188} INFO - [2024-04-07T15:11:10.816+0000] {dag.py:3047} INFO - Sync 1 DAGs
[2024-04-07T15:11:10.860+0000] {logging_mixin.py:188} INFO - [2024-04-07T15:11:10.860+0000] {dag.py:3834} INFO - Setting next_dagrun for tutorial to 2024-04-06 00:00:00+00:00, run_after=2024-04-07 00:00:00+00:00
[2024-04-07T15:11:10.892+0000] {processor.py:183} INFO - Processing /home/airflow/.local/lib/python3.8/site-packages/airflow/example_dags/tutorial.py took 0.142 seconds
[2024-04-07T15:11:41.638+0000] {processor.py:161} INFO - Started process (PID=3587) to work on /home/airflow/.local/lib/python3.8/site-packages/airflow/example_dags/tutorial.py
[2024-04-07T15:11:41.641+0000] {processor.py:830} INFO - Processing file /home/airflow/.local/lib/python3.8/site-packages/airflow/example_dags/tutorial.py for tasks to queue
[2024-04-07T15:11:41.644+0000] {logging_mixin.py:188} INFO - [2024-04-07T15:11:41.644+0000] {dagbag.py:540} INFO - Filling up the DagBag from /home/airflow/.local/lib/python3.8/site-packages/airflow/example_dags/tutorial.py
[2024-04-07T15:11:41.655+0000] {processor.py:840} INFO - DAG(s) 'tutorial' retrieved from /home/airflow/.local/lib/python3.8/site-packages/airflow/example_dags/tutorial.py
[2024-04-07T15:11:41.689+0000] {logging_mixin.py:188} INFO - [2024-04-07T15:11:41.689+0000] {dag.py:3047} INFO - Sync 1 DAGs
[2024-04-07T15:11:41.725+0000] {logging_mixin.py:188} INFO - [2024-04-07T15:11:41.725+0000] {dag.py:3834} INFO - Setting next_dagrun for tutorial to 2024-04-06 00:00:00+00:00, run_after=2024-04-07 00:00:00+00:00
[2024-04-07T15:11:41.764+0000] {processor.py:183} INFO - Processing /home/airflow/.local/lib/python3.8/site-packages/airflow/example_dags/tutorial.py took 0.131 seconds
[2024-04-07T15:12:11.962+0000] {processor.py:161} INFO - Started process (PID=3644) to work on /home/airflow/.local/lib/python3.8/site-packages/airflow/example_dags/tutorial.py
[2024-04-07T15:12:11.964+0000] {processor.py:830} INFO - Processing file /home/airflow/.local/lib/python3.8/site-packages/airflow/example_dags/tutorial.py for tasks to queue
[2024-04-07T15:12:11.968+0000] {logging_mixin.py:188} INFO - [2024-04-07T15:12:11.968+0000] {dagbag.py:540} INFO - Filling up the DagBag from /home/airflow/.local/lib/python3.8/site-packages/airflow/example_dags/tutorial.py
[2024-04-07T15:12:11.979+0000] {processor.py:840} INFO - DAG(s) 'tutorial' retrieved from /home/airflow/.local/lib/python3.8/site-packages/airflow/example_dags/tutorial.py
[2024-04-07T15:12:12.035+0000] {logging_mixin.py:188} INFO - [2024-04-07T15:12:12.035+0000] {dag.py:3047} INFO - Sync 1 DAGs
[2024-04-07T15:12:12.090+0000] {logging_mixin.py:188} INFO - [2024-04-07T15:12:12.089+0000] {dag.py:3834} INFO - Setting next_dagrun for tutorial to 2024-04-06 00:00:00+00:00, run_after=2024-04-07 00:00:00+00:00
[2024-04-07T15:12:12.262+0000] {processor.py:183} INFO - Processing /home/airflow/.local/lib/python3.8/site-packages/airflow/example_dags/tutorial.py took 0.305 seconds
[2024-04-07T15:12:42.892+0000] {processor.py:161} INFO - Started process (PID=3702) to work on /home/airflow/.local/lib/python3.8/site-packages/airflow/example_dags/tutorial.py
[2024-04-07T15:12:42.894+0000] {processor.py:830} INFO - Processing file /home/airflow/.local/lib/python3.8/site-packages/airflow/example_dags/tutorial.py for tasks to queue
[2024-04-07T15:12:42.898+0000] {logging_mixin.py:188} INFO - [2024-04-07T15:12:42.897+0000] {dagbag.py:540} INFO - Filling up the DagBag from /home/airflow/.local/lib/python3.8/site-packages/airflow/example_dags/tutorial.py
[2024-04-07T15:12:42.910+0000] {processor.py:840} INFO - DAG(s) 'tutorial' retrieved from /home/airflow/.local/lib/python3.8/site-packages/airflow/example_dags/tutorial.py
[2024-04-07T15:12:42.958+0000] {logging_mixin.py:188} INFO - [2024-04-07T15:12:42.957+0000] {dag.py:3047} INFO - Sync 1 DAGs
[2024-04-07T15:12:43.060+0000] {logging_mixin.py:188} INFO - [2024-04-07T15:12:43.059+0000] {dag.py:3834} INFO - Setting next_dagrun for tutorial to 2024-04-06 00:00:00+00:00, run_after=2024-04-07 00:00:00+00:00
[2024-04-07T15:12:43.296+0000] {processor.py:183} INFO - Processing /home/airflow/.local/lib/python3.8/site-packages/airflow/example_dags/tutorial.py took 0.410 seconds
[2024-04-07T15:13:13.485+0000] {processor.py:161} INFO - Started process (PID=3759) to work on /home/airflow/.local/lib/python3.8/site-packages/airflow/example_dags/tutorial.py
[2024-04-07T15:13:13.487+0000] {processor.py:830} INFO - Processing file /home/airflow/.local/lib/python3.8/site-packages/airflow/example_dags/tutorial.py for tasks to queue
[2024-04-07T15:13:13.491+0000] {logging_mixin.py:188} INFO - [2024-04-07T15:13:13.490+0000] {dagbag.py:540} INFO - Filling up the DagBag from /home/airflow/.local/lib/python3.8/site-packages/airflow/example_dags/tutorial.py
[2024-04-07T15:13:13.506+0000] {processor.py:840} INFO - DAG(s) 'tutorial' retrieved from /home/airflow/.local/lib/python3.8/site-packages/airflow/example_dags/tutorial.py
[2024-04-07T15:13:13.541+0000] {logging_mixin.py:188} INFO - [2024-04-07T15:13:13.541+0000] {dag.py:3047} INFO - Sync 1 DAGs
[2024-04-07T15:13:13.579+0000] {logging_mixin.py:188} INFO - [2024-04-07T15:13:13.579+0000] {dag.py:3834} INFO - Setting next_dagrun for tutorial to 2024-04-06 00:00:00+00:00, run_after=2024-04-07 00:00:00+00:00
[2024-04-07T15:13:13.635+0000] {processor.py:183} INFO - Processing /home/airflow/.local/lib/python3.8/site-packages/airflow/example_dags/tutorial.py took 0.155 seconds
[2024-04-07T15:13:43.690+0000] {processor.py:161} INFO - Started process (PID=3816) to work on /home/airflow/.local/lib/python3.8/site-packages/airflow/example_dags/tutorial.py
[2024-04-07T15:13:43.692+0000] {processor.py:830} INFO - Processing file /home/airflow/.local/lib/python3.8/site-packages/airflow/example_dags/tutorial.py for tasks to queue
[2024-04-07T15:13:43.696+0000] {logging_mixin.py:188} INFO - [2024-04-07T15:13:43.695+0000] {dagbag.py:540} INFO - Filling up the DagBag from /home/airflow/.local/lib/python3.8/site-packages/airflow/example_dags/tutorial.py
[2024-04-07T15:13:43.706+0000] {processor.py:840} INFO - DAG(s) 'tutorial' retrieved from /home/airflow/.local/lib/python3.8/site-packages/airflow/example_dags/tutorial.py
[2024-04-07T15:13:43.749+0000] {logging_mixin.py:188} INFO - [2024-04-07T15:13:43.749+0000] {dag.py:3047} INFO - Sync 1 DAGs
[2024-04-07T15:13:43.799+0000] {logging_mixin.py:188} INFO - [2024-04-07T15:13:43.798+0000] {dag.py:3834} INFO - Setting next_dagrun for tutorial to 2024-04-06 00:00:00+00:00, run_after=2024-04-07 00:00:00+00:00
[2024-04-07T15:13:43.856+0000] {processor.py:183} INFO - Processing /home/airflow/.local/lib/python3.8/site-packages/airflow/example_dags/tutorial.py took 0.172 seconds
[2024-04-07T15:14:14.291+0000] {processor.py:161} INFO - Started process (PID=3873) to work on /home/airflow/.local/lib/python3.8/site-packages/airflow/example_dags/tutorial.py
[2024-04-07T15:14:14.293+0000] {processor.py:830} INFO - Processing file /home/airflow/.local/lib/python3.8/site-packages/airflow/example_dags/tutorial.py for tasks to queue
[2024-04-07T15:14:14.296+0000] {logging_mixin.py:188} INFO - [2024-04-07T15:14:14.295+0000] {dagbag.py:540} INFO - Filling up the DagBag from /home/airflow/.local/lib/python3.8/site-packages/airflow/example_dags/tutorial.py
[2024-04-07T15:14:14.307+0000] {processor.py:840} INFO - DAG(s) 'tutorial' retrieved from /home/airflow/.local/lib/python3.8/site-packages/airflow/example_dags/tutorial.py
[2024-04-07T15:14:14.344+0000] {logging_mixin.py:188} INFO - [2024-04-07T15:14:14.344+0000] {dag.py:3047} INFO - Sync 1 DAGs
[2024-04-07T15:14:14.583+0000] {logging_mixin.py:188} INFO - [2024-04-07T15:14:14.582+0000] {dag.py:3834} INFO - Setting next_dagrun for tutorial to 2024-04-06 00:00:00+00:00, run_after=2024-04-07 00:00:00+00:00
[2024-04-07T15:14:14.626+0000] {processor.py:183} INFO - Processing /home/airflow/.local/lib/python3.8/site-packages/airflow/example_dags/tutorial.py took 0.339 seconds
[2024-04-07T15:14:44.808+0000] {processor.py:161} INFO - Started process (PID=3930) to work on /home/airflow/.local/lib/python3.8/site-packages/airflow/example_dags/tutorial.py
[2024-04-07T15:14:44.810+0000] {processor.py:830} INFO - Processing file /home/airflow/.local/lib/python3.8/site-packages/airflow/example_dags/tutorial.py for tasks to queue
[2024-04-07T15:14:44.814+0000] {logging_mixin.py:188} INFO - [2024-04-07T15:14:44.813+0000] {dagbag.py:540} INFO - Filling up the DagBag from /home/airflow/.local/lib/python3.8/site-packages/airflow/example_dags/tutorial.py
[2024-04-07T15:14:44.827+0000] {processor.py:840} INFO - DAG(s) 'tutorial' retrieved from /home/airflow/.local/lib/python3.8/site-packages/airflow/example_dags/tutorial.py
[2024-04-07T15:14:44.864+0000] {logging_mixin.py:188} INFO - [2024-04-07T15:14:44.863+0000] {dag.py:3047} INFO - Sync 1 DAGs
[2024-04-07T15:14:44.907+0000] {logging_mixin.py:188} INFO - [2024-04-07T15:14:44.907+0000] {dag.py:3834} INFO - Setting next_dagrun for tutorial to 2024-04-06 00:00:00+00:00, run_after=2024-04-07 00:00:00+00:00
[2024-04-07T15:14:44.957+0000] {processor.py:183} INFO - Processing /home/airflow/.local/lib/python3.8/site-packages/airflow/example_dags/tutorial.py took 0.155 seconds
[2024-04-07T15:15:15.052+0000] {processor.py:161} INFO - Started process (PID=3986) to work on /home/airflow/.local/lib/python3.8/site-packages/airflow/example_dags/tutorial.py
[2024-04-07T15:15:15.054+0000] {processor.py:830} INFO - Processing file /home/airflow/.local/lib/python3.8/site-packages/airflow/example_dags/tutorial.py for tasks to queue
[2024-04-07T15:15:15.058+0000] {logging_mixin.py:188} INFO - [2024-04-07T15:15:15.057+0000] {dagbag.py:540} INFO - Filling up the DagBag from /home/airflow/.local/lib/python3.8/site-packages/airflow/example_dags/tutorial.py
[2024-04-07T15:15:15.075+0000] {processor.py:840} INFO - DAG(s) 'tutorial' retrieved from /home/airflow/.local/lib/python3.8/site-packages/airflow/example_dags/tutorial.py
[2024-04-07T15:15:15.118+0000] {logging_mixin.py:188} INFO - [2024-04-07T15:15:15.117+0000] {dag.py:3047} INFO - Sync 1 DAGs
[2024-04-07T15:15:15.177+0000] {logging_mixin.py:188} INFO - [2024-04-07T15:15:15.167+0000] {dag.py:3834} INFO - Setting next_dagrun for tutorial to 2024-04-06 00:00:00+00:00, run_after=2024-04-07 00:00:00+00:00
[2024-04-07T15:15:15.241+0000] {processor.py:183} INFO - Processing /home/airflow/.local/lib/python3.8/site-packages/airflow/example_dags/tutorial.py took 0.199 seconds
