[2024-04-07T14:39:14.176+0000] {processor.py:161} INFO - Started process (PID=46) to work on /home/airflow/.local/lib/python3.8/site-packages/airflow/example_dags/tutorial_taskflow_api_virtualenv.py
[2024-04-07T14:39:14.187+0000] {processor.py:830} INFO - Processing file /home/airflow/.local/lib/python3.8/site-packages/airflow/example_dags/tutorial_taskflow_api_virtualenv.py for tasks to queue
[2024-04-07T14:39:14.194+0000] {logging_mixin.py:188} INFO - [2024-04-07T14:39:14.194+0000] {dagbag.py:540} INFO - Filling up the DagBag from /home/airflow/.local/lib/python3.8/site-packages/airflow/example_dags/tutorial_taskflow_api_virtualenv.py
[2024-04-07T14:39:14.476+0000] {processor.py:840} INFO - DAG(s) 'tutorial_taskflow_api_virtualenv' retrieved from /home/airflow/.local/lib/python3.8/site-packages/airflow/example_dags/tutorial_taskflow_api_virtualenv.py
[2024-04-07T14:39:15.867+0000] {logging_mixin.py:188} INFO - [2024-04-07T14:39:15.866+0000] {dag.py:3047} INFO - Sync 1 DAGs
[2024-04-07T14:39:15.893+0000] {logging_mixin.py:188} INFO - [2024-04-07T14:39:15.893+0000] {dag.py:3834} INFO - Setting next_dagrun for tutorial_taskflow_api_virtualenv to None, run_after=None
[2024-04-07T14:39:15.979+0000] {processor.py:183} INFO - Processing /home/airflow/.local/lib/python3.8/site-packages/airflow/example_dags/tutorial_taskflow_api_virtualenv.py took 1.811 seconds
[2024-04-07T14:39:49.293+0000] {processor.py:161} INFO - Started process (PID=103) to work on /home/airflow/.local/lib/python3.8/site-packages/airflow/example_dags/tutorial_taskflow_api_virtualenv.py
[2024-04-07T14:39:49.297+0000] {processor.py:830} INFO - Processing file /home/airflow/.local/lib/python3.8/site-packages/airflow/example_dags/tutorial_taskflow_api_virtualenv.py for tasks to queue
[2024-04-07T14:39:49.319+0000] {logging_mixin.py:188} INFO - [2024-04-07T14:39:49.318+0000] {dagbag.py:540} INFO - Filling up the DagBag from /home/airflow/.local/lib/python3.8/site-packages/airflow/example_dags/tutorial_taskflow_api_virtualenv.py
[2024-04-07T14:39:49.381+0000] {processor.py:840} INFO - DAG(s) 'tutorial_taskflow_api_virtualenv' retrieved from /home/airflow/.local/lib/python3.8/site-packages/airflow/example_dags/tutorial_taskflow_api_virtualenv.py
[2024-04-07T14:39:49.477+0000] {logging_mixin.py:188} INFO - [2024-04-07T14:39:49.473+0000] {dag.py:3047} INFO - Sync 1 DAGs
[2024-04-07T14:39:49.526+0000] {logging_mixin.py:188} INFO - [2024-04-07T14:39:49.525+0000] {dag.py:3834} INFO - Setting next_dagrun for tutorial_taskflow_api_virtualenv to None, run_after=None
[2024-04-07T14:39:49.787+0000] {processor.py:183} INFO - Processing /home/airflow/.local/lib/python3.8/site-packages/airflow/example_dags/tutorial_taskflow_api_virtualenv.py took 0.514 seconds
[2024-04-07T14:40:23.577+0000] {processor.py:161} INFO - Started process (PID=160) to work on /home/airflow/.local/lib/python3.8/site-packages/airflow/example_dags/tutorial_taskflow_api_virtualenv.py
[2024-04-07T14:40:23.579+0000] {processor.py:830} INFO - Processing file /home/airflow/.local/lib/python3.8/site-packages/airflow/example_dags/tutorial_taskflow_api_virtualenv.py for tasks to queue
[2024-04-07T14:40:23.594+0000] {logging_mixin.py:188} INFO - [2024-04-07T14:40:23.593+0000] {dagbag.py:540} INFO - Filling up the DagBag from /home/airflow/.local/lib/python3.8/site-packages/airflow/example_dags/tutorial_taskflow_api_virtualenv.py
[2024-04-07T14:40:23.661+0000] {processor.py:840} INFO - DAG(s) 'tutorial_taskflow_api_virtualenv' retrieved from /home/airflow/.local/lib/python3.8/site-packages/airflow/example_dags/tutorial_taskflow_api_virtualenv.py
[2024-04-07T14:40:23.795+0000] {logging_mixin.py:188} INFO - [2024-04-07T14:40:23.794+0000] {dag.py:3047} INFO - Sync 1 DAGs
[2024-04-07T14:40:23.858+0000] {logging_mixin.py:188} INFO - [2024-04-07T14:40:23.858+0000] {dag.py:3834} INFO - Setting next_dagrun for tutorial_taskflow_api_virtualenv to None, run_after=None
[2024-04-07T14:40:23.947+0000] {processor.py:183} INFO - Processing /home/airflow/.local/lib/python3.8/site-packages/airflow/example_dags/tutorial_taskflow_api_virtualenv.py took 0.388 seconds
[2024-04-07T14:40:54.583+0000] {processor.py:161} INFO - Started process (PID=217) to work on /home/airflow/.local/lib/python3.8/site-packages/airflow/example_dags/tutorial_taskflow_api_virtualenv.py
[2024-04-07T14:40:54.586+0000] {processor.py:830} INFO - Processing file /home/airflow/.local/lib/python3.8/site-packages/airflow/example_dags/tutorial_taskflow_api_virtualenv.py for tasks to queue
[2024-04-07T14:40:54.590+0000] {logging_mixin.py:188} INFO - [2024-04-07T14:40:54.589+0000] {dagbag.py:540} INFO - Filling up the DagBag from /home/airflow/.local/lib/python3.8/site-packages/airflow/example_dags/tutorial_taskflow_api_virtualenv.py
[2024-04-07T14:40:54.618+0000] {processor.py:840} INFO - DAG(s) 'tutorial_taskflow_api_virtualenv' retrieved from /home/airflow/.local/lib/python3.8/site-packages/airflow/example_dags/tutorial_taskflow_api_virtualenv.py
[2024-04-07T14:40:54.675+0000] {logging_mixin.py:188} INFO - [2024-04-07T14:40:54.674+0000] {dag.py:3047} INFO - Sync 1 DAGs
[2024-04-07T14:40:54.742+0000] {logging_mixin.py:188} INFO - [2024-04-07T14:40:54.742+0000] {dag.py:3834} INFO - Setting next_dagrun for tutorial_taskflow_api_virtualenv to None, run_after=None
[2024-04-07T14:40:54.926+0000] {processor.py:183} INFO - Processing /home/airflow/.local/lib/python3.8/site-packages/airflow/example_dags/tutorial_taskflow_api_virtualenv.py took 0.352 seconds
[2024-04-07T14:41:29.326+0000] {processor.py:161} INFO - Started process (PID=274) to work on /home/airflow/.local/lib/python3.8/site-packages/airflow/example_dags/tutorial_taskflow_api_virtualenv.py
[2024-04-07T14:41:29.339+0000] {processor.py:830} INFO - Processing file /home/airflow/.local/lib/python3.8/site-packages/airflow/example_dags/tutorial_taskflow_api_virtualenv.py for tasks to queue
[2024-04-07T14:41:29.355+0000] {logging_mixin.py:188} INFO - [2024-04-07T14:41:29.354+0000] {dagbag.py:540} INFO - Filling up the DagBag from /home/airflow/.local/lib/python3.8/site-packages/airflow/example_dags/tutorial_taskflow_api_virtualenv.py
[2024-04-07T14:41:29.466+0000] {processor.py:840} INFO - DAG(s) 'tutorial_taskflow_api_virtualenv' retrieved from /home/airflow/.local/lib/python3.8/site-packages/airflow/example_dags/tutorial_taskflow_api_virtualenv.py
[2024-04-07T14:41:29.589+0000] {logging_mixin.py:188} INFO - [2024-04-07T14:41:29.588+0000] {dag.py:3047} INFO - Sync 1 DAGs
[2024-04-07T14:41:29.768+0000] {logging_mixin.py:188} INFO - [2024-04-07T14:41:29.768+0000] {dag.py:3834} INFO - Setting next_dagrun for tutorial_taskflow_api_virtualenv to None, run_after=None
[2024-04-07T14:41:29.859+0000] {processor.py:183} INFO - Processing /home/airflow/.local/lib/python3.8/site-packages/airflow/example_dags/tutorial_taskflow_api_virtualenv.py took 0.551 seconds
[2024-04-07T14:42:01.770+0000] {processor.py:161} INFO - Started process (PID=337) to work on /home/airflow/.local/lib/python3.8/site-packages/airflow/example_dags/tutorial_taskflow_api_virtualenv.py
[2024-04-07T14:42:01.785+0000] {processor.py:830} INFO - Processing file /home/airflow/.local/lib/python3.8/site-packages/airflow/example_dags/tutorial_taskflow_api_virtualenv.py for tasks to queue
[2024-04-07T14:42:01.795+0000] {logging_mixin.py:188} INFO - [2024-04-07T14:42:01.795+0000] {dagbag.py:540} INFO - Filling up the DagBag from /home/airflow/.local/lib/python3.8/site-packages/airflow/example_dags/tutorial_taskflow_api_virtualenv.py
[2024-04-07T14:42:01.864+0000] {processor.py:840} INFO - DAG(s) 'tutorial_taskflow_api_virtualenv' retrieved from /home/airflow/.local/lib/python3.8/site-packages/airflow/example_dags/tutorial_taskflow_api_virtualenv.py
[2024-04-07T14:42:02.010+0000] {logging_mixin.py:188} INFO - [2024-04-07T14:42:02.010+0000] {dag.py:3047} INFO - Sync 1 DAGs
[2024-04-07T14:42:02.083+0000] {logging_mixin.py:188} INFO - [2024-04-07T14:42:02.082+0000] {dag.py:3834} INFO - Setting next_dagrun for tutorial_taskflow_api_virtualenv to None, run_after=None
[2024-04-07T14:42:02.206+0000] {processor.py:183} INFO - Processing /home/airflow/.local/lib/python3.8/site-packages/airflow/example_dags/tutorial_taskflow_api_virtualenv.py took 0.448 seconds
[2024-04-07T14:42:32.376+0000] {processor.py:161} INFO - Started process (PID=392) to work on /home/airflow/.local/lib/python3.8/site-packages/airflow/example_dags/tutorial_taskflow_api_virtualenv.py
[2024-04-07T14:42:32.379+0000] {processor.py:830} INFO - Processing file /home/airflow/.local/lib/python3.8/site-packages/airflow/example_dags/tutorial_taskflow_api_virtualenv.py for tasks to queue
[2024-04-07T14:42:32.383+0000] {logging_mixin.py:188} INFO - [2024-04-07T14:42:32.383+0000] {dagbag.py:540} INFO - Filling up the DagBag from /home/airflow/.local/lib/python3.8/site-packages/airflow/example_dags/tutorial_taskflow_api_virtualenv.py
[2024-04-07T14:42:32.428+0000] {processor.py:840} INFO - DAG(s) 'tutorial_taskflow_api_virtualenv' retrieved from /home/airflow/.local/lib/python3.8/site-packages/airflow/example_dags/tutorial_taskflow_api_virtualenv.py
[2024-04-07T14:42:32.482+0000] {logging_mixin.py:188} INFO - [2024-04-07T14:42:32.481+0000] {dag.py:3047} INFO - Sync 1 DAGs
[2024-04-07T14:42:32.514+0000] {logging_mixin.py:188} INFO - [2024-04-07T14:42:32.513+0000] {dag.py:3834} INFO - Setting next_dagrun for tutorial_taskflow_api_virtualenv to None, run_after=None
[2024-04-07T14:42:32.561+0000] {processor.py:183} INFO - Processing /home/airflow/.local/lib/python3.8/site-packages/airflow/example_dags/tutorial_taskflow_api_virtualenv.py took 0.194 seconds
[2024-04-07T14:43:03.209+0000] {processor.py:161} INFO - Started process (PID=450) to work on /home/airflow/.local/lib/python3.8/site-packages/airflow/example_dags/tutorial_taskflow_api_virtualenv.py
[2024-04-07T14:43:03.212+0000] {processor.py:830} INFO - Processing file /home/airflow/.local/lib/python3.8/site-packages/airflow/example_dags/tutorial_taskflow_api_virtualenv.py for tasks to queue
[2024-04-07T14:43:03.220+0000] {logging_mixin.py:188} INFO - [2024-04-07T14:43:03.216+0000] {dagbag.py:540} INFO - Filling up the DagBag from /home/airflow/.local/lib/python3.8/site-packages/airflow/example_dags/tutorial_taskflow_api_virtualenv.py
[2024-04-07T14:43:03.245+0000] {processor.py:840} INFO - DAG(s) 'tutorial_taskflow_api_virtualenv' retrieved from /home/airflow/.local/lib/python3.8/site-packages/airflow/example_dags/tutorial_taskflow_api_virtualenv.py
[2024-04-07T14:43:03.308+0000] {logging_mixin.py:188} INFO - [2024-04-07T14:43:03.308+0000] {dag.py:3047} INFO - Sync 1 DAGs
[2024-04-07T14:43:03.362+0000] {logging_mixin.py:188} INFO - [2024-04-07T14:43:03.361+0000] {dag.py:3834} INFO - Setting next_dagrun for tutorial_taskflow_api_virtualenv to None, run_after=None
[2024-04-07T14:43:03.595+0000] {processor.py:183} INFO - Processing /home/airflow/.local/lib/python3.8/site-packages/airflow/example_dags/tutorial_taskflow_api_virtualenv.py took 0.394 seconds
[2024-04-07T14:43:33.809+0000] {processor.py:161} INFO - Started process (PID=507) to work on /home/airflow/.local/lib/python3.8/site-packages/airflow/example_dags/tutorial_taskflow_api_virtualenv.py
[2024-04-07T14:43:33.811+0000] {processor.py:830} INFO - Processing file /home/airflow/.local/lib/python3.8/site-packages/airflow/example_dags/tutorial_taskflow_api_virtualenv.py for tasks to queue
[2024-04-07T14:43:33.815+0000] {logging_mixin.py:188} INFO - [2024-04-07T14:43:33.814+0000] {dagbag.py:540} INFO - Filling up the DagBag from /home/airflow/.local/lib/python3.8/site-packages/airflow/example_dags/tutorial_taskflow_api_virtualenv.py
[2024-04-07T14:43:33.833+0000] {processor.py:840} INFO - DAG(s) 'tutorial_taskflow_api_virtualenv' retrieved from /home/airflow/.local/lib/python3.8/site-packages/airflow/example_dags/tutorial_taskflow_api_virtualenv.py
[2024-04-07T14:43:33.924+0000] {logging_mixin.py:188} INFO - [2024-04-07T14:43:33.924+0000] {dag.py:3047} INFO - Sync 1 DAGs
[2024-04-07T14:43:34.066+0000] {logging_mixin.py:188} INFO - [2024-04-07T14:43:34.055+0000] {dag.py:3834} INFO - Setting next_dagrun for tutorial_taskflow_api_virtualenv to None, run_after=None
[2024-04-07T14:43:34.222+0000] {processor.py:183} INFO - Processing /home/airflow/.local/lib/python3.8/site-packages/airflow/example_dags/tutorial_taskflow_api_virtualenv.py took 0.419 seconds
[2024-04-07T14:44:04.791+0000] {processor.py:161} INFO - Started process (PID=564) to work on /home/airflow/.local/lib/python3.8/site-packages/airflow/example_dags/tutorial_taskflow_api_virtualenv.py
[2024-04-07T14:44:04.794+0000] {processor.py:830} INFO - Processing file /home/airflow/.local/lib/python3.8/site-packages/airflow/example_dags/tutorial_taskflow_api_virtualenv.py for tasks to queue
[2024-04-07T14:44:04.798+0000] {logging_mixin.py:188} INFO - [2024-04-07T14:44:04.797+0000] {dagbag.py:540} INFO - Filling up the DagBag from /home/airflow/.local/lib/python3.8/site-packages/airflow/example_dags/tutorial_taskflow_api_virtualenv.py
[2024-04-07T14:44:04.818+0000] {processor.py:840} INFO - DAG(s) 'tutorial_taskflow_api_virtualenv' retrieved from /home/airflow/.local/lib/python3.8/site-packages/airflow/example_dags/tutorial_taskflow_api_virtualenv.py
[2024-04-07T14:44:04.971+0000] {logging_mixin.py:188} INFO - [2024-04-07T14:44:04.970+0000] {dag.py:3047} INFO - Sync 1 DAGs
[2024-04-07T14:44:05.083+0000] {logging_mixin.py:188} INFO - [2024-04-07T14:44:05.082+0000] {dag.py:3834} INFO - Setting next_dagrun for tutorial_taskflow_api_virtualenv to None, run_after=None
[2024-04-07T14:44:05.286+0000] {processor.py:183} INFO - Processing /home/airflow/.local/lib/python3.8/site-packages/airflow/example_dags/tutorial_taskflow_api_virtualenv.py took 0.502 seconds
[2024-04-07T14:44:36.306+0000] {processor.py:161} INFO - Started process (PID=621) to work on /home/airflow/.local/lib/python3.8/site-packages/airflow/example_dags/tutorial_taskflow_api_virtualenv.py
[2024-04-07T14:44:36.316+0000] {processor.py:830} INFO - Processing file /home/airflow/.local/lib/python3.8/site-packages/airflow/example_dags/tutorial_taskflow_api_virtualenv.py for tasks to queue
[2024-04-07T14:44:36.334+0000] {logging_mixin.py:188} INFO - [2024-04-07T14:44:36.333+0000] {dagbag.py:540} INFO - Filling up the DagBag from /home/airflow/.local/lib/python3.8/site-packages/airflow/example_dags/tutorial_taskflow_api_virtualenv.py
[2024-04-07T14:44:36.391+0000] {processor.py:840} INFO - DAG(s) 'tutorial_taskflow_api_virtualenv' retrieved from /home/airflow/.local/lib/python3.8/site-packages/airflow/example_dags/tutorial_taskflow_api_virtualenv.py
[2024-04-07T14:44:36.508+0000] {logging_mixin.py:188} INFO - [2024-04-07T14:44:36.507+0000] {dag.py:3047} INFO - Sync 1 DAGs
[2024-04-07T14:44:36.597+0000] {logging_mixin.py:188} INFO - [2024-04-07T14:44:36.597+0000] {dag.py:3834} INFO - Setting next_dagrun for tutorial_taskflow_api_virtualenv to None, run_after=None
[2024-04-07T14:44:36.860+0000] {processor.py:183} INFO - Processing /home/airflow/.local/lib/python3.8/site-packages/airflow/example_dags/tutorial_taskflow_api_virtualenv.py took 0.571 seconds
[2024-04-07T14:45:10.807+0000] {processor.py:161} INFO - Started process (PID=677) to work on /home/airflow/.local/lib/python3.8/site-packages/airflow/example_dags/tutorial_taskflow_api_virtualenv.py
[2024-04-07T14:45:10.814+0000] {processor.py:830} INFO - Processing file /home/airflow/.local/lib/python3.8/site-packages/airflow/example_dags/tutorial_taskflow_api_virtualenv.py for tasks to queue
[2024-04-07T14:45:10.828+0000] {logging_mixin.py:188} INFO - [2024-04-07T14:45:10.827+0000] {dagbag.py:540} INFO - Filling up the DagBag from /home/airflow/.local/lib/python3.8/site-packages/airflow/example_dags/tutorial_taskflow_api_virtualenv.py
[2024-04-07T14:45:10.871+0000] {processor.py:840} INFO - DAG(s) 'tutorial_taskflow_api_virtualenv' retrieved from /home/airflow/.local/lib/python3.8/site-packages/airflow/example_dags/tutorial_taskflow_api_virtualenv.py
[2024-04-07T14:45:10.937+0000] {logging_mixin.py:188} INFO - [2024-04-07T14:45:10.936+0000] {dag.py:3047} INFO - Sync 1 DAGs
[2024-04-07T14:45:11.000+0000] {logging_mixin.py:188} INFO - [2024-04-07T14:45:11.000+0000] {dag.py:3834} INFO - Setting next_dagrun for tutorial_taskflow_api_virtualenv to None, run_after=None
[2024-04-07T14:45:11.061+0000] {processor.py:183} INFO - Processing /home/airflow/.local/lib/python3.8/site-packages/airflow/example_dags/tutorial_taskflow_api_virtualenv.py took 0.264 seconds
[2024-04-07T14:45:42.274+0000] {processor.py:161} INFO - Started process (PID=734) to work on /home/airflow/.local/lib/python3.8/site-packages/airflow/example_dags/tutorial_taskflow_api_virtualenv.py
[2024-04-07T14:45:42.290+0000] {processor.py:830} INFO - Processing file /home/airflow/.local/lib/python3.8/site-packages/airflow/example_dags/tutorial_taskflow_api_virtualenv.py for tasks to queue
[2024-04-07T14:45:42.297+0000] {logging_mixin.py:188} INFO - [2024-04-07T14:45:42.296+0000] {dagbag.py:540} INFO - Filling up the DagBag from /home/airflow/.local/lib/python3.8/site-packages/airflow/example_dags/tutorial_taskflow_api_virtualenv.py
[2024-04-07T14:45:42.333+0000] {processor.py:840} INFO - DAG(s) 'tutorial_taskflow_api_virtualenv' retrieved from /home/airflow/.local/lib/python3.8/site-packages/airflow/example_dags/tutorial_taskflow_api_virtualenv.py
[2024-04-07T14:45:42.381+0000] {logging_mixin.py:188} INFO - [2024-04-07T14:45:42.380+0000] {dag.py:3047} INFO - Sync 1 DAGs
[2024-04-07T14:45:42.431+0000] {logging_mixin.py:188} INFO - [2024-04-07T14:45:42.430+0000] {dag.py:3834} INFO - Setting next_dagrun for tutorial_taskflow_api_virtualenv to None, run_after=None
[2024-04-07T14:45:42.518+0000] {processor.py:183} INFO - Processing /home/airflow/.local/lib/python3.8/site-packages/airflow/example_dags/tutorial_taskflow_api_virtualenv.py took 0.255 seconds
[2024-04-07T14:46:12.911+0000] {processor.py:161} INFO - Started process (PID=791) to work on /home/airflow/.local/lib/python3.8/site-packages/airflow/example_dags/tutorial_taskflow_api_virtualenv.py
[2024-04-07T14:46:12.913+0000] {processor.py:830} INFO - Processing file /home/airflow/.local/lib/python3.8/site-packages/airflow/example_dags/tutorial_taskflow_api_virtualenv.py for tasks to queue
[2024-04-07T14:46:12.917+0000] {logging_mixin.py:188} INFO - [2024-04-07T14:46:12.916+0000] {dagbag.py:540} INFO - Filling up the DagBag from /home/airflow/.local/lib/python3.8/site-packages/airflow/example_dags/tutorial_taskflow_api_virtualenv.py
[2024-04-07T14:46:12.934+0000] {processor.py:840} INFO - DAG(s) 'tutorial_taskflow_api_virtualenv' retrieved from /home/airflow/.local/lib/python3.8/site-packages/airflow/example_dags/tutorial_taskflow_api_virtualenv.py
[2024-04-07T14:46:12.968+0000] {logging_mixin.py:188} INFO - [2024-04-07T14:46:12.968+0000] {dag.py:3047} INFO - Sync 1 DAGs
[2024-04-07T14:46:12.993+0000] {logging_mixin.py:188} INFO - [2024-04-07T14:46:12.992+0000] {dag.py:3834} INFO - Setting next_dagrun for tutorial_taskflow_api_virtualenv to None, run_after=None
[2024-04-07T14:46:13.145+0000] {processor.py:183} INFO - Processing /home/airflow/.local/lib/python3.8/site-packages/airflow/example_dags/tutorial_taskflow_api_virtualenv.py took 0.241 seconds
[2024-04-07T14:46:44.872+0000] {processor.py:161} INFO - Started process (PID=843) to work on /home/airflow/.local/lib/python3.8/site-packages/airflow/example_dags/tutorial_taskflow_api_virtualenv.py
[2024-04-07T14:46:44.881+0000] {processor.py:830} INFO - Processing file /home/airflow/.local/lib/python3.8/site-packages/airflow/example_dags/tutorial_taskflow_api_virtualenv.py for tasks to queue
[2024-04-07T14:46:44.886+0000] {logging_mixin.py:188} INFO - [2024-04-07T14:46:44.886+0000] {dagbag.py:540} INFO - Filling up the DagBag from /home/airflow/.local/lib/python3.8/site-packages/airflow/example_dags/tutorial_taskflow_api_virtualenv.py
[2024-04-07T14:46:44.980+0000] {processor.py:840} INFO - DAG(s) 'tutorial_taskflow_api_virtualenv' retrieved from /home/airflow/.local/lib/python3.8/site-packages/airflow/example_dags/tutorial_taskflow_api_virtualenv.py
[2024-04-07T14:46:45.077+0000] {logging_mixin.py:188} INFO - [2024-04-07T14:46:45.077+0000] {dag.py:3047} INFO - Sync 1 DAGs
[2024-04-07T14:46:45.164+0000] {logging_mixin.py:188} INFO - [2024-04-07T14:46:45.164+0000] {dag.py:3834} INFO - Setting next_dagrun for tutorial_taskflow_api_virtualenv to None, run_after=None
[2024-04-07T14:46:45.429+0000] {processor.py:183} INFO - Processing /home/airflow/.local/lib/python3.8/site-packages/airflow/example_dags/tutorial_taskflow_api_virtualenv.py took 0.564 seconds
[2024-04-07T14:47:15.822+0000] {processor.py:161} INFO - Started process (PID=900) to work on /home/airflow/.local/lib/python3.8/site-packages/airflow/example_dags/tutorial_taskflow_api_virtualenv.py
[2024-04-07T14:47:15.828+0000] {processor.py:830} INFO - Processing file /home/airflow/.local/lib/python3.8/site-packages/airflow/example_dags/tutorial_taskflow_api_virtualenv.py for tasks to queue
[2024-04-07T14:47:15.846+0000] {logging_mixin.py:188} INFO - [2024-04-07T14:47:15.846+0000] {dagbag.py:540} INFO - Filling up the DagBag from /home/airflow/.local/lib/python3.8/site-packages/airflow/example_dags/tutorial_taskflow_api_virtualenv.py
[2024-04-07T14:47:15.881+0000] {processor.py:840} INFO - DAG(s) 'tutorial_taskflow_api_virtualenv' retrieved from /home/airflow/.local/lib/python3.8/site-packages/airflow/example_dags/tutorial_taskflow_api_virtualenv.py
[2024-04-07T14:47:15.939+0000] {logging_mixin.py:188} INFO - [2024-04-07T14:47:15.938+0000] {dag.py:3047} INFO - Sync 1 DAGs
[2024-04-07T14:47:15.992+0000] {logging_mixin.py:188} INFO - [2024-04-07T14:47:15.992+0000] {dag.py:3834} INFO - Setting next_dagrun for tutorial_taskflow_api_virtualenv to None, run_after=None
[2024-04-07T14:47:16.064+0000] {processor.py:183} INFO - Processing /home/airflow/.local/lib/python3.8/site-packages/airflow/example_dags/tutorial_taskflow_api_virtualenv.py took 0.250 seconds
[2024-04-07T14:47:46.160+0000] {processor.py:161} INFO - Started process (PID=956) to work on /home/airflow/.local/lib/python3.8/site-packages/airflow/example_dags/tutorial_taskflow_api_virtualenv.py
[2024-04-07T14:47:46.164+0000] {processor.py:830} INFO - Processing file /home/airflow/.local/lib/python3.8/site-packages/airflow/example_dags/tutorial_taskflow_api_virtualenv.py for tasks to queue
[2024-04-07T14:47:46.168+0000] {logging_mixin.py:188} INFO - [2024-04-07T14:47:46.167+0000] {dagbag.py:540} INFO - Filling up the DagBag from /home/airflow/.local/lib/python3.8/site-packages/airflow/example_dags/tutorial_taskflow_api_virtualenv.py
[2024-04-07T14:47:46.185+0000] {processor.py:840} INFO - DAG(s) 'tutorial_taskflow_api_virtualenv' retrieved from /home/airflow/.local/lib/python3.8/site-packages/airflow/example_dags/tutorial_taskflow_api_virtualenv.py
[2024-04-07T14:47:46.217+0000] {logging_mixin.py:188} INFO - [2024-04-07T14:47:46.216+0000] {dag.py:3047} INFO - Sync 1 DAGs
[2024-04-07T14:47:46.236+0000] {logging_mixin.py:188} INFO - [2024-04-07T14:47:46.236+0000] {dag.py:3834} INFO - Setting next_dagrun for tutorial_taskflow_api_virtualenv to None, run_after=None
[2024-04-07T14:47:46.269+0000] {processor.py:183} INFO - Processing /home/airflow/.local/lib/python3.8/site-packages/airflow/example_dags/tutorial_taskflow_api_virtualenv.py took 0.115 seconds
[2024-04-07T14:48:17.065+0000] {processor.py:161} INFO - Started process (PID=1014) to work on /home/airflow/.local/lib/python3.8/site-packages/airflow/example_dags/tutorial_taskflow_api_virtualenv.py
[2024-04-07T14:48:17.067+0000] {processor.py:830} INFO - Processing file /home/airflow/.local/lib/python3.8/site-packages/airflow/example_dags/tutorial_taskflow_api_virtualenv.py for tasks to queue
[2024-04-07T14:48:17.071+0000] {logging_mixin.py:188} INFO - [2024-04-07T14:48:17.070+0000] {dagbag.py:540} INFO - Filling up the DagBag from /home/airflow/.local/lib/python3.8/site-packages/airflow/example_dags/tutorial_taskflow_api_virtualenv.py
[2024-04-07T14:48:17.088+0000] {processor.py:840} INFO - DAG(s) 'tutorial_taskflow_api_virtualenv' retrieved from /home/airflow/.local/lib/python3.8/site-packages/airflow/example_dags/tutorial_taskflow_api_virtualenv.py
[2024-04-07T14:48:17.121+0000] {logging_mixin.py:188} INFO - [2024-04-07T14:48:17.121+0000] {dag.py:3047} INFO - Sync 1 DAGs
[2024-04-07T14:48:17.143+0000] {logging_mixin.py:188} INFO - [2024-04-07T14:48:17.142+0000] {dag.py:3834} INFO - Setting next_dagrun for tutorial_taskflow_api_virtualenv to None, run_after=None
[2024-04-07T14:48:17.212+0000] {processor.py:183} INFO - Processing /home/airflow/.local/lib/python3.8/site-packages/airflow/example_dags/tutorial_taskflow_api_virtualenv.py took 0.153 seconds
[2024-04-07T14:48:47.662+0000] {processor.py:161} INFO - Started process (PID=1071) to work on /home/airflow/.local/lib/python3.8/site-packages/airflow/example_dags/tutorial_taskflow_api_virtualenv.py
[2024-04-07T14:48:47.666+0000] {processor.py:830} INFO - Processing file /home/airflow/.local/lib/python3.8/site-packages/airflow/example_dags/tutorial_taskflow_api_virtualenv.py for tasks to queue
[2024-04-07T14:48:47.672+0000] {logging_mixin.py:188} INFO - [2024-04-07T14:48:47.671+0000] {dagbag.py:540} INFO - Filling up the DagBag from /home/airflow/.local/lib/python3.8/site-packages/airflow/example_dags/tutorial_taskflow_api_virtualenv.py
[2024-04-07T14:48:47.697+0000] {processor.py:840} INFO - DAG(s) 'tutorial_taskflow_api_virtualenv' retrieved from /home/airflow/.local/lib/python3.8/site-packages/airflow/example_dags/tutorial_taskflow_api_virtualenv.py
[2024-04-07T14:48:47.742+0000] {logging_mixin.py:188} INFO - [2024-04-07T14:48:47.741+0000] {dag.py:3047} INFO - Sync 1 DAGs
[2024-04-07T14:48:47.774+0000] {logging_mixin.py:188} INFO - [2024-04-07T14:48:47.773+0000] {dag.py:3834} INFO - Setting next_dagrun for tutorial_taskflow_api_virtualenv to None, run_after=None
[2024-04-07T14:48:47.843+0000] {processor.py:183} INFO - Processing /home/airflow/.local/lib/python3.8/site-packages/airflow/example_dags/tutorial_taskflow_api_virtualenv.py took 0.187 seconds
[2024-04-07T14:49:18.424+0000] {processor.py:161} INFO - Started process (PID=1128) to work on /home/airflow/.local/lib/python3.8/site-packages/airflow/example_dags/tutorial_taskflow_api_virtualenv.py
[2024-04-07T14:49:18.427+0000] {processor.py:830} INFO - Processing file /home/airflow/.local/lib/python3.8/site-packages/airflow/example_dags/tutorial_taskflow_api_virtualenv.py for tasks to queue
[2024-04-07T14:49:18.433+0000] {logging_mixin.py:188} INFO - [2024-04-07T14:49:18.432+0000] {dagbag.py:540} INFO - Filling up the DagBag from /home/airflow/.local/lib/python3.8/site-packages/airflow/example_dags/tutorial_taskflow_api_virtualenv.py
[2024-04-07T14:49:18.461+0000] {processor.py:840} INFO - DAG(s) 'tutorial_taskflow_api_virtualenv' retrieved from /home/airflow/.local/lib/python3.8/site-packages/airflow/example_dags/tutorial_taskflow_api_virtualenv.py
[2024-04-07T14:49:18.526+0000] {logging_mixin.py:188} INFO - [2024-04-07T14:49:18.526+0000] {dag.py:3047} INFO - Sync 1 DAGs
[2024-04-07T14:49:18.551+0000] {logging_mixin.py:188} INFO - [2024-04-07T14:49:18.550+0000] {dag.py:3834} INFO - Setting next_dagrun for tutorial_taskflow_api_virtualenv to None, run_after=None
[2024-04-07T14:49:18.697+0000] {processor.py:183} INFO - Processing /home/airflow/.local/lib/python3.8/site-packages/airflow/example_dags/tutorial_taskflow_api_virtualenv.py took 0.281 seconds
[2024-04-07T14:49:49.840+0000] {processor.py:161} INFO - Started process (PID=1185) to work on /home/airflow/.local/lib/python3.8/site-packages/airflow/example_dags/tutorial_taskflow_api_virtualenv.py
[2024-04-07T14:49:49.845+0000] {processor.py:830} INFO - Processing file /home/airflow/.local/lib/python3.8/site-packages/airflow/example_dags/tutorial_taskflow_api_virtualenv.py for tasks to queue
[2024-04-07T14:49:49.856+0000] {logging_mixin.py:188} INFO - [2024-04-07T14:49:49.848+0000] {dagbag.py:540} INFO - Filling up the DagBag from /home/airflow/.local/lib/python3.8/site-packages/airflow/example_dags/tutorial_taskflow_api_virtualenv.py
[2024-04-07T14:49:49.912+0000] {processor.py:840} INFO - DAG(s) 'tutorial_taskflow_api_virtualenv' retrieved from /home/airflow/.local/lib/python3.8/site-packages/airflow/example_dags/tutorial_taskflow_api_virtualenv.py
[2024-04-07T14:49:50.055+0000] {logging_mixin.py:188} INFO - [2024-04-07T14:49:50.054+0000] {dag.py:3047} INFO - Sync 1 DAGs
[2024-04-07T14:49:50.248+0000] {logging_mixin.py:188} INFO - [2024-04-07T14:49:50.247+0000] {dag.py:3834} INFO - Setting next_dagrun for tutorial_taskflow_api_virtualenv to None, run_after=None
[2024-04-07T14:49:50.408+0000] {processor.py:183} INFO - Processing /home/airflow/.local/lib/python3.8/site-packages/airflow/example_dags/tutorial_taskflow_api_virtualenv.py took 0.586 seconds
[2024-04-07T14:50:21.102+0000] {processor.py:161} INFO - Started process (PID=1242) to work on /home/airflow/.local/lib/python3.8/site-packages/airflow/example_dags/tutorial_taskflow_api_virtualenv.py
[2024-04-07T14:50:21.104+0000] {processor.py:830} INFO - Processing file /home/airflow/.local/lib/python3.8/site-packages/airflow/example_dags/tutorial_taskflow_api_virtualenv.py for tasks to queue
[2024-04-07T14:50:21.109+0000] {logging_mixin.py:188} INFO - [2024-04-07T14:50:21.109+0000] {dagbag.py:540} INFO - Filling up the DagBag from /home/airflow/.local/lib/python3.8/site-packages/airflow/example_dags/tutorial_taskflow_api_virtualenv.py
[2024-04-07T14:50:21.125+0000] {processor.py:840} INFO - DAG(s) 'tutorial_taskflow_api_virtualenv' retrieved from /home/airflow/.local/lib/python3.8/site-packages/airflow/example_dags/tutorial_taskflow_api_virtualenv.py
[2024-04-07T14:50:21.165+0000] {logging_mixin.py:188} INFO - [2024-04-07T14:50:21.164+0000] {dag.py:3047} INFO - Sync 1 DAGs
[2024-04-07T14:50:21.193+0000] {logging_mixin.py:188} INFO - [2024-04-07T14:50:21.192+0000] {dag.py:3834} INFO - Setting next_dagrun for tutorial_taskflow_api_virtualenv to None, run_after=None
[2024-04-07T14:50:21.536+0000] {processor.py:183} INFO - Processing /home/airflow/.local/lib/python3.8/site-packages/airflow/example_dags/tutorial_taskflow_api_virtualenv.py took 0.438 seconds
[2024-04-07T14:50:51.909+0000] {processor.py:161} INFO - Started process (PID=1300) to work on /home/airflow/.local/lib/python3.8/site-packages/airflow/example_dags/tutorial_taskflow_api_virtualenv.py
[2024-04-07T14:50:51.916+0000] {processor.py:830} INFO - Processing file /home/airflow/.local/lib/python3.8/site-packages/airflow/example_dags/tutorial_taskflow_api_virtualenv.py for tasks to queue
[2024-04-07T14:50:51.922+0000] {logging_mixin.py:188} INFO - [2024-04-07T14:50:51.922+0000] {dagbag.py:540} INFO - Filling up the DagBag from /home/airflow/.local/lib/python3.8/site-packages/airflow/example_dags/tutorial_taskflow_api_virtualenv.py
[2024-04-07T14:50:51.948+0000] {processor.py:840} INFO - DAG(s) 'tutorial_taskflow_api_virtualenv' retrieved from /home/airflow/.local/lib/python3.8/site-packages/airflow/example_dags/tutorial_taskflow_api_virtualenv.py
[2024-04-07T14:50:52.004+0000] {logging_mixin.py:188} INFO - [2024-04-07T14:50:52.004+0000] {dag.py:3047} INFO - Sync 1 DAGs
[2024-04-07T14:50:52.036+0000] {logging_mixin.py:188} INFO - [2024-04-07T14:50:52.035+0000] {dag.py:3834} INFO - Setting next_dagrun for tutorial_taskflow_api_virtualenv to None, run_after=None
[2024-04-07T14:50:52.100+0000] {processor.py:183} INFO - Processing /home/airflow/.local/lib/python3.8/site-packages/airflow/example_dags/tutorial_taskflow_api_virtualenv.py took 0.198 seconds
[2024-04-07T14:51:22.805+0000] {processor.py:161} INFO - Started process (PID=1356) to work on /home/airflow/.local/lib/python3.8/site-packages/airflow/example_dags/tutorial_taskflow_api_virtualenv.py
[2024-04-07T14:51:22.809+0000] {processor.py:830} INFO - Processing file /home/airflow/.local/lib/python3.8/site-packages/airflow/example_dags/tutorial_taskflow_api_virtualenv.py for tasks to queue
[2024-04-07T14:51:22.816+0000] {logging_mixin.py:188} INFO - [2024-04-07T14:51:22.815+0000] {dagbag.py:540} INFO - Filling up the DagBag from /home/airflow/.local/lib/python3.8/site-packages/airflow/example_dags/tutorial_taskflow_api_virtualenv.py
[2024-04-07T14:51:22.841+0000] {processor.py:840} INFO - DAG(s) 'tutorial_taskflow_api_virtualenv' retrieved from /home/airflow/.local/lib/python3.8/site-packages/airflow/example_dags/tutorial_taskflow_api_virtualenv.py
[2024-04-07T14:51:22.917+0000] {logging_mixin.py:188} INFO - [2024-04-07T14:51:22.916+0000] {dag.py:3047} INFO - Sync 1 DAGs
[2024-04-07T14:51:22.952+0000] {logging_mixin.py:188} INFO - [2024-04-07T14:51:22.950+0000] {dag.py:3834} INFO - Setting next_dagrun for tutorial_taskflow_api_virtualenv to None, run_after=None
[2024-04-07T14:51:23.019+0000] {processor.py:183} INFO - Processing /home/airflow/.local/lib/python3.8/site-packages/airflow/example_dags/tutorial_taskflow_api_virtualenv.py took 0.219 seconds
[2024-04-07T14:51:53.275+0000] {processor.py:161} INFO - Started process (PID=1414) to work on /home/airflow/.local/lib/python3.8/site-packages/airflow/example_dags/tutorial_taskflow_api_virtualenv.py
[2024-04-07T14:51:53.277+0000] {processor.py:830} INFO - Processing file /home/airflow/.local/lib/python3.8/site-packages/airflow/example_dags/tutorial_taskflow_api_virtualenv.py for tasks to queue
[2024-04-07T14:51:53.282+0000] {logging_mixin.py:188} INFO - [2024-04-07T14:51:53.281+0000] {dagbag.py:540} INFO - Filling up the DagBag from /home/airflow/.local/lib/python3.8/site-packages/airflow/example_dags/tutorial_taskflow_api_virtualenv.py
[2024-04-07T14:51:53.314+0000] {processor.py:840} INFO - DAG(s) 'tutorial_taskflow_api_virtualenv' retrieved from /home/airflow/.local/lib/python3.8/site-packages/airflow/example_dags/tutorial_taskflow_api_virtualenv.py
[2024-04-07T14:51:53.391+0000] {logging_mixin.py:188} INFO - [2024-04-07T14:51:53.390+0000] {dag.py:3047} INFO - Sync 1 DAGs
[2024-04-07T14:51:53.435+0000] {logging_mixin.py:188} INFO - [2024-04-07T14:51:53.435+0000] {dag.py:3834} INFO - Setting next_dagrun for tutorial_taskflow_api_virtualenv to None, run_after=None
[2024-04-07T14:51:53.503+0000] {processor.py:183} INFO - Processing /home/airflow/.local/lib/python3.8/site-packages/airflow/example_dags/tutorial_taskflow_api_virtualenv.py took 0.236 seconds
[2024-04-07T14:52:23.991+0000] {processor.py:161} INFO - Started process (PID=1471) to work on /home/airflow/.local/lib/python3.8/site-packages/airflow/example_dags/tutorial_taskflow_api_virtualenv.py
[2024-04-07T14:52:23.999+0000] {processor.py:830} INFO - Processing file /home/airflow/.local/lib/python3.8/site-packages/airflow/example_dags/tutorial_taskflow_api_virtualenv.py for tasks to queue
[2024-04-07T14:52:24.004+0000] {logging_mixin.py:188} INFO - [2024-04-07T14:52:24.004+0000] {dagbag.py:540} INFO - Filling up the DagBag from /home/airflow/.local/lib/python3.8/site-packages/airflow/example_dags/tutorial_taskflow_api_virtualenv.py
[2024-04-07T14:52:24.054+0000] {processor.py:840} INFO - DAG(s) 'tutorial_taskflow_api_virtualenv' retrieved from /home/airflow/.local/lib/python3.8/site-packages/airflow/example_dags/tutorial_taskflow_api_virtualenv.py
[2024-04-07T14:52:24.144+0000] {logging_mixin.py:188} INFO - [2024-04-07T14:52:24.143+0000] {dag.py:3047} INFO - Sync 1 DAGs
[2024-04-07T14:52:24.215+0000] {logging_mixin.py:188} INFO - [2024-04-07T14:52:24.214+0000] {dag.py:3834} INFO - Setting next_dagrun for tutorial_taskflow_api_virtualenv to None, run_after=None
[2024-04-07T14:52:24.288+0000] {processor.py:183} INFO - Processing /home/airflow/.local/lib/python3.8/site-packages/airflow/example_dags/tutorial_taskflow_api_virtualenv.py took 0.308 seconds
[2024-04-07T14:52:54.506+0000] {processor.py:161} INFO - Started process (PID=1528) to work on /home/airflow/.local/lib/python3.8/site-packages/airflow/example_dags/tutorial_taskflow_api_virtualenv.py
[2024-04-07T14:52:54.509+0000] {processor.py:830} INFO - Processing file /home/airflow/.local/lib/python3.8/site-packages/airflow/example_dags/tutorial_taskflow_api_virtualenv.py for tasks to queue
[2024-04-07T14:52:54.511+0000] {logging_mixin.py:188} INFO - [2024-04-07T14:52:54.511+0000] {dagbag.py:540} INFO - Filling up the DagBag from /home/airflow/.local/lib/python3.8/site-packages/airflow/example_dags/tutorial_taskflow_api_virtualenv.py
[2024-04-07T14:52:54.534+0000] {processor.py:840} INFO - DAG(s) 'tutorial_taskflow_api_virtualenv' retrieved from /home/airflow/.local/lib/python3.8/site-packages/airflow/example_dags/tutorial_taskflow_api_virtualenv.py
[2024-04-07T14:52:54.574+0000] {logging_mixin.py:188} INFO - [2024-04-07T14:52:54.573+0000] {dag.py:3047} INFO - Sync 1 DAGs
[2024-04-07T14:52:54.602+0000] {logging_mixin.py:188} INFO - [2024-04-07T14:52:54.601+0000] {dag.py:3834} INFO - Setting next_dagrun for tutorial_taskflow_api_virtualenv to None, run_after=None
[2024-04-07T14:52:54.645+0000] {processor.py:183} INFO - Processing /home/airflow/.local/lib/python3.8/site-packages/airflow/example_dags/tutorial_taskflow_api_virtualenv.py took 0.147 seconds
[2024-04-07T14:53:24.986+0000] {processor.py:161} INFO - Started process (PID=1585) to work on /home/airflow/.local/lib/python3.8/site-packages/airflow/example_dags/tutorial_taskflow_api_virtualenv.py
[2024-04-07T14:53:24.992+0000] {processor.py:830} INFO - Processing file /home/airflow/.local/lib/python3.8/site-packages/airflow/example_dags/tutorial_taskflow_api_virtualenv.py for tasks to queue
[2024-04-07T14:53:24.996+0000] {logging_mixin.py:188} INFO - [2024-04-07T14:53:24.996+0000] {dagbag.py:540} INFO - Filling up the DagBag from /home/airflow/.local/lib/python3.8/site-packages/airflow/example_dags/tutorial_taskflow_api_virtualenv.py
[2024-04-07T14:53:25.021+0000] {processor.py:840} INFO - DAG(s) 'tutorial_taskflow_api_virtualenv' retrieved from /home/airflow/.local/lib/python3.8/site-packages/airflow/example_dags/tutorial_taskflow_api_virtualenv.py
[2024-04-07T14:53:25.085+0000] {logging_mixin.py:188} INFO - [2024-04-07T14:53:25.085+0000] {dag.py:3047} INFO - Sync 1 DAGs
[2024-04-07T14:53:25.114+0000] {logging_mixin.py:188} INFO - [2024-04-07T14:53:25.113+0000] {dag.py:3834} INFO - Setting next_dagrun for tutorial_taskflow_api_virtualenv to None, run_after=None
[2024-04-07T14:53:25.162+0000] {processor.py:183} INFO - Processing /home/airflow/.local/lib/python3.8/site-packages/airflow/example_dags/tutorial_taskflow_api_virtualenv.py took 0.183 seconds
[2024-04-07T14:53:55.750+0000] {processor.py:161} INFO - Started process (PID=1640) to work on /home/airflow/.local/lib/python3.8/site-packages/airflow/example_dags/tutorial_taskflow_api_virtualenv.py
[2024-04-07T14:53:55.752+0000] {processor.py:830} INFO - Processing file /home/airflow/.local/lib/python3.8/site-packages/airflow/example_dags/tutorial_taskflow_api_virtualenv.py for tasks to queue
[2024-04-07T14:53:55.755+0000] {logging_mixin.py:188} INFO - [2024-04-07T14:53:55.754+0000] {dagbag.py:540} INFO - Filling up the DagBag from /home/airflow/.local/lib/python3.8/site-packages/airflow/example_dags/tutorial_taskflow_api_virtualenv.py
[2024-04-07T14:53:55.777+0000] {processor.py:840} INFO - DAG(s) 'tutorial_taskflow_api_virtualenv' retrieved from /home/airflow/.local/lib/python3.8/site-packages/airflow/example_dags/tutorial_taskflow_api_virtualenv.py
[2024-04-07T14:53:55.820+0000] {logging_mixin.py:188} INFO - [2024-04-07T14:53:55.820+0000] {dag.py:3047} INFO - Sync 1 DAGs
[2024-04-07T14:53:55.850+0000] {logging_mixin.py:188} INFO - [2024-04-07T14:53:55.850+0000] {dag.py:3834} INFO - Setting next_dagrun for tutorial_taskflow_api_virtualenv to None, run_after=None
[2024-04-07T14:53:55.890+0000] {processor.py:183} INFO - Processing /home/airflow/.local/lib/python3.8/site-packages/airflow/example_dags/tutorial_taskflow_api_virtualenv.py took 0.149 seconds
[2024-04-07T14:54:26.236+0000] {processor.py:161} INFO - Started process (PID=1697) to work on /home/airflow/.local/lib/python3.8/site-packages/airflow/example_dags/tutorial_taskflow_api_virtualenv.py
[2024-04-07T14:54:26.239+0000] {processor.py:830} INFO - Processing file /home/airflow/.local/lib/python3.8/site-packages/airflow/example_dags/tutorial_taskflow_api_virtualenv.py for tasks to queue
[2024-04-07T14:54:26.246+0000] {logging_mixin.py:188} INFO - [2024-04-07T14:54:26.243+0000] {dagbag.py:540} INFO - Filling up the DagBag from /home/airflow/.local/lib/python3.8/site-packages/airflow/example_dags/tutorial_taskflow_api_virtualenv.py
[2024-04-07T14:54:26.267+0000] {processor.py:840} INFO - DAG(s) 'tutorial_taskflow_api_virtualenv' retrieved from /home/airflow/.local/lib/python3.8/site-packages/airflow/example_dags/tutorial_taskflow_api_virtualenv.py
[2024-04-07T14:54:26.300+0000] {logging_mixin.py:188} INFO - [2024-04-07T14:54:26.300+0000] {dag.py:3047} INFO - Sync 1 DAGs
[2024-04-07T14:54:26.321+0000] {logging_mixin.py:188} INFO - [2024-04-07T14:54:26.321+0000] {dag.py:3834} INFO - Setting next_dagrun for tutorial_taskflow_api_virtualenv to None, run_after=None
[2024-04-07T14:54:26.365+0000] {processor.py:183} INFO - Processing /home/airflow/.local/lib/python3.8/site-packages/airflow/example_dags/tutorial_taskflow_api_virtualenv.py took 0.137 seconds
[2024-04-07T14:54:57.167+0000] {processor.py:161} INFO - Started process (PID=1754) to work on /home/airflow/.local/lib/python3.8/site-packages/airflow/example_dags/tutorial_taskflow_api_virtualenv.py
[2024-04-07T14:54:57.170+0000] {processor.py:830} INFO - Processing file /home/airflow/.local/lib/python3.8/site-packages/airflow/example_dags/tutorial_taskflow_api_virtualenv.py for tasks to queue
[2024-04-07T14:54:57.179+0000] {logging_mixin.py:188} INFO - [2024-04-07T14:54:57.178+0000] {dagbag.py:540} INFO - Filling up the DagBag from /home/airflow/.local/lib/python3.8/site-packages/airflow/example_dags/tutorial_taskflow_api_virtualenv.py
[2024-04-07T14:54:57.200+0000] {processor.py:840} INFO - DAG(s) 'tutorial_taskflow_api_virtualenv' retrieved from /home/airflow/.local/lib/python3.8/site-packages/airflow/example_dags/tutorial_taskflow_api_virtualenv.py
[2024-04-07T14:54:57.237+0000] {logging_mixin.py:188} INFO - [2024-04-07T14:54:57.237+0000] {dag.py:3047} INFO - Sync 1 DAGs
[2024-04-07T14:54:57.261+0000] {logging_mixin.py:188} INFO - [2024-04-07T14:54:57.261+0000] {dag.py:3834} INFO - Setting next_dagrun for tutorial_taskflow_api_virtualenv to None, run_after=None
[2024-04-07T14:54:57.302+0000] {processor.py:183} INFO - Processing /home/airflow/.local/lib/python3.8/site-packages/airflow/example_dags/tutorial_taskflow_api_virtualenv.py took 0.141 seconds
[2024-04-07T14:55:28.382+0000] {processor.py:161} INFO - Started process (PID=1810) to work on /home/airflow/.local/lib/python3.8/site-packages/airflow/example_dags/tutorial_taskflow_api_virtualenv.py
[2024-04-07T14:55:28.384+0000] {processor.py:830} INFO - Processing file /home/airflow/.local/lib/python3.8/site-packages/airflow/example_dags/tutorial_taskflow_api_virtualenv.py for tasks to queue
[2024-04-07T14:55:28.388+0000] {logging_mixin.py:188} INFO - [2024-04-07T14:55:28.388+0000] {dagbag.py:540} INFO - Filling up the DagBag from /home/airflow/.local/lib/python3.8/site-packages/airflow/example_dags/tutorial_taskflow_api_virtualenv.py
[2024-04-07T14:55:28.410+0000] {processor.py:840} INFO - DAG(s) 'tutorial_taskflow_api_virtualenv' retrieved from /home/airflow/.local/lib/python3.8/site-packages/airflow/example_dags/tutorial_taskflow_api_virtualenv.py
[2024-04-07T14:55:28.453+0000] {logging_mixin.py:188} INFO - [2024-04-07T14:55:28.452+0000] {dag.py:3047} INFO - Sync 1 DAGs
[2024-04-07T14:55:28.483+0000] {logging_mixin.py:188} INFO - [2024-04-07T14:55:28.482+0000] {dag.py:3834} INFO - Setting next_dagrun for tutorial_taskflow_api_virtualenv to None, run_after=None
[2024-04-07T14:55:28.536+0000] {processor.py:183} INFO - Processing /home/airflow/.local/lib/python3.8/site-packages/airflow/example_dags/tutorial_taskflow_api_virtualenv.py took 0.163 seconds
[2024-04-07T14:55:59.019+0000] {processor.py:161} INFO - Started process (PID=1865) to work on /home/airflow/.local/lib/python3.8/site-packages/airflow/example_dags/tutorial_taskflow_api_virtualenv.py
[2024-04-07T14:55:59.021+0000] {processor.py:830} INFO - Processing file /home/airflow/.local/lib/python3.8/site-packages/airflow/example_dags/tutorial_taskflow_api_virtualenv.py for tasks to queue
[2024-04-07T14:55:59.027+0000] {logging_mixin.py:188} INFO - [2024-04-07T14:55:59.026+0000] {dagbag.py:540} INFO - Filling up the DagBag from /home/airflow/.local/lib/python3.8/site-packages/airflow/example_dags/tutorial_taskflow_api_virtualenv.py
[2024-04-07T14:55:59.044+0000] {processor.py:840} INFO - DAG(s) 'tutorial_taskflow_api_virtualenv' retrieved from /home/airflow/.local/lib/python3.8/site-packages/airflow/example_dags/tutorial_taskflow_api_virtualenv.py
[2024-04-07T14:55:59.078+0000] {logging_mixin.py:188} INFO - [2024-04-07T14:55:59.078+0000] {dag.py:3047} INFO - Sync 1 DAGs
[2024-04-07T14:55:59.100+0000] {logging_mixin.py:188} INFO - [2024-04-07T14:55:59.099+0000] {dag.py:3834} INFO - Setting next_dagrun for tutorial_taskflow_api_virtualenv to None, run_after=None
[2024-04-07T14:55:59.139+0000] {processor.py:183} INFO - Processing /home/airflow/.local/lib/python3.8/site-packages/airflow/example_dags/tutorial_taskflow_api_virtualenv.py took 0.125 seconds
[2024-04-07T14:56:29.324+0000] {processor.py:161} INFO - Started process (PID=1923) to work on /home/airflow/.local/lib/python3.8/site-packages/airflow/example_dags/tutorial_taskflow_api_virtualenv.py
[2024-04-07T14:56:29.327+0000] {processor.py:830} INFO - Processing file /home/airflow/.local/lib/python3.8/site-packages/airflow/example_dags/tutorial_taskflow_api_virtualenv.py for tasks to queue
[2024-04-07T14:56:29.330+0000] {logging_mixin.py:188} INFO - [2024-04-07T14:56:29.329+0000] {dagbag.py:540} INFO - Filling up the DagBag from /home/airflow/.local/lib/python3.8/site-packages/airflow/example_dags/tutorial_taskflow_api_virtualenv.py
[2024-04-07T14:56:29.350+0000] {processor.py:840} INFO - DAG(s) 'tutorial_taskflow_api_virtualenv' retrieved from /home/airflow/.local/lib/python3.8/site-packages/airflow/example_dags/tutorial_taskflow_api_virtualenv.py
[2024-04-07T14:56:29.391+0000] {logging_mixin.py:188} INFO - [2024-04-07T14:56:29.391+0000] {dag.py:3047} INFO - Sync 1 DAGs
[2024-04-07T14:56:29.418+0000] {logging_mixin.py:188} INFO - [2024-04-07T14:56:29.417+0000] {dag.py:3834} INFO - Setting next_dagrun for tutorial_taskflow_api_virtualenv to None, run_after=None
[2024-04-07T14:56:29.454+0000] {processor.py:183} INFO - Processing /home/airflow/.local/lib/python3.8/site-packages/airflow/example_dags/tutorial_taskflow_api_virtualenv.py took 0.136 seconds
[2024-04-07T14:56:59.701+0000] {processor.py:161} INFO - Started process (PID=1979) to work on /home/airflow/.local/lib/python3.8/site-packages/airflow/example_dags/tutorial_taskflow_api_virtualenv.py
[2024-04-07T14:56:59.702+0000] {processor.py:830} INFO - Processing file /home/airflow/.local/lib/python3.8/site-packages/airflow/example_dags/tutorial_taskflow_api_virtualenv.py for tasks to queue
[2024-04-07T14:56:59.707+0000] {logging_mixin.py:188} INFO - [2024-04-07T14:56:59.706+0000] {dagbag.py:540} INFO - Filling up the DagBag from /home/airflow/.local/lib/python3.8/site-packages/airflow/example_dags/tutorial_taskflow_api_virtualenv.py
[2024-04-07T14:56:59.725+0000] {processor.py:840} INFO - DAG(s) 'tutorial_taskflow_api_virtualenv' retrieved from /home/airflow/.local/lib/python3.8/site-packages/airflow/example_dags/tutorial_taskflow_api_virtualenv.py
[2024-04-07T14:56:59.761+0000] {logging_mixin.py:188} INFO - [2024-04-07T14:56:59.760+0000] {dag.py:3047} INFO - Sync 1 DAGs
[2024-04-07T14:56:59.782+0000] {logging_mixin.py:188} INFO - [2024-04-07T14:56:59.781+0000] {dag.py:3834} INFO - Setting next_dagrun for tutorial_taskflow_api_virtualenv to None, run_after=None
[2024-04-07T14:56:59.821+0000] {processor.py:183} INFO - Processing /home/airflow/.local/lib/python3.8/site-packages/airflow/example_dags/tutorial_taskflow_api_virtualenv.py took 0.125 seconds
[2024-04-07T14:57:30.204+0000] {processor.py:161} INFO - Started process (PID=2036) to work on /home/airflow/.local/lib/python3.8/site-packages/airflow/example_dags/tutorial_taskflow_api_virtualenv.py
[2024-04-07T14:57:30.206+0000] {processor.py:830} INFO - Processing file /home/airflow/.local/lib/python3.8/site-packages/airflow/example_dags/tutorial_taskflow_api_virtualenv.py for tasks to queue
[2024-04-07T14:57:30.209+0000] {logging_mixin.py:188} INFO - [2024-04-07T14:57:30.209+0000] {dagbag.py:540} INFO - Filling up the DagBag from /home/airflow/.local/lib/python3.8/site-packages/airflow/example_dags/tutorial_taskflow_api_virtualenv.py
[2024-04-07T14:57:30.225+0000] {processor.py:840} INFO - DAG(s) 'tutorial_taskflow_api_virtualenv' retrieved from /home/airflow/.local/lib/python3.8/site-packages/airflow/example_dags/tutorial_taskflow_api_virtualenv.py
[2024-04-07T14:57:30.255+0000] {logging_mixin.py:188} INFO - [2024-04-07T14:57:30.254+0000] {dag.py:3047} INFO - Sync 1 DAGs
[2024-04-07T14:57:30.273+0000] {logging_mixin.py:188} INFO - [2024-04-07T14:57:30.273+0000] {dag.py:3834} INFO - Setting next_dagrun for tutorial_taskflow_api_virtualenv to None, run_after=None
[2024-04-07T14:57:30.306+0000] {processor.py:183} INFO - Processing /home/airflow/.local/lib/python3.8/site-packages/airflow/example_dags/tutorial_taskflow_api_virtualenv.py took 0.108 seconds
[2024-04-07T14:58:00.528+0000] {processor.py:161} INFO - Started process (PID=2094) to work on /home/airflow/.local/lib/python3.8/site-packages/airflow/example_dags/tutorial_taskflow_api_virtualenv.py
[2024-04-07T14:58:00.530+0000] {processor.py:830} INFO - Processing file /home/airflow/.local/lib/python3.8/site-packages/airflow/example_dags/tutorial_taskflow_api_virtualenv.py for tasks to queue
[2024-04-07T14:58:00.534+0000] {logging_mixin.py:188} INFO - [2024-04-07T14:58:00.533+0000] {dagbag.py:540} INFO - Filling up the DagBag from /home/airflow/.local/lib/python3.8/site-packages/airflow/example_dags/tutorial_taskflow_api_virtualenv.py
[2024-04-07T14:58:00.554+0000] {processor.py:840} INFO - DAG(s) 'tutorial_taskflow_api_virtualenv' retrieved from /home/airflow/.local/lib/python3.8/site-packages/airflow/example_dags/tutorial_taskflow_api_virtualenv.py
[2024-04-07T14:58:00.587+0000] {logging_mixin.py:188} INFO - [2024-04-07T14:58:00.587+0000] {dag.py:3047} INFO - Sync 1 DAGs
[2024-04-07T14:58:00.620+0000] {logging_mixin.py:188} INFO - [2024-04-07T14:58:00.619+0000] {dag.py:3834} INFO - Setting next_dagrun for tutorial_taskflow_api_virtualenv to None, run_after=None
[2024-04-07T14:58:00.692+0000] {processor.py:183} INFO - Processing /home/airflow/.local/lib/python3.8/site-packages/airflow/example_dags/tutorial_taskflow_api_virtualenv.py took 0.169 seconds
[2024-04-07T14:58:31.608+0000] {processor.py:161} INFO - Started process (PID=2151) to work on /home/airflow/.local/lib/python3.8/site-packages/airflow/example_dags/tutorial_taskflow_api_virtualenv.py
[2024-04-07T14:58:31.610+0000] {processor.py:830} INFO - Processing file /home/airflow/.local/lib/python3.8/site-packages/airflow/example_dags/tutorial_taskflow_api_virtualenv.py for tasks to queue
[2024-04-07T14:58:31.614+0000] {logging_mixin.py:188} INFO - [2024-04-07T14:58:31.614+0000] {dagbag.py:540} INFO - Filling up the DagBag from /home/airflow/.local/lib/python3.8/site-packages/airflow/example_dags/tutorial_taskflow_api_virtualenv.py
[2024-04-07T14:58:31.633+0000] {processor.py:840} INFO - DAG(s) 'tutorial_taskflow_api_virtualenv' retrieved from /home/airflow/.local/lib/python3.8/site-packages/airflow/example_dags/tutorial_taskflow_api_virtualenv.py
[2024-04-07T14:58:31.690+0000] {logging_mixin.py:188} INFO - [2024-04-07T14:58:31.689+0000] {dag.py:3047} INFO - Sync 1 DAGs
[2024-04-07T14:58:31.739+0000] {logging_mixin.py:188} INFO - [2024-04-07T14:58:31.739+0000] {dag.py:3834} INFO - Setting next_dagrun for tutorial_taskflow_api_virtualenv to None, run_after=None
[2024-04-07T14:58:31.807+0000] {processor.py:183} INFO - Processing /home/airflow/.local/lib/python3.8/site-packages/airflow/example_dags/tutorial_taskflow_api_virtualenv.py took 0.206 seconds
[2024-04-07T14:59:02.474+0000] {processor.py:161} INFO - Started process (PID=2208) to work on /home/airflow/.local/lib/python3.8/site-packages/airflow/example_dags/tutorial_taskflow_api_virtualenv.py
[2024-04-07T14:59:02.476+0000] {processor.py:830} INFO - Processing file /home/airflow/.local/lib/python3.8/site-packages/airflow/example_dags/tutorial_taskflow_api_virtualenv.py for tasks to queue
[2024-04-07T14:59:02.486+0000] {logging_mixin.py:188} INFO - [2024-04-07T14:59:02.485+0000] {dagbag.py:540} INFO - Filling up the DagBag from /home/airflow/.local/lib/python3.8/site-packages/airflow/example_dags/tutorial_taskflow_api_virtualenv.py
[2024-04-07T14:59:02.520+0000] {processor.py:840} INFO - DAG(s) 'tutorial_taskflow_api_virtualenv' retrieved from /home/airflow/.local/lib/python3.8/site-packages/airflow/example_dags/tutorial_taskflow_api_virtualenv.py
[2024-04-07T14:59:02.566+0000] {logging_mixin.py:188} INFO - [2024-04-07T14:59:02.565+0000] {dag.py:3047} INFO - Sync 1 DAGs
[2024-04-07T14:59:02.598+0000] {logging_mixin.py:188} INFO - [2024-04-07T14:59:02.598+0000] {dag.py:3834} INFO - Setting next_dagrun for tutorial_taskflow_api_virtualenv to None, run_after=None
[2024-04-07T14:59:02.648+0000] {processor.py:183} INFO - Processing /home/airflow/.local/lib/python3.8/site-packages/airflow/example_dags/tutorial_taskflow_api_virtualenv.py took 0.180 seconds
[2024-04-07T14:59:32.923+0000] {processor.py:161} INFO - Started process (PID=2265) to work on /home/airflow/.local/lib/python3.8/site-packages/airflow/example_dags/tutorial_taskflow_api_virtualenv.py
[2024-04-07T14:59:32.924+0000] {processor.py:830} INFO - Processing file /home/airflow/.local/lib/python3.8/site-packages/airflow/example_dags/tutorial_taskflow_api_virtualenv.py for tasks to queue
[2024-04-07T14:59:32.927+0000] {logging_mixin.py:188} INFO - [2024-04-07T14:59:32.927+0000] {dagbag.py:540} INFO - Filling up the DagBag from /home/airflow/.local/lib/python3.8/site-packages/airflow/example_dags/tutorial_taskflow_api_virtualenv.py
[2024-04-07T14:59:32.943+0000] {processor.py:840} INFO - DAG(s) 'tutorial_taskflow_api_virtualenv' retrieved from /home/airflow/.local/lib/python3.8/site-packages/airflow/example_dags/tutorial_taskflow_api_virtualenv.py
[2024-04-07T14:59:32.973+0000] {logging_mixin.py:188} INFO - [2024-04-07T14:59:32.972+0000] {dag.py:3047} INFO - Sync 1 DAGs
[2024-04-07T14:59:32.993+0000] {logging_mixin.py:188} INFO - [2024-04-07T14:59:32.992+0000] {dag.py:3834} INFO - Setting next_dagrun for tutorial_taskflow_api_virtualenv to None, run_after=None
[2024-04-07T14:59:33.031+0000] {processor.py:183} INFO - Processing /home/airflow/.local/lib/python3.8/site-packages/airflow/example_dags/tutorial_taskflow_api_virtualenv.py took 0.114 seconds
[2024-04-07T15:00:05.026+0000] {processor.py:161} INFO - Started process (PID=2328) to work on /home/airflow/.local/lib/python3.8/site-packages/airflow/example_dags/tutorial_taskflow_api_virtualenv.py
[2024-04-07T15:00:05.028+0000] {processor.py:830} INFO - Processing file /home/airflow/.local/lib/python3.8/site-packages/airflow/example_dags/tutorial_taskflow_api_virtualenv.py for tasks to queue
[2024-04-07T15:00:05.032+0000] {logging_mixin.py:188} INFO - [2024-04-07T15:00:05.031+0000] {dagbag.py:540} INFO - Filling up the DagBag from /home/airflow/.local/lib/python3.8/site-packages/airflow/example_dags/tutorial_taskflow_api_virtualenv.py
[2024-04-07T15:00:05.050+0000] {processor.py:840} INFO - DAG(s) 'tutorial_taskflow_api_virtualenv' retrieved from /home/airflow/.local/lib/python3.8/site-packages/airflow/example_dags/tutorial_taskflow_api_virtualenv.py
[2024-04-07T15:00:05.084+0000] {logging_mixin.py:188} INFO - [2024-04-07T15:00:05.083+0000] {dag.py:3047} INFO - Sync 1 DAGs
[2024-04-07T15:00:05.116+0000] {logging_mixin.py:188} INFO - [2024-04-07T15:00:05.115+0000] {dag.py:3834} INFO - Setting next_dagrun for tutorial_taskflow_api_virtualenv to None, run_after=None
[2024-04-07T15:00:05.152+0000] {processor.py:183} INFO - Processing /home/airflow/.local/lib/python3.8/site-packages/airflow/example_dags/tutorial_taskflow_api_virtualenv.py took 0.133 seconds
[2024-04-07T15:00:37.237+0000] {processor.py:161} INFO - Started process (PID=2385) to work on /home/airflow/.local/lib/python3.8/site-packages/airflow/example_dags/tutorial_taskflow_api_virtualenv.py
[2024-04-07T15:00:37.245+0000] {processor.py:830} INFO - Processing file /home/airflow/.local/lib/python3.8/site-packages/airflow/example_dags/tutorial_taskflow_api_virtualenv.py for tasks to queue
[2024-04-07T15:00:37.263+0000] {logging_mixin.py:188} INFO - [2024-04-07T15:00:37.262+0000] {dagbag.py:540} INFO - Filling up the DagBag from /home/airflow/.local/lib/python3.8/site-packages/airflow/example_dags/tutorial_taskflow_api_virtualenv.py
[2024-04-07T15:00:37.368+0000] {processor.py:840} INFO - DAG(s) 'tutorial_taskflow_api_virtualenv' retrieved from /home/airflow/.local/lib/python3.8/site-packages/airflow/example_dags/tutorial_taskflow_api_virtualenv.py
[2024-04-07T15:00:37.491+0000] {logging_mixin.py:188} INFO - [2024-04-07T15:00:37.480+0000] {dag.py:3047} INFO - Sync 1 DAGs
[2024-04-07T15:00:37.694+0000] {logging_mixin.py:188} INFO - [2024-04-07T15:00:37.693+0000] {dag.py:3834} INFO - Setting next_dagrun for tutorial_taskflow_api_virtualenv to None, run_after=None
[2024-04-07T15:00:37.836+0000] {processor.py:183} INFO - Processing /home/airflow/.local/lib/python3.8/site-packages/airflow/example_dags/tutorial_taskflow_api_virtualenv.py took 0.606 seconds
[2024-04-07T15:01:08.248+0000] {processor.py:161} INFO - Started process (PID=2442) to work on /home/airflow/.local/lib/python3.8/site-packages/airflow/example_dags/tutorial_taskflow_api_virtualenv.py
[2024-04-07T15:01:08.251+0000] {processor.py:830} INFO - Processing file /home/airflow/.local/lib/python3.8/site-packages/airflow/example_dags/tutorial_taskflow_api_virtualenv.py for tasks to queue
[2024-04-07T15:01:08.259+0000] {logging_mixin.py:188} INFO - [2024-04-07T15:01:08.258+0000] {dagbag.py:540} INFO - Filling up the DagBag from /home/airflow/.local/lib/python3.8/site-packages/airflow/example_dags/tutorial_taskflow_api_virtualenv.py
[2024-04-07T15:01:08.323+0000] {processor.py:840} INFO - DAG(s) 'tutorial_taskflow_api_virtualenv' retrieved from /home/airflow/.local/lib/python3.8/site-packages/airflow/example_dags/tutorial_taskflow_api_virtualenv.py
[2024-04-07T15:01:08.377+0000] {logging_mixin.py:188} INFO - [2024-04-07T15:01:08.376+0000] {dag.py:3047} INFO - Sync 1 DAGs
[2024-04-07T15:01:08.417+0000] {logging_mixin.py:188} INFO - [2024-04-07T15:01:08.416+0000] {dag.py:3834} INFO - Setting next_dagrun for tutorial_taskflow_api_virtualenv to None, run_after=None
[2024-04-07T15:01:08.465+0000] {processor.py:183} INFO - Processing /home/airflow/.local/lib/python3.8/site-packages/airflow/example_dags/tutorial_taskflow_api_virtualenv.py took 0.231 seconds
[2024-04-07T15:01:38.929+0000] {processor.py:161} INFO - Started process (PID=2499) to work on /home/airflow/.local/lib/python3.8/site-packages/airflow/example_dags/tutorial_taskflow_api_virtualenv.py
[2024-04-07T15:01:38.931+0000] {processor.py:830} INFO - Processing file /home/airflow/.local/lib/python3.8/site-packages/airflow/example_dags/tutorial_taskflow_api_virtualenv.py for tasks to queue
[2024-04-07T15:01:38.934+0000] {logging_mixin.py:188} INFO - [2024-04-07T15:01:38.934+0000] {dagbag.py:540} INFO - Filling up the DagBag from /home/airflow/.local/lib/python3.8/site-packages/airflow/example_dags/tutorial_taskflow_api_virtualenv.py
[2024-04-07T15:01:38.950+0000] {processor.py:840} INFO - DAG(s) 'tutorial_taskflow_api_virtualenv' retrieved from /home/airflow/.local/lib/python3.8/site-packages/airflow/example_dags/tutorial_taskflow_api_virtualenv.py
[2024-04-07T15:01:38.987+0000] {logging_mixin.py:188} INFO - [2024-04-07T15:01:38.986+0000] {dag.py:3047} INFO - Sync 1 DAGs
[2024-04-07T15:01:39.014+0000] {logging_mixin.py:188} INFO - [2024-04-07T15:01:39.014+0000] {dag.py:3834} INFO - Setting next_dagrun for tutorial_taskflow_api_virtualenv to None, run_after=None
[2024-04-07T15:01:39.057+0000] {processor.py:183} INFO - Processing /home/airflow/.local/lib/python3.8/site-packages/airflow/example_dags/tutorial_taskflow_api_virtualenv.py took 0.133 seconds
[2024-04-07T15:02:09.368+0000] {processor.py:161} INFO - Started process (PID=2556) to work on /home/airflow/.local/lib/python3.8/site-packages/airflow/example_dags/tutorial_taskflow_api_virtualenv.py
[2024-04-07T15:02:09.369+0000] {processor.py:830} INFO - Processing file /home/airflow/.local/lib/python3.8/site-packages/airflow/example_dags/tutorial_taskflow_api_virtualenv.py for tasks to queue
[2024-04-07T15:02:09.372+0000] {logging_mixin.py:188} INFO - [2024-04-07T15:02:09.372+0000] {dagbag.py:540} INFO - Filling up the DagBag from /home/airflow/.local/lib/python3.8/site-packages/airflow/example_dags/tutorial_taskflow_api_virtualenv.py
[2024-04-07T15:02:09.400+0000] {processor.py:840} INFO - DAG(s) 'tutorial_taskflow_api_virtualenv' retrieved from /home/airflow/.local/lib/python3.8/site-packages/airflow/example_dags/tutorial_taskflow_api_virtualenv.py
[2024-04-07T15:02:09.431+0000] {logging_mixin.py:188} INFO - [2024-04-07T15:02:09.430+0000] {dag.py:3047} INFO - Sync 1 DAGs
[2024-04-07T15:02:09.456+0000] {logging_mixin.py:188} INFO - [2024-04-07T15:02:09.455+0000] {dag.py:3834} INFO - Setting next_dagrun for tutorial_taskflow_api_virtualenv to None, run_after=None
[2024-04-07T15:02:09.492+0000] {processor.py:183} INFO - Processing /home/airflow/.local/lib/python3.8/site-packages/airflow/example_dags/tutorial_taskflow_api_virtualenv.py took 0.132 seconds
[2024-04-07T15:02:39.846+0000] {processor.py:161} INFO - Started process (PID=2613) to work on /home/airflow/.local/lib/python3.8/site-packages/airflow/example_dags/tutorial_taskflow_api_virtualenv.py
[2024-04-07T15:02:39.849+0000] {processor.py:830} INFO - Processing file /home/airflow/.local/lib/python3.8/site-packages/airflow/example_dags/tutorial_taskflow_api_virtualenv.py for tasks to queue
[2024-04-07T15:02:39.856+0000] {logging_mixin.py:188} INFO - [2024-04-07T15:02:39.855+0000] {dagbag.py:540} INFO - Filling up the DagBag from /home/airflow/.local/lib/python3.8/site-packages/airflow/example_dags/tutorial_taskflow_api_virtualenv.py
[2024-04-07T15:02:39.889+0000] {processor.py:840} INFO - DAG(s) 'tutorial_taskflow_api_virtualenv' retrieved from /home/airflow/.local/lib/python3.8/site-packages/airflow/example_dags/tutorial_taskflow_api_virtualenv.py
[2024-04-07T15:02:39.943+0000] {logging_mixin.py:188} INFO - [2024-04-07T15:02:39.943+0000] {dag.py:3047} INFO - Sync 1 DAGs
[2024-04-07T15:02:39.975+0000] {logging_mixin.py:188} INFO - [2024-04-07T15:02:39.974+0000] {dag.py:3834} INFO - Setting next_dagrun for tutorial_taskflow_api_virtualenv to None, run_after=None
[2024-04-07T15:02:40.027+0000] {processor.py:183} INFO - Processing /home/airflow/.local/lib/python3.8/site-packages/airflow/example_dags/tutorial_taskflow_api_virtualenv.py took 0.187 seconds
[2024-04-07T15:03:10.273+0000] {processor.py:161} INFO - Started process (PID=2670) to work on /home/airflow/.local/lib/python3.8/site-packages/airflow/example_dags/tutorial_taskflow_api_virtualenv.py
[2024-04-07T15:03:10.275+0000] {processor.py:830} INFO - Processing file /home/airflow/.local/lib/python3.8/site-packages/airflow/example_dags/tutorial_taskflow_api_virtualenv.py for tasks to queue
[2024-04-07T15:03:10.280+0000] {logging_mixin.py:188} INFO - [2024-04-07T15:03:10.279+0000] {dagbag.py:540} INFO - Filling up the DagBag from /home/airflow/.local/lib/python3.8/site-packages/airflow/example_dags/tutorial_taskflow_api_virtualenv.py
[2024-04-07T15:03:10.296+0000] {processor.py:840} INFO - DAG(s) 'tutorial_taskflow_api_virtualenv' retrieved from /home/airflow/.local/lib/python3.8/site-packages/airflow/example_dags/tutorial_taskflow_api_virtualenv.py
[2024-04-07T15:03:10.334+0000] {logging_mixin.py:188} INFO - [2024-04-07T15:03:10.333+0000] {dag.py:3047} INFO - Sync 1 DAGs
[2024-04-07T15:03:10.355+0000] {logging_mixin.py:188} INFO - [2024-04-07T15:03:10.355+0000] {dag.py:3834} INFO - Setting next_dagrun for tutorial_taskflow_api_virtualenv to None, run_after=None
[2024-04-07T15:03:10.396+0000] {processor.py:183} INFO - Processing /home/airflow/.local/lib/python3.8/site-packages/airflow/example_dags/tutorial_taskflow_api_virtualenv.py took 0.131 seconds
[2024-04-07T15:03:40.654+0000] {processor.py:161} INFO - Started process (PID=2727) to work on /home/airflow/.local/lib/python3.8/site-packages/airflow/example_dags/tutorial_taskflow_api_virtualenv.py
[2024-04-07T15:03:40.656+0000] {processor.py:830} INFO - Processing file /home/airflow/.local/lib/python3.8/site-packages/airflow/example_dags/tutorial_taskflow_api_virtualenv.py for tasks to queue
[2024-04-07T15:03:40.661+0000] {logging_mixin.py:188} INFO - [2024-04-07T15:03:40.661+0000] {dagbag.py:540} INFO - Filling up the DagBag from /home/airflow/.local/lib/python3.8/site-packages/airflow/example_dags/tutorial_taskflow_api_virtualenv.py
[2024-04-07T15:03:40.680+0000] {processor.py:840} INFO - DAG(s) 'tutorial_taskflow_api_virtualenv' retrieved from /home/airflow/.local/lib/python3.8/site-packages/airflow/example_dags/tutorial_taskflow_api_virtualenv.py
[2024-04-07T15:03:40.713+0000] {logging_mixin.py:188} INFO - [2024-04-07T15:03:40.713+0000] {dag.py:3047} INFO - Sync 1 DAGs
[2024-04-07T15:03:40.735+0000] {logging_mixin.py:188} INFO - [2024-04-07T15:03:40.735+0000] {dag.py:3834} INFO - Setting next_dagrun for tutorial_taskflow_api_virtualenv to None, run_after=None
[2024-04-07T15:03:40.786+0000] {processor.py:183} INFO - Processing /home/airflow/.local/lib/python3.8/site-packages/airflow/example_dags/tutorial_taskflow_api_virtualenv.py took 0.142 seconds
[2024-04-07T15:04:11.486+0000] {processor.py:161} INFO - Started process (PID=2784) to work on /home/airflow/.local/lib/python3.8/site-packages/airflow/example_dags/tutorial_taskflow_api_virtualenv.py
[2024-04-07T15:04:11.488+0000] {processor.py:830} INFO - Processing file /home/airflow/.local/lib/python3.8/site-packages/airflow/example_dags/tutorial_taskflow_api_virtualenv.py for tasks to queue
[2024-04-07T15:04:11.491+0000] {logging_mixin.py:188} INFO - [2024-04-07T15:04:11.491+0000] {dagbag.py:540} INFO - Filling up the DagBag from /home/airflow/.local/lib/python3.8/site-packages/airflow/example_dags/tutorial_taskflow_api_virtualenv.py
[2024-04-07T15:04:11.506+0000] {processor.py:840} INFO - DAG(s) 'tutorial_taskflow_api_virtualenv' retrieved from /home/airflow/.local/lib/python3.8/site-packages/airflow/example_dags/tutorial_taskflow_api_virtualenv.py
[2024-04-07T15:04:11.539+0000] {logging_mixin.py:188} INFO - [2024-04-07T15:04:11.539+0000] {dag.py:3047} INFO - Sync 1 DAGs
[2024-04-07T15:04:11.557+0000] {logging_mixin.py:188} INFO - [2024-04-07T15:04:11.556+0000] {dag.py:3834} INFO - Setting next_dagrun for tutorial_taskflow_api_virtualenv to None, run_after=None
[2024-04-07T15:04:11.592+0000] {processor.py:183} INFO - Processing /home/airflow/.local/lib/python3.8/site-packages/airflow/example_dags/tutorial_taskflow_api_virtualenv.py took 0.110 seconds
[2024-04-07T15:04:41.745+0000] {processor.py:161} INFO - Started process (PID=2841) to work on /home/airflow/.local/lib/python3.8/site-packages/airflow/example_dags/tutorial_taskflow_api_virtualenv.py
[2024-04-07T15:04:41.747+0000] {processor.py:830} INFO - Processing file /home/airflow/.local/lib/python3.8/site-packages/airflow/example_dags/tutorial_taskflow_api_virtualenv.py for tasks to queue
[2024-04-07T15:04:41.751+0000] {logging_mixin.py:188} INFO - [2024-04-07T15:04:41.750+0000] {dagbag.py:540} INFO - Filling up the DagBag from /home/airflow/.local/lib/python3.8/site-packages/airflow/example_dags/tutorial_taskflow_api_virtualenv.py
[2024-04-07T15:04:41.765+0000] {processor.py:840} INFO - DAG(s) 'tutorial_taskflow_api_virtualenv' retrieved from /home/airflow/.local/lib/python3.8/site-packages/airflow/example_dags/tutorial_taskflow_api_virtualenv.py
[2024-04-07T15:04:41.799+0000] {logging_mixin.py:188} INFO - [2024-04-07T15:04:41.799+0000] {dag.py:3047} INFO - Sync 1 DAGs
[2024-04-07T15:04:41.818+0000] {logging_mixin.py:188} INFO - [2024-04-07T15:04:41.818+0000] {dag.py:3834} INFO - Setting next_dagrun for tutorial_taskflow_api_virtualenv to None, run_after=None
[2024-04-07T15:04:41.863+0000] {processor.py:183} INFO - Processing /home/airflow/.local/lib/python3.8/site-packages/airflow/example_dags/tutorial_taskflow_api_virtualenv.py took 0.122 seconds
[2024-04-07T15:05:12.129+0000] {processor.py:161} INFO - Started process (PID=2898) to work on /home/airflow/.local/lib/python3.8/site-packages/airflow/example_dags/tutorial_taskflow_api_virtualenv.py
[2024-04-07T15:05:12.131+0000] {processor.py:830} INFO - Processing file /home/airflow/.local/lib/python3.8/site-packages/airflow/example_dags/tutorial_taskflow_api_virtualenv.py for tasks to queue
[2024-04-07T15:05:12.136+0000] {logging_mixin.py:188} INFO - [2024-04-07T15:05:12.135+0000] {dagbag.py:540} INFO - Filling up the DagBag from /home/airflow/.local/lib/python3.8/site-packages/airflow/example_dags/tutorial_taskflow_api_virtualenv.py
[2024-04-07T15:05:12.155+0000] {processor.py:840} INFO - DAG(s) 'tutorial_taskflow_api_virtualenv' retrieved from /home/airflow/.local/lib/python3.8/site-packages/airflow/example_dags/tutorial_taskflow_api_virtualenv.py
[2024-04-07T15:05:12.185+0000] {logging_mixin.py:188} INFO - [2024-04-07T15:05:12.184+0000] {dag.py:3047} INFO - Sync 1 DAGs
[2024-04-07T15:05:12.203+0000] {logging_mixin.py:188} INFO - [2024-04-07T15:05:12.203+0000] {dag.py:3834} INFO - Setting next_dagrun for tutorial_taskflow_api_virtualenv to None, run_after=None
[2024-04-07T15:05:12.241+0000] {processor.py:183} INFO - Processing /home/airflow/.local/lib/python3.8/site-packages/airflow/example_dags/tutorial_taskflow_api_virtualenv.py took 0.117 seconds
[2024-04-07T15:05:42.878+0000] {processor.py:161} INFO - Started process (PID=2955) to work on /home/airflow/.local/lib/python3.8/site-packages/airflow/example_dags/tutorial_taskflow_api_virtualenv.py
[2024-04-07T15:05:42.880+0000] {processor.py:830} INFO - Processing file /home/airflow/.local/lib/python3.8/site-packages/airflow/example_dags/tutorial_taskflow_api_virtualenv.py for tasks to queue
[2024-04-07T15:05:42.883+0000] {logging_mixin.py:188} INFO - [2024-04-07T15:05:42.883+0000] {dagbag.py:540} INFO - Filling up the DagBag from /home/airflow/.local/lib/python3.8/site-packages/airflow/example_dags/tutorial_taskflow_api_virtualenv.py
[2024-04-07T15:05:42.898+0000] {processor.py:840} INFO - DAG(s) 'tutorial_taskflow_api_virtualenv' retrieved from /home/airflow/.local/lib/python3.8/site-packages/airflow/example_dags/tutorial_taskflow_api_virtualenv.py
[2024-04-07T15:05:42.931+0000] {logging_mixin.py:188} INFO - [2024-04-07T15:05:42.931+0000] {dag.py:3047} INFO - Sync 1 DAGs
[2024-04-07T15:05:42.950+0000] {logging_mixin.py:188} INFO - [2024-04-07T15:05:42.949+0000] {dag.py:3834} INFO - Setting next_dagrun for tutorial_taskflow_api_virtualenv to None, run_after=None
[2024-04-07T15:05:42.986+0000] {processor.py:183} INFO - Processing /home/airflow/.local/lib/python3.8/site-packages/airflow/example_dags/tutorial_taskflow_api_virtualenv.py took 0.114 seconds
[2024-04-07T15:06:13.257+0000] {processor.py:161} INFO - Started process (PID=3012) to work on /home/airflow/.local/lib/python3.8/site-packages/airflow/example_dags/tutorial_taskflow_api_virtualenv.py
[2024-04-07T15:06:13.259+0000] {processor.py:830} INFO - Processing file /home/airflow/.local/lib/python3.8/site-packages/airflow/example_dags/tutorial_taskflow_api_virtualenv.py for tasks to queue
[2024-04-07T15:06:13.263+0000] {logging_mixin.py:188} INFO - [2024-04-07T15:06:13.262+0000] {dagbag.py:540} INFO - Filling up the DagBag from /home/airflow/.local/lib/python3.8/site-packages/airflow/example_dags/tutorial_taskflow_api_virtualenv.py
[2024-04-07T15:06:13.291+0000] {processor.py:840} INFO - DAG(s) 'tutorial_taskflow_api_virtualenv' retrieved from /home/airflow/.local/lib/python3.8/site-packages/airflow/example_dags/tutorial_taskflow_api_virtualenv.py
[2024-04-07T15:06:13.330+0000] {logging_mixin.py:188} INFO - [2024-04-07T15:06:13.330+0000] {dag.py:3047} INFO - Sync 1 DAGs
[2024-04-07T15:06:13.349+0000] {logging_mixin.py:188} INFO - [2024-04-07T15:06:13.348+0000] {dag.py:3834} INFO - Setting next_dagrun for tutorial_taskflow_api_virtualenv to None, run_after=None
[2024-04-07T15:06:13.378+0000] {processor.py:183} INFO - Processing /home/airflow/.local/lib/python3.8/site-packages/airflow/example_dags/tutorial_taskflow_api_virtualenv.py took 0.130 seconds
[2024-04-07T15:06:44.321+0000] {processor.py:161} INFO - Started process (PID=3069) to work on /home/airflow/.local/lib/python3.8/site-packages/airflow/example_dags/tutorial_taskflow_api_virtualenv.py
[2024-04-07T15:06:44.324+0000] {processor.py:830} INFO - Processing file /home/airflow/.local/lib/python3.8/site-packages/airflow/example_dags/tutorial_taskflow_api_virtualenv.py for tasks to queue
[2024-04-07T15:06:44.328+0000] {logging_mixin.py:188} INFO - [2024-04-07T15:06:44.327+0000] {dagbag.py:540} INFO - Filling up the DagBag from /home/airflow/.local/lib/python3.8/site-packages/airflow/example_dags/tutorial_taskflow_api_virtualenv.py
[2024-04-07T15:06:44.347+0000] {processor.py:840} INFO - DAG(s) 'tutorial_taskflow_api_virtualenv' retrieved from /home/airflow/.local/lib/python3.8/site-packages/airflow/example_dags/tutorial_taskflow_api_virtualenv.py
[2024-04-07T15:06:44.385+0000] {logging_mixin.py:188} INFO - [2024-04-07T15:06:44.384+0000] {dag.py:3047} INFO - Sync 1 DAGs
[2024-04-07T15:06:44.412+0000] {logging_mixin.py:188} INFO - [2024-04-07T15:06:44.411+0000] {dag.py:3834} INFO - Setting next_dagrun for tutorial_taskflow_api_virtualenv to None, run_after=None
[2024-04-07T15:06:44.450+0000] {processor.py:183} INFO - Processing /home/airflow/.local/lib/python3.8/site-packages/airflow/example_dags/tutorial_taskflow_api_virtualenv.py took 0.133 seconds
[2024-04-07T15:07:14.734+0000] {processor.py:161} INFO - Started process (PID=3126) to work on /home/airflow/.local/lib/python3.8/site-packages/airflow/example_dags/tutorial_taskflow_api_virtualenv.py
[2024-04-07T15:07:14.737+0000] {processor.py:830} INFO - Processing file /home/airflow/.local/lib/python3.8/site-packages/airflow/example_dags/tutorial_taskflow_api_virtualenv.py for tasks to queue
[2024-04-07T15:07:14.741+0000] {logging_mixin.py:188} INFO - [2024-04-07T15:07:14.740+0000] {dagbag.py:540} INFO - Filling up the DagBag from /home/airflow/.local/lib/python3.8/site-packages/airflow/example_dags/tutorial_taskflow_api_virtualenv.py
[2024-04-07T15:07:14.766+0000] {processor.py:840} INFO - DAG(s) 'tutorial_taskflow_api_virtualenv' retrieved from /home/airflow/.local/lib/python3.8/site-packages/airflow/example_dags/tutorial_taskflow_api_virtualenv.py
[2024-04-07T15:07:14.809+0000] {logging_mixin.py:188} INFO - [2024-04-07T15:07:14.809+0000] {dag.py:3047} INFO - Sync 1 DAGs
[2024-04-07T15:07:14.843+0000] {logging_mixin.py:188} INFO - [2024-04-07T15:07:14.843+0000] {dag.py:3834} INFO - Setting next_dagrun for tutorial_taskflow_api_virtualenv to None, run_after=None
[2024-04-07T15:07:14.912+0000] {processor.py:183} INFO - Processing /home/airflow/.local/lib/python3.8/site-packages/airflow/example_dags/tutorial_taskflow_api_virtualenv.py took 0.186 seconds
[2024-04-07T15:07:45.041+0000] {processor.py:161} INFO - Started process (PID=3183) to work on /home/airflow/.local/lib/python3.8/site-packages/airflow/example_dags/tutorial_taskflow_api_virtualenv.py
[2024-04-07T15:07:45.043+0000] {processor.py:830} INFO - Processing file /home/airflow/.local/lib/python3.8/site-packages/airflow/example_dags/tutorial_taskflow_api_virtualenv.py for tasks to queue
[2024-04-07T15:07:45.046+0000] {logging_mixin.py:188} INFO - [2024-04-07T15:07:45.045+0000] {dagbag.py:540} INFO - Filling up the DagBag from /home/airflow/.local/lib/python3.8/site-packages/airflow/example_dags/tutorial_taskflow_api_virtualenv.py
[2024-04-07T15:07:45.067+0000] {processor.py:840} INFO - DAG(s) 'tutorial_taskflow_api_virtualenv' retrieved from /home/airflow/.local/lib/python3.8/site-packages/airflow/example_dags/tutorial_taskflow_api_virtualenv.py
[2024-04-07T15:07:45.105+0000] {logging_mixin.py:188} INFO - [2024-04-07T15:07:45.104+0000] {dag.py:3047} INFO - Sync 1 DAGs
[2024-04-07T15:07:45.125+0000] {logging_mixin.py:188} INFO - [2024-04-07T15:07:45.124+0000] {dag.py:3834} INFO - Setting next_dagrun for tutorial_taskflow_api_virtualenv to None, run_after=None
[2024-04-07T15:07:45.159+0000] {processor.py:183} INFO - Processing /home/airflow/.local/lib/python3.8/site-packages/airflow/example_dags/tutorial_taskflow_api_virtualenv.py took 0.123 seconds
[2024-04-07T15:08:15.660+0000] {processor.py:161} INFO - Started process (PID=3240) to work on /home/airflow/.local/lib/python3.8/site-packages/airflow/example_dags/tutorial_taskflow_api_virtualenv.py
[2024-04-07T15:08:15.662+0000] {processor.py:830} INFO - Processing file /home/airflow/.local/lib/python3.8/site-packages/airflow/example_dags/tutorial_taskflow_api_virtualenv.py for tasks to queue
[2024-04-07T15:08:15.665+0000] {logging_mixin.py:188} INFO - [2024-04-07T15:08:15.664+0000] {dagbag.py:540} INFO - Filling up the DagBag from /home/airflow/.local/lib/python3.8/site-packages/airflow/example_dags/tutorial_taskflow_api_virtualenv.py
[2024-04-07T15:08:15.685+0000] {processor.py:840} INFO - DAG(s) 'tutorial_taskflow_api_virtualenv' retrieved from /home/airflow/.local/lib/python3.8/site-packages/airflow/example_dags/tutorial_taskflow_api_virtualenv.py
[2024-04-07T15:08:15.728+0000] {logging_mixin.py:188} INFO - [2024-04-07T15:08:15.727+0000] {dag.py:3047} INFO - Sync 1 DAGs
[2024-04-07T15:08:15.763+0000] {logging_mixin.py:188} INFO - [2024-04-07T15:08:15.762+0000] {dag.py:3834} INFO - Setting next_dagrun for tutorial_taskflow_api_virtualenv to None, run_after=None
[2024-04-07T15:08:15.817+0000] {processor.py:183} INFO - Processing /home/airflow/.local/lib/python3.8/site-packages/airflow/example_dags/tutorial_taskflow_api_virtualenv.py took 0.162 seconds
[2024-04-07T15:08:46.071+0000] {processor.py:161} INFO - Started process (PID=3297) to work on /home/airflow/.local/lib/python3.8/site-packages/airflow/example_dags/tutorial_taskflow_api_virtualenv.py
[2024-04-07T15:08:46.074+0000] {processor.py:830} INFO - Processing file /home/airflow/.local/lib/python3.8/site-packages/airflow/example_dags/tutorial_taskflow_api_virtualenv.py for tasks to queue
[2024-04-07T15:08:46.081+0000] {logging_mixin.py:188} INFO - [2024-04-07T15:08:46.080+0000] {dagbag.py:540} INFO - Filling up the DagBag from /home/airflow/.local/lib/python3.8/site-packages/airflow/example_dags/tutorial_taskflow_api_virtualenv.py
[2024-04-07T15:08:46.113+0000] {processor.py:840} INFO - DAG(s) 'tutorial_taskflow_api_virtualenv' retrieved from /home/airflow/.local/lib/python3.8/site-packages/airflow/example_dags/tutorial_taskflow_api_virtualenv.py
[2024-04-07T15:08:46.166+0000] {logging_mixin.py:188} INFO - [2024-04-07T15:08:46.165+0000] {dag.py:3047} INFO - Sync 1 DAGs
[2024-04-07T15:08:46.210+0000] {logging_mixin.py:188} INFO - [2024-04-07T15:08:46.206+0000] {dag.py:3834} INFO - Setting next_dagrun for tutorial_taskflow_api_virtualenv to None, run_after=None
[2024-04-07T15:08:46.294+0000] {processor.py:183} INFO - Processing /home/airflow/.local/lib/python3.8/site-packages/airflow/example_dags/tutorial_taskflow_api_virtualenv.py took 0.230 seconds
[2024-04-07T15:09:30.910+0000] {processor.py:161} INFO - Started process (PID=3348) to work on /home/airflow/.local/lib/python3.8/site-packages/airflow/example_dags/tutorial_taskflow_api_virtualenv.py
[2024-04-07T15:09:30.912+0000] {processor.py:830} INFO - Processing file /home/airflow/.local/lib/python3.8/site-packages/airflow/example_dags/tutorial_taskflow_api_virtualenv.py for tasks to queue
[2024-04-07T15:09:30.915+0000] {logging_mixin.py:188} INFO - [2024-04-07T15:09:30.914+0000] {dagbag.py:540} INFO - Filling up the DagBag from /home/airflow/.local/lib/python3.8/site-packages/airflow/example_dags/tutorial_taskflow_api_virtualenv.py
[2024-04-07T15:09:30.933+0000] {processor.py:840} INFO - DAG(s) 'tutorial_taskflow_api_virtualenv' retrieved from /home/airflow/.local/lib/python3.8/site-packages/airflow/example_dags/tutorial_taskflow_api_virtualenv.py
[2024-04-07T15:09:30.965+0000] {logging_mixin.py:188} INFO - [2024-04-07T15:09:30.965+0000] {dag.py:3047} INFO - Sync 1 DAGs
[2024-04-07T15:09:30.989+0000] {logging_mixin.py:188} INFO - [2024-04-07T15:09:30.989+0000] {dag.py:3834} INFO - Setting next_dagrun for tutorial_taskflow_api_virtualenv to None, run_after=None
[2024-04-07T15:09:32.630+0000] {processor.py:183} INFO - Processing /home/airflow/.local/lib/python3.8/site-packages/airflow/example_dags/tutorial_taskflow_api_virtualenv.py took 1.725 seconds
[2024-04-07T15:10:03.676+0000] {processor.py:161} INFO - Started process (PID=3406) to work on /home/airflow/.local/lib/python3.8/site-packages/airflow/example_dags/tutorial_taskflow_api_virtualenv.py
[2024-04-07T15:10:03.689+0000] {processor.py:830} INFO - Processing file /home/airflow/.local/lib/python3.8/site-packages/airflow/example_dags/tutorial_taskflow_api_virtualenv.py for tasks to queue
[2024-04-07T15:10:03.704+0000] {logging_mixin.py:188} INFO - [2024-04-07T15:10:03.703+0000] {dagbag.py:540} INFO - Filling up the DagBag from /home/airflow/.local/lib/python3.8/site-packages/airflow/example_dags/tutorial_taskflow_api_virtualenv.py
[2024-04-07T15:10:03.742+0000] {processor.py:840} INFO - DAG(s) 'tutorial_taskflow_api_virtualenv' retrieved from /home/airflow/.local/lib/python3.8/site-packages/airflow/example_dags/tutorial_taskflow_api_virtualenv.py
[2024-04-07T15:10:03.833+0000] {logging_mixin.py:188} INFO - [2024-04-07T15:10:03.832+0000] {dag.py:3047} INFO - Sync 1 DAGs
[2024-04-07T15:10:03.900+0000] {logging_mixin.py:188} INFO - [2024-04-07T15:10:03.899+0000] {dag.py:3834} INFO - Setting next_dagrun for tutorial_taskflow_api_virtualenv to None, run_after=None
[2024-04-07T15:10:04.017+0000] {processor.py:183} INFO - Processing /home/airflow/.local/lib/python3.8/site-packages/airflow/example_dags/tutorial_taskflow_api_virtualenv.py took 0.347 seconds
[2024-04-07T15:10:34.258+0000] {processor.py:161} INFO - Started process (PID=3463) to work on /home/airflow/.local/lib/python3.8/site-packages/airflow/example_dags/tutorial_taskflow_api_virtualenv.py
[2024-04-07T15:10:34.260+0000] {processor.py:830} INFO - Processing file /home/airflow/.local/lib/python3.8/site-packages/airflow/example_dags/tutorial_taskflow_api_virtualenv.py for tasks to queue
[2024-04-07T15:10:34.264+0000] {logging_mixin.py:188} INFO - [2024-04-07T15:10:34.263+0000] {dagbag.py:540} INFO - Filling up the DagBag from /home/airflow/.local/lib/python3.8/site-packages/airflow/example_dags/tutorial_taskflow_api_virtualenv.py
[2024-04-07T15:10:34.284+0000] {processor.py:840} INFO - DAG(s) 'tutorial_taskflow_api_virtualenv' retrieved from /home/airflow/.local/lib/python3.8/site-packages/airflow/example_dags/tutorial_taskflow_api_virtualenv.py
[2024-04-07T15:10:34.334+0000] {logging_mixin.py:188} INFO - [2024-04-07T15:10:34.333+0000] {dag.py:3047} INFO - Sync 1 DAGs
[2024-04-07T15:10:34.359+0000] {logging_mixin.py:188} INFO - [2024-04-07T15:10:34.359+0000] {dag.py:3834} INFO - Setting next_dagrun for tutorial_taskflow_api_virtualenv to None, run_after=None
[2024-04-07T15:10:34.686+0000] {processor.py:183} INFO - Processing /home/airflow/.local/lib/python3.8/site-packages/airflow/example_dags/tutorial_taskflow_api_virtualenv.py took 0.433 seconds
[2024-04-07T15:11:05.197+0000] {processor.py:161} INFO - Started process (PID=3520) to work on /home/airflow/.local/lib/python3.8/site-packages/airflow/example_dags/tutorial_taskflow_api_virtualenv.py
[2024-04-07T15:11:05.214+0000] {processor.py:830} INFO - Processing file /home/airflow/.local/lib/python3.8/site-packages/airflow/example_dags/tutorial_taskflow_api_virtualenv.py for tasks to queue
[2024-04-07T15:11:05.223+0000] {logging_mixin.py:188} INFO - [2024-04-07T15:11:05.222+0000] {dagbag.py:540} INFO - Filling up the DagBag from /home/airflow/.local/lib/python3.8/site-packages/airflow/example_dags/tutorial_taskflow_api_virtualenv.py
[2024-04-07T15:11:05.288+0000] {processor.py:840} INFO - DAG(s) 'tutorial_taskflow_api_virtualenv' retrieved from /home/airflow/.local/lib/python3.8/site-packages/airflow/example_dags/tutorial_taskflow_api_virtualenv.py
[2024-04-07T15:11:05.413+0000] {logging_mixin.py:188} INFO - [2024-04-07T15:11:05.413+0000] {dag.py:3047} INFO - Sync 1 DAGs
[2024-04-07T15:11:05.508+0000] {logging_mixin.py:188} INFO - [2024-04-07T15:11:05.507+0000] {dag.py:3834} INFO - Setting next_dagrun for tutorial_taskflow_api_virtualenv to None, run_after=None
[2024-04-07T15:11:05.621+0000] {processor.py:183} INFO - Processing /home/airflow/.local/lib/python3.8/site-packages/airflow/example_dags/tutorial_taskflow_api_virtualenv.py took 0.432 seconds
[2024-04-07T15:11:36.379+0000] {processor.py:161} INFO - Started process (PID=3577) to work on /home/airflow/.local/lib/python3.8/site-packages/airflow/example_dags/tutorial_taskflow_api_virtualenv.py
[2024-04-07T15:11:36.382+0000] {processor.py:830} INFO - Processing file /home/airflow/.local/lib/python3.8/site-packages/airflow/example_dags/tutorial_taskflow_api_virtualenv.py for tasks to queue
[2024-04-07T15:11:36.391+0000] {logging_mixin.py:188} INFO - [2024-04-07T15:11:36.389+0000] {dagbag.py:540} INFO - Filling up the DagBag from /home/airflow/.local/lib/python3.8/site-packages/airflow/example_dags/tutorial_taskflow_api_virtualenv.py
[2024-04-07T15:11:36.424+0000] {processor.py:840} INFO - DAG(s) 'tutorial_taskflow_api_virtualenv' retrieved from /home/airflow/.local/lib/python3.8/site-packages/airflow/example_dags/tutorial_taskflow_api_virtualenv.py
[2024-04-07T15:11:36.483+0000] {logging_mixin.py:188} INFO - [2024-04-07T15:11:36.482+0000] {dag.py:3047} INFO - Sync 1 DAGs
[2024-04-07T15:11:36.632+0000] {logging_mixin.py:188} INFO - [2024-04-07T15:11:36.587+0000] {dag.py:3834} INFO - Setting next_dagrun for tutorial_taskflow_api_virtualenv to None, run_after=None
[2024-04-07T15:11:36.739+0000] {processor.py:183} INFO - Processing /home/airflow/.local/lib/python3.8/site-packages/airflow/example_dags/tutorial_taskflow_api_virtualenv.py took 0.369 seconds
[2024-04-07T15:12:07.465+0000] {processor.py:161} INFO - Started process (PID=3640) to work on /home/airflow/.local/lib/python3.8/site-packages/airflow/example_dags/tutorial_taskflow_api_virtualenv.py
[2024-04-07T15:12:07.471+0000] {processor.py:830} INFO - Processing file /home/airflow/.local/lib/python3.8/site-packages/airflow/example_dags/tutorial_taskflow_api_virtualenv.py for tasks to queue
[2024-04-07T15:12:07.489+0000] {logging_mixin.py:188} INFO - [2024-04-07T15:12:07.489+0000] {dagbag.py:540} INFO - Filling up the DagBag from /home/airflow/.local/lib/python3.8/site-packages/airflow/example_dags/tutorial_taskflow_api_virtualenv.py
[2024-04-07T15:12:07.546+0000] {processor.py:840} INFO - DAG(s) 'tutorial_taskflow_api_virtualenv' retrieved from /home/airflow/.local/lib/python3.8/site-packages/airflow/example_dags/tutorial_taskflow_api_virtualenv.py
[2024-04-07T15:12:07.633+0000] {logging_mixin.py:188} INFO - [2024-04-07T15:12:07.632+0000] {dag.py:3047} INFO - Sync 1 DAGs
[2024-04-07T15:12:07.680+0000] {logging_mixin.py:188} INFO - [2024-04-07T15:12:07.679+0000] {dag.py:3834} INFO - Setting next_dagrun for tutorial_taskflow_api_virtualenv to None, run_after=None
[2024-04-07T15:12:07.751+0000] {processor.py:183} INFO - Processing /home/airflow/.local/lib/python3.8/site-packages/airflow/example_dags/tutorial_taskflow_api_virtualenv.py took 0.294 seconds
[2024-04-07T15:12:37.844+0000] {processor.py:161} INFO - Started process (PID=3697) to work on /home/airflow/.local/lib/python3.8/site-packages/airflow/example_dags/tutorial_taskflow_api_virtualenv.py
[2024-04-07T15:12:37.846+0000] {processor.py:830} INFO - Processing file /home/airflow/.local/lib/python3.8/site-packages/airflow/example_dags/tutorial_taskflow_api_virtualenv.py for tasks to queue
[2024-04-07T15:12:37.849+0000] {logging_mixin.py:188} INFO - [2024-04-07T15:12:37.848+0000] {dagbag.py:540} INFO - Filling up the DagBag from /home/airflow/.local/lib/python3.8/site-packages/airflow/example_dags/tutorial_taskflow_api_virtualenv.py
[2024-04-07T15:12:37.866+0000] {processor.py:840} INFO - DAG(s) 'tutorial_taskflow_api_virtualenv' retrieved from /home/airflow/.local/lib/python3.8/site-packages/airflow/example_dags/tutorial_taskflow_api_virtualenv.py
[2024-04-07T15:12:37.902+0000] {logging_mixin.py:188} INFO - [2024-04-07T15:12:37.901+0000] {dag.py:3047} INFO - Sync 1 DAGs
[2024-04-07T15:12:37.925+0000] {logging_mixin.py:188} INFO - [2024-04-07T15:12:37.925+0000] {dag.py:3834} INFO - Setting next_dagrun for tutorial_taskflow_api_virtualenv to None, run_after=None
[2024-04-07T15:12:37.968+0000] {processor.py:183} INFO - Processing /home/airflow/.local/lib/python3.8/site-packages/airflow/example_dags/tutorial_taskflow_api_virtualenv.py took 0.130 seconds
[2024-04-07T15:13:08.062+0000] {processor.py:161} INFO - Started process (PID=3754) to work on /home/airflow/.local/lib/python3.8/site-packages/airflow/example_dags/tutorial_taskflow_api_virtualenv.py
[2024-04-07T15:13:08.064+0000] {processor.py:830} INFO - Processing file /home/airflow/.local/lib/python3.8/site-packages/airflow/example_dags/tutorial_taskflow_api_virtualenv.py for tasks to queue
[2024-04-07T15:13:08.067+0000] {logging_mixin.py:188} INFO - [2024-04-07T15:13:08.067+0000] {dagbag.py:540} INFO - Filling up the DagBag from /home/airflow/.local/lib/python3.8/site-packages/airflow/example_dags/tutorial_taskflow_api_virtualenv.py
[2024-04-07T15:13:08.081+0000] {processor.py:840} INFO - DAG(s) 'tutorial_taskflow_api_virtualenv' retrieved from /home/airflow/.local/lib/python3.8/site-packages/airflow/example_dags/tutorial_taskflow_api_virtualenv.py
[2024-04-07T15:13:08.117+0000] {logging_mixin.py:188} INFO - [2024-04-07T15:13:08.116+0000] {dag.py:3047} INFO - Sync 1 DAGs
[2024-04-07T15:13:08.143+0000] {logging_mixin.py:188} INFO - [2024-04-07T15:13:08.143+0000] {dag.py:3834} INFO - Setting next_dagrun for tutorial_taskflow_api_virtualenv to None, run_after=None
[2024-04-07T15:13:08.184+0000] {processor.py:183} INFO - Processing /home/airflow/.local/lib/python3.8/site-packages/airflow/example_dags/tutorial_taskflow_api_virtualenv.py took 0.127 seconds
[2024-04-07T15:13:38.326+0000] {processor.py:161} INFO - Started process (PID=3811) to work on /home/airflow/.local/lib/python3.8/site-packages/airflow/example_dags/tutorial_taskflow_api_virtualenv.py
[2024-04-07T15:13:38.328+0000] {processor.py:830} INFO - Processing file /home/airflow/.local/lib/python3.8/site-packages/airflow/example_dags/tutorial_taskflow_api_virtualenv.py for tasks to queue
[2024-04-07T15:13:38.330+0000] {logging_mixin.py:188} INFO - [2024-04-07T15:13:38.330+0000] {dagbag.py:540} INFO - Filling up the DagBag from /home/airflow/.local/lib/python3.8/site-packages/airflow/example_dags/tutorial_taskflow_api_virtualenv.py
[2024-04-07T15:13:38.345+0000] {processor.py:840} INFO - DAG(s) 'tutorial_taskflow_api_virtualenv' retrieved from /home/airflow/.local/lib/python3.8/site-packages/airflow/example_dags/tutorial_taskflow_api_virtualenv.py
[2024-04-07T15:13:38.372+0000] {logging_mixin.py:188} INFO - [2024-04-07T15:13:38.372+0000] {dag.py:3047} INFO - Sync 1 DAGs
[2024-04-07T15:13:38.391+0000] {logging_mixin.py:188} INFO - [2024-04-07T15:13:38.390+0000] {dag.py:3834} INFO - Setting next_dagrun for tutorial_taskflow_api_virtualenv to None, run_after=None
[2024-04-07T15:13:38.423+0000] {processor.py:183} INFO - Processing /home/airflow/.local/lib/python3.8/site-packages/airflow/example_dags/tutorial_taskflow_api_virtualenv.py took 0.102 seconds
[2024-04-07T15:14:08.624+0000] {processor.py:161} INFO - Started process (PID=3867) to work on /home/airflow/.local/lib/python3.8/site-packages/airflow/example_dags/tutorial_taskflow_api_virtualenv.py
[2024-04-07T15:14:08.626+0000] {processor.py:830} INFO - Processing file /home/airflow/.local/lib/python3.8/site-packages/airflow/example_dags/tutorial_taskflow_api_virtualenv.py for tasks to queue
[2024-04-07T15:14:08.628+0000] {logging_mixin.py:188} INFO - [2024-04-07T15:14:08.628+0000] {dagbag.py:540} INFO - Filling up the DagBag from /home/airflow/.local/lib/python3.8/site-packages/airflow/example_dags/tutorial_taskflow_api_virtualenv.py
[2024-04-07T15:14:08.644+0000] {processor.py:840} INFO - DAG(s) 'tutorial_taskflow_api_virtualenv' retrieved from /home/airflow/.local/lib/python3.8/site-packages/airflow/example_dags/tutorial_taskflow_api_virtualenv.py
[2024-04-07T15:14:08.679+0000] {logging_mixin.py:188} INFO - [2024-04-07T15:14:08.678+0000] {dag.py:3047} INFO - Sync 1 DAGs
[2024-04-07T15:14:08.702+0000] {logging_mixin.py:188} INFO - [2024-04-07T15:14:08.702+0000] {dag.py:3834} INFO - Setting next_dagrun for tutorial_taskflow_api_virtualenv to None, run_after=None
[2024-04-07T15:14:08.734+0000] {processor.py:183} INFO - Processing /home/airflow/.local/lib/python3.8/site-packages/airflow/example_dags/tutorial_taskflow_api_virtualenv.py took 0.116 seconds
[2024-04-07T15:14:39.006+0000] {processor.py:161} INFO - Started process (PID=3924) to work on /home/airflow/.local/lib/python3.8/site-packages/airflow/example_dags/tutorial_taskflow_api_virtualenv.py
[2024-04-07T15:14:39.008+0000] {processor.py:830} INFO - Processing file /home/airflow/.local/lib/python3.8/site-packages/airflow/example_dags/tutorial_taskflow_api_virtualenv.py for tasks to queue
[2024-04-07T15:14:39.010+0000] {logging_mixin.py:188} INFO - [2024-04-07T15:14:39.010+0000] {dagbag.py:540} INFO - Filling up the DagBag from /home/airflow/.local/lib/python3.8/site-packages/airflow/example_dags/tutorial_taskflow_api_virtualenv.py
[2024-04-07T15:14:39.027+0000] {processor.py:840} INFO - DAG(s) 'tutorial_taskflow_api_virtualenv' retrieved from /home/airflow/.local/lib/python3.8/site-packages/airflow/example_dags/tutorial_taskflow_api_virtualenv.py
[2024-04-07T15:14:39.058+0000] {logging_mixin.py:188} INFO - [2024-04-07T15:14:39.058+0000] {dag.py:3047} INFO - Sync 1 DAGs
[2024-04-07T15:14:39.079+0000] {logging_mixin.py:188} INFO - [2024-04-07T15:14:39.079+0000] {dag.py:3834} INFO - Setting next_dagrun for tutorial_taskflow_api_virtualenv to None, run_after=None
[2024-04-07T15:14:39.139+0000] {processor.py:183} INFO - Processing /home/airflow/.local/lib/python3.8/site-packages/airflow/example_dags/tutorial_taskflow_api_virtualenv.py took 0.139 seconds
[2024-04-07T15:15:09.985+0000] {processor.py:161} INFO - Started process (PID=3981) to work on /home/airflow/.local/lib/python3.8/site-packages/airflow/example_dags/tutorial_taskflow_api_virtualenv.py
[2024-04-07T15:15:09.987+0000] {processor.py:830} INFO - Processing file /home/airflow/.local/lib/python3.8/site-packages/airflow/example_dags/tutorial_taskflow_api_virtualenv.py for tasks to queue
[2024-04-07T15:15:09.991+0000] {logging_mixin.py:188} INFO - [2024-04-07T15:15:09.990+0000] {dagbag.py:540} INFO - Filling up the DagBag from /home/airflow/.local/lib/python3.8/site-packages/airflow/example_dags/tutorial_taskflow_api_virtualenv.py
[2024-04-07T15:15:10.010+0000] {processor.py:840} INFO - DAG(s) 'tutorial_taskflow_api_virtualenv' retrieved from /home/airflow/.local/lib/python3.8/site-packages/airflow/example_dags/tutorial_taskflow_api_virtualenv.py
[2024-04-07T15:15:10.046+0000] {logging_mixin.py:188} INFO - [2024-04-07T15:15:10.046+0000] {dag.py:3047} INFO - Sync 1 DAGs
[2024-04-07T15:15:10.065+0000] {logging_mixin.py:188} INFO - [2024-04-07T15:15:10.064+0000] {dag.py:3834} INFO - Setting next_dagrun for tutorial_taskflow_api_virtualenv to None, run_after=None
[2024-04-07T15:15:10.100+0000] {processor.py:183} INFO - Processing /home/airflow/.local/lib/python3.8/site-packages/airflow/example_dags/tutorial_taskflow_api_virtualenv.py took 0.120 seconds
