[2024-04-07T14:39:19.630+0000] {processor.py:161} INFO - Started process (PID=55) to work on /home/airflow/.local/lib/python3.8/site-packages/airflow/example_dags/tutorial_taskflow_api.py
[2024-04-07T14:39:19.635+0000] {processor.py:830} INFO - Processing file /home/airflow/.local/lib/python3.8/site-packages/airflow/example_dags/tutorial_taskflow_api.py for tasks to queue
[2024-04-07T14:39:19.642+0000] {logging_mixin.py:188} INFO - [2024-04-07T14:39:19.640+0000] {dagbag.py:540} INFO - Filling up the DagBag from /home/airflow/.local/lib/python3.8/site-packages/airflow/example_dags/tutorial_taskflow_api.py
[2024-04-07T14:39:19.975+0000] {processor.py:840} INFO - DAG(s) 'tutorial_taskflow_api' retrieved from /home/airflow/.local/lib/python3.8/site-packages/airflow/example_dags/tutorial_taskflow_api.py
[2024-04-07T14:39:20.198+0000] {logging_mixin.py:188} INFO - [2024-04-07T14:39:20.198+0000] {dag.py:3047} INFO - Sync 1 DAGs
[2024-04-07T14:39:20.277+0000] {logging_mixin.py:188} INFO - [2024-04-07T14:39:20.276+0000] {dag.py:3834} INFO - Setting next_dagrun for tutorial_taskflow_api to None, run_after=None
[2024-04-07T14:39:20.878+0000] {processor.py:183} INFO - Processing /home/airflow/.local/lib/python3.8/site-packages/airflow/example_dags/tutorial_taskflow_api.py took 1.268 seconds
[2024-04-07T14:39:52.754+0000] {processor.py:161} INFO - Started process (PID=112) to work on /home/airflow/.local/lib/python3.8/site-packages/airflow/example_dags/tutorial_taskflow_api.py
[2024-04-07T14:39:52.757+0000] {processor.py:830} INFO - Processing file /home/airflow/.local/lib/python3.8/site-packages/airflow/example_dags/tutorial_taskflow_api.py for tasks to queue
[2024-04-07T14:39:52.761+0000] {logging_mixin.py:188} INFO - [2024-04-07T14:39:52.760+0000] {dagbag.py:540} INFO - Filling up the DagBag from /home/airflow/.local/lib/python3.8/site-packages/airflow/example_dags/tutorial_taskflow_api.py
[2024-04-07T14:39:52.776+0000] {processor.py:840} INFO - DAG(s) 'tutorial_taskflow_api' retrieved from /home/airflow/.local/lib/python3.8/site-packages/airflow/example_dags/tutorial_taskflow_api.py
[2024-04-07T14:39:52.837+0000] {logging_mixin.py:188} INFO - [2024-04-07T14:39:52.837+0000] {dag.py:3047} INFO - Sync 1 DAGs
[2024-04-07T14:39:52.884+0000] {logging_mixin.py:188} INFO - [2024-04-07T14:39:52.876+0000] {dag.py:3834} INFO - Setting next_dagrun for tutorial_taskflow_api to None, run_after=None
[2024-04-07T14:39:52.976+0000] {processor.py:183} INFO - Processing /home/airflow/.local/lib/python3.8/site-packages/airflow/example_dags/tutorial_taskflow_api.py took 0.230 seconds
[2024-04-07T14:40:26.884+0000] {processor.py:161} INFO - Started process (PID=169) to work on /home/airflow/.local/lib/python3.8/site-packages/airflow/example_dags/tutorial_taskflow_api.py
[2024-04-07T14:40:26.897+0000] {processor.py:830} INFO - Processing file /home/airflow/.local/lib/python3.8/site-packages/airflow/example_dags/tutorial_taskflow_api.py for tasks to queue
[2024-04-07T14:40:26.912+0000] {logging_mixin.py:188} INFO - [2024-04-07T14:40:26.912+0000] {dagbag.py:540} INFO - Filling up the DagBag from /home/airflow/.local/lib/python3.8/site-packages/airflow/example_dags/tutorial_taskflow_api.py
[2024-04-07T14:40:26.947+0000] {processor.py:840} INFO - DAG(s) 'tutorial_taskflow_api' retrieved from /home/airflow/.local/lib/python3.8/site-packages/airflow/example_dags/tutorial_taskflow_api.py
[2024-04-07T14:40:27.029+0000] {logging_mixin.py:188} INFO - [2024-04-07T14:40:27.028+0000] {dag.py:3047} INFO - Sync 1 DAGs
[2024-04-07T14:40:27.110+0000] {logging_mixin.py:188} INFO - [2024-04-07T14:40:27.109+0000] {dag.py:3834} INFO - Setting next_dagrun for tutorial_taskflow_api to None, run_after=None
[2024-04-07T14:40:27.179+0000] {processor.py:183} INFO - Processing /home/airflow/.local/lib/python3.8/site-packages/airflow/example_dags/tutorial_taskflow_api.py took 0.303 seconds
[2024-04-07T14:40:57.848+0000] {processor.py:161} INFO - Started process (PID=226) to work on /home/airflow/.local/lib/python3.8/site-packages/airflow/example_dags/tutorial_taskflow_api.py
[2024-04-07T14:40:57.852+0000] {processor.py:830} INFO - Processing file /home/airflow/.local/lib/python3.8/site-packages/airflow/example_dags/tutorial_taskflow_api.py for tasks to queue
[2024-04-07T14:40:57.863+0000] {logging_mixin.py:188} INFO - [2024-04-07T14:40:57.863+0000] {dagbag.py:540} INFO - Filling up the DagBag from /home/airflow/.local/lib/python3.8/site-packages/airflow/example_dags/tutorial_taskflow_api.py
[2024-04-07T14:40:57.877+0000] {processor.py:840} INFO - DAG(s) 'tutorial_taskflow_api' retrieved from /home/airflow/.local/lib/python3.8/site-packages/airflow/example_dags/tutorial_taskflow_api.py
[2024-04-07T14:40:57.967+0000] {logging_mixin.py:188} INFO - [2024-04-07T14:40:57.967+0000] {dag.py:3047} INFO - Sync 1 DAGs
[2024-04-07T14:40:58.009+0000] {logging_mixin.py:188} INFO - [2024-04-07T14:40:58.008+0000] {dag.py:3834} INFO - Setting next_dagrun for tutorial_taskflow_api to None, run_after=None
[2024-04-07T14:40:58.140+0000] {processor.py:183} INFO - Processing /home/airflow/.local/lib/python3.8/site-packages/airflow/example_dags/tutorial_taskflow_api.py took 0.302 seconds
[2024-04-07T14:41:32.327+0000] {processor.py:161} INFO - Started process (PID=289) to work on /home/airflow/.local/lib/python3.8/site-packages/airflow/example_dags/tutorial_taskflow_api.py
[2024-04-07T14:41:32.333+0000] {processor.py:830} INFO - Processing file /home/airflow/.local/lib/python3.8/site-packages/airflow/example_dags/tutorial_taskflow_api.py for tasks to queue
[2024-04-07T14:41:32.339+0000] {logging_mixin.py:188} INFO - [2024-04-07T14:41:32.338+0000] {dagbag.py:540} INFO - Filling up the DagBag from /home/airflow/.local/lib/python3.8/site-packages/airflow/example_dags/tutorial_taskflow_api.py
[2024-04-07T14:41:32.369+0000] {processor.py:840} INFO - DAG(s) 'tutorial_taskflow_api' retrieved from /home/airflow/.local/lib/python3.8/site-packages/airflow/example_dags/tutorial_taskflow_api.py
[2024-04-07T14:41:32.414+0000] {logging_mixin.py:188} INFO - [2024-04-07T14:41:32.414+0000] {dag.py:3047} INFO - Sync 1 DAGs
[2024-04-07T14:41:32.436+0000] {logging_mixin.py:188} INFO - [2024-04-07T14:41:32.435+0000] {dag.py:3834} INFO - Setting next_dagrun for tutorial_taskflow_api to None, run_after=None
[2024-04-07T14:41:33.128+0000] {processor.py:183} INFO - Processing /home/airflow/.local/lib/python3.8/site-packages/airflow/example_dags/tutorial_taskflow_api.py took 0.813 seconds
[2024-04-07T14:42:04.961+0000] {processor.py:161} INFO - Started process (PID=346) to work on /home/airflow/.local/lib/python3.8/site-packages/airflow/example_dags/tutorial_taskflow_api.py
[2024-04-07T14:42:04.965+0000] {processor.py:830} INFO - Processing file /home/airflow/.local/lib/python3.8/site-packages/airflow/example_dags/tutorial_taskflow_api.py for tasks to queue
[2024-04-07T14:42:04.970+0000] {logging_mixin.py:188} INFO - [2024-04-07T14:42:04.969+0000] {dagbag.py:540} INFO - Filling up the DagBag from /home/airflow/.local/lib/python3.8/site-packages/airflow/example_dags/tutorial_taskflow_api.py
[2024-04-07T14:42:04.989+0000] {processor.py:840} INFO - DAG(s) 'tutorial_taskflow_api' retrieved from /home/airflow/.local/lib/python3.8/site-packages/airflow/example_dags/tutorial_taskflow_api.py
[2024-04-07T14:42:05.065+0000] {logging_mixin.py:188} INFO - [2024-04-07T14:42:05.065+0000] {dag.py:3047} INFO - Sync 1 DAGs
[2024-04-07T14:42:05.117+0000] {logging_mixin.py:188} INFO - [2024-04-07T14:42:05.116+0000] {dag.py:3834} INFO - Setting next_dagrun for tutorial_taskflow_api to None, run_after=None
[2024-04-07T14:42:05.216+0000] {processor.py:183} INFO - Processing /home/airflow/.local/lib/python3.8/site-packages/airflow/example_dags/tutorial_taskflow_api.py took 0.262 seconds
[2024-04-07T14:42:35.642+0000] {processor.py:161} INFO - Started process (PID=403) to work on /home/airflow/.local/lib/python3.8/site-packages/airflow/example_dags/tutorial_taskflow_api.py
[2024-04-07T14:42:35.644+0000] {processor.py:830} INFO - Processing file /home/airflow/.local/lib/python3.8/site-packages/airflow/example_dags/tutorial_taskflow_api.py for tasks to queue
[2024-04-07T14:42:35.648+0000] {logging_mixin.py:188} INFO - [2024-04-07T14:42:35.647+0000] {dagbag.py:540} INFO - Filling up the DagBag from /home/airflow/.local/lib/python3.8/site-packages/airflow/example_dags/tutorial_taskflow_api.py
[2024-04-07T14:42:35.670+0000] {processor.py:840} INFO - DAG(s) 'tutorial_taskflow_api' retrieved from /home/airflow/.local/lib/python3.8/site-packages/airflow/example_dags/tutorial_taskflow_api.py
[2024-04-07T14:42:35.740+0000] {logging_mixin.py:188} INFO - [2024-04-07T14:42:35.740+0000] {dag.py:3047} INFO - Sync 1 DAGs
[2024-04-07T14:42:35.773+0000] {logging_mixin.py:188} INFO - [2024-04-07T14:42:35.772+0000] {dag.py:3834} INFO - Setting next_dagrun for tutorial_taskflow_api to None, run_after=None
[2024-04-07T14:42:35.841+0000] {processor.py:183} INFO - Processing /home/airflow/.local/lib/python3.8/site-packages/airflow/example_dags/tutorial_taskflow_api.py took 0.209 seconds
[2024-04-07T14:43:07.654+0000] {processor.py:161} INFO - Started process (PID=461) to work on /home/airflow/.local/lib/python3.8/site-packages/airflow/example_dags/tutorial_taskflow_api.py
[2024-04-07T14:43:07.656+0000] {processor.py:830} INFO - Processing file /home/airflow/.local/lib/python3.8/site-packages/airflow/example_dags/tutorial_taskflow_api.py for tasks to queue
[2024-04-07T14:43:07.660+0000] {logging_mixin.py:188} INFO - [2024-04-07T14:43:07.659+0000] {dagbag.py:540} INFO - Filling up the DagBag from /home/airflow/.local/lib/python3.8/site-packages/airflow/example_dags/tutorial_taskflow_api.py
[2024-04-07T14:43:07.694+0000] {processor.py:840} INFO - DAG(s) 'tutorial_taskflow_api' retrieved from /home/airflow/.local/lib/python3.8/site-packages/airflow/example_dags/tutorial_taskflow_api.py
[2024-04-07T14:43:07.795+0000] {logging_mixin.py:188} INFO - [2024-04-07T14:43:07.795+0000] {dag.py:3047} INFO - Sync 1 DAGs
[2024-04-07T14:43:07.866+0000] {logging_mixin.py:188} INFO - [2024-04-07T14:43:07.865+0000] {dag.py:3834} INFO - Setting next_dagrun for tutorial_taskflow_api to None, run_after=None
[2024-04-07T14:43:07.942+0000] {processor.py:183} INFO - Processing /home/airflow/.local/lib/python3.8/site-packages/airflow/example_dags/tutorial_taskflow_api.py took 0.296 seconds
[2024-04-07T14:43:39.094+0000] {processor.py:161} INFO - Started process (PID=518) to work on /home/airflow/.local/lib/python3.8/site-packages/airflow/example_dags/tutorial_taskflow_api.py
[2024-04-07T14:43:39.096+0000] {processor.py:830} INFO - Processing file /home/airflow/.local/lib/python3.8/site-packages/airflow/example_dags/tutorial_taskflow_api.py for tasks to queue
[2024-04-07T14:43:39.100+0000] {logging_mixin.py:188} INFO - [2024-04-07T14:43:39.099+0000] {dagbag.py:540} INFO - Filling up the DagBag from /home/airflow/.local/lib/python3.8/site-packages/airflow/example_dags/tutorial_taskflow_api.py
[2024-04-07T14:43:39.114+0000] {processor.py:840} INFO - DAG(s) 'tutorial_taskflow_api' retrieved from /home/airflow/.local/lib/python3.8/site-packages/airflow/example_dags/tutorial_taskflow_api.py
[2024-04-07T14:43:39.163+0000] {logging_mixin.py:188} INFO - [2024-04-07T14:43:39.163+0000] {dag.py:3047} INFO - Sync 1 DAGs
[2024-04-07T14:43:39.228+0000] {logging_mixin.py:188} INFO - [2024-04-07T14:43:39.228+0000] {dag.py:3834} INFO - Setting next_dagrun for tutorial_taskflow_api to None, run_after=None
[2024-04-07T14:43:39.455+0000] {processor.py:183} INFO - Processing /home/airflow/.local/lib/python3.8/site-packages/airflow/example_dags/tutorial_taskflow_api.py took 0.366 seconds
[2024-04-07T14:44:09.655+0000] {processor.py:161} INFO - Started process (PID=575) to work on /home/airflow/.local/lib/python3.8/site-packages/airflow/example_dags/tutorial_taskflow_api.py
[2024-04-07T14:44:09.668+0000] {processor.py:830} INFO - Processing file /home/airflow/.local/lib/python3.8/site-packages/airflow/example_dags/tutorial_taskflow_api.py for tasks to queue
[2024-04-07T14:44:09.681+0000] {logging_mixin.py:188} INFO - [2024-04-07T14:44:09.672+0000] {dagbag.py:540} INFO - Filling up the DagBag from /home/airflow/.local/lib/python3.8/site-packages/airflow/example_dags/tutorial_taskflow_api.py
[2024-04-07T14:44:09.698+0000] {processor.py:840} INFO - DAG(s) 'tutorial_taskflow_api' retrieved from /home/airflow/.local/lib/python3.8/site-packages/airflow/example_dags/tutorial_taskflow_api.py
[2024-04-07T14:44:09.776+0000] {logging_mixin.py:188} INFO - [2024-04-07T14:44:09.775+0000] {dag.py:3047} INFO - Sync 1 DAGs
[2024-04-07T14:44:09.823+0000] {logging_mixin.py:188} INFO - [2024-04-07T14:44:09.822+0000] {dag.py:3834} INFO - Setting next_dagrun for tutorial_taskflow_api to None, run_after=None
[2024-04-07T14:44:09.872+0000] {processor.py:183} INFO - Processing /home/airflow/.local/lib/python3.8/site-packages/airflow/example_dags/tutorial_taskflow_api.py took 0.225 seconds
[2024-04-07T14:44:46.105+0000] {processor.py:161} INFO - Started process (PID=630) to work on /home/airflow/.local/lib/python3.8/site-packages/airflow/example_dags/tutorial_taskflow_api.py
[2024-04-07T14:44:46.113+0000] {processor.py:830} INFO - Processing file /home/airflow/.local/lib/python3.8/site-packages/airflow/example_dags/tutorial_taskflow_api.py for tasks to queue
[2024-04-07T14:44:46.129+0000] {logging_mixin.py:188} INFO - [2024-04-07T14:44:46.128+0000] {dagbag.py:540} INFO - Filling up the DagBag from /home/airflow/.local/lib/python3.8/site-packages/airflow/example_dags/tutorial_taskflow_api.py
[2024-04-07T14:44:46.156+0000] {processor.py:840} INFO - DAG(s) 'tutorial_taskflow_api' retrieved from /home/airflow/.local/lib/python3.8/site-packages/airflow/example_dags/tutorial_taskflow_api.py
[2024-04-07T14:44:46.266+0000] {logging_mixin.py:188} INFO - [2024-04-07T14:44:46.266+0000] {dag.py:3047} INFO - Sync 1 DAGs
[2024-04-07T14:44:46.428+0000] {logging_mixin.py:188} INFO - [2024-04-07T14:44:46.428+0000] {dag.py:3834} INFO - Setting next_dagrun for tutorial_taskflow_api to None, run_after=None
[2024-04-07T14:44:46.683+0000] {processor.py:183} INFO - Processing /home/airflow/.local/lib/python3.8/site-packages/airflow/example_dags/tutorial_taskflow_api.py took 0.595 seconds
[2024-04-07T14:45:16.803+0000] {processor.py:161} INFO - Started process (PID=687) to work on /home/airflow/.local/lib/python3.8/site-packages/airflow/example_dags/tutorial_taskflow_api.py
[2024-04-07T14:45:16.805+0000] {processor.py:830} INFO - Processing file /home/airflow/.local/lib/python3.8/site-packages/airflow/example_dags/tutorial_taskflow_api.py for tasks to queue
[2024-04-07T14:45:16.809+0000] {logging_mixin.py:188} INFO - [2024-04-07T14:45:16.808+0000] {dagbag.py:540} INFO - Filling up the DagBag from /home/airflow/.local/lib/python3.8/site-packages/airflow/example_dags/tutorial_taskflow_api.py
[2024-04-07T14:45:16.819+0000] {processor.py:840} INFO - DAG(s) 'tutorial_taskflow_api' retrieved from /home/airflow/.local/lib/python3.8/site-packages/airflow/example_dags/tutorial_taskflow_api.py
[2024-04-07T14:45:16.851+0000] {logging_mixin.py:188} INFO - [2024-04-07T14:45:16.850+0000] {dag.py:3047} INFO - Sync 1 DAGs
[2024-04-07T14:45:16.872+0000] {logging_mixin.py:188} INFO - [2024-04-07T14:45:16.871+0000] {dag.py:3834} INFO - Setting next_dagrun for tutorial_taskflow_api to None, run_after=None
[2024-04-07T14:45:16.902+0000] {processor.py:183} INFO - Processing /home/airflow/.local/lib/python3.8/site-packages/airflow/example_dags/tutorial_taskflow_api.py took 0.105 seconds
[2024-04-07T14:45:47.314+0000] {processor.py:161} INFO - Started process (PID=744) to work on /home/airflow/.local/lib/python3.8/site-packages/airflow/example_dags/tutorial_taskflow_api.py
[2024-04-07T14:45:47.316+0000] {processor.py:830} INFO - Processing file /home/airflow/.local/lib/python3.8/site-packages/airflow/example_dags/tutorial_taskflow_api.py for tasks to queue
[2024-04-07T14:45:47.319+0000] {logging_mixin.py:188} INFO - [2024-04-07T14:45:47.319+0000] {dagbag.py:540} INFO - Filling up the DagBag from /home/airflow/.local/lib/python3.8/site-packages/airflow/example_dags/tutorial_taskflow_api.py
[2024-04-07T14:45:47.333+0000] {processor.py:840} INFO - DAG(s) 'tutorial_taskflow_api' retrieved from /home/airflow/.local/lib/python3.8/site-packages/airflow/example_dags/tutorial_taskflow_api.py
[2024-04-07T14:45:47.376+0000] {logging_mixin.py:188} INFO - [2024-04-07T14:45:47.376+0000] {dag.py:3047} INFO - Sync 1 DAGs
[2024-04-07T14:45:47.416+0000] {logging_mixin.py:188} INFO - [2024-04-07T14:45:47.415+0000] {dag.py:3834} INFO - Setting next_dagrun for tutorial_taskflow_api to None, run_after=None
[2024-04-07T14:45:47.471+0000] {processor.py:183} INFO - Processing /home/airflow/.local/lib/python3.8/site-packages/airflow/example_dags/tutorial_taskflow_api.py took 0.167 seconds
[2024-04-07T14:46:17.749+0000] {processor.py:161} INFO - Started process (PID=801) to work on /home/airflow/.local/lib/python3.8/site-packages/airflow/example_dags/tutorial_taskflow_api.py
[2024-04-07T14:46:17.754+0000] {processor.py:830} INFO - Processing file /home/airflow/.local/lib/python3.8/site-packages/airflow/example_dags/tutorial_taskflow_api.py for tasks to queue
[2024-04-07T14:46:17.758+0000] {logging_mixin.py:188} INFO - [2024-04-07T14:46:17.758+0000] {dagbag.py:540} INFO - Filling up the DagBag from /home/airflow/.local/lib/python3.8/site-packages/airflow/example_dags/tutorial_taskflow_api.py
[2024-04-07T14:46:17.769+0000] {processor.py:840} INFO - DAG(s) 'tutorial_taskflow_api' retrieved from /home/airflow/.local/lib/python3.8/site-packages/airflow/example_dags/tutorial_taskflow_api.py
[2024-04-07T14:46:17.807+0000] {logging_mixin.py:188} INFO - [2024-04-07T14:46:17.806+0000] {dag.py:3047} INFO - Sync 1 DAGs
[2024-04-07T14:46:17.830+0000] {logging_mixin.py:188} INFO - [2024-04-07T14:46:17.830+0000] {dag.py:3834} INFO - Setting next_dagrun for tutorial_taskflow_api to None, run_after=None
[2024-04-07T14:46:17.888+0000] {processor.py:183} INFO - Processing /home/airflow/.local/lib/python3.8/site-packages/airflow/example_dags/tutorial_taskflow_api.py took 0.145 seconds
[2024-04-07T14:46:48.248+0000] {processor.py:161} INFO - Started process (PID=858) to work on /home/airflow/.local/lib/python3.8/site-packages/airflow/example_dags/tutorial_taskflow_api.py
[2024-04-07T14:46:48.251+0000] {processor.py:830} INFO - Processing file /home/airflow/.local/lib/python3.8/site-packages/airflow/example_dags/tutorial_taskflow_api.py for tasks to queue
[2024-04-07T14:46:48.260+0000] {logging_mixin.py:188} INFO - [2024-04-07T14:46:48.258+0000] {dagbag.py:540} INFO - Filling up the DagBag from /home/airflow/.local/lib/python3.8/site-packages/airflow/example_dags/tutorial_taskflow_api.py
[2024-04-07T14:46:48.278+0000] {processor.py:840} INFO - DAG(s) 'tutorial_taskflow_api' retrieved from /home/airflow/.local/lib/python3.8/site-packages/airflow/example_dags/tutorial_taskflow_api.py
[2024-04-07T14:46:48.342+0000] {logging_mixin.py:188} INFO - [2024-04-07T14:46:48.342+0000] {dag.py:3047} INFO - Sync 1 DAGs
[2024-04-07T14:46:48.379+0000] {logging_mixin.py:188} INFO - [2024-04-07T14:46:48.378+0000] {dag.py:3834} INFO - Setting next_dagrun for tutorial_taskflow_api to None, run_after=None
[2024-04-07T14:46:48.436+0000] {processor.py:183} INFO - Processing /home/airflow/.local/lib/python3.8/site-packages/airflow/example_dags/tutorial_taskflow_api.py took 0.193 seconds
[2024-04-07T14:47:19.735+0000] {processor.py:161} INFO - Started process (PID=915) to work on /home/airflow/.local/lib/python3.8/site-packages/airflow/example_dags/tutorial_taskflow_api.py
[2024-04-07T14:47:19.737+0000] {processor.py:830} INFO - Processing file /home/airflow/.local/lib/python3.8/site-packages/airflow/example_dags/tutorial_taskflow_api.py for tasks to queue
[2024-04-07T14:47:19.742+0000] {logging_mixin.py:188} INFO - [2024-04-07T14:47:19.741+0000] {dagbag.py:540} INFO - Filling up the DagBag from /home/airflow/.local/lib/python3.8/site-packages/airflow/example_dags/tutorial_taskflow_api.py
[2024-04-07T14:47:19.758+0000] {processor.py:840} INFO - DAG(s) 'tutorial_taskflow_api' retrieved from /home/airflow/.local/lib/python3.8/site-packages/airflow/example_dags/tutorial_taskflow_api.py
[2024-04-07T14:47:19.809+0000] {logging_mixin.py:188} INFO - [2024-04-07T14:47:19.809+0000] {dag.py:3047} INFO - Sync 1 DAGs
[2024-04-07T14:47:19.844+0000] {logging_mixin.py:188} INFO - [2024-04-07T14:47:19.843+0000] {dag.py:3834} INFO - Setting next_dagrun for tutorial_taskflow_api to None, run_after=None
[2024-04-07T14:47:19.911+0000] {processor.py:183} INFO - Processing /home/airflow/.local/lib/python3.8/site-packages/airflow/example_dags/tutorial_taskflow_api.py took 0.183 seconds
[2024-04-07T14:47:50.302+0000] {processor.py:161} INFO - Started process (PID=971) to work on /home/airflow/.local/lib/python3.8/site-packages/airflow/example_dags/tutorial_taskflow_api.py
[2024-04-07T14:47:50.305+0000] {processor.py:830} INFO - Processing file /home/airflow/.local/lib/python3.8/site-packages/airflow/example_dags/tutorial_taskflow_api.py for tasks to queue
[2024-04-07T14:47:50.313+0000] {logging_mixin.py:188} INFO - [2024-04-07T14:47:50.312+0000] {dagbag.py:540} INFO - Filling up the DagBag from /home/airflow/.local/lib/python3.8/site-packages/airflow/example_dags/tutorial_taskflow_api.py
[2024-04-07T14:47:50.330+0000] {processor.py:840} INFO - DAG(s) 'tutorial_taskflow_api' retrieved from /home/airflow/.local/lib/python3.8/site-packages/airflow/example_dags/tutorial_taskflow_api.py
[2024-04-07T14:47:50.388+0000] {logging_mixin.py:188} INFO - [2024-04-07T14:47:50.385+0000] {dag.py:3047} INFO - Sync 1 DAGs
[2024-04-07T14:47:50.428+0000] {logging_mixin.py:188} INFO - [2024-04-07T14:47:50.428+0000] {dag.py:3834} INFO - Setting next_dagrun for tutorial_taskflow_api to None, run_after=None
[2024-04-07T14:47:50.494+0000] {processor.py:183} INFO - Processing /home/airflow/.local/lib/python3.8/site-packages/airflow/example_dags/tutorial_taskflow_api.py took 0.198 seconds
[2024-04-07T14:48:20.804+0000] {processor.py:161} INFO - Started process (PID=1028) to work on /home/airflow/.local/lib/python3.8/site-packages/airflow/example_dags/tutorial_taskflow_api.py
[2024-04-07T14:48:20.807+0000] {processor.py:830} INFO - Processing file /home/airflow/.local/lib/python3.8/site-packages/airflow/example_dags/tutorial_taskflow_api.py for tasks to queue
[2024-04-07T14:48:20.815+0000] {logging_mixin.py:188} INFO - [2024-04-07T14:48:20.814+0000] {dagbag.py:540} INFO - Filling up the DagBag from /home/airflow/.local/lib/python3.8/site-packages/airflow/example_dags/tutorial_taskflow_api.py
[2024-04-07T14:48:20.825+0000] {processor.py:840} INFO - DAG(s) 'tutorial_taskflow_api' retrieved from /home/airflow/.local/lib/python3.8/site-packages/airflow/example_dags/tutorial_taskflow_api.py
[2024-04-07T14:48:20.872+0000] {logging_mixin.py:188} INFO - [2024-04-07T14:48:20.871+0000] {dag.py:3047} INFO - Sync 1 DAGs
[2024-04-07T14:48:20.899+0000] {logging_mixin.py:188} INFO - [2024-04-07T14:48:20.899+0000] {dag.py:3834} INFO - Setting next_dagrun for tutorial_taskflow_api to None, run_after=None
[2024-04-07T14:48:20.945+0000] {processor.py:183} INFO - Processing /home/airflow/.local/lib/python3.8/site-packages/airflow/example_dags/tutorial_taskflow_api.py took 0.148 seconds
[2024-04-07T14:48:51.831+0000] {processor.py:161} INFO - Started process (PID=1085) to work on /home/airflow/.local/lib/python3.8/site-packages/airflow/example_dags/tutorial_taskflow_api.py
[2024-04-07T14:48:51.834+0000] {processor.py:830} INFO - Processing file /home/airflow/.local/lib/python3.8/site-packages/airflow/example_dags/tutorial_taskflow_api.py for tasks to queue
[2024-04-07T14:48:51.840+0000] {logging_mixin.py:188} INFO - [2024-04-07T14:48:51.839+0000] {dagbag.py:540} INFO - Filling up the DagBag from /home/airflow/.local/lib/python3.8/site-packages/airflow/example_dags/tutorial_taskflow_api.py
[2024-04-07T14:48:51.856+0000] {processor.py:840} INFO - DAG(s) 'tutorial_taskflow_api' retrieved from /home/airflow/.local/lib/python3.8/site-packages/airflow/example_dags/tutorial_taskflow_api.py
[2024-04-07T14:48:51.907+0000] {logging_mixin.py:188} INFO - [2024-04-07T14:48:51.907+0000] {dag.py:3047} INFO - Sync 1 DAGs
[2024-04-07T14:48:51.939+0000] {logging_mixin.py:188} INFO - [2024-04-07T14:48:51.939+0000] {dag.py:3834} INFO - Setting next_dagrun for tutorial_taskflow_api to None, run_after=None
[2024-04-07T14:48:51.985+0000] {processor.py:183} INFO - Processing /home/airflow/.local/lib/python3.8/site-packages/airflow/example_dags/tutorial_taskflow_api.py took 0.165 seconds
[2024-04-07T14:49:22.602+0000] {processor.py:161} INFO - Started process (PID=1142) to work on /home/airflow/.local/lib/python3.8/site-packages/airflow/example_dags/tutorial_taskflow_api.py
[2024-04-07T14:49:22.604+0000] {processor.py:830} INFO - Processing file /home/airflow/.local/lib/python3.8/site-packages/airflow/example_dags/tutorial_taskflow_api.py for tasks to queue
[2024-04-07T14:49:22.608+0000] {logging_mixin.py:188} INFO - [2024-04-07T14:49:22.607+0000] {dagbag.py:540} INFO - Filling up the DagBag from /home/airflow/.local/lib/python3.8/site-packages/airflow/example_dags/tutorial_taskflow_api.py
[2024-04-07T14:49:22.623+0000] {processor.py:840} INFO - DAG(s) 'tutorial_taskflow_api' retrieved from /home/airflow/.local/lib/python3.8/site-packages/airflow/example_dags/tutorial_taskflow_api.py
[2024-04-07T14:49:22.689+0000] {logging_mixin.py:188} INFO - [2024-04-07T14:49:22.687+0000] {dag.py:3047} INFO - Sync 1 DAGs
[2024-04-07T14:49:22.720+0000] {logging_mixin.py:188} INFO - [2024-04-07T14:49:22.720+0000] {dag.py:3834} INFO - Setting next_dagrun for tutorial_taskflow_api to None, run_after=None
[2024-04-07T14:49:22.801+0000] {processor.py:183} INFO - Processing /home/airflow/.local/lib/python3.8/site-packages/airflow/example_dags/tutorial_taskflow_api.py took 0.209 seconds
[2024-04-07T14:49:54.266+0000] {processor.py:161} INFO - Started process (PID=1199) to work on /home/airflow/.local/lib/python3.8/site-packages/airflow/example_dags/tutorial_taskflow_api.py
[2024-04-07T14:49:54.269+0000] {processor.py:830} INFO - Processing file /home/airflow/.local/lib/python3.8/site-packages/airflow/example_dags/tutorial_taskflow_api.py for tasks to queue
[2024-04-07T14:49:54.272+0000] {logging_mixin.py:188} INFO - [2024-04-07T14:49:54.271+0000] {dagbag.py:540} INFO - Filling up the DagBag from /home/airflow/.local/lib/python3.8/site-packages/airflow/example_dags/tutorial_taskflow_api.py
[2024-04-07T14:49:54.281+0000] {processor.py:840} INFO - DAG(s) 'tutorial_taskflow_api' retrieved from /home/airflow/.local/lib/python3.8/site-packages/airflow/example_dags/tutorial_taskflow_api.py
[2024-04-07T14:49:54.314+0000] {logging_mixin.py:188} INFO - [2024-04-07T14:49:54.313+0000] {dag.py:3047} INFO - Sync 1 DAGs
[2024-04-07T14:49:54.334+0000] {logging_mixin.py:188} INFO - [2024-04-07T14:49:54.333+0000] {dag.py:3834} INFO - Setting next_dagrun for tutorial_taskflow_api to None, run_after=None
[2024-04-07T14:49:54.461+0000] {processor.py:183} INFO - Processing /home/airflow/.local/lib/python3.8/site-packages/airflow/example_dags/tutorial_taskflow_api.py took 0.201 seconds
[2024-04-07T14:50:26.076+0000] {processor.py:161} INFO - Started process (PID=1255) to work on /home/airflow/.local/lib/python3.8/site-packages/airflow/example_dags/tutorial_taskflow_api.py
[2024-04-07T14:50:26.088+0000] {processor.py:830} INFO - Processing file /home/airflow/.local/lib/python3.8/site-packages/airflow/example_dags/tutorial_taskflow_api.py for tasks to queue
[2024-04-07T14:50:26.092+0000] {logging_mixin.py:188} INFO - [2024-04-07T14:50:26.092+0000] {dagbag.py:540} INFO - Filling up the DagBag from /home/airflow/.local/lib/python3.8/site-packages/airflow/example_dags/tutorial_taskflow_api.py
[2024-04-07T14:50:26.119+0000] {processor.py:840} INFO - DAG(s) 'tutorial_taskflow_api' retrieved from /home/airflow/.local/lib/python3.8/site-packages/airflow/example_dags/tutorial_taskflow_api.py
[2024-04-07T14:50:26.214+0000] {logging_mixin.py:188} INFO - [2024-04-07T14:50:26.213+0000] {dag.py:3047} INFO - Sync 1 DAGs
[2024-04-07T14:50:26.290+0000] {logging_mixin.py:188} INFO - [2024-04-07T14:50:26.288+0000] {dag.py:3834} INFO - Setting next_dagrun for tutorial_taskflow_api to None, run_after=None
[2024-04-07T14:50:26.523+0000] {processor.py:183} INFO - Processing /home/airflow/.local/lib/python3.8/site-packages/airflow/example_dags/tutorial_taskflow_api.py took 0.457 seconds
[2024-04-07T14:50:57.008+0000] {processor.py:161} INFO - Started process (PID=1313) to work on /home/airflow/.local/lib/python3.8/site-packages/airflow/example_dags/tutorial_taskflow_api.py
[2024-04-07T14:50:57.011+0000] {processor.py:830} INFO - Processing file /home/airflow/.local/lib/python3.8/site-packages/airflow/example_dags/tutorial_taskflow_api.py for tasks to queue
[2024-04-07T14:50:57.018+0000] {logging_mixin.py:188} INFO - [2024-04-07T14:50:57.017+0000] {dagbag.py:540} INFO - Filling up the DagBag from /home/airflow/.local/lib/python3.8/site-packages/airflow/example_dags/tutorial_taskflow_api.py
[2024-04-07T14:50:57.035+0000] {processor.py:840} INFO - DAG(s) 'tutorial_taskflow_api' retrieved from /home/airflow/.local/lib/python3.8/site-packages/airflow/example_dags/tutorial_taskflow_api.py
[2024-04-07T14:50:57.079+0000] {logging_mixin.py:188} INFO - [2024-04-07T14:50:57.079+0000] {dag.py:3047} INFO - Sync 1 DAGs
[2024-04-07T14:50:57.113+0000] {logging_mixin.py:188} INFO - [2024-04-07T14:50:57.112+0000] {dag.py:3834} INFO - Setting next_dagrun for tutorial_taskflow_api to None, run_after=None
[2024-04-07T14:50:57.172+0000] {processor.py:183} INFO - Processing /home/airflow/.local/lib/python3.8/site-packages/airflow/example_dags/tutorial_taskflow_api.py took 0.171 seconds
[2024-04-07T14:51:27.662+0000] {processor.py:161} INFO - Started process (PID=1369) to work on /home/airflow/.local/lib/python3.8/site-packages/airflow/example_dags/tutorial_taskflow_api.py
[2024-04-07T14:51:27.666+0000] {processor.py:830} INFO - Processing file /home/airflow/.local/lib/python3.8/site-packages/airflow/example_dags/tutorial_taskflow_api.py for tasks to queue
[2024-04-07T14:51:27.672+0000] {logging_mixin.py:188} INFO - [2024-04-07T14:51:27.671+0000] {dagbag.py:540} INFO - Filling up the DagBag from /home/airflow/.local/lib/python3.8/site-packages/airflow/example_dags/tutorial_taskflow_api.py
[2024-04-07T14:51:27.693+0000] {processor.py:840} INFO - DAG(s) 'tutorial_taskflow_api' retrieved from /home/airflow/.local/lib/python3.8/site-packages/airflow/example_dags/tutorial_taskflow_api.py
[2024-04-07T14:51:27.754+0000] {logging_mixin.py:188} INFO - [2024-04-07T14:51:27.753+0000] {dag.py:3047} INFO - Sync 1 DAGs
[2024-04-07T14:51:27.785+0000] {logging_mixin.py:188} INFO - [2024-04-07T14:51:27.784+0000] {dag.py:3834} INFO - Setting next_dagrun for tutorial_taskflow_api to None, run_after=None
[2024-04-07T14:51:28.008+0000] {processor.py:183} INFO - Processing /home/airflow/.local/lib/python3.8/site-packages/airflow/example_dags/tutorial_taskflow_api.py took 0.353 seconds
[2024-04-07T14:51:58.243+0000] {processor.py:161} INFO - Started process (PID=1426) to work on /home/airflow/.local/lib/python3.8/site-packages/airflow/example_dags/tutorial_taskflow_api.py
[2024-04-07T14:51:58.257+0000] {processor.py:830} INFO - Processing file /home/airflow/.local/lib/python3.8/site-packages/airflow/example_dags/tutorial_taskflow_api.py for tasks to queue
[2024-04-07T14:51:58.274+0000] {logging_mixin.py:188} INFO - [2024-04-07T14:51:58.273+0000] {dagbag.py:540} INFO - Filling up the DagBag from /home/airflow/.local/lib/python3.8/site-packages/airflow/example_dags/tutorial_taskflow_api.py
[2024-04-07T14:51:58.310+0000] {processor.py:840} INFO - DAG(s) 'tutorial_taskflow_api' retrieved from /home/airflow/.local/lib/python3.8/site-packages/airflow/example_dags/tutorial_taskflow_api.py
[2024-04-07T14:51:58.408+0000] {logging_mixin.py:188} INFO - [2024-04-07T14:51:58.408+0000] {dag.py:3047} INFO - Sync 1 DAGs
[2024-04-07T14:51:58.487+0000] {logging_mixin.py:188} INFO - [2024-04-07T14:51:58.487+0000] {dag.py:3834} INFO - Setting next_dagrun for tutorial_taskflow_api to None, run_after=None
[2024-04-07T14:51:58.593+0000] {processor.py:183} INFO - Processing /home/airflow/.local/lib/python3.8/site-packages/airflow/example_dags/tutorial_taskflow_api.py took 0.367 seconds
[2024-04-07T14:52:28.732+0000] {processor.py:161} INFO - Started process (PID=1483) to work on /home/airflow/.local/lib/python3.8/site-packages/airflow/example_dags/tutorial_taskflow_api.py
[2024-04-07T14:52:28.735+0000] {processor.py:830} INFO - Processing file /home/airflow/.local/lib/python3.8/site-packages/airflow/example_dags/tutorial_taskflow_api.py for tasks to queue
[2024-04-07T14:52:28.740+0000] {logging_mixin.py:188} INFO - [2024-04-07T14:52:28.739+0000] {dagbag.py:540} INFO - Filling up the DagBag from /home/airflow/.local/lib/python3.8/site-packages/airflow/example_dags/tutorial_taskflow_api.py
[2024-04-07T14:52:28.762+0000] {processor.py:840} INFO - DAG(s) 'tutorial_taskflow_api' retrieved from /home/airflow/.local/lib/python3.8/site-packages/airflow/example_dags/tutorial_taskflow_api.py
[2024-04-07T14:52:28.856+0000] {logging_mixin.py:188} INFO - [2024-04-07T14:52:28.856+0000] {dag.py:3047} INFO - Sync 1 DAGs
[2024-04-07T14:52:28.882+0000] {logging_mixin.py:188} INFO - [2024-04-07T14:52:28.882+0000] {dag.py:3834} INFO - Setting next_dagrun for tutorial_taskflow_api to None, run_after=None
[2024-04-07T14:52:28.932+0000] {processor.py:183} INFO - Processing /home/airflow/.local/lib/python3.8/site-packages/airflow/example_dags/tutorial_taskflow_api.py took 0.206 seconds
[2024-04-07T14:52:59.231+0000] {processor.py:161} INFO - Started process (PID=1540) to work on /home/airflow/.local/lib/python3.8/site-packages/airflow/example_dags/tutorial_taskflow_api.py
[2024-04-07T14:52:59.236+0000] {processor.py:830} INFO - Processing file /home/airflow/.local/lib/python3.8/site-packages/airflow/example_dags/tutorial_taskflow_api.py for tasks to queue
[2024-04-07T14:52:59.241+0000] {logging_mixin.py:188} INFO - [2024-04-07T14:52:59.240+0000] {dagbag.py:540} INFO - Filling up the DagBag from /home/airflow/.local/lib/python3.8/site-packages/airflow/example_dags/tutorial_taskflow_api.py
[2024-04-07T14:52:59.259+0000] {processor.py:840} INFO - DAG(s) 'tutorial_taskflow_api' retrieved from /home/airflow/.local/lib/python3.8/site-packages/airflow/example_dags/tutorial_taskflow_api.py
[2024-04-07T14:52:59.324+0000] {logging_mixin.py:188} INFO - [2024-04-07T14:52:59.323+0000] {dag.py:3047} INFO - Sync 1 DAGs
[2024-04-07T14:52:59.426+0000] {logging_mixin.py:188} INFO - [2024-04-07T14:52:59.426+0000] {dag.py:3834} INFO - Setting next_dagrun for tutorial_taskflow_api to None, run_after=None
[2024-04-07T14:52:59.537+0000] {processor.py:183} INFO - Processing /home/airflow/.local/lib/python3.8/site-packages/airflow/example_dags/tutorial_taskflow_api.py took 0.315 seconds
[2024-04-07T14:53:30.246+0000] {processor.py:161} INFO - Started process (PID=1595) to work on /home/airflow/.local/lib/python3.8/site-packages/airflow/example_dags/tutorial_taskflow_api.py
[2024-04-07T14:53:30.249+0000] {processor.py:830} INFO - Processing file /home/airflow/.local/lib/python3.8/site-packages/airflow/example_dags/tutorial_taskflow_api.py for tasks to queue
[2024-04-07T14:53:30.254+0000] {logging_mixin.py:188} INFO - [2024-04-07T14:53:30.253+0000] {dagbag.py:540} INFO - Filling up the DagBag from /home/airflow/.local/lib/python3.8/site-packages/airflow/example_dags/tutorial_taskflow_api.py
[2024-04-07T14:53:30.291+0000] {processor.py:840} INFO - DAG(s) 'tutorial_taskflow_api' retrieved from /home/airflow/.local/lib/python3.8/site-packages/airflow/example_dags/tutorial_taskflow_api.py
[2024-04-07T14:53:30.361+0000] {logging_mixin.py:188} INFO - [2024-04-07T14:53:30.361+0000] {dag.py:3047} INFO - Sync 1 DAGs
[2024-04-07T14:53:30.394+0000] {logging_mixin.py:188} INFO - [2024-04-07T14:53:30.394+0000] {dag.py:3834} INFO - Setting next_dagrun for tutorial_taskflow_api to None, run_after=None
[2024-04-07T14:53:30.449+0000] {processor.py:183} INFO - Processing /home/airflow/.local/lib/python3.8/site-packages/airflow/example_dags/tutorial_taskflow_api.py took 0.217 seconds
[2024-04-07T14:54:00.853+0000] {processor.py:161} INFO - Started process (PID=1652) to work on /home/airflow/.local/lib/python3.8/site-packages/airflow/example_dags/tutorial_taskflow_api.py
[2024-04-07T14:54:00.857+0000] {processor.py:830} INFO - Processing file /home/airflow/.local/lib/python3.8/site-packages/airflow/example_dags/tutorial_taskflow_api.py for tasks to queue
[2024-04-07T14:54:00.862+0000] {logging_mixin.py:188} INFO - [2024-04-07T14:54:00.861+0000] {dagbag.py:540} INFO - Filling up the DagBag from /home/airflow/.local/lib/python3.8/site-packages/airflow/example_dags/tutorial_taskflow_api.py
[2024-04-07T14:54:00.878+0000] {processor.py:840} INFO - DAG(s) 'tutorial_taskflow_api' retrieved from /home/airflow/.local/lib/python3.8/site-packages/airflow/example_dags/tutorial_taskflow_api.py
[2024-04-07T14:54:00.941+0000] {logging_mixin.py:188} INFO - [2024-04-07T14:54:00.940+0000] {dag.py:3047} INFO - Sync 1 DAGs
[2024-04-07T14:54:00.963+0000] {logging_mixin.py:188} INFO - [2024-04-07T14:54:00.963+0000] {dag.py:3834} INFO - Setting next_dagrun for tutorial_taskflow_api to None, run_after=None
[2024-04-07T14:54:00.998+0000] {processor.py:183} INFO - Processing /home/airflow/.local/lib/python3.8/site-packages/airflow/example_dags/tutorial_taskflow_api.py took 0.155 seconds
[2024-04-07T14:54:31.575+0000] {processor.py:161} INFO - Started process (PID=1709) to work on /home/airflow/.local/lib/python3.8/site-packages/airflow/example_dags/tutorial_taskflow_api.py
[2024-04-07T14:54:31.578+0000] {processor.py:830} INFO - Processing file /home/airflow/.local/lib/python3.8/site-packages/airflow/example_dags/tutorial_taskflow_api.py for tasks to queue
[2024-04-07T14:54:31.581+0000] {logging_mixin.py:188} INFO - [2024-04-07T14:54:31.580+0000] {dagbag.py:540} INFO - Filling up the DagBag from /home/airflow/.local/lib/python3.8/site-packages/airflow/example_dags/tutorial_taskflow_api.py
[2024-04-07T14:54:31.592+0000] {processor.py:840} INFO - DAG(s) 'tutorial_taskflow_api' retrieved from /home/airflow/.local/lib/python3.8/site-packages/airflow/example_dags/tutorial_taskflow_api.py
[2024-04-07T14:54:31.631+0000] {logging_mixin.py:188} INFO - [2024-04-07T14:54:31.630+0000] {dag.py:3047} INFO - Sync 1 DAGs
[2024-04-07T14:54:31.653+0000] {logging_mixin.py:188} INFO - [2024-04-07T14:54:31.653+0000] {dag.py:3834} INFO - Setting next_dagrun for tutorial_taskflow_api to None, run_after=None
[2024-04-07T14:54:31.695+0000] {processor.py:183} INFO - Processing /home/airflow/.local/lib/python3.8/site-packages/airflow/example_dags/tutorial_taskflow_api.py took 0.124 seconds
[2024-04-07T14:55:02.554+0000] {processor.py:161} INFO - Started process (PID=1766) to work on /home/airflow/.local/lib/python3.8/site-packages/airflow/example_dags/tutorial_taskflow_api.py
[2024-04-07T14:55:02.557+0000] {processor.py:830} INFO - Processing file /home/airflow/.local/lib/python3.8/site-packages/airflow/example_dags/tutorial_taskflow_api.py for tasks to queue
[2024-04-07T14:55:02.564+0000] {logging_mixin.py:188} INFO - [2024-04-07T14:55:02.563+0000] {dagbag.py:540} INFO - Filling up the DagBag from /home/airflow/.local/lib/python3.8/site-packages/airflow/example_dags/tutorial_taskflow_api.py
[2024-04-07T14:55:02.582+0000] {processor.py:840} INFO - DAG(s) 'tutorial_taskflow_api' retrieved from /home/airflow/.local/lib/python3.8/site-packages/airflow/example_dags/tutorial_taskflow_api.py
[2024-04-07T14:55:02.667+0000] {logging_mixin.py:188} INFO - [2024-04-07T14:55:02.667+0000] {dag.py:3047} INFO - Sync 1 DAGs
[2024-04-07T14:55:02.715+0000] {logging_mixin.py:188} INFO - [2024-04-07T14:55:02.715+0000] {dag.py:3834} INFO - Setting next_dagrun for tutorial_taskflow_api to None, run_after=None
[2024-04-07T14:55:02.763+0000] {processor.py:183} INFO - Processing /home/airflow/.local/lib/python3.8/site-packages/airflow/example_dags/tutorial_taskflow_api.py took 0.216 seconds
[2024-04-07T14:55:33.093+0000] {processor.py:161} INFO - Started process (PID=1828) to work on /home/airflow/.local/lib/python3.8/site-packages/airflow/example_dags/tutorial_taskflow_api.py
[2024-04-07T14:55:33.095+0000] {processor.py:830} INFO - Processing file /home/airflow/.local/lib/python3.8/site-packages/airflow/example_dags/tutorial_taskflow_api.py for tasks to queue
[2024-04-07T14:55:33.099+0000] {logging_mixin.py:188} INFO - [2024-04-07T14:55:33.098+0000] {dagbag.py:540} INFO - Filling up the DagBag from /home/airflow/.local/lib/python3.8/site-packages/airflow/example_dags/tutorial_taskflow_api.py
[2024-04-07T14:55:33.108+0000] {processor.py:840} INFO - DAG(s) 'tutorial_taskflow_api' retrieved from /home/airflow/.local/lib/python3.8/site-packages/airflow/example_dags/tutorial_taskflow_api.py
[2024-04-07T14:55:33.146+0000] {logging_mixin.py:188} INFO - [2024-04-07T14:55:33.146+0000] {dag.py:3047} INFO - Sync 1 DAGs
[2024-04-07T14:55:33.181+0000] {logging_mixin.py:188} INFO - [2024-04-07T14:55:33.181+0000] {dag.py:3834} INFO - Setting next_dagrun for tutorial_taskflow_api to None, run_after=None
[2024-04-07T14:55:33.220+0000] {processor.py:183} INFO - Processing /home/airflow/.local/lib/python3.8/site-packages/airflow/example_dags/tutorial_taskflow_api.py took 0.134 seconds
[2024-04-07T14:56:03.692+0000] {processor.py:161} INFO - Started process (PID=1886) to work on /home/airflow/.local/lib/python3.8/site-packages/airflow/example_dags/tutorial_taskflow_api.py
[2024-04-07T14:56:03.696+0000] {processor.py:830} INFO - Processing file /home/airflow/.local/lib/python3.8/site-packages/airflow/example_dags/tutorial_taskflow_api.py for tasks to queue
[2024-04-07T14:56:03.708+0000] {logging_mixin.py:188} INFO - [2024-04-07T14:56:03.706+0000] {dagbag.py:540} INFO - Filling up the DagBag from /home/airflow/.local/lib/python3.8/site-packages/airflow/example_dags/tutorial_taskflow_api.py
[2024-04-07T14:56:03.759+0000] {processor.py:840} INFO - DAG(s) 'tutorial_taskflow_api' retrieved from /home/airflow/.local/lib/python3.8/site-packages/airflow/example_dags/tutorial_taskflow_api.py
[2024-04-07T14:56:03.846+0000] {logging_mixin.py:188} INFO - [2024-04-07T14:56:03.846+0000] {dag.py:3047} INFO - Sync 1 DAGs
[2024-04-07T14:56:03.891+0000] {logging_mixin.py:188} INFO - [2024-04-07T14:56:03.890+0000] {dag.py:3834} INFO - Setting next_dagrun for tutorial_taskflow_api to None, run_after=None
[2024-04-07T14:56:03.996+0000] {processor.py:183} INFO - Processing /home/airflow/.local/lib/python3.8/site-packages/airflow/example_dags/tutorial_taskflow_api.py took 0.321 seconds
[2024-04-07T14:56:34.280+0000] {processor.py:161} INFO - Started process (PID=1941) to work on /home/airflow/.local/lib/python3.8/site-packages/airflow/example_dags/tutorial_taskflow_api.py
[2024-04-07T14:56:34.289+0000] {processor.py:830} INFO - Processing file /home/airflow/.local/lib/python3.8/site-packages/airflow/example_dags/tutorial_taskflow_api.py for tasks to queue
[2024-04-07T14:56:34.294+0000] {logging_mixin.py:188} INFO - [2024-04-07T14:56:34.293+0000] {dagbag.py:540} INFO - Filling up the DagBag from /home/airflow/.local/lib/python3.8/site-packages/airflow/example_dags/tutorial_taskflow_api.py
[2024-04-07T14:56:34.329+0000] {processor.py:840} INFO - DAG(s) 'tutorial_taskflow_api' retrieved from /home/airflow/.local/lib/python3.8/site-packages/airflow/example_dags/tutorial_taskflow_api.py
[2024-04-07T14:56:34.402+0000] {logging_mixin.py:188} INFO - [2024-04-07T14:56:34.402+0000] {dag.py:3047} INFO - Sync 1 DAGs
[2024-04-07T14:56:34.427+0000] {logging_mixin.py:188} INFO - [2024-04-07T14:56:34.427+0000] {dag.py:3834} INFO - Setting next_dagrun for tutorial_taskflow_api to None, run_after=None
[2024-04-07T14:56:34.481+0000] {processor.py:183} INFO - Processing /home/airflow/.local/lib/python3.8/site-packages/airflow/example_dags/tutorial_taskflow_api.py took 0.213 seconds
[2024-04-07T14:57:04.564+0000] {processor.py:161} INFO - Started process (PID=1998) to work on /home/airflow/.local/lib/python3.8/site-packages/airflow/example_dags/tutorial_taskflow_api.py
[2024-04-07T14:57:04.566+0000] {processor.py:830} INFO - Processing file /home/airflow/.local/lib/python3.8/site-packages/airflow/example_dags/tutorial_taskflow_api.py for tasks to queue
[2024-04-07T14:57:04.569+0000] {logging_mixin.py:188} INFO - [2024-04-07T14:57:04.568+0000] {dagbag.py:540} INFO - Filling up the DagBag from /home/airflow/.local/lib/python3.8/site-packages/airflow/example_dags/tutorial_taskflow_api.py
[2024-04-07T14:57:04.578+0000] {processor.py:840} INFO - DAG(s) 'tutorial_taskflow_api' retrieved from /home/airflow/.local/lib/python3.8/site-packages/airflow/example_dags/tutorial_taskflow_api.py
[2024-04-07T14:57:04.613+0000] {logging_mixin.py:188} INFO - [2024-04-07T14:57:04.612+0000] {dag.py:3047} INFO - Sync 1 DAGs
[2024-04-07T14:57:04.691+0000] {logging_mixin.py:188} INFO - [2024-04-07T14:57:04.691+0000] {dag.py:3834} INFO - Setting next_dagrun for tutorial_taskflow_api to None, run_after=None
[2024-04-07T14:57:04.721+0000] {processor.py:183} INFO - Processing /home/airflow/.local/lib/python3.8/site-packages/airflow/example_dags/tutorial_taskflow_api.py took 0.161 seconds
[2024-04-07T14:57:35.102+0000] {processor.py:161} INFO - Started process (PID=2057) to work on /home/airflow/.local/lib/python3.8/site-packages/airflow/example_dags/tutorial_taskflow_api.py
[2024-04-07T14:57:35.105+0000] {processor.py:830} INFO - Processing file /home/airflow/.local/lib/python3.8/site-packages/airflow/example_dags/tutorial_taskflow_api.py for tasks to queue
[2024-04-07T14:57:35.109+0000] {logging_mixin.py:188} INFO - [2024-04-07T14:57:35.108+0000] {dagbag.py:540} INFO - Filling up the DagBag from /home/airflow/.local/lib/python3.8/site-packages/airflow/example_dags/tutorial_taskflow_api.py
[2024-04-07T14:57:35.121+0000] {processor.py:840} INFO - DAG(s) 'tutorial_taskflow_api' retrieved from /home/airflow/.local/lib/python3.8/site-packages/airflow/example_dags/tutorial_taskflow_api.py
[2024-04-07T14:57:35.151+0000] {logging_mixin.py:188} INFO - [2024-04-07T14:57:35.150+0000] {dag.py:3047} INFO - Sync 1 DAGs
[2024-04-07T14:57:35.173+0000] {logging_mixin.py:188} INFO - [2024-04-07T14:57:35.173+0000] {dag.py:3834} INFO - Setting next_dagrun for tutorial_taskflow_api to None, run_after=None
[2024-04-07T14:57:35.219+0000] {processor.py:183} INFO - Processing /home/airflow/.local/lib/python3.8/site-packages/airflow/example_dags/tutorial_taskflow_api.py took 0.123 seconds
[2024-04-07T14:58:05.817+0000] {processor.py:161} INFO - Started process (PID=2114) to work on /home/airflow/.local/lib/python3.8/site-packages/airflow/example_dags/tutorial_taskflow_api.py
[2024-04-07T14:58:05.822+0000] {processor.py:830} INFO - Processing file /home/airflow/.local/lib/python3.8/site-packages/airflow/example_dags/tutorial_taskflow_api.py for tasks to queue
[2024-04-07T14:58:05.830+0000] {logging_mixin.py:188} INFO - [2024-04-07T14:58:05.829+0000] {dagbag.py:540} INFO - Filling up the DagBag from /home/airflow/.local/lib/python3.8/site-packages/airflow/example_dags/tutorial_taskflow_api.py
[2024-04-07T14:58:05.842+0000] {processor.py:840} INFO - DAG(s) 'tutorial_taskflow_api' retrieved from /home/airflow/.local/lib/python3.8/site-packages/airflow/example_dags/tutorial_taskflow_api.py
[2024-04-07T14:58:05.891+0000] {logging_mixin.py:188} INFO - [2024-04-07T14:58:05.891+0000] {dag.py:3047} INFO - Sync 1 DAGs
[2024-04-07T14:58:05.917+0000] {logging_mixin.py:188} INFO - [2024-04-07T14:58:05.917+0000] {dag.py:3834} INFO - Setting next_dagrun for tutorial_taskflow_api to None, run_after=None
[2024-04-07T14:58:05.967+0000] {processor.py:183} INFO - Processing /home/airflow/.local/lib/python3.8/site-packages/airflow/example_dags/tutorial_taskflow_api.py took 0.160 seconds
[2024-04-07T14:58:36.468+0000] {processor.py:161} INFO - Started process (PID=2171) to work on /home/airflow/.local/lib/python3.8/site-packages/airflow/example_dags/tutorial_taskflow_api.py
[2024-04-07T14:58:36.470+0000] {processor.py:830} INFO - Processing file /home/airflow/.local/lib/python3.8/site-packages/airflow/example_dags/tutorial_taskflow_api.py for tasks to queue
[2024-04-07T14:58:36.474+0000] {logging_mixin.py:188} INFO - [2024-04-07T14:58:36.473+0000] {dagbag.py:540} INFO - Filling up the DagBag from /home/airflow/.local/lib/python3.8/site-packages/airflow/example_dags/tutorial_taskflow_api.py
[2024-04-07T14:58:36.485+0000] {processor.py:840} INFO - DAG(s) 'tutorial_taskflow_api' retrieved from /home/airflow/.local/lib/python3.8/site-packages/airflow/example_dags/tutorial_taskflow_api.py
[2024-04-07T14:58:36.517+0000] {logging_mixin.py:188} INFO - [2024-04-07T14:58:36.516+0000] {dag.py:3047} INFO - Sync 1 DAGs
[2024-04-07T14:58:36.539+0000] {logging_mixin.py:188} INFO - [2024-04-07T14:58:36.539+0000] {dag.py:3834} INFO - Setting next_dagrun for tutorial_taskflow_api to None, run_after=None
[2024-04-07T14:58:36.582+0000] {processor.py:183} INFO - Processing /home/airflow/.local/lib/python3.8/site-packages/airflow/example_dags/tutorial_taskflow_api.py took 0.119 seconds
[2024-04-07T14:59:07.180+0000] {processor.py:161} INFO - Started process (PID=2226) to work on /home/airflow/.local/lib/python3.8/site-packages/airflow/example_dags/tutorial_taskflow_api.py
[2024-04-07T14:59:07.182+0000] {processor.py:830} INFO - Processing file /home/airflow/.local/lib/python3.8/site-packages/airflow/example_dags/tutorial_taskflow_api.py for tasks to queue
[2024-04-07T14:59:07.186+0000] {logging_mixin.py:188} INFO - [2024-04-07T14:59:07.186+0000] {dagbag.py:540} INFO - Filling up the DagBag from /home/airflow/.local/lib/python3.8/site-packages/airflow/example_dags/tutorial_taskflow_api.py
[2024-04-07T14:59:07.199+0000] {processor.py:840} INFO - DAG(s) 'tutorial_taskflow_api' retrieved from /home/airflow/.local/lib/python3.8/site-packages/airflow/example_dags/tutorial_taskflow_api.py
[2024-04-07T14:59:07.258+0000] {logging_mixin.py:188} INFO - [2024-04-07T14:59:07.255+0000] {dag.py:3047} INFO - Sync 1 DAGs
[2024-04-07T14:59:07.282+0000] {logging_mixin.py:188} INFO - [2024-04-07T14:59:07.281+0000] {dag.py:3834} INFO - Setting next_dagrun for tutorial_taskflow_api to None, run_after=None
[2024-04-07T14:59:07.320+0000] {processor.py:183} INFO - Processing /home/airflow/.local/lib/python3.8/site-packages/airflow/example_dags/tutorial_taskflow_api.py took 0.145 seconds
[2024-04-07T14:59:38.404+0000] {processor.py:161} INFO - Started process (PID=2283) to work on /home/airflow/.local/lib/python3.8/site-packages/airflow/example_dags/tutorial_taskflow_api.py
[2024-04-07T14:59:38.414+0000] {processor.py:830} INFO - Processing file /home/airflow/.local/lib/python3.8/site-packages/airflow/example_dags/tutorial_taskflow_api.py for tasks to queue
[2024-04-07T14:59:38.423+0000] {logging_mixin.py:188} INFO - [2024-04-07T14:59:38.423+0000] {dagbag.py:540} INFO - Filling up the DagBag from /home/airflow/.local/lib/python3.8/site-packages/airflow/example_dags/tutorial_taskflow_api.py
[2024-04-07T14:59:38.495+0000] {processor.py:840} INFO - DAG(s) 'tutorial_taskflow_api' retrieved from /home/airflow/.local/lib/python3.8/site-packages/airflow/example_dags/tutorial_taskflow_api.py
[2024-04-07T14:59:38.597+0000] {logging_mixin.py:188} INFO - [2024-04-07T14:59:38.597+0000] {dag.py:3047} INFO - Sync 1 DAGs
[2024-04-07T14:59:38.641+0000] {logging_mixin.py:188} INFO - [2024-04-07T14:59:38.640+0000] {dag.py:3834} INFO - Setting next_dagrun for tutorial_taskflow_api to None, run_after=None
[2024-04-07T14:59:38.688+0000] {processor.py:183} INFO - Processing /home/airflow/.local/lib/python3.8/site-packages/airflow/example_dags/tutorial_taskflow_api.py took 0.334 seconds
[2024-04-07T15:00:09.328+0000] {processor.py:161} INFO - Started process (PID=2340) to work on /home/airflow/.local/lib/python3.8/site-packages/airflow/example_dags/tutorial_taskflow_api.py
[2024-04-07T15:00:09.330+0000] {processor.py:830} INFO - Processing file /home/airflow/.local/lib/python3.8/site-packages/airflow/example_dags/tutorial_taskflow_api.py for tasks to queue
[2024-04-07T15:00:09.334+0000] {logging_mixin.py:188} INFO - [2024-04-07T15:00:09.334+0000] {dagbag.py:540} INFO - Filling up the DagBag from /home/airflow/.local/lib/python3.8/site-packages/airflow/example_dags/tutorial_taskflow_api.py
[2024-04-07T15:00:09.348+0000] {processor.py:840} INFO - DAG(s) 'tutorial_taskflow_api' retrieved from /home/airflow/.local/lib/python3.8/site-packages/airflow/example_dags/tutorial_taskflow_api.py
[2024-04-07T15:00:09.394+0000] {logging_mixin.py:188} INFO - [2024-04-07T15:00:09.393+0000] {dag.py:3047} INFO - Sync 1 DAGs
[2024-04-07T15:00:09.434+0000] {logging_mixin.py:188} INFO - [2024-04-07T15:00:09.433+0000] {dag.py:3834} INFO - Setting next_dagrun for tutorial_taskflow_api to None, run_after=None
[2024-04-07T15:00:09.499+0000] {processor.py:183} INFO - Processing /home/airflow/.local/lib/python3.8/site-packages/airflow/example_dags/tutorial_taskflow_api.py took 0.176 seconds
