[2024-04-07T14:39:38.240+0000] {processor.py:161} INFO - Started process (PID=85) to work on /home/airflow/.local/lib/python3.8/site-packages/airflow/example_dags/tutorial_objectstorage.py
[2024-04-07T14:39:38.243+0000] {processor.py:830} INFO - Processing file /home/airflow/.local/lib/python3.8/site-packages/airflow/example_dags/tutorial_objectstorage.py for tasks to queue
[2024-04-07T14:39:38.249+0000] {logging_mixin.py:188} INFO - [2024-04-07T14:39:38.246+0000] {dagbag.py:540} INFO - Filling up the DagBag from /home/airflow/.local/lib/python3.8/site-packages/airflow/example_dags/tutorial_objectstorage.py
[2024-04-07T14:39:38.290+0000] {processor.py:840} INFO - DAG(s) 'tutorial_objectstorage' retrieved from /home/airflow/.local/lib/python3.8/site-packages/airflow/example_dags/tutorial_objectstorage.py
[2024-04-07T14:39:38.324+0000] {logging_mixin.py:188} INFO - [2024-04-07T14:39:38.323+0000] {dag.py:3047} INFO - Sync 1 DAGs
[2024-04-07T14:39:38.352+0000] {logging_mixin.py:188} INFO - [2024-04-07T14:39:38.352+0000] {dag.py:3834} INFO - Setting next_dagrun for tutorial_objectstorage to None, run_after=None
[2024-04-07T14:39:38.627+0000] {processor.py:183} INFO - Processing /home/airflow/.local/lib/python3.8/site-packages/airflow/example_dags/tutorial_objectstorage.py took 0.393 seconds
[2024-04-07T14:40:14.123+0000] {processor.py:161} INFO - Started process (PID=142) to work on /home/airflow/.local/lib/python3.8/site-packages/airflow/example_dags/tutorial_objectstorage.py
[2024-04-07T14:40:14.127+0000] {processor.py:830} INFO - Processing file /home/airflow/.local/lib/python3.8/site-packages/airflow/example_dags/tutorial_objectstorage.py for tasks to queue
[2024-04-07T14:40:14.142+0000] {logging_mixin.py:188} INFO - [2024-04-07T14:40:14.140+0000] {dagbag.py:540} INFO - Filling up the DagBag from /home/airflow/.local/lib/python3.8/site-packages/airflow/example_dags/tutorial_objectstorage.py
[2024-04-07T14:40:14.168+0000] {processor.py:840} INFO - DAG(s) 'tutorial_objectstorage' retrieved from /home/airflow/.local/lib/python3.8/site-packages/airflow/example_dags/tutorial_objectstorage.py
[2024-04-07T14:40:14.251+0000] {logging_mixin.py:188} INFO - [2024-04-07T14:40:14.250+0000] {dag.py:3047} INFO - Sync 1 DAGs
[2024-04-07T14:40:14.328+0000] {logging_mixin.py:188} INFO - [2024-04-07T14:40:14.327+0000] {dag.py:3834} INFO - Setting next_dagrun for tutorial_objectstorage to None, run_after=None
[2024-04-07T14:40:14.447+0000] {processor.py:183} INFO - Processing /home/airflow/.local/lib/python3.8/site-packages/airflow/example_dags/tutorial_objectstorage.py took 0.348 seconds
[2024-04-07T14:40:45.101+0000] {processor.py:161} INFO - Started process (PID=199) to work on /home/airflow/.local/lib/python3.8/site-packages/airflow/example_dags/tutorial_objectstorage.py
[2024-04-07T14:40:45.108+0000] {processor.py:830} INFO - Processing file /home/airflow/.local/lib/python3.8/site-packages/airflow/example_dags/tutorial_objectstorage.py for tasks to queue
[2024-04-07T14:40:45.112+0000] {logging_mixin.py:188} INFO - [2024-04-07T14:40:45.111+0000] {dagbag.py:540} INFO - Filling up the DagBag from /home/airflow/.local/lib/python3.8/site-packages/airflow/example_dags/tutorial_objectstorage.py
[2024-04-07T14:40:45.148+0000] {processor.py:840} INFO - DAG(s) 'tutorial_objectstorage' retrieved from /home/airflow/.local/lib/python3.8/site-packages/airflow/example_dags/tutorial_objectstorage.py
[2024-04-07T14:40:45.232+0000] {logging_mixin.py:188} INFO - [2024-04-07T14:40:45.232+0000] {dag.py:3047} INFO - Sync 1 DAGs
[2024-04-07T14:40:45.298+0000] {logging_mixin.py:188} INFO - [2024-04-07T14:40:45.298+0000] {dag.py:3834} INFO - Setting next_dagrun for tutorial_objectstorage to None, run_after=None
[2024-04-07T14:40:45.627+0000] {processor.py:183} INFO - Processing /home/airflow/.local/lib/python3.8/site-packages/airflow/example_dags/tutorial_objectstorage.py took 0.533 seconds
[2024-04-07T14:41:16.474+0000] {processor.py:161} INFO - Started process (PID=256) to work on /home/airflow/.local/lib/python3.8/site-packages/airflow/example_dags/tutorial_objectstorage.py
[2024-04-07T14:41:16.476+0000] {processor.py:830} INFO - Processing file /home/airflow/.local/lib/python3.8/site-packages/airflow/example_dags/tutorial_objectstorage.py for tasks to queue
[2024-04-07T14:41:16.479+0000] {logging_mixin.py:188} INFO - [2024-04-07T14:41:16.478+0000] {dagbag.py:540} INFO - Filling up the DagBag from /home/airflow/.local/lib/python3.8/site-packages/airflow/example_dags/tutorial_objectstorage.py
[2024-04-07T14:41:16.489+0000] {processor.py:840} INFO - DAG(s) 'tutorial_objectstorage' retrieved from /home/airflow/.local/lib/python3.8/site-packages/airflow/example_dags/tutorial_objectstorage.py
[2024-04-07T14:41:16.534+0000] {logging_mixin.py:188} INFO - [2024-04-07T14:41:16.533+0000] {dag.py:3047} INFO - Sync 1 DAGs
[2024-04-07T14:41:16.559+0000] {logging_mixin.py:188} INFO - [2024-04-07T14:41:16.558+0000] {dag.py:3834} INFO - Setting next_dagrun for tutorial_objectstorage to None, run_after=None
[2024-04-07T14:41:17.995+0000] {processor.py:183} INFO - Processing /home/airflow/.local/lib/python3.8/site-packages/airflow/example_dags/tutorial_objectstorage.py took 1.525 seconds
[2024-04-07T14:41:48.410+0000] {processor.py:161} INFO - Started process (PID=313) to work on /home/airflow/.local/lib/python3.8/site-packages/airflow/example_dags/tutorial_objectstorage.py
[2024-04-07T14:41:48.424+0000] {processor.py:830} INFO - Processing file /home/airflow/.local/lib/python3.8/site-packages/airflow/example_dags/tutorial_objectstorage.py for tasks to queue
[2024-04-07T14:41:48.430+0000] {logging_mixin.py:188} INFO - [2024-04-07T14:41:48.429+0000] {dagbag.py:540} INFO - Filling up the DagBag from /home/airflow/.local/lib/python3.8/site-packages/airflow/example_dags/tutorial_objectstorage.py
[2024-04-07T14:41:48.460+0000] {processor.py:840} INFO - DAG(s) 'tutorial_objectstorage' retrieved from /home/airflow/.local/lib/python3.8/site-packages/airflow/example_dags/tutorial_objectstorage.py
[2024-04-07T14:41:48.557+0000] {logging_mixin.py:188} INFO - [2024-04-07T14:41:48.557+0000] {dag.py:3047} INFO - Sync 1 DAGs
[2024-04-07T14:41:48.617+0000] {logging_mixin.py:188} INFO - [2024-04-07T14:41:48.614+0000] {dag.py:3834} INFO - Setting next_dagrun for tutorial_objectstorage to None, run_after=None
[2024-04-07T14:41:48.734+0000] {processor.py:183} INFO - Processing /home/airflow/.local/lib/python3.8/site-packages/airflow/example_dags/tutorial_objectstorage.py took 0.337 seconds
[2024-04-07T14:42:18.977+0000] {processor.py:161} INFO - Started process (PID=370) to work on /home/airflow/.local/lib/python3.8/site-packages/airflow/example_dags/tutorial_objectstorage.py
[2024-04-07T14:42:18.979+0000] {processor.py:830} INFO - Processing file /home/airflow/.local/lib/python3.8/site-packages/airflow/example_dags/tutorial_objectstorage.py for tasks to queue
[2024-04-07T14:42:18.983+0000] {logging_mixin.py:188} INFO - [2024-04-07T14:42:18.982+0000] {dagbag.py:540} INFO - Filling up the DagBag from /home/airflow/.local/lib/python3.8/site-packages/airflow/example_dags/tutorial_objectstorage.py
[2024-04-07T14:42:18.997+0000] {processor.py:840} INFO - DAG(s) 'tutorial_objectstorage' retrieved from /home/airflow/.local/lib/python3.8/site-packages/airflow/example_dags/tutorial_objectstorage.py
[2024-04-07T14:42:19.034+0000] {logging_mixin.py:188} INFO - [2024-04-07T14:42:19.034+0000] {dag.py:3047} INFO - Sync 1 DAGs
[2024-04-07T14:42:19.061+0000] {logging_mixin.py:188} INFO - [2024-04-07T14:42:19.061+0000] {dag.py:3834} INFO - Setting next_dagrun for tutorial_objectstorage to None, run_after=None
[2024-04-07T14:42:19.325+0000] {processor.py:183} INFO - Processing /home/airflow/.local/lib/python3.8/site-packages/airflow/example_dags/tutorial_objectstorage.py took 0.356 seconds
[2024-04-07T14:42:49.988+0000] {processor.py:161} INFO - Started process (PID=427) to work on /home/airflow/.local/lib/python3.8/site-packages/airflow/example_dags/tutorial_objectstorage.py
[2024-04-07T14:42:49.990+0000] {processor.py:830} INFO - Processing file /home/airflow/.local/lib/python3.8/site-packages/airflow/example_dags/tutorial_objectstorage.py for tasks to queue
[2024-04-07T14:42:49.993+0000] {logging_mixin.py:188} INFO - [2024-04-07T14:42:49.993+0000] {dagbag.py:540} INFO - Filling up the DagBag from /home/airflow/.local/lib/python3.8/site-packages/airflow/example_dags/tutorial_objectstorage.py
[2024-04-07T14:42:50.008+0000] {processor.py:840} INFO - DAG(s) 'tutorial_objectstorage' retrieved from /home/airflow/.local/lib/python3.8/site-packages/airflow/example_dags/tutorial_objectstorage.py
[2024-04-07T14:42:50.118+0000] {logging_mixin.py:188} INFO - [2024-04-07T14:42:50.116+0000] {dag.py:3047} INFO - Sync 1 DAGs
[2024-04-07T14:42:50.166+0000] {logging_mixin.py:188} INFO - [2024-04-07T14:42:50.163+0000] {dag.py:3834} INFO - Setting next_dagrun for tutorial_objectstorage to None, run_after=None
[2024-04-07T14:42:50.362+0000] {processor.py:183} INFO - Processing /home/airflow/.local/lib/python3.8/site-packages/airflow/example_dags/tutorial_objectstorage.py took 0.384 seconds
[2024-04-07T14:43:20.778+0000] {processor.py:161} INFO - Started process (PID=485) to work on /home/airflow/.local/lib/python3.8/site-packages/airflow/example_dags/tutorial_objectstorage.py
[2024-04-07T14:43:20.781+0000] {processor.py:830} INFO - Processing file /home/airflow/.local/lib/python3.8/site-packages/airflow/example_dags/tutorial_objectstorage.py for tasks to queue
[2024-04-07T14:43:20.787+0000] {logging_mixin.py:188} INFO - [2024-04-07T14:43:20.786+0000] {dagbag.py:540} INFO - Filling up the DagBag from /home/airflow/.local/lib/python3.8/site-packages/airflow/example_dags/tutorial_objectstorage.py
[2024-04-07T14:43:20.823+0000] {processor.py:840} INFO - DAG(s) 'tutorial_objectstorage' retrieved from /home/airflow/.local/lib/python3.8/site-packages/airflow/example_dags/tutorial_objectstorage.py
[2024-04-07T14:43:20.897+0000] {logging_mixin.py:188} INFO - [2024-04-07T14:43:20.896+0000] {dag.py:3047} INFO - Sync 1 DAGs
[2024-04-07T14:43:20.931+0000] {logging_mixin.py:188} INFO - [2024-04-07T14:43:20.930+0000] {dag.py:3834} INFO - Setting next_dagrun for tutorial_objectstorage to None, run_after=None
[2024-04-07T14:43:20.984+0000] {processor.py:183} INFO - Processing /home/airflow/.local/lib/python3.8/site-packages/airflow/example_dags/tutorial_objectstorage.py took 0.219 seconds
[2024-04-07T14:43:51.544+0000] {processor.py:161} INFO - Started process (PID=542) to work on /home/airflow/.local/lib/python3.8/site-packages/airflow/example_dags/tutorial_objectstorage.py
[2024-04-07T14:43:51.547+0000] {processor.py:830} INFO - Processing file /home/airflow/.local/lib/python3.8/site-packages/airflow/example_dags/tutorial_objectstorage.py for tasks to queue
[2024-04-07T14:43:51.551+0000] {logging_mixin.py:188} INFO - [2024-04-07T14:43:51.550+0000] {dagbag.py:540} INFO - Filling up the DagBag from /home/airflow/.local/lib/python3.8/site-packages/airflow/example_dags/tutorial_objectstorage.py
[2024-04-07T14:43:51.563+0000] {processor.py:840} INFO - DAG(s) 'tutorial_objectstorage' retrieved from /home/airflow/.local/lib/python3.8/site-packages/airflow/example_dags/tutorial_objectstorage.py
[2024-04-07T14:43:51.607+0000] {logging_mixin.py:188} INFO - [2024-04-07T14:43:51.606+0000] {dag.py:3047} INFO - Sync 1 DAGs
[2024-04-07T14:43:51.631+0000] {logging_mixin.py:188} INFO - [2024-04-07T14:43:51.631+0000] {dag.py:3834} INFO - Setting next_dagrun for tutorial_objectstorage to None, run_after=None
[2024-04-07T14:43:51.670+0000] {processor.py:183} INFO - Processing /home/airflow/.local/lib/python3.8/site-packages/airflow/example_dags/tutorial_objectstorage.py took 0.133 seconds
[2024-04-07T14:44:21.907+0000] {processor.py:161} INFO - Started process (PID=599) to work on /home/airflow/.local/lib/python3.8/site-packages/airflow/example_dags/tutorial_objectstorage.py
[2024-04-07T14:44:21.909+0000] {processor.py:830} INFO - Processing file /home/airflow/.local/lib/python3.8/site-packages/airflow/example_dags/tutorial_objectstorage.py for tasks to queue
[2024-04-07T14:44:21.913+0000] {logging_mixin.py:188} INFO - [2024-04-07T14:44:21.912+0000] {dagbag.py:540} INFO - Filling up the DagBag from /home/airflow/.local/lib/python3.8/site-packages/airflow/example_dags/tutorial_objectstorage.py
[2024-04-07T14:44:21.930+0000] {processor.py:840} INFO - DAG(s) 'tutorial_objectstorage' retrieved from /home/airflow/.local/lib/python3.8/site-packages/airflow/example_dags/tutorial_objectstorage.py
[2024-04-07T14:44:21.964+0000] {logging_mixin.py:188} INFO - [2024-04-07T14:44:21.964+0000] {dag.py:3047} INFO - Sync 1 DAGs
[2024-04-07T14:44:22.003+0000] {logging_mixin.py:188} INFO - [2024-04-07T14:44:22.002+0000] {dag.py:3834} INFO - Setting next_dagrun for tutorial_objectstorage to None, run_after=None
[2024-04-07T14:44:22.242+0000] {processor.py:183} INFO - Processing /home/airflow/.local/lib/python3.8/site-packages/airflow/example_dags/tutorial_objectstorage.py took 0.342 seconds
[2024-04-07T14:45:09.309+0000] {processor.py:161} INFO - Started process (PID=668) to work on /home/airflow/.local/lib/python3.8/site-packages/airflow/example_dags/tutorial_objectstorage.py
[2024-04-07T14:45:09.311+0000] {processor.py:830} INFO - Processing file /home/airflow/.local/lib/python3.8/site-packages/airflow/example_dags/tutorial_objectstorage.py for tasks to queue
[2024-04-07T14:45:09.316+0000] {logging_mixin.py:188} INFO - [2024-04-07T14:45:09.314+0000] {dagbag.py:540} INFO - Filling up the DagBag from /home/airflow/.local/lib/python3.8/site-packages/airflow/example_dags/tutorial_objectstorage.py
[2024-04-07T14:45:09.330+0000] {processor.py:840} INFO - DAG(s) 'tutorial_objectstorage' retrieved from /home/airflow/.local/lib/python3.8/site-packages/airflow/example_dags/tutorial_objectstorage.py
[2024-04-07T14:45:09.365+0000] {logging_mixin.py:188} INFO - [2024-04-07T14:45:09.365+0000] {dag.py:3047} INFO - Sync 1 DAGs
[2024-04-07T14:45:09.392+0000] {logging_mixin.py:188} INFO - [2024-04-07T14:45:09.392+0000] {dag.py:3834} INFO - Setting next_dagrun for tutorial_objectstorage to None, run_after=None
[2024-04-07T14:45:09.667+0000] {processor.py:183} INFO - Processing /home/airflow/.local/lib/python3.8/site-packages/airflow/example_dags/tutorial_objectstorage.py took 0.366 seconds
[2024-04-07T14:45:40.219+0000] {processor.py:161} INFO - Started process (PID=725) to work on /home/airflow/.local/lib/python3.8/site-packages/airflow/example_dags/tutorial_objectstorage.py
[2024-04-07T14:45:40.239+0000] {processor.py:830} INFO - Processing file /home/airflow/.local/lib/python3.8/site-packages/airflow/example_dags/tutorial_objectstorage.py for tasks to queue
[2024-04-07T14:45:40.244+0000] {logging_mixin.py:188} INFO - [2024-04-07T14:45:40.244+0000] {dagbag.py:540} INFO - Filling up the DagBag from /home/airflow/.local/lib/python3.8/site-packages/airflow/example_dags/tutorial_objectstorage.py
[2024-04-07T14:45:40.297+0000] {processor.py:840} INFO - DAG(s) 'tutorial_objectstorage' retrieved from /home/airflow/.local/lib/python3.8/site-packages/airflow/example_dags/tutorial_objectstorage.py
[2024-04-07T14:45:40.376+0000] {logging_mixin.py:188} INFO - [2024-04-07T14:45:40.376+0000] {dag.py:3047} INFO - Sync 1 DAGs
[2024-04-07T14:45:40.413+0000] {logging_mixin.py:188} INFO - [2024-04-07T14:45:40.413+0000] {dag.py:3834} INFO - Setting next_dagrun for tutorial_objectstorage to None, run_after=None
[2024-04-07T14:45:40.472+0000] {processor.py:183} INFO - Processing /home/airflow/.local/lib/python3.8/site-packages/airflow/example_dags/tutorial_objectstorage.py took 0.262 seconds
[2024-04-07T14:46:10.974+0000] {processor.py:161} INFO - Started process (PID=782) to work on /home/airflow/.local/lib/python3.8/site-packages/airflow/example_dags/tutorial_objectstorage.py
[2024-04-07T14:46:10.976+0000] {processor.py:830} INFO - Processing file /home/airflow/.local/lib/python3.8/site-packages/airflow/example_dags/tutorial_objectstorage.py for tasks to queue
[2024-04-07T14:46:10.981+0000] {logging_mixin.py:188} INFO - [2024-04-07T14:46:10.980+0000] {dagbag.py:540} INFO - Filling up the DagBag from /home/airflow/.local/lib/python3.8/site-packages/airflow/example_dags/tutorial_objectstorage.py
[2024-04-07T14:46:10.995+0000] {processor.py:840} INFO - DAG(s) 'tutorial_objectstorage' retrieved from /home/airflow/.local/lib/python3.8/site-packages/airflow/example_dags/tutorial_objectstorage.py
[2024-04-07T14:46:11.035+0000] {logging_mixin.py:188} INFO - [2024-04-07T14:46:11.035+0000] {dag.py:3047} INFO - Sync 1 DAGs
[2024-04-07T14:46:11.073+0000] {logging_mixin.py:188} INFO - [2024-04-07T14:46:11.073+0000] {dag.py:3834} INFO - Setting next_dagrun for tutorial_objectstorage to None, run_after=None
[2024-04-07T14:46:11.140+0000] {processor.py:183} INFO - Processing /home/airflow/.local/lib/python3.8/site-packages/airflow/example_dags/tutorial_objectstorage.py took 0.174 seconds
[2024-04-07T14:46:43.421+0000] {processor.py:161} INFO - Started process (PID=839) to work on /home/airflow/.local/lib/python3.8/site-packages/airflow/example_dags/tutorial_objectstorage.py
[2024-04-07T14:46:43.442+0000] {processor.py:830} INFO - Processing file /home/airflow/.local/lib/python3.8/site-packages/airflow/example_dags/tutorial_objectstorage.py for tasks to queue
[2024-04-07T14:46:43.446+0000] {logging_mixin.py:188} INFO - [2024-04-07T14:46:43.446+0000] {dagbag.py:540} INFO - Filling up the DagBag from /home/airflow/.local/lib/python3.8/site-packages/airflow/example_dags/tutorial_objectstorage.py
[2024-04-07T14:46:43.477+0000] {processor.py:840} INFO - DAG(s) 'tutorial_objectstorage' retrieved from /home/airflow/.local/lib/python3.8/site-packages/airflow/example_dags/tutorial_objectstorage.py
[2024-04-07T14:46:43.565+0000] {logging_mixin.py:188} INFO - [2024-04-07T14:46:43.565+0000] {dag.py:3047} INFO - Sync 1 DAGs
[2024-04-07T14:46:43.613+0000] {logging_mixin.py:188} INFO - [2024-04-07T14:46:43.613+0000] {dag.py:3834} INFO - Setting next_dagrun for tutorial_objectstorage to None, run_after=None
[2024-04-07T14:46:43.696+0000] {processor.py:183} INFO - Processing /home/airflow/.local/lib/python3.8/site-packages/airflow/example_dags/tutorial_objectstorage.py took 0.283 seconds
[2024-04-07T14:47:14.148+0000] {processor.py:161} INFO - Started process (PID=896) to work on /home/airflow/.local/lib/python3.8/site-packages/airflow/example_dags/tutorial_objectstorage.py
[2024-04-07T14:47:14.151+0000] {processor.py:830} INFO - Processing file /home/airflow/.local/lib/python3.8/site-packages/airflow/example_dags/tutorial_objectstorage.py for tasks to queue
[2024-04-07T14:47:14.154+0000] {logging_mixin.py:188} INFO - [2024-04-07T14:47:14.154+0000] {dagbag.py:540} INFO - Filling up the DagBag from /home/airflow/.local/lib/python3.8/site-packages/airflow/example_dags/tutorial_objectstorage.py
[2024-04-07T14:47:14.169+0000] {processor.py:840} INFO - DAG(s) 'tutorial_objectstorage' retrieved from /home/airflow/.local/lib/python3.8/site-packages/airflow/example_dags/tutorial_objectstorage.py
[2024-04-07T14:47:14.212+0000] {logging_mixin.py:188} INFO - [2024-04-07T14:47:14.212+0000] {dag.py:3047} INFO - Sync 1 DAGs
[2024-04-07T14:47:14.244+0000] {logging_mixin.py:188} INFO - [2024-04-07T14:47:14.244+0000] {dag.py:3834} INFO - Setting next_dagrun for tutorial_objectstorage to None, run_after=None
[2024-04-07T14:47:14.294+0000] {processor.py:183} INFO - Processing /home/airflow/.local/lib/python3.8/site-packages/airflow/example_dags/tutorial_objectstorage.py took 0.153 seconds
[2024-04-07T14:47:44.549+0000] {processor.py:161} INFO - Started process (PID=953) to work on /home/airflow/.local/lib/python3.8/site-packages/airflow/example_dags/tutorial_objectstorage.py
[2024-04-07T14:47:44.552+0000] {processor.py:830} INFO - Processing file /home/airflow/.local/lib/python3.8/site-packages/airflow/example_dags/tutorial_objectstorage.py for tasks to queue
[2024-04-07T14:47:44.555+0000] {logging_mixin.py:188} INFO - [2024-04-07T14:47:44.555+0000] {dagbag.py:540} INFO - Filling up the DagBag from /home/airflow/.local/lib/python3.8/site-packages/airflow/example_dags/tutorial_objectstorage.py
[2024-04-07T14:47:44.573+0000] {processor.py:840} INFO - DAG(s) 'tutorial_objectstorage' retrieved from /home/airflow/.local/lib/python3.8/site-packages/airflow/example_dags/tutorial_objectstorage.py
[2024-04-07T14:47:44.617+0000] {logging_mixin.py:188} INFO - [2024-04-07T14:47:44.617+0000] {dag.py:3047} INFO - Sync 1 DAGs
[2024-04-07T14:47:44.639+0000] {logging_mixin.py:188} INFO - [2024-04-07T14:47:44.638+0000] {dag.py:3834} INFO - Setting next_dagrun for tutorial_objectstorage to None, run_after=None
[2024-04-07T14:47:44.675+0000] {processor.py:183} INFO - Processing /home/airflow/.local/lib/python3.8/site-packages/airflow/example_dags/tutorial_objectstorage.py took 0.136 seconds
[2024-04-07T14:48:14.740+0000] {processor.py:161} INFO - Started process (PID=1010) to work on /home/airflow/.local/lib/python3.8/site-packages/airflow/example_dags/tutorial_objectstorage.py
[2024-04-07T14:48:14.743+0000] {processor.py:830} INFO - Processing file /home/airflow/.local/lib/python3.8/site-packages/airflow/example_dags/tutorial_objectstorage.py for tasks to queue
[2024-04-07T14:48:14.746+0000] {logging_mixin.py:188} INFO - [2024-04-07T14:48:14.745+0000] {dagbag.py:540} INFO - Filling up the DagBag from /home/airflow/.local/lib/python3.8/site-packages/airflow/example_dags/tutorial_objectstorage.py
[2024-04-07T14:48:14.756+0000] {processor.py:840} INFO - DAG(s) 'tutorial_objectstorage' retrieved from /home/airflow/.local/lib/python3.8/site-packages/airflow/example_dags/tutorial_objectstorage.py
[2024-04-07T14:48:14.785+0000] {logging_mixin.py:188} INFO - [2024-04-07T14:48:14.785+0000] {dag.py:3047} INFO - Sync 1 DAGs
[2024-04-07T14:48:14.804+0000] {logging_mixin.py:188} INFO - [2024-04-07T14:48:14.804+0000] {dag.py:3834} INFO - Setting next_dagrun for tutorial_objectstorage to None, run_after=None
[2024-04-07T14:48:14.835+0000] {processor.py:183} INFO - Processing /home/airflow/.local/lib/python3.8/site-packages/airflow/example_dags/tutorial_objectstorage.py took 0.100 seconds
[2024-04-07T14:48:45.240+0000] {processor.py:161} INFO - Started process (PID=1067) to work on /home/airflow/.local/lib/python3.8/site-packages/airflow/example_dags/tutorial_objectstorage.py
[2024-04-07T14:48:45.242+0000] {processor.py:830} INFO - Processing file /home/airflow/.local/lib/python3.8/site-packages/airflow/example_dags/tutorial_objectstorage.py for tasks to queue
[2024-04-07T14:48:45.245+0000] {logging_mixin.py:188} INFO - [2024-04-07T14:48:45.244+0000] {dagbag.py:540} INFO - Filling up the DagBag from /home/airflow/.local/lib/python3.8/site-packages/airflow/example_dags/tutorial_objectstorage.py
[2024-04-07T14:48:45.256+0000] {processor.py:840} INFO - DAG(s) 'tutorial_objectstorage' retrieved from /home/airflow/.local/lib/python3.8/site-packages/airflow/example_dags/tutorial_objectstorage.py
[2024-04-07T14:48:45.285+0000] {logging_mixin.py:188} INFO - [2024-04-07T14:48:45.285+0000] {dag.py:3047} INFO - Sync 1 DAGs
[2024-04-07T14:48:45.304+0000] {logging_mixin.py:188} INFO - [2024-04-07T14:48:45.304+0000] {dag.py:3834} INFO - Setting next_dagrun for tutorial_objectstorage to None, run_after=None
[2024-04-07T14:48:45.343+0000] {processor.py:183} INFO - Processing /home/airflow/.local/lib/python3.8/site-packages/airflow/example_dags/tutorial_objectstorage.py took 0.109 seconds
[2024-04-07T14:49:16.428+0000] {processor.py:161} INFO - Started process (PID=1124) to work on /home/airflow/.local/lib/python3.8/site-packages/airflow/example_dags/tutorial_objectstorage.py
[2024-04-07T14:49:16.430+0000] {processor.py:830} INFO - Processing file /home/airflow/.local/lib/python3.8/site-packages/airflow/example_dags/tutorial_objectstorage.py for tasks to queue
[2024-04-07T14:49:16.445+0000] {logging_mixin.py:188} INFO - [2024-04-07T14:49:16.444+0000] {dagbag.py:540} INFO - Filling up the DagBag from /home/airflow/.local/lib/python3.8/site-packages/airflow/example_dags/tutorial_objectstorage.py
[2024-04-07T14:49:16.468+0000] {processor.py:840} INFO - DAG(s) 'tutorial_objectstorage' retrieved from /home/airflow/.local/lib/python3.8/site-packages/airflow/example_dags/tutorial_objectstorage.py
[2024-04-07T14:49:16.515+0000] {logging_mixin.py:188} INFO - [2024-04-07T14:49:16.515+0000] {dag.py:3047} INFO - Sync 1 DAGs
[2024-04-07T14:49:16.542+0000] {logging_mixin.py:188} INFO - [2024-04-07T14:49:16.542+0000] {dag.py:3834} INFO - Setting next_dagrun for tutorial_objectstorage to None, run_after=None
[2024-04-07T14:49:16.785+0000] {processor.py:183} INFO - Processing /home/airflow/.local/lib/python3.8/site-packages/airflow/example_dags/tutorial_objectstorage.py took 0.370 seconds
[2024-04-07T14:49:47.417+0000] {processor.py:161} INFO - Started process (PID=1181) to work on /home/airflow/.local/lib/python3.8/site-packages/airflow/example_dags/tutorial_objectstorage.py
[2024-04-07T14:49:47.424+0000] {processor.py:830} INFO - Processing file /home/airflow/.local/lib/python3.8/site-packages/airflow/example_dags/tutorial_objectstorage.py for tasks to queue
[2024-04-07T14:49:47.434+0000] {logging_mixin.py:188} INFO - [2024-04-07T14:49:47.432+0000] {dagbag.py:540} INFO - Filling up the DagBag from /home/airflow/.local/lib/python3.8/site-packages/airflow/example_dags/tutorial_objectstorage.py
[2024-04-07T14:49:47.518+0000] {processor.py:840} INFO - DAG(s) 'tutorial_objectstorage' retrieved from /home/airflow/.local/lib/python3.8/site-packages/airflow/example_dags/tutorial_objectstorage.py
[2024-04-07T14:49:47.647+0000] {logging_mixin.py:188} INFO - [2024-04-07T14:49:47.647+0000] {dag.py:3047} INFO - Sync 1 DAGs
[2024-04-07T14:49:47.803+0000] {logging_mixin.py:188} INFO - [2024-04-07T14:49:47.802+0000] {dag.py:3834} INFO - Setting next_dagrun for tutorial_objectstorage to None, run_after=None
[2024-04-07T14:49:47.948+0000] {processor.py:183} INFO - Processing /home/airflow/.local/lib/python3.8/site-packages/airflow/example_dags/tutorial_objectstorage.py took 0.552 seconds
[2024-04-07T14:50:18.138+0000] {processor.py:161} INFO - Started process (PID=1237) to work on /home/airflow/.local/lib/python3.8/site-packages/airflow/example_dags/tutorial_objectstorage.py
[2024-04-07T14:50:18.139+0000] {processor.py:830} INFO - Processing file /home/airflow/.local/lib/python3.8/site-packages/airflow/example_dags/tutorial_objectstorage.py for tasks to queue
[2024-04-07T14:50:18.143+0000] {logging_mixin.py:188} INFO - [2024-04-07T14:50:18.143+0000] {dagbag.py:540} INFO - Filling up the DagBag from /home/airflow/.local/lib/python3.8/site-packages/airflow/example_dags/tutorial_objectstorage.py
[2024-04-07T14:50:18.155+0000] {processor.py:840} INFO - DAG(s) 'tutorial_objectstorage' retrieved from /home/airflow/.local/lib/python3.8/site-packages/airflow/example_dags/tutorial_objectstorage.py
[2024-04-07T14:50:18.188+0000] {logging_mixin.py:188} INFO - [2024-04-07T14:50:18.187+0000] {dag.py:3047} INFO - Sync 1 DAGs
[2024-04-07T14:50:18.210+0000] {logging_mixin.py:188} INFO - [2024-04-07T14:50:18.209+0000] {dag.py:3834} INFO - Setting next_dagrun for tutorial_objectstorage to None, run_after=None
[2024-04-07T14:50:18.622+0000] {processor.py:183} INFO - Processing /home/airflow/.local/lib/python3.8/site-packages/airflow/example_dags/tutorial_objectstorage.py took 0.490 seconds
[2024-04-07T14:50:48.975+0000] {processor.py:161} INFO - Started process (PID=1295) to work on /home/airflow/.local/lib/python3.8/site-packages/airflow/example_dags/tutorial_objectstorage.py
[2024-04-07T14:50:48.979+0000] {processor.py:830} INFO - Processing file /home/airflow/.local/lib/python3.8/site-packages/airflow/example_dags/tutorial_objectstorage.py for tasks to queue
[2024-04-07T14:50:48.983+0000] {logging_mixin.py:188} INFO - [2024-04-07T14:50:48.982+0000] {dagbag.py:540} INFO - Filling up the DagBag from /home/airflow/.local/lib/python3.8/site-packages/airflow/example_dags/tutorial_objectstorage.py
[2024-04-07T14:50:49.005+0000] {processor.py:840} INFO - DAG(s) 'tutorial_objectstorage' retrieved from /home/airflow/.local/lib/python3.8/site-packages/airflow/example_dags/tutorial_objectstorage.py
[2024-04-07T14:50:49.091+0000] {logging_mixin.py:188} INFO - [2024-04-07T14:50:49.091+0000] {dag.py:3047} INFO - Sync 1 DAGs
[2024-04-07T14:50:49.149+0000] {logging_mixin.py:188} INFO - [2024-04-07T14:50:49.149+0000] {dag.py:3834} INFO - Setting next_dagrun for tutorial_objectstorage to None, run_after=None
[2024-04-07T14:50:49.200+0000] {processor.py:183} INFO - Processing /home/airflow/.local/lib/python3.8/site-packages/airflow/example_dags/tutorial_objectstorage.py took 0.234 seconds
[2024-04-07T14:51:19.280+0000] {processor.py:161} INFO - Started process (PID=1351) to work on /home/airflow/.local/lib/python3.8/site-packages/airflow/example_dags/tutorial_objectstorage.py
[2024-04-07T14:51:19.282+0000] {processor.py:830} INFO - Processing file /home/airflow/.local/lib/python3.8/site-packages/airflow/example_dags/tutorial_objectstorage.py for tasks to queue
[2024-04-07T14:51:19.286+0000] {logging_mixin.py:188} INFO - [2024-04-07T14:51:19.285+0000] {dagbag.py:540} INFO - Filling up the DagBag from /home/airflow/.local/lib/python3.8/site-packages/airflow/example_dags/tutorial_objectstorage.py
[2024-04-07T14:51:19.302+0000] {processor.py:840} INFO - DAG(s) 'tutorial_objectstorage' retrieved from /home/airflow/.local/lib/python3.8/site-packages/airflow/example_dags/tutorial_objectstorage.py
[2024-04-07T14:51:19.346+0000] {logging_mixin.py:188} INFO - [2024-04-07T14:51:19.346+0000] {dag.py:3047} INFO - Sync 1 DAGs
[2024-04-07T14:51:19.368+0000] {logging_mixin.py:188} INFO - [2024-04-07T14:51:19.368+0000] {dag.py:3834} INFO - Setting next_dagrun for tutorial_objectstorage to None, run_after=None
[2024-04-07T14:51:19.403+0000] {processor.py:183} INFO - Processing /home/airflow/.local/lib/python3.8/site-packages/airflow/example_dags/tutorial_objectstorage.py took 0.130 seconds
[2024-04-07T14:51:51.184+0000] {processor.py:161} INFO - Started process (PID=1409) to work on /home/airflow/.local/lib/python3.8/site-packages/airflow/example_dags/tutorial_objectstorage.py
[2024-04-07T14:51:51.196+0000] {processor.py:830} INFO - Processing file /home/airflow/.local/lib/python3.8/site-packages/airflow/example_dags/tutorial_objectstorage.py for tasks to queue
[2024-04-07T14:51:51.207+0000] {logging_mixin.py:188} INFO - [2024-04-07T14:51:51.206+0000] {dagbag.py:540} INFO - Filling up the DagBag from /home/airflow/.local/lib/python3.8/site-packages/airflow/example_dags/tutorial_objectstorage.py
[2024-04-07T14:51:51.227+0000] {processor.py:840} INFO - DAG(s) 'tutorial_objectstorage' retrieved from /home/airflow/.local/lib/python3.8/site-packages/airflow/example_dags/tutorial_objectstorage.py
[2024-04-07T14:51:51.299+0000] {logging_mixin.py:188} INFO - [2024-04-07T14:51:51.299+0000] {dag.py:3047} INFO - Sync 1 DAGs
[2024-04-07T14:51:51.371+0000] {logging_mixin.py:188} INFO - [2024-04-07T14:51:51.370+0000] {dag.py:3834} INFO - Setting next_dagrun for tutorial_objectstorage to None, run_after=None
[2024-04-07T14:51:51.484+0000] {processor.py:183} INFO - Processing /home/airflow/.local/lib/python3.8/site-packages/airflow/example_dags/tutorial_objectstorage.py took 0.309 seconds
[2024-04-07T14:52:22.141+0000] {processor.py:161} INFO - Started process (PID=1466) to work on /home/airflow/.local/lib/python3.8/site-packages/airflow/example_dags/tutorial_objectstorage.py
[2024-04-07T14:52:22.144+0000] {processor.py:830} INFO - Processing file /home/airflow/.local/lib/python3.8/site-packages/airflow/example_dags/tutorial_objectstorage.py for tasks to queue
[2024-04-07T14:52:22.148+0000] {logging_mixin.py:188} INFO - [2024-04-07T14:52:22.148+0000] {dagbag.py:540} INFO - Filling up the DagBag from /home/airflow/.local/lib/python3.8/site-packages/airflow/example_dags/tutorial_objectstorage.py
[2024-04-07T14:52:22.193+0000] {processor.py:840} INFO - DAG(s) 'tutorial_objectstorage' retrieved from /home/airflow/.local/lib/python3.8/site-packages/airflow/example_dags/tutorial_objectstorage.py
[2024-04-07T14:52:22.344+0000] {logging_mixin.py:188} INFO - [2024-04-07T14:52:22.343+0000] {dag.py:3047} INFO - Sync 1 DAGs
[2024-04-07T14:52:22.459+0000] {logging_mixin.py:188} INFO - [2024-04-07T14:52:22.459+0000] {dag.py:3834} INFO - Setting next_dagrun for tutorial_objectstorage to None, run_after=None
[2024-04-07T14:52:22.602+0000] {processor.py:183} INFO - Processing /home/airflow/.local/lib/python3.8/site-packages/airflow/example_dags/tutorial_objectstorage.py took 0.472 seconds
[2024-04-07T14:52:53.354+0000] {processor.py:161} INFO - Started process (PID=1523) to work on /home/airflow/.local/lib/python3.8/site-packages/airflow/example_dags/tutorial_objectstorage.py
[2024-04-07T14:52:53.357+0000] {processor.py:830} INFO - Processing file /home/airflow/.local/lib/python3.8/site-packages/airflow/example_dags/tutorial_objectstorage.py for tasks to queue
[2024-04-07T14:52:53.360+0000] {logging_mixin.py:188} INFO - [2024-04-07T14:52:53.360+0000] {dagbag.py:540} INFO - Filling up the DagBag from /home/airflow/.local/lib/python3.8/site-packages/airflow/example_dags/tutorial_objectstorage.py
[2024-04-07T14:52:53.373+0000] {processor.py:840} INFO - DAG(s) 'tutorial_objectstorage' retrieved from /home/airflow/.local/lib/python3.8/site-packages/airflow/example_dags/tutorial_objectstorage.py
[2024-04-07T14:52:53.415+0000] {logging_mixin.py:188} INFO - [2024-04-07T14:52:53.414+0000] {dag.py:3047} INFO - Sync 1 DAGs
[2024-04-07T14:52:53.445+0000] {logging_mixin.py:188} INFO - [2024-04-07T14:52:53.445+0000] {dag.py:3834} INFO - Setting next_dagrun for tutorial_objectstorage to None, run_after=None
[2024-04-07T14:52:53.496+0000] {processor.py:183} INFO - Processing /home/airflow/.local/lib/python3.8/site-packages/airflow/example_dags/tutorial_objectstorage.py took 0.148 seconds
[2024-04-07T14:53:24.695+0000] {processor.py:161} INFO - Started process (PID=1583) to work on /home/airflow/.local/lib/python3.8/site-packages/airflow/example_dags/tutorial_objectstorage.py
[2024-04-07T14:53:24.697+0000] {processor.py:830} INFO - Processing file /home/airflow/.local/lib/python3.8/site-packages/airflow/example_dags/tutorial_objectstorage.py for tasks to queue
[2024-04-07T14:53:24.703+0000] {logging_mixin.py:188} INFO - [2024-04-07T14:53:24.702+0000] {dagbag.py:540} INFO - Filling up the DagBag from /home/airflow/.local/lib/python3.8/site-packages/airflow/example_dags/tutorial_objectstorage.py
[2024-04-07T14:53:24.721+0000] {processor.py:840} INFO - DAG(s) 'tutorial_objectstorage' retrieved from /home/airflow/.local/lib/python3.8/site-packages/airflow/example_dags/tutorial_objectstorage.py
[2024-04-07T14:53:24.779+0000] {logging_mixin.py:188} INFO - [2024-04-07T14:53:24.778+0000] {dag.py:3047} INFO - Sync 1 DAGs
[2024-04-07T14:53:24.833+0000] {logging_mixin.py:188} INFO - [2024-04-07T14:53:24.833+0000] {dag.py:3834} INFO - Setting next_dagrun for tutorial_objectstorage to None, run_after=None
[2024-04-07T14:53:24.892+0000] {processor.py:183} INFO - Processing /home/airflow/.local/lib/python3.8/site-packages/airflow/example_dags/tutorial_objectstorage.py took 0.210 seconds
[2024-04-07T14:53:55.956+0000] {processor.py:161} INFO - Started process (PID=1642) to work on /home/airflow/.local/lib/python3.8/site-packages/airflow/example_dags/tutorial_objectstorage.py
[2024-04-07T14:53:55.958+0000] {processor.py:830} INFO - Processing file /home/airflow/.local/lib/python3.8/site-packages/airflow/example_dags/tutorial_objectstorage.py for tasks to queue
[2024-04-07T14:53:55.965+0000] {logging_mixin.py:188} INFO - [2024-04-07T14:53:55.965+0000] {dagbag.py:540} INFO - Filling up the DagBag from /home/airflow/.local/lib/python3.8/site-packages/airflow/example_dags/tutorial_objectstorage.py
[2024-04-07T14:53:55.979+0000] {processor.py:840} INFO - DAG(s) 'tutorial_objectstorage' retrieved from /home/airflow/.local/lib/python3.8/site-packages/airflow/example_dags/tutorial_objectstorage.py
[2024-04-07T14:53:56.017+0000] {logging_mixin.py:188} INFO - [2024-04-07T14:53:56.017+0000] {dag.py:3047} INFO - Sync 1 DAGs
[2024-04-07T14:53:56.046+0000] {logging_mixin.py:188} INFO - [2024-04-07T14:53:56.045+0000] {dag.py:3834} INFO - Setting next_dagrun for tutorial_objectstorage to None, run_after=None
[2024-04-07T14:53:56.086+0000] {processor.py:183} INFO - Processing /home/airflow/.local/lib/python3.8/site-packages/airflow/example_dags/tutorial_objectstorage.py took 0.136 seconds
[2024-04-07T14:54:26.418+0000] {processor.py:161} INFO - Started process (PID=1699) to work on /home/airflow/.local/lib/python3.8/site-packages/airflow/example_dags/tutorial_objectstorage.py
[2024-04-07T14:54:26.420+0000] {processor.py:830} INFO - Processing file /home/airflow/.local/lib/python3.8/site-packages/airflow/example_dags/tutorial_objectstorage.py for tasks to queue
[2024-04-07T14:54:26.423+0000] {logging_mixin.py:188} INFO - [2024-04-07T14:54:26.422+0000] {dagbag.py:540} INFO - Filling up the DagBag from /home/airflow/.local/lib/python3.8/site-packages/airflow/example_dags/tutorial_objectstorage.py
[2024-04-07T14:54:26.434+0000] {processor.py:840} INFO - DAG(s) 'tutorial_objectstorage' retrieved from /home/airflow/.local/lib/python3.8/site-packages/airflow/example_dags/tutorial_objectstorage.py
[2024-04-07T14:54:26.469+0000] {logging_mixin.py:188} INFO - [2024-04-07T14:54:26.468+0000] {dag.py:3047} INFO - Sync 1 DAGs
[2024-04-07T14:54:26.491+0000] {logging_mixin.py:188} INFO - [2024-04-07T14:54:26.490+0000] {dag.py:3834} INFO - Setting next_dagrun for tutorial_objectstorage to None, run_after=None
[2024-04-07T14:54:26.535+0000] {processor.py:183} INFO - Processing /home/airflow/.local/lib/python3.8/site-packages/airflow/example_dags/tutorial_objectstorage.py took 0.123 seconds
[2024-04-07T14:54:57.358+0000] {processor.py:161} INFO - Started process (PID=1756) to work on /home/airflow/.local/lib/python3.8/site-packages/airflow/example_dags/tutorial_objectstorage.py
[2024-04-07T14:54:57.360+0000] {processor.py:830} INFO - Processing file /home/airflow/.local/lib/python3.8/site-packages/airflow/example_dags/tutorial_objectstorage.py for tasks to queue
[2024-04-07T14:54:57.365+0000] {logging_mixin.py:188} INFO - [2024-04-07T14:54:57.364+0000] {dagbag.py:540} INFO - Filling up the DagBag from /home/airflow/.local/lib/python3.8/site-packages/airflow/example_dags/tutorial_objectstorage.py
[2024-04-07T14:54:57.377+0000] {processor.py:840} INFO - DAG(s) 'tutorial_objectstorage' retrieved from /home/airflow/.local/lib/python3.8/site-packages/airflow/example_dags/tutorial_objectstorage.py
[2024-04-07T14:54:57.411+0000] {logging_mixin.py:188} INFO - [2024-04-07T14:54:57.411+0000] {dag.py:3047} INFO - Sync 1 DAGs
[2024-04-07T14:54:57.435+0000] {logging_mixin.py:188} INFO - [2024-04-07T14:54:57.434+0000] {dag.py:3834} INFO - Setting next_dagrun for tutorial_objectstorage to None, run_after=None
[2024-04-07T14:54:57.475+0000] {processor.py:183} INFO - Processing /home/airflow/.local/lib/python3.8/site-packages/airflow/example_dags/tutorial_objectstorage.py took 0.122 seconds
[2024-04-07T14:55:28.610+0000] {processor.py:161} INFO - Started process (PID=1812) to work on /home/airflow/.local/lib/python3.8/site-packages/airflow/example_dags/tutorial_objectstorage.py
[2024-04-07T14:55:28.612+0000] {processor.py:830} INFO - Processing file /home/airflow/.local/lib/python3.8/site-packages/airflow/example_dags/tutorial_objectstorage.py for tasks to queue
[2024-04-07T14:55:28.615+0000] {logging_mixin.py:188} INFO - [2024-04-07T14:55:28.615+0000] {dagbag.py:540} INFO - Filling up the DagBag from /home/airflow/.local/lib/python3.8/site-packages/airflow/example_dags/tutorial_objectstorage.py
[2024-04-07T14:55:28.630+0000] {processor.py:840} INFO - DAG(s) 'tutorial_objectstorage' retrieved from /home/airflow/.local/lib/python3.8/site-packages/airflow/example_dags/tutorial_objectstorage.py
[2024-04-07T14:55:28.668+0000] {logging_mixin.py:188} INFO - [2024-04-07T14:55:28.668+0000] {dag.py:3047} INFO - Sync 1 DAGs
[2024-04-07T14:55:28.701+0000] {logging_mixin.py:188} INFO - [2024-04-07T14:55:28.700+0000] {dag.py:3834} INFO - Setting next_dagrun for tutorial_objectstorage to None, run_after=None
[2024-04-07T14:55:28.764+0000] {processor.py:183} INFO - Processing /home/airflow/.local/lib/python3.8/site-packages/airflow/example_dags/tutorial_objectstorage.py took 0.160 seconds
[2024-04-07T14:55:59.356+0000] {processor.py:161} INFO - Started process (PID=1869) to work on /home/airflow/.local/lib/python3.8/site-packages/airflow/example_dags/tutorial_objectstorage.py
[2024-04-07T14:55:59.359+0000] {processor.py:830} INFO - Processing file /home/airflow/.local/lib/python3.8/site-packages/airflow/example_dags/tutorial_objectstorage.py for tasks to queue
[2024-04-07T14:55:59.361+0000] {logging_mixin.py:188} INFO - [2024-04-07T14:55:59.361+0000] {dagbag.py:540} INFO - Filling up the DagBag from /home/airflow/.local/lib/python3.8/site-packages/airflow/example_dags/tutorial_objectstorage.py
[2024-04-07T14:55:59.371+0000] {processor.py:840} INFO - DAG(s) 'tutorial_objectstorage' retrieved from /home/airflow/.local/lib/python3.8/site-packages/airflow/example_dags/tutorial_objectstorage.py
[2024-04-07T14:55:59.401+0000] {logging_mixin.py:188} INFO - [2024-04-07T14:55:59.400+0000] {dag.py:3047} INFO - Sync 1 DAGs
[2024-04-07T14:55:59.424+0000] {logging_mixin.py:188} INFO - [2024-04-07T14:55:59.424+0000] {dag.py:3834} INFO - Setting next_dagrun for tutorial_objectstorage to None, run_after=None
[2024-04-07T14:55:59.461+0000] {processor.py:183} INFO - Processing /home/airflow/.local/lib/python3.8/site-packages/airflow/example_dags/tutorial_objectstorage.py took 0.109 seconds
[2024-04-07T14:56:29.730+0000] {processor.py:161} INFO - Started process (PID=1925) to work on /home/airflow/.local/lib/python3.8/site-packages/airflow/example_dags/tutorial_objectstorage.py
[2024-04-07T14:56:29.732+0000] {processor.py:830} INFO - Processing file /home/airflow/.local/lib/python3.8/site-packages/airflow/example_dags/tutorial_objectstorage.py for tasks to queue
[2024-04-07T14:56:29.734+0000] {logging_mixin.py:188} INFO - [2024-04-07T14:56:29.734+0000] {dagbag.py:540} INFO - Filling up the DagBag from /home/airflow/.local/lib/python3.8/site-packages/airflow/example_dags/tutorial_objectstorage.py
[2024-04-07T14:56:29.747+0000] {processor.py:840} INFO - DAG(s) 'tutorial_objectstorage' retrieved from /home/airflow/.local/lib/python3.8/site-packages/airflow/example_dags/tutorial_objectstorage.py
[2024-04-07T14:56:29.778+0000] {logging_mixin.py:188} INFO - [2024-04-07T14:56:29.777+0000] {dag.py:3047} INFO - Sync 1 DAGs
[2024-04-07T14:56:29.798+0000] {logging_mixin.py:188} INFO - [2024-04-07T14:56:29.798+0000] {dag.py:3834} INFO - Setting next_dagrun for tutorial_objectstorage to None, run_after=None
[2024-04-07T14:56:29.841+0000] {processor.py:183} INFO - Processing /home/airflow/.local/lib/python3.8/site-packages/airflow/example_dags/tutorial_objectstorage.py took 0.116 seconds
[2024-04-07T14:57:00.012+0000] {processor.py:161} INFO - Started process (PID=1981) to work on /home/airflow/.local/lib/python3.8/site-packages/airflow/example_dags/tutorial_objectstorage.py
[2024-04-07T14:57:00.014+0000] {processor.py:830} INFO - Processing file /home/airflow/.local/lib/python3.8/site-packages/airflow/example_dags/tutorial_objectstorage.py for tasks to queue
[2024-04-07T14:57:00.022+0000] {logging_mixin.py:188} INFO - [2024-04-07T14:57:00.021+0000] {dagbag.py:540} INFO - Filling up the DagBag from /home/airflow/.local/lib/python3.8/site-packages/airflow/example_dags/tutorial_objectstorage.py
[2024-04-07T14:57:00.037+0000] {processor.py:840} INFO - DAG(s) 'tutorial_objectstorage' retrieved from /home/airflow/.local/lib/python3.8/site-packages/airflow/example_dags/tutorial_objectstorage.py
[2024-04-07T14:57:00.065+0000] {logging_mixin.py:188} INFO - [2024-04-07T14:57:00.065+0000] {dag.py:3047} INFO - Sync 1 DAGs
[2024-04-07T14:57:00.084+0000] {logging_mixin.py:188} INFO - [2024-04-07T14:57:00.084+0000] {dag.py:3834} INFO - Setting next_dagrun for tutorial_objectstorage to None, run_after=None
[2024-04-07T14:57:00.162+0000] {processor.py:183} INFO - Processing /home/airflow/.local/lib/python3.8/site-packages/airflow/example_dags/tutorial_objectstorage.py took 0.156 seconds
[2024-04-07T14:57:30.358+0000] {processor.py:161} INFO - Started process (PID=2038) to work on /home/airflow/.local/lib/python3.8/site-packages/airflow/example_dags/tutorial_objectstorage.py
[2024-04-07T14:57:30.359+0000] {processor.py:830} INFO - Processing file /home/airflow/.local/lib/python3.8/site-packages/airflow/example_dags/tutorial_objectstorage.py for tasks to queue
[2024-04-07T14:57:30.363+0000] {logging_mixin.py:188} INFO - [2024-04-07T14:57:30.362+0000] {dagbag.py:540} INFO - Filling up the DagBag from /home/airflow/.local/lib/python3.8/site-packages/airflow/example_dags/tutorial_objectstorage.py
[2024-04-07T14:57:30.373+0000] {processor.py:840} INFO - DAG(s) 'tutorial_objectstorage' retrieved from /home/airflow/.local/lib/python3.8/site-packages/airflow/example_dags/tutorial_objectstorage.py
[2024-04-07T14:57:30.411+0000] {logging_mixin.py:188} INFO - [2024-04-07T14:57:30.410+0000] {dag.py:3047} INFO - Sync 1 DAGs
[2024-04-07T14:57:30.434+0000] {logging_mixin.py:188} INFO - [2024-04-07T14:57:30.434+0000] {dag.py:3834} INFO - Setting next_dagrun for tutorial_objectstorage to None, run_after=None
[2024-04-07T14:57:30.475+0000] {processor.py:183} INFO - Processing /home/airflow/.local/lib/python3.8/site-packages/airflow/example_dags/tutorial_objectstorage.py took 0.122 seconds
[2024-04-07T14:58:00.744+0000] {processor.py:161} INFO - Started process (PID=2096) to work on /home/airflow/.local/lib/python3.8/site-packages/airflow/example_dags/tutorial_objectstorage.py
[2024-04-07T14:58:00.747+0000] {processor.py:830} INFO - Processing file /home/airflow/.local/lib/python3.8/site-packages/airflow/example_dags/tutorial_objectstorage.py for tasks to queue
[2024-04-07T14:58:00.755+0000] {logging_mixin.py:188} INFO - [2024-04-07T14:58:00.754+0000] {dagbag.py:540} INFO - Filling up the DagBag from /home/airflow/.local/lib/python3.8/site-packages/airflow/example_dags/tutorial_objectstorage.py
[2024-04-07T14:58:00.779+0000] {processor.py:840} INFO - DAG(s) 'tutorial_objectstorage' retrieved from /home/airflow/.local/lib/python3.8/site-packages/airflow/example_dags/tutorial_objectstorage.py
[2024-04-07T14:58:00.833+0000] {logging_mixin.py:188} INFO - [2024-04-07T14:58:00.833+0000] {dag.py:3047} INFO - Sync 1 DAGs
[2024-04-07T14:58:00.859+0000] {logging_mixin.py:188} INFO - [2024-04-07T14:58:00.858+0000] {dag.py:3834} INFO - Setting next_dagrun for tutorial_objectstorage to None, run_after=None
[2024-04-07T14:58:00.899+0000] {processor.py:183} INFO - Processing /home/airflow/.local/lib/python3.8/site-packages/airflow/example_dags/tutorial_objectstorage.py took 0.164 seconds
[2024-04-07T14:58:31.853+0000] {processor.py:161} INFO - Started process (PID=2153) to work on /home/airflow/.local/lib/python3.8/site-packages/airflow/example_dags/tutorial_objectstorage.py
[2024-04-07T14:58:31.855+0000] {processor.py:830} INFO - Processing file /home/airflow/.local/lib/python3.8/site-packages/airflow/example_dags/tutorial_objectstorage.py for tasks to queue
[2024-04-07T14:58:31.859+0000] {logging_mixin.py:188} INFO - [2024-04-07T14:58:31.858+0000] {dagbag.py:540} INFO - Filling up the DagBag from /home/airflow/.local/lib/python3.8/site-packages/airflow/example_dags/tutorial_objectstorage.py
[2024-04-07T14:58:31.869+0000] {processor.py:840} INFO - DAG(s) 'tutorial_objectstorage' retrieved from /home/airflow/.local/lib/python3.8/site-packages/airflow/example_dags/tutorial_objectstorage.py
[2024-04-07T14:58:31.901+0000] {logging_mixin.py:188} INFO - [2024-04-07T14:58:31.901+0000] {dag.py:3047} INFO - Sync 1 DAGs
[2024-04-07T14:58:31.922+0000] {logging_mixin.py:188} INFO - [2024-04-07T14:58:31.921+0000] {dag.py:3834} INFO - Setting next_dagrun for tutorial_objectstorage to None, run_after=None
[2024-04-07T14:58:31.958+0000] {processor.py:183} INFO - Processing /home/airflow/.local/lib/python3.8/site-packages/airflow/example_dags/tutorial_objectstorage.py took 0.110 seconds
[2024-04-07T14:59:02.715+0000] {processor.py:161} INFO - Started process (PID=2210) to work on /home/airflow/.local/lib/python3.8/site-packages/airflow/example_dags/tutorial_objectstorage.py
[2024-04-07T14:59:02.717+0000] {processor.py:830} INFO - Processing file /home/airflow/.local/lib/python3.8/site-packages/airflow/example_dags/tutorial_objectstorage.py for tasks to queue
[2024-04-07T14:59:02.721+0000] {logging_mixin.py:188} INFO - [2024-04-07T14:59:02.720+0000] {dagbag.py:540} INFO - Filling up the DagBag from /home/airflow/.local/lib/python3.8/site-packages/airflow/example_dags/tutorial_objectstorage.py
[2024-04-07T14:59:02.735+0000] {processor.py:840} INFO - DAG(s) 'tutorial_objectstorage' retrieved from /home/airflow/.local/lib/python3.8/site-packages/airflow/example_dags/tutorial_objectstorage.py
[2024-04-07T14:59:02.789+0000] {logging_mixin.py:188} INFO - [2024-04-07T14:59:02.789+0000] {dag.py:3047} INFO - Sync 1 DAGs
[2024-04-07T14:59:02.879+0000] {logging_mixin.py:188} INFO - [2024-04-07T14:59:02.878+0000] {dag.py:3834} INFO - Setting next_dagrun for tutorial_objectstorage to None, run_after=None
[2024-04-07T14:59:02.964+0000] {processor.py:183} INFO - Processing /home/airflow/.local/lib/python3.8/site-packages/airflow/example_dags/tutorial_objectstorage.py took 0.257 seconds
[2024-04-07T14:59:33.111+0000] {processor.py:161} INFO - Started process (PID=2267) to work on /home/airflow/.local/lib/python3.8/site-packages/airflow/example_dags/tutorial_objectstorage.py
[2024-04-07T14:59:33.114+0000] {processor.py:830} INFO - Processing file /home/airflow/.local/lib/python3.8/site-packages/airflow/example_dags/tutorial_objectstorage.py for tasks to queue
[2024-04-07T14:59:33.120+0000] {logging_mixin.py:188} INFO - [2024-04-07T14:59:33.120+0000] {dagbag.py:540} INFO - Filling up the DagBag from /home/airflow/.local/lib/python3.8/site-packages/airflow/example_dags/tutorial_objectstorage.py
[2024-04-07T14:59:33.137+0000] {processor.py:840} INFO - DAG(s) 'tutorial_objectstorage' retrieved from /home/airflow/.local/lib/python3.8/site-packages/airflow/example_dags/tutorial_objectstorage.py
[2024-04-07T14:59:33.204+0000] {logging_mixin.py:188} INFO - [2024-04-07T14:59:33.204+0000] {dag.py:3047} INFO - Sync 1 DAGs
[2024-04-07T14:59:33.248+0000] {logging_mixin.py:188} INFO - [2024-04-07T14:59:33.248+0000] {dag.py:3834} INFO - Setting next_dagrun for tutorial_objectstorage to None, run_after=None
[2024-04-07T14:59:33.307+0000] {processor.py:183} INFO - Processing /home/airflow/.local/lib/python3.8/site-packages/airflow/example_dags/tutorial_objectstorage.py took 0.203 seconds
[2024-04-07T15:00:05.410+0000] {processor.py:161} INFO - Started process (PID=2330) to work on /home/airflow/.local/lib/python3.8/site-packages/airflow/example_dags/tutorial_objectstorage.py
[2024-04-07T15:00:05.412+0000] {processor.py:830} INFO - Processing file /home/airflow/.local/lib/python3.8/site-packages/airflow/example_dags/tutorial_objectstorage.py for tasks to queue
[2024-04-07T15:00:05.415+0000] {logging_mixin.py:188} INFO - [2024-04-07T15:00:05.414+0000] {dagbag.py:540} INFO - Filling up the DagBag from /home/airflow/.local/lib/python3.8/site-packages/airflow/example_dags/tutorial_objectstorage.py
[2024-04-07T15:00:05.425+0000] {processor.py:840} INFO - DAG(s) 'tutorial_objectstorage' retrieved from /home/airflow/.local/lib/python3.8/site-packages/airflow/example_dags/tutorial_objectstorage.py
[2024-04-07T15:00:05.454+0000] {logging_mixin.py:188} INFO - [2024-04-07T15:00:05.454+0000] {dag.py:3047} INFO - Sync 1 DAGs
[2024-04-07T15:00:05.474+0000] {logging_mixin.py:188} INFO - [2024-04-07T15:00:05.473+0000] {dag.py:3834} INFO - Setting next_dagrun for tutorial_objectstorage to None, run_after=None
[2024-04-07T15:00:05.510+0000] {processor.py:183} INFO - Processing /home/airflow/.local/lib/python3.8/site-packages/airflow/example_dags/tutorial_objectstorage.py took 0.105 seconds
[2024-04-07T15:00:39.570+0000] {processor.py:161} INFO - Started process (PID=2392) to work on /home/airflow/.local/lib/python3.8/site-packages/airflow/example_dags/tutorial_objectstorage.py
[2024-04-07T15:00:39.571+0000] {processor.py:830} INFO - Processing file /home/airflow/.local/lib/python3.8/site-packages/airflow/example_dags/tutorial_objectstorage.py for tasks to queue
[2024-04-07T15:00:39.576+0000] {logging_mixin.py:188} INFO - [2024-04-07T15:00:39.575+0000] {dagbag.py:540} INFO - Filling up the DagBag from /home/airflow/.local/lib/python3.8/site-packages/airflow/example_dags/tutorial_objectstorage.py
[2024-04-07T15:00:39.590+0000] {processor.py:840} INFO - DAG(s) 'tutorial_objectstorage' retrieved from /home/airflow/.local/lib/python3.8/site-packages/airflow/example_dags/tutorial_objectstorage.py
[2024-04-07T15:00:39.635+0000] {logging_mixin.py:188} INFO - [2024-04-07T15:00:39.634+0000] {dag.py:3047} INFO - Sync 1 DAGs
[2024-04-07T15:00:39.662+0000] {logging_mixin.py:188} INFO - [2024-04-07T15:00:39.661+0000] {dag.py:3834} INFO - Setting next_dagrun for tutorial_objectstorage to None, run_after=None
[2024-04-07T15:00:39.756+0000] {processor.py:183} INFO - Processing /home/airflow/.local/lib/python3.8/site-packages/airflow/example_dags/tutorial_objectstorage.py took 0.192 seconds
[2024-04-07T15:01:10.669+0000] {processor.py:161} INFO - Started process (PID=2449) to work on /home/airflow/.local/lib/python3.8/site-packages/airflow/example_dags/tutorial_objectstorage.py
[2024-04-07T15:01:10.672+0000] {processor.py:830} INFO - Processing file /home/airflow/.local/lib/python3.8/site-packages/airflow/example_dags/tutorial_objectstorage.py for tasks to queue
[2024-04-07T15:01:10.675+0000] {logging_mixin.py:188} INFO - [2024-04-07T15:01:10.675+0000] {dagbag.py:540} INFO - Filling up the DagBag from /home/airflow/.local/lib/python3.8/site-packages/airflow/example_dags/tutorial_objectstorage.py
[2024-04-07T15:01:10.686+0000] {processor.py:840} INFO - DAG(s) 'tutorial_objectstorage' retrieved from /home/airflow/.local/lib/python3.8/site-packages/airflow/example_dags/tutorial_objectstorage.py
[2024-04-07T15:01:10.723+0000] {logging_mixin.py:188} INFO - [2024-04-07T15:01:10.722+0000] {dag.py:3047} INFO - Sync 1 DAGs
[2024-04-07T15:01:10.742+0000] {logging_mixin.py:188} INFO - [2024-04-07T15:01:10.742+0000] {dag.py:3834} INFO - Setting next_dagrun for tutorial_objectstorage to None, run_after=None
[2024-04-07T15:01:10.777+0000] {processor.py:183} INFO - Processing /home/airflow/.local/lib/python3.8/site-packages/airflow/example_dags/tutorial_objectstorage.py took 0.114 seconds
[2024-04-07T15:01:40.931+0000] {processor.py:161} INFO - Started process (PID=2506) to work on /home/airflow/.local/lib/python3.8/site-packages/airflow/example_dags/tutorial_objectstorage.py
[2024-04-07T15:01:40.933+0000] {processor.py:830} INFO - Processing file /home/airflow/.local/lib/python3.8/site-packages/airflow/example_dags/tutorial_objectstorage.py for tasks to queue
[2024-04-07T15:01:40.937+0000] {logging_mixin.py:188} INFO - [2024-04-07T15:01:40.936+0000] {dagbag.py:540} INFO - Filling up the DagBag from /home/airflow/.local/lib/python3.8/site-packages/airflow/example_dags/tutorial_objectstorage.py
[2024-04-07T15:01:40.949+0000] {processor.py:840} INFO - DAG(s) 'tutorial_objectstorage' retrieved from /home/airflow/.local/lib/python3.8/site-packages/airflow/example_dags/tutorial_objectstorage.py
[2024-04-07T15:01:40.983+0000] {logging_mixin.py:188} INFO - [2024-04-07T15:01:40.982+0000] {dag.py:3047} INFO - Sync 1 DAGs
[2024-04-07T15:01:41.005+0000] {logging_mixin.py:188} INFO - [2024-04-07T15:01:41.005+0000] {dag.py:3834} INFO - Setting next_dagrun for tutorial_objectstorage to None, run_after=None
[2024-04-07T15:01:41.058+0000] {processor.py:183} INFO - Processing /home/airflow/.local/lib/python3.8/site-packages/airflow/example_dags/tutorial_objectstorage.py took 0.132 seconds
[2024-04-07T15:02:11.483+0000] {processor.py:161} INFO - Started process (PID=2563) to work on /home/airflow/.local/lib/python3.8/site-packages/airflow/example_dags/tutorial_objectstorage.py
[2024-04-07T15:02:11.485+0000] {processor.py:830} INFO - Processing file /home/airflow/.local/lib/python3.8/site-packages/airflow/example_dags/tutorial_objectstorage.py for tasks to queue
[2024-04-07T15:02:11.487+0000] {logging_mixin.py:188} INFO - [2024-04-07T15:02:11.487+0000] {dagbag.py:540} INFO - Filling up the DagBag from /home/airflow/.local/lib/python3.8/site-packages/airflow/example_dags/tutorial_objectstorage.py
[2024-04-07T15:02:11.500+0000] {processor.py:840} INFO - DAG(s) 'tutorial_objectstorage' retrieved from /home/airflow/.local/lib/python3.8/site-packages/airflow/example_dags/tutorial_objectstorage.py
[2024-04-07T15:02:11.531+0000] {logging_mixin.py:188} INFO - [2024-04-07T15:02:11.531+0000] {dag.py:3047} INFO - Sync 1 DAGs
[2024-04-07T15:02:11.550+0000] {logging_mixin.py:188} INFO - [2024-04-07T15:02:11.549+0000] {dag.py:3834} INFO - Setting next_dagrun for tutorial_objectstorage to None, run_after=None
[2024-04-07T15:02:11.589+0000] {processor.py:183} INFO - Processing /home/airflow/.local/lib/python3.8/site-packages/airflow/example_dags/tutorial_objectstorage.py took 0.112 seconds
[2024-04-07T15:02:42.798+0000] {processor.py:161} INFO - Started process (PID=2621) to work on /home/airflow/.local/lib/python3.8/site-packages/airflow/example_dags/tutorial_objectstorage.py
[2024-04-07T15:02:42.817+0000] {processor.py:830} INFO - Processing file /home/airflow/.local/lib/python3.8/site-packages/airflow/example_dags/tutorial_objectstorage.py for tasks to queue
[2024-04-07T15:02:42.822+0000] {logging_mixin.py:188} INFO - [2024-04-07T15:02:42.822+0000] {dagbag.py:540} INFO - Filling up the DagBag from /home/airflow/.local/lib/python3.8/site-packages/airflow/example_dags/tutorial_objectstorage.py
[2024-04-07T15:02:42.849+0000] {processor.py:840} INFO - DAG(s) 'tutorial_objectstorage' retrieved from /home/airflow/.local/lib/python3.8/site-packages/airflow/example_dags/tutorial_objectstorage.py
[2024-04-07T15:02:42.929+0000] {logging_mixin.py:188} INFO - [2024-04-07T15:02:42.929+0000] {dag.py:3047} INFO - Sync 1 DAGs
[2024-04-07T15:02:42.982+0000] {logging_mixin.py:188} INFO - [2024-04-07T15:02:42.982+0000] {dag.py:3834} INFO - Setting next_dagrun for tutorial_objectstorage to None, run_after=None
[2024-04-07T15:02:43.051+0000] {processor.py:183} INFO - Processing /home/airflow/.local/lib/python3.8/site-packages/airflow/example_dags/tutorial_objectstorage.py took 0.268 seconds
[2024-04-07T15:03:13.312+0000] {processor.py:161} INFO - Started process (PID=2678) to work on /home/airflow/.local/lib/python3.8/site-packages/airflow/example_dags/tutorial_objectstorage.py
[2024-04-07T15:03:13.313+0000] {processor.py:830} INFO - Processing file /home/airflow/.local/lib/python3.8/site-packages/airflow/example_dags/tutorial_objectstorage.py for tasks to queue
[2024-04-07T15:03:13.316+0000] {logging_mixin.py:188} INFO - [2024-04-07T15:03:13.316+0000] {dagbag.py:540} INFO - Filling up the DagBag from /home/airflow/.local/lib/python3.8/site-packages/airflow/example_dags/tutorial_objectstorage.py
[2024-04-07T15:03:13.326+0000] {processor.py:840} INFO - DAG(s) 'tutorial_objectstorage' retrieved from /home/airflow/.local/lib/python3.8/site-packages/airflow/example_dags/tutorial_objectstorage.py
[2024-04-07T15:03:13.351+0000] {logging_mixin.py:188} INFO - [2024-04-07T15:03:13.351+0000] {dag.py:3047} INFO - Sync 1 DAGs
[2024-04-07T15:03:13.372+0000] {logging_mixin.py:188} INFO - [2024-04-07T15:03:13.371+0000] {dag.py:3834} INFO - Setting next_dagrun for tutorial_objectstorage to None, run_after=None
[2024-04-07T15:03:13.407+0000] {processor.py:183} INFO - Processing /home/airflow/.local/lib/python3.8/site-packages/airflow/example_dags/tutorial_objectstorage.py took 0.100 seconds
[2024-04-07T15:03:43.657+0000] {processor.py:161} INFO - Started process (PID=2735) to work on /home/airflow/.local/lib/python3.8/site-packages/airflow/example_dags/tutorial_objectstorage.py
[2024-04-07T15:03:43.659+0000] {processor.py:830} INFO - Processing file /home/airflow/.local/lib/python3.8/site-packages/airflow/example_dags/tutorial_objectstorage.py for tasks to queue
[2024-04-07T15:03:43.662+0000] {logging_mixin.py:188} INFO - [2024-04-07T15:03:43.661+0000] {dagbag.py:540} INFO - Filling up the DagBag from /home/airflow/.local/lib/python3.8/site-packages/airflow/example_dags/tutorial_objectstorage.py
[2024-04-07T15:03:43.672+0000] {processor.py:840} INFO - DAG(s) 'tutorial_objectstorage' retrieved from /home/airflow/.local/lib/python3.8/site-packages/airflow/example_dags/tutorial_objectstorage.py
[2024-04-07T15:03:43.701+0000] {logging_mixin.py:188} INFO - [2024-04-07T15:03:43.701+0000] {dag.py:3047} INFO - Sync 1 DAGs
[2024-04-07T15:03:43.719+0000] {logging_mixin.py:188} INFO - [2024-04-07T15:03:43.718+0000] {dag.py:3834} INFO - Setting next_dagrun for tutorial_objectstorage to None, run_after=None
[2024-04-07T15:03:43.750+0000] {processor.py:183} INFO - Processing /home/airflow/.local/lib/python3.8/site-packages/airflow/example_dags/tutorial_objectstorage.py took 0.098 seconds
[2024-04-07T15:04:13.834+0000] {processor.py:161} INFO - Started process (PID=2792) to work on /home/airflow/.local/lib/python3.8/site-packages/airflow/example_dags/tutorial_objectstorage.py
[2024-04-07T15:04:13.837+0000] {processor.py:830} INFO - Processing file /home/airflow/.local/lib/python3.8/site-packages/airflow/example_dags/tutorial_objectstorage.py for tasks to queue
[2024-04-07T15:04:13.841+0000] {logging_mixin.py:188} INFO - [2024-04-07T15:04:13.840+0000] {dagbag.py:540} INFO - Filling up the DagBag from /home/airflow/.local/lib/python3.8/site-packages/airflow/example_dags/tutorial_objectstorage.py
[2024-04-07T15:04:13.856+0000] {processor.py:840} INFO - DAG(s) 'tutorial_objectstorage' retrieved from /home/airflow/.local/lib/python3.8/site-packages/airflow/example_dags/tutorial_objectstorage.py
[2024-04-07T15:04:13.893+0000] {logging_mixin.py:188} INFO - [2024-04-07T15:04:13.893+0000] {dag.py:3047} INFO - Sync 1 DAGs
[2024-04-07T15:04:13.913+0000] {logging_mixin.py:188} INFO - [2024-04-07T15:04:13.913+0000] {dag.py:3834} INFO - Setting next_dagrun for tutorial_objectstorage to None, run_after=None
[2024-04-07T15:04:13.957+0000] {processor.py:183} INFO - Processing /home/airflow/.local/lib/python3.8/site-packages/airflow/example_dags/tutorial_objectstorage.py took 0.130 seconds
[2024-04-07T15:04:44.585+0000] {processor.py:161} INFO - Started process (PID=2849) to work on /home/airflow/.local/lib/python3.8/site-packages/airflow/example_dags/tutorial_objectstorage.py
[2024-04-07T15:04:44.588+0000] {processor.py:830} INFO - Processing file /home/airflow/.local/lib/python3.8/site-packages/airflow/example_dags/tutorial_objectstorage.py for tasks to queue
[2024-04-07T15:04:44.592+0000] {logging_mixin.py:188} INFO - [2024-04-07T15:04:44.592+0000] {dagbag.py:540} INFO - Filling up the DagBag from /home/airflow/.local/lib/python3.8/site-packages/airflow/example_dags/tutorial_objectstorage.py
[2024-04-07T15:04:44.605+0000] {processor.py:840} INFO - DAG(s) 'tutorial_objectstorage' retrieved from /home/airflow/.local/lib/python3.8/site-packages/airflow/example_dags/tutorial_objectstorage.py
[2024-04-07T15:04:44.638+0000] {logging_mixin.py:188} INFO - [2024-04-07T15:04:44.637+0000] {dag.py:3047} INFO - Sync 1 DAGs
[2024-04-07T15:04:44.656+0000] {logging_mixin.py:188} INFO - [2024-04-07T15:04:44.656+0000] {dag.py:3834} INFO - Setting next_dagrun for tutorial_objectstorage to None, run_after=None
[2024-04-07T15:04:44.703+0000] {processor.py:183} INFO - Processing /home/airflow/.local/lib/python3.8/site-packages/airflow/example_dags/tutorial_objectstorage.py took 0.122 seconds
[2024-04-07T15:05:14.957+0000] {processor.py:161} INFO - Started process (PID=2906) to work on /home/airflow/.local/lib/python3.8/site-packages/airflow/example_dags/tutorial_objectstorage.py
[2024-04-07T15:05:14.959+0000] {processor.py:830} INFO - Processing file /home/airflow/.local/lib/python3.8/site-packages/airflow/example_dags/tutorial_objectstorage.py for tasks to queue
[2024-04-07T15:05:14.964+0000] {logging_mixin.py:188} INFO - [2024-04-07T15:05:14.963+0000] {dagbag.py:540} INFO - Filling up the DagBag from /home/airflow/.local/lib/python3.8/site-packages/airflow/example_dags/tutorial_objectstorage.py
[2024-04-07T15:05:14.974+0000] {processor.py:840} INFO - DAG(s) 'tutorial_objectstorage' retrieved from /home/airflow/.local/lib/python3.8/site-packages/airflow/example_dags/tutorial_objectstorage.py
[2024-04-07T15:05:15.008+0000] {logging_mixin.py:188} INFO - [2024-04-07T15:05:15.008+0000] {dag.py:3047} INFO - Sync 1 DAGs
[2024-04-07T15:05:15.036+0000] {logging_mixin.py:188} INFO - [2024-04-07T15:05:15.035+0000] {dag.py:3834} INFO - Setting next_dagrun for tutorial_objectstorage to None, run_after=None
[2024-04-07T15:05:15.069+0000] {processor.py:183} INFO - Processing /home/airflow/.local/lib/python3.8/site-packages/airflow/example_dags/tutorial_objectstorage.py took 0.118 seconds
[2024-04-07T15:05:45.967+0000] {processor.py:161} INFO - Started process (PID=2963) to work on /home/airflow/.local/lib/python3.8/site-packages/airflow/example_dags/tutorial_objectstorage.py
[2024-04-07T15:05:45.970+0000] {processor.py:830} INFO - Processing file /home/airflow/.local/lib/python3.8/site-packages/airflow/example_dags/tutorial_objectstorage.py for tasks to queue
[2024-04-07T15:05:45.974+0000] {logging_mixin.py:188} INFO - [2024-04-07T15:05:45.973+0000] {dagbag.py:540} INFO - Filling up the DagBag from /home/airflow/.local/lib/python3.8/site-packages/airflow/example_dags/tutorial_objectstorage.py
[2024-04-07T15:05:45.983+0000] {processor.py:840} INFO - DAG(s) 'tutorial_objectstorage' retrieved from /home/airflow/.local/lib/python3.8/site-packages/airflow/example_dags/tutorial_objectstorage.py
[2024-04-07T15:05:46.014+0000] {logging_mixin.py:188} INFO - [2024-04-07T15:05:46.014+0000] {dag.py:3047} INFO - Sync 1 DAGs
[2024-04-07T15:05:46.035+0000] {logging_mixin.py:188} INFO - [2024-04-07T15:05:46.034+0000] {dag.py:3834} INFO - Setting next_dagrun for tutorial_objectstorage to None, run_after=None
[2024-04-07T15:05:46.065+0000] {processor.py:183} INFO - Processing /home/airflow/.local/lib/python3.8/site-packages/airflow/example_dags/tutorial_objectstorage.py took 0.102 seconds
[2024-04-07T15:06:16.462+0000] {processor.py:161} INFO - Started process (PID=3020) to work on /home/airflow/.local/lib/python3.8/site-packages/airflow/example_dags/tutorial_objectstorage.py
[2024-04-07T15:06:16.463+0000] {processor.py:830} INFO - Processing file /home/airflow/.local/lib/python3.8/site-packages/airflow/example_dags/tutorial_objectstorage.py for tasks to queue
[2024-04-07T15:06:16.467+0000] {logging_mixin.py:188} INFO - [2024-04-07T15:06:16.466+0000] {dagbag.py:540} INFO - Filling up the DagBag from /home/airflow/.local/lib/python3.8/site-packages/airflow/example_dags/tutorial_objectstorage.py
[2024-04-07T15:06:16.476+0000] {processor.py:840} INFO - DAG(s) 'tutorial_objectstorage' retrieved from /home/airflow/.local/lib/python3.8/site-packages/airflow/example_dags/tutorial_objectstorage.py
[2024-04-07T15:06:16.505+0000] {logging_mixin.py:188} INFO - [2024-04-07T15:06:16.504+0000] {dag.py:3047} INFO - Sync 1 DAGs
[2024-04-07T15:06:16.522+0000] {logging_mixin.py:188} INFO - [2024-04-07T15:06:16.522+0000] {dag.py:3834} INFO - Setting next_dagrun for tutorial_objectstorage to None, run_after=None
[2024-04-07T15:06:16.556+0000] {processor.py:183} INFO - Processing /home/airflow/.local/lib/python3.8/site-packages/airflow/example_dags/tutorial_objectstorage.py took 0.099 seconds
[2024-04-07T15:06:46.872+0000] {processor.py:161} INFO - Started process (PID=3077) to work on /home/airflow/.local/lib/python3.8/site-packages/airflow/example_dags/tutorial_objectstorage.py
[2024-04-07T15:06:46.874+0000] {processor.py:830} INFO - Processing file /home/airflow/.local/lib/python3.8/site-packages/airflow/example_dags/tutorial_objectstorage.py for tasks to queue
[2024-04-07T15:06:46.877+0000] {logging_mixin.py:188} INFO - [2024-04-07T15:06:46.876+0000] {dagbag.py:540} INFO - Filling up the DagBag from /home/airflow/.local/lib/python3.8/site-packages/airflow/example_dags/tutorial_objectstorage.py
[2024-04-07T15:06:46.887+0000] {processor.py:840} INFO - DAG(s) 'tutorial_objectstorage' retrieved from /home/airflow/.local/lib/python3.8/site-packages/airflow/example_dags/tutorial_objectstorage.py
[2024-04-07T15:06:46.918+0000] {logging_mixin.py:188} INFO - [2024-04-07T15:06:46.918+0000] {dag.py:3047} INFO - Sync 1 DAGs
[2024-04-07T15:06:46.941+0000] {logging_mixin.py:188} INFO - [2024-04-07T15:06:46.940+0000] {dag.py:3834} INFO - Setting next_dagrun for tutorial_objectstorage to None, run_after=None
[2024-04-07T15:06:46.984+0000] {processor.py:183} INFO - Processing /home/airflow/.local/lib/python3.8/site-packages/airflow/example_dags/tutorial_objectstorage.py took 0.117 seconds
[2024-04-07T15:07:17.147+0000] {processor.py:161} INFO - Started process (PID=3134) to work on /home/airflow/.local/lib/python3.8/site-packages/airflow/example_dags/tutorial_objectstorage.py
[2024-04-07T15:07:17.149+0000] {processor.py:830} INFO - Processing file /home/airflow/.local/lib/python3.8/site-packages/airflow/example_dags/tutorial_objectstorage.py for tasks to queue
[2024-04-07T15:07:17.154+0000] {logging_mixin.py:188} INFO - [2024-04-07T15:07:17.153+0000] {dagbag.py:540} INFO - Filling up the DagBag from /home/airflow/.local/lib/python3.8/site-packages/airflow/example_dags/tutorial_objectstorage.py
[2024-04-07T15:07:17.169+0000] {processor.py:840} INFO - DAG(s) 'tutorial_objectstorage' retrieved from /home/airflow/.local/lib/python3.8/site-packages/airflow/example_dags/tutorial_objectstorage.py
[2024-04-07T15:07:17.212+0000] {logging_mixin.py:188} INFO - [2024-04-07T15:07:17.212+0000] {dag.py:3047} INFO - Sync 1 DAGs
[2024-04-07T15:07:17.245+0000] {logging_mixin.py:188} INFO - [2024-04-07T15:07:17.244+0000] {dag.py:3834} INFO - Setting next_dagrun for tutorial_objectstorage to None, run_after=None
[2024-04-07T15:07:17.284+0000] {processor.py:183} INFO - Processing /home/airflow/.local/lib/python3.8/site-packages/airflow/example_dags/tutorial_objectstorage.py took 0.144 seconds
[2024-04-07T15:07:47.866+0000] {processor.py:161} INFO - Started process (PID=3191) to work on /home/airflow/.local/lib/python3.8/site-packages/airflow/example_dags/tutorial_objectstorage.py
[2024-04-07T15:07:47.868+0000] {processor.py:830} INFO - Processing file /home/airflow/.local/lib/python3.8/site-packages/airflow/example_dags/tutorial_objectstorage.py for tasks to queue
[2024-04-07T15:07:47.872+0000] {logging_mixin.py:188} INFO - [2024-04-07T15:07:47.871+0000] {dagbag.py:540} INFO - Filling up the DagBag from /home/airflow/.local/lib/python3.8/site-packages/airflow/example_dags/tutorial_objectstorage.py
[2024-04-07T15:07:47.884+0000] {processor.py:840} INFO - DAG(s) 'tutorial_objectstorage' retrieved from /home/airflow/.local/lib/python3.8/site-packages/airflow/example_dags/tutorial_objectstorage.py
[2024-04-07T15:07:47.916+0000] {logging_mixin.py:188} INFO - [2024-04-07T15:07:47.916+0000] {dag.py:3047} INFO - Sync 1 DAGs
[2024-04-07T15:07:47.942+0000] {logging_mixin.py:188} INFO - [2024-04-07T15:07:47.941+0000] {dag.py:3834} INFO - Setting next_dagrun for tutorial_objectstorage to None, run_after=None
[2024-04-07T15:07:47.984+0000] {processor.py:183} INFO - Processing /home/airflow/.local/lib/python3.8/site-packages/airflow/example_dags/tutorial_objectstorage.py took 0.124 seconds
[2024-04-07T15:08:18.779+0000] {processor.py:161} INFO - Started process (PID=3248) to work on /home/airflow/.local/lib/python3.8/site-packages/airflow/example_dags/tutorial_objectstorage.py
[2024-04-07T15:08:18.780+0000] {processor.py:830} INFO - Processing file /home/airflow/.local/lib/python3.8/site-packages/airflow/example_dags/tutorial_objectstorage.py for tasks to queue
[2024-04-07T15:08:18.783+0000] {logging_mixin.py:188} INFO - [2024-04-07T15:08:18.783+0000] {dagbag.py:540} INFO - Filling up the DagBag from /home/airflow/.local/lib/python3.8/site-packages/airflow/example_dags/tutorial_objectstorage.py
[2024-04-07T15:08:18.793+0000] {processor.py:840} INFO - DAG(s) 'tutorial_objectstorage' retrieved from /home/airflow/.local/lib/python3.8/site-packages/airflow/example_dags/tutorial_objectstorage.py
[2024-04-07T15:08:18.821+0000] {logging_mixin.py:188} INFO - [2024-04-07T15:08:18.821+0000] {dag.py:3047} INFO - Sync 1 DAGs
[2024-04-07T15:08:18.839+0000] {logging_mixin.py:188} INFO - [2024-04-07T15:08:18.839+0000] {dag.py:3834} INFO - Setting next_dagrun for tutorial_objectstorage to None, run_after=None
[2024-04-07T15:08:18.920+0000] {processor.py:183} INFO - Processing /home/airflow/.local/lib/python3.8/site-packages/airflow/example_dags/tutorial_objectstorage.py took 0.146 seconds
[2024-04-07T15:08:49.573+0000] {processor.py:161} INFO - Started process (PID=3305) to work on /home/airflow/.local/lib/python3.8/site-packages/airflow/example_dags/tutorial_objectstorage.py
[2024-04-07T15:08:49.580+0000] {processor.py:830} INFO - Processing file /home/airflow/.local/lib/python3.8/site-packages/airflow/example_dags/tutorial_objectstorage.py for tasks to queue
[2024-04-07T15:08:49.597+0000] {logging_mixin.py:188} INFO - [2024-04-07T15:08:49.596+0000] {dagbag.py:540} INFO - Filling up the DagBag from /home/airflow/.local/lib/python3.8/site-packages/airflow/example_dags/tutorial_objectstorage.py
[2024-04-07T15:08:49.635+0000] {processor.py:840} INFO - DAG(s) 'tutorial_objectstorage' retrieved from /home/airflow/.local/lib/python3.8/site-packages/airflow/example_dags/tutorial_objectstorage.py
[2024-04-07T15:08:49.686+0000] {logging_mixin.py:188} INFO - [2024-04-07T15:08:49.685+0000] {dag.py:3047} INFO - Sync 1 DAGs
[2024-04-07T15:08:49.720+0000] {logging_mixin.py:188} INFO - [2024-04-07T15:08:49.719+0000] {dag.py:3834} INFO - Setting next_dagrun for tutorial_objectstorage to None, run_after=None
[2024-04-07T15:08:49.777+0000] {processor.py:183} INFO - Processing /home/airflow/.local/lib/python3.8/site-packages/airflow/example_dags/tutorial_objectstorage.py took 0.225 seconds
[2024-04-07T15:09:42.700+0000] {processor.py:161} INFO - Started process (PID=3374) to work on /home/airflow/.local/lib/python3.8/site-packages/airflow/example_dags/tutorial_objectstorage.py
[2024-04-07T15:09:42.702+0000] {processor.py:830} INFO - Processing file /home/airflow/.local/lib/python3.8/site-packages/airflow/example_dags/tutorial_objectstorage.py for tasks to queue
[2024-04-07T15:09:42.717+0000] {logging_mixin.py:188} INFO - [2024-04-07T15:09:42.716+0000] {dagbag.py:540} INFO - Filling up the DagBag from /home/airflow/.local/lib/python3.8/site-packages/airflow/example_dags/tutorial_objectstorage.py
[2024-04-07T15:09:42.737+0000] {processor.py:840} INFO - DAG(s) 'tutorial_objectstorage' retrieved from /home/airflow/.local/lib/python3.8/site-packages/airflow/example_dags/tutorial_objectstorage.py
[2024-04-07T15:09:42.833+0000] {logging_mixin.py:188} INFO - [2024-04-07T15:09:42.832+0000] {dag.py:3047} INFO - Sync 1 DAGs
[2024-04-07T15:09:42.888+0000] {logging_mixin.py:188} INFO - [2024-04-07T15:09:42.888+0000] {dag.py:3834} INFO - Setting next_dagrun for tutorial_objectstorage to None, run_after=None
[2024-04-07T15:09:42.996+0000] {processor.py:183} INFO - Processing /home/airflow/.local/lib/python3.8/site-packages/airflow/example_dags/tutorial_objectstorage.py took 0.302 seconds
[2024-04-07T15:10:13.998+0000] {processor.py:161} INFO - Started process (PID=3431) to work on /home/airflow/.local/lib/python3.8/site-packages/airflow/example_dags/tutorial_objectstorage.py
[2024-04-07T15:10:14.003+0000] {processor.py:830} INFO - Processing file /home/airflow/.local/lib/python3.8/site-packages/airflow/example_dags/tutorial_objectstorage.py for tasks to queue
[2024-04-07T15:10:14.007+0000] {logging_mixin.py:188} INFO - [2024-04-07T15:10:14.007+0000] {dagbag.py:540} INFO - Filling up the DagBag from /home/airflow/.local/lib/python3.8/site-packages/airflow/example_dags/tutorial_objectstorage.py
[2024-04-07T15:10:14.050+0000] {processor.py:840} INFO - DAG(s) 'tutorial_objectstorage' retrieved from /home/airflow/.local/lib/python3.8/site-packages/airflow/example_dags/tutorial_objectstorage.py
[2024-04-07T15:10:14.148+0000] {logging_mixin.py:188} INFO - [2024-04-07T15:10:14.148+0000] {dag.py:3047} INFO - Sync 1 DAGs
[2024-04-07T15:10:14.206+0000] {logging_mixin.py:188} INFO - [2024-04-07T15:10:14.205+0000] {dag.py:3834} INFO - Setting next_dagrun for tutorial_objectstorage to None, run_after=None
[2024-04-07T15:10:14.306+0000] {processor.py:183} INFO - Processing /home/airflow/.local/lib/python3.8/site-packages/airflow/example_dags/tutorial_objectstorage.py took 0.320 seconds
[2024-04-07T15:10:44.898+0000] {processor.py:161} INFO - Started process (PID=3488) to work on /home/airflow/.local/lib/python3.8/site-packages/airflow/example_dags/tutorial_objectstorage.py
[2024-04-07T15:10:44.900+0000] {processor.py:830} INFO - Processing file /home/airflow/.local/lib/python3.8/site-packages/airflow/example_dags/tutorial_objectstorage.py for tasks to queue
[2024-04-07T15:10:44.915+0000] {logging_mixin.py:188} INFO - [2024-04-07T15:10:44.914+0000] {dagbag.py:540} INFO - Filling up the DagBag from /home/airflow/.local/lib/python3.8/site-packages/airflow/example_dags/tutorial_objectstorage.py
[2024-04-07T15:10:44.941+0000] {processor.py:840} INFO - DAG(s) 'tutorial_objectstorage' retrieved from /home/airflow/.local/lib/python3.8/site-packages/airflow/example_dags/tutorial_objectstorage.py
[2024-04-07T15:10:45.017+0000] {logging_mixin.py:188} INFO - [2024-04-07T15:10:45.017+0000] {dag.py:3047} INFO - Sync 1 DAGs
[2024-04-07T15:10:45.063+0000] {logging_mixin.py:188} INFO - [2024-04-07T15:10:45.063+0000] {dag.py:3834} INFO - Setting next_dagrun for tutorial_objectstorage to None, run_after=None
[2024-04-07T15:10:45.195+0000] {processor.py:183} INFO - Processing /home/airflow/.local/lib/python3.8/site-packages/airflow/example_dags/tutorial_objectstorage.py took 0.310 seconds
[2024-04-07T15:11:15.508+0000] {processor.py:161} INFO - Started process (PID=3544) to work on /home/airflow/.local/lib/python3.8/site-packages/airflow/example_dags/tutorial_objectstorage.py
[2024-04-07T15:11:15.510+0000] {processor.py:830} INFO - Processing file /home/airflow/.local/lib/python3.8/site-packages/airflow/example_dags/tutorial_objectstorage.py for tasks to queue
[2024-04-07T15:11:15.514+0000] {logging_mixin.py:188} INFO - [2024-04-07T15:11:15.513+0000] {dagbag.py:540} INFO - Filling up the DagBag from /home/airflow/.local/lib/python3.8/site-packages/airflow/example_dags/tutorial_objectstorage.py
[2024-04-07T15:11:15.529+0000] {processor.py:840} INFO - DAG(s) 'tutorial_objectstorage' retrieved from /home/airflow/.local/lib/python3.8/site-packages/airflow/example_dags/tutorial_objectstorage.py
[2024-04-07T15:11:15.564+0000] {logging_mixin.py:188} INFO - [2024-04-07T15:11:15.563+0000] {dag.py:3047} INFO - Sync 1 DAGs
[2024-04-07T15:11:15.587+0000] {logging_mixin.py:188} INFO - [2024-04-07T15:11:15.587+0000] {dag.py:3834} INFO - Setting next_dagrun for tutorial_objectstorage to None, run_after=None
[2024-04-07T15:11:15.645+0000] {processor.py:183} INFO - Processing /home/airflow/.local/lib/python3.8/site-packages/airflow/example_dags/tutorial_objectstorage.py took 0.145 seconds
[2024-04-07T15:11:46.328+0000] {processor.py:161} INFO - Started process (PID=3602) to work on /home/airflow/.local/lib/python3.8/site-packages/airflow/example_dags/tutorial_objectstorage.py
[2024-04-07T15:11:46.330+0000] {processor.py:830} INFO - Processing file /home/airflow/.local/lib/python3.8/site-packages/airflow/example_dags/tutorial_objectstorage.py for tasks to queue
[2024-04-07T15:11:46.332+0000] {logging_mixin.py:188} INFO - [2024-04-07T15:11:46.332+0000] {dagbag.py:540} INFO - Filling up the DagBag from /home/airflow/.local/lib/python3.8/site-packages/airflow/example_dags/tutorial_objectstorage.py
[2024-04-07T15:11:46.342+0000] {processor.py:840} INFO - DAG(s) 'tutorial_objectstorage' retrieved from /home/airflow/.local/lib/python3.8/site-packages/airflow/example_dags/tutorial_objectstorage.py
[2024-04-07T15:11:46.371+0000] {logging_mixin.py:188} INFO - [2024-04-07T15:11:46.371+0000] {dag.py:3047} INFO - Sync 1 DAGs
[2024-04-07T15:11:46.390+0000] {logging_mixin.py:188} INFO - [2024-04-07T15:11:46.390+0000] {dag.py:3834} INFO - Setting next_dagrun for tutorial_objectstorage to None, run_after=None
[2024-04-07T15:11:46.429+0000] {processor.py:183} INFO - Processing /home/airflow/.local/lib/python3.8/site-packages/airflow/example_dags/tutorial_objectstorage.py took 0.106 seconds
