[2024-04-07T14:39:21.093+0000] {processor.py:161} INFO - Started process (PID=57) to work on /home/airflow/.local/lib/python3.8/site-packages/airflow/example_dags/tutorial_dag.py
[2024-04-07T14:39:21.096+0000] {processor.py:830} INFO - Processing file /home/airflow/.local/lib/python3.8/site-packages/airflow/example_dags/tutorial_dag.py for tasks to queue
[2024-04-07T14:39:21.100+0000] {logging_mixin.py:188} INFO - [2024-04-07T14:39:21.099+0000] {dagbag.py:540} INFO - Filling up the DagBag from /home/airflow/.local/lib/python3.8/site-packages/airflow/example_dags/tutorial_dag.py
[2024-04-07T14:39:21.135+0000] {processor.py:840} INFO - DAG(s) 'tutorial_dag' retrieved from /home/airflow/.local/lib/python3.8/site-packages/airflow/example_dags/tutorial_dag.py
[2024-04-07T14:39:21.393+0000] {logging_mixin.py:188} INFO - [2024-04-07T14:39:21.392+0000] {dag.py:3047} INFO - Sync 1 DAGs
[2024-04-07T14:39:21.426+0000] {logging_mixin.py:188} INFO - [2024-04-07T14:39:21.426+0000] {dag.py:3834} INFO - Setting next_dagrun for tutorial_dag to None, run_after=None
[2024-04-07T14:39:21.874+0000] {processor.py:183} INFO - Processing /home/airflow/.local/lib/python3.8/site-packages/airflow/example_dags/tutorial_dag.py took 0.793 seconds
[2024-04-07T14:39:53.107+0000] {processor.py:161} INFO - Started process (PID=114) to work on /home/airflow/.local/lib/python3.8/site-packages/airflow/example_dags/tutorial_dag.py
[2024-04-07T14:39:53.110+0000] {processor.py:830} INFO - Processing file /home/airflow/.local/lib/python3.8/site-packages/airflow/example_dags/tutorial_dag.py for tasks to queue
[2024-04-07T14:39:53.114+0000] {logging_mixin.py:188} INFO - [2024-04-07T14:39:53.114+0000] {dagbag.py:540} INFO - Filling up the DagBag from /home/airflow/.local/lib/python3.8/site-packages/airflow/example_dags/tutorial_dag.py
[2024-04-07T14:39:53.130+0000] {processor.py:840} INFO - DAG(s) 'tutorial_dag' retrieved from /home/airflow/.local/lib/python3.8/site-packages/airflow/example_dags/tutorial_dag.py
[2024-04-07T14:39:53.239+0000] {logging_mixin.py:188} INFO - [2024-04-07T14:39:53.238+0000] {dag.py:3047} INFO - Sync 1 DAGs
[2024-04-07T14:39:53.272+0000] {logging_mixin.py:188} INFO - [2024-04-07T14:39:53.272+0000] {dag.py:3834} INFO - Setting next_dagrun for tutorial_dag to None, run_after=None
[2024-04-07T14:39:53.423+0000] {processor.py:183} INFO - Processing /home/airflow/.local/lib/python3.8/site-packages/airflow/example_dags/tutorial_dag.py took 0.324 seconds
[2024-04-07T14:40:27.296+0000] {processor.py:161} INFO - Started process (PID=171) to work on /home/airflow/.local/lib/python3.8/site-packages/airflow/example_dags/tutorial_dag.py
[2024-04-07T14:40:27.301+0000] {processor.py:830} INFO - Processing file /home/airflow/.local/lib/python3.8/site-packages/airflow/example_dags/tutorial_dag.py for tasks to queue
[2024-04-07T14:40:27.304+0000] {logging_mixin.py:188} INFO - [2024-04-07T14:40:27.304+0000] {dagbag.py:540} INFO - Filling up the DagBag from /home/airflow/.local/lib/python3.8/site-packages/airflow/example_dags/tutorial_dag.py
[2024-04-07T14:40:27.334+0000] {processor.py:840} INFO - DAG(s) 'tutorial_dag' retrieved from /home/airflow/.local/lib/python3.8/site-packages/airflow/example_dags/tutorial_dag.py
[2024-04-07T14:40:27.468+0000] {logging_mixin.py:188} INFO - [2024-04-07T14:40:27.468+0000] {dag.py:3047} INFO - Sync 1 DAGs
[2024-04-07T14:40:27.562+0000] {logging_mixin.py:188} INFO - [2024-04-07T14:40:27.562+0000] {dag.py:3834} INFO - Setting next_dagrun for tutorial_dag to None, run_after=None
[2024-04-07T14:40:27.655+0000] {processor.py:183} INFO - Processing /home/airflow/.local/lib/python3.8/site-packages/airflow/example_dags/tutorial_dag.py took 0.381 seconds
[2024-04-07T14:40:58.219+0000] {processor.py:161} INFO - Started process (PID=228) to work on /home/airflow/.local/lib/python3.8/site-packages/airflow/example_dags/tutorial_dag.py
[2024-04-07T14:40:58.224+0000] {processor.py:830} INFO - Processing file /home/airflow/.local/lib/python3.8/site-packages/airflow/example_dags/tutorial_dag.py for tasks to queue
[2024-04-07T14:40:58.231+0000] {logging_mixin.py:188} INFO - [2024-04-07T14:40:58.230+0000] {dagbag.py:540} INFO - Filling up the DagBag from /home/airflow/.local/lib/python3.8/site-packages/airflow/example_dags/tutorial_dag.py
[2024-04-07T14:40:58.247+0000] {processor.py:840} INFO - DAG(s) 'tutorial_dag' retrieved from /home/airflow/.local/lib/python3.8/site-packages/airflow/example_dags/tutorial_dag.py
[2024-04-07T14:40:58.292+0000] {logging_mixin.py:188} INFO - [2024-04-07T14:40:58.291+0000] {dag.py:3047} INFO - Sync 1 DAGs
[2024-04-07T14:40:58.348+0000] {logging_mixin.py:188} INFO - [2024-04-07T14:40:58.347+0000] {dag.py:3834} INFO - Setting next_dagrun for tutorial_dag to None, run_after=None
[2024-04-07T14:40:58.478+0000] {processor.py:183} INFO - Processing /home/airflow/.local/lib/python3.8/site-packages/airflow/example_dags/tutorial_dag.py took 0.267 seconds
[2024-04-07T14:41:33.523+0000] {processor.py:161} INFO - Started process (PID=291) to work on /home/airflow/.local/lib/python3.8/site-packages/airflow/example_dags/tutorial_dag.py
[2024-04-07T14:41:33.529+0000] {processor.py:830} INFO - Processing file /home/airflow/.local/lib/python3.8/site-packages/airflow/example_dags/tutorial_dag.py for tasks to queue
[2024-04-07T14:41:33.534+0000] {logging_mixin.py:188} INFO - [2024-04-07T14:41:33.533+0000] {dagbag.py:540} INFO - Filling up the DagBag from /home/airflow/.local/lib/python3.8/site-packages/airflow/example_dags/tutorial_dag.py
[2024-04-07T14:41:33.546+0000] {processor.py:840} INFO - DAG(s) 'tutorial_dag' retrieved from /home/airflow/.local/lib/python3.8/site-packages/airflow/example_dags/tutorial_dag.py
[2024-04-07T14:41:33.597+0000] {logging_mixin.py:188} INFO - [2024-04-07T14:41:33.596+0000] {dag.py:3047} INFO - Sync 1 DAGs
[2024-04-07T14:41:33.633+0000] {logging_mixin.py:188} INFO - [2024-04-07T14:41:33.632+0000] {dag.py:3834} INFO - Setting next_dagrun for tutorial_dag to None, run_after=None
[2024-04-07T14:41:33.713+0000] {processor.py:183} INFO - Processing /home/airflow/.local/lib/python3.8/site-packages/airflow/example_dags/tutorial_dag.py took 0.198 seconds
[2024-04-07T14:42:05.435+0000] {processor.py:161} INFO - Started process (PID=348) to work on /home/airflow/.local/lib/python3.8/site-packages/airflow/example_dags/tutorial_dag.py
[2024-04-07T14:42:05.443+0000] {processor.py:830} INFO - Processing file /home/airflow/.local/lib/python3.8/site-packages/airflow/example_dags/tutorial_dag.py for tasks to queue
[2024-04-07T14:42:05.451+0000] {logging_mixin.py:188} INFO - [2024-04-07T14:42:05.450+0000] {dagbag.py:540} INFO - Filling up the DagBag from /home/airflow/.local/lib/python3.8/site-packages/airflow/example_dags/tutorial_dag.py
[2024-04-07T14:42:05.484+0000] {processor.py:840} INFO - DAG(s) 'tutorial_dag' retrieved from /home/airflow/.local/lib/python3.8/site-packages/airflow/example_dags/tutorial_dag.py
[2024-04-07T14:42:05.592+0000] {logging_mixin.py:188} INFO - [2024-04-07T14:42:05.592+0000] {dag.py:3047} INFO - Sync 1 DAGs
[2024-04-07T14:42:05.650+0000] {logging_mixin.py:188} INFO - [2024-04-07T14:42:05.650+0000] {dag.py:3834} INFO - Setting next_dagrun for tutorial_dag to None, run_after=None
[2024-04-07T14:42:05.734+0000] {processor.py:183} INFO - Processing /home/airflow/.local/lib/python3.8/site-packages/airflow/example_dags/tutorial_dag.py took 0.309 seconds
[2024-04-07T14:42:35.933+0000] {processor.py:161} INFO - Started process (PID=405) to work on /home/airflow/.local/lib/python3.8/site-packages/airflow/example_dags/tutorial_dag.py
[2024-04-07T14:42:35.937+0000] {processor.py:830} INFO - Processing file /home/airflow/.local/lib/python3.8/site-packages/airflow/example_dags/tutorial_dag.py for tasks to queue
[2024-04-07T14:42:35.941+0000] {logging_mixin.py:188} INFO - [2024-04-07T14:42:35.940+0000] {dagbag.py:540} INFO - Filling up the DagBag from /home/airflow/.local/lib/python3.8/site-packages/airflow/example_dags/tutorial_dag.py
[2024-04-07T14:42:35.963+0000] {processor.py:840} INFO - DAG(s) 'tutorial_dag' retrieved from /home/airflow/.local/lib/python3.8/site-packages/airflow/example_dags/tutorial_dag.py
[2024-04-07T14:42:36.047+0000] {logging_mixin.py:188} INFO - [2024-04-07T14:42:36.044+0000] {dag.py:3047} INFO - Sync 1 DAGs
[2024-04-07T14:42:36.105+0000] {logging_mixin.py:188} INFO - [2024-04-07T14:42:36.104+0000] {dag.py:3834} INFO - Setting next_dagrun for tutorial_dag to None, run_after=None
[2024-04-07T14:42:36.201+0000] {processor.py:183} INFO - Processing /home/airflow/.local/lib/python3.8/site-packages/airflow/example_dags/tutorial_dag.py took 0.280 seconds
[2024-04-07T14:43:08.058+0000] {processor.py:161} INFO - Started process (PID=463) to work on /home/airflow/.local/lib/python3.8/site-packages/airflow/example_dags/tutorial_dag.py
[2024-04-07T14:43:08.079+0000] {processor.py:830} INFO - Processing file /home/airflow/.local/lib/python3.8/site-packages/airflow/example_dags/tutorial_dag.py for tasks to queue
[2024-04-07T14:43:08.088+0000] {logging_mixin.py:188} INFO - [2024-04-07T14:43:08.088+0000] {dagbag.py:540} INFO - Filling up the DagBag from /home/airflow/.local/lib/python3.8/site-packages/airflow/example_dags/tutorial_dag.py
[2024-04-07T14:43:08.127+0000] {processor.py:840} INFO - DAG(s) 'tutorial_dag' retrieved from /home/airflow/.local/lib/python3.8/site-packages/airflow/example_dags/tutorial_dag.py
[2024-04-07T14:43:08.258+0000] {logging_mixin.py:188} INFO - [2024-04-07T14:43:08.258+0000] {dag.py:3047} INFO - Sync 1 DAGs
[2024-04-07T14:43:08.358+0000] {logging_mixin.py:188} INFO - [2024-04-07T14:43:08.357+0000] {dag.py:3834} INFO - Setting next_dagrun for tutorial_dag to None, run_after=None
[2024-04-07T14:43:08.498+0000] {processor.py:183} INFO - Processing /home/airflow/.local/lib/python3.8/site-packages/airflow/example_dags/tutorial_dag.py took 0.461 seconds
[2024-04-07T14:43:39.561+0000] {processor.py:161} INFO - Started process (PID=520) to work on /home/airflow/.local/lib/python3.8/site-packages/airflow/example_dags/tutorial_dag.py
[2024-04-07T14:43:39.563+0000] {processor.py:830} INFO - Processing file /home/airflow/.local/lib/python3.8/site-packages/airflow/example_dags/tutorial_dag.py for tasks to queue
[2024-04-07T14:43:39.568+0000] {logging_mixin.py:188} INFO - [2024-04-07T14:43:39.567+0000] {dagbag.py:540} INFO - Filling up the DagBag from /home/airflow/.local/lib/python3.8/site-packages/airflow/example_dags/tutorial_dag.py
[2024-04-07T14:43:39.591+0000] {processor.py:840} INFO - DAG(s) 'tutorial_dag' retrieved from /home/airflow/.local/lib/python3.8/site-packages/airflow/example_dags/tutorial_dag.py
[2024-04-07T14:43:39.729+0000] {logging_mixin.py:188} INFO - [2024-04-07T14:43:39.728+0000] {dag.py:3047} INFO - Sync 1 DAGs
[2024-04-07T14:43:39.802+0000] {logging_mixin.py:188} INFO - [2024-04-07T14:43:39.801+0000] {dag.py:3834} INFO - Setting next_dagrun for tutorial_dag to None, run_after=None
[2024-04-07T14:43:39.879+0000] {processor.py:183} INFO - Processing /home/airflow/.local/lib/python3.8/site-packages/airflow/example_dags/tutorial_dag.py took 0.333 seconds
[2024-04-07T14:44:09.954+0000] {processor.py:161} INFO - Started process (PID=576) to work on /home/airflow/.local/lib/python3.8/site-packages/airflow/example_dags/tutorial_dag.py
[2024-04-07T14:44:09.957+0000] {processor.py:830} INFO - Processing file /home/airflow/.local/lib/python3.8/site-packages/airflow/example_dags/tutorial_dag.py for tasks to queue
[2024-04-07T14:44:09.961+0000] {logging_mixin.py:188} INFO - [2024-04-07T14:44:09.960+0000] {dagbag.py:540} INFO - Filling up the DagBag from /home/airflow/.local/lib/python3.8/site-packages/airflow/example_dags/tutorial_dag.py
[2024-04-07T14:44:09.978+0000] {processor.py:840} INFO - DAG(s) 'tutorial_dag' retrieved from /home/airflow/.local/lib/python3.8/site-packages/airflow/example_dags/tutorial_dag.py
[2024-04-07T14:44:10.093+0000] {logging_mixin.py:188} INFO - [2024-04-07T14:44:10.092+0000] {dag.py:3047} INFO - Sync 1 DAGs
[2024-04-07T14:44:10.190+0000] {logging_mixin.py:188} INFO - [2024-04-07T14:44:10.189+0000] {dag.py:3834} INFO - Setting next_dagrun for tutorial_dag to None, run_after=None
[2024-04-07T14:44:10.290+0000] {processor.py:183} INFO - Processing /home/airflow/.local/lib/python3.8/site-packages/airflow/example_dags/tutorial_dag.py took 0.344 seconds
[2024-04-07T14:44:46.905+0000] {processor.py:161} INFO - Started process (PID=632) to work on /home/airflow/.local/lib/python3.8/site-packages/airflow/example_dags/tutorial_dag.py
[2024-04-07T14:44:46.915+0000] {processor.py:830} INFO - Processing file /home/airflow/.local/lib/python3.8/site-packages/airflow/example_dags/tutorial_dag.py for tasks to queue
[2024-04-07T14:44:46.927+0000] {logging_mixin.py:188} INFO - [2024-04-07T14:44:46.926+0000] {dagbag.py:540} INFO - Filling up the DagBag from /home/airflow/.local/lib/python3.8/site-packages/airflow/example_dags/tutorial_dag.py
[2024-04-07T14:44:46.970+0000] {processor.py:840} INFO - DAG(s) 'tutorial_dag' retrieved from /home/airflow/.local/lib/python3.8/site-packages/airflow/example_dags/tutorial_dag.py
[2024-04-07T14:44:47.121+0000] {logging_mixin.py:188} INFO - [2024-04-07T14:44:47.120+0000] {dag.py:3047} INFO - Sync 1 DAGs
[2024-04-07T14:44:47.232+0000] {logging_mixin.py:188} INFO - [2024-04-07T14:44:47.232+0000] {dag.py:3834} INFO - Setting next_dagrun for tutorial_dag to None, run_after=None
[2024-04-07T14:44:47.637+0000] {processor.py:183} INFO - Processing /home/airflow/.local/lib/python3.8/site-packages/airflow/example_dags/tutorial_dag.py took 0.751 seconds
[2024-04-07T14:45:17.998+0000] {processor.py:161} INFO - Started process (PID=689) to work on /home/airflow/.local/lib/python3.8/site-packages/airflow/example_dags/tutorial_dag.py
[2024-04-07T14:45:18.001+0000] {processor.py:830} INFO - Processing file /home/airflow/.local/lib/python3.8/site-packages/airflow/example_dags/tutorial_dag.py for tasks to queue
[2024-04-07T14:45:18.005+0000] {logging_mixin.py:188} INFO - [2024-04-07T14:45:18.004+0000] {dagbag.py:540} INFO - Filling up the DagBag from /home/airflow/.local/lib/python3.8/site-packages/airflow/example_dags/tutorial_dag.py
[2024-04-07T14:45:18.015+0000] {processor.py:840} INFO - DAG(s) 'tutorial_dag' retrieved from /home/airflow/.local/lib/python3.8/site-packages/airflow/example_dags/tutorial_dag.py
[2024-04-07T14:45:18.061+0000] {logging_mixin.py:188} INFO - [2024-04-07T14:45:18.060+0000] {dag.py:3047} INFO - Sync 1 DAGs
[2024-04-07T14:45:18.101+0000] {logging_mixin.py:188} INFO - [2024-04-07T14:45:18.101+0000] {dag.py:3834} INFO - Setting next_dagrun for tutorial_dag to None, run_after=None
[2024-04-07T14:45:18.156+0000] {processor.py:183} INFO - Processing /home/airflow/.local/lib/python3.8/site-packages/airflow/example_dags/tutorial_dag.py took 0.166 seconds
[2024-04-07T14:45:48.358+0000] {processor.py:161} INFO - Started process (PID=746) to work on /home/airflow/.local/lib/python3.8/site-packages/airflow/example_dags/tutorial_dag.py
[2024-04-07T14:45:48.360+0000] {processor.py:830} INFO - Processing file /home/airflow/.local/lib/python3.8/site-packages/airflow/example_dags/tutorial_dag.py for tasks to queue
[2024-04-07T14:45:48.363+0000] {logging_mixin.py:188} INFO - [2024-04-07T14:45:48.363+0000] {dagbag.py:540} INFO - Filling up the DagBag from /home/airflow/.local/lib/python3.8/site-packages/airflow/example_dags/tutorial_dag.py
[2024-04-07T14:45:48.372+0000] {processor.py:840} INFO - DAG(s) 'tutorial_dag' retrieved from /home/airflow/.local/lib/python3.8/site-packages/airflow/example_dags/tutorial_dag.py
[2024-04-07T14:45:48.405+0000] {logging_mixin.py:188} INFO - [2024-04-07T14:45:48.405+0000] {dag.py:3047} INFO - Sync 1 DAGs
[2024-04-07T14:45:48.427+0000] {logging_mixin.py:188} INFO - [2024-04-07T14:45:48.427+0000] {dag.py:3834} INFO - Setting next_dagrun for tutorial_dag to None, run_after=None
[2024-04-07T14:45:48.615+0000] {processor.py:183} INFO - Processing /home/airflow/.local/lib/python3.8/site-packages/airflow/example_dags/tutorial_dag.py took 0.263 seconds
[2024-04-07T14:46:18.817+0000] {processor.py:161} INFO - Started process (PID=803) to work on /home/airflow/.local/lib/python3.8/site-packages/airflow/example_dags/tutorial_dag.py
[2024-04-07T14:46:18.822+0000] {processor.py:830} INFO - Processing file /home/airflow/.local/lib/python3.8/site-packages/airflow/example_dags/tutorial_dag.py for tasks to queue
[2024-04-07T14:46:18.826+0000] {logging_mixin.py:188} INFO - [2024-04-07T14:46:18.826+0000] {dagbag.py:540} INFO - Filling up the DagBag from /home/airflow/.local/lib/python3.8/site-packages/airflow/example_dags/tutorial_dag.py
[2024-04-07T14:46:18.839+0000] {processor.py:840} INFO - DAG(s) 'tutorial_dag' retrieved from /home/airflow/.local/lib/python3.8/site-packages/airflow/example_dags/tutorial_dag.py
[2024-04-07T14:46:18.875+0000] {logging_mixin.py:188} INFO - [2024-04-07T14:46:18.875+0000] {dag.py:3047} INFO - Sync 1 DAGs
[2024-04-07T14:46:18.903+0000] {logging_mixin.py:188} INFO - [2024-04-07T14:46:18.903+0000] {dag.py:3834} INFO - Setting next_dagrun for tutorial_dag to None, run_after=None
[2024-04-07T14:46:18.972+0000] {processor.py:183} INFO - Processing /home/airflow/.local/lib/python3.8/site-packages/airflow/example_dags/tutorial_dag.py took 0.163 seconds
[2024-04-07T14:46:49.519+0000] {processor.py:161} INFO - Started process (PID=860) to work on /home/airflow/.local/lib/python3.8/site-packages/airflow/example_dags/tutorial_dag.py
[2024-04-07T14:46:49.523+0000] {processor.py:830} INFO - Processing file /home/airflow/.local/lib/python3.8/site-packages/airflow/example_dags/tutorial_dag.py for tasks to queue
[2024-04-07T14:46:49.526+0000] {logging_mixin.py:188} INFO - [2024-04-07T14:46:49.525+0000] {dagbag.py:540} INFO - Filling up the DagBag from /home/airflow/.local/lib/python3.8/site-packages/airflow/example_dags/tutorial_dag.py
[2024-04-07T14:46:49.537+0000] {processor.py:840} INFO - DAG(s) 'tutorial_dag' retrieved from /home/airflow/.local/lib/python3.8/site-packages/airflow/example_dags/tutorial_dag.py
[2024-04-07T14:46:49.581+0000] {logging_mixin.py:188} INFO - [2024-04-07T14:46:49.580+0000] {dag.py:3047} INFO - Sync 1 DAGs
[2024-04-07T14:46:49.609+0000] {logging_mixin.py:188} INFO - [2024-04-07T14:46:49.609+0000] {dag.py:3834} INFO - Setting next_dagrun for tutorial_dag to None, run_after=None
[2024-04-07T14:46:49.694+0000] {processor.py:183} INFO - Processing /home/airflow/.local/lib/python3.8/site-packages/airflow/example_dags/tutorial_dag.py took 0.181 seconds
[2024-04-07T14:47:20.011+0000] {processor.py:161} INFO - Started process (PID=917) to work on /home/airflow/.local/lib/python3.8/site-packages/airflow/example_dags/tutorial_dag.py
[2024-04-07T14:47:20.014+0000] {processor.py:830} INFO - Processing file /home/airflow/.local/lib/python3.8/site-packages/airflow/example_dags/tutorial_dag.py for tasks to queue
[2024-04-07T14:47:20.018+0000] {logging_mixin.py:188} INFO - [2024-04-07T14:47:20.017+0000] {dagbag.py:540} INFO - Filling up the DagBag from /home/airflow/.local/lib/python3.8/site-packages/airflow/example_dags/tutorial_dag.py
[2024-04-07T14:47:20.030+0000] {processor.py:840} INFO - DAG(s) 'tutorial_dag' retrieved from /home/airflow/.local/lib/python3.8/site-packages/airflow/example_dags/tutorial_dag.py
[2024-04-07T14:47:20.079+0000] {logging_mixin.py:188} INFO - [2024-04-07T14:47:20.078+0000] {dag.py:3047} INFO - Sync 1 DAGs
[2024-04-07T14:47:20.108+0000] {logging_mixin.py:188} INFO - [2024-04-07T14:47:20.108+0000] {dag.py:3834} INFO - Setting next_dagrun for tutorial_dag to None, run_after=None
[2024-04-07T14:47:20.146+0000] {processor.py:183} INFO - Processing /home/airflow/.local/lib/python3.8/site-packages/airflow/example_dags/tutorial_dag.py took 0.142 seconds
[2024-04-07T14:47:50.565+0000] {processor.py:161} INFO - Started process (PID=973) to work on /home/airflow/.local/lib/python3.8/site-packages/airflow/example_dags/tutorial_dag.py
[2024-04-07T14:47:50.568+0000] {processor.py:830} INFO - Processing file /home/airflow/.local/lib/python3.8/site-packages/airflow/example_dags/tutorial_dag.py for tasks to queue
[2024-04-07T14:47:50.571+0000] {logging_mixin.py:188} INFO - [2024-04-07T14:47:50.571+0000] {dagbag.py:540} INFO - Filling up the DagBag from /home/airflow/.local/lib/python3.8/site-packages/airflow/example_dags/tutorial_dag.py
[2024-04-07T14:47:50.584+0000] {processor.py:840} INFO - DAG(s) 'tutorial_dag' retrieved from /home/airflow/.local/lib/python3.8/site-packages/airflow/example_dags/tutorial_dag.py
[2024-04-07T14:47:50.637+0000] {logging_mixin.py:188} INFO - [2024-04-07T14:47:50.637+0000] {dag.py:3047} INFO - Sync 1 DAGs
[2024-04-07T14:47:50.705+0000] {logging_mixin.py:188} INFO - [2024-04-07T14:47:50.705+0000] {dag.py:3834} INFO - Setting next_dagrun for tutorial_dag to None, run_after=None
[2024-04-07T14:47:50.762+0000] {processor.py:183} INFO - Processing /home/airflow/.local/lib/python3.8/site-packages/airflow/example_dags/tutorial_dag.py took 0.205 seconds
[2024-04-07T14:48:21.006+0000] {processor.py:161} INFO - Started process (PID=1030) to work on /home/airflow/.local/lib/python3.8/site-packages/airflow/example_dags/tutorial_dag.py
[2024-04-07T14:48:21.008+0000] {processor.py:830} INFO - Processing file /home/airflow/.local/lib/python3.8/site-packages/airflow/example_dags/tutorial_dag.py for tasks to queue
[2024-04-07T14:48:21.014+0000] {logging_mixin.py:188} INFO - [2024-04-07T14:48:21.013+0000] {dagbag.py:540} INFO - Filling up the DagBag from /home/airflow/.local/lib/python3.8/site-packages/airflow/example_dags/tutorial_dag.py
[2024-04-07T14:48:21.024+0000] {processor.py:840} INFO - DAG(s) 'tutorial_dag' retrieved from /home/airflow/.local/lib/python3.8/site-packages/airflow/example_dags/tutorial_dag.py
[2024-04-07T14:48:21.060+0000] {logging_mixin.py:188} INFO - [2024-04-07T14:48:21.059+0000] {dag.py:3047} INFO - Sync 1 DAGs
[2024-04-07T14:48:21.081+0000] {logging_mixin.py:188} INFO - [2024-04-07T14:48:21.081+0000] {dag.py:3834} INFO - Setting next_dagrun for tutorial_dag to None, run_after=None
[2024-04-07T14:48:21.129+0000] {processor.py:183} INFO - Processing /home/airflow/.local/lib/python3.8/site-packages/airflow/example_dags/tutorial_dag.py took 0.129 seconds
[2024-04-07T14:48:52.082+0000] {processor.py:161} INFO - Started process (PID=1087) to work on /home/airflow/.local/lib/python3.8/site-packages/airflow/example_dags/tutorial_dag.py
[2024-04-07T14:48:52.084+0000] {processor.py:830} INFO - Processing file /home/airflow/.local/lib/python3.8/site-packages/airflow/example_dags/tutorial_dag.py for tasks to queue
[2024-04-07T14:48:52.089+0000] {logging_mixin.py:188} INFO - [2024-04-07T14:48:52.088+0000] {dagbag.py:540} INFO - Filling up the DagBag from /home/airflow/.local/lib/python3.8/site-packages/airflow/example_dags/tutorial_dag.py
[2024-04-07T14:48:52.113+0000] {processor.py:840} INFO - DAG(s) 'tutorial_dag' retrieved from /home/airflow/.local/lib/python3.8/site-packages/airflow/example_dags/tutorial_dag.py
[2024-04-07T14:48:52.166+0000] {logging_mixin.py:188} INFO - [2024-04-07T14:48:52.166+0000] {dag.py:3047} INFO - Sync 1 DAGs
[2024-04-07T14:48:52.207+0000] {logging_mixin.py:188} INFO - [2024-04-07T14:48:52.206+0000] {dag.py:3834} INFO - Setting next_dagrun for tutorial_dag to None, run_after=None
[2024-04-07T14:48:52.285+0000] {processor.py:183} INFO - Processing /home/airflow/.local/lib/python3.8/site-packages/airflow/example_dags/tutorial_dag.py took 0.212 seconds
[2024-04-07T14:49:22.882+0000] {processor.py:161} INFO - Started process (PID=1144) to work on /home/airflow/.local/lib/python3.8/site-packages/airflow/example_dags/tutorial_dag.py
[2024-04-07T14:49:22.885+0000] {processor.py:830} INFO - Processing file /home/airflow/.local/lib/python3.8/site-packages/airflow/example_dags/tutorial_dag.py for tasks to queue
[2024-04-07T14:49:22.891+0000] {logging_mixin.py:188} INFO - [2024-04-07T14:49:22.891+0000] {dagbag.py:540} INFO - Filling up the DagBag from /home/airflow/.local/lib/python3.8/site-packages/airflow/example_dags/tutorial_dag.py
[2024-04-07T14:49:22.906+0000] {processor.py:840} INFO - DAG(s) 'tutorial_dag' retrieved from /home/airflow/.local/lib/python3.8/site-packages/airflow/example_dags/tutorial_dag.py
[2024-04-07T14:49:22.965+0000] {logging_mixin.py:188} INFO - [2024-04-07T14:49:22.964+0000] {dag.py:3047} INFO - Sync 1 DAGs
[2024-04-07T14:49:23.022+0000] {logging_mixin.py:188} INFO - [2024-04-07T14:49:23.014+0000] {dag.py:3834} INFO - Setting next_dagrun for tutorial_dag to None, run_after=None
[2024-04-07T14:49:23.169+0000] {processor.py:183} INFO - Processing /home/airflow/.local/lib/python3.8/site-packages/airflow/example_dags/tutorial_dag.py took 0.294 seconds
[2024-04-07T14:49:54.640+0000] {processor.py:161} INFO - Started process (PID=1201) to work on /home/airflow/.local/lib/python3.8/site-packages/airflow/example_dags/tutorial_dag.py
[2024-04-07T14:49:54.645+0000] {processor.py:830} INFO - Processing file /home/airflow/.local/lib/python3.8/site-packages/airflow/example_dags/tutorial_dag.py for tasks to queue
[2024-04-07T14:49:54.660+0000] {logging_mixin.py:188} INFO - [2024-04-07T14:49:54.659+0000] {dagbag.py:540} INFO - Filling up the DagBag from /home/airflow/.local/lib/python3.8/site-packages/airflow/example_dags/tutorial_dag.py
[2024-04-07T14:49:54.672+0000] {processor.py:840} INFO - DAG(s) 'tutorial_dag' retrieved from /home/airflow/.local/lib/python3.8/site-packages/airflow/example_dags/tutorial_dag.py
[2024-04-07T14:49:54.747+0000] {logging_mixin.py:188} INFO - [2024-04-07T14:49:54.747+0000] {dag.py:3047} INFO - Sync 1 DAGs
[2024-04-07T14:49:54.822+0000] {logging_mixin.py:188} INFO - [2024-04-07T14:49:54.821+0000] {dag.py:3834} INFO - Setting next_dagrun for tutorial_dag to None, run_after=None
[2024-04-07T14:49:54.898+0000] {processor.py:183} INFO - Processing /home/airflow/.local/lib/python3.8/site-packages/airflow/example_dags/tutorial_dag.py took 0.277 seconds
[2024-04-07T14:50:26.787+0000] {processor.py:161} INFO - Started process (PID=1257) to work on /home/airflow/.local/lib/python3.8/site-packages/airflow/example_dags/tutorial_dag.py
[2024-04-07T14:50:26.790+0000] {processor.py:830} INFO - Processing file /home/airflow/.local/lib/python3.8/site-packages/airflow/example_dags/tutorial_dag.py for tasks to queue
[2024-04-07T14:50:26.794+0000] {logging_mixin.py:188} INFO - [2024-04-07T14:50:26.793+0000] {dagbag.py:540} INFO - Filling up the DagBag from /home/airflow/.local/lib/python3.8/site-packages/airflow/example_dags/tutorial_dag.py
[2024-04-07T14:50:26.806+0000] {processor.py:840} INFO - DAG(s) 'tutorial_dag' retrieved from /home/airflow/.local/lib/python3.8/site-packages/airflow/example_dags/tutorial_dag.py
[2024-04-07T14:50:26.852+0000] {logging_mixin.py:188} INFO - [2024-04-07T14:50:26.852+0000] {dag.py:3047} INFO - Sync 1 DAGs
[2024-04-07T14:50:26.895+0000] {logging_mixin.py:188} INFO - [2024-04-07T14:50:26.895+0000] {dag.py:3834} INFO - Setting next_dagrun for tutorial_dag to None, run_after=None
[2024-04-07T14:50:27.466+0000] {processor.py:183} INFO - Processing /home/airflow/.local/lib/python3.8/site-packages/airflow/example_dags/tutorial_dag.py took 0.686 seconds
[2024-04-07T14:50:58.313+0000] {processor.py:161} INFO - Started process (PID=1315) to work on /home/airflow/.local/lib/python3.8/site-packages/airflow/example_dags/tutorial_dag.py
[2024-04-07T14:50:58.316+0000] {processor.py:830} INFO - Processing file /home/airflow/.local/lib/python3.8/site-packages/airflow/example_dags/tutorial_dag.py for tasks to queue
[2024-04-07T14:50:58.321+0000] {logging_mixin.py:188} INFO - [2024-04-07T14:50:58.320+0000] {dagbag.py:540} INFO - Filling up the DagBag from /home/airflow/.local/lib/python3.8/site-packages/airflow/example_dags/tutorial_dag.py
[2024-04-07T14:50:58.333+0000] {processor.py:840} INFO - DAG(s) 'tutorial_dag' retrieved from /home/airflow/.local/lib/python3.8/site-packages/airflow/example_dags/tutorial_dag.py
[2024-04-07T14:50:58.395+0000] {logging_mixin.py:188} INFO - [2024-04-07T14:50:58.394+0000] {dag.py:3047} INFO - Sync 1 DAGs
[2024-04-07T14:50:58.429+0000] {logging_mixin.py:188} INFO - [2024-04-07T14:50:58.428+0000] {dag.py:3834} INFO - Setting next_dagrun for tutorial_dag to None, run_after=None
[2024-04-07T14:50:58.480+0000] {processor.py:183} INFO - Processing /home/airflow/.local/lib/python3.8/site-packages/airflow/example_dags/tutorial_dag.py took 0.173 seconds
[2024-04-07T14:51:29.121+0000] {processor.py:161} INFO - Started process (PID=1371) to work on /home/airflow/.local/lib/python3.8/site-packages/airflow/example_dags/tutorial_dag.py
[2024-04-07T14:51:29.124+0000] {processor.py:830} INFO - Processing file /home/airflow/.local/lib/python3.8/site-packages/airflow/example_dags/tutorial_dag.py for tasks to queue
[2024-04-07T14:51:29.132+0000] {logging_mixin.py:188} INFO - [2024-04-07T14:51:29.130+0000] {dagbag.py:540} INFO - Filling up the DagBag from /home/airflow/.local/lib/python3.8/site-packages/airflow/example_dags/tutorial_dag.py
[2024-04-07T14:51:29.153+0000] {processor.py:840} INFO - DAG(s) 'tutorial_dag' retrieved from /home/airflow/.local/lib/python3.8/site-packages/airflow/example_dags/tutorial_dag.py
[2024-04-07T14:51:29.232+0000] {logging_mixin.py:188} INFO - [2024-04-07T14:51:29.231+0000] {dag.py:3047} INFO - Sync 1 DAGs
[2024-04-07T14:51:29.290+0000] {logging_mixin.py:188} INFO - [2024-04-07T14:51:29.290+0000] {dag.py:3834} INFO - Setting next_dagrun for tutorial_dag to None, run_after=None
[2024-04-07T14:51:29.389+0000] {processor.py:183} INFO - Processing /home/airflow/.local/lib/python3.8/site-packages/airflow/example_dags/tutorial_dag.py took 0.275 seconds
[2024-04-07T14:52:00.223+0000] {processor.py:161} INFO - Started process (PID=1429) to work on /home/airflow/.local/lib/python3.8/site-packages/airflow/example_dags/tutorial_dag.py
[2024-04-07T14:52:00.235+0000] {processor.py:830} INFO - Processing file /home/airflow/.local/lib/python3.8/site-packages/airflow/example_dags/tutorial_dag.py for tasks to queue
[2024-04-07T14:52:00.244+0000] {logging_mixin.py:188} INFO - [2024-04-07T14:52:00.244+0000] {dagbag.py:540} INFO - Filling up the DagBag from /home/airflow/.local/lib/python3.8/site-packages/airflow/example_dags/tutorial_dag.py
[2024-04-07T14:52:00.271+0000] {processor.py:840} INFO - DAG(s) 'tutorial_dag' retrieved from /home/airflow/.local/lib/python3.8/site-packages/airflow/example_dags/tutorial_dag.py
[2024-04-07T14:52:00.397+0000] {logging_mixin.py:188} INFO - [2024-04-07T14:52:00.397+0000] {dag.py:3047} INFO - Sync 1 DAGs
[2024-04-07T14:52:00.500+0000] {logging_mixin.py:188} INFO - [2024-04-07T14:52:00.491+0000] {dag.py:3834} INFO - Setting next_dagrun for tutorial_dag to None, run_after=None
[2024-04-07T14:52:00.812+0000] {processor.py:183} INFO - Processing /home/airflow/.local/lib/python3.8/site-packages/airflow/example_dags/tutorial_dag.py took 0.595 seconds
[2024-04-07T14:52:31.189+0000] {processor.py:161} INFO - Started process (PID=1486) to work on /home/airflow/.local/lib/python3.8/site-packages/airflow/example_dags/tutorial_dag.py
[2024-04-07T14:52:31.191+0000] {processor.py:830} INFO - Processing file /home/airflow/.local/lib/python3.8/site-packages/airflow/example_dags/tutorial_dag.py for tasks to queue
[2024-04-07T14:52:31.195+0000] {logging_mixin.py:188} INFO - [2024-04-07T14:52:31.195+0000] {dagbag.py:540} INFO - Filling up the DagBag from /home/airflow/.local/lib/python3.8/site-packages/airflow/example_dags/tutorial_dag.py
[2024-04-07T14:52:31.208+0000] {processor.py:840} INFO - DAG(s) 'tutorial_dag' retrieved from /home/airflow/.local/lib/python3.8/site-packages/airflow/example_dags/tutorial_dag.py
[2024-04-07T14:52:31.252+0000] {logging_mixin.py:188} INFO - [2024-04-07T14:52:31.252+0000] {dag.py:3047} INFO - Sync 1 DAGs
[2024-04-07T14:52:31.274+0000] {logging_mixin.py:188} INFO - [2024-04-07T14:52:31.274+0000] {dag.py:3834} INFO - Setting next_dagrun for tutorial_dag to None, run_after=None
[2024-04-07T14:52:31.318+0000] {processor.py:183} INFO - Processing /home/airflow/.local/lib/python3.8/site-packages/airflow/example_dags/tutorial_dag.py took 0.134 seconds
[2024-04-07T14:53:01.651+0000] {processor.py:161} INFO - Started process (PID=1543) to work on /home/airflow/.local/lib/python3.8/site-packages/airflow/example_dags/tutorial_dag.py
[2024-04-07T14:53:01.663+0000] {processor.py:830} INFO - Processing file /home/airflow/.local/lib/python3.8/site-packages/airflow/example_dags/tutorial_dag.py for tasks to queue
[2024-04-07T14:53:01.689+0000] {logging_mixin.py:188} INFO - [2024-04-07T14:53:01.688+0000] {dagbag.py:540} INFO - Filling up the DagBag from /home/airflow/.local/lib/python3.8/site-packages/airflow/example_dags/tutorial_dag.py
[2024-04-07T14:53:01.718+0000] {processor.py:840} INFO - DAG(s) 'tutorial_dag' retrieved from /home/airflow/.local/lib/python3.8/site-packages/airflow/example_dags/tutorial_dag.py
[2024-04-07T14:53:01.796+0000] {logging_mixin.py:188} INFO - [2024-04-07T14:53:01.795+0000] {dag.py:3047} INFO - Sync 1 DAGs
[2024-04-07T14:53:01.893+0000] {logging_mixin.py:188} INFO - [2024-04-07T14:53:01.892+0000] {dag.py:3834} INFO - Setting next_dagrun for tutorial_dag to None, run_after=None
[2024-04-07T14:53:02.009+0000] {processor.py:183} INFO - Processing /home/airflow/.local/lib/python3.8/site-packages/airflow/example_dags/tutorial_dag.py took 0.375 seconds
[2024-04-07T14:53:32.209+0000] {processor.py:161} INFO - Started process (PID=1600) to work on /home/airflow/.local/lib/python3.8/site-packages/airflow/example_dags/tutorial_dag.py
[2024-04-07T14:53:32.213+0000] {processor.py:830} INFO - Processing file /home/airflow/.local/lib/python3.8/site-packages/airflow/example_dags/tutorial_dag.py for tasks to queue
[2024-04-07T14:53:32.218+0000] {logging_mixin.py:188} INFO - [2024-04-07T14:53:32.218+0000] {dagbag.py:540} INFO - Filling up the DagBag from /home/airflow/.local/lib/python3.8/site-packages/airflow/example_dags/tutorial_dag.py
[2024-04-07T14:53:32.232+0000] {processor.py:840} INFO - DAG(s) 'tutorial_dag' retrieved from /home/airflow/.local/lib/python3.8/site-packages/airflow/example_dags/tutorial_dag.py
[2024-04-07T14:53:32.287+0000] {logging_mixin.py:188} INFO - [2024-04-07T14:53:32.287+0000] {dag.py:3047} INFO - Sync 1 DAGs
[2024-04-07T14:53:32.331+0000] {logging_mixin.py:188} INFO - [2024-04-07T14:53:32.330+0000] {dag.py:3834} INFO - Setting next_dagrun for tutorial_dag to None, run_after=None
[2024-04-07T14:53:32.423+0000] {processor.py:183} INFO - Processing /home/airflow/.local/lib/python3.8/site-packages/airflow/example_dags/tutorial_dag.py took 0.221 seconds
[2024-04-07T14:54:03.315+0000] {processor.py:161} INFO - Started process (PID=1663) to work on /home/airflow/.local/lib/python3.8/site-packages/airflow/example_dags/tutorial_dag.py
[2024-04-07T14:54:03.318+0000] {processor.py:830} INFO - Processing file /home/airflow/.local/lib/python3.8/site-packages/airflow/example_dags/tutorial_dag.py for tasks to queue
[2024-04-07T14:54:03.321+0000] {logging_mixin.py:188} INFO - [2024-04-07T14:54:03.321+0000] {dagbag.py:540} INFO - Filling up the DagBag from /home/airflow/.local/lib/python3.8/site-packages/airflow/example_dags/tutorial_dag.py
[2024-04-07T14:54:03.331+0000] {processor.py:840} INFO - DAG(s) 'tutorial_dag' retrieved from /home/airflow/.local/lib/python3.8/site-packages/airflow/example_dags/tutorial_dag.py
[2024-04-07T14:54:03.374+0000] {logging_mixin.py:188} INFO - [2024-04-07T14:54:03.373+0000] {dag.py:3047} INFO - Sync 1 DAGs
[2024-04-07T14:54:03.413+0000] {logging_mixin.py:188} INFO - [2024-04-07T14:54:03.412+0000] {dag.py:3834} INFO - Setting next_dagrun for tutorial_dag to None, run_after=None
[2024-04-07T14:54:03.483+0000] {processor.py:183} INFO - Processing /home/airflow/.local/lib/python3.8/site-packages/airflow/example_dags/tutorial_dag.py took 0.173 seconds
[2024-04-07T14:54:34.052+0000] {processor.py:161} INFO - Started process (PID=1720) to work on /home/airflow/.local/lib/python3.8/site-packages/airflow/example_dags/tutorial_dag.py
[2024-04-07T14:54:34.054+0000] {processor.py:830} INFO - Processing file /home/airflow/.local/lib/python3.8/site-packages/airflow/example_dags/tutorial_dag.py for tasks to queue
[2024-04-07T14:54:34.059+0000] {logging_mixin.py:188} INFO - [2024-04-07T14:54:34.057+0000] {dagbag.py:540} INFO - Filling up the DagBag from /home/airflow/.local/lib/python3.8/site-packages/airflow/example_dags/tutorial_dag.py
[2024-04-07T14:54:34.070+0000] {processor.py:840} INFO - DAG(s) 'tutorial_dag' retrieved from /home/airflow/.local/lib/python3.8/site-packages/airflow/example_dags/tutorial_dag.py
[2024-04-07T14:54:34.118+0000] {logging_mixin.py:188} INFO - [2024-04-07T14:54:34.118+0000] {dag.py:3047} INFO - Sync 1 DAGs
[2024-04-07T14:54:34.169+0000] {logging_mixin.py:188} INFO - [2024-04-07T14:54:34.168+0000] {dag.py:3834} INFO - Setting next_dagrun for tutorial_dag to None, run_after=None
[2024-04-07T14:54:34.262+0000] {processor.py:183} INFO - Processing /home/airflow/.local/lib/python3.8/site-packages/airflow/example_dags/tutorial_dag.py took 0.215 seconds
[2024-04-07T14:55:05.143+0000] {processor.py:161} INFO - Started process (PID=1776) to work on /home/airflow/.local/lib/python3.8/site-packages/airflow/example_dags/tutorial_dag.py
[2024-04-07T14:55:05.146+0000] {processor.py:830} INFO - Processing file /home/airflow/.local/lib/python3.8/site-packages/airflow/example_dags/tutorial_dag.py for tasks to queue
[2024-04-07T14:55:05.151+0000] {logging_mixin.py:188} INFO - [2024-04-07T14:55:05.150+0000] {dagbag.py:540} INFO - Filling up the DagBag from /home/airflow/.local/lib/python3.8/site-packages/airflow/example_dags/tutorial_dag.py
[2024-04-07T14:55:05.163+0000] {processor.py:840} INFO - DAG(s) 'tutorial_dag' retrieved from /home/airflow/.local/lib/python3.8/site-packages/airflow/example_dags/tutorial_dag.py
[2024-04-07T14:55:05.218+0000] {logging_mixin.py:188} INFO - [2024-04-07T14:55:05.218+0000] {dag.py:3047} INFO - Sync 1 DAGs
[2024-04-07T14:55:05.268+0000] {logging_mixin.py:188} INFO - [2024-04-07T14:55:05.267+0000] {dag.py:3834} INFO - Setting next_dagrun for tutorial_dag to None, run_after=None
[2024-04-07T14:55:05.323+0000] {processor.py:183} INFO - Processing /home/airflow/.local/lib/python3.8/site-packages/airflow/example_dags/tutorial_dag.py took 0.186 seconds
[2024-04-07T14:55:35.644+0000] {processor.py:161} INFO - Started process (PID=1833) to work on /home/airflow/.local/lib/python3.8/site-packages/airflow/example_dags/tutorial_dag.py
[2024-04-07T14:55:35.651+0000] {processor.py:830} INFO - Processing file /home/airflow/.local/lib/python3.8/site-packages/airflow/example_dags/tutorial_dag.py for tasks to queue
[2024-04-07T14:55:35.656+0000] {logging_mixin.py:188} INFO - [2024-04-07T14:55:35.655+0000] {dagbag.py:540} INFO - Filling up the DagBag from /home/airflow/.local/lib/python3.8/site-packages/airflow/example_dags/tutorial_dag.py
[2024-04-07T14:55:35.673+0000] {processor.py:840} INFO - DAG(s) 'tutorial_dag' retrieved from /home/airflow/.local/lib/python3.8/site-packages/airflow/example_dags/tutorial_dag.py
[2024-04-07T14:55:35.728+0000] {logging_mixin.py:188} INFO - [2024-04-07T14:55:35.728+0000] {dag.py:3047} INFO - Sync 1 DAGs
[2024-04-07T14:55:35.761+0000] {logging_mixin.py:188} INFO - [2024-04-07T14:55:35.760+0000] {dag.py:3834} INFO - Setting next_dagrun for tutorial_dag to None, run_after=None
[2024-04-07T14:55:35.813+0000] {processor.py:183} INFO - Processing /home/airflow/.local/lib/python3.8/site-packages/airflow/example_dags/tutorial_dag.py took 0.177 seconds
[2024-04-07T14:56:06.838+0000] {processor.py:161} INFO - Started process (PID=1891) to work on /home/airflow/.local/lib/python3.8/site-packages/airflow/example_dags/tutorial_dag.py
[2024-04-07T14:56:06.841+0000] {processor.py:830} INFO - Processing file /home/airflow/.local/lib/python3.8/site-packages/airflow/example_dags/tutorial_dag.py for tasks to queue
[2024-04-07T14:56:06.844+0000] {logging_mixin.py:188} INFO - [2024-04-07T14:56:06.843+0000] {dagbag.py:540} INFO - Filling up the DagBag from /home/airflow/.local/lib/python3.8/site-packages/airflow/example_dags/tutorial_dag.py
[2024-04-07T14:56:06.855+0000] {processor.py:840} INFO - DAG(s) 'tutorial_dag' retrieved from /home/airflow/.local/lib/python3.8/site-packages/airflow/example_dags/tutorial_dag.py
[2024-04-07T14:56:06.895+0000] {logging_mixin.py:188} INFO - [2024-04-07T14:56:06.895+0000] {dag.py:3047} INFO - Sync 1 DAGs
[2024-04-07T14:56:06.920+0000] {logging_mixin.py:188} INFO - [2024-04-07T14:56:06.919+0000] {dag.py:3834} INFO - Setting next_dagrun for tutorial_dag to None, run_after=None
[2024-04-07T14:56:06.954+0000] {processor.py:183} INFO - Processing /home/airflow/.local/lib/python3.8/site-packages/airflow/example_dags/tutorial_dag.py took 0.123 seconds
[2024-04-07T14:56:37.039+0000] {processor.py:161} INFO - Started process (PID=1947) to work on /home/airflow/.local/lib/python3.8/site-packages/airflow/example_dags/tutorial_dag.py
[2024-04-07T14:56:37.041+0000] {processor.py:830} INFO - Processing file /home/airflow/.local/lib/python3.8/site-packages/airflow/example_dags/tutorial_dag.py for tasks to queue
[2024-04-07T14:56:37.044+0000] {logging_mixin.py:188} INFO - [2024-04-07T14:56:37.043+0000] {dagbag.py:540} INFO - Filling up the DagBag from /home/airflow/.local/lib/python3.8/site-packages/airflow/example_dags/tutorial_dag.py
[2024-04-07T14:56:37.051+0000] {processor.py:840} INFO - DAG(s) 'tutorial_dag' retrieved from /home/airflow/.local/lib/python3.8/site-packages/airflow/example_dags/tutorial_dag.py
[2024-04-07T14:56:37.086+0000] {logging_mixin.py:188} INFO - [2024-04-07T14:56:37.085+0000] {dag.py:3047} INFO - Sync 1 DAGs
[2024-04-07T14:56:37.108+0000] {logging_mixin.py:188} INFO - [2024-04-07T14:56:37.108+0000] {dag.py:3834} INFO - Setting next_dagrun for tutorial_dag to None, run_after=None
[2024-04-07T14:56:37.144+0000] {processor.py:183} INFO - Processing /home/airflow/.local/lib/python3.8/site-packages/airflow/example_dags/tutorial_dag.py took 0.110 seconds
[2024-04-07T14:57:07.344+0000] {processor.py:161} INFO - Started process (PID=2004) to work on /home/airflow/.local/lib/python3.8/site-packages/airflow/example_dags/tutorial_dag.py
[2024-04-07T14:57:07.345+0000] {processor.py:830} INFO - Processing file /home/airflow/.local/lib/python3.8/site-packages/airflow/example_dags/tutorial_dag.py for tasks to queue
[2024-04-07T14:57:07.348+0000] {logging_mixin.py:188} INFO - [2024-04-07T14:57:07.348+0000] {dagbag.py:540} INFO - Filling up the DagBag from /home/airflow/.local/lib/python3.8/site-packages/airflow/example_dags/tutorial_dag.py
[2024-04-07T14:57:07.356+0000] {processor.py:840} INFO - DAG(s) 'tutorial_dag' retrieved from /home/airflow/.local/lib/python3.8/site-packages/airflow/example_dags/tutorial_dag.py
[2024-04-07T14:57:07.383+0000] {logging_mixin.py:188} INFO - [2024-04-07T14:57:07.383+0000] {dag.py:3047} INFO - Sync 1 DAGs
[2024-04-07T14:57:07.403+0000] {logging_mixin.py:188} INFO - [2024-04-07T14:57:07.402+0000] {dag.py:3834} INFO - Setting next_dagrun for tutorial_dag to None, run_after=None
[2024-04-07T14:57:07.437+0000] {processor.py:183} INFO - Processing /home/airflow/.local/lib/python3.8/site-packages/airflow/example_dags/tutorial_dag.py took 0.098 seconds
[2024-04-07T14:57:37.695+0000] {processor.py:161} INFO - Started process (PID=2062) to work on /home/airflow/.local/lib/python3.8/site-packages/airflow/example_dags/tutorial_dag.py
[2024-04-07T14:57:37.697+0000] {processor.py:830} INFO - Processing file /home/airflow/.local/lib/python3.8/site-packages/airflow/example_dags/tutorial_dag.py for tasks to queue
[2024-04-07T14:57:37.700+0000] {logging_mixin.py:188} INFO - [2024-04-07T14:57:37.699+0000] {dagbag.py:540} INFO - Filling up the DagBag from /home/airflow/.local/lib/python3.8/site-packages/airflow/example_dags/tutorial_dag.py
[2024-04-07T14:57:37.707+0000] {processor.py:840} INFO - DAG(s) 'tutorial_dag' retrieved from /home/airflow/.local/lib/python3.8/site-packages/airflow/example_dags/tutorial_dag.py
[2024-04-07T14:57:37.736+0000] {logging_mixin.py:188} INFO - [2024-04-07T14:57:37.735+0000] {dag.py:3047} INFO - Sync 1 DAGs
[2024-04-07T14:57:37.757+0000] {logging_mixin.py:188} INFO - [2024-04-07T14:57:37.757+0000] {dag.py:3834} INFO - Setting next_dagrun for tutorial_dag to None, run_after=None
[2024-04-07T14:57:37.792+0000] {processor.py:183} INFO - Processing /home/airflow/.local/lib/python3.8/site-packages/airflow/example_dags/tutorial_dag.py took 0.102 seconds
[2024-04-07T14:58:08.324+0000] {processor.py:161} INFO - Started process (PID=2119) to work on /home/airflow/.local/lib/python3.8/site-packages/airflow/example_dags/tutorial_dag.py
[2024-04-07T14:58:08.326+0000] {processor.py:830} INFO - Processing file /home/airflow/.local/lib/python3.8/site-packages/airflow/example_dags/tutorial_dag.py for tasks to queue
[2024-04-07T14:58:08.332+0000] {logging_mixin.py:188} INFO - [2024-04-07T14:58:08.331+0000] {dagbag.py:540} INFO - Filling up the DagBag from /home/airflow/.local/lib/python3.8/site-packages/airflow/example_dags/tutorial_dag.py
[2024-04-07T14:58:08.348+0000] {processor.py:840} INFO - DAG(s) 'tutorial_dag' retrieved from /home/airflow/.local/lib/python3.8/site-packages/airflow/example_dags/tutorial_dag.py
[2024-04-07T14:58:08.392+0000] {logging_mixin.py:188} INFO - [2024-04-07T14:58:08.391+0000] {dag.py:3047} INFO - Sync 1 DAGs
[2024-04-07T14:58:08.434+0000] {logging_mixin.py:188} INFO - [2024-04-07T14:58:08.434+0000] {dag.py:3834} INFO - Setting next_dagrun for tutorial_dag to None, run_after=None
[2024-04-07T14:58:08.477+0000] {processor.py:183} INFO - Processing /home/airflow/.local/lib/python3.8/site-packages/airflow/example_dags/tutorial_dag.py took 0.161 seconds
[2024-04-07T14:58:39.072+0000] {processor.py:161} INFO - Started process (PID=2176) to work on /home/airflow/.local/lib/python3.8/site-packages/airflow/example_dags/tutorial_dag.py
[2024-04-07T14:58:39.074+0000] {processor.py:830} INFO - Processing file /home/airflow/.local/lib/python3.8/site-packages/airflow/example_dags/tutorial_dag.py for tasks to queue
[2024-04-07T14:58:39.078+0000] {logging_mixin.py:188} INFO - [2024-04-07T14:58:39.077+0000] {dagbag.py:540} INFO - Filling up the DagBag from /home/airflow/.local/lib/python3.8/site-packages/airflow/example_dags/tutorial_dag.py
[2024-04-07T14:58:39.093+0000] {processor.py:840} INFO - DAG(s) 'tutorial_dag' retrieved from /home/airflow/.local/lib/python3.8/site-packages/airflow/example_dags/tutorial_dag.py
[2024-04-07T14:58:39.130+0000] {logging_mixin.py:188} INFO - [2024-04-07T14:58:39.130+0000] {dag.py:3047} INFO - Sync 1 DAGs
[2024-04-07T14:58:39.159+0000] {logging_mixin.py:188} INFO - [2024-04-07T14:58:39.158+0000] {dag.py:3834} INFO - Setting next_dagrun for tutorial_dag to None, run_after=None
[2024-04-07T14:58:39.221+0000] {processor.py:183} INFO - Processing /home/airflow/.local/lib/python3.8/site-packages/airflow/example_dags/tutorial_dag.py took 0.155 seconds
[2024-04-07T14:59:09.375+0000] {processor.py:161} INFO - Started process (PID=2233) to work on /home/airflow/.local/lib/python3.8/site-packages/airflow/example_dags/tutorial_dag.py
[2024-04-07T14:59:09.377+0000] {processor.py:830} INFO - Processing file /home/airflow/.local/lib/python3.8/site-packages/airflow/example_dags/tutorial_dag.py for tasks to queue
[2024-04-07T14:59:09.380+0000] {logging_mixin.py:188} INFO - [2024-04-07T14:59:09.379+0000] {dagbag.py:540} INFO - Filling up the DagBag from /home/airflow/.local/lib/python3.8/site-packages/airflow/example_dags/tutorial_dag.py
[2024-04-07T14:59:09.389+0000] {processor.py:840} INFO - DAG(s) 'tutorial_dag' retrieved from /home/airflow/.local/lib/python3.8/site-packages/airflow/example_dags/tutorial_dag.py
[2024-04-07T14:59:09.423+0000] {logging_mixin.py:188} INFO - [2024-04-07T14:59:09.422+0000] {dag.py:3047} INFO - Sync 1 DAGs
[2024-04-07T14:59:09.442+0000] {logging_mixin.py:188} INFO - [2024-04-07T14:59:09.441+0000] {dag.py:3834} INFO - Setting next_dagrun for tutorial_dag to None, run_after=None
[2024-04-07T14:59:09.478+0000] {processor.py:183} INFO - Processing /home/airflow/.local/lib/python3.8/site-packages/airflow/example_dags/tutorial_dag.py took 0.107 seconds
[2024-04-07T14:59:41.100+0000] {processor.py:161} INFO - Started process (PID=2290) to work on /home/airflow/.local/lib/python3.8/site-packages/airflow/example_dags/tutorial_dag.py
[2024-04-07T14:59:41.102+0000] {processor.py:830} INFO - Processing file /home/airflow/.local/lib/python3.8/site-packages/airflow/example_dags/tutorial_dag.py for tasks to queue
[2024-04-07T14:59:41.108+0000] {logging_mixin.py:188} INFO - [2024-04-07T14:59:41.106+0000] {dagbag.py:540} INFO - Filling up the DagBag from /home/airflow/.local/lib/python3.8/site-packages/airflow/example_dags/tutorial_dag.py
[2024-04-07T14:59:41.128+0000] {processor.py:840} INFO - DAG(s) 'tutorial_dag' retrieved from /home/airflow/.local/lib/python3.8/site-packages/airflow/example_dags/tutorial_dag.py
[2024-04-07T14:59:41.203+0000] {logging_mixin.py:188} INFO - [2024-04-07T14:59:41.203+0000] {dag.py:3047} INFO - Sync 1 DAGs
[2024-04-07T14:59:41.244+0000] {logging_mixin.py:188} INFO - [2024-04-07T14:59:41.244+0000] {dag.py:3834} INFO - Setting next_dagrun for tutorial_dag to None, run_after=None
[2024-04-07T14:59:41.295+0000] {processor.py:183} INFO - Processing /home/airflow/.local/lib/python3.8/site-packages/airflow/example_dags/tutorial_dag.py took 0.212 seconds
[2024-04-07T15:00:11.712+0000] {processor.py:161} INFO - Started process (PID=2347) to work on /home/airflow/.local/lib/python3.8/site-packages/airflow/example_dags/tutorial_dag.py
[2024-04-07T15:00:11.713+0000] {processor.py:830} INFO - Processing file /home/airflow/.local/lib/python3.8/site-packages/airflow/example_dags/tutorial_dag.py for tasks to queue
[2024-04-07T15:00:11.717+0000] {logging_mixin.py:188} INFO - [2024-04-07T15:00:11.717+0000] {dagbag.py:540} INFO - Filling up the DagBag from /home/airflow/.local/lib/python3.8/site-packages/airflow/example_dags/tutorial_dag.py
[2024-04-07T15:00:11.729+0000] {processor.py:840} INFO - DAG(s) 'tutorial_dag' retrieved from /home/airflow/.local/lib/python3.8/site-packages/airflow/example_dags/tutorial_dag.py
[2024-04-07T15:00:11.771+0000] {logging_mixin.py:188} INFO - [2024-04-07T15:00:11.771+0000] {dag.py:3047} INFO - Sync 1 DAGs
[2024-04-07T15:00:11.801+0000] {logging_mixin.py:188} INFO - [2024-04-07T15:00:11.801+0000] {dag.py:3834} INFO - Setting next_dagrun for tutorial_dag to None, run_after=None
[2024-04-07T15:00:11.843+0000] {processor.py:183} INFO - Processing /home/airflow/.local/lib/python3.8/site-packages/airflow/example_dags/tutorial_dag.py took 0.136 seconds
[2024-04-07T15:00:42.638+0000] {processor.py:161} INFO - Started process (PID=2402) to work on /home/airflow/.local/lib/python3.8/site-packages/airflow/example_dags/tutorial_dag.py
[2024-04-07T15:00:42.659+0000] {processor.py:830} INFO - Processing file /home/airflow/.local/lib/python3.8/site-packages/airflow/example_dags/tutorial_dag.py for tasks to queue
[2024-04-07T15:00:42.667+0000] {logging_mixin.py:188} INFO - [2024-04-07T15:00:42.666+0000] {dagbag.py:540} INFO - Filling up the DagBag from /home/airflow/.local/lib/python3.8/site-packages/airflow/example_dags/tutorial_dag.py
[2024-04-07T15:00:42.705+0000] {processor.py:840} INFO - DAG(s) 'tutorial_dag' retrieved from /home/airflow/.local/lib/python3.8/site-packages/airflow/example_dags/tutorial_dag.py
[2024-04-07T15:00:42.807+0000] {logging_mixin.py:188} INFO - [2024-04-07T15:00:42.807+0000] {dag.py:3047} INFO - Sync 1 DAGs
[2024-04-07T15:00:42.894+0000] {logging_mixin.py:188} INFO - [2024-04-07T15:00:42.893+0000] {dag.py:3834} INFO - Setting next_dagrun for tutorial_dag to None, run_after=None
[2024-04-07T15:00:43.110+0000] {processor.py:183} INFO - Processing /home/airflow/.local/lib/python3.8/site-packages/airflow/example_dags/tutorial_dag.py took 0.478 seconds
[2024-04-07T15:01:13.722+0000] {processor.py:161} INFO - Started process (PID=2459) to work on /home/airflow/.local/lib/python3.8/site-packages/airflow/example_dags/tutorial_dag.py
[2024-04-07T15:01:13.725+0000] {processor.py:830} INFO - Processing file /home/airflow/.local/lib/python3.8/site-packages/airflow/example_dags/tutorial_dag.py for tasks to queue
[2024-04-07T15:01:13.730+0000] {logging_mixin.py:188} INFO - [2024-04-07T15:01:13.729+0000] {dagbag.py:540} INFO - Filling up the DagBag from /home/airflow/.local/lib/python3.8/site-packages/airflow/example_dags/tutorial_dag.py
[2024-04-07T15:01:13.749+0000] {processor.py:840} INFO - DAG(s) 'tutorial_dag' retrieved from /home/airflow/.local/lib/python3.8/site-packages/airflow/example_dags/tutorial_dag.py
[2024-04-07T15:01:13.801+0000] {logging_mixin.py:188} INFO - [2024-04-07T15:01:13.800+0000] {dag.py:3047} INFO - Sync 1 DAGs
[2024-04-07T15:01:13.836+0000] {logging_mixin.py:188} INFO - [2024-04-07T15:01:13.835+0000] {dag.py:3834} INFO - Setting next_dagrun for tutorial_dag to None, run_after=None
[2024-04-07T15:01:13.880+0000] {processor.py:183} INFO - Processing /home/airflow/.local/lib/python3.8/site-packages/airflow/example_dags/tutorial_dag.py took 0.164 seconds
[2024-04-07T15:01:44.098+0000] {processor.py:161} INFO - Started process (PID=2516) to work on /home/airflow/.local/lib/python3.8/site-packages/airflow/example_dags/tutorial_dag.py
[2024-04-07T15:01:44.100+0000] {processor.py:830} INFO - Processing file /home/airflow/.local/lib/python3.8/site-packages/airflow/example_dags/tutorial_dag.py for tasks to queue
[2024-04-07T15:01:44.104+0000] {logging_mixin.py:188} INFO - [2024-04-07T15:01:44.103+0000] {dagbag.py:540} INFO - Filling up the DagBag from /home/airflow/.local/lib/python3.8/site-packages/airflow/example_dags/tutorial_dag.py
[2024-04-07T15:01:44.112+0000] {processor.py:840} INFO - DAG(s) 'tutorial_dag' retrieved from /home/airflow/.local/lib/python3.8/site-packages/airflow/example_dags/tutorial_dag.py
[2024-04-07T15:01:44.148+0000] {logging_mixin.py:188} INFO - [2024-04-07T15:01:44.147+0000] {dag.py:3047} INFO - Sync 1 DAGs
[2024-04-07T15:01:44.172+0000] {logging_mixin.py:188} INFO - [2024-04-07T15:01:44.171+0000] {dag.py:3834} INFO - Setting next_dagrun for tutorial_dag to None, run_after=None
[2024-04-07T15:01:44.211+0000] {processor.py:183} INFO - Processing /home/airflow/.local/lib/python3.8/site-packages/airflow/example_dags/tutorial_dag.py took 0.119 seconds
[2024-04-07T15:02:14.269+0000] {processor.py:161} INFO - Started process (PID=2572) to work on /home/airflow/.local/lib/python3.8/site-packages/airflow/example_dags/tutorial_dag.py
[2024-04-07T15:02:14.271+0000] {processor.py:830} INFO - Processing file /home/airflow/.local/lib/python3.8/site-packages/airflow/example_dags/tutorial_dag.py for tasks to queue
[2024-04-07T15:02:14.273+0000] {logging_mixin.py:188} INFO - [2024-04-07T15:02:14.273+0000] {dagbag.py:540} INFO - Filling up the DagBag from /home/airflow/.local/lib/python3.8/site-packages/airflow/example_dags/tutorial_dag.py
[2024-04-07T15:02:14.282+0000] {processor.py:840} INFO - DAG(s) 'tutorial_dag' retrieved from /home/airflow/.local/lib/python3.8/site-packages/airflow/example_dags/tutorial_dag.py
[2024-04-07T15:02:14.314+0000] {logging_mixin.py:188} INFO - [2024-04-07T15:02:14.314+0000] {dag.py:3047} INFO - Sync 1 DAGs
[2024-04-07T15:02:14.334+0000] {logging_mixin.py:188} INFO - [2024-04-07T15:02:14.333+0000] {dag.py:3834} INFO - Setting next_dagrun for tutorial_dag to None, run_after=None
[2024-04-07T15:02:14.371+0000] {processor.py:183} INFO - Processing /home/airflow/.local/lib/python3.8/site-packages/airflow/example_dags/tutorial_dag.py took 0.107 seconds
[2024-04-07T15:02:45.169+0000] {processor.py:161} INFO - Started process (PID=2630) to work on /home/airflow/.local/lib/python3.8/site-packages/airflow/example_dags/tutorial_dag.py
[2024-04-07T15:02:45.172+0000] {processor.py:830} INFO - Processing file /home/airflow/.local/lib/python3.8/site-packages/airflow/example_dags/tutorial_dag.py for tasks to queue
[2024-04-07T15:02:45.177+0000] {logging_mixin.py:188} INFO - [2024-04-07T15:02:45.175+0000] {dagbag.py:540} INFO - Filling up the DagBag from /home/airflow/.local/lib/python3.8/site-packages/airflow/example_dags/tutorial_dag.py
[2024-04-07T15:02:45.191+0000] {processor.py:840} INFO - DAG(s) 'tutorial_dag' retrieved from /home/airflow/.local/lib/python3.8/site-packages/airflow/example_dags/tutorial_dag.py
[2024-04-07T15:02:45.241+0000] {logging_mixin.py:188} INFO - [2024-04-07T15:02:45.241+0000] {dag.py:3047} INFO - Sync 1 DAGs
[2024-04-07T15:02:45.282+0000] {logging_mixin.py:188} INFO - [2024-04-07T15:02:45.282+0000] {dag.py:3834} INFO - Setting next_dagrun for tutorial_dag to None, run_after=None
[2024-04-07T15:02:45.334+0000] {processor.py:183} INFO - Processing /home/airflow/.local/lib/python3.8/site-packages/airflow/example_dags/tutorial_dag.py took 0.189 seconds
[2024-04-07T15:03:16.079+0000] {processor.py:161} INFO - Started process (PID=2687) to work on /home/airflow/.local/lib/python3.8/site-packages/airflow/example_dags/tutorial_dag.py
[2024-04-07T15:03:16.081+0000] {processor.py:830} INFO - Processing file /home/airflow/.local/lib/python3.8/site-packages/airflow/example_dags/tutorial_dag.py for tasks to queue
[2024-04-07T15:03:16.085+0000] {logging_mixin.py:188} INFO - [2024-04-07T15:03:16.084+0000] {dagbag.py:540} INFO - Filling up the DagBag from /home/airflow/.local/lib/python3.8/site-packages/airflow/example_dags/tutorial_dag.py
[2024-04-07T15:03:16.096+0000] {processor.py:840} INFO - DAG(s) 'tutorial_dag' retrieved from /home/airflow/.local/lib/python3.8/site-packages/airflow/example_dags/tutorial_dag.py
[2024-04-07T15:03:16.135+0000] {logging_mixin.py:188} INFO - [2024-04-07T15:03:16.135+0000] {dag.py:3047} INFO - Sync 1 DAGs
[2024-04-07T15:03:16.158+0000] {logging_mixin.py:188} INFO - [2024-04-07T15:03:16.158+0000] {dag.py:3834} INFO - Setting next_dagrun for tutorial_dag to None, run_after=None
[2024-04-07T15:03:16.199+0000] {processor.py:183} INFO - Processing /home/airflow/.local/lib/python3.8/site-packages/airflow/example_dags/tutorial_dag.py took 0.126 seconds
[2024-04-07T15:03:46.378+0000] {processor.py:161} INFO - Started process (PID=2744) to work on /home/airflow/.local/lib/python3.8/site-packages/airflow/example_dags/tutorial_dag.py
[2024-04-07T15:03:46.380+0000] {processor.py:830} INFO - Processing file /home/airflow/.local/lib/python3.8/site-packages/airflow/example_dags/tutorial_dag.py for tasks to queue
[2024-04-07T15:03:46.384+0000] {logging_mixin.py:188} INFO - [2024-04-07T15:03:46.383+0000] {dagbag.py:540} INFO - Filling up the DagBag from /home/airflow/.local/lib/python3.8/site-packages/airflow/example_dags/tutorial_dag.py
[2024-04-07T15:03:46.392+0000] {processor.py:840} INFO - DAG(s) 'tutorial_dag' retrieved from /home/airflow/.local/lib/python3.8/site-packages/airflow/example_dags/tutorial_dag.py
[2024-04-07T15:03:46.423+0000] {logging_mixin.py:188} INFO - [2024-04-07T15:03:46.423+0000] {dag.py:3047} INFO - Sync 1 DAGs
[2024-04-07T15:03:46.445+0000] {logging_mixin.py:188} INFO - [2024-04-07T15:03:46.445+0000] {dag.py:3834} INFO - Setting next_dagrun for tutorial_dag to None, run_after=None
[2024-04-07T15:03:46.484+0000] {processor.py:183} INFO - Processing /home/airflow/.local/lib/python3.8/site-packages/airflow/example_dags/tutorial_dag.py took 0.111 seconds
[2024-04-07T15:04:16.600+0000] {processor.py:161} INFO - Started process (PID=2801) to work on /home/airflow/.local/lib/python3.8/site-packages/airflow/example_dags/tutorial_dag.py
[2024-04-07T15:04:16.604+0000] {processor.py:830} INFO - Processing file /home/airflow/.local/lib/python3.8/site-packages/airflow/example_dags/tutorial_dag.py for tasks to queue
[2024-04-07T15:04:16.609+0000] {logging_mixin.py:188} INFO - [2024-04-07T15:04:16.608+0000] {dagbag.py:540} INFO - Filling up the DagBag from /home/airflow/.local/lib/python3.8/site-packages/airflow/example_dags/tutorial_dag.py
[2024-04-07T15:04:16.623+0000] {processor.py:840} INFO - DAG(s) 'tutorial_dag' retrieved from /home/airflow/.local/lib/python3.8/site-packages/airflow/example_dags/tutorial_dag.py
[2024-04-07T15:04:16.671+0000] {logging_mixin.py:188} INFO - [2024-04-07T15:04:16.670+0000] {dag.py:3047} INFO - Sync 1 DAGs
[2024-04-07T15:04:16.722+0000] {logging_mixin.py:188} INFO - [2024-04-07T15:04:16.721+0000] {dag.py:3834} INFO - Setting next_dagrun for tutorial_dag to None, run_after=None
[2024-04-07T15:04:16.777+0000] {processor.py:183} INFO - Processing /home/airflow/.local/lib/python3.8/site-packages/airflow/example_dags/tutorial_dag.py took 0.185 seconds
[2024-04-07T15:04:47.119+0000] {processor.py:161} INFO - Started process (PID=2855) to work on /home/airflow/.local/lib/python3.8/site-packages/airflow/example_dags/tutorial_dag.py
[2024-04-07T15:04:47.121+0000] {processor.py:830} INFO - Processing file /home/airflow/.local/lib/python3.8/site-packages/airflow/example_dags/tutorial_dag.py for tasks to queue
[2024-04-07T15:04:47.124+0000] {logging_mixin.py:188} INFO - [2024-04-07T15:04:47.123+0000] {dagbag.py:540} INFO - Filling up the DagBag from /home/airflow/.local/lib/python3.8/site-packages/airflow/example_dags/tutorial_dag.py
[2024-04-07T15:04:47.132+0000] {processor.py:840} INFO - DAG(s) 'tutorial_dag' retrieved from /home/airflow/.local/lib/python3.8/site-packages/airflow/example_dags/tutorial_dag.py
[2024-04-07T15:04:47.164+0000] {logging_mixin.py:188} INFO - [2024-04-07T15:04:47.164+0000] {dag.py:3047} INFO - Sync 1 DAGs
[2024-04-07T15:04:47.187+0000] {logging_mixin.py:188} INFO - [2024-04-07T15:04:47.187+0000] {dag.py:3834} INFO - Setting next_dagrun for tutorial_dag to None, run_after=None
[2024-04-07T15:04:47.223+0000] {processor.py:183} INFO - Processing /home/airflow/.local/lib/python3.8/site-packages/airflow/example_dags/tutorial_dag.py took 0.108 seconds
[2024-04-07T15:05:17.533+0000] {processor.py:161} INFO - Started process (PID=2912) to work on /home/airflow/.local/lib/python3.8/site-packages/airflow/example_dags/tutorial_dag.py
[2024-04-07T15:05:17.535+0000] {processor.py:830} INFO - Processing file /home/airflow/.local/lib/python3.8/site-packages/airflow/example_dags/tutorial_dag.py for tasks to queue
[2024-04-07T15:05:17.539+0000] {logging_mixin.py:188} INFO - [2024-04-07T15:05:17.538+0000] {dagbag.py:540} INFO - Filling up the DagBag from /home/airflow/.local/lib/python3.8/site-packages/airflow/example_dags/tutorial_dag.py
[2024-04-07T15:05:17.549+0000] {processor.py:840} INFO - DAG(s) 'tutorial_dag' retrieved from /home/airflow/.local/lib/python3.8/site-packages/airflow/example_dags/tutorial_dag.py
[2024-04-07T15:05:17.581+0000] {logging_mixin.py:188} INFO - [2024-04-07T15:05:17.581+0000] {dag.py:3047} INFO - Sync 1 DAGs
[2024-04-07T15:05:17.603+0000] {logging_mixin.py:188} INFO - [2024-04-07T15:05:17.603+0000] {dag.py:3834} INFO - Setting next_dagrun for tutorial_dag to None, run_after=None
[2024-04-07T15:05:17.633+0000] {processor.py:183} INFO - Processing /home/airflow/.local/lib/python3.8/site-packages/airflow/example_dags/tutorial_dag.py took 0.106 seconds
[2024-04-07T15:05:48.360+0000] {processor.py:161} INFO - Started process (PID=2969) to work on /home/airflow/.local/lib/python3.8/site-packages/airflow/example_dags/tutorial_dag.py
[2024-04-07T15:05:48.362+0000] {processor.py:830} INFO - Processing file /home/airflow/.local/lib/python3.8/site-packages/airflow/example_dags/tutorial_dag.py for tasks to queue
[2024-04-07T15:05:48.365+0000] {logging_mixin.py:188} INFO - [2024-04-07T15:05:48.364+0000] {dagbag.py:540} INFO - Filling up the DagBag from /home/airflow/.local/lib/python3.8/site-packages/airflow/example_dags/tutorial_dag.py
[2024-04-07T15:05:48.375+0000] {processor.py:840} INFO - DAG(s) 'tutorial_dag' retrieved from /home/airflow/.local/lib/python3.8/site-packages/airflow/example_dags/tutorial_dag.py
[2024-04-07T15:05:48.404+0000] {logging_mixin.py:188} INFO - [2024-04-07T15:05:48.403+0000] {dag.py:3047} INFO - Sync 1 DAGs
[2024-04-07T15:05:48.427+0000] {logging_mixin.py:188} INFO - [2024-04-07T15:05:48.427+0000] {dag.py:3834} INFO - Setting next_dagrun for tutorial_dag to None, run_after=None
[2024-04-07T15:05:48.633+0000] {processor.py:183} INFO - Processing /home/airflow/.local/lib/python3.8/site-packages/airflow/example_dags/tutorial_dag.py took 0.279 seconds
[2024-04-07T15:06:19.058+0000] {processor.py:161} INFO - Started process (PID=3026) to work on /home/airflow/.local/lib/python3.8/site-packages/airflow/example_dags/tutorial_dag.py
[2024-04-07T15:06:19.060+0000] {processor.py:830} INFO - Processing file /home/airflow/.local/lib/python3.8/site-packages/airflow/example_dags/tutorial_dag.py for tasks to queue
[2024-04-07T15:06:19.063+0000] {logging_mixin.py:188} INFO - [2024-04-07T15:06:19.063+0000] {dagbag.py:540} INFO - Filling up the DagBag from /home/airflow/.local/lib/python3.8/site-packages/airflow/example_dags/tutorial_dag.py
[2024-04-07T15:06:19.072+0000] {processor.py:840} INFO - DAG(s) 'tutorial_dag' retrieved from /home/airflow/.local/lib/python3.8/site-packages/airflow/example_dags/tutorial_dag.py
[2024-04-07T15:06:19.102+0000] {logging_mixin.py:188} INFO - [2024-04-07T15:06:19.102+0000] {dag.py:3047} INFO - Sync 1 DAGs
[2024-04-07T15:06:19.120+0000] {logging_mixin.py:188} INFO - [2024-04-07T15:06:19.120+0000] {dag.py:3834} INFO - Setting next_dagrun for tutorial_dag to None, run_after=None
[2024-04-07T15:06:19.148+0000] {processor.py:183} INFO - Processing /home/airflow/.local/lib/python3.8/site-packages/airflow/example_dags/tutorial_dag.py took 0.096 seconds
[2024-04-07T15:06:49.359+0000] {processor.py:161} INFO - Started process (PID=3083) to work on /home/airflow/.local/lib/python3.8/site-packages/airflow/example_dags/tutorial_dag.py
[2024-04-07T15:06:49.361+0000] {processor.py:830} INFO - Processing file /home/airflow/.local/lib/python3.8/site-packages/airflow/example_dags/tutorial_dag.py for tasks to queue
[2024-04-07T15:06:49.364+0000] {logging_mixin.py:188} INFO - [2024-04-07T15:06:49.364+0000] {dagbag.py:540} INFO - Filling up the DagBag from /home/airflow/.local/lib/python3.8/site-packages/airflow/example_dags/tutorial_dag.py
[2024-04-07T15:06:49.375+0000] {processor.py:840} INFO - DAG(s) 'tutorial_dag' retrieved from /home/airflow/.local/lib/python3.8/site-packages/airflow/example_dags/tutorial_dag.py
[2024-04-07T15:06:49.407+0000] {logging_mixin.py:188} INFO - [2024-04-07T15:06:49.407+0000] {dag.py:3047} INFO - Sync 1 DAGs
[2024-04-07T15:06:49.431+0000] {logging_mixin.py:188} INFO - [2024-04-07T15:06:49.431+0000] {dag.py:3834} INFO - Setting next_dagrun for tutorial_dag to None, run_after=None
[2024-04-07T15:06:49.471+0000] {processor.py:183} INFO - Processing /home/airflow/.local/lib/python3.8/site-packages/airflow/example_dags/tutorial_dag.py took 0.117 seconds
[2024-04-07T15:07:19.941+0000] {processor.py:161} INFO - Started process (PID=3140) to work on /home/airflow/.local/lib/python3.8/site-packages/airflow/example_dags/tutorial_dag.py
[2024-04-07T15:07:19.943+0000] {processor.py:830} INFO - Processing file /home/airflow/.local/lib/python3.8/site-packages/airflow/example_dags/tutorial_dag.py for tasks to queue
[2024-04-07T15:07:19.947+0000] {logging_mixin.py:188} INFO - [2024-04-07T15:07:19.947+0000] {dagbag.py:540} INFO - Filling up the DagBag from /home/airflow/.local/lib/python3.8/site-packages/airflow/example_dags/tutorial_dag.py
[2024-04-07T15:07:19.956+0000] {processor.py:840} INFO - DAG(s) 'tutorial_dag' retrieved from /home/airflow/.local/lib/python3.8/site-packages/airflow/example_dags/tutorial_dag.py
[2024-04-07T15:07:19.988+0000] {logging_mixin.py:188} INFO - [2024-04-07T15:07:19.987+0000] {dag.py:3047} INFO - Sync 1 DAGs
[2024-04-07T15:07:20.008+0000] {logging_mixin.py:188} INFO - [2024-04-07T15:07:20.008+0000] {dag.py:3834} INFO - Setting next_dagrun for tutorial_dag to None, run_after=None
[2024-04-07T15:07:20.045+0000] {processor.py:183} INFO - Processing /home/airflow/.local/lib/python3.8/site-packages/airflow/example_dags/tutorial_dag.py took 0.108 seconds
[2024-04-07T15:07:50.474+0000] {processor.py:161} INFO - Started process (PID=3197) to work on /home/airflow/.local/lib/python3.8/site-packages/airflow/example_dags/tutorial_dag.py
[2024-04-07T15:07:50.477+0000] {processor.py:830} INFO - Processing file /home/airflow/.local/lib/python3.8/site-packages/airflow/example_dags/tutorial_dag.py for tasks to queue
[2024-04-07T15:07:50.484+0000] {logging_mixin.py:188} INFO - [2024-04-07T15:07:50.483+0000] {dagbag.py:540} INFO - Filling up the DagBag from /home/airflow/.local/lib/python3.8/site-packages/airflow/example_dags/tutorial_dag.py
[2024-04-07T15:07:50.501+0000] {processor.py:840} INFO - DAG(s) 'tutorial_dag' retrieved from /home/airflow/.local/lib/python3.8/site-packages/airflow/example_dags/tutorial_dag.py
[2024-04-07T15:07:50.572+0000] {logging_mixin.py:188} INFO - [2024-04-07T15:07:50.571+0000] {dag.py:3047} INFO - Sync 1 DAGs
[2024-04-07T15:07:50.610+0000] {logging_mixin.py:188} INFO - [2024-04-07T15:07:50.609+0000] {dag.py:3834} INFO - Setting next_dagrun for tutorial_dag to None, run_after=None
[2024-04-07T15:07:50.719+0000] {processor.py:183} INFO - Processing /home/airflow/.local/lib/python3.8/site-packages/airflow/example_dags/tutorial_dag.py took 0.260 seconds
[2024-04-07T15:08:21.207+0000] {processor.py:161} INFO - Started process (PID=3254) to work on /home/airflow/.local/lib/python3.8/site-packages/airflow/example_dags/tutorial_dag.py
[2024-04-07T15:08:21.209+0000] {processor.py:830} INFO - Processing file /home/airflow/.local/lib/python3.8/site-packages/airflow/example_dags/tutorial_dag.py for tasks to queue
[2024-04-07T15:08:21.213+0000] {logging_mixin.py:188} INFO - [2024-04-07T15:08:21.212+0000] {dagbag.py:540} INFO - Filling up the DagBag from /home/airflow/.local/lib/python3.8/site-packages/airflow/example_dags/tutorial_dag.py
[2024-04-07T15:08:21.221+0000] {processor.py:840} INFO - DAG(s) 'tutorial_dag' retrieved from /home/airflow/.local/lib/python3.8/site-packages/airflow/example_dags/tutorial_dag.py
[2024-04-07T15:08:21.251+0000] {logging_mixin.py:188} INFO - [2024-04-07T15:08:21.251+0000] {dag.py:3047} INFO - Sync 1 DAGs
[2024-04-07T15:08:21.276+0000] {logging_mixin.py:188} INFO - [2024-04-07T15:08:21.276+0000] {dag.py:3834} INFO - Setting next_dagrun for tutorial_dag to None, run_after=None
[2024-04-07T15:08:21.316+0000] {processor.py:183} INFO - Processing /home/airflow/.local/lib/python3.8/site-packages/airflow/example_dags/tutorial_dag.py took 0.113 seconds
[2024-04-07T15:08:52.465+0000] {processor.py:161} INFO - Started process (PID=3311) to work on /home/airflow/.local/lib/python3.8/site-packages/airflow/example_dags/tutorial_dag.py
[2024-04-07T15:08:52.467+0000] {processor.py:830} INFO - Processing file /home/airflow/.local/lib/python3.8/site-packages/airflow/example_dags/tutorial_dag.py for tasks to queue
[2024-04-07T15:08:52.471+0000] {logging_mixin.py:188} INFO - [2024-04-07T15:08:52.470+0000] {dagbag.py:540} INFO - Filling up the DagBag from /home/airflow/.local/lib/python3.8/site-packages/airflow/example_dags/tutorial_dag.py
[2024-04-07T15:08:52.488+0000] {processor.py:840} INFO - DAG(s) 'tutorial_dag' retrieved from /home/airflow/.local/lib/python3.8/site-packages/airflow/example_dags/tutorial_dag.py
[2024-04-07T15:08:52.583+0000] {logging_mixin.py:188} INFO - [2024-04-07T15:08:52.582+0000] {dag.py:3047} INFO - Sync 1 DAGs
[2024-04-07T15:08:52.626+0000] {logging_mixin.py:188} INFO - [2024-04-07T15:08:52.626+0000] {dag.py:3834} INFO - Setting next_dagrun for tutorial_dag to None, run_after=None
[2024-04-07T15:08:52.727+0000] {processor.py:183} INFO - Processing /home/airflow/.local/lib/python3.8/site-packages/airflow/example_dags/tutorial_dag.py took 0.270 seconds
[2024-04-07T15:09:40.481+0000] {processor.py:161} INFO - Started process (PID=3366) to work on /home/airflow/.local/lib/python3.8/site-packages/airflow/example_dags/tutorial_dag.py
[2024-04-07T15:09:40.484+0000] {processor.py:830} INFO - Processing file /home/airflow/.local/lib/python3.8/site-packages/airflow/example_dags/tutorial_dag.py for tasks to queue
[2024-04-07T15:09:40.489+0000] {logging_mixin.py:188} INFO - [2024-04-07T15:09:40.488+0000] {dagbag.py:540} INFO - Filling up the DagBag from /home/airflow/.local/lib/python3.8/site-packages/airflow/example_dags/tutorial_dag.py
[2024-04-07T15:09:40.519+0000] {processor.py:840} INFO - DAG(s) 'tutorial_dag' retrieved from /home/airflow/.local/lib/python3.8/site-packages/airflow/example_dags/tutorial_dag.py
[2024-04-07T15:09:40.608+0000] {logging_mixin.py:188} INFO - [2024-04-07T15:09:40.607+0000] {dag.py:3047} INFO - Sync 1 DAGs
[2024-04-07T15:09:40.683+0000] {logging_mixin.py:188} INFO - [2024-04-07T15:09:40.683+0000] {dag.py:3834} INFO - Setting next_dagrun for tutorial_dag to None, run_after=None
[2024-04-07T15:09:40.801+0000] {processor.py:183} INFO - Processing /home/airflow/.local/lib/python3.8/site-packages/airflow/example_dags/tutorial_dag.py took 0.333 seconds
[2024-04-07T15:10:11.105+0000] {processor.py:161} INFO - Started process (PID=3423) to work on /home/airflow/.local/lib/python3.8/site-packages/airflow/example_dags/tutorial_dag.py
[2024-04-07T15:10:11.108+0000] {processor.py:830} INFO - Processing file /home/airflow/.local/lib/python3.8/site-packages/airflow/example_dags/tutorial_dag.py for tasks to queue
[2024-04-07T15:10:11.114+0000] {logging_mixin.py:188} INFO - [2024-04-07T15:10:11.113+0000] {dagbag.py:540} INFO - Filling up the DagBag from /home/airflow/.local/lib/python3.8/site-packages/airflow/example_dags/tutorial_dag.py
[2024-04-07T15:10:11.127+0000] {processor.py:840} INFO - DAG(s) 'tutorial_dag' retrieved from /home/airflow/.local/lib/python3.8/site-packages/airflow/example_dags/tutorial_dag.py
[2024-04-07T15:10:11.178+0000] {logging_mixin.py:188} INFO - [2024-04-07T15:10:11.177+0000] {dag.py:3047} INFO - Sync 1 DAGs
[2024-04-07T15:10:11.211+0000] {logging_mixin.py:188} INFO - [2024-04-07T15:10:11.211+0000] {dag.py:3834} INFO - Setting next_dagrun for tutorial_dag to None, run_after=None
[2024-04-07T15:10:11.267+0000] {processor.py:183} INFO - Processing /home/airflow/.local/lib/python3.8/site-packages/airflow/example_dags/tutorial_dag.py took 0.170 seconds
[2024-04-07T15:10:42.463+0000] {processor.py:161} INFO - Started process (PID=3480) to work on /home/airflow/.local/lib/python3.8/site-packages/airflow/example_dags/tutorial_dag.py
[2024-04-07T15:10:42.465+0000] {processor.py:830} INFO - Processing file /home/airflow/.local/lib/python3.8/site-packages/airflow/example_dags/tutorial_dag.py for tasks to queue
[2024-04-07T15:10:42.470+0000] {logging_mixin.py:188} INFO - [2024-04-07T15:10:42.469+0000] {dagbag.py:540} INFO - Filling up the DagBag from /home/airflow/.local/lib/python3.8/site-packages/airflow/example_dags/tutorial_dag.py
[2024-04-07T15:10:42.487+0000] {processor.py:840} INFO - DAG(s) 'tutorial_dag' retrieved from /home/airflow/.local/lib/python3.8/site-packages/airflow/example_dags/tutorial_dag.py
[2024-04-07T15:10:42.545+0000] {logging_mixin.py:188} INFO - [2024-04-07T15:10:42.545+0000] {dag.py:3047} INFO - Sync 1 DAGs
[2024-04-07T15:10:42.572+0000] {logging_mixin.py:188} INFO - [2024-04-07T15:10:42.571+0000] {dag.py:3834} INFO - Setting next_dagrun for tutorial_dag to None, run_after=None
[2024-04-07T15:10:42.771+0000] {processor.py:183} INFO - Processing /home/airflow/.local/lib/python3.8/site-packages/airflow/example_dags/tutorial_dag.py took 0.317 seconds
[2024-04-07T15:11:13.601+0000] {processor.py:161} INFO - Started process (PID=3537) to work on /home/airflow/.local/lib/python3.8/site-packages/airflow/example_dags/tutorial_dag.py
[2024-04-07T15:11:13.608+0000] {processor.py:830} INFO - Processing file /home/airflow/.local/lib/python3.8/site-packages/airflow/example_dags/tutorial_dag.py for tasks to queue
[2024-04-07T15:11:13.616+0000] {logging_mixin.py:188} INFO - [2024-04-07T15:11:13.615+0000] {dagbag.py:540} INFO - Filling up the DagBag from /home/airflow/.local/lib/python3.8/site-packages/airflow/example_dags/tutorial_dag.py
[2024-04-07T15:11:13.640+0000] {processor.py:840} INFO - DAG(s) 'tutorial_dag' retrieved from /home/airflow/.local/lib/python3.8/site-packages/airflow/example_dags/tutorial_dag.py
[2024-04-07T15:11:13.695+0000] {logging_mixin.py:188} INFO - [2024-04-07T15:11:13.695+0000] {dag.py:3047} INFO - Sync 1 DAGs
[2024-04-07T15:11:13.723+0000] {logging_mixin.py:188} INFO - [2024-04-07T15:11:13.722+0000] {dag.py:3834} INFO - Setting next_dagrun for tutorial_dag to None, run_after=None
[2024-04-07T15:11:13.765+0000] {processor.py:183} INFO - Processing /home/airflow/.local/lib/python3.8/site-packages/airflow/example_dags/tutorial_dag.py took 0.172 seconds
[2024-04-07T15:11:44.375+0000] {processor.py:161} INFO - Started process (PID=3594) to work on /home/airflow/.local/lib/python3.8/site-packages/airflow/example_dags/tutorial_dag.py
[2024-04-07T15:11:44.379+0000] {processor.py:830} INFO - Processing file /home/airflow/.local/lib/python3.8/site-packages/airflow/example_dags/tutorial_dag.py for tasks to queue
[2024-04-07T15:11:44.384+0000] {logging_mixin.py:188} INFO - [2024-04-07T15:11:44.383+0000] {dagbag.py:540} INFO - Filling up the DagBag from /home/airflow/.local/lib/python3.8/site-packages/airflow/example_dags/tutorial_dag.py
[2024-04-07T15:11:44.395+0000] {processor.py:840} INFO - DAG(s) 'tutorial_dag' retrieved from /home/airflow/.local/lib/python3.8/site-packages/airflow/example_dags/tutorial_dag.py
[2024-04-07T15:11:44.440+0000] {logging_mixin.py:188} INFO - [2024-04-07T15:11:44.440+0000] {dag.py:3047} INFO - Sync 1 DAGs
[2024-04-07T15:11:44.470+0000] {logging_mixin.py:188} INFO - [2024-04-07T15:11:44.469+0000] {dag.py:3834} INFO - Setting next_dagrun for tutorial_dag to None, run_after=None
[2024-04-07T15:11:44.513+0000] {processor.py:183} INFO - Processing /home/airflow/.local/lib/python3.8/site-packages/airflow/example_dags/tutorial_dag.py took 0.149 seconds
[2024-04-07T15:12:14.934+0000] {processor.py:161} INFO - Started process (PID=3651) to work on /home/airflow/.local/lib/python3.8/site-packages/airflow/example_dags/tutorial_dag.py
[2024-04-07T15:12:14.935+0000] {processor.py:830} INFO - Processing file /home/airflow/.local/lib/python3.8/site-packages/airflow/example_dags/tutorial_dag.py for tasks to queue
[2024-04-07T15:12:14.938+0000] {logging_mixin.py:188} INFO - [2024-04-07T15:12:14.938+0000] {dagbag.py:540} INFO - Filling up the DagBag from /home/airflow/.local/lib/python3.8/site-packages/airflow/example_dags/tutorial_dag.py
[2024-04-07T15:12:14.946+0000] {processor.py:840} INFO - DAG(s) 'tutorial_dag' retrieved from /home/airflow/.local/lib/python3.8/site-packages/airflow/example_dags/tutorial_dag.py
[2024-04-07T15:12:14.981+0000] {logging_mixin.py:188} INFO - [2024-04-07T15:12:14.980+0000] {dag.py:3047} INFO - Sync 1 DAGs
[2024-04-07T15:12:15.007+0000] {logging_mixin.py:188} INFO - [2024-04-07T15:12:15.006+0000] {dag.py:3834} INFO - Setting next_dagrun for tutorial_dag to None, run_after=None
[2024-04-07T15:12:15.054+0000] {processor.py:183} INFO - Processing /home/airflow/.local/lib/python3.8/site-packages/airflow/example_dags/tutorial_dag.py took 0.125 seconds
