[2024-04-16T00:00:12.256+0000] {processor.py:161} INFO - Started process (PID=617) to work on /opt/airflow/dags/holaa.py
[2024-04-16T00:00:12.270+0000] {processor.py:830} INFO - Processing file /opt/airflow/dags/holaa.py for tasks to queue
[2024-04-16T00:00:12.273+0000] {logging_mixin.py:188} INFO - [2024-04-16T00:00:12.272+0000] {dagbag.py:540} INFO - Filling up the DagBag from /opt/airflow/dags/holaa.py
[2024-04-16T00:00:12.434+0000] {processor.py:840} INFO - DAG(s) 'm_dag_ejecutaa' retrieved from /opt/airflow/dags/holaa.py
[2024-04-16T00:00:12.596+0000] {logging_mixin.py:188} INFO - [2024-04-16T00:00:12.595+0000] {dag.py:3096} INFO - Sync 1 DAGs
[2024-04-16T00:00:12.743+0000] {logging_mixin.py:188} INFO - [2024-04-16T00:00:12.743+0000] {dag.py:3954} INFO - Setting next_dagrun for m_dag_ejecutaa to 2024-04-16 00:00:00+00:00, run_after=2024-04-17 00:00:00+00:00
[2024-04-16T00:00:12.832+0000] {processor.py:183} INFO - Processing /opt/airflow/dags/holaa.py took 0.614 seconds
[2024-04-16T00:00:43.372+0000] {processor.py:161} INFO - Started process (PID=627) to work on /opt/airflow/dags/holaa.py
[2024-04-16T00:00:43.374+0000] {processor.py:830} INFO - Processing file /opt/airflow/dags/holaa.py for tasks to queue
[2024-04-16T00:00:43.375+0000] {logging_mixin.py:188} INFO - [2024-04-16T00:00:43.375+0000] {dagbag.py:540} INFO - Filling up the DagBag from /opt/airflow/dags/holaa.py
[2024-04-16T00:00:43.437+0000] {processor.py:840} INFO - DAG(s) 'm_dag_ejecutaa' retrieved from /opt/airflow/dags/holaa.py
[2024-04-16T00:00:43.494+0000] {logging_mixin.py:188} INFO - [2024-04-16T00:00:43.493+0000] {dag.py:3096} INFO - Sync 1 DAGs
[2024-04-16T00:00:43.563+0000] {logging_mixin.py:188} INFO - [2024-04-16T00:00:43.563+0000] {dag.py:3954} INFO - Setting next_dagrun for m_dag_ejecutaa to 2024-04-16 00:00:00+00:00, run_after=2024-04-17 00:00:00+00:00
[2024-04-16T00:00:43.628+0000] {processor.py:183} INFO - Processing /opt/airflow/dags/holaa.py took 0.271 seconds
[2024-04-16T00:01:13.892+0000] {processor.py:161} INFO - Started process (PID=636) to work on /opt/airflow/dags/holaa.py
[2024-04-16T00:01:13.896+0000] {processor.py:830} INFO - Processing file /opt/airflow/dags/holaa.py for tasks to queue
[2024-04-16T00:01:13.900+0000] {logging_mixin.py:188} INFO - [2024-04-16T00:01:13.899+0000] {dagbag.py:540} INFO - Filling up the DagBag from /opt/airflow/dags/holaa.py
[2024-04-16T00:01:13.992+0000] {processor.py:840} INFO - DAG(s) 'm_dag_ejecutaa' retrieved from /opt/airflow/dags/holaa.py
[2024-04-16T00:01:14.060+0000] {logging_mixin.py:188} INFO - [2024-04-16T00:01:14.059+0000] {dag.py:3096} INFO - Sync 1 DAGs
[2024-04-16T00:01:14.150+0000] {logging_mixin.py:188} INFO - [2024-04-16T00:01:14.149+0000] {dag.py:3954} INFO - Setting next_dagrun for m_dag_ejecutaa to 2024-04-16 00:00:00+00:00, run_after=2024-04-17 00:00:00+00:00
[2024-04-16T00:01:14.257+0000] {processor.py:183} INFO - Processing /opt/airflow/dags/holaa.py took 0.384 seconds
[2024-04-16T00:01:44.943+0000] {processor.py:161} INFO - Started process (PID=646) to work on /opt/airflow/dags/holaa.py
[2024-04-16T00:01:44.945+0000] {processor.py:830} INFO - Processing file /opt/airflow/dags/holaa.py for tasks to queue
[2024-04-16T00:01:44.949+0000] {logging_mixin.py:188} INFO - [2024-04-16T00:01:44.947+0000] {dagbag.py:540} INFO - Filling up the DagBag from /opt/airflow/dags/holaa.py
[2024-04-16T00:01:45.018+0000] {processor.py:840} INFO - DAG(s) 'm_dag_ejecutaa' retrieved from /opt/airflow/dags/holaa.py
[2024-04-16T00:01:45.103+0000] {logging_mixin.py:188} INFO - [2024-04-16T00:01:45.103+0000] {dag.py:3096} INFO - Sync 1 DAGs
[2024-04-16T00:01:45.217+0000] {logging_mixin.py:188} INFO - [2024-04-16T00:01:45.217+0000] {dag.py:3954} INFO - Setting next_dagrun for m_dag_ejecutaa to 2024-04-16 00:00:00+00:00, run_after=2024-04-17 00:00:00+00:00
[2024-04-16T00:01:45.306+0000] {processor.py:183} INFO - Processing /opt/airflow/dags/holaa.py took 0.382 seconds
[2024-04-16T00:02:15.958+0000] {processor.py:161} INFO - Started process (PID=656) to work on /opt/airflow/dags/holaa.py
[2024-04-16T00:02:15.960+0000] {processor.py:830} INFO - Processing file /opt/airflow/dags/holaa.py for tasks to queue
[2024-04-16T00:02:15.962+0000] {logging_mixin.py:188} INFO - [2024-04-16T00:02:15.962+0000] {dagbag.py:540} INFO - Filling up the DagBag from /opt/airflow/dags/holaa.py
[2024-04-16T00:02:16.043+0000] {processor.py:840} INFO - DAG(s) 'm_dag_ejecutaa' retrieved from /opt/airflow/dags/holaa.py
[2024-04-16T00:02:16.161+0000] {logging_mixin.py:188} INFO - [2024-04-16T00:02:16.160+0000] {dag.py:3096} INFO - Sync 1 DAGs
[2024-04-16T00:02:16.260+0000] {logging_mixin.py:188} INFO - [2024-04-16T00:02:16.259+0000] {dag.py:3954} INFO - Setting next_dagrun for m_dag_ejecutaa to 2024-04-16 00:00:00+00:00, run_after=2024-04-17 00:00:00+00:00
[2024-04-16T00:02:16.391+0000] {processor.py:183} INFO - Processing /opt/airflow/dags/holaa.py took 0.483 seconds
[2024-04-16T00:02:34.988+0000] {processor.py:161} INFO - Started process (PID=658) to work on /opt/airflow/dags/holaa.py
[2024-04-16T00:02:34.989+0000] {processor.py:830} INFO - Processing file /opt/airflow/dags/holaa.py for tasks to queue
[2024-04-16T00:02:34.991+0000] {logging_mixin.py:188} INFO - [2024-04-16T00:02:34.990+0000] {dagbag.py:540} INFO - Filling up the DagBag from /opt/airflow/dags/holaa.py
[2024-04-16T00:02:35.060+0000] {processor.py:840} INFO - DAG(s) 'm_dag_ejecutaa' retrieved from /opt/airflow/dags/holaa.py
[2024-04-16T00:02:35.103+0000] {logging_mixin.py:188} INFO - [2024-04-16T00:02:35.103+0000] {dag.py:3096} INFO - Sync 1 DAGs
[2024-04-16T00:02:35.140+0000] {logging_mixin.py:188} INFO - [2024-04-16T00:02:35.139+0000] {dag.py:3954} INFO - Setting next_dagrun for m_dag_ejecutaa to 2024-04-16 00:00:00+00:00, run_after=2024-04-17 00:00:00+00:00
[2024-04-16T00:02:35.181+0000] {processor.py:183} INFO - Processing /opt/airflow/dags/holaa.py took 0.202 seconds
[2024-04-16T00:02:40.117+0000] {processor.py:161} INFO - Started process (PID=659) to work on /opt/airflow/dags/holaa.py
[2024-04-16T00:02:40.118+0000] {processor.py:830} INFO - Processing file /opt/airflow/dags/holaa.py for tasks to queue
[2024-04-16T00:02:40.120+0000] {logging_mixin.py:188} INFO - [2024-04-16T00:02:40.119+0000] {dagbag.py:540} INFO - Filling up the DagBag from /opt/airflow/dags/holaa.py
[2024-04-16T00:02:40.170+0000] {processor.py:840} INFO - DAG(s) 'm_dag_ejecutaap' retrieved from /opt/airflow/dags/holaa.py
[2024-04-16T00:02:40.470+0000] {logging_mixin.py:188} INFO - [2024-04-16T00:02:40.469+0000] {override.py:1829} INFO - Created Permission View: can edit on DAG:m_dag_ejecutaap
[2024-04-16T00:02:40.497+0000] {logging_mixin.py:188} INFO - [2024-04-16T00:02:40.497+0000] {override.py:1829} INFO - Created Permission View: can delete on DAG:m_dag_ejecutaap
[2024-04-16T00:02:40.510+0000] {logging_mixin.py:188} INFO - [2024-04-16T00:02:40.509+0000] {override.py:1829} INFO - Created Permission View: can read on DAG:m_dag_ejecutaap
[2024-04-16T00:02:40.510+0000] {logging_mixin.py:188} INFO - [2024-04-16T00:02:40.510+0000] {dag.py:3096} INFO - Sync 1 DAGs
[2024-04-16T00:02:40.535+0000] {logging_mixin.py:188} INFO - [2024-04-16T00:02:40.534+0000] {dag.py:3118} INFO - Creating ORM DAG for m_dag_ejecutaap
[2024-04-16T00:02:40.555+0000] {logging_mixin.py:188} INFO - [2024-04-16T00:02:40.555+0000] {dag.py:3954} INFO - Setting next_dagrun for m_dag_ejecutaap to 2024-04-07 00:00:00+00:00, run_after=2024-04-08 00:00:00+00:00
[2024-04-16T00:02:40.594+0000] {processor.py:183} INFO - Processing /opt/airflow/dags/holaa.py took 0.485 seconds
[2024-04-16T00:03:11.756+0000] {processor.py:161} INFO - Started process (PID=675) to work on /opt/airflow/dags/holaa.py
[2024-04-16T00:03:11.787+0000] {processor.py:830} INFO - Processing file /opt/airflow/dags/holaa.py for tasks to queue
[2024-04-16T00:03:11.804+0000] {logging_mixin.py:188} INFO - [2024-04-16T00:03:11.803+0000] {dagbag.py:540} INFO - Filling up the DagBag from /opt/airflow/dags/holaa.py
[2024-04-16T00:03:12.599+0000] {processor.py:840} INFO - DAG(s) 'm_dag_ejecutaap' retrieved from /opt/airflow/dags/holaa.py
[2024-04-16T00:03:12.807+0000] {logging_mixin.py:188} INFO - [2024-04-16T00:03:12.806+0000] {dag.py:3096} INFO - Sync 1 DAGs
[2024-04-16T00:03:13.321+0000] {logging_mixin.py:188} INFO - [2024-04-16T00:03:13.309+0000] {dag.py:3954} INFO - Setting next_dagrun for m_dag_ejecutaap to 2024-04-16 00:00:00+00:00, run_after=2024-04-17 00:00:00+00:00
[2024-04-16T00:03:13.651+0000] {processor.py:183} INFO - Processing /opt/airflow/dags/holaa.py took 2.013 seconds
[2024-04-16T00:03:44.153+0000] {processor.py:161} INFO - Started process (PID=685) to work on /opt/airflow/dags/holaa.py
[2024-04-16T00:03:44.155+0000] {processor.py:830} INFO - Processing file /opt/airflow/dags/holaa.py for tasks to queue
[2024-04-16T00:03:44.157+0000] {logging_mixin.py:188} INFO - [2024-04-16T00:03:44.156+0000] {dagbag.py:540} INFO - Filling up the DagBag from /opt/airflow/dags/holaa.py
[2024-04-16T00:03:44.202+0000] {processor.py:840} INFO - DAG(s) 'm_dag_ejecutaap' retrieved from /opt/airflow/dags/holaa.py
[2024-04-16T00:03:44.246+0000] {logging_mixin.py:188} INFO - [2024-04-16T00:03:44.245+0000] {dag.py:3096} INFO - Sync 1 DAGs
[2024-04-16T00:03:44.282+0000] {logging_mixin.py:188} INFO - [2024-04-16T00:03:44.281+0000] {dag.py:3954} INFO - Setting next_dagrun for m_dag_ejecutaap to 2024-04-16 00:00:00+00:00, run_after=2024-04-17 00:00:00+00:00
[2024-04-16T00:03:44.332+0000] {processor.py:183} INFO - Processing /opt/airflow/dags/holaa.py took 0.189 seconds
[2024-04-16T00:04:15.338+0000] {processor.py:161} INFO - Started process (PID=695) to work on /opt/airflow/dags/holaa.py
[2024-04-16T00:04:15.340+0000] {processor.py:830} INFO - Processing file /opt/airflow/dags/holaa.py for tasks to queue
[2024-04-16T00:04:15.342+0000] {logging_mixin.py:188} INFO - [2024-04-16T00:04:15.341+0000] {dagbag.py:540} INFO - Filling up the DagBag from /opt/airflow/dags/holaa.py
[2024-04-16T00:04:15.388+0000] {processor.py:840} INFO - DAG(s) 'm_dag_ejecutaap' retrieved from /opt/airflow/dags/holaa.py
[2024-04-16T00:04:15.427+0000] {logging_mixin.py:188} INFO - [2024-04-16T00:04:15.427+0000] {dag.py:3096} INFO - Sync 1 DAGs
[2024-04-16T00:04:15.471+0000] {logging_mixin.py:188} INFO - [2024-04-16T00:04:15.471+0000] {dag.py:3954} INFO - Setting next_dagrun for m_dag_ejecutaap to 2024-04-16 00:00:00+00:00, run_after=2024-04-17 00:00:00+00:00
[2024-04-16T00:04:15.510+0000] {processor.py:183} INFO - Processing /opt/airflow/dags/holaa.py took 0.183 seconds
[2024-04-16T00:04:45.859+0000] {processor.py:161} INFO - Started process (PID=705) to work on /opt/airflow/dags/holaa.py
[2024-04-16T00:04:45.860+0000] {processor.py:830} INFO - Processing file /opt/airflow/dags/holaa.py for tasks to queue
[2024-04-16T00:04:45.862+0000] {logging_mixin.py:188} INFO - [2024-04-16T00:04:45.861+0000] {dagbag.py:540} INFO - Filling up the DagBag from /opt/airflow/dags/holaa.py
[2024-04-16T00:04:45.908+0000] {processor.py:840} INFO - DAG(s) 'm_dag_ejecutaap' retrieved from /opt/airflow/dags/holaa.py
[2024-04-16T00:04:45.947+0000] {logging_mixin.py:188} INFO - [2024-04-16T00:04:45.947+0000] {dag.py:3096} INFO - Sync 1 DAGs
[2024-04-16T00:04:45.981+0000] {logging_mixin.py:188} INFO - [2024-04-16T00:04:45.981+0000] {dag.py:3954} INFO - Setting next_dagrun for m_dag_ejecutaap to 2024-04-16 00:00:00+00:00, run_after=2024-04-17 00:00:00+00:00
[2024-04-16T00:04:46.015+0000] {processor.py:183} INFO - Processing /opt/airflow/dags/holaa.py took 0.167 seconds
[2024-04-16T00:05:16.664+0000] {processor.py:161} INFO - Started process (PID=714) to work on /opt/airflow/dags/holaa.py
[2024-04-16T00:05:16.666+0000] {processor.py:830} INFO - Processing file /opt/airflow/dags/holaa.py for tasks to queue
[2024-04-16T00:05:16.667+0000] {logging_mixin.py:188} INFO - [2024-04-16T00:05:16.667+0000] {dagbag.py:540} INFO - Filling up the DagBag from /opt/airflow/dags/holaa.py
[2024-04-16T00:05:16.706+0000] {processor.py:840} INFO - DAG(s) 'm_dag_ejecutaap' retrieved from /opt/airflow/dags/holaa.py
[2024-04-16T00:05:16.743+0000] {logging_mixin.py:188} INFO - [2024-04-16T00:05:16.742+0000] {dag.py:3096} INFO - Sync 1 DAGs
[2024-04-16T00:05:16.780+0000] {logging_mixin.py:188} INFO - [2024-04-16T00:05:16.780+0000] {dag.py:3954} INFO - Setting next_dagrun for m_dag_ejecutaap to 2024-04-16 00:00:00+00:00, run_after=2024-04-17 00:00:00+00:00
[2024-04-16T00:05:16.810+0000] {processor.py:183} INFO - Processing /opt/airflow/dags/holaa.py took 0.154 seconds
[2024-04-16T00:05:47.603+0000] {processor.py:161} INFO - Started process (PID=725) to work on /opt/airflow/dags/holaa.py
[2024-04-16T00:05:47.604+0000] {processor.py:830} INFO - Processing file /opt/airflow/dags/holaa.py for tasks to queue
[2024-04-16T00:05:47.607+0000] {logging_mixin.py:188} INFO - [2024-04-16T00:05:47.606+0000] {dagbag.py:540} INFO - Filling up the DagBag from /opt/airflow/dags/holaa.py
[2024-04-16T00:05:47.658+0000] {processor.py:840} INFO - DAG(s) 'm_dag_ejecutaap' retrieved from /opt/airflow/dags/holaa.py
[2024-04-16T00:05:47.708+0000] {logging_mixin.py:188} INFO - [2024-04-16T00:05:47.707+0000] {dag.py:3096} INFO - Sync 1 DAGs
[2024-04-16T00:05:47.764+0000] {logging_mixin.py:188} INFO - [2024-04-16T00:05:47.763+0000] {dag.py:3954} INFO - Setting next_dagrun for m_dag_ejecutaap to 2024-04-16 00:00:00+00:00, run_after=2024-04-17 00:00:00+00:00
[2024-04-16T00:05:48.043+0000] {processor.py:183} INFO - Processing /opt/airflow/dags/holaa.py took 0.451 seconds
[2024-04-16T00:06:18.451+0000] {processor.py:161} INFO - Started process (PID=736) to work on /opt/airflow/dags/holaa.py
[2024-04-16T00:06:18.453+0000] {processor.py:830} INFO - Processing file /opt/airflow/dags/holaa.py for tasks to queue
[2024-04-16T00:06:18.455+0000] {logging_mixin.py:188} INFO - [2024-04-16T00:06:18.454+0000] {dagbag.py:540} INFO - Filling up the DagBag from /opt/airflow/dags/holaa.py
[2024-04-16T00:06:18.532+0000] {processor.py:840} INFO - DAG(s) 'm_dag_ejecutaap' retrieved from /opt/airflow/dags/holaa.py
[2024-04-16T00:06:18.640+0000] {logging_mixin.py:188} INFO - [2024-04-16T00:06:18.639+0000] {dag.py:3096} INFO - Sync 1 DAGs
[2024-04-16T00:06:18.818+0000] {logging_mixin.py:188} INFO - [2024-04-16T00:06:18.818+0000] {dag.py:3954} INFO - Setting next_dagrun for m_dag_ejecutaap to 2024-04-16 00:00:00+00:00, run_after=2024-04-17 00:00:00+00:00
[2024-04-16T00:06:18.984+0000] {processor.py:183} INFO - Processing /opt/airflow/dags/holaa.py took 0.552 seconds
[2024-04-16T00:06:49.719+0000] {processor.py:161} INFO - Started process (PID=745) to work on /opt/airflow/dags/holaa.py
[2024-04-16T00:06:49.721+0000] {processor.py:830} INFO - Processing file /opt/airflow/dags/holaa.py for tasks to queue
[2024-04-16T00:06:49.723+0000] {logging_mixin.py:188} INFO - [2024-04-16T00:06:49.722+0000] {dagbag.py:540} INFO - Filling up the DagBag from /opt/airflow/dags/holaa.py
[2024-04-16T00:06:49.774+0000] {processor.py:840} INFO - DAG(s) 'm_dag_ejecutaap' retrieved from /opt/airflow/dags/holaa.py
[2024-04-16T00:06:49.837+0000] {logging_mixin.py:188} INFO - [2024-04-16T00:06:49.836+0000] {dag.py:3096} INFO - Sync 1 DAGs
[2024-04-16T00:06:49.924+0000] {logging_mixin.py:188} INFO - [2024-04-16T00:06:49.924+0000] {dag.py:3954} INFO - Setting next_dagrun for m_dag_ejecutaap to 2024-04-16 00:00:00+00:00, run_after=2024-04-17 00:00:00+00:00
[2024-04-16T00:06:50.218+0000] {processor.py:183} INFO - Processing /opt/airflow/dags/holaa.py took 0.523 seconds
[2024-04-16T00:07:20.997+0000] {processor.py:161} INFO - Started process (PID=755) to work on /opt/airflow/dags/holaa.py
[2024-04-16T00:07:20.999+0000] {processor.py:830} INFO - Processing file /opt/airflow/dags/holaa.py for tasks to queue
[2024-04-16T00:07:21.001+0000] {logging_mixin.py:188} INFO - [2024-04-16T00:07:21.000+0000] {dagbag.py:540} INFO - Filling up the DagBag from /opt/airflow/dags/holaa.py
[2024-04-16T00:07:21.209+0000] {processor.py:840} INFO - DAG(s) 'm_dag_ejecutaap' retrieved from /opt/airflow/dags/holaa.py
[2024-04-16T00:07:21.373+0000] {logging_mixin.py:188} INFO - [2024-04-16T00:07:21.373+0000] {dag.py:3096} INFO - Sync 1 DAGs
[2024-04-16T00:07:21.507+0000] {logging_mixin.py:188} INFO - [2024-04-16T00:07:21.506+0000] {dag.py:3954} INFO - Setting next_dagrun for m_dag_ejecutaap to 2024-04-16 00:00:00+00:00, run_after=2024-04-17 00:00:00+00:00
[2024-04-16T00:07:22.262+0000] {processor.py:183} INFO - Processing /opt/airflow/dags/holaa.py took 1.280 seconds
[2024-04-16T00:07:52.442+0000] {processor.py:161} INFO - Started process (PID=765) to work on /opt/airflow/dags/holaa.py
[2024-04-16T00:07:52.443+0000] {processor.py:830} INFO - Processing file /opt/airflow/dags/holaa.py for tasks to queue
[2024-04-16T00:07:52.445+0000] {logging_mixin.py:188} INFO - [2024-04-16T00:07:52.445+0000] {dagbag.py:540} INFO - Filling up the DagBag from /opt/airflow/dags/holaa.py
[2024-04-16T00:07:52.495+0000] {processor.py:840} INFO - DAG(s) 'm_dag_ejecutaap' retrieved from /opt/airflow/dags/holaa.py
[2024-04-16T00:07:52.533+0000] {logging_mixin.py:188} INFO - [2024-04-16T00:07:52.532+0000] {dag.py:3096} INFO - Sync 1 DAGs
[2024-04-16T00:07:52.572+0000] {logging_mixin.py:188} INFO - [2024-04-16T00:07:52.572+0000] {dag.py:3954} INFO - Setting next_dagrun for m_dag_ejecutaap to 2024-04-16 00:00:00+00:00, run_after=2024-04-17 00:00:00+00:00
[2024-04-16T00:07:52.660+0000] {processor.py:183} INFO - Processing /opt/airflow/dags/holaa.py took 0.229 seconds
[2024-04-16T00:08:23.316+0000] {processor.py:161} INFO - Started process (PID=776) to work on /opt/airflow/dags/holaa.py
[2024-04-16T00:08:23.318+0000] {processor.py:830} INFO - Processing file /opt/airflow/dags/holaa.py for tasks to queue
[2024-04-16T00:08:23.319+0000] {logging_mixin.py:188} INFO - [2024-04-16T00:08:23.319+0000] {dagbag.py:540} INFO - Filling up the DagBag from /opt/airflow/dags/holaa.py
[2024-04-16T00:08:23.356+0000] {processor.py:840} INFO - DAG(s) 'm_dag_ejecutaap' retrieved from /opt/airflow/dags/holaa.py
[2024-04-16T00:08:23.391+0000] {logging_mixin.py:188} INFO - [2024-04-16T00:08:23.390+0000] {dag.py:3096} INFO - Sync 1 DAGs
[2024-04-16T00:08:23.424+0000] {logging_mixin.py:188} INFO - [2024-04-16T00:08:23.424+0000] {dag.py:3954} INFO - Setting next_dagrun for m_dag_ejecutaap to 2024-04-16 00:00:00+00:00, run_after=2024-04-17 00:00:00+00:00
[2024-04-16T00:08:23.460+0000] {processor.py:183} INFO - Processing /opt/airflow/dags/holaa.py took 0.152 seconds
[2024-04-16T00:08:54.223+0000] {processor.py:161} INFO - Started process (PID=785) to work on /opt/airflow/dags/holaa.py
[2024-04-16T00:08:54.225+0000] {processor.py:830} INFO - Processing file /opt/airflow/dags/holaa.py for tasks to queue
[2024-04-16T00:08:54.229+0000] {logging_mixin.py:188} INFO - [2024-04-16T00:08:54.228+0000] {dagbag.py:540} INFO - Filling up the DagBag from /opt/airflow/dags/holaa.py
[2024-04-16T00:08:54.338+0000] {processor.py:840} INFO - DAG(s) 'm_dag_ejecutaap' retrieved from /opt/airflow/dags/holaa.py
[2024-04-16T00:08:54.407+0000] {logging_mixin.py:188} INFO - [2024-04-16T00:08:54.406+0000] {dag.py:3096} INFO - Sync 1 DAGs
[2024-04-16T00:08:54.472+0000] {logging_mixin.py:188} INFO - [2024-04-16T00:08:54.471+0000] {dag.py:3954} INFO - Setting next_dagrun for m_dag_ejecutaap to 2024-04-16 00:00:00+00:00, run_after=2024-04-17 00:00:00+00:00
[2024-04-16T00:08:54.702+0000] {processor.py:183} INFO - Processing /opt/airflow/dags/holaa.py took 0.498 seconds
[2024-04-16T00:09:24.892+0000] {processor.py:161} INFO - Started process (PID=795) to work on /opt/airflow/dags/holaa.py
[2024-04-16T00:09:24.894+0000] {processor.py:830} INFO - Processing file /opt/airflow/dags/holaa.py for tasks to queue
[2024-04-16T00:09:24.896+0000] {logging_mixin.py:188} INFO - [2024-04-16T00:09:24.895+0000] {dagbag.py:540} INFO - Filling up the DagBag from /opt/airflow/dags/holaa.py
[2024-04-16T00:09:24.941+0000] {processor.py:840} INFO - DAG(s) 'm_dag_ejecutaap' retrieved from /opt/airflow/dags/holaa.py
[2024-04-16T00:09:24.981+0000] {logging_mixin.py:188} INFO - [2024-04-16T00:09:24.980+0000] {dag.py:3096} INFO - Sync 1 DAGs
[2024-04-16T00:09:25.027+0000] {logging_mixin.py:188} INFO - [2024-04-16T00:09:25.027+0000] {dag.py:3954} INFO - Setting next_dagrun for m_dag_ejecutaap to 2024-04-16 00:00:00+00:00, run_after=2024-04-17 00:00:00+00:00
[2024-04-16T00:09:25.071+0000] {processor.py:183} INFO - Processing /opt/airflow/dags/holaa.py took 0.189 seconds
[2024-04-16T00:09:55.568+0000] {processor.py:161} INFO - Started process (PID=805) to work on /opt/airflow/dags/holaa.py
[2024-04-16T00:09:55.569+0000] {processor.py:830} INFO - Processing file /opt/airflow/dags/holaa.py for tasks to queue
[2024-04-16T00:09:55.571+0000] {logging_mixin.py:188} INFO - [2024-04-16T00:09:55.570+0000] {dagbag.py:540} INFO - Filling up the DagBag from /opt/airflow/dags/holaa.py
[2024-04-16T00:09:55.608+0000] {processor.py:840} INFO - DAG(s) 'm_dag_ejecutaap' retrieved from /opt/airflow/dags/holaa.py
[2024-04-16T00:09:55.641+0000] {logging_mixin.py:188} INFO - [2024-04-16T00:09:55.641+0000] {dag.py:3096} INFO - Sync 1 DAGs
[2024-04-16T00:09:55.675+0000] {logging_mixin.py:188} INFO - [2024-04-16T00:09:55.675+0000] {dag.py:3954} INFO - Setting next_dagrun for m_dag_ejecutaap to 2024-04-16 00:00:00+00:00, run_after=2024-04-17 00:00:00+00:00
[2024-04-16T00:09:57.186+0000] {processor.py:183} INFO - Processing /opt/airflow/dags/holaa.py took 1.626 seconds
[2024-04-16T00:10:27.530+0000] {processor.py:161} INFO - Started process (PID=816) to work on /opt/airflow/dags/holaa.py
[2024-04-16T00:10:27.532+0000] {processor.py:830} INFO - Processing file /opt/airflow/dags/holaa.py for tasks to queue
[2024-04-16T00:10:27.534+0000] {logging_mixin.py:188} INFO - [2024-04-16T00:10:27.534+0000] {dagbag.py:540} INFO - Filling up the DagBag from /opt/airflow/dags/holaa.py
[2024-04-16T00:10:27.579+0000] {processor.py:840} INFO - DAG(s) 'm_dag_ejecutaap' retrieved from /opt/airflow/dags/holaa.py
[2024-04-16T00:10:27.618+0000] {logging_mixin.py:188} INFO - [2024-04-16T00:10:27.617+0000] {dag.py:3096} INFO - Sync 1 DAGs
[2024-04-16T00:10:27.660+0000] {logging_mixin.py:188} INFO - [2024-04-16T00:10:27.659+0000] {dag.py:3954} INFO - Setting next_dagrun for m_dag_ejecutaap to 2024-04-16 00:00:00+00:00, run_after=2024-04-17 00:00:00+00:00
[2024-04-16T00:10:27.699+0000] {processor.py:183} INFO - Processing /opt/airflow/dags/holaa.py took 0.180 seconds
[2024-04-16T00:10:58.335+0000] {processor.py:161} INFO - Started process (PID=826) to work on /opt/airflow/dags/holaa.py
[2024-04-16T00:10:58.337+0000] {processor.py:830} INFO - Processing file /opt/airflow/dags/holaa.py for tasks to queue
[2024-04-16T00:10:58.339+0000] {logging_mixin.py:188} INFO - [2024-04-16T00:10:58.338+0000] {dagbag.py:540} INFO - Filling up the DagBag from /opt/airflow/dags/holaa.py
[2024-04-16T00:10:58.407+0000] {processor.py:840} INFO - DAG(s) 'm_dag_ejecutaap' retrieved from /opt/airflow/dags/holaa.py
[2024-04-16T00:10:58.466+0000] {logging_mixin.py:188} INFO - [2024-04-16T00:10:58.466+0000] {dag.py:3096} INFO - Sync 1 DAGs
[2024-04-16T00:10:58.530+0000] {logging_mixin.py:188} INFO - [2024-04-16T00:10:58.529+0000] {dag.py:3954} INFO - Setting next_dagrun for m_dag_ejecutaap to 2024-04-16 00:00:00+00:00, run_after=2024-04-17 00:00:00+00:00
[2024-04-16T00:10:58.603+0000] {processor.py:183} INFO - Processing /opt/airflow/dags/holaa.py took 0.281 seconds
[2024-04-16T00:13:29.110+0000] {processor.py:161} INFO - Started process (PID=42) to work on /opt/airflow/dags/holaa.py
[2024-04-16T00:13:29.143+0000] {processor.py:830} INFO - Processing file /opt/airflow/dags/holaa.py for tasks to queue
[2024-04-16T00:13:29.420+0000] {logging_mixin.py:188} INFO - [2024-04-16T00:13:29.419+0000] {dagbag.py:540} INFO - Filling up the DagBag from /opt/airflow/dags/holaa.py
[2024-04-16T00:13:30.374+0000] {processor.py:840} INFO - DAG(s) 'm_dag_ejecutaap' retrieved from /opt/airflow/dags/holaa.py
[2024-04-16T00:13:36.022+0000] {logging_mixin.py:188} INFO - [2024-04-16T00:13:36.021+0000] {dag.py:3096} INFO - Sync 1 DAGs
[2024-04-16T00:13:36.539+0000] {logging_mixin.py:188} INFO - [2024-04-16T00:13:36.509+0000] {dag.py:3954} INFO - Setting next_dagrun for m_dag_ejecutaap to 2024-04-16 00:00:00+00:00, run_after=2024-04-17 00:00:00+00:00
[2024-04-16T00:13:37.204+0000] {processor.py:183} INFO - Processing /opt/airflow/dags/holaa.py took 8.939 seconds
[2024-04-16T00:14:08.359+0000] {processor.py:161} INFO - Started process (PID=52) to work on /opt/airflow/dags/holaa.py
[2024-04-16T00:14:08.361+0000] {processor.py:830} INFO - Processing file /opt/airflow/dags/holaa.py for tasks to queue
[2024-04-16T00:14:08.365+0000] {logging_mixin.py:188} INFO - [2024-04-16T00:14:08.364+0000] {dagbag.py:540} INFO - Filling up the DagBag from /opt/airflow/dags/holaa.py
[2024-04-16T00:14:08.440+0000] {processor.py:840} INFO - DAG(s) 'm_dag_ejecutaap' retrieved from /opt/airflow/dags/holaa.py
[2024-04-16T00:14:08.534+0000] {logging_mixin.py:188} INFO - [2024-04-16T00:14:08.533+0000] {dag.py:3096} INFO - Sync 1 DAGs
[2024-04-16T00:14:08.578+0000] {logging_mixin.py:188} INFO - [2024-04-16T00:14:08.578+0000] {dag.py:3954} INFO - Setting next_dagrun for m_dag_ejecutaap to 2024-04-16 00:00:00+00:00, run_after=2024-04-17 00:00:00+00:00
[2024-04-16T00:14:10.508+0000] {processor.py:183} INFO - Processing /opt/airflow/dags/holaa.py took 2.162 seconds
[2024-04-16T00:14:41.528+0000] {processor.py:161} INFO - Started process (PID=62) to work on /opt/airflow/dags/holaa.py
[2024-04-16T00:14:41.529+0000] {processor.py:830} INFO - Processing file /opt/airflow/dags/holaa.py for tasks to queue
[2024-04-16T00:14:41.533+0000] {logging_mixin.py:188} INFO - [2024-04-16T00:14:41.532+0000] {dagbag.py:540} INFO - Filling up the DagBag from /opt/airflow/dags/holaa.py
[2024-04-16T00:14:41.601+0000] {processor.py:840} INFO - DAG(s) 'm_dag_ejecutaap' retrieved from /opt/airflow/dags/holaa.py
[2024-04-16T00:14:41.665+0000] {logging_mixin.py:188} INFO - [2024-04-16T00:14:41.664+0000] {dag.py:3096} INFO - Sync 1 DAGs
[2024-04-16T00:14:41.738+0000] {logging_mixin.py:188} INFO - [2024-04-16T00:14:41.738+0000] {dag.py:3954} INFO - Setting next_dagrun for m_dag_ejecutaap to 2024-04-16 00:00:00+00:00, run_after=2024-04-17 00:00:00+00:00
[2024-04-16T00:14:45.527+0000] {processor.py:183} INFO - Processing /opt/airflow/dags/holaa.py took 4.016 seconds
[2024-04-16T00:19:04.492+0000] {processor.py:161} INFO - Started process (PID=56) to work on /opt/airflow/dags/holaa.py
[2024-04-16T00:19:04.496+0000] {processor.py:830} INFO - Processing file /opt/airflow/dags/holaa.py for tasks to queue
[2024-04-16T00:19:04.508+0000] {logging_mixin.py:188} INFO - [2024-04-16T00:19:04.505+0000] {dagbag.py:540} INFO - Filling up the DagBag from /opt/airflow/dags/holaa.py
[2024-04-16T00:19:04.679+0000] {processor.py:840} INFO - DAG(s) 'm_dag_ejecutaap' retrieved from /opt/airflow/dags/holaa.py
[2024-04-16T00:19:06.026+0000] {logging_mixin.py:188} INFO - [2024-04-16T00:19:06.025+0000] {dag.py:3096} INFO - Sync 1 DAGs
[2024-04-16T00:19:06.118+0000] {logging_mixin.py:188} INFO - [2024-04-16T00:19:06.117+0000] {dag.py:3954} INFO - Setting next_dagrun for m_dag_ejecutaap to 2024-04-16 00:00:00+00:00, run_after=2024-04-17 00:00:00+00:00
[2024-04-16T00:19:06.225+0000] {processor.py:183} INFO - Processing /opt/airflow/dags/holaa.py took 1.759 seconds
[2024-04-16T00:19:37.060+0000] {processor.py:161} INFO - Started process (PID=66) to work on /opt/airflow/dags/holaa.py
[2024-04-16T00:19:37.089+0000] {processor.py:830} INFO - Processing file /opt/airflow/dags/holaa.py for tasks to queue
[2024-04-16T00:19:37.109+0000] {logging_mixin.py:188} INFO - [2024-04-16T00:19:37.108+0000] {dagbag.py:540} INFO - Filling up the DagBag from /opt/airflow/dags/holaa.py
[2024-04-16T00:19:38.317+0000] {processor.py:840} INFO - DAG(s) 'm_dag_ejecutaap' retrieved from /opt/airflow/dags/holaa.py
[2024-04-16T00:19:38.806+0000] {logging_mixin.py:188} INFO - [2024-04-16T00:19:38.806+0000] {dag.py:3096} INFO - Sync 1 DAGs
[2024-04-16T00:19:39.144+0000] {logging_mixin.py:188} INFO - [2024-04-16T00:19:39.143+0000] {dag.py:3954} INFO - Setting next_dagrun for m_dag_ejecutaap to 2024-04-16 00:00:00+00:00, run_after=2024-04-17 00:00:00+00:00
[2024-04-16T00:19:53.807+0000] {processor.py:183} INFO - Processing /opt/airflow/dags/holaa.py took 16.770 seconds
[2024-04-16T00:20:25.255+0000] {processor.py:161} INFO - Started process (PID=81) to work on /opt/airflow/dags/holaa.py
[2024-04-16T00:20:25.539+0000] {processor.py:830} INFO - Processing file /opt/airflow/dags/holaa.py for tasks to queue
[2024-04-16T00:20:25.545+0000] {logging_mixin.py:188} INFO - [2024-04-16T00:20:25.544+0000] {dagbag.py:540} INFO - Filling up the DagBag from /opt/airflow/dags/holaa.py
[2024-04-16T00:20:26.404+0000] {processor.py:840} INFO - DAG(s) 'm_dag_ejecutaap' retrieved from /opt/airflow/dags/holaa.py
[2024-04-16T00:20:26.540+0000] {logging_mixin.py:188} INFO - [2024-04-16T00:20:26.539+0000] {dag.py:3096} INFO - Sync 1 DAGs
[2024-04-16T00:20:26.659+0000] {logging_mixin.py:188} INFO - [2024-04-16T00:20:26.659+0000] {dag.py:3954} INFO - Setting next_dagrun for m_dag_ejecutaap to 2024-04-16 00:00:00+00:00, run_after=2024-04-17 00:00:00+00:00
[2024-04-16T00:20:29.045+0000] {processor.py:183} INFO - Processing /opt/airflow/dags/holaa.py took 3.869 seconds
[2024-04-16T00:20:59.740+0000] {processor.py:161} INFO - Started process (PID=93) to work on /opt/airflow/dags/holaa.py
[2024-04-16T00:20:59.742+0000] {processor.py:830} INFO - Processing file /opt/airflow/dags/holaa.py for tasks to queue
[2024-04-16T00:20:59.744+0000] {logging_mixin.py:188} INFO - [2024-04-16T00:20:59.744+0000] {dagbag.py:540} INFO - Filling up the DagBag from /opt/airflow/dags/holaa.py
[2024-04-16T00:20:59.792+0000] {processor.py:840} INFO - DAG(s) 'm_dag_ejecutaap' retrieved from /opt/airflow/dags/holaa.py
[2024-04-16T00:20:59.838+0000] {logging_mixin.py:188} INFO - [2024-04-16T00:20:59.838+0000] {dag.py:3096} INFO - Sync 1 DAGs
[2024-04-16T00:20:59.936+0000] {logging_mixin.py:188} INFO - [2024-04-16T00:20:59.936+0000] {dag.py:3954} INFO - Setting next_dagrun for m_dag_ejecutaap to 2024-04-16 00:00:00+00:00, run_after=2024-04-17 00:00:00+00:00
[2024-04-16T00:21:01.185+0000] {processor.py:183} INFO - Processing /opt/airflow/dags/holaa.py took 1.458 seconds
[2024-04-16T00:21:35.443+0000] {processor.py:161} INFO - Started process (PID=103) to work on /opt/airflow/dags/holaa.py
[2024-04-16T00:21:35.470+0000] {processor.py:830} INFO - Processing file /opt/airflow/dags/holaa.py for tasks to queue
[2024-04-16T00:21:35.490+0000] {logging_mixin.py:188} INFO - [2024-04-16T00:21:35.488+0000] {dagbag.py:540} INFO - Filling up the DagBag from /opt/airflow/dags/holaa.py
[2024-04-16T00:21:36.773+0000] {processor.py:840} INFO - DAG(s) 'm_dag_ejecutaap' retrieved from /opt/airflow/dags/holaa.py
[2024-04-16T00:21:37.143+0000] {logging_mixin.py:188} INFO - [2024-04-16T00:21:37.142+0000] {dag.py:3096} INFO - Sync 1 DAGs
[2024-04-16T00:21:37.381+0000] {logging_mixin.py:188} INFO - [2024-04-16T00:21:37.380+0000] {dag.py:3954} INFO - Setting next_dagrun for m_dag_ejecutaap to 2024-04-16 00:00:00+00:00, run_after=2024-04-17 00:00:00+00:00
[2024-04-16T00:21:40.007+0000] {processor.py:183} INFO - Processing /opt/airflow/dags/holaa.py took 4.662 seconds
[2024-04-16T00:22:13.910+0000] {processor.py:161} INFO - Started process (PID=120) to work on /opt/airflow/dags/holaa.py
[2024-04-16T00:22:13.958+0000] {processor.py:830} INFO - Processing file /opt/airflow/dags/holaa.py for tasks to queue
[2024-04-16T00:22:14.009+0000] {logging_mixin.py:188} INFO - [2024-04-16T00:22:14.008+0000] {dagbag.py:540} INFO - Filling up the DagBag from /opt/airflow/dags/holaa.py
[2024-04-16T00:22:16.860+0000] {processor.py:840} INFO - DAG(s) 'm_dag_ejecutaap' retrieved from /opt/airflow/dags/holaa.py
[2024-04-16T00:22:18.289+0000] {logging_mixin.py:188} INFO - [2024-04-16T00:22:18.288+0000] {dag.py:3096} INFO - Sync 1 DAGs
[2024-04-16T00:22:18.538+0000] {logging_mixin.py:188} INFO - [2024-04-16T00:22:18.537+0000] {dag.py:3954} INFO - Setting next_dagrun for m_dag_ejecutaap to 2024-04-16 00:00:00+00:00, run_after=2024-04-17 00:00:00+00:00
[2024-04-16T00:22:18.937+0000] {processor.py:183} INFO - Processing /opt/airflow/dags/holaa.py took 5.063 seconds
[2024-04-16T00:22:50.877+0000] {processor.py:161} INFO - Started process (PID=130) to work on /opt/airflow/dags/holaa.py
[2024-04-16T00:22:50.954+0000] {processor.py:830} INFO - Processing file /opt/airflow/dags/holaa.py for tasks to queue
[2024-04-16T00:22:50.962+0000] {logging_mixin.py:188} INFO - [2024-04-16T00:22:50.961+0000] {dagbag.py:540} INFO - Filling up the DagBag from /opt/airflow/dags/holaa.py
[2024-04-16T00:22:52.129+0000] {processor.py:840} INFO - DAG(s) 'm_dag_ejecutaap' retrieved from /opt/airflow/dags/holaa.py
[2024-04-16T00:22:52.325+0000] {logging_mixin.py:188} INFO - [2024-04-16T00:22:52.324+0000] {dag.py:3096} INFO - Sync 1 DAGs
[2024-04-16T00:22:52.574+0000] {logging_mixin.py:188} INFO - [2024-04-16T00:22:52.573+0000] {dag.py:3954} INFO - Setting next_dagrun for m_dag_ejecutaap to 2024-04-16 00:00:00+00:00, run_after=2024-04-17 00:00:00+00:00
[2024-04-16T00:22:55.139+0000] {processor.py:183} INFO - Processing /opt/airflow/dags/holaa.py took 4.283 seconds
[2024-04-16T00:23:25.606+0000] {processor.py:161} INFO - Started process (PID=141) to work on /opt/airflow/dags/holaa.py
[2024-04-16T00:23:25.608+0000] {processor.py:830} INFO - Processing file /opt/airflow/dags/holaa.py for tasks to queue
[2024-04-16T00:23:25.613+0000] {logging_mixin.py:188} INFO - [2024-04-16T00:23:25.612+0000] {dagbag.py:540} INFO - Filling up the DagBag from /opt/airflow/dags/holaa.py
[2024-04-16T00:23:25.870+0000] {processor.py:840} INFO - DAG(s) 'm_dag_ejecutaap' retrieved from /opt/airflow/dags/holaa.py
[2024-04-16T00:23:25.937+0000] {logging_mixin.py:188} INFO - [2024-04-16T00:23:25.936+0000] {dag.py:3096} INFO - Sync 1 DAGs
[2024-04-16T00:23:25.999+0000] {logging_mixin.py:188} INFO - [2024-04-16T00:23:25.998+0000] {dag.py:3954} INFO - Setting next_dagrun for m_dag_ejecutaap to 2024-04-16 00:00:00+00:00, run_after=2024-04-17 00:00:00+00:00
[2024-04-16T00:23:26.059+0000] {processor.py:183} INFO - Processing /opt/airflow/dags/holaa.py took 0.488 seconds
[2024-04-16T00:23:56.539+0000] {processor.py:161} INFO - Started process (PID=151) to work on /opt/airflow/dags/holaa.py
[2024-04-16T00:23:56.546+0000] {processor.py:830} INFO - Processing file /opt/airflow/dags/holaa.py for tasks to queue
[2024-04-16T00:23:56.957+0000] {logging_mixin.py:188} INFO - [2024-04-16T00:23:56.955+0000] {dagbag.py:540} INFO - Filling up the DagBag from /opt/airflow/dags/holaa.py
[2024-04-16T00:23:57.181+0000] {processor.py:840} INFO - DAG(s) 'm_dag_ejecutaap' retrieved from /opt/airflow/dags/holaa.py
[2024-04-16T00:23:57.307+0000] {logging_mixin.py:188} INFO - [2024-04-16T00:23:57.306+0000] {dag.py:3096} INFO - Sync 1 DAGs
[2024-04-16T00:23:57.452+0000] {logging_mixin.py:188} INFO - [2024-04-16T00:23:57.450+0000] {dag.py:3954} INFO - Setting next_dagrun for m_dag_ejecutaap to 2024-04-16 00:00:00+00:00, run_after=2024-04-17 00:00:00+00:00
[2024-04-16T00:23:59.314+0000] {processor.py:183} INFO - Processing /opt/airflow/dags/holaa.py took 2.847 seconds
[2024-04-16T00:24:29.822+0000] {processor.py:161} INFO - Started process (PID=161) to work on /opt/airflow/dags/holaa.py
[2024-04-16T00:24:29.825+0000] {processor.py:830} INFO - Processing file /opt/airflow/dags/holaa.py for tasks to queue
[2024-04-16T00:24:29.830+0000] {logging_mixin.py:188} INFO - [2024-04-16T00:24:29.829+0000] {dagbag.py:540} INFO - Filling up the DagBag from /opt/airflow/dags/holaa.py
[2024-04-16T00:24:29.932+0000] {processor.py:840} INFO - DAG(s) 'm_dag_ejecutaap' retrieved from /opt/airflow/dags/holaa.py
[2024-04-16T00:24:30.022+0000] {logging_mixin.py:188} INFO - [2024-04-16T00:24:30.022+0000] {dag.py:3096} INFO - Sync 1 DAGs
[2024-04-16T00:24:30.067+0000] {logging_mixin.py:188} INFO - [2024-04-16T00:24:30.067+0000] {dag.py:3954} INFO - Setting next_dagrun for m_dag_ejecutaap to 2024-04-16 00:00:00+00:00, run_after=2024-04-17 00:00:00+00:00
[2024-04-16T00:24:30.863+0000] {processor.py:183} INFO - Processing /opt/airflow/dags/holaa.py took 1.063 seconds
[2024-04-16T00:25:01.548+0000] {processor.py:161} INFO - Started process (PID=170) to work on /opt/airflow/dags/holaa.py
[2024-04-16T00:25:01.549+0000] {processor.py:830} INFO - Processing file /opt/airflow/dags/holaa.py for tasks to queue
[2024-04-16T00:25:01.552+0000] {logging_mixin.py:188} INFO - [2024-04-16T00:25:01.552+0000] {dagbag.py:540} INFO - Filling up the DagBag from /opt/airflow/dags/holaa.py
[2024-04-16T00:25:01.592+0000] {processor.py:840} INFO - DAG(s) 'm_dag_ejecutaap' retrieved from /opt/airflow/dags/holaa.py
[2024-04-16T00:25:01.628+0000] {logging_mixin.py:188} INFO - [2024-04-16T00:25:01.627+0000] {dag.py:3096} INFO - Sync 1 DAGs
[2024-04-16T00:25:01.663+0000] {logging_mixin.py:188} INFO - [2024-04-16T00:25:01.662+0000] {dag.py:3954} INFO - Setting next_dagrun for m_dag_ejecutaap to 2024-04-16 00:00:00+00:00, run_after=2024-04-17 00:00:00+00:00
[2024-04-16T00:25:01.698+0000] {processor.py:183} INFO - Processing /opt/airflow/dags/holaa.py took 0.159 seconds
[2024-04-16T00:25:31.838+0000] {processor.py:161} INFO - Started process (PID=180) to work on /opt/airflow/dags/holaa.py
[2024-04-16T00:25:31.840+0000] {processor.py:830} INFO - Processing file /opt/airflow/dags/holaa.py for tasks to queue
[2024-04-16T00:25:31.843+0000] {logging_mixin.py:188} INFO - [2024-04-16T00:25:31.842+0000] {dagbag.py:540} INFO - Filling up the DagBag from /opt/airflow/dags/holaa.py
[2024-04-16T00:25:31.881+0000] {processor.py:840} INFO - DAG(s) 'm_dag_ejecutaap' retrieved from /opt/airflow/dags/holaa.py
[2024-04-16T00:25:31.922+0000] {logging_mixin.py:188} INFO - [2024-04-16T00:25:31.921+0000] {dag.py:3096} INFO - Sync 1 DAGs
[2024-04-16T00:25:31.971+0000] {logging_mixin.py:188} INFO - [2024-04-16T00:25:31.971+0000] {dag.py:3954} INFO - Setting next_dagrun for m_dag_ejecutaap to 2024-04-16 00:00:00+00:00, run_after=2024-04-17 00:00:00+00:00
[2024-04-16T00:25:32.023+0000] {processor.py:183} INFO - Processing /opt/airflow/dags/holaa.py took 0.196 seconds
[2024-04-16T00:26:02.376+0000] {processor.py:161} INFO - Started process (PID=191) to work on /opt/airflow/dags/holaa.py
[2024-04-16T00:26:02.382+0000] {processor.py:830} INFO - Processing file /opt/airflow/dags/holaa.py for tasks to queue
[2024-04-16T00:26:02.392+0000] {logging_mixin.py:188} INFO - [2024-04-16T00:26:02.392+0000] {dagbag.py:540} INFO - Filling up the DagBag from /opt/airflow/dags/holaa.py
[2024-04-16T00:26:02.491+0000] {processor.py:840} INFO - DAG(s) 'm_dag_ejecutaap' retrieved from /opt/airflow/dags/holaa.py
[2024-04-16T00:26:02.569+0000] {logging_mixin.py:188} INFO - [2024-04-16T00:26:02.568+0000] {dag.py:3096} INFO - Sync 1 DAGs
[2024-04-16T00:26:02.642+0000] {logging_mixin.py:188} INFO - [2024-04-16T00:26:02.641+0000] {dag.py:3954} INFO - Setting next_dagrun for m_dag_ejecutaap to 2024-04-16 00:00:00+00:00, run_after=2024-04-17 00:00:00+00:00
[2024-04-16T00:26:02.703+0000] {processor.py:183} INFO - Processing /opt/airflow/dags/holaa.py took 0.352 seconds
[2024-04-16T00:26:33.018+0000] {processor.py:161} INFO - Started process (PID=201) to work on /opt/airflow/dags/holaa.py
[2024-04-16T00:26:33.020+0000] {processor.py:830} INFO - Processing file /opt/airflow/dags/holaa.py for tasks to queue
[2024-04-16T00:26:33.022+0000] {logging_mixin.py:188} INFO - [2024-04-16T00:26:33.022+0000] {dagbag.py:540} INFO - Filling up the DagBag from /opt/airflow/dags/holaa.py
[2024-04-16T00:26:33.067+0000] {processor.py:840} INFO - DAG(s) 'm_dag_ejecutaap' retrieved from /opt/airflow/dags/holaa.py
[2024-04-16T00:26:33.105+0000] {logging_mixin.py:188} INFO - [2024-04-16T00:26:33.105+0000] {dag.py:3096} INFO - Sync 1 DAGs
[2024-04-16T00:26:33.141+0000] {logging_mixin.py:188} INFO - [2024-04-16T00:26:33.141+0000] {dag.py:3954} INFO - Setting next_dagrun for m_dag_ejecutaap to 2024-04-16 00:00:00+00:00, run_after=2024-04-17 00:00:00+00:00
[2024-04-16T00:26:33.171+0000] {processor.py:183} INFO - Processing /opt/airflow/dags/holaa.py took 0.162 seconds
[2024-04-16T00:27:03.879+0000] {processor.py:161} INFO - Started process (PID=211) to work on /opt/airflow/dags/holaa.py
[2024-04-16T00:27:03.880+0000] {processor.py:830} INFO - Processing file /opt/airflow/dags/holaa.py for tasks to queue
[2024-04-16T00:27:03.884+0000] {logging_mixin.py:188} INFO - [2024-04-16T00:27:03.884+0000] {dagbag.py:540} INFO - Filling up the DagBag from /opt/airflow/dags/holaa.py
[2024-04-16T00:27:03.926+0000] {processor.py:840} INFO - DAG(s) 'm_dag_ejecutaap' retrieved from /opt/airflow/dags/holaa.py
[2024-04-16T00:27:03.968+0000] {logging_mixin.py:188} INFO - [2024-04-16T00:27:03.968+0000] {dag.py:3096} INFO - Sync 1 DAGs
[2024-04-16T00:27:04.018+0000] {logging_mixin.py:188} INFO - [2024-04-16T00:27:04.017+0000] {dag.py:3954} INFO - Setting next_dagrun for m_dag_ejecutaap to 2024-04-16 00:00:00+00:00, run_after=2024-04-17 00:00:00+00:00
[2024-04-16T00:27:04.423+0000] {processor.py:183} INFO - Processing /opt/airflow/dags/holaa.py took 0.552 seconds
[2024-04-16T00:27:34.542+0000] {processor.py:161} INFO - Started process (PID=221) to work on /opt/airflow/dags/holaa.py
[2024-04-16T00:27:34.545+0000] {processor.py:830} INFO - Processing file /opt/airflow/dags/holaa.py for tasks to queue
[2024-04-16T00:27:34.549+0000] {logging_mixin.py:188} INFO - [2024-04-16T00:27:34.548+0000] {dagbag.py:540} INFO - Filling up the DagBag from /opt/airflow/dags/holaa.py
[2024-04-16T00:27:34.602+0000] {processor.py:840} INFO - DAG(s) 'm_dag_ejecutaap' retrieved from /opt/airflow/dags/holaa.py
[2024-04-16T00:27:34.655+0000] {logging_mixin.py:188} INFO - [2024-04-16T00:27:34.654+0000] {dag.py:3096} INFO - Sync 1 DAGs
[2024-04-16T00:27:34.708+0000] {logging_mixin.py:188} INFO - [2024-04-16T00:27:34.707+0000] {dag.py:3954} INFO - Setting next_dagrun for m_dag_ejecutaap to 2024-04-16 00:00:00+00:00, run_after=2024-04-17 00:00:00+00:00
[2024-04-16T00:27:34.738+0000] {processor.py:183} INFO - Processing /opt/airflow/dags/holaa.py took 0.207 seconds
[2024-04-16T00:28:05.007+0000] {processor.py:161} INFO - Started process (PID=231) to work on /opt/airflow/dags/holaa.py
[2024-04-16T00:28:05.009+0000] {processor.py:830} INFO - Processing file /opt/airflow/dags/holaa.py for tasks to queue
[2024-04-16T00:28:05.016+0000] {logging_mixin.py:188} INFO - [2024-04-16T00:28:05.015+0000] {dagbag.py:540} INFO - Filling up the DagBag from /opt/airflow/dags/holaa.py
[2024-04-16T00:28:05.072+0000] {processor.py:840} INFO - DAG(s) 'm_dag_ejecutaap' retrieved from /opt/airflow/dags/holaa.py
[2024-04-16T00:28:05.142+0000] {logging_mixin.py:188} INFO - [2024-04-16T00:28:05.141+0000] {dag.py:3096} INFO - Sync 1 DAGs
[2024-04-16T00:28:05.254+0000] {logging_mixin.py:188} INFO - [2024-04-16T00:28:05.254+0000] {dag.py:3954} INFO - Setting next_dagrun for m_dag_ejecutaap to 2024-04-16 00:00:00+00:00, run_after=2024-04-17 00:00:00+00:00
[2024-04-16T00:28:05.430+0000] {processor.py:183} INFO - Processing /opt/airflow/dags/holaa.py took 0.446 seconds
[2024-04-16T00:28:36.113+0000] {processor.py:161} INFO - Started process (PID=241) to work on /opt/airflow/dags/holaa.py
[2024-04-16T00:28:36.116+0000] {processor.py:830} INFO - Processing file /opt/airflow/dags/holaa.py for tasks to queue
[2024-04-16T00:28:36.128+0000] {logging_mixin.py:188} INFO - [2024-04-16T00:28:36.127+0000] {dagbag.py:540} INFO - Filling up the DagBag from /opt/airflow/dags/holaa.py
[2024-04-16T00:28:36.247+0000] {processor.py:840} INFO - DAG(s) 'm_dag_ejecutaap' retrieved from /opt/airflow/dags/holaa.py
[2024-04-16T00:28:36.301+0000] {logging_mixin.py:188} INFO - [2024-04-16T00:28:36.300+0000] {dag.py:3096} INFO - Sync 1 DAGs
[2024-04-16T00:28:36.366+0000] {logging_mixin.py:188} INFO - [2024-04-16T00:28:36.365+0000] {dag.py:3954} INFO - Setting next_dagrun for m_dag_ejecutaap to 2024-04-16 00:00:00+00:00, run_after=2024-04-17 00:00:00+00:00
[2024-04-16T00:28:36.423+0000] {processor.py:183} INFO - Processing /opt/airflow/dags/holaa.py took 0.330 seconds
[2024-04-16T00:29:07.189+0000] {processor.py:161} INFO - Started process (PID=251) to work on /opt/airflow/dags/holaa.py
[2024-04-16T00:29:07.194+0000] {processor.py:830} INFO - Processing file /opt/airflow/dags/holaa.py for tasks to queue
[2024-04-16T00:29:07.197+0000] {logging_mixin.py:188} INFO - [2024-04-16T00:29:07.197+0000] {dagbag.py:540} INFO - Filling up the DagBag from /opt/airflow/dags/holaa.py
[2024-04-16T00:29:07.293+0000] {processor.py:840} INFO - DAG(s) 'm_dag_ejecutaap' retrieved from /opt/airflow/dags/holaa.py
[2024-04-16T00:29:07.362+0000] {logging_mixin.py:188} INFO - [2024-04-16T00:29:07.361+0000] {dag.py:3096} INFO - Sync 1 DAGs
[2024-04-16T00:29:07.455+0000] {logging_mixin.py:188} INFO - [2024-04-16T00:29:07.454+0000] {dag.py:3954} INFO - Setting next_dagrun for m_dag_ejecutaap to 2024-04-16 00:00:00+00:00, run_after=2024-04-17 00:00:00+00:00
[2024-04-16T00:29:07.524+0000] {processor.py:183} INFO - Processing /opt/airflow/dags/holaa.py took 0.358 seconds
[2024-04-16T00:29:37.909+0000] {processor.py:161} INFO - Started process (PID=262) to work on /opt/airflow/dags/holaa.py
[2024-04-16T00:29:37.914+0000] {processor.py:830} INFO - Processing file /opt/airflow/dags/holaa.py for tasks to queue
[2024-04-16T00:29:37.919+0000] {logging_mixin.py:188} INFO - [2024-04-16T00:29:37.918+0000] {dagbag.py:540} INFO - Filling up the DagBag from /opt/airflow/dags/holaa.py
[2024-04-16T00:29:38.014+0000] {processor.py:840} INFO - DAG(s) 'm_dag_ejecutaap' retrieved from /opt/airflow/dags/holaa.py
[2024-04-16T00:29:38.155+0000] {logging_mixin.py:188} INFO - [2024-04-16T00:29:38.155+0000] {dag.py:3096} INFO - Sync 1 DAGs
[2024-04-16T00:29:38.253+0000] {logging_mixin.py:188} INFO - [2024-04-16T00:29:38.252+0000] {dag.py:3954} INFO - Setting next_dagrun for m_dag_ejecutaap to 2024-04-16 00:00:00+00:00, run_after=2024-04-17 00:00:00+00:00
[2024-04-16T00:29:38.326+0000] {processor.py:183} INFO - Processing /opt/airflow/dags/holaa.py took 0.438 seconds
[2024-04-16T00:30:08.859+0000] {processor.py:161} INFO - Started process (PID=272) to work on /opt/airflow/dags/holaa.py
[2024-04-16T00:30:08.862+0000] {processor.py:830} INFO - Processing file /opt/airflow/dags/holaa.py for tasks to queue
[2024-04-16T00:30:08.877+0000] {logging_mixin.py:188} INFO - [2024-04-16T00:30:08.877+0000] {dagbag.py:540} INFO - Filling up the DagBag from /opt/airflow/dags/holaa.py
[2024-04-16T00:30:09.147+0000] {processor.py:840} INFO - DAG(s) 'm_dag_ejecutaap' retrieved from /opt/airflow/dags/holaa.py
[2024-04-16T00:30:09.283+0000] {logging_mixin.py:188} INFO - [2024-04-16T00:30:09.283+0000] {dag.py:3096} INFO - Sync 1 DAGs
[2024-04-16T00:30:09.351+0000] {logging_mixin.py:188} INFO - [2024-04-16T00:30:09.351+0000] {dag.py:3954} INFO - Setting next_dagrun for m_dag_ejecutaap to 2024-04-16 00:00:00+00:00, run_after=2024-04-17 00:00:00+00:00
[2024-04-16T00:30:10.420+0000] {processor.py:183} INFO - Processing /opt/airflow/dags/holaa.py took 1.582 seconds
[2024-04-16T00:30:40.573+0000] {processor.py:161} INFO - Started process (PID=283) to work on /opt/airflow/dags/holaa.py
[2024-04-16T00:30:40.575+0000] {processor.py:830} INFO - Processing file /opt/airflow/dags/holaa.py for tasks to queue
[2024-04-16T00:30:40.579+0000] {logging_mixin.py:188} INFO - [2024-04-16T00:30:40.578+0000] {dagbag.py:540} INFO - Filling up the DagBag from /opt/airflow/dags/holaa.py
[2024-04-16T00:30:40.688+0000] {processor.py:840} INFO - DAG(s) 'm_dag_ejecutaap' retrieved from /opt/airflow/dags/holaa.py
[2024-04-16T00:30:40.767+0000] {logging_mixin.py:188} INFO - [2024-04-16T00:30:40.766+0000] {dag.py:3096} INFO - Sync 1 DAGs
[2024-04-16T00:30:40.820+0000] {logging_mixin.py:188} INFO - [2024-04-16T00:30:40.820+0000] {dag.py:3954} INFO - Setting next_dagrun for m_dag_ejecutaap to 2024-04-16 00:00:00+00:00, run_after=2024-04-17 00:00:00+00:00
[2024-04-16T00:30:40.922+0000] {processor.py:183} INFO - Processing /opt/airflow/dags/holaa.py took 0.378 seconds
[2024-04-16T00:31:11.220+0000] {processor.py:161} INFO - Started process (PID=292) to work on /opt/airflow/dags/holaa.py
[2024-04-16T00:31:11.222+0000] {processor.py:830} INFO - Processing file /opt/airflow/dags/holaa.py for tasks to queue
[2024-04-16T00:31:11.226+0000] {logging_mixin.py:188} INFO - [2024-04-16T00:31:11.225+0000] {dagbag.py:540} INFO - Filling up the DagBag from /opt/airflow/dags/holaa.py
[2024-04-16T00:31:11.280+0000] {processor.py:840} INFO - DAG(s) 'm_dag_ejecutaap' retrieved from /opt/airflow/dags/holaa.py
[2024-04-16T00:31:11.321+0000] {logging_mixin.py:188} INFO - [2024-04-16T00:31:11.320+0000] {dag.py:3096} INFO - Sync 1 DAGs
[2024-04-16T00:31:11.374+0000] {logging_mixin.py:188} INFO - [2024-04-16T00:31:11.373+0000] {dag.py:3954} INFO - Setting next_dagrun for m_dag_ejecutaap to 2024-04-16 00:00:00+00:00, run_after=2024-04-17 00:00:00+00:00
[2024-04-16T00:31:11.420+0000] {processor.py:183} INFO - Processing /opt/airflow/dags/holaa.py took 0.212 seconds
[2024-04-16T00:31:46.694+0000] {processor.py:161} INFO - Started process (PID=302) to work on /opt/airflow/dags/holaa.py
[2024-04-16T00:31:46.732+0000] {processor.py:830} INFO - Processing file /opt/airflow/dags/holaa.py for tasks to queue
[2024-04-16T00:31:46.781+0000] {logging_mixin.py:188} INFO - [2024-04-16T00:31:46.779+0000] {dagbag.py:540} INFO - Filling up the DagBag from /opt/airflow/dags/holaa.py
[2024-04-16T00:31:55.011+0000] {processor.py:840} INFO - DAG(s) 'm_dag_ejecutaap' retrieved from /opt/airflow/dags/holaa.py
[2024-04-16T00:31:58.921+0000] {logging_mixin.py:188} INFO - [2024-04-16T00:31:58.921+0000] {dag.py:3096} INFO - Sync 1 DAGs
[2024-04-16T00:31:59.775+0000] {logging_mixin.py:188} INFO - [2024-04-16T00:31:59.775+0000] {dag.py:3954} INFO - Setting next_dagrun for m_dag_ejecutaap to 2024-04-16 00:00:00+00:00, run_after=2024-04-17 00:00:00+00:00
[2024-04-16T00:32:02.508+0000] {processor.py:183} INFO - Processing /opt/airflow/dags/holaa.py took 15.908 seconds
[2024-04-16T00:32:33.463+0000] {processor.py:161} INFO - Started process (PID=319) to work on /opt/airflow/dags/holaa.py
[2024-04-16T00:32:33.485+0000] {processor.py:830} INFO - Processing file /opt/airflow/dags/holaa.py for tasks to queue
[2024-04-16T00:32:33.500+0000] {logging_mixin.py:188} INFO - [2024-04-16T00:32:33.499+0000] {dagbag.py:540} INFO - Filling up the DagBag from /opt/airflow/dags/holaa.py
[2024-04-16T00:32:33.665+0000] {processor.py:840} INFO - DAG(s) 'm_dag_ejecutaap' retrieved from /opt/airflow/dags/holaa.py
[2024-04-16T00:32:33.854+0000] {logging_mixin.py:188} INFO - [2024-04-16T00:32:33.853+0000] {dag.py:3096} INFO - Sync 1 DAGs
[2024-04-16T00:32:34.101+0000] {logging_mixin.py:188} INFO - [2024-04-16T00:32:34.100+0000] {dag.py:3954} INFO - Setting next_dagrun for m_dag_ejecutaap to 2024-04-16 00:00:00+00:00, run_after=2024-04-17 00:00:00+00:00
[2024-04-16T00:32:34.326+0000] {processor.py:183} INFO - Processing /opt/airflow/dags/holaa.py took 0.886 seconds
[2024-04-16T00:33:05.859+0000] {processor.py:161} INFO - Started process (PID=329) to work on /opt/airflow/dags/holaa.py
[2024-04-16T00:33:05.874+0000] {processor.py:830} INFO - Processing file /opt/airflow/dags/holaa.py for tasks to queue
[2024-04-16T00:33:05.891+0000] {logging_mixin.py:188} INFO - [2024-04-16T00:33:05.890+0000] {dagbag.py:540} INFO - Filling up the DagBag from /opt/airflow/dags/holaa.py
[2024-04-16T00:33:07.917+0000] {processor.py:840} INFO - DAG(s) 'm_dag_ejecutaap' retrieved from /opt/airflow/dags/holaa.py
[2024-04-16T00:33:08.135+0000] {logging_mixin.py:188} INFO - [2024-04-16T00:33:08.134+0000] {dag.py:3096} INFO - Sync 1 DAGs
[2024-04-16T00:33:08.323+0000] {logging_mixin.py:188} INFO - [2024-04-16T00:33:08.322+0000] {dag.py:3954} INFO - Setting next_dagrun for m_dag_ejecutaap to 2024-04-16 00:00:00+00:00, run_after=2024-04-17 00:00:00+00:00
[2024-04-16T00:33:08.613+0000] {processor.py:183} INFO - Processing /opt/airflow/dags/holaa.py took 2.835 seconds
[2024-04-16T00:33:39.733+0000] {processor.py:161} INFO - Started process (PID=339) to work on /opt/airflow/dags/holaa.py
[2024-04-16T00:33:39.746+0000] {processor.py:830} INFO - Processing file /opt/airflow/dags/holaa.py for tasks to queue
[2024-04-16T00:33:39.770+0000] {logging_mixin.py:188} INFO - [2024-04-16T00:33:39.767+0000] {dagbag.py:540} INFO - Filling up the DagBag from /opt/airflow/dags/holaa.py
[2024-04-16T00:33:39.984+0000] {processor.py:840} INFO - DAG(s) 'm_dag_ejecutaap' retrieved from /opt/airflow/dags/holaa.py
[2024-04-16T00:33:40.121+0000] {logging_mixin.py:188} INFO - [2024-04-16T00:33:40.121+0000] {dag.py:3096} INFO - Sync 1 DAGs
[2024-04-16T00:33:40.213+0000] {logging_mixin.py:188} INFO - [2024-04-16T00:33:40.212+0000] {dag.py:3954} INFO - Setting next_dagrun for m_dag_ejecutaap to 2024-04-16 00:00:00+00:00, run_after=2024-04-17 00:00:00+00:00
[2024-04-16T00:33:40.927+0000] {processor.py:183} INFO - Processing /opt/airflow/dags/holaa.py took 1.236 seconds
[2024-04-16T23:13:20.079+0000] {processor.py:161} INFO - Started process (PID=55) to work on /opt/airflow/dags/holaa.py
[2024-04-16T23:13:20.551+0000] {processor.py:830} INFO - Processing file /opt/airflow/dags/holaa.py for tasks to queue
[2024-04-16T23:13:20.902+0000] {logging_mixin.py:188} INFO - [2024-04-16T23:13:20.901+0000] {dagbag.py:540} INFO - Filling up the DagBag from /opt/airflow/dags/holaa.py
[2024-04-16T23:13:25.345+0000] {processor.py:840} INFO - DAG(s) 'm_dag_ejecutaap' retrieved from /opt/airflow/dags/holaa.py
[2024-04-16T23:13:33.457+0000] {logging_mixin.py:188} INFO - [2024-04-16T23:13:33.447+0000] {dag.py:3096} INFO - Sync 1 DAGs
[2024-04-16T23:13:35.281+0000] {logging_mixin.py:188} INFO - [2024-04-16T23:13:35.281+0000] {dag.py:3954} INFO - Setting next_dagrun for m_dag_ejecutaap to 2024-04-16 00:00:00+00:00, run_after=2024-04-17 00:00:00+00:00
[2024-04-16T23:13:36.684+0000] {processor.py:183} INFO - Processing /opt/airflow/dags/holaa.py took 17.837 seconds
[2024-04-16T23:14:09.516+0000] {processor.py:161} INFO - Started process (PID=71) to work on /opt/airflow/dags/holaa.py
[2024-04-16T23:14:09.544+0000] {processor.py:830} INFO - Processing file /opt/airflow/dags/holaa.py for tasks to queue
[2024-04-16T23:14:09.558+0000] {logging_mixin.py:188} INFO - [2024-04-16T23:14:09.557+0000] {dagbag.py:540} INFO - Filling up the DagBag from /opt/airflow/dags/holaa.py
[2024-04-16T23:14:09.705+0000] {processor.py:840} INFO - DAG(s) 'm_dag_ejecutaap' retrieved from /opt/airflow/dags/holaa.py
[2024-04-16T23:14:09.837+0000] {logging_mixin.py:188} INFO - [2024-04-16T23:14:09.837+0000] {dag.py:3096} INFO - Sync 1 DAGs
[2024-04-16T23:14:09.995+0000] {logging_mixin.py:188} INFO - [2024-04-16T23:14:09.992+0000] {dag.py:3954} INFO - Setting next_dagrun for m_dag_ejecutaap to 2024-04-16 00:00:00+00:00, run_after=2024-04-17 00:00:00+00:00
[2024-04-16T23:14:10.096+0000] {processor.py:183} INFO - Processing /opt/airflow/dags/holaa.py took 0.604 seconds
[2024-04-16T23:14:42.105+0000] {processor.py:161} INFO - Started process (PID=82) to work on /opt/airflow/dags/holaa.py
[2024-04-16T23:14:42.124+0000] {processor.py:830} INFO - Processing file /opt/airflow/dags/holaa.py for tasks to queue
[2024-04-16T23:14:42.136+0000] {logging_mixin.py:188} INFO - [2024-04-16T23:14:42.135+0000] {dagbag.py:540} INFO - Filling up the DagBag from /opt/airflow/dags/holaa.py
[2024-04-16T23:14:42.448+0000] {processor.py:840} INFO - DAG(s) 'm_dag_ejecutaap' retrieved from /opt/airflow/dags/holaa.py
[2024-04-16T23:14:42.587+0000] {logging_mixin.py:188} INFO - [2024-04-16T23:14:42.586+0000] {dag.py:3096} INFO - Sync 1 DAGs
[2024-04-16T23:14:42.713+0000] {logging_mixin.py:188} INFO - [2024-04-16T23:14:42.713+0000] {dag.py:3954} INFO - Setting next_dagrun for m_dag_ejecutaap to 2024-04-16 00:00:00+00:00, run_after=2024-04-17 00:00:00+00:00
[2024-04-16T23:14:42.999+0000] {processor.py:183} INFO - Processing /opt/airflow/dags/holaa.py took 0.926 seconds
[2024-04-16T23:15:14.650+0000] {processor.py:161} INFO - Started process (PID=92) to work on /opt/airflow/dags/holaa.py
[2024-04-16T23:15:14.667+0000] {processor.py:830} INFO - Processing file /opt/airflow/dags/holaa.py for tasks to queue
[2024-04-16T23:15:14.698+0000] {logging_mixin.py:188} INFO - [2024-04-16T23:15:14.697+0000] {dagbag.py:540} INFO - Filling up the DagBag from /opt/airflow/dags/holaa.py
[2024-04-16T23:15:15.169+0000] {processor.py:840} INFO - DAG(s) 'm_dag_ejecutaap' retrieved from /opt/airflow/dags/holaa.py
[2024-04-16T23:15:16.084+0000] {logging_mixin.py:188} INFO - [2024-04-16T23:15:16.083+0000] {dag.py:3096} INFO - Sync 1 DAGs
[2024-04-16T23:15:16.309+0000] {logging_mixin.py:188} INFO - [2024-04-16T23:15:16.308+0000] {dag.py:3954} INFO - Setting next_dagrun for m_dag_ejecutaap to 2024-04-16 00:00:00+00:00, run_after=2024-04-17 00:00:00+00:00
[2024-04-16T23:15:16.456+0000] {processor.py:183} INFO - Processing /opt/airflow/dags/holaa.py took 1.866 seconds
[2024-04-16T23:15:49.047+0000] {processor.py:161} INFO - Started process (PID=101) to work on /opt/airflow/dags/holaa.py
[2024-04-16T23:15:49.066+0000] {processor.py:830} INFO - Processing file /opt/airflow/dags/holaa.py for tasks to queue
[2024-04-16T23:15:49.081+0000] {logging_mixin.py:188} INFO - [2024-04-16T23:15:49.080+0000] {dagbag.py:540} INFO - Filling up the DagBag from /opt/airflow/dags/holaa.py
[2024-04-16T23:15:49.418+0000] {processor.py:840} INFO - DAG(s) 'm_dag_ejecutaap' retrieved from /opt/airflow/dags/holaa.py
[2024-04-16T23:15:49.705+0000] {logging_mixin.py:188} INFO - [2024-04-16T23:15:49.693+0000] {dag.py:3096} INFO - Sync 1 DAGs
[2024-04-16T23:15:49.914+0000] {logging_mixin.py:188} INFO - [2024-04-16T23:15:49.914+0000] {dag.py:3954} INFO - Setting next_dagrun for m_dag_ejecutaap to 2024-04-16 00:00:00+00:00, run_after=2024-04-17 00:00:00+00:00
[2024-04-16T23:15:50.064+0000] {processor.py:183} INFO - Processing /opt/airflow/dags/holaa.py took 1.132 seconds
[2024-04-16T23:16:20.871+0000] {processor.py:161} INFO - Started process (PID=113) to work on /opt/airflow/dags/holaa.py
[2024-04-16T23:16:20.874+0000] {processor.py:830} INFO - Processing file /opt/airflow/dags/holaa.py for tasks to queue
[2024-04-16T23:16:20.888+0000] {logging_mixin.py:188} INFO - [2024-04-16T23:16:20.887+0000] {dagbag.py:540} INFO - Filling up the DagBag from /opt/airflow/dags/holaa.py
[2024-04-16T23:16:21.188+0000] {processor.py:840} INFO - DAG(s) 'm_dag_ejecutaap' retrieved from /opt/airflow/dags/holaa.py
[2024-04-16T23:16:21.427+0000] {logging_mixin.py:188} INFO - [2024-04-16T23:16:21.427+0000] {dag.py:3096} INFO - Sync 1 DAGs
[2024-04-16T23:16:21.942+0000] {logging_mixin.py:188} INFO - [2024-04-16T23:16:21.941+0000] {dag.py:3954} INFO - Setting next_dagrun for m_dag_ejecutaap to 2024-04-16 00:00:00+00:00, run_after=2024-04-17 00:00:00+00:00
[2024-04-16T23:16:22.316+0000] {processor.py:183} INFO - Processing /opt/airflow/dags/holaa.py took 1.494 seconds
[2024-04-16T23:16:54.994+0000] {processor.py:161} INFO - Started process (PID=123) to work on /opt/airflow/dags/holaa.py
[2024-04-16T23:16:55.102+0000] {processor.py:830} INFO - Processing file /opt/airflow/dags/holaa.py for tasks to queue
[2024-04-16T23:16:55.152+0000] {logging_mixin.py:188} INFO - [2024-04-16T23:16:55.151+0000] {dagbag.py:540} INFO - Filling up the DagBag from /opt/airflow/dags/holaa.py
[2024-04-16T23:16:56.279+0000] {processor.py:840} INFO - DAG(s) 'm_dag_ejecutaap' retrieved from /opt/airflow/dags/holaa.py
[2024-04-16T23:16:56.476+0000] {logging_mixin.py:188} INFO - [2024-04-16T23:16:56.475+0000] {dag.py:3096} INFO - Sync 1 DAGs
[2024-04-16T23:16:56.759+0000] {logging_mixin.py:188} INFO - [2024-04-16T23:16:56.746+0000] {dag.py:3954} INFO - Setting next_dagrun for m_dag_ejecutaap to 2024-04-16 00:00:00+00:00, run_after=2024-04-17 00:00:00+00:00
[2024-04-16T23:16:57.172+0000] {processor.py:183} INFO - Processing /opt/airflow/dags/holaa.py took 2.215 seconds
[2024-04-16T23:17:27.863+0000] {processor.py:161} INFO - Started process (PID=133) to work on /opt/airflow/dags/holaa.py
[2024-04-16T23:17:27.884+0000] {processor.py:830} INFO - Processing file /opt/airflow/dags/holaa.py for tasks to queue
[2024-04-16T23:17:27.897+0000] {logging_mixin.py:188} INFO - [2024-04-16T23:17:27.896+0000] {dagbag.py:540} INFO - Filling up the DagBag from /opt/airflow/dags/holaa.py
[2024-04-16T23:17:28.087+0000] {processor.py:840} INFO - DAG(s) 'm_dag_ejecutaap' retrieved from /opt/airflow/dags/holaa.py
[2024-04-16T23:17:28.229+0000] {logging_mixin.py:188} INFO - [2024-04-16T23:17:28.228+0000] {dag.py:3096} INFO - Sync 1 DAGs
[2024-04-16T23:17:28.406+0000] {logging_mixin.py:188} INFO - [2024-04-16T23:17:28.395+0000] {dag.py:3954} INFO - Setting next_dagrun for m_dag_ejecutaap to 2024-04-16 00:00:00+00:00, run_after=2024-04-17 00:00:00+00:00
[2024-04-16T23:17:28.519+0000] {processor.py:183} INFO - Processing /opt/airflow/dags/holaa.py took 0.679 seconds
[2024-04-16T23:17:58.967+0000] {processor.py:161} INFO - Started process (PID=144) to work on /opt/airflow/dags/holaa.py
[2024-04-16T23:17:58.971+0000] {processor.py:830} INFO - Processing file /opt/airflow/dags/holaa.py for tasks to queue
[2024-04-16T23:17:58.976+0000] {logging_mixin.py:188} INFO - [2024-04-16T23:17:58.976+0000] {dagbag.py:540} INFO - Filling up the DagBag from /opt/airflow/dags/holaa.py
[2024-04-16T23:17:59.281+0000] {processor.py:840} INFO - DAG(s) 'm_dag_ejecutaap' retrieved from /opt/airflow/dags/holaa.py
[2024-04-16T23:17:59.510+0000] {logging_mixin.py:188} INFO - [2024-04-16T23:17:59.509+0000] {dag.py:3096} INFO - Sync 1 DAGs
[2024-04-16T23:17:59.709+0000] {logging_mixin.py:188} INFO - [2024-04-16T23:17:59.708+0000] {dag.py:3954} INFO - Setting next_dagrun for m_dag_ejecutaap to 2024-04-16 00:00:00+00:00, run_after=2024-04-17 00:00:00+00:00
[2024-04-16T23:17:59.841+0000] {processor.py:183} INFO - Processing /opt/airflow/dags/holaa.py took 0.909 seconds
[2024-04-16T23:18:30.352+0000] {processor.py:161} INFO - Started process (PID=156) to work on /opt/airflow/dags/holaa.py
[2024-04-16T23:18:30.355+0000] {processor.py:830} INFO - Processing file /opt/airflow/dags/holaa.py for tasks to queue
[2024-04-16T23:18:30.360+0000] {logging_mixin.py:188} INFO - [2024-04-16T23:18:30.359+0000] {dagbag.py:540} INFO - Filling up the DagBag from /opt/airflow/dags/holaa.py
[2024-04-16T23:18:30.456+0000] {processor.py:840} INFO - DAG(s) 'm_dag_ejecutaap' retrieved from /opt/airflow/dags/holaa.py
[2024-04-16T23:18:30.554+0000] {logging_mixin.py:188} INFO - [2024-04-16T23:18:30.553+0000] {dag.py:3096} INFO - Sync 1 DAGs
[2024-04-16T23:18:30.666+0000] {logging_mixin.py:188} INFO - [2024-04-16T23:18:30.666+0000] {dag.py:3954} INFO - Setting next_dagrun for m_dag_ejecutaap to 2024-04-16 00:00:00+00:00, run_after=2024-04-17 00:00:00+00:00
[2024-04-16T23:18:30.861+0000] {processor.py:183} INFO - Processing /opt/airflow/dags/holaa.py took 0.534 seconds
[2024-04-16T23:19:20.281+0000] {processor.py:161} INFO - Started process (PID=174) to work on /opt/airflow/dags/holaa.py
[2024-04-16T23:19:20.331+0000] {processor.py:830} INFO - Processing file /opt/airflow/dags/holaa.py for tasks to queue
[2024-04-16T23:19:21.245+0000] {logging_mixin.py:188} INFO - [2024-04-16T23:19:21.090+0000] {dagbag.py:540} INFO - Filling up the DagBag from /opt/airflow/dags/holaa.py
[2024-04-16T23:19:22.614+0000] {processor.py:840} INFO - DAG(s) 'm_dag_ejecutaap' retrieved from /opt/airflow/dags/holaa.py
[2024-04-16T23:19:23.775+0000] {logging_mixin.py:188} INFO - [2024-04-16T23:19:23.775+0000] {dag.py:3096} INFO - Sync 1 DAGs
[2024-04-16T23:19:24.177+0000] {logging_mixin.py:188} INFO - [2024-04-16T23:19:24.176+0000] {dag.py:3954} INFO - Setting next_dagrun for m_dag_ejecutaap to 2024-04-16 00:00:00+00:00, run_after=2024-04-17 00:00:00+00:00
[2024-04-16T23:19:24.399+0000] {processor.py:183} INFO - Processing /opt/airflow/dags/holaa.py took 4.384 seconds
[2024-04-16T23:19:56.199+0000] {processor.py:161} INFO - Started process (PID=185) to work on /opt/airflow/dags/holaa.py
[2024-04-16T23:19:56.253+0000] {processor.py:830} INFO - Processing file /opt/airflow/dags/holaa.py for tasks to queue
[2024-04-16T23:19:56.334+0000] {logging_mixin.py:188} INFO - [2024-04-16T23:19:56.330+0000] {dagbag.py:540} INFO - Filling up the DagBag from /opt/airflow/dags/holaa.py
[2024-04-16T23:19:57.480+0000] {processor.py:840} INFO - DAG(s) 'm_dag_ejecutaap' retrieved from /opt/airflow/dags/holaa.py
[2024-04-16T23:19:58.692+0000] {logging_mixin.py:188} INFO - [2024-04-16T23:19:58.674+0000] {dag.py:3096} INFO - Sync 1 DAGs
[2024-04-16T23:19:59.734+0000] {logging_mixin.py:188} INFO - [2024-04-16T23:19:59.733+0000] {dag.py:3954} INFO - Setting next_dagrun for m_dag_ejecutaap to 2024-04-16 00:00:00+00:00, run_after=2024-04-17 00:00:00+00:00
[2024-04-16T23:20:00.249+0000] {processor.py:183} INFO - Processing /opt/airflow/dags/holaa.py took 4.386 seconds
[2024-04-16T23:20:31.121+0000] {processor.py:161} INFO - Started process (PID=195) to work on /opt/airflow/dags/holaa.py
[2024-04-16T23:20:31.141+0000] {processor.py:830} INFO - Processing file /opt/airflow/dags/holaa.py for tasks to queue
[2024-04-16T23:20:31.158+0000] {logging_mixin.py:188} INFO - [2024-04-16T23:20:31.156+0000] {dagbag.py:540} INFO - Filling up the DagBag from /opt/airflow/dags/holaa.py
[2024-04-16T23:20:31.326+0000] {processor.py:840} INFO - DAG(s) 'm_dag_ejecutaap' retrieved from /opt/airflow/dags/holaa.py
[2024-04-16T23:20:31.483+0000] {logging_mixin.py:188} INFO - [2024-04-16T23:20:31.482+0000] {dag.py:3096} INFO - Sync 1 DAGs
[2024-04-16T23:20:31.634+0000] {logging_mixin.py:188} INFO - [2024-04-16T23:20:31.633+0000] {dag.py:3954} INFO - Setting next_dagrun for m_dag_ejecutaap to 2024-04-16 00:00:00+00:00, run_after=2024-04-17 00:00:00+00:00
[2024-04-16T23:20:31.736+0000] {processor.py:183} INFO - Processing /opt/airflow/dags/holaa.py took 0.642 seconds
[2024-04-16T23:21:03.253+0000] {processor.py:161} INFO - Started process (PID=205) to work on /opt/airflow/dags/holaa.py
[2024-04-16T23:21:03.260+0000] {processor.py:830} INFO - Processing file /opt/airflow/dags/holaa.py for tasks to queue
[2024-04-16T23:21:03.274+0000] {logging_mixin.py:188} INFO - [2024-04-16T23:21:03.272+0000] {dagbag.py:540} INFO - Filling up the DagBag from /opt/airflow/dags/holaa.py
[2024-04-16T23:21:03.449+0000] {processor.py:840} INFO - DAG(s) 'm_dag_ejecutaap' retrieved from /opt/airflow/dags/holaa.py
[2024-04-16T23:21:03.658+0000] {logging_mixin.py:188} INFO - [2024-04-16T23:21:03.658+0000] {dag.py:3096} INFO - Sync 1 DAGs
[2024-04-16T23:21:03.951+0000] {logging_mixin.py:188} INFO - [2024-04-16T23:21:03.950+0000] {dag.py:3954} INFO - Setting next_dagrun for m_dag_ejecutaap to 2024-04-16 00:00:00+00:00, run_after=2024-04-17 00:00:00+00:00
[2024-04-16T23:21:04.358+0000] {processor.py:183} INFO - Processing /opt/airflow/dags/holaa.py took 1.152 seconds
[2024-04-16T23:21:35.152+0000] {processor.py:161} INFO - Started process (PID=216) to work on /opt/airflow/dags/holaa.py
[2024-04-16T23:21:35.174+0000] {processor.py:830} INFO - Processing file /opt/airflow/dags/holaa.py for tasks to queue
[2024-04-16T23:21:35.179+0000] {logging_mixin.py:188} INFO - [2024-04-16T23:21:35.178+0000] {dagbag.py:540} INFO - Filling up the DagBag from /opt/airflow/dags/holaa.py
[2024-04-16T23:21:35.353+0000] {processor.py:840} INFO - DAG(s) 'm_dag_ejecutaap' retrieved from /opt/airflow/dags/holaa.py
[2024-04-16T23:21:35.556+0000] {logging_mixin.py:188} INFO - [2024-04-16T23:21:35.555+0000] {dag.py:3096} INFO - Sync 1 DAGs
[2024-04-16T23:21:35.701+0000] {logging_mixin.py:188} INFO - [2024-04-16T23:21:35.689+0000] {dag.py:3954} INFO - Setting next_dagrun for m_dag_ejecutaap to 2024-04-16 00:00:00+00:00, run_after=2024-04-17 00:00:00+00:00
[2024-04-16T23:21:36.004+0000] {processor.py:183} INFO - Processing /opt/airflow/dags/holaa.py took 0.872 seconds
