[2024-04-16T00:00:12.270+0000] {processor.py:161} INFO - Started process (PID=618) to work on /opt/airflow/dags/Scraping.py
[2024-04-16T00:00:12.273+0000] {processor.py:830} INFO - Processing file /opt/airflow/dags/Scraping.py for tasks to queue
[2024-04-16T00:00:12.278+0000] {logging_mixin.py:188} INFO - [2024-04-16T00:00:12.277+0000] {dagbag.py:540} INFO - Filling up the DagBag from /opt/airflow/dags/Scraping.py
[2024-04-16T00:00:12.827+0000] {processor.py:840} INFO - DAG(s) 'm_dag_ejecutar' retrieved from /opt/airflow/dags/Scraping.py
[2024-04-16T00:00:12.881+0000] {logging_mixin.py:188} INFO - [2024-04-16T00:00:12.881+0000] {dag.py:3096} INFO - Sync 1 DAGs
[2024-04-16T00:00:12.929+0000] {logging_mixin.py:188} INFO - [2024-04-16T00:00:12.928+0000] {dag.py:3954} INFO - Setting next_dagrun for m_dag_ejecutar to 2024-04-15 00:00:00+00:00, run_after=2024-04-16 00:00:00+00:00
[2024-04-16T00:00:12.969+0000] {processor.py:183} INFO - Processing /opt/airflow/dags/Scraping.py took 0.732 seconds
[2024-04-16T00:00:43.385+0000] {processor.py:161} INFO - Started process (PID=628) to work on /opt/airflow/dags/Scraping.py
[2024-04-16T00:00:43.387+0000] {processor.py:830} INFO - Processing file /opt/airflow/dags/Scraping.py for tasks to queue
[2024-04-16T00:00:43.390+0000] {logging_mixin.py:188} INFO - [2024-04-16T00:00:43.389+0000] {dagbag.py:540} INFO - Filling up the DagBag from /opt/airflow/dags/Scraping.py
[2024-04-16T00:00:43.652+0000] {processor.py:840} INFO - DAG(s) 'm_dag_ejecutar' retrieved from /opt/airflow/dags/Scraping.py
[2024-04-16T00:00:43.702+0000] {logging_mixin.py:188} INFO - [2024-04-16T00:00:43.701+0000] {dag.py:3096} INFO - Sync 1 DAGs
[2024-04-16T00:00:43.746+0000] {logging_mixin.py:188} INFO - [2024-04-16T00:00:43.745+0000] {dag.py:3954} INFO - Setting next_dagrun for m_dag_ejecutar to 2024-04-15 00:00:00+00:00, run_after=2024-04-16 00:00:00+00:00
[2024-04-16T00:00:43.800+0000] {processor.py:183} INFO - Processing /opt/airflow/dags/Scraping.py took 0.429 seconds
[2024-04-16T00:01:14.154+0000] {processor.py:161} INFO - Started process (PID=637) to work on /opt/airflow/dags/Scraping.py
[2024-04-16T00:01:14.158+0000] {processor.py:830} INFO - Processing file /opt/airflow/dags/Scraping.py for tasks to queue
[2024-04-16T00:01:14.166+0000] {logging_mixin.py:188} INFO - [2024-04-16T00:01:14.162+0000] {dagbag.py:540} INFO - Filling up the DagBag from /opt/airflow/dags/Scraping.py
[2024-04-16T00:01:14.522+0000] {processor.py:840} INFO - DAG(s) 'm_dag_ejecutar' retrieved from /opt/airflow/dags/Scraping.py
[2024-04-16T00:01:14.579+0000] {logging_mixin.py:188} INFO - [2024-04-16T00:01:14.578+0000] {dag.py:3096} INFO - Sync 1 DAGs
[2024-04-16T00:01:14.636+0000] {logging_mixin.py:188} INFO - [2024-04-16T00:01:14.635+0000] {dag.py:3954} INFO - Setting next_dagrun for m_dag_ejecutar to 2024-04-15 00:00:00+00:00, run_after=2024-04-16 00:00:00+00:00
[2024-04-16T00:01:14.694+0000] {processor.py:183} INFO - Processing /opt/airflow/dags/Scraping.py took 0.559 seconds
[2024-04-16T00:01:44.962+0000] {processor.py:161} INFO - Started process (PID=647) to work on /opt/airflow/dags/Scraping.py
[2024-04-16T00:01:44.964+0000] {processor.py:830} INFO - Processing file /opt/airflow/dags/Scraping.py for tasks to queue
[2024-04-16T00:01:44.966+0000] {logging_mixin.py:188} INFO - [2024-04-16T00:01:44.965+0000] {dagbag.py:540} INFO - Filling up the DagBag from /opt/airflow/dags/Scraping.py
[2024-04-16T00:01:45.478+0000] {processor.py:840} INFO - DAG(s) 'm_dag_ejecutar' retrieved from /opt/airflow/dags/Scraping.py
[2024-04-16T00:01:45.528+0000] {logging_mixin.py:188} INFO - [2024-04-16T00:01:45.528+0000] {dag.py:3096} INFO - Sync 1 DAGs
[2024-04-16T00:01:45.585+0000] {logging_mixin.py:188} INFO - [2024-04-16T00:01:45.585+0000] {dag.py:3954} INFO - Setting next_dagrun for m_dag_ejecutar to 2024-04-15 00:00:00+00:00, run_after=2024-04-16 00:00:00+00:00
[2024-04-16T00:01:45.643+0000] {processor.py:183} INFO - Processing /opt/airflow/dags/Scraping.py took 0.700 seconds
[2024-04-16T00:02:15.961+0000] {processor.py:161} INFO - Started process (PID=657) to work on /opt/airflow/dags/Scraping.py
[2024-04-16T00:02:15.964+0000] {processor.py:830} INFO - Processing file /opt/airflow/dags/Scraping.py for tasks to queue
[2024-04-16T00:02:15.966+0000] {logging_mixin.py:188} INFO - [2024-04-16T00:02:15.965+0000] {dagbag.py:540} INFO - Filling up the DagBag from /opt/airflow/dags/Scraping.py
[2024-04-16T00:02:16.498+0000] {processor.py:840} INFO - DAG(s) 'm_dag_ejecutar' retrieved from /opt/airflow/dags/Scraping.py
[2024-04-16T00:02:16.547+0000] {logging_mixin.py:188} INFO - [2024-04-16T00:02:16.547+0000] {dag.py:3096} INFO - Sync 1 DAGs
[2024-04-16T00:02:16.630+0000] {logging_mixin.py:188} INFO - [2024-04-16T00:02:16.629+0000] {dag.py:3954} INFO - Setting next_dagrun for m_dag_ejecutar to 2024-04-15 00:00:00+00:00, run_after=2024-04-16 00:00:00+00:00
[2024-04-16T00:02:16.663+0000] {processor.py:183} INFO - Processing /opt/airflow/dags/Scraping.py took 0.719 seconds
[2024-04-16T00:02:46.742+0000] {processor.py:161} INFO - Started process (PID=668) to work on /opt/airflow/dags/Scraping.py
[2024-04-16T00:02:46.745+0000] {processor.py:830} INFO - Processing file /opt/airflow/dags/Scraping.py for tasks to queue
[2024-04-16T00:02:46.747+0000] {logging_mixin.py:188} INFO - [2024-04-16T00:02:46.746+0000] {dagbag.py:540} INFO - Filling up the DagBag from /opt/airflow/dags/Scraping.py
[2024-04-16T00:02:46.930+0000] {processor.py:840} INFO - DAG(s) 'm_dag_ejecutar' retrieved from /opt/airflow/dags/Scraping.py
[2024-04-16T00:02:46.969+0000] {logging_mixin.py:188} INFO - [2024-04-16T00:02:46.968+0000] {dag.py:3096} INFO - Sync 1 DAGs
[2024-04-16T00:02:47.054+0000] {logging_mixin.py:188} INFO - [2024-04-16T00:02:47.053+0000] {dag.py:3954} INFO - Setting next_dagrun for m_dag_ejecutar to 2024-04-15 00:00:00+00:00, run_after=2024-04-16 00:00:00+00:00
[2024-04-16T00:02:47.093+0000] {processor.py:183} INFO - Processing /opt/airflow/dags/Scraping.py took 0.362 seconds
[2024-04-16T00:03:19.130+0000] {processor.py:161} INFO - Started process (PID=678) to work on /opt/airflow/dags/Scraping.py
[2024-04-16T00:03:19.200+0000] {processor.py:830} INFO - Processing file /opt/airflow/dags/Scraping.py for tasks to queue
[2024-04-16T00:03:19.211+0000] {logging_mixin.py:188} INFO - [2024-04-16T00:03:19.210+0000] {dagbag.py:540} INFO - Filling up the DagBag from /opt/airflow/dags/Scraping.py
[2024-04-16T00:03:21.584+0000] {processor.py:840} INFO - DAG(s) 'm_dag_ejecutar' retrieved from /opt/airflow/dags/Scraping.py
[2024-04-16T00:03:21.961+0000] {logging_mixin.py:188} INFO - [2024-04-16T00:03:21.960+0000] {dag.py:3096} INFO - Sync 1 DAGs
[2024-04-16T00:03:22.267+0000] {logging_mixin.py:188} INFO - [2024-04-16T00:03:22.266+0000] {dag.py:3954} INFO - Setting next_dagrun for m_dag_ejecutar to 2024-04-15 00:00:00+00:00, run_after=2024-04-16 00:00:00+00:00
[2024-04-16T00:03:22.446+0000] {processor.py:183} INFO - Processing /opt/airflow/dags/Scraping.py took 3.387 seconds
[2024-04-16T00:03:52.726+0000] {processor.py:161} INFO - Started process (PID=688) to work on /opt/airflow/dags/Scraping.py
[2024-04-16T00:03:52.727+0000] {processor.py:830} INFO - Processing file /opt/airflow/dags/Scraping.py for tasks to queue
[2024-04-16T00:03:52.729+0000] {logging_mixin.py:188} INFO - [2024-04-16T00:03:52.728+0000] {dagbag.py:540} INFO - Filling up the DagBag from /opt/airflow/dags/Scraping.py
[2024-04-16T00:03:52.905+0000] {processor.py:840} INFO - DAG(s) 'm_dag_ejecutar' retrieved from /opt/airflow/dags/Scraping.py
[2024-04-16T00:03:52.944+0000] {logging_mixin.py:188} INFO - [2024-04-16T00:03:52.944+0000] {dag.py:3096} INFO - Sync 1 DAGs
[2024-04-16T00:03:52.995+0000] {logging_mixin.py:188} INFO - [2024-04-16T00:03:52.995+0000] {dag.py:3954} INFO - Setting next_dagrun for m_dag_ejecutar to 2024-04-15 00:00:00+00:00, run_after=2024-04-16 00:00:00+00:00
[2024-04-16T00:03:53.034+0000] {processor.py:183} INFO - Processing /opt/airflow/dags/Scraping.py took 0.320 seconds
[2024-04-16T00:04:23.114+0000] {processor.py:161} INFO - Started process (PID=698) to work on /opt/airflow/dags/Scraping.py
[2024-04-16T00:04:23.116+0000] {processor.py:830} INFO - Processing file /opt/airflow/dags/Scraping.py for tasks to queue
[2024-04-16T00:04:23.120+0000] {logging_mixin.py:188} INFO - [2024-04-16T00:04:23.118+0000] {dagbag.py:540} INFO - Filling up the DagBag from /opt/airflow/dags/Scraping.py
[2024-04-16T00:04:23.329+0000] {processor.py:840} INFO - DAG(s) 'm_dag_ejecutar' retrieved from /opt/airflow/dags/Scraping.py
[2024-04-16T00:04:23.401+0000] {logging_mixin.py:188} INFO - [2024-04-16T00:04:23.400+0000] {dag.py:3096} INFO - Sync 1 DAGs
[2024-04-16T00:04:23.462+0000] {logging_mixin.py:188} INFO - [2024-04-16T00:04:23.462+0000] {dag.py:3954} INFO - Setting next_dagrun for m_dag_ejecutar to 2024-04-15 00:00:00+00:00, run_after=2024-04-16 00:00:00+00:00
[2024-04-16T00:04:23.491+0000] {processor.py:183} INFO - Processing /opt/airflow/dags/Scraping.py took 0.385 seconds
[2024-04-16T00:04:54.226+0000] {processor.py:161} INFO - Started process (PID=708) to work on /opt/airflow/dags/Scraping.py
[2024-04-16T00:04:54.227+0000] {processor.py:830} INFO - Processing file /opt/airflow/dags/Scraping.py for tasks to queue
[2024-04-16T00:04:54.229+0000] {logging_mixin.py:188} INFO - [2024-04-16T00:04:54.229+0000] {dagbag.py:540} INFO - Filling up the DagBag from /opt/airflow/dags/Scraping.py
[2024-04-16T00:04:54.375+0000] {processor.py:840} INFO - DAG(s) 'm_dag_ejecutar' retrieved from /opt/airflow/dags/Scraping.py
[2024-04-16T00:04:54.410+0000] {logging_mixin.py:188} INFO - [2024-04-16T00:04:54.410+0000] {dag.py:3096} INFO - Sync 1 DAGs
[2024-04-16T00:04:54.446+0000] {logging_mixin.py:188} INFO - [2024-04-16T00:04:54.446+0000] {dag.py:3954} INFO - Setting next_dagrun for m_dag_ejecutar to 2024-04-15 00:00:00+00:00, run_after=2024-04-16 00:00:00+00:00
[2024-04-16T00:04:54.480+0000] {processor.py:183} INFO - Processing /opt/airflow/dags/Scraping.py took 0.262 seconds
[2024-04-16T00:05:24.961+0000] {processor.py:161} INFO - Started process (PID=717) to work on /opt/airflow/dags/Scraping.py
[2024-04-16T00:05:24.963+0000] {processor.py:830} INFO - Processing file /opt/airflow/dags/Scraping.py for tasks to queue
[2024-04-16T00:05:24.965+0000] {logging_mixin.py:188} INFO - [2024-04-16T00:05:24.964+0000] {dagbag.py:540} INFO - Filling up the DagBag from /opt/airflow/dags/Scraping.py
[2024-04-16T00:05:25.181+0000] {processor.py:840} INFO - DAG(s) 'm_dag_ejecutar' retrieved from /opt/airflow/dags/Scraping.py
[2024-04-16T00:05:25.226+0000] {logging_mixin.py:188} INFO - [2024-04-16T00:05:25.226+0000] {dag.py:3096} INFO - Sync 1 DAGs
[2024-04-16T00:05:25.263+0000] {logging_mixin.py:188} INFO - [2024-04-16T00:05:25.262+0000] {dag.py:3954} INFO - Setting next_dagrun for m_dag_ejecutar to 2024-04-15 00:00:00+00:00, run_after=2024-04-16 00:00:00+00:00
[2024-04-16T00:05:25.296+0000] {processor.py:183} INFO - Processing /opt/airflow/dags/Scraping.py took 0.346 seconds
[2024-04-16T00:05:55.375+0000] {processor.py:161} INFO - Started process (PID=728) to work on /opt/airflow/dags/Scraping.py
[2024-04-16T00:05:55.377+0000] {processor.py:830} INFO - Processing file /opt/airflow/dags/Scraping.py for tasks to queue
[2024-04-16T00:05:55.378+0000] {logging_mixin.py:188} INFO - [2024-04-16T00:05:55.378+0000] {dagbag.py:540} INFO - Filling up the DagBag from /opt/airflow/dags/Scraping.py
[2024-04-16T00:05:55.542+0000] {processor.py:840} INFO - DAG(s) 'm_dag_ejecutar' retrieved from /opt/airflow/dags/Scraping.py
[2024-04-16T00:05:55.577+0000] {logging_mixin.py:188} INFO - [2024-04-16T00:05:55.577+0000] {dag.py:3096} INFO - Sync 1 DAGs
[2024-04-16T00:05:55.613+0000] {logging_mixin.py:188} INFO - [2024-04-16T00:05:55.613+0000] {dag.py:3954} INFO - Setting next_dagrun for m_dag_ejecutar to 2024-04-15 00:00:00+00:00, run_after=2024-04-16 00:00:00+00:00
[2024-04-16T00:05:55.652+0000] {processor.py:183} INFO - Processing /opt/airflow/dags/Scraping.py took 0.285 seconds
[2024-04-16T00:06:26.183+0000] {processor.py:161} INFO - Started process (PID=739) to work on /opt/airflow/dags/Scraping.py
[2024-04-16T00:06:26.191+0000] {processor.py:830} INFO - Processing file /opt/airflow/dags/Scraping.py for tasks to queue
[2024-04-16T00:06:26.193+0000] {logging_mixin.py:188} INFO - [2024-04-16T00:06:26.192+0000] {dagbag.py:540} INFO - Filling up the DagBag from /opt/airflow/dags/Scraping.py
[2024-04-16T00:06:26.489+0000] {processor.py:840} INFO - DAG(s) 'm_dag_ejecutar' retrieved from /opt/airflow/dags/Scraping.py
[2024-04-16T00:06:26.989+0000] {logging_mixin.py:188} INFO - [2024-04-16T00:06:26.989+0000] {dag.py:3096} INFO - Sync 1 DAGs
[2024-04-16T00:06:27.014+0000] {logging_mixin.py:188} INFO - [2024-04-16T00:06:27.014+0000] {dag.py:3118} INFO - Creating ORM DAG for m_dag_ejecutar
[2024-04-16T00:06:27.044+0000] {logging_mixin.py:188} INFO - [2024-04-16T00:06:27.043+0000] {dag.py:3954} INFO - Setting next_dagrun for m_dag_ejecutar to 2024-04-07 00:00:00+00:00, run_after=2024-04-08 00:00:00+00:00
[2024-04-16T00:06:27.293+0000] {processor.py:183} INFO - Processing /opt/airflow/dags/Scraping.py took 1.127 seconds
[2024-04-16T00:06:57.816+0000] {processor.py:161} INFO - Started process (PID=748) to work on /opt/airflow/dags/Scraping.py
[2024-04-16T00:06:57.818+0000] {processor.py:830} INFO - Processing file /opt/airflow/dags/Scraping.py for tasks to queue
[2024-04-16T00:06:57.819+0000] {logging_mixin.py:188} INFO - [2024-04-16T00:06:57.819+0000] {dagbag.py:540} INFO - Filling up the DagBag from /opt/airflow/dags/Scraping.py
[2024-04-16T00:06:57.997+0000] {processor.py:840} INFO - DAG(s) 'm_dag_ejecutar' retrieved from /opt/airflow/dags/Scraping.py
[2024-04-16T00:06:58.037+0000] {logging_mixin.py:188} INFO - [2024-04-16T00:06:58.037+0000] {dag.py:3096} INFO - Sync 1 DAGs
[2024-04-16T00:06:58.079+0000] {logging_mixin.py:188} INFO - [2024-04-16T00:06:58.079+0000] {dag.py:3954} INFO - Setting next_dagrun for m_dag_ejecutar to 2024-04-07 00:00:00+00:00, run_after=2024-04-08 00:00:00+00:00
[2024-04-16T00:06:58.280+0000] {processor.py:183} INFO - Processing /opt/airflow/dags/Scraping.py took 0.478 seconds
[2024-04-16T00:07:28.802+0000] {processor.py:161} INFO - Started process (PID=758) to work on /opt/airflow/dags/Scraping.py
[2024-04-16T00:07:28.804+0000] {processor.py:830} INFO - Processing file /opt/airflow/dags/Scraping.py for tasks to queue
[2024-04-16T00:07:28.806+0000] {logging_mixin.py:188} INFO - [2024-04-16T00:07:28.805+0000] {dagbag.py:540} INFO - Filling up the DagBag from /opt/airflow/dags/Scraping.py
[2024-04-16T00:07:29.084+0000] {processor.py:840} INFO - DAG(s) 'm_dag_ejecutar' retrieved from /opt/airflow/dags/Scraping.py
[2024-04-16T00:07:29.139+0000] {logging_mixin.py:188} INFO - [2024-04-16T00:07:29.138+0000] {dag.py:3096} INFO - Sync 1 DAGs
[2024-04-16T00:07:29.192+0000] {logging_mixin.py:188} INFO - [2024-04-16T00:07:29.191+0000] {dag.py:3954} INFO - Setting next_dagrun for m_dag_ejecutar to 2024-04-07 00:00:00+00:00, run_after=2024-04-08 00:00:00+00:00
[2024-04-16T00:07:31.371+0000] {processor.py:183} INFO - Processing /opt/airflow/dags/Scraping.py took 2.584 seconds
[2024-04-16T00:08:01.972+0000] {processor.py:161} INFO - Started process (PID=768) to work on /opt/airflow/dags/Scraping.py
[2024-04-16T00:08:01.974+0000] {processor.py:830} INFO - Processing file /opt/airflow/dags/Scraping.py for tasks to queue
[2024-04-16T00:08:01.976+0000] {logging_mixin.py:188} INFO - [2024-04-16T00:08:01.976+0000] {dagbag.py:540} INFO - Filling up the DagBag from /opt/airflow/dags/Scraping.py
[2024-04-16T00:08:02.180+0000] {processor.py:840} INFO - DAG(s) 'm_dag_ejecutar' retrieved from /opt/airflow/dags/Scraping.py
[2024-04-16T00:08:02.233+0000] {logging_mixin.py:188} INFO - [2024-04-16T00:08:02.232+0000] {dag.py:3096} INFO - Sync 1 DAGs
[2024-04-16T00:08:02.304+0000] {logging_mixin.py:188} INFO - [2024-04-16T00:08:02.303+0000] {dag.py:3954} INFO - Setting next_dagrun for m_dag_ejecutar to 2024-04-07 00:00:00+00:00, run_after=2024-04-08 00:00:00+00:00
[2024-04-16T00:08:02.343+0000] {processor.py:183} INFO - Processing /opt/airflow/dags/Scraping.py took 0.385 seconds
[2024-04-16T00:08:32.624+0000] {processor.py:161} INFO - Started process (PID=779) to work on /opt/airflow/dags/Scraping.py
[2024-04-16T00:08:32.626+0000] {processor.py:830} INFO - Processing file /opt/airflow/dags/Scraping.py for tasks to queue
[2024-04-16T00:08:32.628+0000] {logging_mixin.py:188} INFO - [2024-04-16T00:08:32.627+0000] {dagbag.py:540} INFO - Filling up the DagBag from /opt/airflow/dags/Scraping.py
[2024-04-16T00:08:32.786+0000] {processor.py:840} INFO - DAG(s) 'm_dag_ejecutar' retrieved from /opt/airflow/dags/Scraping.py
[2024-04-16T00:08:32.818+0000] {logging_mixin.py:188} INFO - [2024-04-16T00:08:32.818+0000] {dag.py:3096} INFO - Sync 1 DAGs
[2024-04-16T00:08:32.849+0000] {logging_mixin.py:188} INFO - [2024-04-16T00:08:32.849+0000] {dag.py:3954} INFO - Setting next_dagrun for m_dag_ejecutar to 2024-04-07 00:00:00+00:00, run_after=2024-04-08 00:00:00+00:00
[2024-04-16T00:08:32.882+0000] {processor.py:183} INFO - Processing /opt/airflow/dags/Scraping.py took 0.268 seconds
[2024-04-16T00:09:03.297+0000] {processor.py:161} INFO - Started process (PID=788) to work on /opt/airflow/dags/Scraping.py
[2024-04-16T00:09:03.299+0000] {processor.py:830} INFO - Processing file /opt/airflow/dags/Scraping.py for tasks to queue
[2024-04-16T00:09:03.301+0000] {logging_mixin.py:188} INFO - [2024-04-16T00:09:03.300+0000] {dagbag.py:540} INFO - Filling up the DagBag from /opt/airflow/dags/Scraping.py
[2024-04-16T00:09:03.475+0000] {processor.py:840} INFO - DAG(s) 'm_dag_ejecutar' retrieved from /opt/airflow/dags/Scraping.py
[2024-04-16T00:09:03.509+0000] {logging_mixin.py:188} INFO - [2024-04-16T00:09:03.509+0000] {dag.py:3096} INFO - Sync 1 DAGs
[2024-04-16T00:09:03.541+0000] {logging_mixin.py:188} INFO - [2024-04-16T00:09:03.541+0000] {dag.py:3954} INFO - Setting next_dagrun for m_dag_ejecutar to 2024-04-07 00:00:00+00:00, run_after=2024-04-08 00:00:00+00:00
[2024-04-16T00:09:03.574+0000] {processor.py:183} INFO - Processing /opt/airflow/dags/Scraping.py took 0.292 seconds
[2024-04-16T00:09:34.298+0000] {processor.py:161} INFO - Started process (PID=798) to work on /opt/airflow/dags/Scraping.py
[2024-04-16T00:09:34.300+0000] {processor.py:830} INFO - Processing file /opt/airflow/dags/Scraping.py for tasks to queue
[2024-04-16T00:09:34.302+0000] {logging_mixin.py:188} INFO - [2024-04-16T00:09:34.301+0000] {dagbag.py:540} INFO - Filling up the DagBag from /opt/airflow/dags/Scraping.py
[2024-04-16T00:09:34.521+0000] {processor.py:840} INFO - DAG(s) 'm_dag_ejecutar' retrieved from /opt/airflow/dags/Scraping.py
[2024-04-16T00:09:34.572+0000] {logging_mixin.py:188} INFO - [2024-04-16T00:09:34.571+0000] {dag.py:3096} INFO - Sync 1 DAGs
[2024-04-16T00:09:34.643+0000] {logging_mixin.py:188} INFO - [2024-04-16T00:09:34.642+0000] {dag.py:3954} INFO - Setting next_dagrun for m_dag_ejecutar to 2024-04-07 00:00:00+00:00, run_after=2024-04-08 00:00:00+00:00
[2024-04-16T00:09:34.782+0000] {processor.py:183} INFO - Processing /opt/airflow/dags/Scraping.py took 0.496 seconds
[2024-04-16T00:10:05.270+0000] {processor.py:161} INFO - Started process (PID=808) to work on /opt/airflow/dags/Scraping.py
[2024-04-16T00:10:05.274+0000] {processor.py:830} INFO - Processing file /opt/airflow/dags/Scraping.py for tasks to queue
[2024-04-16T00:10:05.278+0000] {logging_mixin.py:188} INFO - [2024-04-16T00:10:05.276+0000] {dagbag.py:540} INFO - Filling up the DagBag from /opt/airflow/dags/Scraping.py
[2024-04-16T00:10:05.489+0000] {processor.py:840} INFO - DAG(s) 'm_dag_ejecutar' retrieved from /opt/airflow/dags/Scraping.py
[2024-04-16T00:10:05.542+0000] {logging_mixin.py:188} INFO - [2024-04-16T00:10:05.542+0000] {dag.py:3096} INFO - Sync 1 DAGs
[2024-04-16T00:10:05.608+0000] {logging_mixin.py:188} INFO - [2024-04-16T00:10:05.608+0000] {dag.py:3954} INFO - Setting next_dagrun for m_dag_ejecutar to 2024-04-07 00:00:00+00:00, run_after=2024-04-08 00:00:00+00:00
[2024-04-16T00:10:08.500+0000] {processor.py:183} INFO - Processing /opt/airflow/dags/Scraping.py took 3.247 seconds
[2024-04-16T00:10:38.888+0000] {processor.py:161} INFO - Started process (PID=819) to work on /opt/airflow/dags/Scraping.py
[2024-04-16T00:10:38.889+0000] {processor.py:830} INFO - Processing file /opt/airflow/dags/Scraping.py for tasks to queue
[2024-04-16T00:10:38.891+0000] {logging_mixin.py:188} INFO - [2024-04-16T00:10:38.891+0000] {dagbag.py:540} INFO - Filling up the DagBag from /opt/airflow/dags/Scraping.py
[2024-04-16T00:10:39.082+0000] {processor.py:840} INFO - DAG(s) 'm_dag_ejecutar' retrieved from /opt/airflow/dags/Scraping.py
[2024-04-16T00:10:39.115+0000] {logging_mixin.py:188} INFO - [2024-04-16T00:10:39.115+0000] {dag.py:3096} INFO - Sync 1 DAGs
[2024-04-16T00:10:39.149+0000] {logging_mixin.py:188} INFO - [2024-04-16T00:10:39.149+0000] {dag.py:3954} INFO - Setting next_dagrun for m_dag_ejecutar to 2024-04-07 00:00:00+00:00, run_after=2024-04-08 00:00:00+00:00
[2024-04-16T00:10:39.183+0000] {processor.py:183} INFO - Processing /opt/airflow/dags/Scraping.py took 0.308 seconds
[2024-04-16T00:11:09.704+0000] {processor.py:161} INFO - Started process (PID=829) to work on /opt/airflow/dags/Scraping.py
[2024-04-16T00:11:09.707+0000] {processor.py:830} INFO - Processing file /opt/airflow/dags/Scraping.py for tasks to queue
[2024-04-16T00:11:09.709+0000] {logging_mixin.py:188} INFO - [2024-04-16T00:11:09.708+0000] {dagbag.py:540} INFO - Filling up the DagBag from /opt/airflow/dags/Scraping.py
[2024-04-16T00:11:09.977+0000] {processor.py:840} INFO - DAG(s) 'm_dag_ejecutar' retrieved from /opt/airflow/dags/Scraping.py
[2024-04-16T00:11:10.053+0000] {logging_mixin.py:188} INFO - [2024-04-16T00:11:10.053+0000] {dag.py:3096} INFO - Sync 1 DAGs
[2024-04-16T00:11:10.129+0000] {logging_mixin.py:188} INFO - [2024-04-16T00:11:10.129+0000] {dag.py:3954} INFO - Setting next_dagrun for m_dag_ejecutar to 2024-04-07 00:00:00+00:00, run_after=2024-04-08 00:00:00+00:00
[2024-04-16T00:11:10.178+0000] {processor.py:183} INFO - Processing /opt/airflow/dags/Scraping.py took 0.485 seconds
[2024-04-16T00:13:37.590+0000] {processor.py:161} INFO - Started process (PID=44) to work on /opt/airflow/dags/Scraping.py
[2024-04-16T00:13:37.595+0000] {processor.py:830} INFO - Processing file /opt/airflow/dags/Scraping.py for tasks to queue
[2024-04-16T00:13:37.600+0000] {logging_mixin.py:188} INFO - [2024-04-16T00:13:37.599+0000] {dagbag.py:540} INFO - Filling up the DagBag from /opt/airflow/dags/Scraping.py
[2024-04-16T00:13:38.322+0000] {processor.py:840} INFO - DAG(s) 'm_dag_ejecutar' retrieved from /opt/airflow/dags/Scraping.py
[2024-04-16T00:13:41.347+0000] {logging_mixin.py:188} INFO - [2024-04-16T00:13:41.346+0000] {dag.py:3096} INFO - Sync 1 DAGs
[2024-04-16T00:13:41.955+0000] {logging_mixin.py:188} INFO - [2024-04-16T00:13:41.954+0000] {dag.py:3954} INFO - Setting next_dagrun for m_dag_ejecutar to 2024-04-07 00:00:00+00:00, run_after=2024-04-08 00:00:00+00:00
[2024-04-16T00:13:42.367+0000] {processor.py:183} INFO - Processing /opt/airflow/dags/Scraping.py took 4.804 seconds
[2024-04-16T00:14:13.077+0000] {processor.py:161} INFO - Started process (PID=60) to work on /opt/airflow/dags/Scraping.py
[2024-04-16T00:14:13.085+0000] {processor.py:830} INFO - Processing file /opt/airflow/dags/Scraping.py for tasks to queue
[2024-04-16T00:14:13.125+0000] {logging_mixin.py:188} INFO - [2024-04-16T00:14:13.124+0000] {dagbag.py:540} INFO - Filling up the DagBag from /opt/airflow/dags/Scraping.py
[2024-04-16T00:14:14.541+0000] {processor.py:840} INFO - DAG(s) 'm_dag_ejecutar' retrieved from /opt/airflow/dags/Scraping.py
[2024-04-16T00:14:14.851+0000] {logging_mixin.py:188} INFO - [2024-04-16T00:14:14.850+0000] {dag.py:3096} INFO - Sync 1 DAGs
[2024-04-16T00:14:14.973+0000] {logging_mixin.py:188} INFO - [2024-04-16T00:14:14.973+0000] {dag.py:3954} INFO - Setting next_dagrun for m_dag_ejecutar to 2024-04-07 00:00:00+00:00, run_after=2024-04-08 00:00:00+00:00
[2024-04-16T00:14:17.367+0000] {processor.py:183} INFO - Processing /opt/airflow/dags/Scraping.py took 4.314 seconds
[2024-04-16T00:14:47.842+0000] {processor.py:161} INFO - Started process (PID=72) to work on /opt/airflow/dags/Scraping.py
[2024-04-16T00:14:47.844+0000] {processor.py:830} INFO - Processing file /opt/airflow/dags/Scraping.py for tasks to queue
[2024-04-16T00:14:47.847+0000] {logging_mixin.py:188} INFO - [2024-04-16T00:14:47.846+0000] {dagbag.py:540} INFO - Filling up the DagBag from /opt/airflow/dags/Scraping.py
[2024-04-16T00:14:48.331+0000] {processor.py:840} INFO - DAG(s) 'm_dag_ejecutar' retrieved from /opt/airflow/dags/Scraping.py
[2024-04-16T00:14:48.392+0000] {logging_mixin.py:188} INFO - [2024-04-16T00:14:48.392+0000] {dag.py:3096} INFO - Sync 1 DAGs
[2024-04-16T00:14:48.466+0000] {logging_mixin.py:188} INFO - [2024-04-16T00:14:48.465+0000] {dag.py:3954} INFO - Setting next_dagrun for m_dag_ejecutar to 2024-04-07 00:00:00+00:00, run_after=2024-04-08 00:00:00+00:00
[2024-04-16T00:14:49.830+0000] {processor.py:183} INFO - Processing /opt/airflow/dags/Scraping.py took 2.000 seconds
[2024-04-16T00:19:06.333+0000] {processor.py:161} INFO - Started process (PID=58) to work on /opt/airflow/dags/Scraping.py
[2024-04-16T00:19:06.337+0000] {processor.py:830} INFO - Processing file /opt/airflow/dags/Scraping.py for tasks to queue
[2024-04-16T00:19:06.343+0000] {logging_mixin.py:188} INFO - [2024-04-16T00:19:06.343+0000] {dagbag.py:540} INFO - Filling up the DagBag from /opt/airflow/dags/Scraping.py
[2024-04-16T00:19:09.065+0000] {processor.py:840} INFO - DAG(s) 'm_dag_ejecutar' retrieved from /opt/airflow/dags/Scraping.py
[2024-04-16T00:19:09.889+0000] {logging_mixin.py:188} INFO - [2024-04-16T00:19:09.888+0000] {dag.py:3096} INFO - Sync 1 DAGs
[2024-04-16T00:19:10.003+0000] {logging_mixin.py:188} INFO - [2024-04-16T00:19:10.002+0000] {dag.py:3954} INFO - Setting next_dagrun for m_dag_ejecutar to 2024-04-07 00:00:00+00:00, run_after=2024-04-08 00:00:00+00:00
[2024-04-16T00:19:10.154+0000] {processor.py:183} INFO - Processing /opt/airflow/dags/Scraping.py took 3.840 seconds
[2024-04-16T00:19:54.569+0000] {processor.py:161} INFO - Started process (PID=75) to work on /opt/airflow/dags/Scraping.py
[2024-04-16T00:19:54.598+0000] {processor.py:830} INFO - Processing file /opt/airflow/dags/Scraping.py for tasks to queue
[2024-04-16T00:19:54.607+0000] {logging_mixin.py:188} INFO - [2024-04-16T00:19:54.606+0000] {dagbag.py:540} INFO - Filling up the DagBag from /opt/airflow/dags/Scraping.py
[2024-04-16T00:19:55.498+0000] {processor.py:840} INFO - DAG(s) 'm_dag_ejecutar' retrieved from /opt/airflow/dags/Scraping.py
[2024-04-16T00:19:55.590+0000] {logging_mixin.py:188} INFO - [2024-04-16T00:19:55.589+0000] {dag.py:3096} INFO - Sync 1 DAGs
[2024-04-16T00:19:55.643+0000] {logging_mixin.py:188} INFO - [2024-04-16T00:19:55.642+0000] {dag.py:3954} INFO - Setting next_dagrun for m_dag_ejecutar to 2024-04-07 00:00:00+00:00, run_after=2024-04-08 00:00:00+00:00
[2024-04-16T00:19:55.706+0000] {processor.py:183} INFO - Processing /opt/airflow/dags/Scraping.py took 1.172 seconds
[2024-04-16T00:20:30.252+0000] {processor.py:161} INFO - Started process (PID=84) to work on /opt/airflow/dags/Scraping.py
[2024-04-16T00:20:30.451+0000] {processor.py:830} INFO - Processing file /opt/airflow/dags/Scraping.py for tasks to queue
[2024-04-16T00:20:30.460+0000] {logging_mixin.py:188} INFO - [2024-04-16T00:20:30.459+0000] {dagbag.py:540} INFO - Filling up the DagBag from /opt/airflow/dags/Scraping.py
[2024-04-16T00:20:32.313+0000] {processor.py:840} INFO - DAG(s) 'm_dag_ejecutar' retrieved from /opt/airflow/dags/Scraping.py
[2024-04-16T00:20:32.361+0000] {logging_mixin.py:188} INFO - [2024-04-16T00:20:32.360+0000] {dag.py:3096} INFO - Sync 1 DAGs
[2024-04-16T00:20:32.397+0000] {logging_mixin.py:188} INFO - [2024-04-16T00:20:32.396+0000] {dag.py:3954} INFO - Setting next_dagrun for m_dag_ejecutar to 2024-04-07 00:00:00+00:00, run_after=2024-04-08 00:00:00+00:00
[2024-04-16T00:20:33.681+0000] {processor.py:183} INFO - Processing /opt/airflow/dags/Scraping.py took 3.463 seconds
[2024-04-16T00:21:04.392+0000] {processor.py:161} INFO - Started process (PID=95) to work on /opt/airflow/dags/Scraping.py
[2024-04-16T00:21:04.692+0000] {processor.py:830} INFO - Processing file /opt/airflow/dags/Scraping.py for tasks to queue
[2024-04-16T00:21:04.696+0000] {logging_mixin.py:188} INFO - [2024-04-16T00:21:04.696+0000] {dagbag.py:540} INFO - Filling up the DagBag from /opt/airflow/dags/Scraping.py
[2024-04-16T00:21:05.008+0000] {processor.py:840} INFO - DAG(s) 'm_dag_ejecutar' retrieved from /opt/airflow/dags/Scraping.py
[2024-04-16T00:21:05.171+0000] {logging_mixin.py:188} INFO - [2024-04-16T00:21:05.170+0000] {dag.py:3096} INFO - Sync 1 DAGs
[2024-04-16T00:21:05.343+0000] {logging_mixin.py:188} INFO - [2024-04-16T00:21:05.343+0000] {dag.py:3954} INFO - Setting next_dagrun for m_dag_ejecutar to 2024-04-07 00:00:00+00:00, run_after=2024-04-08 00:00:00+00:00
[2024-04-16T00:21:06.413+0000] {processor.py:183} INFO - Processing /opt/airflow/dags/Scraping.py took 2.044 seconds
[2024-04-16T00:21:41.493+0000] {processor.py:161} INFO - Started process (PID=112) to work on /opt/airflow/dags/Scraping.py
[2024-04-16T00:21:41.866+0000] {processor.py:830} INFO - Processing file /opt/airflow/dags/Scraping.py for tasks to queue
[2024-04-16T00:21:41.874+0000] {logging_mixin.py:188} INFO - [2024-04-16T00:21:41.873+0000] {dagbag.py:540} INFO - Filling up the DagBag from /opt/airflow/dags/Scraping.py
[2024-04-16T00:21:43.486+0000] {processor.py:840} INFO - DAG(s) 'm_dag_ejecutar' retrieved from /opt/airflow/dags/Scraping.py
[2024-04-16T00:21:43.562+0000] {logging_mixin.py:188} INFO - [2024-04-16T00:21:43.562+0000] {dag.py:3096} INFO - Sync 1 DAGs
[2024-04-16T00:21:43.973+0000] {logging_mixin.py:188} INFO - [2024-04-16T00:21:43.973+0000] {dag.py:3954} INFO - Setting next_dagrun for m_dag_ejecutar to 2024-04-07 00:00:00+00:00, run_after=2024-04-08 00:00:00+00:00
[2024-04-16T00:21:44.153+0000] {processor.py:183} INFO - Processing /opt/airflow/dags/Scraping.py took 2.717 seconds
[2024-04-16T00:22:20.974+0000] {processor.py:161} INFO - Started process (PID=121) to work on /opt/airflow/dags/Scraping.py
[2024-04-16T00:22:20.987+0000] {processor.py:830} INFO - Processing file /opt/airflow/dags/Scraping.py for tasks to queue
[2024-04-16T00:22:20.996+0000] {logging_mixin.py:188} INFO - [2024-04-16T00:22:20.995+0000] {dagbag.py:540} INFO - Filling up the DagBag from /opt/airflow/dags/Scraping.py
[2024-04-16T00:22:22.702+0000] {processor.py:840} INFO - DAG(s) 'm_dag_ejecutar' retrieved from /opt/airflow/dags/Scraping.py
[2024-04-16T00:22:22.879+0000] {logging_mixin.py:188} INFO - [2024-04-16T00:22:22.879+0000] {dag.py:3096} INFO - Sync 1 DAGs
[2024-04-16T00:22:23.064+0000] {logging_mixin.py:188} INFO - [2024-04-16T00:22:23.063+0000] {dag.py:3954} INFO - Setting next_dagrun for m_dag_ejecutar to 2024-04-07 00:00:00+00:00, run_after=2024-04-08 00:00:00+00:00
[2024-04-16T00:22:23.162+0000] {processor.py:183} INFO - Processing /opt/airflow/dags/Scraping.py took 2.296 seconds
[2024-04-16T00:22:55.344+0000] {processor.py:161} INFO - Started process (PID=132) to work on /opt/airflow/dags/Scraping.py
[2024-04-16T00:22:55.357+0000] {processor.py:830} INFO - Processing file /opt/airflow/dags/Scraping.py for tasks to queue
[2024-04-16T00:22:55.361+0000] {logging_mixin.py:188} INFO - [2024-04-16T00:22:55.360+0000] {dagbag.py:540} INFO - Filling up the DagBag from /opt/airflow/dags/Scraping.py
[2024-04-16T00:22:56.801+0000] {processor.py:840} INFO - DAG(s) 'm_dag_ejecutar' retrieved from /opt/airflow/dags/Scraping.py
[2024-04-16T00:22:56.838+0000] {logging_mixin.py:188} INFO - [2024-04-16T00:22:56.838+0000] {dag.py:3096} INFO - Sync 1 DAGs
[2024-04-16T00:22:56.878+0000] {logging_mixin.py:188} INFO - [2024-04-16T00:22:56.877+0000] {dag.py:3954} INFO - Setting next_dagrun for m_dag_ejecutar to 2024-04-07 00:00:00+00:00, run_after=2024-04-08 00:00:00+00:00
[2024-04-16T00:22:58.298+0000] {processor.py:183} INFO - Processing /opt/airflow/dags/Scraping.py took 2.967 seconds
[2024-04-16T00:23:29.255+0000] {processor.py:161} INFO - Started process (PID=143) to work on /opt/airflow/dags/Scraping.py
[2024-04-16T00:23:29.257+0000] {processor.py:830} INFO - Processing file /opt/airflow/dags/Scraping.py for tasks to queue
[2024-04-16T00:23:29.271+0000] {logging_mixin.py:188} INFO - [2024-04-16T00:23:29.270+0000] {dagbag.py:540} INFO - Filling up the DagBag from /opt/airflow/dags/Scraping.py
[2024-04-16T00:23:29.659+0000] {processor.py:840} INFO - DAG(s) 'm_dag_ejecutar' retrieved from /opt/airflow/dags/Scraping.py
[2024-04-16T00:23:29.719+0000] {logging_mixin.py:188} INFO - [2024-04-16T00:23:29.718+0000] {dag.py:3096} INFO - Sync 1 DAGs
[2024-04-16T00:23:29.820+0000] {logging_mixin.py:188} INFO - [2024-04-16T00:23:29.820+0000] {dag.py:3954} INFO - Setting next_dagrun for m_dag_ejecutar to 2024-04-07 00:00:00+00:00, run_after=2024-04-08 00:00:00+00:00
[2024-04-16T00:23:29.917+0000] {processor.py:183} INFO - Processing /opt/airflow/dags/Scraping.py took 0.702 seconds
[2024-04-16T00:24:00.717+0000] {processor.py:161} INFO - Started process (PID=153) to work on /opt/airflow/dags/Scraping.py
[2024-04-16T00:24:00.719+0000] {processor.py:830} INFO - Processing file /opt/airflow/dags/Scraping.py for tasks to queue
[2024-04-16T00:24:00.739+0000] {logging_mixin.py:188} INFO - [2024-04-16T00:24:00.738+0000] {dagbag.py:540} INFO - Filling up the DagBag from /opt/airflow/dags/Scraping.py
[2024-04-16T00:24:01.008+0000] {processor.py:840} INFO - DAG(s) 'm_dag_ejecutar' retrieved from /opt/airflow/dags/Scraping.py
[2024-04-16T00:24:01.171+0000] {logging_mixin.py:188} INFO - [2024-04-16T00:24:01.171+0000] {dag.py:3096} INFO - Sync 1 DAGs
[2024-04-16T00:24:01.315+0000] {logging_mixin.py:188} INFO - [2024-04-16T00:24:01.315+0000] {dag.py:3954} INFO - Setting next_dagrun for m_dag_ejecutar to 2024-04-07 00:00:00+00:00, run_after=2024-04-08 00:00:00+00:00
[2024-04-16T00:24:01.974+0000] {processor.py:183} INFO - Processing /opt/airflow/dags/Scraping.py took 1.306 seconds
[2024-04-16T00:24:32.416+0000] {processor.py:161} INFO - Started process (PID=163) to work on /opt/airflow/dags/Scraping.py
[2024-04-16T00:24:32.443+0000] {processor.py:830} INFO - Processing file /opt/airflow/dags/Scraping.py for tasks to queue
[2024-04-16T00:24:32.454+0000] {logging_mixin.py:188} INFO - [2024-04-16T00:24:32.454+0000] {dagbag.py:540} INFO - Filling up the DagBag from /opt/airflow/dags/Scraping.py
[2024-04-16T00:24:32.625+0000] {processor.py:840} INFO - DAG(s) 'm_dag_ejecutar' retrieved from /opt/airflow/dags/Scraping.py
[2024-04-16T00:24:32.659+0000] {logging_mixin.py:188} INFO - [2024-04-16T00:24:32.659+0000] {dag.py:3096} INFO - Sync 1 DAGs
[2024-04-16T00:24:32.692+0000] {logging_mixin.py:188} INFO - [2024-04-16T00:24:32.692+0000] {dag.py:3954} INFO - Setting next_dagrun for m_dag_ejecutar to 2024-04-07 00:00:00+00:00, run_after=2024-04-08 00:00:00+00:00
[2024-04-16T00:24:35.498+0000] {processor.py:183} INFO - Processing /opt/airflow/dags/Scraping.py took 3.102 seconds
[2024-04-16T00:25:05.837+0000] {processor.py:161} INFO - Started process (PID=172) to work on /opt/airflow/dags/Scraping.py
[2024-04-16T00:25:05.839+0000] {processor.py:830} INFO - Processing file /opt/airflow/dags/Scraping.py for tasks to queue
[2024-04-16T00:25:05.844+0000] {logging_mixin.py:188} INFO - [2024-04-16T00:25:05.843+0000] {dagbag.py:540} INFO - Filling up the DagBag from /opt/airflow/dags/Scraping.py
[2024-04-16T00:25:06.034+0000] {processor.py:840} INFO - DAG(s) 'm_dag_ejecutar' retrieved from /opt/airflow/dags/Scraping.py
[2024-04-16T00:25:06.065+0000] {logging_mixin.py:188} INFO - [2024-04-16T00:25:06.064+0000] {dag.py:3096} INFO - Sync 1 DAGs
[2024-04-16T00:25:06.095+0000] {logging_mixin.py:188} INFO - [2024-04-16T00:25:06.095+0000] {dag.py:3954} INFO - Setting next_dagrun for m_dag_ejecutar to 2024-04-07 00:00:00+00:00, run_after=2024-04-08 00:00:00+00:00
[2024-04-16T00:25:06.287+0000] {processor.py:183} INFO - Processing /opt/airflow/dags/Scraping.py took 0.466 seconds
[2024-04-16T00:25:36.406+0000] {processor.py:161} INFO - Started process (PID=183) to work on /opt/airflow/dags/Scraping.py
[2024-04-16T00:25:36.407+0000] {processor.py:830} INFO - Processing file /opt/airflow/dags/Scraping.py for tasks to queue
[2024-04-16T00:25:36.411+0000] {logging_mixin.py:188} INFO - [2024-04-16T00:25:36.411+0000] {dagbag.py:540} INFO - Filling up the DagBag from /opt/airflow/dags/Scraping.py
[2024-04-16T00:25:36.596+0000] {processor.py:840} INFO - DAG(s) 'm_dag_ejecutar' retrieved from /opt/airflow/dags/Scraping.py
[2024-04-16T00:25:36.651+0000] {logging_mixin.py:188} INFO - [2024-04-16T00:25:36.650+0000] {dag.py:3096} INFO - Sync 1 DAGs
[2024-04-16T00:25:36.691+0000] {logging_mixin.py:188} INFO - [2024-04-16T00:25:36.690+0000] {dag.py:3954} INFO - Setting next_dagrun for m_dag_ejecutar to 2024-04-07 00:00:00+00:00, run_after=2024-04-08 00:00:00+00:00
[2024-04-16T00:25:36.721+0000] {processor.py:183} INFO - Processing /opt/airflow/dags/Scraping.py took 0.325 seconds
[2024-04-16T00:26:07.372+0000] {processor.py:161} INFO - Started process (PID=194) to work on /opt/airflow/dags/Scraping.py
[2024-04-16T00:26:07.374+0000] {processor.py:830} INFO - Processing file /opt/airflow/dags/Scraping.py for tasks to queue
[2024-04-16T00:26:07.379+0000] {logging_mixin.py:188} INFO - [2024-04-16T00:26:07.378+0000] {dagbag.py:540} INFO - Filling up the DagBag from /opt/airflow/dags/Scraping.py
[2024-04-16T00:26:07.531+0000] {processor.py:840} INFO - DAG(s) 'm_dag_ejecutar' retrieved from /opt/airflow/dags/Scraping.py
[2024-04-16T00:26:07.602+0000] {logging_mixin.py:188} INFO - [2024-04-16T00:26:07.602+0000] {dag.py:3096} INFO - Sync 1 DAGs
[2024-04-16T00:26:07.687+0000] {logging_mixin.py:188} INFO - [2024-04-16T00:26:07.686+0000] {dag.py:3954} INFO - Setting next_dagrun for m_dag_ejecutar to 2024-04-07 00:00:00+00:00, run_after=2024-04-08 00:00:00+00:00
[2024-04-16T00:26:07.795+0000] {processor.py:183} INFO - Processing /opt/airflow/dags/Scraping.py took 0.432 seconds
[2024-04-16T00:26:38.512+0000] {processor.py:161} INFO - Started process (PID=203) to work on /opt/airflow/dags/Scraping.py
[2024-04-16T00:26:38.522+0000] {processor.py:830} INFO - Processing file /opt/airflow/dags/Scraping.py for tasks to queue
[2024-04-16T00:26:38.540+0000] {logging_mixin.py:188} INFO - [2024-04-16T00:26:38.535+0000] {dagbag.py:540} INFO - Filling up the DagBag from /opt/airflow/dags/Scraping.py
[2024-04-16T00:26:39.086+0000] {processor.py:840} INFO - DAG(s) 'm_dag_ejecutar' retrieved from /opt/airflow/dags/Scraping.py
[2024-04-16T00:26:39.159+0000] {logging_mixin.py:188} INFO - [2024-04-16T00:26:39.159+0000] {dag.py:3096} INFO - Sync 1 DAGs
[2024-04-16T00:26:39.239+0000] {logging_mixin.py:188} INFO - [2024-04-16T00:26:39.238+0000] {dag.py:3954} INFO - Setting next_dagrun for m_dag_ejecutar to 2024-04-07 00:00:00+00:00, run_after=2024-04-08 00:00:00+00:00
[2024-04-16T00:26:39.292+0000] {processor.py:183} INFO - Processing /opt/airflow/dags/Scraping.py took 0.805 seconds
[2024-04-16T00:27:09.593+0000] {processor.py:161} INFO - Started process (PID=213) to work on /opt/airflow/dags/Scraping.py
[2024-04-16T00:27:09.596+0000] {processor.py:830} INFO - Processing file /opt/airflow/dags/Scraping.py for tasks to queue
[2024-04-16T00:27:09.605+0000] {logging_mixin.py:188} INFO - [2024-04-16T00:27:09.604+0000] {dagbag.py:540} INFO - Filling up the DagBag from /opt/airflow/dags/Scraping.py
[2024-04-16T00:27:09.879+0000] {processor.py:840} INFO - DAG(s) 'm_dag_ejecutar' retrieved from /opt/airflow/dags/Scraping.py
[2024-04-16T00:27:09.940+0000] {logging_mixin.py:188} INFO - [2024-04-16T00:27:09.940+0000] {dag.py:3096} INFO - Sync 1 DAGs
[2024-04-16T00:27:10.024+0000] {logging_mixin.py:188} INFO - [2024-04-16T00:27:10.023+0000] {dag.py:3954} INFO - Setting next_dagrun for m_dag_ejecutar to 2024-04-07 00:00:00+00:00, run_after=2024-04-08 00:00:00+00:00
[2024-04-16T00:27:10.404+0000] {processor.py:183} INFO - Processing /opt/airflow/dags/Scraping.py took 0.832 seconds
[2024-04-16T00:27:41.203+0000] {processor.py:161} INFO - Started process (PID=224) to work on /opt/airflow/dags/Scraping.py
[2024-04-16T00:27:41.204+0000] {processor.py:830} INFO - Processing file /opt/airflow/dags/Scraping.py for tasks to queue
[2024-04-16T00:27:41.207+0000] {logging_mixin.py:188} INFO - [2024-04-16T00:27:41.207+0000] {dagbag.py:540} INFO - Filling up the DagBag from /opt/airflow/dags/Scraping.py
[2024-04-16T00:27:41.355+0000] {processor.py:840} INFO - DAG(s) 'm_dag_ejecutar' retrieved from /opt/airflow/dags/Scraping.py
[2024-04-16T00:27:41.396+0000] {logging_mixin.py:188} INFO - [2024-04-16T00:27:41.396+0000] {dag.py:3096} INFO - Sync 1 DAGs
[2024-04-16T00:27:41.429+0000] {logging_mixin.py:188} INFO - [2024-04-16T00:27:41.429+0000] {dag.py:3954} INFO - Setting next_dagrun for m_dag_ejecutar to 2024-04-07 00:00:00+00:00, run_after=2024-04-08 00:00:00+00:00
[2024-04-16T00:27:41.465+0000] {processor.py:183} INFO - Processing /opt/airflow/dags/Scraping.py took 0.272 seconds
[2024-04-16T00:28:12.359+0000] {processor.py:161} INFO - Started process (PID=234) to work on /opt/airflow/dags/Scraping.py
[2024-04-16T00:28:12.360+0000] {processor.py:830} INFO - Processing file /opt/airflow/dags/Scraping.py for tasks to queue
[2024-04-16T00:28:12.366+0000] {logging_mixin.py:188} INFO - [2024-04-16T00:28:12.365+0000] {dagbag.py:540} INFO - Filling up the DagBag from /opt/airflow/dags/Scraping.py
[2024-04-16T00:28:12.559+0000] {processor.py:840} INFO - DAG(s) 'm_dag_ejecutar' retrieved from /opt/airflow/dags/Scraping.py
[2024-04-16T00:28:12.590+0000] {logging_mixin.py:188} INFO - [2024-04-16T00:28:12.590+0000] {dag.py:3096} INFO - Sync 1 DAGs
[2024-04-16T00:28:12.621+0000] {logging_mixin.py:188} INFO - [2024-04-16T00:28:12.621+0000] {dag.py:3954} INFO - Setting next_dagrun for m_dag_ejecutar to 2024-04-07 00:00:00+00:00, run_after=2024-04-08 00:00:00+00:00
[2024-04-16T00:28:12.656+0000] {processor.py:183} INFO - Processing /opt/airflow/dags/Scraping.py took 0.313 seconds
[2024-04-16T00:28:42.877+0000] {processor.py:161} INFO - Started process (PID=244) to work on /opt/airflow/dags/Scraping.py
[2024-04-16T00:28:42.881+0000] {processor.py:830} INFO - Processing file /opt/airflow/dags/Scraping.py for tasks to queue
[2024-04-16T00:28:42.884+0000] {logging_mixin.py:188} INFO - [2024-04-16T00:28:42.883+0000] {dagbag.py:540} INFO - Filling up the DagBag from /opt/airflow/dags/Scraping.py
[2024-04-16T00:28:43.050+0000] {processor.py:840} INFO - DAG(s) 'm_dag_ejecutar' retrieved from /opt/airflow/dags/Scraping.py
[2024-04-16T00:28:43.099+0000] {logging_mixin.py:188} INFO - [2024-04-16T00:28:43.098+0000] {dag.py:3096} INFO - Sync 1 DAGs
[2024-04-16T00:28:43.137+0000] {logging_mixin.py:188} INFO - [2024-04-16T00:28:43.136+0000] {dag.py:3954} INFO - Setting next_dagrun for m_dag_ejecutar to 2024-04-07 00:00:00+00:00, run_after=2024-04-08 00:00:00+00:00
[2024-04-16T00:28:45.098+0000] {processor.py:183} INFO - Processing /opt/airflow/dags/Scraping.py took 2.234 seconds
[2024-04-16T00:29:15.719+0000] {processor.py:161} INFO - Started process (PID=261) to work on /opt/airflow/dags/Scraping.py
[2024-04-16T00:29:15.721+0000] {processor.py:830} INFO - Processing file /opt/airflow/dags/Scraping.py for tasks to queue
[2024-04-16T00:29:15.724+0000] {logging_mixin.py:188} INFO - [2024-04-16T00:29:15.723+0000] {dagbag.py:540} INFO - Filling up the DagBag from /opt/airflow/dags/Scraping.py
[2024-04-16T00:29:15.904+0000] {processor.py:840} INFO - DAG(s) 'm_dag_ejecutar' retrieved from /opt/airflow/dags/Scraping.py
[2024-04-16T00:29:15.947+0000] {logging_mixin.py:188} INFO - [2024-04-16T00:29:15.946+0000] {dag.py:3096} INFO - Sync 1 DAGs
[2024-04-16T00:29:15.988+0000] {logging_mixin.py:188} INFO - [2024-04-16T00:29:15.988+0000] {dag.py:3954} INFO - Setting next_dagrun for m_dag_ejecutar to 2024-04-07 00:00:00+00:00, run_after=2024-04-08 00:00:00+00:00
[2024-04-16T00:29:16.021+0000] {processor.py:183} INFO - Processing /opt/airflow/dags/Scraping.py took 0.314 seconds
[2024-04-16T00:29:46.608+0000] {processor.py:161} INFO - Started process (PID=271) to work on /opt/airflow/dags/Scraping.py
[2024-04-16T00:29:46.618+0000] {processor.py:830} INFO - Processing file /opt/airflow/dags/Scraping.py for tasks to queue
[2024-04-16T00:29:46.625+0000] {logging_mixin.py:188} INFO - [2024-04-16T00:29:46.625+0000] {dagbag.py:540} INFO - Filling up the DagBag from /opt/airflow/dags/Scraping.py
[2024-04-16T00:29:47.215+0000] {processor.py:840} INFO - DAG(s) 'm_dag_ejecutar' retrieved from /opt/airflow/dags/Scraping.py
[2024-04-16T00:29:47.309+0000] {logging_mixin.py:188} INFO - [2024-04-16T00:29:47.308+0000] {dag.py:3096} INFO - Sync 1 DAGs
[2024-04-16T00:29:47.388+0000] {logging_mixin.py:188} INFO - [2024-04-16T00:29:47.387+0000] {dag.py:3954} INFO - Setting next_dagrun for m_dag_ejecutar to 2024-04-07 00:00:00+00:00, run_after=2024-04-08 00:00:00+00:00
[2024-04-16T00:29:47.487+0000] {processor.py:183} INFO - Processing /opt/airflow/dags/Scraping.py took 0.916 seconds
[2024-04-16T00:30:18.078+0000] {processor.py:161} INFO - Started process (PID=281) to work on /opt/airflow/dags/Scraping.py
[2024-04-16T00:30:18.085+0000] {processor.py:830} INFO - Processing file /opt/airflow/dags/Scraping.py for tasks to queue
[2024-04-16T00:30:18.099+0000] {logging_mixin.py:188} INFO - [2024-04-16T00:30:18.092+0000] {dagbag.py:540} INFO - Filling up the DagBag from /opt/airflow/dags/Scraping.py
[2024-04-16T00:30:18.495+0000] {processor.py:840} INFO - DAG(s) 'm_dag_ejecutar' retrieved from /opt/airflow/dags/Scraping.py
[2024-04-16T00:30:18.558+0000] {logging_mixin.py:188} INFO - [2024-04-16T00:30:18.557+0000] {dag.py:3096} INFO - Sync 1 DAGs
[2024-04-16T00:30:18.608+0000] {logging_mixin.py:188} INFO - [2024-04-16T00:30:18.608+0000] {dag.py:3954} INFO - Setting next_dagrun for m_dag_ejecutar to 2024-04-07 00:00:00+00:00, run_after=2024-04-08 00:00:00+00:00
[2024-04-16T00:30:18.833+0000] {processor.py:183} INFO - Processing /opt/airflow/dags/Scraping.py took 0.770 seconds
[2024-04-16T00:30:49.080+0000] {processor.py:161} INFO - Started process (PID=291) to work on /opt/airflow/dags/Scraping.py
[2024-04-16T00:30:49.083+0000] {processor.py:830} INFO - Processing file /opt/airflow/dags/Scraping.py for tasks to queue
[2024-04-16T00:30:49.087+0000] {logging_mixin.py:188} INFO - [2024-04-16T00:30:49.087+0000] {dagbag.py:540} INFO - Filling up the DagBag from /opt/airflow/dags/Scraping.py
[2024-04-16T00:30:49.260+0000] {processor.py:840} INFO - DAG(s) 'm_dag_ejecutar' retrieved from /opt/airflow/dags/Scraping.py
[2024-04-16T00:30:49.297+0000] {logging_mixin.py:188} INFO - [2024-04-16T00:30:49.296+0000] {dag.py:3096} INFO - Sync 1 DAGs
[2024-04-16T00:30:49.332+0000] {logging_mixin.py:188} INFO - [2024-04-16T00:30:49.332+0000] {dag.py:3954} INFO - Setting next_dagrun for m_dag_ejecutar to 2024-04-07 00:00:00+00:00, run_after=2024-04-08 00:00:00+00:00
[2024-04-16T00:30:49.367+0000] {processor.py:183} INFO - Processing /opt/airflow/dags/Scraping.py took 0.295 seconds
[2024-04-16T00:31:23.508+0000] {processor.py:161} INFO - Started process (PID=301) to work on /opt/airflow/dags/Scraping.py
[2024-04-16T00:31:23.522+0000] {processor.py:830} INFO - Processing file /opt/airflow/dags/Scraping.py for tasks to queue
[2024-04-16T00:31:23.526+0000] {logging_mixin.py:188} INFO - [2024-04-16T00:31:23.525+0000] {dagbag.py:540} INFO - Filling up the DagBag from /opt/airflow/dags/Scraping.py
[2024-04-16T00:31:28.921+0000] {processor.py:840} INFO - DAG(s) 'm_dag_ejecutar' retrieved from /opt/airflow/dags/Scraping.py
[2024-04-16T00:31:29.054+0000] {logging_mixin.py:188} INFO - [2024-04-16T00:31:29.053+0000] {dag.py:3096} INFO - Sync 1 DAGs
[2024-04-16T00:31:29.200+0000] {logging_mixin.py:188} INFO - [2024-04-16T00:31:29.199+0000] {dag.py:3954} INFO - Setting next_dagrun for m_dag_ejecutar to 2024-04-07 00:00:00+00:00, run_after=2024-04-08 00:00:00+00:00
[2024-04-16T00:31:29.405+0000] {processor.py:183} INFO - Processing /opt/airflow/dags/Scraping.py took 5.938 seconds
[2024-04-16T00:32:04.764+0000] {processor.py:161} INFO - Started process (PID=311) to work on /opt/airflow/dags/Scraping.py
[2024-04-16T00:32:04.860+0000] {processor.py:830} INFO - Processing file /opt/airflow/dags/Scraping.py for tasks to queue
[2024-04-16T00:32:04.911+0000] {logging_mixin.py:188} INFO - [2024-04-16T00:32:04.910+0000] {dagbag.py:540} INFO - Filling up the DagBag from /opt/airflow/dags/Scraping.py
[2024-04-16T00:32:11.383+0000] {processor.py:840} INFO - DAG(s) 'm_dag_ejecutar' retrieved from /opt/airflow/dags/Scraping.py
[2024-04-16T00:32:12.090+0000] {logging_mixin.py:188} INFO - [2024-04-16T00:32:12.089+0000] {dag.py:3096} INFO - Sync 1 DAGs
[2024-04-16T00:32:12.926+0000] {logging_mixin.py:188} INFO - [2024-04-16T00:32:12.925+0000] {dag.py:3954} INFO - Setting next_dagrun for m_dag_ejecutar to 2024-04-07 00:00:00+00:00, run_after=2024-04-08 00:00:00+00:00
[2024-04-16T00:32:13.156+0000] {processor.py:183} INFO - Processing /opt/airflow/dags/Scraping.py took 8.767 seconds
[2024-04-16T00:32:43.816+0000] {processor.py:161} INFO - Started process (PID=321) to work on /opt/airflow/dags/Scraping.py
[2024-04-16T00:32:43.975+0000] {processor.py:830} INFO - Processing file /opt/airflow/dags/Scraping.py for tasks to queue
[2024-04-16T00:32:44.001+0000] {logging_mixin.py:188} INFO - [2024-04-16T00:32:44.000+0000] {dagbag.py:540} INFO - Filling up the DagBag from /opt/airflow/dags/Scraping.py
[2024-04-16T00:32:44.862+0000] {processor.py:840} INFO - DAG(s) 'm_dag_ejecutar' retrieved from /opt/airflow/dags/Scraping.py
[2024-04-16T00:32:45.042+0000] {logging_mixin.py:188} INFO - [2024-04-16T00:32:45.041+0000] {dag.py:3096} INFO - Sync 1 DAGs
[2024-04-16T00:32:45.225+0000] {logging_mixin.py:188} INFO - [2024-04-16T00:32:45.224+0000] {dag.py:3954} INFO - Setting next_dagrun for m_dag_ejecutar to 2024-04-07 00:00:00+00:00, run_after=2024-04-08 00:00:00+00:00
[2024-04-16T00:32:46.646+0000] {processor.py:183} INFO - Processing /opt/airflow/dags/Scraping.py took 2.839 seconds
[2024-04-16T00:33:17.100+0000] {processor.py:161} INFO - Started process (PID=331) to work on /opt/airflow/dags/Scraping.py
[2024-04-16T00:33:17.133+0000] {processor.py:830} INFO - Processing file /opt/airflow/dags/Scraping.py for tasks to queue
[2024-04-16T00:33:17.154+0000] {logging_mixin.py:188} INFO - [2024-04-16T00:33:17.153+0000] {dagbag.py:540} INFO - Filling up the DagBag from /opt/airflow/dags/Scraping.py
[2024-04-16T00:33:18.138+0000] {processor.py:840} INFO - DAG(s) 'm_dag_ejecutar' retrieved from /opt/airflow/dags/Scraping.py
[2024-04-16T00:33:18.288+0000] {logging_mixin.py:188} INFO - [2024-04-16T00:33:18.287+0000] {dag.py:3096} INFO - Sync 1 DAGs
[2024-04-16T00:33:18.440+0000] {logging_mixin.py:188} INFO - [2024-04-16T00:33:18.440+0000] {dag.py:3954} INFO - Setting next_dagrun for m_dag_ejecutar to 2024-04-07 00:00:00+00:00, run_after=2024-04-08 00:00:00+00:00
[2024-04-16T00:33:19.104+0000] {processor.py:183} INFO - Processing /opt/airflow/dags/Scraping.py took 2.065 seconds
[2024-04-16T23:13:41.331+0000] {processor.py:161} INFO - Started process (PID=63) to work on /opt/airflow/dags/Scraping.py
[2024-04-16T23:13:41.450+0000] {processor.py:830} INFO - Processing file /opt/airflow/dags/Scraping.py for tasks to queue
[2024-04-16T23:13:41.459+0000] {logging_mixin.py:188} INFO - [2024-04-16T23:13:41.457+0000] {dagbag.py:540} INFO - Filling up the DagBag from /opt/airflow/dags/Scraping.py
[2024-04-16T23:13:52.695+0000] {processor.py:840} INFO - DAG(s) 'm_dag_ejecutar' retrieved from /opt/airflow/dags/Scraping.py
[2024-04-16T23:13:54.694+0000] {logging_mixin.py:188} INFO - [2024-04-16T23:13:54.693+0000] {dag.py:3096} INFO - Sync 1 DAGs
[2024-04-16T23:13:55.045+0000] {logging_mixin.py:188} INFO - [2024-04-16T23:13:55.045+0000] {dag.py:3954} INFO - Setting next_dagrun for m_dag_ejecutar to 2024-04-07 00:00:00+00:00, run_after=2024-04-08 00:00:00+00:00
[2024-04-16T23:13:55.469+0000] {processor.py:183} INFO - Processing /opt/airflow/dags/Scraping.py took 14.445 seconds
[2024-04-16T23:14:26.855+0000] {processor.py:161} INFO - Started process (PID=73) to work on /opt/airflow/dags/Scraping.py
[2024-04-16T23:14:26.872+0000] {processor.py:830} INFO - Processing file /opt/airflow/dags/Scraping.py for tasks to queue
[2024-04-16T23:14:26.913+0000] {logging_mixin.py:188} INFO - [2024-04-16T23:14:26.912+0000] {dagbag.py:540} INFO - Filling up the DagBag from /opt/airflow/dags/Scraping.py
[2024-04-16T23:14:28.585+0000] {processor.py:840} INFO - DAG(s) 'm_dag_ejecutar' retrieved from /opt/airflow/dags/Scraping.py
[2024-04-16T23:14:28.890+0000] {logging_mixin.py:188} INFO - [2024-04-16T23:14:28.886+0000] {dag.py:3096} INFO - Sync 1 DAGs
[2024-04-16T23:14:29.143+0000] {logging_mixin.py:188} INFO - [2024-04-16T23:14:29.142+0000] {dag.py:3954} INFO - Setting next_dagrun for m_dag_ejecutar to 2024-04-07 00:00:00+00:00, run_after=2024-04-08 00:00:00+00:00
[2024-04-16T23:14:29.399+0000] {processor.py:183} INFO - Processing /opt/airflow/dags/Scraping.py took 2.578 seconds
[2024-04-16T23:15:00.026+0000] {processor.py:161} INFO - Started process (PID=90) to work on /opt/airflow/dags/Scraping.py
[2024-04-16T23:15:00.050+0000] {processor.py:830} INFO - Processing file /opt/airflow/dags/Scraping.py for tasks to queue
[2024-04-16T23:15:00.055+0000] {logging_mixin.py:188} INFO - [2024-04-16T23:15:00.054+0000] {dagbag.py:540} INFO - Filling up the DagBag from /opt/airflow/dags/Scraping.py
[2024-04-16T23:15:00.516+0000] {processor.py:840} INFO - DAG(s) 'm_dag_ejecutar' retrieved from /opt/airflow/dags/Scraping.py
[2024-04-16T23:15:01.071+0000] {logging_mixin.py:188} INFO - [2024-04-16T23:15:01.070+0000] {dag.py:3096} INFO - Sync 1 DAGs
[2024-04-16T23:15:01.304+0000] {logging_mixin.py:188} INFO - [2024-04-16T23:15:01.303+0000] {dag.py:3954} INFO - Setting next_dagrun for m_dag_ejecutar to 2024-04-07 00:00:00+00:00, run_after=2024-04-08 00:00:00+00:00
[2024-04-16T23:15:03.420+0000] {processor.py:183} INFO - Processing /opt/airflow/dags/Scraping.py took 3.427 seconds
[2024-04-16T23:15:33.921+0000] {processor.py:161} INFO - Started process (PID=99) to work on /opt/airflow/dags/Scraping.py
[2024-04-16T23:15:33.923+0000] {processor.py:830} INFO - Processing file /opt/airflow/dags/Scraping.py for tasks to queue
[2024-04-16T23:15:33.928+0000] {logging_mixin.py:188} INFO - [2024-04-16T23:15:33.927+0000] {dagbag.py:540} INFO - Filling up the DagBag from /opt/airflow/dags/Scraping.py
[2024-04-16T23:15:34.916+0000] {processor.py:840} INFO - DAG(s) 'm_dag_ejecutar' retrieved from /opt/airflow/dags/Scraping.py
[2024-04-16T23:15:35.168+0000] {logging_mixin.py:188} INFO - [2024-04-16T23:15:35.167+0000] {dag.py:3096} INFO - Sync 1 DAGs
[2024-04-16T23:15:35.616+0000] {logging_mixin.py:188} INFO - [2024-04-16T23:15:35.615+0000] {dag.py:3954} INFO - Setting next_dagrun for m_dag_ejecutar to 2024-04-07 00:00:00+00:00, run_after=2024-04-08 00:00:00+00:00
[2024-04-16T23:15:36.094+0000] {processor.py:183} INFO - Processing /opt/airflow/dags/Scraping.py took 2.202 seconds
[2024-04-16T23:16:06.387+0000] {processor.py:161} INFO - Started process (PID=111) to work on /opt/airflow/dags/Scraping.py
[2024-04-16T23:16:06.390+0000] {processor.py:830} INFO - Processing file /opt/airflow/dags/Scraping.py for tasks to queue
[2024-04-16T23:16:06.402+0000] {logging_mixin.py:188} INFO - [2024-04-16T23:16:06.394+0000] {dagbag.py:540} INFO - Filling up the DagBag from /opt/airflow/dags/Scraping.py
[2024-04-16T23:16:06.911+0000] {processor.py:840} INFO - DAG(s) 'm_dag_ejecutar' retrieved from /opt/airflow/dags/Scraping.py
[2024-04-16T23:16:07.023+0000] {logging_mixin.py:188} INFO - [2024-04-16T23:16:07.022+0000] {dag.py:3096} INFO - Sync 1 DAGs
[2024-04-16T23:16:07.123+0000] {logging_mixin.py:188} INFO - [2024-04-16T23:16:07.122+0000] {dag.py:3954} INFO - Setting next_dagrun for m_dag_ejecutar to 2024-04-07 00:00:00+00:00, run_after=2024-04-08 00:00:00+00:00
[2024-04-16T23:16:07.221+0000] {processor.py:183} INFO - Processing /opt/airflow/dags/Scraping.py took 0.858 seconds
[2024-04-16T23:16:40.627+0000] {processor.py:161} INFO - Started process (PID=121) to work on /opt/airflow/dags/Scraping.py
[2024-04-16T23:16:40.629+0000] {processor.py:830} INFO - Processing file /opt/airflow/dags/Scraping.py for tasks to queue
[2024-04-16T23:16:40.633+0000] {logging_mixin.py:188} INFO - [2024-04-16T23:16:40.632+0000] {dagbag.py:540} INFO - Filling up the DagBag from /opt/airflow/dags/Scraping.py
[2024-04-16T23:16:50.967+0000] {processor.py:840} INFO - DAG(s) 'm_dag_ejecutar' retrieved from /opt/airflow/dags/Scraping.py
[2024-04-16T23:16:51.455+0000] {logging_mixin.py:188} INFO - [2024-04-16T23:16:51.454+0000] {dag.py:3096} INFO - Sync 1 DAGs
[2024-04-16T23:16:51.712+0000] {logging_mixin.py:188} INFO - [2024-04-16T23:16:51.700+0000] {dag.py:3954} INFO - Setting next_dagrun for m_dag_ejecutar to 2024-04-07 00:00:00+00:00, run_after=2024-04-08 00:00:00+00:00
[2024-04-16T23:16:52.029+0000] {processor.py:183} INFO - Processing /opt/airflow/dags/Scraping.py took 11.423 seconds
[2024-04-16T23:17:22.725+0000] {processor.py:161} INFO - Started process (PID=131) to work on /opt/airflow/dags/Scraping.py
[2024-04-16T23:17:22.731+0000] {processor.py:830} INFO - Processing file /opt/airflow/dags/Scraping.py for tasks to queue
[2024-04-16T23:17:22.742+0000] {logging_mixin.py:188} INFO - [2024-04-16T23:17:22.741+0000] {dagbag.py:540} INFO - Filling up the DagBag from /opt/airflow/dags/Scraping.py
[2024-04-16T23:17:23.530+0000] {processor.py:840} INFO - DAG(s) 'm_dag_ejecutar' retrieved from /opt/airflow/dags/Scraping.py
[2024-04-16T23:17:23.670+0000] {logging_mixin.py:188} INFO - [2024-04-16T23:17:23.667+0000] {dag.py:3096} INFO - Sync 1 DAGs
[2024-04-16T23:17:23.798+0000] {logging_mixin.py:188} INFO - [2024-04-16T23:17:23.798+0000] {dag.py:3954} INFO - Setting next_dagrun for m_dag_ejecutar to 2024-04-07 00:00:00+00:00, run_after=2024-04-08 00:00:00+00:00
[2024-04-16T23:17:23.914+0000] {processor.py:183} INFO - Processing /opt/airflow/dags/Scraping.py took 1.223 seconds
[2024-04-16T23:17:55.575+0000] {processor.py:161} INFO - Started process (PID=142) to work on /opt/airflow/dags/Scraping.py
[2024-04-16T23:17:55.600+0000] {processor.py:830} INFO - Processing file /opt/airflow/dags/Scraping.py for tasks to queue
[2024-04-16T23:17:55.629+0000] {logging_mixin.py:188} INFO - [2024-04-16T23:17:55.628+0000] {dagbag.py:540} INFO - Filling up the DagBag from /opt/airflow/dags/Scraping.py
[2024-04-16T23:17:56.466+0000] {processor.py:840} INFO - DAG(s) 'm_dag_ejecutar' retrieved from /opt/airflow/dags/Scraping.py
[2024-04-16T23:17:56.616+0000] {logging_mixin.py:188} INFO - [2024-04-16T23:17:56.616+0000] {dag.py:3096} INFO - Sync 1 DAGs
[2024-04-16T23:17:56.765+0000] {logging_mixin.py:188} INFO - [2024-04-16T23:17:56.764+0000] {dag.py:3954} INFO - Setting next_dagrun for m_dag_ejecutar to 2024-04-07 00:00:00+00:00, run_after=2024-04-08 00:00:00+00:00
[2024-04-16T23:17:56.906+0000] {processor.py:183} INFO - Processing /opt/airflow/dags/Scraping.py took 1.368 seconds
[2024-04-16T23:18:27.312+0000] {processor.py:161} INFO - Started process (PID=154) to work on /opt/airflow/dags/Scraping.py
[2024-04-16T23:18:27.314+0000] {processor.py:830} INFO - Processing file /opt/airflow/dags/Scraping.py for tasks to queue
[2024-04-16T23:18:27.321+0000] {logging_mixin.py:188} INFO - [2024-04-16T23:18:27.320+0000] {dagbag.py:540} INFO - Filling up the DagBag from /opt/airflow/dags/Scraping.py
[2024-04-16T23:18:27.930+0000] {processor.py:840} INFO - DAG(s) 'm_dag_ejecutar' retrieved from /opt/airflow/dags/Scraping.py
[2024-04-16T23:18:28.079+0000] {logging_mixin.py:188} INFO - [2024-04-16T23:18:28.077+0000] {dag.py:3096} INFO - Sync 1 DAGs
[2024-04-16T23:18:28.253+0000] {logging_mixin.py:188} INFO - [2024-04-16T23:18:28.252+0000] {dag.py:3954} INFO - Setting next_dagrun for m_dag_ejecutar to 2024-04-07 00:00:00+00:00, run_after=2024-04-08 00:00:00+00:00
[2024-04-16T23:18:28.381+0000] {processor.py:183} INFO - Processing /opt/airflow/dags/Scraping.py took 1.095 seconds
[2024-04-16T23:19:06.452+0000] {processor.py:161} INFO - Started process (PID=167) to work on /opt/airflow/dags/Scraping.py
[2024-04-16T23:19:06.852+0000] {processor.py:830} INFO - Processing file /opt/airflow/dags/Scraping.py for tasks to queue
[2024-04-16T23:19:08.225+0000] {logging_mixin.py:188} INFO - [2024-04-16T23:19:08.069+0000] {dagbag.py:540} INFO - Filling up the DagBag from /opt/airflow/dags/Scraping.py
[2024-04-16T23:19:19.377+0000] {processor.py:840} INFO - DAG(s) 'm_dag_ejecutar' retrieved from /opt/airflow/dags/Scraping.py
[2024-04-16T23:19:20.254+0000] {logging_mixin.py:188} INFO - [2024-04-16T23:19:20.253+0000] {dag.py:3096} INFO - Sync 1 DAGs
[2024-04-16T23:19:21.611+0000] {logging_mixin.py:188} INFO - [2024-04-16T23:19:21.610+0000] {dag.py:3954} INFO - Setting next_dagrun for m_dag_ejecutar to 2024-04-07 00:00:00+00:00, run_after=2024-04-08 00:00:00+00:00
[2024-04-16T23:19:23.747+0000] {processor.py:183} INFO - Processing /opt/airflow/dags/Scraping.py took 17.971 seconds
[2024-04-16T23:19:55.406+0000] {processor.py:161} INFO - Started process (PID=184) to work on /opt/airflow/dags/Scraping.py
[2024-04-16T23:19:55.567+0000] {processor.py:830} INFO - Processing file /opt/airflow/dags/Scraping.py for tasks to queue
[2024-04-16T23:19:55.790+0000] {logging_mixin.py:188} INFO - [2024-04-16T23:19:55.764+0000] {dagbag.py:540} INFO - Filling up the DagBag from /opt/airflow/dags/Scraping.py
[2024-04-16T23:20:00.080+0000] {processor.py:840} INFO - DAG(s) 'm_dag_ejecutar' retrieved from /opt/airflow/dags/Scraping.py
[2024-04-16T23:20:00.568+0000] {logging_mixin.py:188} INFO - [2024-04-16T23:20:00.568+0000] {dag.py:3096} INFO - Sync 1 DAGs
[2024-04-16T23:20:01.151+0000] {logging_mixin.py:188} INFO - [2024-04-16T23:20:01.150+0000] {dag.py:3954} INFO - Setting next_dagrun for m_dag_ejecutar to 2024-04-07 00:00:00+00:00, run_after=2024-04-08 00:00:00+00:00
[2024-04-16T23:20:01.419+0000] {processor.py:183} INFO - Processing /opt/airflow/dags/Scraping.py took 6.252 seconds
[2024-04-16T23:20:31.889+0000] {processor.py:161} INFO - Started process (PID=196) to work on /opt/airflow/dags/Scraping.py
[2024-04-16T23:20:31.892+0000] {processor.py:830} INFO - Processing file /opt/airflow/dags/Scraping.py for tasks to queue
[2024-04-16T23:20:31.897+0000] {logging_mixin.py:188} INFO - [2024-04-16T23:20:31.897+0000] {dagbag.py:540} INFO - Filling up the DagBag from /opt/airflow/dags/Scraping.py
[2024-04-16T23:20:32.595+0000] {processor.py:840} INFO - DAG(s) 'm_dag_ejecutar' retrieved from /opt/airflow/dags/Scraping.py
[2024-04-16T23:20:32.704+0000] {logging_mixin.py:188} INFO - [2024-04-16T23:20:32.703+0000] {dag.py:3096} INFO - Sync 1 DAGs
[2024-04-16T23:20:32.817+0000] {logging_mixin.py:188} INFO - [2024-04-16T23:20:32.816+0000] {dag.py:3954} INFO - Setting next_dagrun for m_dag_ejecutar to 2024-04-07 00:00:00+00:00, run_after=2024-04-08 00:00:00+00:00
[2024-04-16T23:20:33.069+0000] {processor.py:183} INFO - Processing /opt/airflow/dags/Scraping.py took 1.216 seconds
[2024-04-16T23:21:05.108+0000] {processor.py:161} INFO - Started process (PID=206) to work on /opt/airflow/dags/Scraping.py
[2024-04-16T23:21:05.115+0000] {processor.py:830} INFO - Processing file /opt/airflow/dags/Scraping.py for tasks to queue
[2024-04-16T23:21:05.132+0000] {logging_mixin.py:188} INFO - [2024-04-16T23:21:05.131+0000] {dagbag.py:540} INFO - Filling up the DagBag from /opt/airflow/dags/Scraping.py
[2024-04-16T23:21:07.872+0000] {processor.py:840} INFO - DAG(s) 'm_dag_ejecutar' retrieved from /opt/airflow/dags/Scraping.py
[2024-04-16T23:21:08.136+0000] {logging_mixin.py:188} INFO - [2024-04-16T23:21:08.135+0000] {dag.py:3096} INFO - Sync 1 DAGs
[2024-04-16T23:21:08.349+0000] {logging_mixin.py:188} INFO - [2024-04-16T23:21:08.348+0000] {dag.py:3954} INFO - Setting next_dagrun for m_dag_ejecutar to 2024-04-07 00:00:00+00:00, run_after=2024-04-08 00:00:00+00:00
[2024-04-16T23:21:08.624+0000] {processor.py:183} INFO - Processing /opt/airflow/dags/Scraping.py took 3.552 seconds
[2024-04-16T23:21:40.381+0000] {processor.py:161} INFO - Started process (PID=217) to work on /opt/airflow/dags/Scraping.py
[2024-04-16T23:21:40.404+0000] {processor.py:830} INFO - Processing file /opt/airflow/dags/Scraping.py for tasks to queue
[2024-04-16T23:21:40.419+0000] {logging_mixin.py:188} INFO - [2024-04-16T23:21:40.418+0000] {dagbag.py:540} INFO - Filling up the DagBag from /opt/airflow/dags/Scraping.py
[2024-04-16T23:21:43.913+0000] {processor.py:840} INFO - DAG(s) 'm_dag_ejecutar' retrieved from /opt/airflow/dags/Scraping.py
[2024-04-16T23:21:44.293+0000] {logging_mixin.py:188} INFO - [2024-04-16T23:21:44.292+0000] {dag.py:3096} INFO - Sync 1 DAGs
[2024-04-16T23:21:44.572+0000] {logging_mixin.py:188} INFO - [2024-04-16T23:21:44.572+0000] {dag.py:3954} INFO - Setting next_dagrun for m_dag_ejecutar to 2024-04-07 00:00:00+00:00, run_after=2024-04-08 00:00:00+00:00
[2024-04-16T23:21:45.371+0000] {processor.py:183} INFO - Processing /opt/airflow/dags/Scraping.py took 5.025 seconds
