[2024-04-20T13:30:42.755+0000] {processor.py:161} INFO - Started process (PID=2660) to work on /opt/airflow/dags/holaa.py
[2024-04-20T13:30:42.765+0000] {processor.py:830} INFO - Processing file /opt/airflow/dags/holaa.py for tasks to queue
[2024-04-20T13:30:42.772+0000] {logging_mixin.py:188} INFO - [2024-04-20T13:30:42.771+0000] {dagbag.py:540} INFO - Filling up the DagBag from /opt/airflow/dags/holaa.py
[2024-04-20T13:30:43.557+0000] {processor.py:840} INFO - DAG(s) 'm_dag_ejecutaapt' retrieved from /opt/airflow/dags/holaa.py
[2024-04-20T13:30:43.768+0000] {logging_mixin.py:188} INFO - [2024-04-20T13:30:43.767+0000] {dag.py:3096} INFO - Sync 1 DAGs
[2024-04-20T13:30:43.922+0000] {logging_mixin.py:188} INFO - [2024-04-20T13:30:43.922+0000] {dag.py:3954} INFO - Setting next_dagrun for m_dag_ejecutaapt to 2024-04-18 00:00:00+00:00, run_after=2024-04-19 00:00:00+00:00
[2024-04-20T13:30:44.126+0000] {processor.py:183} INFO - Processing /opt/airflow/dags/holaa.py took 1.406 seconds
[2024-04-20T13:31:14.579+0000] {processor.py:161} INFO - Started process (PID=2674) to work on /opt/airflow/dags/holaa.py
[2024-04-20T13:31:14.581+0000] {processor.py:830} INFO - Processing file /opt/airflow/dags/holaa.py for tasks to queue
[2024-04-20T13:31:14.583+0000] {logging_mixin.py:188} INFO - [2024-04-20T13:31:14.582+0000] {dagbag.py:540} INFO - Filling up the DagBag from /opt/airflow/dags/holaa.py
[2024-04-20T13:31:14.640+0000] {processor.py:840} INFO - DAG(s) 'm_dag_ejecutaapt' retrieved from /opt/airflow/dags/holaa.py
[2024-04-20T13:31:14.685+0000] {logging_mixin.py:188} INFO - [2024-04-20T13:31:14.684+0000] {dag.py:3096} INFO - Sync 1 DAGs
[2024-04-20T13:31:14.749+0000] {logging_mixin.py:188} INFO - [2024-04-20T13:31:14.748+0000] {dag.py:3954} INFO - Setting next_dagrun for m_dag_ejecutaapt to 2024-04-18 00:00:00+00:00, run_after=2024-04-19 00:00:00+00:00
[2024-04-20T13:31:15.781+0000] {processor.py:183} INFO - Processing /opt/airflow/dags/holaa.py took 1.218 seconds
[2024-04-20T13:31:55.808+0000] {processor.py:161} INFO - Started process (PID=2695) to work on /opt/airflow/dags/holaa.py
[2024-04-20T13:31:55.863+0000] {processor.py:830} INFO - Processing file /opt/airflow/dags/holaa.py for tasks to queue
[2024-04-20T13:31:55.918+0000] {logging_mixin.py:188} INFO - [2024-04-20T13:31:55.918+0000] {dagbag.py:540} INFO - Filling up the DagBag from /opt/airflow/dags/holaa.py
[2024-04-20T13:31:56.888+0000] {processor.py:840} INFO - DAG(s) 'm_dag_ejecutaapt' retrieved from /opt/airflow/dags/holaa.py
[2024-04-20T13:31:57.131+0000] {logging_mixin.py:188} INFO - [2024-04-20T13:31:57.130+0000] {dag.py:3096} INFO - Sync 1 DAGs
[2024-04-20T13:31:57.419+0000] {logging_mixin.py:188} INFO - [2024-04-20T13:31:57.418+0000] {dag.py:3954} INFO - Setting next_dagrun for m_dag_ejecutaapt to 2024-04-18 00:00:00+00:00, run_after=2024-04-19 00:00:00+00:00
[2024-04-20T13:31:57.580+0000] {processor.py:183} INFO - Processing /opt/airflow/dags/holaa.py took 1.808 seconds
[2024-04-20T13:32:33.826+0000] {processor.py:161} INFO - Started process (PID=2709) to work on /opt/airflow/dags/holaa.py
[2024-04-20T13:32:33.828+0000] {processor.py:830} INFO - Processing file /opt/airflow/dags/holaa.py for tasks to queue
[2024-04-20T13:32:33.840+0000] {logging_mixin.py:188} INFO - [2024-04-20T13:32:33.840+0000] {dagbag.py:540} INFO - Filling up the DagBag from /opt/airflow/dags/holaa.py
[2024-04-20T13:32:33.970+0000] {processor.py:840} INFO - DAG(s) 'm_dag_ejecutaapt' retrieved from /opt/airflow/dags/holaa.py
[2024-04-20T13:32:34.194+0000] {logging_mixin.py:188} INFO - [2024-04-20T13:32:34.193+0000] {dag.py:3096} INFO - Sync 1 DAGs
[2024-04-20T13:32:34.418+0000] {logging_mixin.py:188} INFO - [2024-04-20T13:32:34.418+0000] {dag.py:3954} INFO - Setting next_dagrun for m_dag_ejecutaapt to 2024-04-18 00:00:00+00:00, run_after=2024-04-19 00:00:00+00:00
[2024-04-20T13:32:34.582+0000] {processor.py:183} INFO - Processing /opt/airflow/dags/holaa.py took 0.811 seconds
[2024-04-20T13:33:11.048+0000] {processor.py:161} INFO - Started process (PID=2723) to work on /opt/airflow/dags/holaa.py
[2024-04-20T13:33:11.106+0000] {processor.py:830} INFO - Processing file /opt/airflow/dags/holaa.py for tasks to queue
[2024-04-20T13:33:11.128+0000] {logging_mixin.py:188} INFO - [2024-04-20T13:33:11.127+0000] {dagbag.py:540} INFO - Filling up the DagBag from /opt/airflow/dags/holaa.py
[2024-04-20T13:33:12.206+0000] {processor.py:840} INFO - DAG(s) 'm_dag_ejecutaapt' retrieved from /opt/airflow/dags/holaa.py
[2024-04-20T13:33:12.402+0000] {logging_mixin.py:188} INFO - [2024-04-20T13:33:12.401+0000] {dag.py:3096} INFO - Sync 1 DAGs
[2024-04-20T13:33:12.592+0000] {logging_mixin.py:188} INFO - [2024-04-20T13:33:12.592+0000] {dag.py:3954} INFO - Setting next_dagrun for m_dag_ejecutaapt to 2024-04-18 00:00:00+00:00, run_after=2024-04-19 00:00:00+00:00
[2024-04-20T13:33:12.990+0000] {processor.py:183} INFO - Processing /opt/airflow/dags/holaa.py took 1.979 seconds
[2024-04-20T13:33:48.861+0000] {processor.py:161} INFO - Started process (PID=2738) to work on /opt/airflow/dags/holaa.py
[2024-04-20T13:33:48.863+0000] {processor.py:830} INFO - Processing file /opt/airflow/dags/holaa.py for tasks to queue
[2024-04-20T13:33:48.866+0000] {logging_mixin.py:188} INFO - [2024-04-20T13:33:48.865+0000] {dagbag.py:540} INFO - Filling up the DagBag from /opt/airflow/dags/holaa.py
[2024-04-20T13:33:48.938+0000] {processor.py:840} INFO - DAG(s) 'm_dag_ejecutaapt' retrieved from /opt/airflow/dags/holaa.py
[2024-04-20T13:33:49.013+0000] {logging_mixin.py:188} INFO - [2024-04-20T13:33:49.010+0000] {dag.py:3096} INFO - Sync 1 DAGs
[2024-04-20T13:33:49.111+0000] {logging_mixin.py:188} INFO - [2024-04-20T13:33:49.110+0000] {dag.py:3954} INFO - Setting next_dagrun for m_dag_ejecutaapt to 2024-04-18 00:00:00+00:00, run_after=2024-04-19 00:00:00+00:00
[2024-04-20T13:33:51.080+0000] {processor.py:183} INFO - Processing /opt/airflow/dags/holaa.py took 2.241 seconds
[2024-04-20T13:34:21.751+0000] {processor.py:161} INFO - Started process (PID=2753) to work on /opt/airflow/dags/holaa.py
[2024-04-20T13:34:21.765+0000] {processor.py:830} INFO - Processing file /opt/airflow/dags/holaa.py for tasks to queue
[2024-04-20T13:34:21.768+0000] {logging_mixin.py:188} INFO - [2024-04-20T13:34:21.768+0000] {dagbag.py:540} INFO - Filling up the DagBag from /opt/airflow/dags/holaa.py
[2024-04-20T13:34:21.908+0000] {processor.py:840} INFO - DAG(s) 'm_dag_ejecutaapt' retrieved from /opt/airflow/dags/holaa.py
[2024-04-20T13:34:22.070+0000] {logging_mixin.py:188} INFO - [2024-04-20T13:34:22.069+0000] {dag.py:3096} INFO - Sync 1 DAGs
[2024-04-20T13:34:22.260+0000] {logging_mixin.py:188} INFO - [2024-04-20T13:34:22.259+0000] {dag.py:3954} INFO - Setting next_dagrun for m_dag_ejecutaapt to 2024-04-18 00:00:00+00:00, run_after=2024-04-19 00:00:00+00:00
[2024-04-20T13:34:22.442+0000] {processor.py:183} INFO - Processing /opt/airflow/dags/holaa.py took 0.713 seconds
[2024-04-20T13:34:53.434+0000] {processor.py:161} INFO - Started process (PID=2771) to work on /opt/airflow/dags/holaa.py
[2024-04-20T13:34:53.440+0000] {processor.py:830} INFO - Processing file /opt/airflow/dags/holaa.py for tasks to queue
[2024-04-20T13:34:53.461+0000] {logging_mixin.py:188} INFO - [2024-04-20T13:34:53.460+0000] {dagbag.py:540} INFO - Filling up the DagBag from /opt/airflow/dags/holaa.py
[2024-04-20T13:34:53.609+0000] {processor.py:840} INFO - DAG(s) 'm_dag_ejecutaapt' retrieved from /opt/airflow/dags/holaa.py
[2024-04-20T13:34:53.724+0000] {logging_mixin.py:188} INFO - [2024-04-20T13:34:53.724+0000] {dag.py:3096} INFO - Sync 1 DAGs
[2024-04-20T13:34:53.833+0000] {logging_mixin.py:188} INFO - [2024-04-20T13:34:53.832+0000] {dag.py:3954} INFO - Setting next_dagrun for m_dag_ejecutaapt to 2024-04-18 00:00:00+00:00, run_after=2024-04-19 00:00:00+00:00
[2024-04-20T13:34:54.069+0000] {processor.py:183} INFO - Processing /opt/airflow/dags/holaa.py took 0.675 seconds
[2024-04-20T13:35:24.612+0000] {processor.py:161} INFO - Started process (PID=2783) to work on /opt/airflow/dags/holaa.py
[2024-04-20T13:35:24.649+0000] {processor.py:830} INFO - Processing file /opt/airflow/dags/holaa.py for tasks to queue
[2024-04-20T13:35:24.654+0000] {logging_mixin.py:188} INFO - [2024-04-20T13:35:24.653+0000] {dagbag.py:540} INFO - Filling up the DagBag from /opt/airflow/dags/holaa.py
[2024-04-20T13:35:24.751+0000] {processor.py:840} INFO - DAG(s) 'm_dag_ejecutaapt' retrieved from /opt/airflow/dags/holaa.py
[2024-04-20T13:35:24.849+0000] {logging_mixin.py:188} INFO - [2024-04-20T13:35:24.848+0000] {dag.py:3096} INFO - Sync 1 DAGs
[2024-04-20T13:35:25.174+0000] {logging_mixin.py:188} INFO - [2024-04-20T13:35:25.166+0000] {dag.py:3954} INFO - Setting next_dagrun for m_dag_ejecutaapt to 2024-04-18 00:00:00+00:00, run_after=2024-04-19 00:00:00+00:00
[2024-04-20T13:35:25.373+0000] {processor.py:183} INFO - Processing /opt/airflow/dags/holaa.py took 0.794 seconds
[2024-04-20T13:35:59.254+0000] {processor.py:161} INFO - Started process (PID=2797) to work on /opt/airflow/dags/holaa.py
[2024-04-20T13:35:59.256+0000] {processor.py:830} INFO - Processing file /opt/airflow/dags/holaa.py for tasks to queue
[2024-04-20T13:35:59.259+0000] {logging_mixin.py:188} INFO - [2024-04-20T13:35:59.258+0000] {dagbag.py:540} INFO - Filling up the DagBag from /opt/airflow/dags/holaa.py
[2024-04-20T13:35:59.318+0000] {processor.py:840} INFO - DAG(s) 'm_dag_ejecutaapt' retrieved from /opt/airflow/dags/holaa.py
[2024-04-20T13:35:59.367+0000] {logging_mixin.py:188} INFO - [2024-04-20T13:35:59.367+0000] {dag.py:3096} INFO - Sync 1 DAGs
[2024-04-20T13:35:59.439+0000] {logging_mixin.py:188} INFO - [2024-04-20T13:35:59.439+0000] {dag.py:3954} INFO - Setting next_dagrun for m_dag_ejecutaapt to 2024-04-18 00:00:00+00:00, run_after=2024-04-19 00:00:00+00:00
[2024-04-20T13:36:02.156+0000] {processor.py:183} INFO - Processing /opt/airflow/dags/holaa.py took 2.912 seconds
[2024-04-20T13:36:32.981+0000] {processor.py:161} INFO - Started process (PID=2811) to work on /opt/airflow/dags/holaa.py
[2024-04-20T13:36:32.983+0000] {processor.py:830} INFO - Processing file /opt/airflow/dags/holaa.py for tasks to queue
[2024-04-20T13:36:32.985+0000] {logging_mixin.py:188} INFO - [2024-04-20T13:36:32.984+0000] {dagbag.py:540} INFO - Filling up the DagBag from /opt/airflow/dags/holaa.py
[2024-04-20T13:36:33.037+0000] {processor.py:840} INFO - DAG(s) 'm_dag_ejecutaapt' retrieved from /opt/airflow/dags/holaa.py
[2024-04-20T13:36:33.091+0000] {logging_mixin.py:188} INFO - [2024-04-20T13:36:33.090+0000] {dag.py:3096} INFO - Sync 1 DAGs
[2024-04-20T13:36:33.353+0000] {logging_mixin.py:188} INFO - [2024-04-20T13:36:33.352+0000] {dag.py:3954} INFO - Setting next_dagrun for m_dag_ejecutaapt to 2024-04-18 00:00:00+00:00, run_after=2024-04-19 00:00:00+00:00
[2024-04-20T13:36:33.866+0000] {processor.py:183} INFO - Processing /opt/airflow/dags/holaa.py took 0.896 seconds
[2024-04-20T13:37:04.653+0000] {processor.py:161} INFO - Started process (PID=2825) to work on /opt/airflow/dags/holaa.py
[2024-04-20T13:37:04.655+0000] {processor.py:830} INFO - Processing file /opt/airflow/dags/holaa.py for tasks to queue
[2024-04-20T13:37:04.657+0000] {logging_mixin.py:188} INFO - [2024-04-20T13:37:04.656+0000] {dagbag.py:540} INFO - Filling up the DagBag from /opt/airflow/dags/holaa.py
[2024-04-20T13:37:04.693+0000] {processor.py:840} INFO - DAG(s) 'm_dag_ejecutaapt' retrieved from /opt/airflow/dags/holaa.py
[2024-04-20T13:37:04.728+0000] {logging_mixin.py:188} INFO - [2024-04-20T13:37:04.728+0000] {dag.py:3096} INFO - Sync 1 DAGs
[2024-04-20T13:37:04.761+0000] {logging_mixin.py:188} INFO - [2024-04-20T13:37:04.761+0000] {dag.py:3954} INFO - Setting next_dagrun for m_dag_ejecutaapt to 2024-04-18 00:00:00+00:00, run_after=2024-04-19 00:00:00+00:00
[2024-04-20T13:37:13.853+0000] {processor.py:183} INFO - Processing /opt/airflow/dags/holaa.py took 9.208 seconds
[2024-04-20T13:37:44.658+0000] {processor.py:161} INFO - Started process (PID=2840) to work on /opt/airflow/dags/holaa.py
[2024-04-20T13:37:44.670+0000] {processor.py:830} INFO - Processing file /opt/airflow/dags/holaa.py for tasks to queue
[2024-04-20T13:37:44.683+0000] {logging_mixin.py:188} INFO - [2024-04-20T13:37:44.682+0000] {dagbag.py:540} INFO - Filling up the DagBag from /opt/airflow/dags/holaa.py
[2024-04-20T13:37:45.147+0000] {processor.py:840} INFO - DAG(s) 'm_dag_ejecutaapt' retrieved from /opt/airflow/dags/holaa.py
[2024-04-20T13:37:45.291+0000] {logging_mixin.py:188} INFO - [2024-04-20T13:37:45.291+0000] {dag.py:3096} INFO - Sync 1 DAGs
[2024-04-20T13:37:45.432+0000] {logging_mixin.py:188} INFO - [2024-04-20T13:37:45.423+0000] {dag.py:3954} INFO - Setting next_dagrun for m_dag_ejecutaapt to 2024-04-18 00:00:00+00:00, run_after=2024-04-19 00:00:00+00:00
[2024-04-20T13:37:45.536+0000] {processor.py:183} INFO - Processing /opt/airflow/dags/holaa.py took 0.900 seconds
[2024-04-20T13:38:16.060+0000] {processor.py:161} INFO - Started process (PID=2856) to work on /opt/airflow/dags/holaa.py
[2024-04-20T13:38:16.061+0000] {processor.py:830} INFO - Processing file /opt/airflow/dags/holaa.py for tasks to queue
[2024-04-20T13:38:16.063+0000] {logging_mixin.py:188} INFO - [2024-04-20T13:38:16.063+0000] {dagbag.py:540} INFO - Filling up the DagBag from /opt/airflow/dags/holaa.py
[2024-04-20T13:38:16.113+0000] {processor.py:840} INFO - DAG(s) 'm_dag_ejecutaapt' retrieved from /opt/airflow/dags/holaa.py
[2024-04-20T13:38:16.156+0000] {logging_mixin.py:188} INFO - [2024-04-20T13:38:16.155+0000] {dag.py:3096} INFO - Sync 1 DAGs
[2024-04-20T13:38:16.189+0000] {logging_mixin.py:188} INFO - [2024-04-20T13:38:16.188+0000] {dag.py:3954} INFO - Setting next_dagrun for m_dag_ejecutaapt to 2024-04-18 00:00:00+00:00, run_after=2024-04-19 00:00:00+00:00
[2024-04-20T13:38:16.467+0000] {processor.py:183} INFO - Processing /opt/airflow/dags/holaa.py took 0.424 seconds
[2024-04-20T13:38:47.281+0000] {processor.py:161} INFO - Started process (PID=2869) to work on /opt/airflow/dags/holaa.py
[2024-04-20T13:38:47.293+0000] {processor.py:830} INFO - Processing file /opt/airflow/dags/holaa.py for tasks to queue
[2024-04-20T13:38:47.298+0000] {logging_mixin.py:188} INFO - [2024-04-20T13:38:47.297+0000] {dagbag.py:540} INFO - Filling up the DagBag from /opt/airflow/dags/holaa.py
[2024-04-20T13:38:47.457+0000] {processor.py:840} INFO - DAG(s) 'm_dag_ejecutaapt' retrieved from /opt/airflow/dags/holaa.py
[2024-04-20T13:38:47.603+0000] {logging_mixin.py:188} INFO - [2024-04-20T13:38:47.602+0000] {dag.py:3096} INFO - Sync 1 DAGs
[2024-04-20T13:38:47.763+0000] {logging_mixin.py:188} INFO - [2024-04-20T13:38:47.763+0000] {dag.py:3954} INFO - Setting next_dagrun for m_dag_ejecutaapt to 2024-04-18 00:00:00+00:00, run_after=2024-04-19 00:00:00+00:00
[2024-04-20T13:38:48.260+0000] {processor.py:183} INFO - Processing /opt/airflow/dags/holaa.py took 0.994 seconds
[2024-04-20T13:39:19.166+0000] {processor.py:161} INFO - Started process (PID=2884) to work on /opt/airflow/dags/holaa.py
[2024-04-20T13:39:19.168+0000] {processor.py:830} INFO - Processing file /opt/airflow/dags/holaa.py for tasks to queue
[2024-04-20T13:39:19.169+0000] {logging_mixin.py:188} INFO - [2024-04-20T13:39:19.169+0000] {dagbag.py:540} INFO - Filling up the DagBag from /opt/airflow/dags/holaa.py
[2024-04-20T13:39:19.221+0000] {processor.py:840} INFO - DAG(s) 'm_dag_ejecutaapt' retrieved from /opt/airflow/dags/holaa.py
[2024-04-20T13:39:19.258+0000] {logging_mixin.py:188} INFO - [2024-04-20T13:39:19.258+0000] {dag.py:3096} INFO - Sync 1 DAGs
[2024-04-20T13:39:19.303+0000] {logging_mixin.py:188} INFO - [2024-04-20T13:39:19.302+0000] {dag.py:3954} INFO - Setting next_dagrun for m_dag_ejecutaapt to 2024-04-18 00:00:00+00:00, run_after=2024-04-19 00:00:00+00:00
[2024-04-20T13:39:19.767+0000] {processor.py:183} INFO - Processing /opt/airflow/dags/holaa.py took 0.613 seconds
[2024-04-20T13:39:53.906+0000] {processor.py:161} INFO - Started process (PID=2898) to work on /opt/airflow/dags/holaa.py
[2024-04-20T13:39:53.910+0000] {processor.py:830} INFO - Processing file /opt/airflow/dags/holaa.py for tasks to queue
[2024-04-20T13:39:53.922+0000] {logging_mixin.py:188} INFO - [2024-04-20T13:39:53.921+0000] {dagbag.py:540} INFO - Filling up the DagBag from /opt/airflow/dags/holaa.py
[2024-04-20T13:39:54.101+0000] {processor.py:840} INFO - DAG(s) 'm_dag_ejecutaapt' retrieved from /opt/airflow/dags/holaa.py
[2024-04-20T13:39:54.192+0000] {logging_mixin.py:188} INFO - [2024-04-20T13:39:54.191+0000] {dag.py:3096} INFO - Sync 1 DAGs
[2024-04-20T13:39:54.998+0000] {logging_mixin.py:188} INFO - [2024-04-20T13:39:54.997+0000] {dag.py:3954} INFO - Setting next_dagrun for m_dag_ejecutaapt to 2024-04-18 00:00:00+00:00, run_after=2024-04-19 00:00:00+00:00
[2024-04-20T13:39:57.041+0000] {processor.py:183} INFO - Processing /opt/airflow/dags/holaa.py took 3.187 seconds
[2024-04-20T13:40:27.760+0000] {processor.py:161} INFO - Started process (PID=2918) to work on /opt/airflow/dags/holaa.py
[2024-04-20T13:40:27.762+0000] {processor.py:830} INFO - Processing file /opt/airflow/dags/holaa.py for tasks to queue
[2024-04-20T13:40:27.764+0000] {logging_mixin.py:188} INFO - [2024-04-20T13:40:27.763+0000] {dagbag.py:540} INFO - Filling up the DagBag from /opt/airflow/dags/holaa.py
[2024-04-20T13:40:27.818+0000] {processor.py:840} INFO - DAG(s) 'm_dag_ejecutaapt' retrieved from /opt/airflow/dags/holaa.py
[2024-04-20T13:40:27.869+0000] {logging_mixin.py:188} INFO - [2024-04-20T13:40:27.868+0000] {dag.py:3096} INFO - Sync 1 DAGs
[2024-04-20T13:40:27.934+0000] {logging_mixin.py:188} INFO - [2024-04-20T13:40:27.934+0000] {dag.py:3954} INFO - Setting next_dagrun for m_dag_ejecutaapt to 2024-04-18 00:00:00+00:00, run_after=2024-04-19 00:00:00+00:00
[2024-04-20T13:40:27.982+0000] {processor.py:183} INFO - Processing /opt/airflow/dags/holaa.py took 0.234 seconds
[2024-04-20T13:40:58.620+0000] {processor.py:161} INFO - Started process (PID=2932) to work on /opt/airflow/dags/holaa.py
[2024-04-20T13:40:58.627+0000] {processor.py:830} INFO - Processing file /opt/airflow/dags/holaa.py for tasks to queue
[2024-04-20T13:40:58.636+0000] {logging_mixin.py:188} INFO - [2024-04-20T13:40:58.629+0000] {dagbag.py:540} INFO - Filling up the DagBag from /opt/airflow/dags/holaa.py
[2024-04-20T13:40:58.706+0000] {processor.py:840} INFO - DAG(s) 'm_dag_ejecutaapt' retrieved from /opt/airflow/dags/holaa.py
[2024-04-20T13:40:58.755+0000] {logging_mixin.py:188} INFO - [2024-04-20T13:40:58.754+0000] {dag.py:3096} INFO - Sync 1 DAGs
[2024-04-20T13:40:58.821+0000] {logging_mixin.py:188} INFO - [2024-04-20T13:40:58.820+0000] {dag.py:3954} INFO - Setting next_dagrun for m_dag_ejecutaapt to 2024-04-18 00:00:00+00:00, run_after=2024-04-19 00:00:00+00:00
[2024-04-20T13:40:59.097+0000] {processor.py:183} INFO - Processing /opt/airflow/dags/holaa.py took 0.500 seconds
[2024-04-20T13:41:29.532+0000] {processor.py:161} INFO - Started process (PID=2946) to work on /opt/airflow/dags/holaa.py
[2024-04-20T13:41:29.534+0000] {processor.py:830} INFO - Processing file /opt/airflow/dags/holaa.py for tasks to queue
[2024-04-20T13:41:29.535+0000] {logging_mixin.py:188} INFO - [2024-04-20T13:41:29.535+0000] {dagbag.py:540} INFO - Filling up the DagBag from /opt/airflow/dags/holaa.py
[2024-04-20T13:41:29.580+0000] {processor.py:840} INFO - DAG(s) 'm_dag_ejecutaapt' retrieved from /opt/airflow/dags/holaa.py
[2024-04-20T13:41:29.628+0000] {logging_mixin.py:188} INFO - [2024-04-20T13:41:29.627+0000] {dag.py:3096} INFO - Sync 1 DAGs
[2024-04-20T13:41:29.675+0000] {logging_mixin.py:188} INFO - [2024-04-20T13:41:29.675+0000] {dag.py:3954} INFO - Setting next_dagrun for m_dag_ejecutaapt to 2024-04-18 00:00:00+00:00, run_after=2024-04-19 00:00:00+00:00
[2024-04-20T13:41:30.794+0000] {processor.py:183} INFO - Processing /opt/airflow/dags/holaa.py took 1.273 seconds
[2024-04-20T13:42:01.269+0000] {processor.py:161} INFO - Started process (PID=2960) to work on /opt/airflow/dags/holaa.py
[2024-04-20T13:42:01.272+0000] {processor.py:830} INFO - Processing file /opt/airflow/dags/holaa.py for tasks to queue
[2024-04-20T13:42:01.274+0000] {logging_mixin.py:188} INFO - [2024-04-20T13:42:01.273+0000] {dagbag.py:540} INFO - Filling up the DagBag from /opt/airflow/dags/holaa.py
[2024-04-20T13:42:01.332+0000] {processor.py:840} INFO - DAG(s) 'm_dag_ejecutaapt' retrieved from /opt/airflow/dags/holaa.py
[2024-04-20T13:42:01.406+0000] {logging_mixin.py:188} INFO - [2024-04-20T13:42:01.405+0000] {dag.py:3096} INFO - Sync 1 DAGs
[2024-04-20T13:42:01.487+0000] {logging_mixin.py:188} INFO - [2024-04-20T13:42:01.486+0000] {dag.py:3954} INFO - Setting next_dagrun for m_dag_ejecutaapt to 2024-04-18 00:00:00+00:00, run_after=2024-04-19 00:00:00+00:00
[2024-04-20T13:42:01.566+0000] {processor.py:183} INFO - Processing /opt/airflow/dags/holaa.py took 0.311 seconds
[2024-04-20T13:43:10.067+0000] {processor.py:161} INFO - Started process (PID=2978) to work on /opt/airflow/dags/holaa.py
[2024-04-20T13:43:10.069+0000] {processor.py:830} INFO - Processing file /opt/airflow/dags/holaa.py for tasks to queue
[2024-04-20T13:43:10.071+0000] {logging_mixin.py:188} INFO - [2024-04-20T13:43:10.070+0000] {dagbag.py:540} INFO - Filling up the DagBag from /opt/airflow/dags/holaa.py
[2024-04-20T13:43:10.117+0000] {processor.py:840} INFO - DAG(s) 'm_dag_ejecutaapt' retrieved from /opt/airflow/dags/holaa.py
[2024-04-20T13:43:10.159+0000] {logging_mixin.py:188} INFO - [2024-04-20T13:43:10.159+0000] {dag.py:3096} INFO - Sync 1 DAGs
[2024-04-20T13:43:10.211+0000] {logging_mixin.py:188} INFO - [2024-04-20T13:43:10.211+0000] {dag.py:3954} INFO - Setting next_dagrun for m_dag_ejecutaapt to 2024-04-18 00:00:00+00:00, run_after=2024-04-19 00:00:00+00:00
[2024-04-20T13:43:10.466+0000] {processor.py:183} INFO - Processing /opt/airflow/dags/holaa.py took 0.411 seconds
[2024-04-20T13:43:42.599+0000] {processor.py:161} INFO - Started process (PID=2992) to work on /opt/airflow/dags/holaa.py
[2024-04-20T13:43:42.602+0000] {processor.py:830} INFO - Processing file /opt/airflow/dags/holaa.py for tasks to queue
[2024-04-20T13:43:42.604+0000] {logging_mixin.py:188} INFO - [2024-04-20T13:43:42.603+0000] {dagbag.py:540} INFO - Filling up the DagBag from /opt/airflow/dags/holaa.py
[2024-04-20T13:43:42.681+0000] {processor.py:840} INFO - DAG(s) 'm_dag_ejecutaapt' retrieved from /opt/airflow/dags/holaa.py
[2024-04-20T13:43:42.748+0000] {logging_mixin.py:188} INFO - [2024-04-20T13:43:42.748+0000] {dag.py:3096} INFO - Sync 1 DAGs
[2024-04-20T13:43:42.806+0000] {logging_mixin.py:188} INFO - [2024-04-20T13:43:42.806+0000] {dag.py:3954} INFO - Setting next_dagrun for m_dag_ejecutaapt to 2024-04-18 00:00:00+00:00, run_after=2024-04-19 00:00:00+00:00
[2024-04-20T13:43:42.892+0000] {processor.py:183} INFO - Processing /opt/airflow/dags/holaa.py took 0.309 seconds
[2024-04-20T13:44:14.191+0000] {processor.py:161} INFO - Started process (PID=3006) to work on /opt/airflow/dags/holaa.py
[2024-04-20T13:44:14.192+0000] {processor.py:830} INFO - Processing file /opt/airflow/dags/holaa.py for tasks to queue
[2024-04-20T13:44:14.194+0000] {logging_mixin.py:188} INFO - [2024-04-20T13:44:14.193+0000] {dagbag.py:540} INFO - Filling up the DagBag from /opt/airflow/dags/holaa.py
[2024-04-20T13:44:14.236+0000] {processor.py:840} INFO - DAG(s) 'm_dag_ejecutaapt' retrieved from /opt/airflow/dags/holaa.py
[2024-04-20T13:44:14.269+0000] {logging_mixin.py:188} INFO - [2024-04-20T13:44:14.269+0000] {dag.py:3096} INFO - Sync 1 DAGs
[2024-04-20T13:44:14.308+0000] {logging_mixin.py:188} INFO - [2024-04-20T13:44:14.307+0000] {dag.py:3954} INFO - Setting next_dagrun for m_dag_ejecutaapt to 2024-04-18 00:00:00+00:00, run_after=2024-04-19 00:00:00+00:00
[2024-04-20T13:44:14.362+0000] {processor.py:183} INFO - Processing /opt/airflow/dags/holaa.py took 0.180 seconds
[2024-04-20T13:44:45.314+0000] {processor.py:161} INFO - Started process (PID=3019) to work on /opt/airflow/dags/holaa.py
[2024-04-20T13:44:45.316+0000] {processor.py:830} INFO - Processing file /opt/airflow/dags/holaa.py for tasks to queue
[2024-04-20T13:44:45.318+0000] {logging_mixin.py:188} INFO - [2024-04-20T13:44:45.318+0000] {dagbag.py:540} INFO - Filling up the DagBag from /opt/airflow/dags/holaa.py
[2024-04-20T13:44:45.358+0000] {processor.py:840} INFO - DAG(s) 'm_dag_ejecutaapt' retrieved from /opt/airflow/dags/holaa.py
[2024-04-20T13:44:45.396+0000] {logging_mixin.py:188} INFO - [2024-04-20T13:44:45.395+0000] {dag.py:3096} INFO - Sync 1 DAGs
[2024-04-20T13:44:45.430+0000] {logging_mixin.py:188} INFO - [2024-04-20T13:44:45.430+0000] {dag.py:3954} INFO - Setting next_dagrun for m_dag_ejecutaapt to 2024-04-18 00:00:00+00:00, run_after=2024-04-19 00:00:00+00:00
[2024-04-20T13:44:45.462+0000] {processor.py:183} INFO - Processing /opt/airflow/dags/holaa.py took 0.156 seconds
[2024-04-20T13:45:16.397+0000] {processor.py:161} INFO - Started process (PID=3033) to work on /opt/airflow/dags/holaa.py
[2024-04-20T13:45:16.399+0000] {processor.py:830} INFO - Processing file /opt/airflow/dags/holaa.py for tasks to queue
[2024-04-20T13:45:16.401+0000] {logging_mixin.py:188} INFO - [2024-04-20T13:45:16.400+0000] {dagbag.py:540} INFO - Filling up the DagBag from /opt/airflow/dags/holaa.py
[2024-04-20T13:45:16.438+0000] {processor.py:840} INFO - DAG(s) 'm_dag_ejecutaapt' retrieved from /opt/airflow/dags/holaa.py
[2024-04-20T13:45:16.475+0000] {logging_mixin.py:188} INFO - [2024-04-20T13:45:16.475+0000] {dag.py:3096} INFO - Sync 1 DAGs
[2024-04-20T13:45:16.514+0000] {logging_mixin.py:188} INFO - [2024-04-20T13:45:16.513+0000] {dag.py:3954} INFO - Setting next_dagrun for m_dag_ejecutaapt to 2024-04-18 00:00:00+00:00, run_after=2024-04-19 00:00:00+00:00
[2024-04-20T13:45:16.546+0000] {processor.py:183} INFO - Processing /opt/airflow/dags/holaa.py took 0.157 seconds
[2024-04-20T13:45:47.421+0000] {processor.py:161} INFO - Started process (PID=3048) to work on /opt/airflow/dags/holaa.py
[2024-04-20T13:45:47.424+0000] {processor.py:830} INFO - Processing file /opt/airflow/dags/holaa.py for tasks to queue
[2024-04-20T13:45:47.426+0000] {logging_mixin.py:188} INFO - [2024-04-20T13:45:47.425+0000] {dagbag.py:540} INFO - Filling up the DagBag from /opt/airflow/dags/holaa.py
[2024-04-20T13:45:47.480+0000] {processor.py:840} INFO - DAG(s) 'm_dag_ejecutaapt' retrieved from /opt/airflow/dags/holaa.py
[2024-04-20T13:45:47.534+0000] {logging_mixin.py:188} INFO - [2024-04-20T13:45:47.533+0000] {dag.py:3096} INFO - Sync 1 DAGs
[2024-04-20T13:45:47.576+0000] {logging_mixin.py:188} INFO - [2024-04-20T13:45:47.576+0000] {dag.py:3954} INFO - Setting next_dagrun for m_dag_ejecutaapt to 2024-04-18 00:00:00+00:00, run_after=2024-04-19 00:00:00+00:00
[2024-04-20T13:45:47.617+0000] {processor.py:183} INFO - Processing /opt/airflow/dags/holaa.py took 0.208 seconds
[2024-04-20T13:46:18.371+0000] {processor.py:161} INFO - Started process (PID=3062) to work on /opt/airflow/dags/holaa.py
[2024-04-20T13:46:18.373+0000] {processor.py:830} INFO - Processing file /opt/airflow/dags/holaa.py for tasks to queue
[2024-04-20T13:46:18.374+0000] {logging_mixin.py:188} INFO - [2024-04-20T13:46:18.374+0000] {dagbag.py:540} INFO - Filling up the DagBag from /opt/airflow/dags/holaa.py
[2024-04-20T13:46:18.424+0000] {processor.py:840} INFO - DAG(s) 'm_dag_ejecutaapt' retrieved from /opt/airflow/dags/holaa.py
[2024-04-20T13:46:18.463+0000] {logging_mixin.py:188} INFO - [2024-04-20T13:46:18.463+0000] {dag.py:3096} INFO - Sync 1 DAGs
[2024-04-20T13:46:18.541+0000] {logging_mixin.py:188} INFO - [2024-04-20T13:46:18.541+0000] {dag.py:3954} INFO - Setting next_dagrun for m_dag_ejecutaapt to 2024-04-18 00:00:00+00:00, run_after=2024-04-19 00:00:00+00:00
[2024-04-20T13:46:18.589+0000] {processor.py:183} INFO - Processing /opt/airflow/dags/holaa.py took 0.231 seconds
[2024-04-20T13:46:49.414+0000] {processor.py:161} INFO - Started process (PID=3077) to work on /opt/airflow/dags/holaa.py
[2024-04-20T13:46:49.416+0000] {processor.py:830} INFO - Processing file /opt/airflow/dags/holaa.py for tasks to queue
[2024-04-20T13:46:49.417+0000] {logging_mixin.py:188} INFO - [2024-04-20T13:46:49.417+0000] {dagbag.py:540} INFO - Filling up the DagBag from /opt/airflow/dags/holaa.py
[2024-04-20T13:46:49.465+0000] {processor.py:840} INFO - DAG(s) 'm_dag_ejecutaapt' retrieved from /opt/airflow/dags/holaa.py
[2024-04-20T13:46:49.515+0000] {logging_mixin.py:188} INFO - [2024-04-20T13:46:49.514+0000] {dag.py:3096} INFO - Sync 1 DAGs
[2024-04-20T13:46:49.566+0000] {logging_mixin.py:188} INFO - [2024-04-20T13:46:49.566+0000] {dag.py:3954} INFO - Setting next_dagrun for m_dag_ejecutaapt to 2024-04-18 00:00:00+00:00, run_after=2024-04-19 00:00:00+00:00
[2024-04-20T13:46:49.599+0000] {processor.py:183} INFO - Processing /opt/airflow/dags/holaa.py took 0.197 seconds
[2024-04-20T13:47:22.262+0000] {processor.py:161} INFO - Started process (PID=3091) to work on /opt/airflow/dags/holaa.py
[2024-04-20T13:47:22.265+0000] {processor.py:830} INFO - Processing file /opt/airflow/dags/holaa.py for tasks to queue
[2024-04-20T13:47:22.268+0000] {logging_mixin.py:188} INFO - [2024-04-20T13:47:22.267+0000] {dagbag.py:540} INFO - Filling up the DagBag from /opt/airflow/dags/holaa.py
[2024-04-20T13:47:22.341+0000] {processor.py:840} INFO - DAG(s) 'm_dag_ejecutaapt' retrieved from /opt/airflow/dags/holaa.py
[2024-04-20T13:47:22.430+0000] {logging_mixin.py:188} INFO - [2024-04-20T13:47:22.429+0000] {dag.py:3096} INFO - Sync 1 DAGs
[2024-04-20T13:47:22.497+0000] {logging_mixin.py:188} INFO - [2024-04-20T13:47:22.497+0000] {dag.py:3954} INFO - Setting next_dagrun for m_dag_ejecutaapt to 2024-04-18 00:00:00+00:00, run_after=2024-04-19 00:00:00+00:00
[2024-04-20T13:47:22.547+0000] {processor.py:183} INFO - Processing /opt/airflow/dags/holaa.py took 0.311 seconds
[2024-04-20T13:47:54.305+0000] {processor.py:161} INFO - Started process (PID=3106) to work on /opt/airflow/dags/holaa.py
[2024-04-20T13:47:54.307+0000] {processor.py:830} INFO - Processing file /opt/airflow/dags/holaa.py for tasks to queue
[2024-04-20T13:47:54.309+0000] {logging_mixin.py:188} INFO - [2024-04-20T13:47:54.309+0000] {dagbag.py:540} INFO - Filling up the DagBag from /opt/airflow/dags/holaa.py
[2024-04-20T13:47:54.366+0000] {processor.py:840} INFO - DAG(s) 'm_dag_ejecutaapt' retrieved from /opt/airflow/dags/holaa.py
[2024-04-20T13:47:54.411+0000] {logging_mixin.py:188} INFO - [2024-04-20T13:47:54.411+0000] {dag.py:3096} INFO - Sync 1 DAGs
[2024-04-20T13:47:54.460+0000] {logging_mixin.py:188} INFO - [2024-04-20T13:47:54.459+0000] {dag.py:3954} INFO - Setting next_dagrun for m_dag_ejecutaapt to 2024-04-18 00:00:00+00:00, run_after=2024-04-19 00:00:00+00:00
[2024-04-20T13:47:54.712+0000] {processor.py:183} INFO - Processing /opt/airflow/dags/holaa.py took 0.425 seconds
