[2024-04-20T13:30:28.511+0000] {processor.py:161} INFO - Started process (PID=2657) to work on /opt/airflow/dags/P1.py
[2024-04-20T13:30:28.754+0000] {processor.py:830} INFO - Processing file /opt/airflow/dags/P1.py for tasks to queue
[2024-04-20T13:30:29.057+0000] {logging_mixin.py:188} INFO - [2024-04-20T13:30:29.056+0000] {dagbag.py:540} INFO - Filling up the DagBag from /opt/airflow/dags/P1.py
[2024-04-20T13:30:38.999+0000] {processor.py:840} INFO - DAG(s) 'hola_mundo' retrieved from /opt/airflow/dags/P1.py
[2024-04-20T13:30:39.148+0000] {logging_mixin.py:188} INFO - [2024-04-20T13:30:39.147+0000] {dag.py:3096} INFO - Sync 1 DAGs
[2024-04-20T13:30:39.575+0000] {logging_mixin.py:188} INFO - [2024-04-20T13:30:39.574+0000] {dag.py:3954} INFO - Setting next_dagrun for hola_mundo to None, run_after=None
[2024-04-20T13:30:40.453+0000] {processor.py:183} INFO - Processing /opt/airflow/dags/P1.py took 12.079 seconds
[2024-04-20T13:31:10.884+0000] {processor.py:161} INFO - Started process (PID=2670) to work on /opt/airflow/dags/P1.py
[2024-04-20T13:31:11.328+0000] {processor.py:830} INFO - Processing file /opt/airflow/dags/P1.py for tasks to queue
[2024-04-20T13:31:11.330+0000] {logging_mixin.py:188} INFO - [2024-04-20T13:31:11.330+0000] {dagbag.py:540} INFO - Filling up the DagBag from /opt/airflow/dags/P1.py
[2024-04-20T13:31:12.483+0000] {processor.py:840} INFO - DAG(s) 'hola_mundo' retrieved from /opt/airflow/dags/P1.py
[2024-04-20T13:31:12.567+0000] {logging_mixin.py:188} INFO - [2024-04-20T13:31:12.566+0000] {dag.py:3096} INFO - Sync 1 DAGs
[2024-04-20T13:31:12.665+0000] {logging_mixin.py:188} INFO - [2024-04-20T13:31:12.664+0000] {dag.py:3954} INFO - Setting next_dagrun for hola_mundo to None, run_after=None
[2024-04-20T13:31:14.478+0000] {processor.py:183} INFO - Processing /opt/airflow/dags/P1.py took 3.605 seconds
[2024-04-20T13:31:46.472+0000] {processor.py:161} INFO - Started process (PID=2684) to work on /opt/airflow/dags/P1.py
[2024-04-20T13:31:46.492+0000] {processor.py:830} INFO - Processing file /opt/airflow/dags/P1.py for tasks to queue
[2024-04-20T13:31:46.496+0000] {logging_mixin.py:188} INFO - [2024-04-20T13:31:46.495+0000] {dagbag.py:540} INFO - Filling up the DagBag from /opt/airflow/dags/P1.py
[2024-04-20T13:31:52.962+0000] {processor.py:840} INFO - DAG(s) 'hola_mundo' retrieved from /opt/airflow/dags/P1.py
[2024-04-20T13:31:53.130+0000] {logging_mixin.py:188} INFO - [2024-04-20T13:31:53.129+0000] {dag.py:3096} INFO - Sync 1 DAGs
[2024-04-20T13:31:53.270+0000] {logging_mixin.py:188} INFO - [2024-04-20T13:31:53.269+0000] {dag.py:3954} INFO - Setting next_dagrun for hola_mundo to None, run_after=None
[2024-04-20T13:31:53.506+0000] {processor.py:183} INFO - Processing /opt/airflow/dags/P1.py took 7.056 seconds
[2024-04-20T13:32:25.913+0000] {processor.py:161} INFO - Started process (PID=2705) to work on /opt/airflow/dags/P1.py
[2024-04-20T13:32:26.077+0000] {processor.py:830} INFO - Processing file /opt/airflow/dags/P1.py for tasks to queue
[2024-04-20T13:32:26.138+0000] {logging_mixin.py:188} INFO - [2024-04-20T13:32:26.137+0000] {dagbag.py:540} INFO - Filling up the DagBag from /opt/airflow/dags/P1.py
[2024-04-20T13:32:33.007+0000] {processor.py:840} INFO - DAG(s) 'hola_mundo' retrieved from /opt/airflow/dags/P1.py
[2024-04-20T13:32:33.182+0000] {logging_mixin.py:188} INFO - [2024-04-20T13:32:33.181+0000] {dag.py:3096} INFO - Sync 1 DAGs
[2024-04-20T13:32:33.294+0000] {logging_mixin.py:188} INFO - [2024-04-20T13:32:33.294+0000] {dag.py:3954} INFO - Setting next_dagrun for hola_mundo to None, run_after=None
[2024-04-20T13:32:33.462+0000] {processor.py:183} INFO - Processing /opt/airflow/dags/P1.py took 7.573 seconds
[2024-04-20T13:33:04.830+0000] {processor.py:161} INFO - Started process (PID=2719) to work on /opt/airflow/dags/P1.py
[2024-04-20T13:33:04.942+0000] {processor.py:830} INFO - Processing file /opt/airflow/dags/P1.py for tasks to queue
[2024-04-20T13:33:04.985+0000] {logging_mixin.py:188} INFO - [2024-04-20T13:33:04.984+0000] {dagbag.py:540} INFO - Filling up the DagBag from /opt/airflow/dags/P1.py
[2024-04-20T13:33:08.445+0000] {processor.py:840} INFO - DAG(s) 'hola_mundo' retrieved from /opt/airflow/dags/P1.py
[2024-04-20T13:33:08.602+0000] {logging_mixin.py:188} INFO - [2024-04-20T13:33:08.601+0000] {dag.py:3096} INFO - Sync 1 DAGs
[2024-04-20T13:33:08.715+0000] {logging_mixin.py:188} INFO - [2024-04-20T13:33:08.715+0000] {dag.py:3954} INFO - Setting next_dagrun for hola_mundo to None, run_after=None
[2024-04-20T13:33:09.063+0000] {processor.py:183} INFO - Processing /opt/airflow/dags/P1.py took 4.268 seconds
[2024-04-20T13:33:40.621+0000] {processor.py:161} INFO - Started process (PID=2734) to work on /opt/airflow/dags/P1.py
[2024-04-20T13:33:41.031+0000] {processor.py:830} INFO - Processing file /opt/airflow/dags/P1.py for tasks to queue
[2024-04-20T13:33:41.033+0000] {logging_mixin.py:188} INFO - [2024-04-20T13:33:41.032+0000] {dagbag.py:540} INFO - Filling up the DagBag from /opt/airflow/dags/P1.py
[2024-04-20T13:33:42.609+0000] {processor.py:840} INFO - DAG(s) 'hola_mundo' retrieved from /opt/airflow/dags/P1.py
[2024-04-20T13:33:43.549+0000] {logging_mixin.py:188} INFO - [2024-04-20T13:33:43.548+0000] {dag.py:3096} INFO - Sync 1 DAGs
[2024-04-20T13:33:44.143+0000] {logging_mixin.py:188} INFO - [2024-04-20T13:33:44.142+0000] {dag.py:3954} INFO - Setting next_dagrun for hola_mundo to None, run_after=None
[2024-04-20T13:33:48.634+0000] {processor.py:183} INFO - Processing /opt/airflow/dags/P1.py took 8.025 seconds
[2024-04-20T13:34:19.231+0000] {processor.py:161} INFO - Started process (PID=2749) to work on /opt/airflow/dags/P1.py
[2024-04-20T13:34:19.233+0000] {processor.py:830} INFO - Processing file /opt/airflow/dags/P1.py for tasks to queue
[2024-04-20T13:34:19.235+0000] {logging_mixin.py:188} INFO - [2024-04-20T13:34:19.235+0000] {dagbag.py:540} INFO - Filling up the DagBag from /opt/airflow/dags/P1.py
[2024-04-20T13:34:20.888+0000] {processor.py:840} INFO - DAG(s) 'hola_mundo' retrieved from /opt/airflow/dags/P1.py
[2024-04-20T13:34:20.969+0000] {logging_mixin.py:188} INFO - [2024-04-20T13:34:20.968+0000] {dag.py:3096} INFO - Sync 1 DAGs
[2024-04-20T13:34:20.994+0000] {logging_mixin.py:188} INFO - [2024-04-20T13:34:20.993+0000] {dag.py:3954} INFO - Setting next_dagrun for hola_mundo to None, run_after=None
[2024-04-20T13:34:21.593+0000] {processor.py:183} INFO - Processing /opt/airflow/dags/P1.py took 2.379 seconds
[2024-04-20T13:34:52.268+0000] {processor.py:161} INFO - Started process (PID=2763) to work on /opt/airflow/dags/P1.py
[2024-04-20T13:34:52.270+0000] {processor.py:830} INFO - Processing file /opt/airflow/dags/P1.py for tasks to queue
[2024-04-20T13:34:52.271+0000] {logging_mixin.py:188} INFO - [2024-04-20T13:34:52.271+0000] {dagbag.py:540} INFO - Filling up the DagBag from /opt/airflow/dags/P1.py
[2024-04-20T13:34:54.534+0000] {processor.py:840} INFO - DAG(s) 'hola_mundo' retrieved from /opt/airflow/dags/P1.py
[2024-04-20T13:34:54.655+0000] {logging_mixin.py:188} INFO - [2024-04-20T13:34:54.654+0000] {dag.py:3096} INFO - Sync 1 DAGs
[2024-04-20T13:34:54.705+0000] {logging_mixin.py:188} INFO - [2024-04-20T13:34:54.705+0000] {dag.py:3954} INFO - Setting next_dagrun for hola_mundo to None, run_after=None
[2024-04-20T13:34:54.956+0000] {processor.py:183} INFO - Processing /opt/airflow/dags/P1.py took 2.700 seconds
[2024-04-20T13:35:29.750+0000] {processor.py:161} INFO - Started process (PID=2784) to work on /opt/airflow/dags/P1.py
[2024-04-20T13:35:30.399+0000] {processor.py:830} INFO - Processing file /opt/airflow/dags/P1.py for tasks to queue
[2024-04-20T13:35:30.404+0000] {logging_mixin.py:188} INFO - [2024-04-20T13:35:30.404+0000] {dagbag.py:540} INFO - Filling up the DagBag from /opt/airflow/dags/P1.py
[2024-04-20T13:35:33.756+0000] {processor.py:840} INFO - DAG(s) 'hola_mundo' retrieved from /opt/airflow/dags/P1.py
[2024-04-20T13:35:33.868+0000] {logging_mixin.py:188} INFO - [2024-04-20T13:35:33.867+0000] {dag.py:3096} INFO - Sync 1 DAGs
[2024-04-20T13:35:33.992+0000] {logging_mixin.py:188} INFO - [2024-04-20T13:35:33.991+0000] {dag.py:3954} INFO - Setting next_dagrun for hola_mundo to None, run_after=None
[2024-04-20T13:35:34.126+0000] {processor.py:183} INFO - Processing /opt/airflow/dags/P1.py took 4.410 seconds
[2024-04-20T13:36:05.620+0000] {processor.py:161} INFO - Started process (PID=2801) to work on /opt/airflow/dags/P1.py
[2024-04-20T13:36:05.622+0000] {processor.py:830} INFO - Processing file /opt/airflow/dags/P1.py for tasks to queue
[2024-04-20T13:36:05.624+0000] {logging_mixin.py:188} INFO - [2024-04-20T13:36:05.624+0000] {dagbag.py:540} INFO - Filling up the DagBag from /opt/airflow/dags/P1.py
[2024-04-20T13:36:06.968+0000] {processor.py:840} INFO - DAG(s) 'hola_mundo' retrieved from /opt/airflow/dags/P1.py
[2024-04-20T13:36:07.001+0000] {logging_mixin.py:188} INFO - [2024-04-20T13:36:07.000+0000] {dag.py:3096} INFO - Sync 1 DAGs
[2024-04-20T13:36:07.033+0000] {logging_mixin.py:188} INFO - [2024-04-20T13:36:07.032+0000] {dag.py:3954} INFO - Setting next_dagrun for hola_mundo to None, run_after=None
[2024-04-20T13:36:08.128+0000] {processor.py:183} INFO - Processing /opt/airflow/dags/P1.py took 2.523 seconds
[2024-04-20T13:36:38.220+0000] {processor.py:161} INFO - Started process (PID=2815) to work on /opt/airflow/dags/P1.py
[2024-04-20T13:36:38.222+0000] {processor.py:830} INFO - Processing file /opt/airflow/dags/P1.py for tasks to queue
[2024-04-20T13:36:38.223+0000] {logging_mixin.py:188} INFO - [2024-04-20T13:36:38.223+0000] {dagbag.py:540} INFO - Filling up the DagBag from /opt/airflow/dags/P1.py
[2024-04-20T13:36:39.443+0000] {processor.py:840} INFO - DAG(s) 'hola_mundo' retrieved from /opt/airflow/dags/P1.py
[2024-04-20T13:36:39.511+0000] {logging_mixin.py:188} INFO - [2024-04-20T13:36:39.510+0000] {dag.py:3096} INFO - Sync 1 DAGs
[2024-04-20T13:36:39.545+0000] {logging_mixin.py:188} INFO - [2024-04-20T13:36:39.545+0000] {dag.py:3954} INFO - Setting next_dagrun for hola_mundo to None, run_after=None
[2024-04-20T13:36:39.578+0000] {processor.py:183} INFO - Processing /opt/airflow/dags/P1.py took 1.366 seconds
[2024-04-20T13:37:14.243+0000] {processor.py:161} INFO - Started process (PID=2829) to work on /opt/airflow/dags/P1.py
[2024-04-20T13:37:14.247+0000] {processor.py:830} INFO - Processing file /opt/airflow/dags/P1.py for tasks to queue
[2024-04-20T13:37:14.250+0000] {logging_mixin.py:188} INFO - [2024-04-20T13:37:14.250+0000] {dagbag.py:540} INFO - Filling up the DagBag from /opt/airflow/dags/P1.py
[2024-04-20T13:37:16.109+0000] {processor.py:840} INFO - DAG(s) 'hola_mundo' retrieved from /opt/airflow/dags/P1.py
[2024-04-20T13:37:16.182+0000] {logging_mixin.py:188} INFO - [2024-04-20T13:37:16.181+0000] {dag.py:3096} INFO - Sync 1 DAGs
[2024-04-20T13:37:16.206+0000] {logging_mixin.py:188} INFO - [2024-04-20T13:37:16.206+0000] {dag.py:3954} INFO - Setting next_dagrun for hola_mundo to None, run_after=None
[2024-04-20T13:37:17.110+0000] {processor.py:183} INFO - Processing /opt/airflow/dags/P1.py took 2.882 seconds
[2024-04-20T13:37:48.211+0000] {processor.py:161} INFO - Started process (PID=2843) to work on /opt/airflow/dags/P1.py
[2024-04-20T13:37:48.219+0000] {processor.py:830} INFO - Processing file /opt/airflow/dags/P1.py for tasks to queue
[2024-04-20T13:37:48.226+0000] {logging_mixin.py:188} INFO - [2024-04-20T13:37:48.226+0000] {dagbag.py:540} INFO - Filling up the DagBag from /opt/airflow/dags/P1.py
[2024-04-20T13:37:50.729+0000] {processor.py:840} INFO - DAG(s) 'hola_mundo' retrieved from /opt/airflow/dags/P1.py
[2024-04-20T13:37:50.918+0000] {logging_mixin.py:188} INFO - [2024-04-20T13:37:50.918+0000] {dag.py:3096} INFO - Sync 1 DAGs
[2024-04-20T13:37:51.038+0000] {logging_mixin.py:188} INFO - [2024-04-20T13:37:51.037+0000] {dag.py:3954} INFO - Setting next_dagrun for hola_mundo to None, run_after=None
[2024-04-20T13:37:51.135+0000] {processor.py:183} INFO - Processing /opt/airflow/dags/P1.py took 2.955 seconds
[2024-04-20T13:38:21.375+0000] {processor.py:161} INFO - Started process (PID=2859) to work on /opt/airflow/dags/P1.py
[2024-04-20T13:38:21.379+0000] {processor.py:830} INFO - Processing file /opt/airflow/dags/P1.py for tasks to queue
[2024-04-20T13:38:21.394+0000] {logging_mixin.py:188} INFO - [2024-04-20T13:38:21.393+0000] {dagbag.py:540} INFO - Filling up the DagBag from /opt/airflow/dags/P1.py
[2024-04-20T13:38:23.168+0000] {processor.py:840} INFO - DAG(s) 'hola_mundo' retrieved from /opt/airflow/dags/P1.py
[2024-04-20T13:38:23.222+0000] {logging_mixin.py:188} INFO - [2024-04-20T13:38:23.222+0000] {dag.py:3096} INFO - Sync 1 DAGs
[2024-04-20T13:38:23.244+0000] {logging_mixin.py:188} INFO - [2024-04-20T13:38:23.244+0000] {dag.py:3954} INFO - Setting next_dagrun for hola_mundo to None, run_after=None
[2024-04-20T13:38:23.355+0000] {processor.py:183} INFO - Processing /opt/airflow/dags/P1.py took 1.994 seconds
[2024-04-20T13:38:53.530+0000] {processor.py:161} INFO - Started process (PID=2872) to work on /opt/airflow/dags/P1.py
[2024-04-20T13:38:53.532+0000] {processor.py:830} INFO - Processing file /opt/airflow/dags/P1.py for tasks to queue
[2024-04-20T13:38:53.534+0000] {logging_mixin.py:188} INFO - [2024-04-20T13:38:53.533+0000] {dagbag.py:540} INFO - Filling up the DagBag from /opt/airflow/dags/P1.py
[2024-04-20T13:38:54.545+0000] {processor.py:840} INFO - DAG(s) 'hola_mundo' retrieved from /opt/airflow/dags/P1.py
[2024-04-20T13:38:54.584+0000] {logging_mixin.py:188} INFO - [2024-04-20T13:38:54.584+0000] {dag.py:3096} INFO - Sync 1 DAGs
[2024-04-20T13:38:54.605+0000] {logging_mixin.py:188} INFO - [2024-04-20T13:38:54.605+0000] {dag.py:3954} INFO - Setting next_dagrun for hola_mundo to None, run_after=None
[2024-04-20T13:38:55.328+0000] {processor.py:183} INFO - Processing /opt/airflow/dags/P1.py took 1.809 seconds
[2024-04-20T13:39:26.479+0000] {processor.py:161} INFO - Started process (PID=2893) to work on /opt/airflow/dags/P1.py
[2024-04-20T13:39:26.481+0000] {processor.py:830} INFO - Processing file /opt/airflow/dags/P1.py for tasks to queue
[2024-04-20T13:39:26.494+0000] {logging_mixin.py:188} INFO - [2024-04-20T13:39:26.483+0000] {dagbag.py:540} INFO - Filling up the DagBag from /opt/airflow/dags/P1.py
[2024-04-20T13:39:28.065+0000] {processor.py:840} INFO - DAG(s) 'hola_mundo' retrieved from /opt/airflow/dags/P1.py
[2024-04-20T13:39:28.122+0000] {logging_mixin.py:188} INFO - [2024-04-20T13:39:28.122+0000] {dag.py:3096} INFO - Sync 1 DAGs
[2024-04-20T13:39:28.171+0000] {logging_mixin.py:188} INFO - [2024-04-20T13:39:28.171+0000] {dag.py:3954} INFO - Setting next_dagrun for hola_mundo to None, run_after=None
[2024-04-20T13:39:28.521+0000] {processor.py:183} INFO - Processing /opt/airflow/dags/P1.py took 2.077 seconds
[2024-04-20T13:39:59.022+0000] {processor.py:161} INFO - Started process (PID=2907) to work on /opt/airflow/dags/P1.py
[2024-04-20T13:39:59.024+0000] {processor.py:830} INFO - Processing file /opt/airflow/dags/P1.py for tasks to queue
[2024-04-20T13:39:59.025+0000] {logging_mixin.py:188} INFO - [2024-04-20T13:39:59.025+0000] {dagbag.py:540} INFO - Filling up the DagBag from /opt/airflow/dags/P1.py
[2024-04-20T13:40:00.455+0000] {processor.py:840} INFO - DAG(s) 'hola_mundo' retrieved from /opt/airflow/dags/P1.py
[2024-04-20T13:40:00.501+0000] {logging_mixin.py:188} INFO - [2024-04-20T13:40:00.501+0000] {dag.py:3096} INFO - Sync 1 DAGs
[2024-04-20T13:40:00.529+0000] {logging_mixin.py:188} INFO - [2024-04-20T13:40:00.528+0000] {dag.py:3954} INFO - Setting next_dagrun for hola_mundo to None, run_after=None
[2024-04-20T13:40:02.592+0000] {processor.py:183} INFO - Processing /opt/airflow/dags/P1.py took 3.587 seconds
[2024-04-20T13:40:32.880+0000] {processor.py:161} INFO - Started process (PID=2920) to work on /opt/airflow/dags/P1.py
[2024-04-20T13:40:32.882+0000] {processor.py:830} INFO - Processing file /opt/airflow/dags/P1.py for tasks to queue
[2024-04-20T13:40:32.884+0000] {logging_mixin.py:188} INFO - [2024-04-20T13:40:32.884+0000] {dagbag.py:540} INFO - Filling up the DagBag from /opt/airflow/dags/P1.py
[2024-04-20T13:40:34.077+0000] {processor.py:840} INFO - DAG(s) 'hola_mundo' retrieved from /opt/airflow/dags/P1.py
[2024-04-20T13:40:34.119+0000] {logging_mixin.py:188} INFO - [2024-04-20T13:40:34.118+0000] {dag.py:3096} INFO - Sync 1 DAGs
[2024-04-20T13:40:34.146+0000] {logging_mixin.py:188} INFO - [2024-04-20T13:40:34.146+0000] {dag.py:3954} INFO - Setting next_dagrun for hola_mundo to None, run_after=None
[2024-04-20T13:40:34.194+0000] {processor.py:183} INFO - Processing /opt/airflow/dags/P1.py took 1.327 seconds
[2024-04-20T13:41:07.051+0000] {processor.py:161} INFO - Started process (PID=2935) to work on /opt/airflow/dags/P1.py
[2024-04-20T13:41:07.071+0000] {processor.py:830} INFO - Processing file /opt/airflow/dags/P1.py for tasks to queue
[2024-04-20T13:41:07.087+0000] {logging_mixin.py:188} INFO - [2024-04-20T13:41:07.087+0000] {dagbag.py:540} INFO - Filling up the DagBag from /opt/airflow/dags/P1.py
[2024-04-20T13:41:09.230+0000] {processor.py:840} INFO - DAG(s) 'hola_mundo' retrieved from /opt/airflow/dags/P1.py
[2024-04-20T13:41:09.285+0000] {logging_mixin.py:188} INFO - [2024-04-20T13:41:09.283+0000] {dag.py:3096} INFO - Sync 1 DAGs
[2024-04-20T13:41:09.321+0000] {logging_mixin.py:188} INFO - [2024-04-20T13:41:09.321+0000] {dag.py:3954} INFO - Setting next_dagrun for hola_mundo to None, run_after=None
[2024-04-20T13:41:09.371+0000] {processor.py:183} INFO - Processing /opt/airflow/dags/P1.py took 2.353 seconds
[2024-04-20T13:41:39.970+0000] {processor.py:161} INFO - Started process (PID=2949) to work on /opt/airflow/dags/P1.py
[2024-04-20T13:41:40.016+0000] {processor.py:830} INFO - Processing file /opt/airflow/dags/P1.py for tasks to queue
[2024-04-20T13:41:40.018+0000] {logging_mixin.py:188} INFO - [2024-04-20T13:41:40.017+0000] {dagbag.py:540} INFO - Filling up the DagBag from /opt/airflow/dags/P1.py
[2024-04-20T13:41:40.926+0000] {processor.py:840} INFO - DAG(s) 'hola_mundo' retrieved from /opt/airflow/dags/P1.py
[2024-04-20T13:41:40.972+0000] {logging_mixin.py:188} INFO - [2024-04-20T13:41:40.971+0000] {dag.py:3096} INFO - Sync 1 DAGs
[2024-04-20T13:41:40.990+0000] {logging_mixin.py:188} INFO - [2024-04-20T13:41:40.990+0000] {dag.py:3954} INFO - Setting next_dagrun for hola_mundo to None, run_after=None
[2024-04-20T13:41:43.438+0000] {processor.py:183} INFO - Processing /opt/airflow/dags/P1.py took 3.483 seconds
[2024-04-20T13:42:13.734+0000] {processor.py:161} INFO - Started process (PID=2964) to work on /opt/airflow/dags/P1.py
[2024-04-20T13:42:13.735+0000] {processor.py:830} INFO - Processing file /opt/airflow/dags/P1.py for tasks to queue
[2024-04-20T13:42:13.737+0000] {logging_mixin.py:188} INFO - [2024-04-20T13:42:13.736+0000] {dagbag.py:540} INFO - Filling up the DagBag from /opt/airflow/dags/P1.py
[2024-04-20T13:42:14.556+0000] {processor.py:840} INFO - DAG(s) 'hola_mundo' retrieved from /opt/airflow/dags/P1.py
[2024-04-20T13:42:14.585+0000] {logging_mixin.py:188} INFO - [2024-04-20T13:42:14.584+0000] {dag.py:3096} INFO - Sync 1 DAGs
[2024-04-20T13:42:14.610+0000] {logging_mixin.py:188} INFO - [2024-04-20T13:42:14.610+0000] {dag.py:3954} INFO - Setting next_dagrun for hola_mundo to None, run_after=None
[2024-04-20T13:42:14.783+0000] {processor.py:183} INFO - Processing /opt/airflow/dags/P1.py took 1.061 seconds
[2024-04-20T13:43:07.711+0000] {processor.py:161} INFO - Started process (PID=2975) to work on /opt/airflow/dags/P1.py
[2024-04-20T13:43:07.715+0000] {processor.py:830} INFO - Processing file /opt/airflow/dags/P1.py for tasks to queue
[2024-04-20T13:43:07.718+0000] {logging_mixin.py:188} INFO - [2024-04-20T13:43:07.717+0000] {dagbag.py:540} INFO - Filling up the DagBag from /opt/airflow/dags/P1.py
[2024-04-20T13:43:09.742+0000] {processor.py:840} INFO - DAG(s) 'hola_mundo' retrieved from /opt/airflow/dags/P1.py
[2024-04-20T13:43:09.815+0000] {logging_mixin.py:188} INFO - [2024-04-20T13:43:09.814+0000] {dag.py:3096} INFO - Sync 1 DAGs
[2024-04-20T13:43:09.843+0000] {logging_mixin.py:188} INFO - [2024-04-20T13:43:09.843+0000] {dag.py:3954} INFO - Setting next_dagrun for hola_mundo to None, run_after=None
[2024-04-20T13:43:09.960+0000] {processor.py:183} INFO - Processing /opt/airflow/dags/P1.py took 2.304 seconds
[2024-04-20T13:43:40.934+0000] {processor.py:161} INFO - Started process (PID=2989) to work on /opt/airflow/dags/P1.py
[2024-04-20T13:43:40.936+0000] {processor.py:830} INFO - Processing file /opt/airflow/dags/P1.py for tasks to queue
[2024-04-20T13:43:40.939+0000] {logging_mixin.py:188} INFO - [2024-04-20T13:43:40.938+0000] {dagbag.py:540} INFO - Filling up the DagBag from /opt/airflow/dags/P1.py
[2024-04-20T13:43:42.396+0000] {processor.py:840} INFO - DAG(s) 'hola_mundo' retrieved from /opt/airflow/dags/P1.py
[2024-04-20T13:43:42.455+0000] {logging_mixin.py:188} INFO - [2024-04-20T13:43:42.454+0000] {dag.py:3096} INFO - Sync 1 DAGs
[2024-04-20T13:43:42.483+0000] {logging_mixin.py:188} INFO - [2024-04-20T13:43:42.482+0000] {dag.py:3954} INFO - Setting next_dagrun for hola_mundo to None, run_after=None
[2024-04-20T13:43:42.546+0000] {processor.py:183} INFO - Processing /opt/airflow/dags/P1.py took 1.631 seconds
[2024-04-20T13:44:13.056+0000] {processor.py:161} INFO - Started process (PID=3003) to work on /opt/airflow/dags/P1.py
[2024-04-20T13:44:13.058+0000] {processor.py:830} INFO - Processing file /opt/airflow/dags/P1.py for tasks to queue
[2024-04-20T13:44:13.062+0000] {logging_mixin.py:188} INFO - [2024-04-20T13:44:13.061+0000] {dagbag.py:540} INFO - Filling up the DagBag from /opt/airflow/dags/P1.py
[2024-04-20T13:44:13.968+0000] {processor.py:840} INFO - DAG(s) 'hola_mundo' retrieved from /opt/airflow/dags/P1.py
[2024-04-20T13:44:14.060+0000] {logging_mixin.py:188} INFO - [2024-04-20T13:44:14.059+0000] {dag.py:3096} INFO - Sync 1 DAGs
[2024-04-20T13:44:14.090+0000] {logging_mixin.py:188} INFO - [2024-04-20T13:44:14.090+0000] {dag.py:3954} INFO - Setting next_dagrun for hola_mundo to None, run_after=None
[2024-04-20T13:44:14.125+0000] {processor.py:183} INFO - Processing /opt/airflow/dags/P1.py took 1.085 seconds
[2024-04-20T13:44:44.415+0000] {processor.py:161} INFO - Started process (PID=3016) to work on /opt/airflow/dags/P1.py
[2024-04-20T13:44:44.417+0000] {processor.py:830} INFO - Processing file /opt/airflow/dags/P1.py for tasks to queue
[2024-04-20T13:44:44.419+0000] {logging_mixin.py:188} INFO - [2024-04-20T13:44:44.418+0000] {dagbag.py:540} INFO - Filling up the DagBag from /opt/airflow/dags/P1.py
[2024-04-20T13:44:45.158+0000] {processor.py:840} INFO - DAG(s) 'hola_mundo' retrieved from /opt/airflow/dags/P1.py
[2024-04-20T13:44:45.192+0000] {logging_mixin.py:188} INFO - [2024-04-20T13:44:45.191+0000] {dag.py:3096} INFO - Sync 1 DAGs
[2024-04-20T13:44:45.212+0000] {logging_mixin.py:188} INFO - [2024-04-20T13:44:45.211+0000] {dag.py:3954} INFO - Setting next_dagrun for hola_mundo to None, run_after=None
[2024-04-20T13:44:45.243+0000] {processor.py:183} INFO - Processing /opt/airflow/dags/P1.py took 0.839 seconds
[2024-04-20T13:45:15.443+0000] {processor.py:161} INFO - Started process (PID=3030) to work on /opt/airflow/dags/P1.py
[2024-04-20T13:45:15.447+0000] {processor.py:830} INFO - Processing file /opt/airflow/dags/P1.py for tasks to queue
[2024-04-20T13:45:15.450+0000] {logging_mixin.py:188} INFO - [2024-04-20T13:45:15.449+0000] {dagbag.py:540} INFO - Filling up the DagBag from /opt/airflow/dags/P1.py
[2024-04-20T13:45:16.256+0000] {processor.py:840} INFO - DAG(s) 'hola_mundo' retrieved from /opt/airflow/dags/P1.py
[2024-04-20T13:45:16.287+0000] {logging_mixin.py:188} INFO - [2024-04-20T13:45:16.287+0000] {dag.py:3096} INFO - Sync 1 DAGs
[2024-04-20T13:45:16.304+0000] {logging_mixin.py:188} INFO - [2024-04-20T13:45:16.304+0000] {dag.py:3954} INFO - Setting next_dagrun for hola_mundo to None, run_after=None
[2024-04-20T13:45:16.334+0000] {processor.py:183} INFO - Processing /opt/airflow/dags/P1.py took 0.901 seconds
[2024-04-20T13:45:46.466+0000] {processor.py:161} INFO - Started process (PID=3045) to work on /opt/airflow/dags/P1.py
[2024-04-20T13:45:46.468+0000] {processor.py:830} INFO - Processing file /opt/airflow/dags/P1.py for tasks to queue
[2024-04-20T13:45:46.471+0000] {logging_mixin.py:188} INFO - [2024-04-20T13:45:46.470+0000] {dagbag.py:540} INFO - Filling up the DagBag from /opt/airflow/dags/P1.py
[2024-04-20T13:45:47.236+0000] {processor.py:840} INFO - DAG(s) 'hola_mundo' retrieved from /opt/airflow/dags/P1.py
[2024-04-20T13:45:47.276+0000] {logging_mixin.py:188} INFO - [2024-04-20T13:45:47.275+0000] {dag.py:3096} INFO - Sync 1 DAGs
[2024-04-20T13:45:47.301+0000] {logging_mixin.py:188} INFO - [2024-04-20T13:45:47.301+0000] {dag.py:3954} INFO - Setting next_dagrun for hola_mundo to None, run_after=None
[2024-04-20T13:45:47.334+0000] {processor.py:183} INFO - Processing /opt/airflow/dags/P1.py took 0.879 seconds
[2024-04-20T13:46:17.517+0000] {processor.py:161} INFO - Started process (PID=3059) to work on /opt/airflow/dags/P1.py
[2024-04-20T13:46:17.519+0000] {processor.py:830} INFO - Processing file /opt/airflow/dags/P1.py for tasks to queue
[2024-04-20T13:46:17.521+0000] {logging_mixin.py:188} INFO - [2024-04-20T13:46:17.521+0000] {dagbag.py:540} INFO - Filling up the DagBag from /opt/airflow/dags/P1.py
[2024-04-20T13:46:18.207+0000] {processor.py:840} INFO - DAG(s) 'hola_mundo' retrieved from /opt/airflow/dags/P1.py
[2024-04-20T13:46:18.238+0000] {logging_mixin.py:188} INFO - [2024-04-20T13:46:18.238+0000] {dag.py:3096} INFO - Sync 1 DAGs
[2024-04-20T13:46:18.255+0000] {logging_mixin.py:188} INFO - [2024-04-20T13:46:18.254+0000] {dag.py:3954} INFO - Setting next_dagrun for hola_mundo to None, run_after=None
[2024-04-20T13:46:18.288+0000] {processor.py:183} INFO - Processing /opt/airflow/dags/P1.py took 0.791 seconds
[2024-04-20T13:46:48.429+0000] {processor.py:161} INFO - Started process (PID=3074) to work on /opt/airflow/dags/P1.py
[2024-04-20T13:46:48.431+0000] {processor.py:830} INFO - Processing file /opt/airflow/dags/P1.py for tasks to queue
[2024-04-20T13:46:48.433+0000] {logging_mixin.py:188} INFO - [2024-04-20T13:46:48.432+0000] {dagbag.py:540} INFO - Filling up the DagBag from /opt/airflow/dags/P1.py
[2024-04-20T13:46:49.226+0000] {processor.py:840} INFO - DAG(s) 'hola_mundo' retrieved from /opt/airflow/dags/P1.py
[2024-04-20T13:46:49.257+0000] {logging_mixin.py:188} INFO - [2024-04-20T13:46:49.257+0000] {dag.py:3096} INFO - Sync 1 DAGs
[2024-04-20T13:46:49.273+0000] {logging_mixin.py:188} INFO - [2024-04-20T13:46:49.272+0000] {dag.py:3954} INFO - Setting next_dagrun for hola_mundo to None, run_after=None
[2024-04-20T13:46:49.315+0000] {processor.py:183} INFO - Processing /opt/airflow/dags/P1.py took 0.898 seconds
[2024-04-20T13:47:19.869+0000] {processor.py:161} INFO - Started process (PID=3088) to work on /opt/airflow/dags/P1.py
[2024-04-20T13:47:19.871+0000] {processor.py:830} INFO - Processing file /opt/airflow/dags/P1.py for tasks to queue
[2024-04-20T13:47:19.875+0000] {logging_mixin.py:188} INFO - [2024-04-20T13:47:19.874+0000] {dagbag.py:540} INFO - Filling up the DagBag from /opt/airflow/dags/P1.py
[2024-04-20T13:47:21.616+0000] {processor.py:840} INFO - DAG(s) 'hola_mundo' retrieved from /opt/airflow/dags/P1.py
[2024-04-20T13:47:21.786+0000] {logging_mixin.py:188} INFO - [2024-04-20T13:47:21.786+0000] {dag.py:3096} INFO - Sync 1 DAGs
[2024-04-20T13:47:21.938+0000] {logging_mixin.py:188} INFO - [2024-04-20T13:47:21.937+0000] {dag.py:3954} INFO - Setting next_dagrun for hola_mundo to None, run_after=None
[2024-04-20T13:47:22.126+0000] {processor.py:183} INFO - Processing /opt/airflow/dags/P1.py took 2.277 seconds
[2024-04-20T13:47:52.529+0000] {processor.py:161} INFO - Started process (PID=3103) to work on /opt/airflow/dags/P1.py
[2024-04-20T13:47:52.531+0000] {processor.py:830} INFO - Processing file /opt/airflow/dags/P1.py for tasks to queue
[2024-04-20T13:47:52.533+0000] {logging_mixin.py:188} INFO - [2024-04-20T13:47:52.532+0000] {dagbag.py:540} INFO - Filling up the DagBag from /opt/airflow/dags/P1.py
[2024-04-20T13:47:53.920+0000] {processor.py:840} INFO - DAG(s) 'hola_mundo' retrieved from /opt/airflow/dags/P1.py
[2024-04-20T13:47:53.973+0000] {logging_mixin.py:188} INFO - [2024-04-20T13:47:53.973+0000] {dag.py:3096} INFO - Sync 1 DAGs
[2024-04-20T13:47:54.000+0000] {logging_mixin.py:188} INFO - [2024-04-20T13:47:53.998+0000] {dag.py:3954} INFO - Setting next_dagrun for hola_mundo to None, run_after=None
[2024-04-20T13:47:54.160+0000] {processor.py:183} INFO - Processing /opt/airflow/dags/P1.py took 1.648 seconds
