[2024-04-20T13:30:28.294+0000] {processor.py:161} INFO - Started process (PID=2656) to work on /opt/airflow/dags/P2.py
[2024-04-20T13:30:28.354+0000] {processor.py:830} INFO - Processing file /opt/airflow/dags/P2.py for tasks to queue
[2024-04-20T13:30:28.359+0000] {logging_mixin.py:188} INFO - [2024-04-20T13:30:28.358+0000] {dagbag.py:540} INFO - Filling up the DagBag from /opt/airflow/dags/P2.py
[2024-04-20T13:30:40.772+0000] {processor.py:840} INFO - DAG(s) 'hola_mundo2' retrieved from /opt/airflow/dags/P2.py
[2024-04-20T13:30:41.148+0000] {logging_mixin.py:188} INFO - [2024-04-20T13:30:41.147+0000] {dag.py:3096} INFO - Sync 1 DAGs
[2024-04-20T13:30:41.305+0000] {logging_mixin.py:188} INFO - [2024-04-20T13:30:41.304+0000] {dag.py:3954} INFO - Setting next_dagrun for hola_mundo2 to None, run_after=None
[2024-04-20T13:30:41.509+0000] {processor.py:183} INFO - Processing /opt/airflow/dags/P2.py took 13.250 seconds
[2024-04-20T13:31:12.104+0000] {processor.py:161} INFO - Started process (PID=2672) to work on /opt/airflow/dags/P2.py
[2024-04-20T13:31:12.296+0000] {processor.py:830} INFO - Processing file /opt/airflow/dags/P2.py for tasks to queue
[2024-04-20T13:31:12.299+0000] {logging_mixin.py:188} INFO - [2024-04-20T13:31:12.298+0000] {dagbag.py:540} INFO - Filling up the DagBag from /opt/airflow/dags/P2.py
[2024-04-20T13:31:13.657+0000] {processor.py:840} INFO - DAG(s) 'hola_mundo2' retrieved from /opt/airflow/dags/P2.py
[2024-04-20T13:31:13.766+0000] {logging_mixin.py:188} INFO - [2024-04-20T13:31:13.765+0000] {dag.py:3096} INFO - Sync 1 DAGs
[2024-04-20T13:31:13.825+0000] {logging_mixin.py:188} INFO - [2024-04-20T13:31:13.824+0000] {dag.py:3954} INFO - Setting next_dagrun for hola_mundo2 to None, run_after=None
[2024-04-20T13:31:15.335+0000] {processor.py:183} INFO - Processing /opt/airflow/dags/P2.py took 3.249 seconds
[2024-04-20T13:31:47.021+0000] {processor.py:161} INFO - Started process (PID=2685) to work on /opt/airflow/dags/P2.py
[2024-04-20T13:31:47.073+0000] {processor.py:830} INFO - Processing file /opt/airflow/dags/P2.py for tasks to queue
[2024-04-20T13:31:47.075+0000] {logging_mixin.py:188} INFO - [2024-04-20T13:31:47.074+0000] {dagbag.py:540} INFO - Filling up the DagBag from /opt/airflow/dags/P2.py
[2024-04-20T13:31:54.874+0000] {processor.py:840} INFO - DAG(s) 'hola_mundo2' retrieved from /opt/airflow/dags/P2.py
[2024-04-20T13:31:55.076+0000] {logging_mixin.py:188} INFO - [2024-04-20T13:31:55.074+0000] {dag.py:3096} INFO - Sync 1 DAGs
[2024-04-20T13:31:55.187+0000] {logging_mixin.py:188} INFO - [2024-04-20T13:31:55.187+0000] {dag.py:3954} INFO - Setting next_dagrun for hola_mundo2 to None, run_after=None
[2024-04-20T13:31:55.693+0000] {processor.py:183} INFO - Processing /opt/airflow/dags/P2.py took 8.718 seconds
[2024-04-20T13:32:28.913+0000] {processor.py:161} INFO - Started process (PID=2706) to work on /opt/airflow/dags/P2.py
[2024-04-20T13:32:28.920+0000] {processor.py:830} INFO - Processing file /opt/airflow/dags/P2.py for tasks to queue
[2024-04-20T13:32:28.935+0000] {logging_mixin.py:188} INFO - [2024-04-20T13:32:28.935+0000] {dagbag.py:540} INFO - Filling up the DagBag from /opt/airflow/dags/P2.py
[2024-04-20T13:32:34.882+0000] {processor.py:840} INFO - DAG(s) 'hola_mundo2' retrieved from /opt/airflow/dags/P2.py
[2024-04-20T13:32:35.016+0000] {logging_mixin.py:188} INFO - [2024-04-20T13:32:35.015+0000] {dag.py:3096} INFO - Sync 1 DAGs
[2024-04-20T13:32:35.095+0000] {logging_mixin.py:188} INFO - [2024-04-20T13:32:35.095+0000] {dag.py:3954} INFO - Setting next_dagrun for hola_mundo2 to None, run_after=None
[2024-04-20T13:32:35.269+0000] {processor.py:183} INFO - Processing /opt/airflow/dags/P2.py took 6.405 seconds
[2024-04-20T13:33:05.804+0000] {processor.py:161} INFO - Started process (PID=2721) to work on /opt/airflow/dags/P2.py
[2024-04-20T13:33:05.817+0000] {processor.py:830} INFO - Processing file /opt/airflow/dags/P2.py for tasks to queue
[2024-04-20T13:33:05.819+0000] {logging_mixin.py:188} INFO - [2024-04-20T13:33:05.819+0000] {dagbag.py:540} INFO - Filling up the DagBag from /opt/airflow/dags/P2.py
[2024-04-20T13:33:09.695+0000] {processor.py:840} INFO - DAG(s) 'hola_mundo2' retrieved from /opt/airflow/dags/P2.py
[2024-04-20T13:33:09.857+0000] {logging_mixin.py:188} INFO - [2024-04-20T13:33:09.856+0000] {dag.py:3096} INFO - Sync 1 DAGs
[2024-04-20T13:33:10.000+0000] {logging_mixin.py:188} INFO - [2024-04-20T13:33:10.000+0000] {dag.py:3954} INFO - Setting next_dagrun for hola_mundo2 to None, run_after=None
[2024-04-20T13:33:10.203+0000] {processor.py:183} INFO - Processing /opt/airflow/dags/P2.py took 4.428 seconds
[2024-04-20T13:33:41.814+0000] {processor.py:161} INFO - Started process (PID=2736) to work on /opt/airflow/dags/P2.py
[2024-04-20T13:33:41.828+0000] {processor.py:830} INFO - Processing file /opt/airflow/dags/P2.py for tasks to queue
[2024-04-20T13:33:41.830+0000] {logging_mixin.py:188} INFO - [2024-04-20T13:33:41.829+0000] {dagbag.py:540} INFO - Filling up the DagBag from /opt/airflow/dags/P2.py
[2024-04-20T13:33:45.204+0000] {processor.py:840} INFO - DAG(s) 'hola_mundo2' retrieved from /opt/airflow/dags/P2.py
[2024-04-20T13:33:45.518+0000] {logging_mixin.py:188} INFO - [2024-04-20T13:33:45.517+0000] {dag.py:3096} INFO - Sync 1 DAGs
[2024-04-20T13:33:46.102+0000] {logging_mixin.py:188} INFO - [2024-04-20T13:33:46.101+0000] {dag.py:3954} INFO - Setting next_dagrun for hola_mundo2 to None, run_after=None
[2024-04-20T13:33:49.945+0000] {processor.py:183} INFO - Processing /opt/airflow/dags/P2.py took 8.157 seconds
[2024-04-20T13:34:20.256+0000] {processor.py:161} INFO - Started process (PID=2751) to work on /opt/airflow/dags/P2.py
[2024-04-20T13:34:20.259+0000] {processor.py:830} INFO - Processing file /opt/airflow/dags/P2.py for tasks to queue
[2024-04-20T13:34:20.273+0000] {logging_mixin.py:188} INFO - [2024-04-20T13:34:20.261+0000] {dagbag.py:540} INFO - Filling up the DagBag from /opt/airflow/dags/P2.py
[2024-04-20T13:34:22.905+0000] {processor.py:840} INFO - DAG(s) 'hola_mundo2' retrieved from /opt/airflow/dags/P2.py
[2024-04-20T13:34:23.050+0000] {logging_mixin.py:188} INFO - [2024-04-20T13:34:23.049+0000] {dag.py:3096} INFO - Sync 1 DAGs
[2024-04-20T13:34:23.147+0000] {logging_mixin.py:188} INFO - [2024-04-20T13:34:23.147+0000] {dag.py:3954} INFO - Setting next_dagrun for hola_mundo2 to None, run_after=None
[2024-04-20T13:34:23.244+0000] {processor.py:183} INFO - Processing /opt/airflow/dags/P2.py took 3.023 seconds
[2024-04-20T13:34:54.233+0000] {processor.py:161} INFO - Started process (PID=2772) to work on /opt/airflow/dags/P2.py
[2024-04-20T13:34:54.254+0000] {processor.py:830} INFO - Processing file /opt/airflow/dags/P2.py for tasks to queue
[2024-04-20T13:34:54.265+0000] {logging_mixin.py:188} INFO - [2024-04-20T13:34:54.264+0000] {dagbag.py:540} INFO - Filling up the DagBag from /opt/airflow/dags/P2.py
[2024-04-20T13:34:56.901+0000] {processor.py:840} INFO - DAG(s) 'hola_mundo2' retrieved from /opt/airflow/dags/P2.py
[2024-04-20T13:34:57.017+0000] {logging_mixin.py:188} INFO - [2024-04-20T13:34:57.016+0000] {dag.py:3096} INFO - Sync 1 DAGs
[2024-04-20T13:34:57.084+0000] {logging_mixin.py:188} INFO - [2024-04-20T13:34:57.084+0000] {dag.py:3954} INFO - Setting next_dagrun for hola_mundo2 to None, run_after=None
[2024-04-20T13:34:57.180+0000] {processor.py:183} INFO - Processing /opt/airflow/dags/P2.py took 2.982 seconds
[2024-04-20T13:35:29.823+0000] {processor.py:161} INFO - Started process (PID=2785) to work on /opt/airflow/dags/P2.py
[2024-04-20T13:35:29.836+0000] {processor.py:830} INFO - Processing file /opt/airflow/dags/P2.py for tasks to queue
[2024-04-20T13:35:29.839+0000] {logging_mixin.py:188} INFO - [2024-04-20T13:35:29.838+0000] {dagbag.py:540} INFO - Filling up the DagBag from /opt/airflow/dags/P2.py
[2024-04-20T13:35:32.097+0000] {processor.py:840} INFO - DAG(s) 'hola_mundo2' retrieved from /opt/airflow/dags/P2.py
[2024-04-20T13:35:32.208+0000] {logging_mixin.py:188} INFO - [2024-04-20T13:35:32.197+0000] {dag.py:3096} INFO - Sync 1 DAGs
[2024-04-20T13:35:32.275+0000] {logging_mixin.py:188} INFO - [2024-04-20T13:35:32.275+0000] {dag.py:3954} INFO - Setting next_dagrun for hola_mundo2 to None, run_after=None
[2024-04-20T13:35:32.357+0000] {processor.py:183} INFO - Processing /opt/airflow/dags/P2.py took 2.561 seconds
[2024-04-20T13:36:03.404+0000] {processor.py:161} INFO - Started process (PID=2798) to work on /opt/airflow/dags/P2.py
[2024-04-20T13:36:03.406+0000] {processor.py:830} INFO - Processing file /opt/airflow/dags/P2.py for tasks to queue
[2024-04-20T13:36:03.409+0000] {logging_mixin.py:188} INFO - [2024-04-20T13:36:03.408+0000] {dagbag.py:540} INFO - Filling up the DagBag from /opt/airflow/dags/P2.py
[2024-04-20T13:36:04.720+0000] {processor.py:840} INFO - DAG(s) 'hola_mundo2' retrieved from /opt/airflow/dags/P2.py
[2024-04-20T13:36:04.750+0000] {logging_mixin.py:188} INFO - [2024-04-20T13:36:04.749+0000] {dag.py:3096} INFO - Sync 1 DAGs
[2024-04-20T13:36:04.767+0000] {logging_mixin.py:188} INFO - [2024-04-20T13:36:04.766+0000] {dag.py:3954} INFO - Setting next_dagrun for hola_mundo2 to None, run_after=None
[2024-04-20T13:36:05.693+0000] {processor.py:183} INFO - Processing /opt/airflow/dags/P2.py took 2.312 seconds
[2024-04-20T13:36:36.158+0000] {processor.py:161} INFO - Started process (PID=2812) to work on /opt/airflow/dags/P2.py
[2024-04-20T13:36:36.186+0000] {processor.py:830} INFO - Processing file /opt/airflow/dags/P2.py for tasks to queue
[2024-04-20T13:36:36.221+0000] {logging_mixin.py:188} INFO - [2024-04-20T13:36:36.220+0000] {dagbag.py:540} INFO - Filling up the DagBag from /opt/airflow/dags/P2.py
[2024-04-20T13:36:37.778+0000] {processor.py:840} INFO - DAG(s) 'hola_mundo2' retrieved from /opt/airflow/dags/P2.py
[2024-04-20T13:36:37.828+0000] {logging_mixin.py:188} INFO - [2024-04-20T13:36:37.827+0000] {dag.py:3096} INFO - Sync 1 DAGs
[2024-04-20T13:36:37.851+0000] {logging_mixin.py:188} INFO - [2024-04-20T13:36:37.851+0000] {dag.py:3954} INFO - Setting next_dagrun for hola_mundo2 to None, run_after=None
[2024-04-20T13:36:38.119+0000] {processor.py:183} INFO - Processing /opt/airflow/dags/P2.py took 1.997 seconds
[2024-04-20T13:37:14.076+0000] {processor.py:161} INFO - Started process (PID=2827) to work on /opt/airflow/dags/P2.py
[2024-04-20T13:37:14.078+0000] {processor.py:830} INFO - Processing file /opt/airflow/dags/P2.py for tasks to queue
[2024-04-20T13:37:14.080+0000] {logging_mixin.py:188} INFO - [2024-04-20T13:37:14.079+0000] {dagbag.py:540} INFO - Filling up the DagBag from /opt/airflow/dags/P2.py
[2024-04-20T13:37:16.145+0000] {processor.py:840} INFO - DAG(s) 'hola_mundo2' retrieved from /opt/airflow/dags/P2.py
[2024-04-20T13:37:16.198+0000] {logging_mixin.py:188} INFO - [2024-04-20T13:37:16.197+0000] {dag.py:3096} INFO - Sync 1 DAGs
[2024-04-20T13:37:16.225+0000] {logging_mixin.py:188} INFO - [2024-04-20T13:37:16.222+0000] {dag.py:3954} INFO - Setting next_dagrun for hola_mundo2 to None, run_after=None
[2024-04-20T13:37:17.111+0000] {processor.py:183} INFO - Processing /opt/airflow/dags/P2.py took 3.060 seconds
[2024-04-20T13:37:48.118+0000] {processor.py:161} INFO - Started process (PID=2842) to work on /opt/airflow/dags/P2.py
[2024-04-20T13:37:48.132+0000] {processor.py:830} INFO - Processing file /opt/airflow/dags/P2.py for tasks to queue
[2024-04-20T13:37:48.140+0000] {logging_mixin.py:188} INFO - [2024-04-20T13:37:48.139+0000] {dagbag.py:540} INFO - Filling up the DagBag from /opt/airflow/dags/P2.py
[2024-04-20T13:37:50.505+0000] {processor.py:840} INFO - DAG(s) 'hola_mundo2' retrieved from /opt/airflow/dags/P2.py
[2024-04-20T13:37:50.689+0000] {logging_mixin.py:188} INFO - [2024-04-20T13:37:50.688+0000] {dag.py:3096} INFO - Sync 1 DAGs
[2024-04-20T13:37:50.779+0000] {logging_mixin.py:188} INFO - [2024-04-20T13:37:50.778+0000] {dag.py:3954} INFO - Setting next_dagrun for hola_mundo2 to None, run_after=None
[2024-04-20T13:37:50.920+0000] {processor.py:183} INFO - Processing /opt/airflow/dags/P2.py took 2.828 seconds
[2024-04-20T13:38:21.391+0000] {processor.py:161} INFO - Started process (PID=2858) to work on /opt/airflow/dags/P2.py
[2024-04-20T13:38:21.410+0000] {processor.py:830} INFO - Processing file /opt/airflow/dags/P2.py for tasks to queue
[2024-04-20T13:38:21.426+0000] {logging_mixin.py:188} INFO - [2024-04-20T13:38:21.425+0000] {dagbag.py:540} INFO - Filling up the DagBag from /opt/airflow/dags/P2.py
[2024-04-20T13:38:23.193+0000] {processor.py:840} INFO - DAG(s) 'hola_mundo2' retrieved from /opt/airflow/dags/P2.py
[2024-04-20T13:38:23.235+0000] {logging_mixin.py:188} INFO - [2024-04-20T13:38:23.234+0000] {dag.py:3096} INFO - Sync 1 DAGs
[2024-04-20T13:38:23.261+0000] {logging_mixin.py:188} INFO - [2024-04-20T13:38:23.260+0000] {dag.py:3954} INFO - Setting next_dagrun for hola_mundo2 to None, run_after=None
[2024-04-20T13:38:23.356+0000] {processor.py:183} INFO - Processing /opt/airflow/dags/P2.py took 1.975 seconds
[2024-04-20T13:38:53.521+0000] {processor.py:161} INFO - Started process (PID=2871) to work on /opt/airflow/dags/P2.py
[2024-04-20T13:38:53.523+0000] {processor.py:830} INFO - Processing file /opt/airflow/dags/P2.py for tasks to queue
[2024-04-20T13:38:53.525+0000] {logging_mixin.py:188} INFO - [2024-04-20T13:38:53.524+0000] {dagbag.py:540} INFO - Filling up the DagBag from /opt/airflow/dags/P2.py
[2024-04-20T13:38:54.538+0000] {processor.py:840} INFO - DAG(s) 'hola_mundo2' retrieved from /opt/airflow/dags/P2.py
[2024-04-20T13:38:54.577+0000] {logging_mixin.py:188} INFO - [2024-04-20T13:38:54.576+0000] {dag.py:3096} INFO - Sync 1 DAGs
[2024-04-20T13:38:54.600+0000] {logging_mixin.py:188} INFO - [2024-04-20T13:38:54.600+0000] {dag.py:3954} INFO - Setting next_dagrun for hola_mundo2 to None, run_after=None
[2024-04-20T13:38:55.320+0000] {processor.py:183} INFO - Processing /opt/airflow/dags/P2.py took 1.810 seconds
[2024-04-20T13:39:26.426+0000] {processor.py:161} INFO - Started process (PID=2892) to work on /opt/airflow/dags/P2.py
[2024-04-20T13:39:26.438+0000] {processor.py:830} INFO - Processing file /opt/airflow/dags/P2.py for tasks to queue
[2024-04-20T13:39:26.443+0000] {logging_mixin.py:188} INFO - [2024-04-20T13:39:26.441+0000] {dagbag.py:540} INFO - Filling up the DagBag from /opt/airflow/dags/P2.py
[2024-04-20T13:39:28.051+0000] {processor.py:840} INFO - DAG(s) 'hola_mundo2' retrieved from /opt/airflow/dags/P2.py
[2024-04-20T13:39:28.101+0000] {logging_mixin.py:188} INFO - [2024-04-20T13:39:28.101+0000] {dag.py:3096} INFO - Sync 1 DAGs
[2024-04-20T13:39:28.144+0000] {logging_mixin.py:188} INFO - [2024-04-20T13:39:28.144+0000] {dag.py:3954} INFO - Setting next_dagrun for hola_mundo2 to None, run_after=None
[2024-04-20T13:39:28.272+0000] {processor.py:183} INFO - Processing /opt/airflow/dags/P2.py took 1.884 seconds
[2024-04-20T13:39:58.987+0000] {processor.py:161} INFO - Started process (PID=2906) to work on /opt/airflow/dags/P2.py
[2024-04-20T13:39:58.991+0000] {processor.py:830} INFO - Processing file /opt/airflow/dags/P2.py for tasks to queue
[2024-04-20T13:39:58.994+0000] {logging_mixin.py:188} INFO - [2024-04-20T13:39:58.993+0000] {dagbag.py:540} INFO - Filling up the DagBag from /opt/airflow/dags/P2.py
[2024-04-20T13:40:00.336+0000] {processor.py:840} INFO - DAG(s) 'hola_mundo2' retrieved from /opt/airflow/dags/P2.py
[2024-04-20T13:40:00.519+0000] {logging_mixin.py:188} INFO - [2024-04-20T13:40:00.518+0000] {dag.py:3096} INFO - Sync 1 DAGs
[2024-04-20T13:40:01.265+0000] {logging_mixin.py:188} INFO - [2024-04-20T13:40:01.265+0000] {dag.py:3954} INFO - Setting next_dagrun for hola_mundo2 to None, run_after=None
[2024-04-20T13:40:02.682+0000] {processor.py:183} INFO - Processing /opt/airflow/dags/P2.py took 3.712 seconds
[2024-04-20T13:40:33.219+0000] {processor.py:161} INFO - Started process (PID=2922) to work on /opt/airflow/dags/P2.py
[2024-04-20T13:40:33.231+0000] {processor.py:830} INFO - Processing file /opt/airflow/dags/P2.py for tasks to queue
[2024-04-20T13:40:33.234+0000] {logging_mixin.py:188} INFO - [2024-04-20T13:40:33.234+0000] {dagbag.py:540} INFO - Filling up the DagBag from /opt/airflow/dags/P2.py
[2024-04-20T13:40:34.501+0000] {processor.py:840} INFO - DAG(s) 'hola_mundo2' retrieved from /opt/airflow/dags/P2.py
[2024-04-20T13:40:34.599+0000] {logging_mixin.py:188} INFO - [2024-04-20T13:40:34.591+0000] {dag.py:3096} INFO - Sync 1 DAGs
[2024-04-20T13:40:34.647+0000] {logging_mixin.py:188} INFO - [2024-04-20T13:40:34.647+0000] {dag.py:3954} INFO - Setting next_dagrun for hola_mundo2 to None, run_after=None
[2024-04-20T13:40:34.707+0000] {processor.py:183} INFO - Processing /opt/airflow/dags/P2.py took 1.518 seconds
[2024-04-20T13:41:06.836+0000] {processor.py:161} INFO - Started process (PID=2934) to work on /opt/airflow/dags/P2.py
[2024-04-20T13:41:06.996+0000] {processor.py:830} INFO - Processing file /opt/airflow/dags/P2.py for tasks to queue
[2024-04-20T13:41:07.002+0000] {logging_mixin.py:188} INFO - [2024-04-20T13:41:07.001+0000] {dagbag.py:540} INFO - Filling up the DagBag from /opt/airflow/dags/P2.py
[2024-04-20T13:41:09.056+0000] {processor.py:840} INFO - DAG(s) 'hola_mundo2' retrieved from /opt/airflow/dags/P2.py
[2024-04-20T13:41:09.155+0000] {logging_mixin.py:188} INFO - [2024-04-20T13:41:09.154+0000] {dag.py:3096} INFO - Sync 1 DAGs
[2024-04-20T13:41:09.211+0000] {logging_mixin.py:188} INFO - [2024-04-20T13:41:09.211+0000] {dag.py:3954} INFO - Setting next_dagrun for hola_mundo2 to None, run_after=None
[2024-04-20T13:41:09.266+0000] {processor.py:183} INFO - Processing /opt/airflow/dags/P2.py took 2.461 seconds
[2024-04-20T13:41:39.959+0000] {processor.py:161} INFO - Started process (PID=2948) to work on /opt/airflow/dags/P2.py
[2024-04-20T13:41:39.961+0000] {processor.py:830} INFO - Processing file /opt/airflow/dags/P2.py for tasks to queue
[2024-04-20T13:41:39.962+0000] {logging_mixin.py:188} INFO - [2024-04-20T13:41:39.962+0000] {dagbag.py:540} INFO - Filling up the DagBag from /opt/airflow/dags/P2.py
[2024-04-20T13:41:40.865+0000] {processor.py:840} INFO - DAG(s) 'hola_mundo2' retrieved from /opt/airflow/dags/P2.py
[2024-04-20T13:41:40.904+0000] {logging_mixin.py:188} INFO - [2024-04-20T13:41:40.904+0000] {dag.py:3096} INFO - Sync 1 DAGs
[2024-04-20T13:41:40.927+0000] {logging_mixin.py:188} INFO - [2024-04-20T13:41:40.927+0000] {dag.py:3954} INFO - Setting next_dagrun for hola_mundo2 to None, run_after=None
[2024-04-20T13:41:42.609+0000] {processor.py:183} INFO - Processing /opt/airflow/dags/P2.py took 2.665 seconds
[2024-04-20T13:42:12.802+0000] {processor.py:161} INFO - Started process (PID=2962) to work on /opt/airflow/dags/P2.py
[2024-04-20T13:42:12.804+0000] {processor.py:830} INFO - Processing file /opt/airflow/dags/P2.py for tasks to queue
[2024-04-20T13:42:12.805+0000] {logging_mixin.py:188} INFO - [2024-04-20T13:42:12.805+0000] {dagbag.py:540} INFO - Filling up the DagBag from /opt/airflow/dags/P2.py
[2024-04-20T13:42:13.479+0000] {processor.py:840} INFO - DAG(s) 'hola_mundo2' retrieved from /opt/airflow/dags/P2.py
[2024-04-20T13:42:13.506+0000] {logging_mixin.py:188} INFO - [2024-04-20T13:42:13.506+0000] {dag.py:3096} INFO - Sync 1 DAGs
[2024-04-20T13:42:13.523+0000] {logging_mixin.py:188} INFO - [2024-04-20T13:42:13.522+0000] {dag.py:3954} INFO - Setting next_dagrun for hola_mundo2 to None, run_after=None
[2024-04-20T13:42:13.563+0000] {processor.py:183} INFO - Processing /opt/airflow/dags/P2.py took 0.770 seconds
[2024-04-20T13:43:07.623+0000] {processor.py:161} INFO - Started process (PID=2974) to work on /opt/airflow/dags/P2.py
[2024-04-20T13:43:07.626+0000] {processor.py:830} INFO - Processing file /opt/airflow/dags/P2.py for tasks to queue
[2024-04-20T13:43:07.628+0000] {logging_mixin.py:188} INFO - [2024-04-20T13:43:07.627+0000] {dagbag.py:540} INFO - Filling up the DagBag from /opt/airflow/dags/P2.py
[2024-04-20T13:43:09.719+0000] {processor.py:840} INFO - DAG(s) 'hola_mundo2' retrieved from /opt/airflow/dags/P2.py
[2024-04-20T13:43:09.763+0000] {logging_mixin.py:188} INFO - [2024-04-20T13:43:09.755+0000] {dag.py:3096} INFO - Sync 1 DAGs
[2024-04-20T13:43:09.828+0000] {logging_mixin.py:188} INFO - [2024-04-20T13:43:09.828+0000] {dag.py:3954} INFO - Setting next_dagrun for hola_mundo2 to None, run_after=None
[2024-04-20T13:43:09.956+0000] {processor.py:183} INFO - Processing /opt/airflow/dags/P2.py took 2.356 seconds
[2024-04-20T13:43:40.928+0000] {processor.py:161} INFO - Started process (PID=2988) to work on /opt/airflow/dags/P2.py
[2024-04-20T13:43:40.930+0000] {processor.py:830} INFO - Processing file /opt/airflow/dags/P2.py for tasks to queue
[2024-04-20T13:43:40.941+0000] {logging_mixin.py:188} INFO - [2024-04-20T13:43:40.940+0000] {dagbag.py:540} INFO - Filling up the DagBag from /opt/airflow/dags/P2.py
[2024-04-20T13:43:42.321+0000] {processor.py:840} INFO - DAG(s) 'hola_mundo2' retrieved from /opt/airflow/dags/P2.py
[2024-04-20T13:43:42.400+0000] {logging_mixin.py:188} INFO - [2024-04-20T13:43:42.399+0000] {dag.py:3096} INFO - Sync 1 DAGs
[2024-04-20T13:43:42.440+0000] {logging_mixin.py:188} INFO - [2024-04-20T13:43:42.439+0000] {dag.py:3954} INFO - Setting next_dagrun for hola_mundo2 to None, run_after=None
[2024-04-20T13:43:42.485+0000] {processor.py:183} INFO - Processing /opt/airflow/dags/P2.py took 1.579 seconds
[2024-04-20T13:44:13.039+0000] {processor.py:161} INFO - Started process (PID=3002) to work on /opt/airflow/dags/P2.py
[2024-04-20T13:44:13.041+0000] {processor.py:830} INFO - Processing file /opt/airflow/dags/P2.py for tasks to queue
[2024-04-20T13:44:13.043+0000] {logging_mixin.py:188} INFO - [2024-04-20T13:44:13.042+0000] {dagbag.py:540} INFO - Filling up the DagBag from /opt/airflow/dags/P2.py
[2024-04-20T13:44:13.905+0000] {processor.py:840} INFO - DAG(s) 'hola_mundo2' retrieved from /opt/airflow/dags/P2.py
[2024-04-20T13:44:13.986+0000] {logging_mixin.py:188} INFO - [2024-04-20T13:44:13.985+0000] {dag.py:3096} INFO - Sync 1 DAGs
[2024-04-20T13:44:14.024+0000] {logging_mixin.py:188} INFO - [2024-04-20T13:44:14.023+0000] {dag.py:3954} INFO - Setting next_dagrun for hola_mundo2 to None, run_after=None
[2024-04-20T13:44:14.114+0000] {processor.py:183} INFO - Processing /opt/airflow/dags/P2.py took 1.087 seconds
[2024-04-20T13:44:44.405+0000] {processor.py:161} INFO - Started process (PID=3015) to work on /opt/airflow/dags/P2.py
[2024-04-20T13:44:44.406+0000] {processor.py:830} INFO - Processing file /opt/airflow/dags/P2.py for tasks to queue
[2024-04-20T13:44:44.408+0000] {logging_mixin.py:188} INFO - [2024-04-20T13:44:44.407+0000] {dagbag.py:540} INFO - Filling up the DagBag from /opt/airflow/dags/P2.py
[2024-04-20T13:44:45.148+0000] {processor.py:840} INFO - DAG(s) 'hola_mundo2' retrieved from /opt/airflow/dags/P2.py
[2024-04-20T13:44:45.187+0000] {logging_mixin.py:188} INFO - [2024-04-20T13:44:45.187+0000] {dag.py:3096} INFO - Sync 1 DAGs
[2024-04-20T13:44:45.212+0000] {logging_mixin.py:188} INFO - [2024-04-20T13:44:45.211+0000] {dag.py:3954} INFO - Setting next_dagrun for hola_mundo2 to None, run_after=None
[2024-04-20T13:44:45.245+0000] {processor.py:183} INFO - Processing /opt/airflow/dags/P2.py took 0.851 seconds
[2024-04-20T13:45:15.434+0000] {processor.py:161} INFO - Started process (PID=3029) to work on /opt/airflow/dags/P2.py
[2024-04-20T13:45:15.435+0000] {processor.py:830} INFO - Processing file /opt/airflow/dags/P2.py for tasks to queue
[2024-04-20T13:45:15.437+0000] {logging_mixin.py:188} INFO - [2024-04-20T13:45:15.436+0000] {dagbag.py:540} INFO - Filling up the DagBag from /opt/airflow/dags/P2.py
[2024-04-20T13:45:16.267+0000] {processor.py:840} INFO - DAG(s) 'hola_mundo2' retrieved from /opt/airflow/dags/P2.py
[2024-04-20T13:45:16.296+0000] {logging_mixin.py:188} INFO - [2024-04-20T13:45:16.295+0000] {dag.py:3096} INFO - Sync 1 DAGs
[2024-04-20T13:45:16.313+0000] {logging_mixin.py:188} INFO - [2024-04-20T13:45:16.313+0000] {dag.py:3954} INFO - Setting next_dagrun for hola_mundo2 to None, run_after=None
[2024-04-20T13:45:16.344+0000] {processor.py:183} INFO - Processing /opt/airflow/dags/P2.py took 0.920 seconds
[2024-04-20T13:45:46.455+0000] {processor.py:161} INFO - Started process (PID=3044) to work on /opt/airflow/dags/P2.py
[2024-04-20T13:45:46.457+0000] {processor.py:830} INFO - Processing file /opt/airflow/dags/P2.py for tasks to queue
[2024-04-20T13:45:46.459+0000] {logging_mixin.py:188} INFO - [2024-04-20T13:45:46.458+0000] {dagbag.py:540} INFO - Filling up the DagBag from /opt/airflow/dags/P2.py
[2024-04-20T13:45:47.260+0000] {processor.py:840} INFO - DAG(s) 'hola_mundo2' retrieved from /opt/airflow/dags/P2.py
[2024-04-20T13:45:47.298+0000] {logging_mixin.py:188} INFO - [2024-04-20T13:45:47.297+0000] {dag.py:3096} INFO - Sync 1 DAGs
[2024-04-20T13:45:47.322+0000] {logging_mixin.py:188} INFO - [2024-04-20T13:45:47.322+0000] {dag.py:3954} INFO - Setting next_dagrun for hola_mundo2 to None, run_after=None
[2024-04-20T13:45:47.357+0000] {processor.py:183} INFO - Processing /opt/airflow/dags/P2.py took 0.913 seconds
[2024-04-20T13:46:17.505+0000] {processor.py:161} INFO - Started process (PID=3058) to work on /opt/airflow/dags/P2.py
[2024-04-20T13:46:17.507+0000] {processor.py:830} INFO - Processing file /opt/airflow/dags/P2.py for tasks to queue
[2024-04-20T13:46:17.510+0000] {logging_mixin.py:188} INFO - [2024-04-20T13:46:17.509+0000] {dagbag.py:540} INFO - Filling up the DagBag from /opt/airflow/dags/P2.py
[2024-04-20T13:46:18.248+0000] {processor.py:840} INFO - DAG(s) 'hola_mundo2' retrieved from /opt/airflow/dags/P2.py
[2024-04-20T13:46:18.281+0000] {logging_mixin.py:188} INFO - [2024-04-20T13:46:18.280+0000] {dag.py:3096} INFO - Sync 1 DAGs
[2024-04-20T13:46:18.299+0000] {logging_mixin.py:188} INFO - [2024-04-20T13:46:18.299+0000] {dag.py:3954} INFO - Setting next_dagrun for hola_mundo2 to None, run_after=None
[2024-04-20T13:46:18.335+0000] {processor.py:183} INFO - Processing /opt/airflow/dags/P2.py took 0.850 seconds
[2024-04-20T13:46:48.415+0000] {processor.py:161} INFO - Started process (PID=3073) to work on /opt/airflow/dags/P2.py
[2024-04-20T13:46:48.417+0000] {processor.py:830} INFO - Processing file /opt/airflow/dags/P2.py for tasks to queue
[2024-04-20T13:46:48.419+0000] {logging_mixin.py:188} INFO - [2024-04-20T13:46:48.418+0000] {dagbag.py:540} INFO - Filling up the DagBag from /opt/airflow/dags/P2.py
[2024-04-20T13:46:49.228+0000] {processor.py:840} INFO - DAG(s) 'hola_mundo2' retrieved from /opt/airflow/dags/P2.py
[2024-04-20T13:46:49.258+0000] {logging_mixin.py:188} INFO - [2024-04-20T13:46:49.257+0000] {dag.py:3096} INFO - Sync 1 DAGs
[2024-04-20T13:46:49.273+0000] {logging_mixin.py:188} INFO - [2024-04-20T13:46:49.272+0000] {dag.py:3954} INFO - Setting next_dagrun for hola_mundo2 to None, run_after=None
[2024-04-20T13:46:49.319+0000] {processor.py:183} INFO - Processing /opt/airflow/dags/P2.py took 0.914 seconds
[2024-04-20T13:47:19.850+0000] {processor.py:161} INFO - Started process (PID=3087) to work on /opt/airflow/dags/P2.py
[2024-04-20T13:47:19.853+0000] {processor.py:830} INFO - Processing file /opt/airflow/dags/P2.py for tasks to queue
[2024-04-20T13:47:19.855+0000] {logging_mixin.py:188} INFO - [2024-04-20T13:47:19.854+0000] {dagbag.py:540} INFO - Filling up the DagBag from /opt/airflow/dags/P2.py
[2024-04-20T13:47:21.655+0000] {processor.py:840} INFO - DAG(s) 'hola_mundo2' retrieved from /opt/airflow/dags/P2.py
[2024-04-20T13:47:21.802+0000] {logging_mixin.py:188} INFO - [2024-04-20T13:47:21.791+0000] {dag.py:3096} INFO - Sync 1 DAGs
[2024-04-20T13:47:21.936+0000] {logging_mixin.py:188} INFO - [2024-04-20T13:47:21.935+0000] {dag.py:3954} INFO - Setting next_dagrun for hola_mundo2 to None, run_after=None
[2024-04-20T13:47:22.102+0000] {processor.py:183} INFO - Processing /opt/airflow/dags/P2.py took 2.274 seconds
[2024-04-20T13:47:52.479+0000] {processor.py:161} INFO - Started process (PID=3102) to work on /opt/airflow/dags/P2.py
[2024-04-20T13:47:52.484+0000] {processor.py:830} INFO - Processing file /opt/airflow/dags/P2.py for tasks to queue
[2024-04-20T13:47:52.490+0000] {logging_mixin.py:188} INFO - [2024-04-20T13:47:52.488+0000] {dagbag.py:540} INFO - Filling up the DagBag from /opt/airflow/dags/P2.py
[2024-04-20T13:47:53.873+0000] {processor.py:840} INFO - DAG(s) 'hola_mundo2' retrieved from /opt/airflow/dags/P2.py
[2024-04-20T13:47:53.954+0000] {logging_mixin.py:188} INFO - [2024-04-20T13:47:53.953+0000] {dag.py:3096} INFO - Sync 1 DAGs
[2024-04-20T13:47:53.981+0000] {logging_mixin.py:188} INFO - [2024-04-20T13:47:53.980+0000] {dag.py:3954} INFO - Setting next_dagrun for hola_mundo2 to None, run_after=None
[2024-04-20T13:47:54.154+0000] {processor.py:183} INFO - Processing /opt/airflow/dags/P2.py took 1.695 seconds
