[2024-04-20T13:30:07.798+0000] {processor.py:161} INFO - Started process (PID=2649) to work on /opt/airflow/dags/Scraping.py
[2024-04-20T13:30:07.881+0000] {processor.py:830} INFO - Processing file /opt/airflow/dags/Scraping.py for tasks to queue
[2024-04-20T13:30:07.992+0000] {logging_mixin.py:188} INFO - [2024-04-20T13:30:07.991+0000] {dagbag.py:540} INFO - Filling up the DagBag from /opt/airflow/dags/Scraping.py
[2024-04-20T13:30:12.450+0000] {processor.py:840} INFO - DAG(s) 'm_dag_ejecutar' retrieved from /opt/airflow/dags/Scraping.py
[2024-04-20T13:30:12.623+0000] {logging_mixin.py:188} INFO - [2024-04-20T13:30:12.612+0000] {dag.py:3096} INFO - Sync 1 DAGs
[2024-04-20T13:30:12.886+0000] {logging_mixin.py:188} INFO - [2024-04-20T13:30:12.885+0000] {dag.py:3954} INFO - Setting next_dagrun for m_dag_ejecutar to 2024-04-07 00:00:00+00:00, run_after=2024-04-08 00:00:00+00:00
[2024-04-20T13:30:13.301+0000] {processor.py:183} INFO - Processing /opt/airflow/dags/Scraping.py took 5.539 seconds
[2024-04-20T13:30:56.107+0000] {processor.py:161} INFO - Started process (PID=2669) to work on /opt/airflow/dags/Scraping.py
[2024-04-20T13:30:56.136+0000] {processor.py:830} INFO - Processing file /opt/airflow/dags/Scraping.py for tasks to queue
[2024-04-20T13:30:56.138+0000] {logging_mixin.py:188} INFO - [2024-04-20T13:30:56.137+0000] {dagbag.py:540} INFO - Filling up the DagBag from /opt/airflow/dags/Scraping.py
[2024-04-20T13:30:56.433+0000] {processor.py:840} INFO - DAG(s) 'm_dag_ejecutar' retrieved from /opt/airflow/dags/Scraping.py
[2024-04-20T13:30:56.571+0000] {logging_mixin.py:188} INFO - [2024-04-20T13:30:56.570+0000] {dag.py:3096} INFO - Sync 1 DAGs
[2024-04-20T13:30:56.647+0000] {logging_mixin.py:188} INFO - [2024-04-20T13:30:56.646+0000] {dag.py:3954} INFO - Setting next_dagrun for m_dag_ejecutar to 2024-04-07 00:00:00+00:00, run_after=2024-04-08 00:00:00+00:00
[2024-04-20T13:30:57.273+0000] {processor.py:183} INFO - Processing /opt/airflow/dags/Scraping.py took 1.183 seconds
[2024-04-20T13:31:31.440+0000] {processor.py:161} INFO - Started process (PID=2683) to work on /opt/airflow/dags/Scraping.py
[2024-04-20T13:31:31.449+0000] {processor.py:830} INFO - Processing file /opt/airflow/dags/Scraping.py for tasks to queue
[2024-04-20T13:31:31.460+0000] {logging_mixin.py:188} INFO - [2024-04-20T13:31:31.459+0000] {dagbag.py:540} INFO - Filling up the DagBag from /opt/airflow/dags/Scraping.py
[2024-04-20T13:31:32.897+0000] {processor.py:840} INFO - DAG(s) 'm_dag_ejecutar' retrieved from /opt/airflow/dags/Scraping.py
[2024-04-20T13:31:33.018+0000] {logging_mixin.py:188} INFO - [2024-04-20T13:31:33.017+0000] {dag.py:3096} INFO - Sync 1 DAGs
[2024-04-20T13:31:33.141+0000] {logging_mixin.py:188} INFO - [2024-04-20T13:31:33.140+0000] {dag.py:3954} INFO - Setting next_dagrun for m_dag_ejecutar to 2024-04-07 00:00:00+00:00, run_after=2024-04-08 00:00:00+00:00
[2024-04-20T13:31:33.444+0000] {processor.py:183} INFO - Processing /opt/airflow/dags/Scraping.py took 2.036 seconds
[2024-04-20T13:32:04.131+0000] {processor.py:161} INFO - Started process (PID=2698) to work on /opt/airflow/dags/Scraping.py
[2024-04-20T13:32:04.133+0000] {processor.py:830} INFO - Processing file /opt/airflow/dags/Scraping.py for tasks to queue
[2024-04-20T13:32:04.145+0000] {logging_mixin.py:188} INFO - [2024-04-20T13:32:04.144+0000] {dagbag.py:540} INFO - Filling up the DagBag from /opt/airflow/dags/Scraping.py
[2024-04-20T13:32:04.651+0000] {processor.py:840} INFO - DAG(s) 'm_dag_ejecutar' retrieved from /opt/airflow/dags/Scraping.py
[2024-04-20T13:32:04.739+0000] {logging_mixin.py:188} INFO - [2024-04-20T13:32:04.739+0000] {dag.py:3096} INFO - Sync 1 DAGs
[2024-04-20T13:32:04.822+0000] {logging_mixin.py:188} INFO - [2024-04-20T13:32:04.821+0000] {dag.py:3954} INFO - Setting next_dagrun for m_dag_ejecutar to 2024-04-07 00:00:00+00:00, run_after=2024-04-08 00:00:00+00:00
[2024-04-20T13:32:05.276+0000] {processor.py:183} INFO - Processing /opt/airflow/dags/Scraping.py took 1.180 seconds
[2024-04-20T13:32:36.584+0000] {processor.py:161} INFO - Started process (PID=2712) to work on /opt/airflow/dags/Scraping.py
[2024-04-20T13:32:36.604+0000] {processor.py:830} INFO - Processing file /opt/airflow/dags/Scraping.py for tasks to queue
[2024-04-20T13:32:36.610+0000] {logging_mixin.py:188} INFO - [2024-04-20T13:32:36.607+0000] {dagbag.py:540} INFO - Filling up the DagBag from /opt/airflow/dags/Scraping.py
[2024-04-20T13:32:37.401+0000] {processor.py:840} INFO - DAG(s) 'm_dag_ejecutar' retrieved from /opt/airflow/dags/Scraping.py
[2024-04-20T13:32:37.589+0000] {logging_mixin.py:188} INFO - [2024-04-20T13:32:37.588+0000] {dag.py:3096} INFO - Sync 1 DAGs
[2024-04-20T13:32:37.814+0000] {logging_mixin.py:188} INFO - [2024-04-20T13:32:37.813+0000] {dag.py:3954} INFO - Setting next_dagrun for m_dag_ejecutar to 2024-04-07 00:00:00+00:00, run_after=2024-04-08 00:00:00+00:00
[2024-04-20T13:32:37.974+0000] {processor.py:183} INFO - Processing /opt/airflow/dags/Scraping.py took 1.434 seconds
[2024-04-20T13:33:13.218+0000] {processor.py:161} INFO - Started process (PID=2725) to work on /opt/airflow/dags/Scraping.py
[2024-04-20T13:33:13.220+0000] {processor.py:830} INFO - Processing file /opt/airflow/dags/Scraping.py for tasks to queue
[2024-04-20T13:33:13.231+0000] {logging_mixin.py:188} INFO - [2024-04-20T13:33:13.222+0000] {dagbag.py:540} INFO - Filling up the DagBag from /opt/airflow/dags/Scraping.py
[2024-04-20T13:33:14.020+0000] {processor.py:840} INFO - DAG(s) 'm_dag_ejecutar' retrieved from /opt/airflow/dags/Scraping.py
[2024-04-20T13:33:14.297+0000] {logging_mixin.py:188} INFO - [2024-04-20T13:33:14.296+0000] {dag.py:3096} INFO - Sync 1 DAGs
[2024-04-20T13:33:14.493+0000] {logging_mixin.py:188} INFO - [2024-04-20T13:33:14.493+0000] {dag.py:3954} INFO - Setting next_dagrun for m_dag_ejecutar to 2024-04-07 00:00:00+00:00, run_after=2024-04-08 00:00:00+00:00
[2024-04-20T13:33:14.709+0000] {processor.py:183} INFO - Processing /opt/airflow/dags/Scraping.py took 1.516 seconds
[2024-04-20T13:33:51.172+0000] {processor.py:161} INFO - Started process (PID=2740) to work on /opt/airflow/dags/Scraping.py
[2024-04-20T13:33:51.175+0000] {processor.py:830} INFO - Processing file /opt/airflow/dags/Scraping.py for tasks to queue
[2024-04-20T13:33:51.177+0000] {logging_mixin.py:188} INFO - [2024-04-20T13:33:51.176+0000] {dagbag.py:540} INFO - Filling up the DagBag from /opt/airflow/dags/Scraping.py
[2024-04-20T13:33:51.585+0000] {processor.py:840} INFO - DAG(s) 'm_dag_ejecutar' retrieved from /opt/airflow/dags/Scraping.py
[2024-04-20T13:33:51.667+0000] {logging_mixin.py:188} INFO - [2024-04-20T13:33:51.666+0000] {dag.py:3096} INFO - Sync 1 DAGs
[2024-04-20T13:33:51.743+0000] {logging_mixin.py:188} INFO - [2024-04-20T13:33:51.741+0000] {dag.py:3954} INFO - Setting next_dagrun for m_dag_ejecutar to 2024-04-07 00:00:00+00:00, run_after=2024-04-08 00:00:00+00:00
[2024-04-20T13:33:52.566+0000] {processor.py:183} INFO - Processing /opt/airflow/dags/Scraping.py took 1.421 seconds
[2024-04-20T13:34:23.436+0000] {processor.py:161} INFO - Started process (PID=2761) to work on /opt/airflow/dags/Scraping.py
[2024-04-20T13:34:23.453+0000] {processor.py:830} INFO - Processing file /opt/airflow/dags/Scraping.py for tasks to queue
[2024-04-20T13:34:23.455+0000] {logging_mixin.py:188} INFO - [2024-04-20T13:34:23.455+0000] {dagbag.py:540} INFO - Filling up the DagBag from /opt/airflow/dags/Scraping.py
[2024-04-20T13:34:24.189+0000] {processor.py:840} INFO - DAG(s) 'm_dag_ejecutar' retrieved from /opt/airflow/dags/Scraping.py
[2024-04-20T13:34:24.321+0000] {logging_mixin.py:188} INFO - [2024-04-20T13:34:24.321+0000] {dag.py:3096} INFO - Sync 1 DAGs
[2024-04-20T13:34:24.450+0000] {logging_mixin.py:188} INFO - [2024-04-20T13:34:24.449+0000] {dag.py:3954} INFO - Setting next_dagrun for m_dag_ejecutar to 2024-04-07 00:00:00+00:00, run_after=2024-04-08 00:00:00+00:00
[2024-04-20T13:34:24.545+0000] {processor.py:183} INFO - Processing /opt/airflow/dags/Scraping.py took 1.147 seconds
[2024-04-20T13:34:56.115+0000] {processor.py:161} INFO - Started process (PID=2775) to work on /opt/airflow/dags/Scraping.py
[2024-04-20T13:34:56.131+0000] {processor.py:830} INFO - Processing file /opt/airflow/dags/Scraping.py for tasks to queue
[2024-04-20T13:34:56.144+0000] {logging_mixin.py:188} INFO - [2024-04-20T13:34:56.144+0000] {dagbag.py:540} INFO - Filling up the DagBag from /opt/airflow/dags/Scraping.py
[2024-04-20T13:34:56.574+0000] {processor.py:840} INFO - DAG(s) 'm_dag_ejecutar' retrieved from /opt/airflow/dags/Scraping.py
[2024-04-20T13:34:56.653+0000] {logging_mixin.py:188} INFO - [2024-04-20T13:34:56.652+0000] {dag.py:3096} INFO - Sync 1 DAGs
[2024-04-20T13:34:56.778+0000] {logging_mixin.py:188} INFO - [2024-04-20T13:34:56.778+0000] {dag.py:3954} INFO - Setting next_dagrun for m_dag_ejecutar to 2024-04-07 00:00:00+00:00, run_after=2024-04-08 00:00:00+00:00
[2024-04-20T13:34:56.905+0000] {processor.py:183} INFO - Processing /opt/airflow/dags/Scraping.py took 0.820 seconds
[2024-04-20T13:35:33.157+0000] {processor.py:161} INFO - Started process (PID=2789) to work on /opt/airflow/dags/Scraping.py
[2024-04-20T13:35:33.160+0000] {processor.py:830} INFO - Processing file /opt/airflow/dags/Scraping.py for tasks to queue
[2024-04-20T13:35:33.162+0000] {logging_mixin.py:188} INFO - [2024-04-20T13:35:33.161+0000] {dagbag.py:540} INFO - Filling up the DagBag from /opt/airflow/dags/Scraping.py
[2024-04-20T13:35:33.582+0000] {processor.py:840} INFO - DAG(s) 'm_dag_ejecutar' retrieved from /opt/airflow/dags/Scraping.py
[2024-04-20T13:35:33.716+0000] {logging_mixin.py:188} INFO - [2024-04-20T13:35:33.715+0000] {dag.py:3096} INFO - Sync 1 DAGs
[2024-04-20T13:35:33.889+0000] {logging_mixin.py:188} INFO - [2024-04-20T13:35:33.889+0000] {dag.py:3954} INFO - Setting next_dagrun for m_dag_ejecutar to 2024-04-07 00:00:00+00:00, run_after=2024-04-08 00:00:00+00:00
[2024-04-20T13:35:34.038+0000] {processor.py:183} INFO - Processing /opt/airflow/dags/Scraping.py took 0.906 seconds
[2024-04-20T13:36:05.782+0000] {processor.py:161} INFO - Started process (PID=2803) to work on /opt/airflow/dags/Scraping.py
[2024-04-20T13:36:05.785+0000] {processor.py:830} INFO - Processing file /opt/airflow/dags/Scraping.py for tasks to queue
[2024-04-20T13:36:05.788+0000] {logging_mixin.py:188} INFO - [2024-04-20T13:36:05.787+0000] {dagbag.py:540} INFO - Filling up the DagBag from /opt/airflow/dags/Scraping.py
[2024-04-20T13:36:06.383+0000] {processor.py:840} INFO - DAG(s) 'm_dag_ejecutar' retrieved from /opt/airflow/dags/Scraping.py
[2024-04-20T13:36:06.496+0000] {logging_mixin.py:188} INFO - [2024-04-20T13:36:06.496+0000] {dag.py:3096} INFO - Sync 1 DAGs
[2024-04-20T13:36:06.613+0000] {logging_mixin.py:188} INFO - [2024-04-20T13:36:06.613+0000] {dag.py:3954} INFO - Setting next_dagrun for m_dag_ejecutar to 2024-04-07 00:00:00+00:00, run_after=2024-04-08 00:00:00+00:00
[2024-04-20T13:36:07.655+0000] {processor.py:183} INFO - Processing /opt/airflow/dags/Scraping.py took 1.888 seconds
[2024-04-20T13:36:38.290+0000] {processor.py:161} INFO - Started process (PID=2816) to work on /opt/airflow/dags/Scraping.py
[2024-04-20T13:36:38.292+0000] {processor.py:830} INFO - Processing file /opt/airflow/dags/Scraping.py for tasks to queue
[2024-04-20T13:36:38.294+0000] {logging_mixin.py:188} INFO - [2024-04-20T13:36:38.293+0000] {dagbag.py:540} INFO - Filling up the DagBag from /opt/airflow/dags/Scraping.py
[2024-04-20T13:36:38.567+0000] {processor.py:840} INFO - DAG(s) 'm_dag_ejecutar' retrieved from /opt/airflow/dags/Scraping.py
[2024-04-20T13:36:38.607+0000] {logging_mixin.py:188} INFO - [2024-04-20T13:36:38.607+0000] {dag.py:3096} INFO - Sync 1 DAGs
[2024-04-20T13:36:38.683+0000] {logging_mixin.py:188} INFO - [2024-04-20T13:36:38.681+0000] {dag.py:3954} INFO - Setting next_dagrun for m_dag_ejecutar to 2024-04-07 00:00:00+00:00, run_after=2024-04-08 00:00:00+00:00
[2024-04-20T13:36:38.751+0000] {processor.py:183} INFO - Processing /opt/airflow/dags/Scraping.py took 0.472 seconds
[2024-04-20T13:37:17.185+0000] {processor.py:161} INFO - Started process (PID=2831) to work on /opt/airflow/dags/Scraping.py
[2024-04-20T13:37:17.187+0000] {processor.py:830} INFO - Processing file /opt/airflow/dags/Scraping.py for tasks to queue
[2024-04-20T13:37:17.188+0000] {logging_mixin.py:188} INFO - [2024-04-20T13:37:17.188+0000] {dagbag.py:540} INFO - Filling up the DagBag from /opt/airflow/dags/Scraping.py
[2024-04-20T13:37:17.336+0000] {processor.py:840} INFO - DAG(s) 'm_dag_ejecutar' retrieved from /opt/airflow/dags/Scraping.py
[2024-04-20T13:37:17.371+0000] {logging_mixin.py:188} INFO - [2024-04-20T13:37:17.371+0000] {dag.py:3096} INFO - Sync 1 DAGs
[2024-04-20T13:37:17.403+0000] {logging_mixin.py:188} INFO - [2024-04-20T13:37:17.403+0000] {dag.py:3954} INFO - Setting next_dagrun for m_dag_ejecutar to 2024-04-07 00:00:00+00:00, run_after=2024-04-08 00:00:00+00:00
[2024-04-20T13:37:17.795+0000] {processor.py:183} INFO - Processing /opt/airflow/dags/Scraping.py took 0.618 seconds
[2024-04-20T13:37:51.234+0000] {processor.py:161} INFO - Started process (PID=2846) to work on /opt/airflow/dags/Scraping.py
[2024-04-20T13:37:51.238+0000] {processor.py:830} INFO - Processing file /opt/airflow/dags/Scraping.py for tasks to queue
[2024-04-20T13:37:51.241+0000] {logging_mixin.py:188} INFO - [2024-04-20T13:37:51.241+0000] {dagbag.py:540} INFO - Filling up the DagBag from /opt/airflow/dags/Scraping.py
[2024-04-20T13:37:51.917+0000] {processor.py:840} INFO - DAG(s) 'm_dag_ejecutar' retrieved from /opt/airflow/dags/Scraping.py
[2024-04-20T13:37:51.999+0000] {logging_mixin.py:188} INFO - [2024-04-20T13:37:51.998+0000] {dag.py:3096} INFO - Sync 1 DAGs
[2024-04-20T13:37:52.184+0000] {logging_mixin.py:188} INFO - [2024-04-20T13:37:52.184+0000] {dag.py:3954} INFO - Setting next_dagrun for m_dag_ejecutar to 2024-04-07 00:00:00+00:00, run_after=2024-04-08 00:00:00+00:00
[2024-04-20T13:37:52.275+0000] {processor.py:183} INFO - Processing /opt/airflow/dags/Scraping.py took 1.077 seconds
[2024-04-20T13:38:23.427+0000] {processor.py:161} INFO - Started process (PID=2862) to work on /opt/airflow/dags/Scraping.py
[2024-04-20T13:38:23.428+0000] {processor.py:830} INFO - Processing file /opt/airflow/dags/Scraping.py for tasks to queue
[2024-04-20T13:38:23.430+0000] {logging_mixin.py:188} INFO - [2024-04-20T13:38:23.430+0000] {dagbag.py:540} INFO - Filling up the DagBag from /opt/airflow/dags/Scraping.py
[2024-04-20T13:38:24.047+0000] {processor.py:840} INFO - DAG(s) 'm_dag_ejecutar' retrieved from /opt/airflow/dags/Scraping.py
[2024-04-20T13:38:24.134+0000] {logging_mixin.py:188} INFO - [2024-04-20T13:38:24.133+0000] {dag.py:3096} INFO - Sync 1 DAGs
[2024-04-20T13:38:24.227+0000] {logging_mixin.py:188} INFO - [2024-04-20T13:38:24.226+0000] {dag.py:3954} INFO - Setting next_dagrun for m_dag_ejecutar to 2024-04-07 00:00:00+00:00, run_after=2024-04-08 00:00:00+00:00
[2024-04-20T13:38:24.322+0000] {processor.py:183} INFO - Processing /opt/airflow/dags/Scraping.py took 0.920 seconds
[2024-04-20T13:38:55.493+0000] {processor.py:161} INFO - Started process (PID=2882) to work on /opt/airflow/dags/Scraping.py
[2024-04-20T13:38:55.494+0000] {processor.py:830} INFO - Processing file /opt/airflow/dags/Scraping.py for tasks to queue
[2024-04-20T13:38:55.496+0000] {logging_mixin.py:188} INFO - [2024-04-20T13:38:55.496+0000] {dagbag.py:540} INFO - Filling up the DagBag from /opt/airflow/dags/Scraping.py
[2024-04-20T13:38:55.908+0000] {processor.py:840} INFO - DAG(s) 'm_dag_ejecutar' retrieved from /opt/airflow/dags/Scraping.py
[2024-04-20T13:38:55.995+0000] {logging_mixin.py:188} INFO - [2024-04-20T13:38:55.995+0000] {dag.py:3096} INFO - Sync 1 DAGs
[2024-04-20T13:38:56.048+0000] {logging_mixin.py:188} INFO - [2024-04-20T13:38:56.047+0000] {dag.py:3954} INFO - Setting next_dagrun for m_dag_ejecutar to 2024-04-07 00:00:00+00:00, run_after=2024-04-08 00:00:00+00:00
[2024-04-20T13:38:57.175+0000] {processor.py:183} INFO - Processing /opt/airflow/dags/Scraping.py took 1.691 seconds
[2024-04-20T13:39:28.414+0000] {processor.py:161} INFO - Started process (PID=2896) to work on /opt/airflow/dags/Scraping.py
[2024-04-20T13:39:28.427+0000] {processor.py:830} INFO - Processing file /opt/airflow/dags/Scraping.py for tasks to queue
[2024-04-20T13:39:28.429+0000] {logging_mixin.py:188} INFO - [2024-04-20T13:39:28.429+0000] {dagbag.py:540} INFO - Filling up the DagBag from /opt/airflow/dags/Scraping.py
[2024-04-20T13:39:28.838+0000] {processor.py:840} INFO - DAG(s) 'm_dag_ejecutar' retrieved from /opt/airflow/dags/Scraping.py
[2024-04-20T13:39:28.919+0000] {logging_mixin.py:188} INFO - [2024-04-20T13:39:28.919+0000] {dag.py:3096} INFO - Sync 1 DAGs
[2024-04-20T13:39:29.019+0000] {logging_mixin.py:188} INFO - [2024-04-20T13:39:29.019+0000] {dag.py:3954} INFO - Setting next_dagrun for m_dag_ejecutar to 2024-04-07 00:00:00+00:00, run_after=2024-04-08 00:00:00+00:00
[2024-04-20T13:39:29.083+0000] {processor.py:183} INFO - Processing /opt/airflow/dags/Scraping.py took 0.691 seconds
[2024-04-20T13:40:02.900+0000] {processor.py:161} INFO - Started process (PID=2910) to work on /opt/airflow/dags/Scraping.py
[2024-04-20T13:40:02.906+0000] {processor.py:830} INFO - Processing file /opt/airflow/dags/Scraping.py for tasks to queue
[2024-04-20T13:40:02.909+0000] {logging_mixin.py:188} INFO - [2024-04-20T13:40:02.908+0000] {dagbag.py:540} INFO - Filling up the DagBag from /opt/airflow/dags/Scraping.py
[2024-04-20T13:40:03.116+0000] {processor.py:840} INFO - DAG(s) 'm_dag_ejecutar' retrieved from /opt/airflow/dags/Scraping.py
[2024-04-20T13:40:03.157+0000] {logging_mixin.py:188} INFO - [2024-04-20T13:40:03.157+0000] {dag.py:3096} INFO - Sync 1 DAGs
[2024-04-20T13:40:03.205+0000] {logging_mixin.py:188} INFO - [2024-04-20T13:40:03.204+0000] {dag.py:3954} INFO - Setting next_dagrun for m_dag_ejecutar to 2024-04-07 00:00:00+00:00, run_after=2024-04-08 00:00:00+00:00
[2024-04-20T13:40:03.288+0000] {processor.py:183} INFO - Processing /opt/airflow/dags/Scraping.py took 0.412 seconds
[2024-04-20T13:40:34.337+0000] {processor.py:161} INFO - Started process (PID=2924) to work on /opt/airflow/dags/Scraping.py
[2024-04-20T13:40:34.339+0000] {processor.py:830} INFO - Processing file /opt/airflow/dags/Scraping.py for tasks to queue
[2024-04-20T13:40:34.343+0000] {logging_mixin.py:188} INFO - [2024-04-20T13:40:34.342+0000] {dagbag.py:540} INFO - Filling up the DagBag from /opt/airflow/dags/Scraping.py
[2024-04-20T13:40:34.779+0000] {processor.py:840} INFO - DAG(s) 'm_dag_ejecutar' retrieved from /opt/airflow/dags/Scraping.py
[2024-04-20T13:40:34.865+0000] {logging_mixin.py:188} INFO - [2024-04-20T13:40:34.864+0000] {dag.py:3096} INFO - Sync 1 DAGs
[2024-04-20T13:40:34.954+0000] {logging_mixin.py:188} INFO - [2024-04-20T13:40:34.953+0000] {dag.py:3954} INFO - Setting next_dagrun for m_dag_ejecutar to 2024-04-07 00:00:00+00:00, run_after=2024-04-08 00:00:00+00:00
[2024-04-20T13:40:35.034+0000] {processor.py:183} INFO - Processing /opt/airflow/dags/Scraping.py took 0.724 seconds
[2024-04-20T13:41:09.352+0000] {processor.py:161} INFO - Started process (PID=2938) to work on /opt/airflow/dags/Scraping.py
[2024-04-20T13:41:09.354+0000] {processor.py:830} INFO - Processing file /opt/airflow/dags/Scraping.py for tasks to queue
[2024-04-20T13:41:09.357+0000] {logging_mixin.py:188} INFO - [2024-04-20T13:41:09.356+0000] {dagbag.py:540} INFO - Filling up the DagBag from /opt/airflow/dags/Scraping.py
[2024-04-20T13:41:09.721+0000] {processor.py:840} INFO - DAG(s) 'm_dag_ejecutar' retrieved from /opt/airflow/dags/Scraping.py
[2024-04-20T13:41:09.776+0000] {logging_mixin.py:188} INFO - [2024-04-20T13:41:09.776+0000] {dag.py:3096} INFO - Sync 1 DAGs
[2024-04-20T13:41:09.857+0000] {logging_mixin.py:188} INFO - [2024-04-20T13:41:09.856+0000] {dag.py:3954} INFO - Setting next_dagrun for m_dag_ejecutar to 2024-04-07 00:00:00+00:00, run_after=2024-04-08 00:00:00+00:00
[2024-04-20T13:41:12.747+0000] {processor.py:183} INFO - Processing /opt/airflow/dags/Scraping.py took 3.408 seconds
[2024-04-20T13:41:43.533+0000] {processor.py:161} INFO - Started process (PID=2953) to work on /opt/airflow/dags/Scraping.py
[2024-04-20T13:41:43.535+0000] {processor.py:830} INFO - Processing file /opt/airflow/dags/Scraping.py for tasks to queue
[2024-04-20T13:41:43.537+0000] {logging_mixin.py:188} INFO - [2024-04-20T13:41:43.536+0000] {dagbag.py:540} INFO - Filling up the DagBag from /opt/airflow/dags/Scraping.py
[2024-04-20T13:41:43.789+0000] {processor.py:840} INFO - DAG(s) 'm_dag_ejecutar' retrieved from /opt/airflow/dags/Scraping.py
[2024-04-20T13:41:43.834+0000] {logging_mixin.py:188} INFO - [2024-04-20T13:41:43.834+0000] {dag.py:3096} INFO - Sync 1 DAGs
[2024-04-20T13:41:43.876+0000] {logging_mixin.py:188} INFO - [2024-04-20T13:41:43.875+0000] {dag.py:3954} INFO - Setting next_dagrun for m_dag_ejecutar to 2024-04-07 00:00:00+00:00, run_after=2024-04-08 00:00:00+00:00
[2024-04-20T13:41:43.939+0000] {processor.py:183} INFO - Processing /opt/airflow/dags/Scraping.py took 0.420 seconds
[2024-04-20T13:42:14.125+0000] {processor.py:161} INFO - Started process (PID=2967) to work on /opt/airflow/dags/Scraping.py
[2024-04-20T13:42:14.127+0000] {processor.py:830} INFO - Processing file /opt/airflow/dags/Scraping.py for tasks to queue
[2024-04-20T13:42:14.128+0000] {logging_mixin.py:188} INFO - [2024-04-20T13:42:14.128+0000] {dagbag.py:540} INFO - Filling up the DagBag from /opt/airflow/dags/Scraping.py
[2024-04-20T13:42:14.327+0000] {processor.py:840} INFO - DAG(s) 'm_dag_ejecutar' retrieved from /opt/airflow/dags/Scraping.py
[2024-04-20T13:42:14.364+0000] {logging_mixin.py:188} INFO - [2024-04-20T13:42:14.364+0000] {dag.py:3096} INFO - Sync 1 DAGs
[2024-04-20T13:42:14.403+0000] {logging_mixin.py:188} INFO - [2024-04-20T13:42:14.402+0000] {dag.py:3954} INFO - Setting next_dagrun for m_dag_ejecutar to 2024-04-07 00:00:00+00:00, run_after=2024-04-08 00:00:00+00:00
[2024-04-20T13:42:14.643+0000] {processor.py:183} INFO - Processing /opt/airflow/dags/Scraping.py took 0.529 seconds
[2024-04-20T13:43:10.616+0000] {processor.py:161} INFO - Started process (PID=2980) to work on /opt/airflow/dags/Scraping.py
[2024-04-20T13:43:10.618+0000] {processor.py:830} INFO - Processing file /opt/airflow/dags/Scraping.py for tasks to queue
[2024-04-20T13:43:10.624+0000] {logging_mixin.py:188} INFO - [2024-04-20T13:43:10.623+0000] {dagbag.py:540} INFO - Filling up the DagBag from /opt/airflow/dags/Scraping.py
[2024-04-20T13:43:10.949+0000] {processor.py:840} INFO - DAG(s) 'm_dag_ejecutar' retrieved from /opt/airflow/dags/Scraping.py
[2024-04-20T13:43:11.052+0000] {logging_mixin.py:188} INFO - [2024-04-20T13:43:11.051+0000] {dag.py:3096} INFO - Sync 1 DAGs
[2024-04-20T13:43:11.150+0000] {logging_mixin.py:188} INFO - [2024-04-20T13:43:11.150+0000] {dag.py:3954} INFO - Setting next_dagrun for m_dag_ejecutar to 2024-04-07 00:00:00+00:00, run_after=2024-04-08 00:00:00+00:00
[2024-04-20T13:43:11.328+0000] {processor.py:183} INFO - Processing /opt/airflow/dags/Scraping.py took 0.723 seconds
[2024-04-20T13:43:43.035+0000] {processor.py:161} INFO - Started process (PID=2994) to work on /opt/airflow/dags/Scraping.py
[2024-04-20T13:43:43.039+0000] {processor.py:830} INFO - Processing file /opt/airflow/dags/Scraping.py for tasks to queue
[2024-04-20T13:43:43.041+0000] {logging_mixin.py:188} INFO - [2024-04-20T13:43:43.040+0000] {dagbag.py:540} INFO - Filling up the DagBag from /opt/airflow/dags/Scraping.py
[2024-04-20T13:43:43.337+0000] {processor.py:840} INFO - DAG(s) 'm_dag_ejecutar' retrieved from /opt/airflow/dags/Scraping.py
[2024-04-20T13:43:43.396+0000] {logging_mixin.py:188} INFO - [2024-04-20T13:43:43.396+0000] {dag.py:3096} INFO - Sync 1 DAGs
[2024-04-20T13:43:43.457+0000] {logging_mixin.py:188} INFO - [2024-04-20T13:43:43.456+0000] {dag.py:3954} INFO - Setting next_dagrun for m_dag_ejecutar to 2024-04-07 00:00:00+00:00, run_after=2024-04-08 00:00:00+00:00
[2024-04-20T13:43:43.522+0000] {processor.py:183} INFO - Processing /opt/airflow/dags/Scraping.py took 0.506 seconds
[2024-04-20T13:44:14.759+0000] {processor.py:161} INFO - Started process (PID=3008) to work on /opt/airflow/dags/Scraping.py
[2024-04-20T13:44:14.761+0000] {processor.py:830} INFO - Processing file /opt/airflow/dags/Scraping.py for tasks to queue
[2024-04-20T13:44:14.762+0000] {logging_mixin.py:188} INFO - [2024-04-20T13:44:14.762+0000] {dagbag.py:540} INFO - Filling up the DagBag from /opt/airflow/dags/Scraping.py
[2024-04-20T13:44:14.959+0000] {processor.py:840} INFO - DAG(s) 'm_dag_ejecutar' retrieved from /opt/airflow/dags/Scraping.py
[2024-04-20T13:44:15.000+0000] {logging_mixin.py:188} INFO - [2024-04-20T13:44:15.000+0000] {dag.py:3096} INFO - Sync 1 DAGs
[2024-04-20T13:44:15.040+0000] {logging_mixin.py:188} INFO - [2024-04-20T13:44:15.039+0000] {dag.py:3954} INFO - Setting next_dagrun for m_dag_ejecutar to 2024-04-07 00:00:00+00:00, run_after=2024-04-08 00:00:00+00:00
[2024-04-20T13:44:15.073+0000] {processor.py:183} INFO - Processing /opt/airflow/dags/Scraping.py took 0.337 seconds
[2024-04-20T13:44:45.550+0000] {processor.py:161} INFO - Started process (PID=3021) to work on /opt/airflow/dags/Scraping.py
[2024-04-20T13:44:45.553+0000] {processor.py:830} INFO - Processing file /opt/airflow/dags/Scraping.py for tasks to queue
[2024-04-20T13:44:45.555+0000] {logging_mixin.py:188} INFO - [2024-04-20T13:44:45.554+0000] {dagbag.py:540} INFO - Filling up the DagBag from /opt/airflow/dags/Scraping.py
[2024-04-20T13:44:45.753+0000] {processor.py:840} INFO - DAG(s) 'm_dag_ejecutar' retrieved from /opt/airflow/dags/Scraping.py
[2024-04-20T13:44:45.804+0000] {logging_mixin.py:188} INFO - [2024-04-20T13:44:45.803+0000] {dag.py:3096} INFO - Sync 1 DAGs
[2024-04-20T13:44:45.845+0000] {logging_mixin.py:188} INFO - [2024-04-20T13:44:45.845+0000] {dag.py:3954} INFO - Setting next_dagrun for m_dag_ejecutar to 2024-04-07 00:00:00+00:00, run_after=2024-04-08 00:00:00+00:00
[2024-04-20T13:44:45.893+0000] {processor.py:183} INFO - Processing /opt/airflow/dags/Scraping.py took 0.358 seconds
[2024-04-20T13:45:16.794+0000] {processor.py:161} INFO - Started process (PID=3035) to work on /opt/airflow/dags/Scraping.py
[2024-04-20T13:45:16.795+0000] {processor.py:830} INFO - Processing file /opt/airflow/dags/Scraping.py for tasks to queue
[2024-04-20T13:45:16.797+0000] {logging_mixin.py:188} INFO - [2024-04-20T13:45:16.796+0000] {dagbag.py:540} INFO - Filling up the DagBag from /opt/airflow/dags/Scraping.py
[2024-04-20T13:45:17.012+0000] {processor.py:840} INFO - DAG(s) 'm_dag_ejecutar' retrieved from /opt/airflow/dags/Scraping.py
[2024-04-20T13:45:17.050+0000] {logging_mixin.py:188} INFO - [2024-04-20T13:45:17.050+0000] {dag.py:3096} INFO - Sync 1 DAGs
[2024-04-20T13:45:17.086+0000] {logging_mixin.py:188} INFO - [2024-04-20T13:45:17.085+0000] {dag.py:3954} INFO - Setting next_dagrun for m_dag_ejecutar to 2024-04-07 00:00:00+00:00, run_after=2024-04-08 00:00:00+00:00
[2024-04-20T13:45:17.122+0000] {processor.py:183} INFO - Processing /opt/airflow/dags/Scraping.py took 0.337 seconds
[2024-04-20T13:45:47.690+0000] {processor.py:161} INFO - Started process (PID=3050) to work on /opt/airflow/dags/Scraping.py
[2024-04-20T13:45:47.693+0000] {processor.py:830} INFO - Processing file /opt/airflow/dags/Scraping.py for tasks to queue
[2024-04-20T13:45:47.695+0000] {logging_mixin.py:188} INFO - [2024-04-20T13:45:47.694+0000] {dagbag.py:540} INFO - Filling up the DagBag from /opt/airflow/dags/Scraping.py
[2024-04-20T13:45:47.937+0000] {processor.py:840} INFO - DAG(s) 'm_dag_ejecutar' retrieved from /opt/airflow/dags/Scraping.py
[2024-04-20T13:45:47.990+0000] {logging_mixin.py:188} INFO - [2024-04-20T13:45:47.990+0000] {dag.py:3096} INFO - Sync 1 DAGs
[2024-04-20T13:45:48.025+0000] {logging_mixin.py:188} INFO - [2024-04-20T13:45:48.025+0000] {dag.py:3954} INFO - Setting next_dagrun for m_dag_ejecutar to 2024-04-07 00:00:00+00:00, run_after=2024-04-08 00:00:00+00:00
[2024-04-20T13:45:48.058+0000] {processor.py:183} INFO - Processing /opt/airflow/dags/Scraping.py took 0.385 seconds
[2024-04-20T13:46:18.652+0000] {processor.py:161} INFO - Started process (PID=3064) to work on /opt/airflow/dags/Scraping.py
[2024-04-20T13:46:18.655+0000] {processor.py:830} INFO - Processing file /opt/airflow/dags/Scraping.py for tasks to queue
[2024-04-20T13:46:18.658+0000] {logging_mixin.py:188} INFO - [2024-04-20T13:46:18.657+0000] {dagbag.py:540} INFO - Filling up the DagBag from /opt/airflow/dags/Scraping.py
[2024-04-20T13:46:18.872+0000] {processor.py:840} INFO - DAG(s) 'm_dag_ejecutar' retrieved from /opt/airflow/dags/Scraping.py
[2024-04-20T13:46:18.913+0000] {logging_mixin.py:188} INFO - [2024-04-20T13:46:18.913+0000] {dag.py:3096} INFO - Sync 1 DAGs
[2024-04-20T13:46:18.952+0000] {logging_mixin.py:188} INFO - [2024-04-20T13:46:18.952+0000] {dag.py:3954} INFO - Setting next_dagrun for m_dag_ejecutar to 2024-04-07 00:00:00+00:00, run_after=2024-04-08 00:00:00+00:00
[2024-04-20T13:46:18.988+0000] {processor.py:183} INFO - Processing /opt/airflow/dags/Scraping.py took 0.349 seconds
[2024-04-20T13:46:49.666+0000] {processor.py:161} INFO - Started process (PID=3079) to work on /opt/airflow/dags/Scraping.py
[2024-04-20T13:46:49.668+0000] {processor.py:830} INFO - Processing file /opt/airflow/dags/Scraping.py for tasks to queue
[2024-04-20T13:46:49.670+0000] {logging_mixin.py:188} INFO - [2024-04-20T13:46:49.669+0000] {dagbag.py:540} INFO - Filling up the DagBag from /opt/airflow/dags/Scraping.py
[2024-04-20T13:46:49.902+0000] {processor.py:840} INFO - DAG(s) 'm_dag_ejecutar' retrieved from /opt/airflow/dags/Scraping.py
[2024-04-20T13:46:49.948+0000] {logging_mixin.py:188} INFO - [2024-04-20T13:46:49.947+0000] {dag.py:3096} INFO - Sync 1 DAGs
[2024-04-20T13:46:49.990+0000] {logging_mixin.py:188} INFO - [2024-04-20T13:46:49.989+0000] {dag.py:3954} INFO - Setting next_dagrun for m_dag_ejecutar to 2024-04-07 00:00:00+00:00, run_after=2024-04-08 00:00:00+00:00
[2024-04-20T13:46:50.024+0000] {processor.py:183} INFO - Processing /opt/airflow/dags/Scraping.py took 0.367 seconds
[2024-04-20T13:47:22.697+0000] {processor.py:161} INFO - Started process (PID=3093) to work on /opt/airflow/dags/Scraping.py
[2024-04-20T13:47:22.699+0000] {processor.py:830} INFO - Processing file /opt/airflow/dags/Scraping.py for tasks to queue
[2024-04-20T13:47:22.702+0000] {logging_mixin.py:188} INFO - [2024-04-20T13:47:22.701+0000] {dagbag.py:540} INFO - Filling up the DagBag from /opt/airflow/dags/Scraping.py
[2024-04-20T13:47:23.000+0000] {processor.py:840} INFO - DAG(s) 'm_dag_ejecutar' retrieved from /opt/airflow/dags/Scraping.py
[2024-04-20T13:47:23.083+0000] {logging_mixin.py:188} INFO - [2024-04-20T13:47:23.082+0000] {dag.py:3096} INFO - Sync 1 DAGs
[2024-04-20T13:47:23.149+0000] {logging_mixin.py:188} INFO - [2024-04-20T13:47:23.148+0000] {dag.py:3954} INFO - Setting next_dagrun for m_dag_ejecutar to 2024-04-07 00:00:00+00:00, run_after=2024-04-08 00:00:00+00:00
[2024-04-20T13:47:23.308+0000] {processor.py:183} INFO - Processing /opt/airflow/dags/Scraping.py took 0.624 seconds
[2024-04-20T13:47:54.817+0000] {processor.py:161} INFO - Started process (PID=3108) to work on /opt/airflow/dags/Scraping.py
[2024-04-20T13:47:54.819+0000] {processor.py:830} INFO - Processing file /opt/airflow/dags/Scraping.py for tasks to queue
[2024-04-20T13:47:54.823+0000] {logging_mixin.py:188} INFO - [2024-04-20T13:47:54.821+0000] {dagbag.py:540} INFO - Filling up the DagBag from /opt/airflow/dags/Scraping.py
[2024-04-20T13:47:55.177+0000] {processor.py:840} INFO - DAG(s) 'm_dag_ejecutar' retrieved from /opt/airflow/dags/Scraping.py
[2024-04-20T13:47:55.341+0000] {logging_mixin.py:188} INFO - [2024-04-20T13:47:55.340+0000] {dag.py:3096} INFO - Sync 1 DAGs
[2024-04-20T13:47:55.409+0000] {logging_mixin.py:188} INFO - [2024-04-20T13:47:55.408+0000] {dag.py:3954} INFO - Setting next_dagrun for m_dag_ejecutar to 2024-04-07 00:00:00+00:00, run_after=2024-04-08 00:00:00+00:00
[2024-04-20T13:47:55.534+0000] {processor.py:183} INFO - Processing /opt/airflow/dags/Scraping.py took 0.732 seconds
