[2024-04-17T00:03:25.471+0000] {processor.py:161} INFO - Started process (PID=70) to work on /opt/airflow/dags/Dag_clima.py
[2024-04-17T00:03:25.565+0000] {processor.py:830} INFO - Processing file /opt/airflow/dags/Dag_clima.py for tasks to queue
[2024-04-17T00:03:25.615+0000] {logging_mixin.py:188} INFO - [2024-04-17T00:03:25.614+0000] {dagbag.py:540} INFO - Filling up the DagBag from /opt/airflow/dags/Dag_clima.py
[2024-04-17T00:03:27.377+0000] {processor.py:840} INFO - DAG(s) 'dag_clima' retrieved from /opt/airflow/dags/Dag_clima.py
[2024-04-17T00:03:32.042+0000] {logging_mixin.py:188} INFO - [2024-04-17T00:03:32.042+0000] {dag.py:3096} INFO - Sync 1 DAGs
[2024-04-17T00:03:32.742+0000] {logging_mixin.py:188} INFO - [2024-04-17T00:03:32.741+0000] {dag.py:3954} INFO - Setting next_dagrun for dag_clima to 2024-04-06 00:00:00+00:00, run_after=2024-04-07 00:00:00+00:00
[2024-04-17T00:03:33.417+0000] {processor.py:183} INFO - Processing /opt/airflow/dags/Dag_clima.py took 8.075 seconds
[2024-04-17T00:04:04.573+0000] {processor.py:161} INFO - Started process (PID=84) to work on /opt/airflow/dags/Dag_clima.py
[2024-04-17T00:04:04.575+0000] {processor.py:830} INFO - Processing file /opt/airflow/dags/Dag_clima.py for tasks to queue
[2024-04-17T00:04:04.589+0000] {logging_mixin.py:188} INFO - [2024-04-17T00:04:04.588+0000] {dagbag.py:540} INFO - Filling up the DagBag from /opt/airflow/dags/Dag_clima.py
[2024-04-17T00:04:04.701+0000] {processor.py:840} INFO - DAG(s) 'dag_clima' retrieved from /opt/airflow/dags/Dag_clima.py
[2024-04-17T00:04:04.841+0000] {logging_mixin.py:188} INFO - [2024-04-17T00:04:04.829+0000] {dag.py:3096} INFO - Sync 1 DAGs
[2024-04-17T00:04:05.053+0000] {logging_mixin.py:188} INFO - [2024-04-17T00:04:05.044+0000] {dag.py:3954} INFO - Setting next_dagrun for dag_clima to 2024-04-06 00:00:00+00:00, run_after=2024-04-07 00:00:00+00:00
[2024-04-17T00:04:05.341+0000] {processor.py:183} INFO - Processing /opt/airflow/dags/Dag_clima.py took 0.803 seconds
[2024-04-17T00:04:36.034+0000] {processor.py:161} INFO - Started process (PID=95) to work on /opt/airflow/dags/Dag_clima.py
[2024-04-17T00:04:36.036+0000] {processor.py:830} INFO - Processing file /opt/airflow/dags/Dag_clima.py for tasks to queue
[2024-04-17T00:04:36.041+0000] {logging_mixin.py:188} INFO - [2024-04-17T00:04:36.040+0000] {dagbag.py:540} INFO - Filling up the DagBag from /opt/airflow/dags/Dag_clima.py
[2024-04-17T00:04:36.352+0000] {processor.py:840} INFO - DAG(s) 'dag_clima' retrieved from /opt/airflow/dags/Dag_clima.py
[2024-04-17T00:04:36.492+0000] {logging_mixin.py:188} INFO - [2024-04-17T00:04:36.492+0000] {dag.py:3096} INFO - Sync 1 DAGs
[2024-04-17T00:04:36.705+0000] {logging_mixin.py:188} INFO - [2024-04-17T00:04:36.704+0000] {dag.py:3954} INFO - Setting next_dagrun for dag_clima to 2024-04-06 00:00:00+00:00, run_after=2024-04-07 00:00:00+00:00
[2024-04-17T00:04:36.963+0000] {processor.py:183} INFO - Processing /opt/airflow/dags/Dag_clima.py took 0.943 seconds
[2024-04-17T00:05:13.034+0000] {processor.py:161} INFO - Started process (PID=105) to work on /opt/airflow/dags/Dag_clima.py
[2024-04-17T00:05:13.037+0000] {processor.py:830} INFO - Processing file /opt/airflow/dags/Dag_clima.py for tasks to queue
[2024-04-17T00:05:13.043+0000] {logging_mixin.py:188} INFO - [2024-04-17T00:05:13.042+0000] {dagbag.py:540} INFO - Filling up the DagBag from /opt/airflow/dags/Dag_clima.py
[2024-04-17T00:05:13.624+0000] {processor.py:840} INFO - DAG(s) 'dag_clima' retrieved from /opt/airflow/dags/Dag_clima.py
[2024-04-17T00:05:14.354+0000] {logging_mixin.py:188} INFO - [2024-04-17T00:05:14.353+0000] {dag.py:3096} INFO - Sync 1 DAGs
[2024-04-17T00:05:14.566+0000] {logging_mixin.py:188} INFO - [2024-04-17T00:05:14.565+0000] {dag.py:3954} INFO - Setting next_dagrun for dag_clima to 2024-04-06 00:00:00+00:00, run_after=2024-04-07 00:00:00+00:00
[2024-04-17T00:05:14.861+0000] {processor.py:183} INFO - Processing /opt/airflow/dags/Dag_clima.py took 1.843 seconds
[2024-04-17T00:05:50.496+0000] {processor.py:161} INFO - Started process (PID=115) to work on /opt/airflow/dags/Dag_clima.py
[2024-04-17T00:05:50.862+0000] {processor.py:830} INFO - Processing file /opt/airflow/dags/Dag_clima.py for tasks to queue
[2024-04-17T00:06:02.301+0000] {logging_mixin.py:188} INFO - [2024-04-17T00:06:02.300+0000] {dagbag.py:540} INFO - Filling up the DagBag from /opt/airflow/dags/Dag_clima.py
[2024-04-17T00:06:05.017+0000] {processor.py:840} INFO - DAG(s) 'dag_clima' retrieved from /opt/airflow/dags/Dag_clima.py
[2024-04-17T00:06:05.698+0000] {logging_mixin.py:188} INFO - [2024-04-17T00:06:05.697+0000] {dag.py:3096} INFO - Sync 1 DAGs
[2024-04-17T00:06:05.735+0000] {logging_mixin.py:188} INFO - [2024-04-17T00:06:05.735+0000] {dag.py:3954} INFO - Setting next_dagrun for dag_clima to 2024-04-06 00:00:00+00:00, run_after=2024-04-07 00:00:00+00:00
[2024-04-17T00:06:17.279+0000] {processor.py:183} INFO - Processing /opt/airflow/dags/Dag_clima.py took 26.820 seconds
[2024-04-17T00:06:47.655+0000] {processor.py:161} INFO - Started process (PID=132) to work on /opt/airflow/dags/Dag_clima.py
[2024-04-17T00:06:47.669+0000] {processor.py:830} INFO - Processing file /opt/airflow/dags/Dag_clima.py for tasks to queue
[2024-04-17T00:06:47.677+0000] {logging_mixin.py:188} INFO - [2024-04-17T00:06:47.676+0000] {dagbag.py:540} INFO - Filling up the DagBag from /opt/airflow/dags/Dag_clima.py
[2024-04-17T00:06:47.826+0000] {processor.py:840} INFO - DAG(s) 'dag_clima' retrieved from /opt/airflow/dags/Dag_clima.py
[2024-04-17T00:06:47.972+0000] {logging_mixin.py:188} INFO - [2024-04-17T00:06:47.972+0000] {dag.py:3096} INFO - Sync 1 DAGs
[2024-04-17T00:06:48.087+0000] {logging_mixin.py:188} INFO - [2024-04-17T00:06:48.086+0000] {dag.py:3954} INFO - Setting next_dagrun for dag_clima to 2024-04-06 00:00:00+00:00, run_after=2024-04-07 00:00:00+00:00
[2024-04-17T00:06:48.173+0000] {processor.py:183} INFO - Processing /opt/airflow/dags/Dag_clima.py took 0.553 seconds
[2024-04-17T00:07:18.561+0000] {processor.py:161} INFO - Started process (PID=143) to work on /opt/airflow/dags/Dag_clima.py
[2024-04-17T00:07:18.695+0000] {processor.py:830} INFO - Processing file /opt/airflow/dags/Dag_clima.py for tasks to queue
[2024-04-17T00:07:18.699+0000] {logging_mixin.py:188} INFO - [2024-04-17T00:07:18.698+0000] {dagbag.py:540} INFO - Filling up the DagBag from /opt/airflow/dags/Dag_clima.py
[2024-04-17T00:07:18.801+0000] {processor.py:840} INFO - DAG(s) 'dag_clima' retrieved from /opt/airflow/dags/Dag_clima.py
[2024-04-17T00:07:18.891+0000] {logging_mixin.py:188} INFO - [2024-04-17T00:07:18.891+0000] {dag.py:3096} INFO - Sync 1 DAGs
[2024-04-17T00:07:18.940+0000] {logging_mixin.py:188} INFO - [2024-04-17T00:07:18.940+0000] {dag.py:3954} INFO - Setting next_dagrun for dag_clima to 2024-04-06 00:00:00+00:00, run_after=2024-04-07 00:00:00+00:00
[2024-04-17T00:07:20.196+0000] {processor.py:183} INFO - Processing /opt/airflow/dags/Dag_clima.py took 1.650 seconds
[2024-04-17T00:07:51.005+0000] {processor.py:161} INFO - Started process (PID=154) to work on /opt/airflow/dags/Dag_clima.py
[2024-04-17T00:07:51.029+0000] {processor.py:830} INFO - Processing file /opt/airflow/dags/Dag_clima.py for tasks to queue
[2024-04-17T00:07:51.067+0000] {logging_mixin.py:188} INFO - [2024-04-17T00:07:51.066+0000] {dagbag.py:540} INFO - Filling up the DagBag from /opt/airflow/dags/Dag_clima.py
[2024-04-17T00:07:51.109+0000] {processor.py:840} INFO - DAG(s) 'dag_clima' retrieved from /opt/airflow/dags/Dag_clima.py
[2024-04-17T00:07:51.159+0000] {logging_mixin.py:188} INFO - [2024-04-17T00:07:51.159+0000] {dag.py:3096} INFO - Sync 1 DAGs
[2024-04-17T00:07:51.199+0000] {logging_mixin.py:188} INFO - [2024-04-17T00:07:51.198+0000] {dag.py:3954} INFO - Setting next_dagrun for dag_clima to 2024-04-06 00:00:00+00:00, run_after=2024-04-07 00:00:00+00:00
[2024-04-17T00:07:53.232+0000] {processor.py:183} INFO - Processing /opt/airflow/dags/Dag_clima.py took 2.249 seconds
[2024-04-17T00:08:27.966+0000] {processor.py:161} INFO - Started process (PID=165) to work on /opt/airflow/dags/Dag_clima.py
[2024-04-17T00:08:27.968+0000] {processor.py:830} INFO - Processing file /opt/airflow/dags/Dag_clima.py for tasks to queue
[2024-04-17T00:08:27.970+0000] {logging_mixin.py:188} INFO - [2024-04-17T00:08:27.970+0000] {dagbag.py:540} INFO - Filling up the DagBag from /opt/airflow/dags/Dag_clima.py
[2024-04-17T00:08:30.103+0000] {processor.py:840} INFO - DAG(s) 'dag_clima' retrieved from /opt/airflow/dags/Dag_clima.py
[2024-04-17T00:08:30.351+0000] {logging_mixin.py:188} INFO - [2024-04-17T00:08:30.351+0000] {dag.py:3096} INFO - Sync 1 DAGs
[2024-04-17T00:08:31.798+0000] {logging_mixin.py:188} INFO - [2024-04-17T00:08:31.797+0000] {dag.py:3954} INFO - Setting next_dagrun for dag_clima to 2024-04-06 00:00:00+00:00, run_after=2024-04-07 00:00:00+00:00
[2024-04-17T00:08:34.465+0000] {processor.py:183} INFO - Processing /opt/airflow/dags/Dag_clima.py took 6.899 seconds
[2024-04-17T00:09:05.729+0000] {processor.py:161} INFO - Started process (PID=176) to work on /opt/airflow/dags/Dag_clima.py
[2024-04-17T00:09:05.732+0000] {processor.py:830} INFO - Processing file /opt/airflow/dags/Dag_clima.py for tasks to queue
[2024-04-17T00:09:05.735+0000] {logging_mixin.py:188} INFO - [2024-04-17T00:09:05.735+0000] {dagbag.py:540} INFO - Filling up the DagBag from /opt/airflow/dags/Dag_clima.py
[2024-04-17T00:09:06.742+0000] {processor.py:840} INFO - DAG(s) 'dag_clima' retrieved from /opt/airflow/dags/Dag_clima.py
[2024-04-17T00:09:07.647+0000] {logging_mixin.py:188} INFO - [2024-04-17T00:09:07.646+0000] {dag.py:3096} INFO - Sync 1 DAGs
[2024-04-17T00:09:07.771+0000] {logging_mixin.py:188} INFO - [2024-04-17T00:09:07.771+0000] {dag.py:3954} INFO - Setting next_dagrun for dag_clima to 2024-04-06 00:00:00+00:00, run_after=2024-04-07 00:00:00+00:00
[2024-04-17T00:09:08.351+0000] {processor.py:183} INFO - Processing /opt/airflow/dags/Dag_clima.py took 2.645 seconds
[2024-04-17T00:09:39.609+0000] {processor.py:161} INFO - Started process (PID=186) to work on /opt/airflow/dags/Dag_clima.py
[2024-04-17T00:09:39.611+0000] {processor.py:830} INFO - Processing file /opt/airflow/dags/Dag_clima.py for tasks to queue
[2024-04-17T00:09:39.615+0000] {logging_mixin.py:188} INFO - [2024-04-17T00:09:39.614+0000] {dagbag.py:540} INFO - Filling up the DagBag from /opt/airflow/dags/Dag_clima.py
[2024-04-17T00:09:39.728+0000] {processor.py:840} INFO - DAG(s) 'dag_clima' retrieved from /opt/airflow/dags/Dag_clima.py
[2024-04-17T00:09:39.784+0000] {logging_mixin.py:188} INFO - [2024-04-17T00:09:39.784+0000] {dag.py:3096} INFO - Sync 1 DAGs
[2024-04-17T00:09:39.844+0000] {logging_mixin.py:188} INFO - [2024-04-17T00:09:39.843+0000] {dag.py:3954} INFO - Setting next_dagrun for dag_clima to 2024-04-06 00:00:00+00:00, run_after=2024-04-07 00:00:00+00:00
[2024-04-17T00:09:39.983+0000] {processor.py:183} INFO - Processing /opt/airflow/dags/Dag_clima.py took 0.386 seconds
[2024-04-17T00:10:11.211+0000] {processor.py:161} INFO - Started process (PID=198) to work on /opt/airflow/dags/Dag_clima.py
[2024-04-17T00:10:11.241+0000] {processor.py:830} INFO - Processing file /opt/airflow/dags/Dag_clima.py for tasks to queue
[2024-04-17T00:10:11.250+0000] {logging_mixin.py:188} INFO - [2024-04-17T00:10:11.250+0000] {dagbag.py:540} INFO - Filling up the DagBag from /opt/airflow/dags/Dag_clima.py
[2024-04-17T00:10:11.609+0000] {processor.py:840} INFO - DAG(s) 'dag_clima' retrieved from /opt/airflow/dags/Dag_clima.py
[2024-04-17T00:10:11.812+0000] {logging_mixin.py:188} INFO - [2024-04-17T00:10:11.812+0000] {dag.py:3096} INFO - Sync 1 DAGs
[2024-04-17T00:10:11.932+0000] {logging_mixin.py:188} INFO - [2024-04-17T00:10:11.931+0000] {dag.py:3954} INFO - Setting next_dagrun for dag_clima to 2024-04-06 00:00:00+00:00, run_after=2024-04-07 00:00:00+00:00
[2024-04-17T00:10:12.094+0000] {processor.py:183} INFO - Processing /opt/airflow/dags/Dag_clima.py took 0.921 seconds
[2024-04-17T00:10:42.482+0000] {processor.py:161} INFO - Started process (PID=208) to work on /opt/airflow/dags/Dag_clima.py
[2024-04-17T00:10:42.494+0000] {processor.py:830} INFO - Processing file /opt/airflow/dags/Dag_clima.py for tasks to queue
[2024-04-17T00:10:42.499+0000] {logging_mixin.py:188} INFO - [2024-04-17T00:10:42.498+0000] {dagbag.py:540} INFO - Filling up the DagBag from /opt/airflow/dags/Dag_clima.py
[2024-04-17T00:10:42.588+0000] {processor.py:840} INFO - DAG(s) 'dag_clima' retrieved from /opt/airflow/dags/Dag_clima.py
[2024-04-17T00:10:42.663+0000] {logging_mixin.py:188} INFO - [2024-04-17T00:10:42.663+0000] {dag.py:3096} INFO - Sync 1 DAGs
[2024-04-17T00:10:42.783+0000] {logging_mixin.py:188} INFO - [2024-04-17T00:10:42.782+0000] {dag.py:3954} INFO - Setting next_dagrun for dag_clima to 2024-04-06 00:00:00+00:00, run_after=2024-04-07 00:00:00+00:00
[2024-04-17T00:10:42.908+0000] {processor.py:183} INFO - Processing /opt/airflow/dags/Dag_clima.py took 0.446 seconds
[2024-04-17T00:11:13.558+0000] {processor.py:161} INFO - Started process (PID=220) to work on /opt/airflow/dags/Dag_clima.py
[2024-04-17T00:11:13.563+0000] {processor.py:830} INFO - Processing file /opt/airflow/dags/Dag_clima.py for tasks to queue
[2024-04-17T00:11:13.566+0000] {logging_mixin.py:188} INFO - [2024-04-17T00:11:13.565+0000] {dagbag.py:540} INFO - Filling up the DagBag from /opt/airflow/dags/Dag_clima.py
[2024-04-17T00:11:13.624+0000] {processor.py:840} INFO - DAG(s) 'dag_clima' retrieved from /opt/airflow/dags/Dag_clima.py
[2024-04-17T00:11:13.714+0000] {logging_mixin.py:188} INFO - [2024-04-17T00:11:13.714+0000] {dag.py:3096} INFO - Sync 1 DAGs
[2024-04-17T00:11:13.780+0000] {logging_mixin.py:188} INFO - [2024-04-17T00:11:13.780+0000] {dag.py:3954} INFO - Setting next_dagrun for dag_clima to 2024-04-06 00:00:00+00:00, run_after=2024-04-07 00:00:00+00:00
[2024-04-17T00:11:14.640+0000] {processor.py:183} INFO - Processing /opt/airflow/dags/Dag_clima.py took 1.099 seconds
[2024-04-17T00:11:44.919+0000] {processor.py:161} INFO - Started process (PID=236) to work on /opt/airflow/dags/Dag_clima.py
[2024-04-17T00:11:44.921+0000] {processor.py:830} INFO - Processing file /opt/airflow/dags/Dag_clima.py for tasks to queue
[2024-04-17T00:11:44.934+0000] {logging_mixin.py:188} INFO - [2024-04-17T00:11:44.933+0000] {dagbag.py:540} INFO - Filling up the DagBag from /opt/airflow/dags/Dag_clima.py
[2024-04-17T00:11:44.988+0000] {processor.py:840} INFO - DAG(s) 'dag_clima' retrieved from /opt/airflow/dags/Dag_clima.py
[2024-04-17T00:11:45.038+0000] {logging_mixin.py:188} INFO - [2024-04-17T00:11:45.038+0000] {dag.py:3096} INFO - Sync 1 DAGs
[2024-04-17T00:11:45.088+0000] {logging_mixin.py:188} INFO - [2024-04-17T00:11:45.087+0000] {dag.py:3954} INFO - Setting next_dagrun for dag_clima to 2024-04-06 00:00:00+00:00, run_after=2024-04-07 00:00:00+00:00
[2024-04-17T00:11:46.102+0000] {processor.py:183} INFO - Processing /opt/airflow/dags/Dag_clima.py took 1.217 seconds
[2024-04-17T00:12:16.583+0000] {processor.py:161} INFO - Started process (PID=247) to work on /opt/airflow/dags/Dag_clima.py
[2024-04-17T00:12:16.585+0000] {processor.py:830} INFO - Processing file /opt/airflow/dags/Dag_clima.py for tasks to queue
[2024-04-17T00:12:16.591+0000] {logging_mixin.py:188} INFO - [2024-04-17T00:12:16.590+0000] {dagbag.py:540} INFO - Filling up the DagBag from /opt/airflow/dags/Dag_clima.py
[2024-04-17T00:12:16.684+0000] {processor.py:840} INFO - DAG(s) 'dag_clima' retrieved from /opt/airflow/dags/Dag_clima.py
[2024-04-17T00:12:16.775+0000] {logging_mixin.py:188} INFO - [2024-04-17T00:12:16.774+0000] {dag.py:3096} INFO - Sync 1 DAGs
[2024-04-17T00:12:16.947+0000] {logging_mixin.py:188} INFO - [2024-04-17T00:12:16.947+0000] {dag.py:3954} INFO - Setting next_dagrun for dag_clima to 2024-04-06 00:00:00+00:00, run_after=2024-04-07 00:00:00+00:00
[2024-04-17T00:12:18.912+0000] {processor.py:183} INFO - Processing /opt/airflow/dags/Dag_clima.py took 2.449 seconds
[2024-04-17T00:12:49.580+0000] {processor.py:161} INFO - Started process (PID=257) to work on /opt/airflow/dags/Dag_clima.py
[2024-04-17T00:12:49.584+0000] {processor.py:830} INFO - Processing file /opt/airflow/dags/Dag_clima.py for tasks to queue
[2024-04-17T00:12:49.600+0000] {logging_mixin.py:188} INFO - [2024-04-17T00:12:49.599+0000] {dagbag.py:540} INFO - Filling up the DagBag from /opt/airflow/dags/Dag_clima.py
[2024-04-17T00:12:49.927+0000] {processor.py:840} INFO - DAG(s) 'dag_clima' retrieved from /opt/airflow/dags/Dag_clima.py
[2024-04-17T00:12:49.987+0000] {logging_mixin.py:188} INFO - [2024-04-17T00:12:49.986+0000] {dag.py:3096} INFO - Sync 1 DAGs
[2024-04-17T00:12:50.038+0000] {logging_mixin.py:188} INFO - [2024-04-17T00:12:50.037+0000] {dag.py:3954} INFO - Setting next_dagrun for dag_clima to 2024-04-06 00:00:00+00:00, run_after=2024-04-07 00:00:00+00:00
[2024-04-17T00:12:50.096+0000] {processor.py:183} INFO - Processing /opt/airflow/dags/Dag_clima.py took 0.533 seconds
[2024-04-17T00:13:20.745+0000] {processor.py:161} INFO - Started process (PID=268) to work on /opt/airflow/dags/Dag_clima.py
[2024-04-17T00:13:20.747+0000] {processor.py:830} INFO - Processing file /opt/airflow/dags/Dag_clima.py for tasks to queue
[2024-04-17T00:13:20.749+0000] {logging_mixin.py:188} INFO - [2024-04-17T00:13:20.749+0000] {dagbag.py:540} INFO - Filling up the DagBag from /opt/airflow/dags/Dag_clima.py
[2024-04-17T00:13:20.780+0000] {processor.py:840} INFO - DAG(s) 'dag_clima' retrieved from /opt/airflow/dags/Dag_clima.py
[2024-04-17T00:13:20.816+0000] {logging_mixin.py:188} INFO - [2024-04-17T00:13:20.815+0000] {dag.py:3096} INFO - Sync 1 DAGs
[2024-04-17T00:13:20.846+0000] {logging_mixin.py:188} INFO - [2024-04-17T00:13:20.846+0000] {dag.py:3954} INFO - Setting next_dagrun for dag_clima to 2024-04-06 00:00:00+00:00, run_after=2024-04-07 00:00:00+00:00
[2024-04-17T00:13:20.875+0000] {processor.py:183} INFO - Processing /opt/airflow/dags/Dag_clima.py took 0.141 seconds
[2024-04-17T00:13:51.037+0000] {processor.py:161} INFO - Started process (PID=279) to work on /opt/airflow/dags/Dag_clima.py
[2024-04-17T00:13:51.039+0000] {processor.py:830} INFO - Processing file /opt/airflow/dags/Dag_clima.py for tasks to queue
[2024-04-17T00:13:51.041+0000] {logging_mixin.py:188} INFO - [2024-04-17T00:13:51.041+0000] {dagbag.py:540} INFO - Filling up the DagBag from /opt/airflow/dags/Dag_clima.py
[2024-04-17T00:13:51.070+0000] {processor.py:840} INFO - DAG(s) 'dag_clima' retrieved from /opt/airflow/dags/Dag_clima.py
[2024-04-17T00:13:51.181+0000] {logging_mixin.py:188} INFO - [2024-04-17T00:13:51.180+0000] {dag.py:3096} INFO - Sync 1 DAGs
[2024-04-17T00:13:51.254+0000] {logging_mixin.py:188} INFO - [2024-04-17T00:13:51.253+0000] {dag.py:3954} INFO - Setting next_dagrun for dag_clima to 2024-04-06 00:00:00+00:00, run_after=2024-04-07 00:00:00+00:00
[2024-04-17T00:13:51.289+0000] {processor.py:183} INFO - Processing /opt/airflow/dags/Dag_clima.py took 0.261 seconds
[2024-04-17T00:14:21.865+0000] {processor.py:161} INFO - Started process (PID=291) to work on /opt/airflow/dags/Dag_clima.py
[2024-04-17T00:14:21.868+0000] {processor.py:830} INFO - Processing file /opt/airflow/dags/Dag_clima.py for tasks to queue
[2024-04-17T00:14:21.873+0000] {logging_mixin.py:188} INFO - [2024-04-17T00:14:21.872+0000] {dagbag.py:540} INFO - Filling up the DagBag from /opt/airflow/dags/Dag_clima.py
[2024-04-17T00:14:21.912+0000] {processor.py:840} INFO - DAG(s) 'dag_clima' retrieved from /opt/airflow/dags/Dag_clima.py
[2024-04-17T00:14:21.961+0000] {logging_mixin.py:188} INFO - [2024-04-17T00:14:21.961+0000] {dag.py:3096} INFO - Sync 1 DAGs
[2024-04-17T00:14:22.017+0000] {logging_mixin.py:188} INFO - [2024-04-17T00:14:22.017+0000] {dag.py:3954} INFO - Setting next_dagrun for dag_clima to 2024-04-06 00:00:00+00:00, run_after=2024-04-07 00:00:00+00:00
[2024-04-17T00:14:22.424+0000] {processor.py:183} INFO - Processing /opt/airflow/dags/Dag_clima.py took 0.570 seconds
[2024-04-17T00:14:52.790+0000] {processor.py:161} INFO - Started process (PID=301) to work on /opt/airflow/dags/Dag_clima.py
[2024-04-17T00:14:52.792+0000] {processor.py:830} INFO - Processing file /opt/airflow/dags/Dag_clima.py for tasks to queue
[2024-04-17T00:14:52.794+0000] {logging_mixin.py:188} INFO - [2024-04-17T00:14:52.794+0000] {dagbag.py:540} INFO - Filling up the DagBag from /opt/airflow/dags/Dag_clima.py
[2024-04-17T00:14:52.820+0000] {processor.py:840} INFO - DAG(s) 'dag_clima' retrieved from /opt/airflow/dags/Dag_clima.py
[2024-04-17T00:14:52.857+0000] {logging_mixin.py:188} INFO - [2024-04-17T00:14:52.856+0000] {dag.py:3096} INFO - Sync 1 DAGs
[2024-04-17T00:14:52.893+0000] {logging_mixin.py:188} INFO - [2024-04-17T00:14:52.893+0000] {dag.py:3954} INFO - Setting next_dagrun for dag_clima to 2024-04-06 00:00:00+00:00, run_after=2024-04-07 00:00:00+00:00
[2024-04-17T00:14:53.034+0000] {processor.py:183} INFO - Processing /opt/airflow/dags/Dag_clima.py took 0.255 seconds
[2024-04-17T00:15:23.628+0000] {processor.py:161} INFO - Started process (PID=313) to work on /opt/airflow/dags/Dag_clima.py
[2024-04-17T00:15:23.634+0000] {processor.py:830} INFO - Processing file /opt/airflow/dags/Dag_clima.py for tasks to queue
[2024-04-17T00:15:23.653+0000] {logging_mixin.py:188} INFO - [2024-04-17T00:15:23.652+0000] {dagbag.py:540} INFO - Filling up the DagBag from /opt/airflow/dags/Dag_clima.py
[2024-04-17T00:15:23.776+0000] {processor.py:840} INFO - DAG(s) 'dag_clima' retrieved from /opt/airflow/dags/Dag_clima.py
[2024-04-17T00:15:23.879+0000] {logging_mixin.py:188} INFO - [2024-04-17T00:15:23.878+0000] {dag.py:3096} INFO - Sync 1 DAGs
[2024-04-17T00:15:23.967+0000] {logging_mixin.py:188} INFO - [2024-04-17T00:15:23.967+0000] {dag.py:3954} INFO - Setting next_dagrun for dag_clima to 2024-04-06 00:00:00+00:00, run_after=2024-04-07 00:00:00+00:00
[2024-04-17T00:15:24.106+0000] {processor.py:183} INFO - Processing /opt/airflow/dags/Dag_clima.py took 0.504 seconds
[2024-04-17T00:15:54.231+0000] {processor.py:161} INFO - Started process (PID=324) to work on /opt/airflow/dags/Dag_clima.py
[2024-04-17T00:15:54.233+0000] {processor.py:830} INFO - Processing file /opt/airflow/dags/Dag_clima.py for tasks to queue
[2024-04-17T00:15:54.236+0000] {logging_mixin.py:188} INFO - [2024-04-17T00:15:54.235+0000] {dagbag.py:540} INFO - Filling up the DagBag from /opt/airflow/dags/Dag_clima.py
[2024-04-17T00:15:54.265+0000] {processor.py:840} INFO - DAG(s) 'dag_clima' retrieved from /opt/airflow/dags/Dag_clima.py
[2024-04-17T00:15:54.306+0000] {logging_mixin.py:188} INFO - [2024-04-17T00:15:54.306+0000] {dag.py:3096} INFO - Sync 1 DAGs
[2024-04-17T00:15:54.362+0000] {logging_mixin.py:188} INFO - [2024-04-17T00:15:54.361+0000] {dag.py:3954} INFO - Setting next_dagrun for dag_clima to 2024-04-06 00:00:00+00:00, run_after=2024-04-07 00:00:00+00:00
[2024-04-17T00:15:54.500+0000] {processor.py:183} INFO - Processing /opt/airflow/dags/Dag_clima.py took 0.285 seconds
[2024-04-17T00:16:24.754+0000] {processor.py:161} INFO - Started process (PID=335) to work on /opt/airflow/dags/Dag_clima.py
[2024-04-17T00:16:24.756+0000] {processor.py:830} INFO - Processing file /opt/airflow/dags/Dag_clima.py for tasks to queue
[2024-04-17T00:16:24.764+0000] {logging_mixin.py:188} INFO - [2024-04-17T00:16:24.763+0000] {dagbag.py:540} INFO - Filling up the DagBag from /opt/airflow/dags/Dag_clima.py
[2024-04-17T00:16:24.810+0000] {processor.py:840} INFO - DAG(s) 'dag_clima' retrieved from /opt/airflow/dags/Dag_clima.py
[2024-04-17T00:16:24.857+0000] {logging_mixin.py:188} INFO - [2024-04-17T00:16:24.857+0000] {dag.py:3096} INFO - Sync 1 DAGs
[2024-04-17T00:16:24.907+0000] {logging_mixin.py:188} INFO - [2024-04-17T00:16:24.906+0000] {dag.py:3954} INFO - Setting next_dagrun for dag_clima to 2024-04-06 00:00:00+00:00, run_after=2024-04-07 00:00:00+00:00
[2024-04-17T00:16:25.203+0000] {processor.py:183} INFO - Processing /opt/airflow/dags/Dag_clima.py took 0.471 seconds
[2024-04-17T00:16:55.779+0000] {processor.py:161} INFO - Started process (PID=346) to work on /opt/airflow/dags/Dag_clima.py
[2024-04-17T00:16:55.796+0000] {processor.py:830} INFO - Processing file /opt/airflow/dags/Dag_clima.py for tasks to queue
[2024-04-17T00:16:55.800+0000] {logging_mixin.py:188} INFO - [2024-04-17T00:16:55.800+0000] {dagbag.py:540} INFO - Filling up the DagBag from /opt/airflow/dags/Dag_clima.py
[2024-04-17T00:16:55.856+0000] {processor.py:840} INFO - DAG(s) 'dag_clima' retrieved from /opt/airflow/dags/Dag_clima.py
[2024-04-17T00:16:56.005+0000] {logging_mixin.py:188} INFO - [2024-04-17T00:16:56.004+0000] {dag.py:3096} INFO - Sync 1 DAGs
[2024-04-17T00:16:56.160+0000] {logging_mixin.py:188} INFO - [2024-04-17T00:16:56.160+0000] {dag.py:3954} INFO - Setting next_dagrun for dag_clima to 2024-04-06 00:00:00+00:00, run_after=2024-04-07 00:00:00+00:00
[2024-04-17T00:16:56.250+0000] {processor.py:183} INFO - Processing /opt/airflow/dags/Dag_clima.py took 0.482 seconds
[2024-04-17T00:17:26.472+0000] {processor.py:161} INFO - Started process (PID=356) to work on /opt/airflow/dags/Dag_clima.py
[2024-04-17T00:17:26.473+0000] {processor.py:830} INFO - Processing file /opt/airflow/dags/Dag_clima.py for tasks to queue
[2024-04-17T00:17:26.480+0000] {logging_mixin.py:188} INFO - [2024-04-17T00:17:26.477+0000] {dagbag.py:540} INFO - Filling up the DagBag from /opt/airflow/dags/Dag_clima.py
[2024-04-17T00:17:26.513+0000] {processor.py:840} INFO - DAG(s) 'dag_clima' retrieved from /opt/airflow/dags/Dag_clima.py
[2024-04-17T00:17:26.565+0000] {logging_mixin.py:188} INFO - [2024-04-17T00:17:26.565+0000] {dag.py:3096} INFO - Sync 1 DAGs
[2024-04-17T00:17:26.640+0000] {logging_mixin.py:188} INFO - [2024-04-17T00:17:26.639+0000] {dag.py:3954} INFO - Setting next_dagrun for dag_clima to 2024-04-06 00:00:00+00:00, run_after=2024-04-07 00:00:00+00:00
[2024-04-17T00:17:26.716+0000] {processor.py:183} INFO - Processing /opt/airflow/dags/Dag_clima.py took 0.255 seconds
[2024-04-17T00:17:57.523+0000] {processor.py:161} INFO - Started process (PID=367) to work on /opt/airflow/dags/Dag_clima.py
[2024-04-17T00:17:57.526+0000] {processor.py:830} INFO - Processing file /opt/airflow/dags/Dag_clima.py for tasks to queue
[2024-04-17T00:17:57.532+0000] {logging_mixin.py:188} INFO - [2024-04-17T00:17:57.531+0000] {dagbag.py:540} INFO - Filling up the DagBag from /opt/airflow/dags/Dag_clima.py
[2024-04-17T00:17:57.582+0000] {processor.py:840} INFO - DAG(s) 'dag_clima' retrieved from /opt/airflow/dags/Dag_clima.py
[2024-04-17T00:17:57.655+0000] {logging_mixin.py:188} INFO - [2024-04-17T00:17:57.654+0000] {dag.py:3096} INFO - Sync 1 DAGs
[2024-04-17T00:17:57.717+0000] {logging_mixin.py:188} INFO - [2024-04-17T00:17:57.717+0000] {dag.py:3954} INFO - Setting next_dagrun for dag_clima to 2024-04-06 00:00:00+00:00, run_after=2024-04-07 00:00:00+00:00
[2024-04-17T00:17:57.771+0000] {processor.py:183} INFO - Processing /opt/airflow/dags/Dag_clima.py took 0.259 seconds
[2024-04-17T00:18:28.183+0000] {processor.py:161} INFO - Started process (PID=378) to work on /opt/airflow/dags/Dag_clima.py
[2024-04-17T00:18:28.187+0000] {processor.py:830} INFO - Processing file /opt/airflow/dags/Dag_clima.py for tasks to queue
[2024-04-17T00:18:28.190+0000] {logging_mixin.py:188} INFO - [2024-04-17T00:18:28.190+0000] {dagbag.py:540} INFO - Filling up the DagBag from /opt/airflow/dags/Dag_clima.py
[2024-04-17T00:18:28.229+0000] {processor.py:840} INFO - DAG(s) 'dag_clima' retrieved from /opt/airflow/dags/Dag_clima.py
[2024-04-17T00:18:28.289+0000] {logging_mixin.py:188} INFO - [2024-04-17T00:18:28.288+0000] {dag.py:3096} INFO - Sync 1 DAGs
[2024-04-17T00:18:28.338+0000] {logging_mixin.py:188} INFO - [2024-04-17T00:18:28.337+0000] {dag.py:3954} INFO - Setting next_dagrun for dag_clima to 2024-04-06 00:00:00+00:00, run_after=2024-04-07 00:00:00+00:00
[2024-04-17T00:18:28.378+0000] {processor.py:183} INFO - Processing /opt/airflow/dags/Dag_clima.py took 0.211 seconds
[2024-04-17T00:18:59.181+0000] {processor.py:161} INFO - Started process (PID=389) to work on /opt/airflow/dags/Dag_clima.py
[2024-04-17T00:18:59.182+0000] {processor.py:830} INFO - Processing file /opt/airflow/dags/Dag_clima.py for tasks to queue
[2024-04-17T00:18:59.186+0000] {logging_mixin.py:188} INFO - [2024-04-17T00:18:59.186+0000] {dagbag.py:540} INFO - Filling up the DagBag from /opt/airflow/dags/Dag_clima.py
[2024-04-17T00:18:59.219+0000] {processor.py:840} INFO - DAG(s) 'dag_clima' retrieved from /opt/airflow/dags/Dag_clima.py
[2024-04-17T00:18:59.268+0000] {logging_mixin.py:188} INFO - [2024-04-17T00:18:59.268+0000] {dag.py:3096} INFO - Sync 1 DAGs
[2024-04-17T00:18:59.330+0000] {logging_mixin.py:188} INFO - [2024-04-17T00:18:59.330+0000] {dag.py:3954} INFO - Setting next_dagrun for dag_clima to 2024-04-06 00:00:00+00:00, run_after=2024-04-07 00:00:00+00:00
[2024-04-17T00:18:59.381+0000] {processor.py:183} INFO - Processing /opt/airflow/dags/Dag_clima.py took 0.209 seconds
[2024-04-17T00:19:30.838+0000] {processor.py:161} INFO - Started process (PID=400) to work on /opt/airflow/dags/Dag_clima.py
[2024-04-17T00:19:30.840+0000] {processor.py:830} INFO - Processing file /opt/airflow/dags/Dag_clima.py for tasks to queue
[2024-04-17T00:19:30.842+0000] {logging_mixin.py:188} INFO - [2024-04-17T00:19:30.842+0000] {dagbag.py:540} INFO - Filling up the DagBag from /opt/airflow/dags/Dag_clima.py
[2024-04-17T00:19:30.873+0000] {processor.py:840} INFO - DAG(s) 'dag_clima' retrieved from /opt/airflow/dags/Dag_clima.py
[2024-04-17T00:19:30.908+0000] {logging_mixin.py:188} INFO - [2024-04-17T00:19:30.908+0000] {dag.py:3096} INFO - Sync 1 DAGs
[2024-04-17T00:19:30.943+0000] {logging_mixin.py:188} INFO - [2024-04-17T00:19:30.942+0000] {dag.py:3954} INFO - Setting next_dagrun for dag_clima to 2024-04-06 00:00:00+00:00, run_after=2024-04-07 00:00:00+00:00
[2024-04-17T00:19:31.482+0000] {processor.py:183} INFO - Processing /opt/airflow/dags/Dag_clima.py took 0.655 seconds
[2024-04-17T00:20:01.588+0000] {processor.py:161} INFO - Started process (PID=411) to work on /opt/airflow/dags/Dag_clima.py
[2024-04-17T00:20:01.590+0000] {processor.py:830} INFO - Processing file /opt/airflow/dags/Dag_clima.py for tasks to queue
[2024-04-17T00:20:01.593+0000] {logging_mixin.py:188} INFO - [2024-04-17T00:20:01.592+0000] {dagbag.py:540} INFO - Filling up the DagBag from /opt/airflow/dags/Dag_clima.py
[2024-04-17T00:20:01.631+0000] {processor.py:840} INFO - DAG(s) 'dag_clima' retrieved from /opt/airflow/dags/Dag_clima.py
[2024-04-17T00:20:01.684+0000] {logging_mixin.py:188} INFO - [2024-04-17T00:20:01.683+0000] {dag.py:3096} INFO - Sync 1 DAGs
[2024-04-17T00:20:01.744+0000] {logging_mixin.py:188} INFO - [2024-04-17T00:20:01.743+0000] {dag.py:3954} INFO - Setting next_dagrun for dag_clima to 2024-04-06 00:00:00+00:00, run_after=2024-04-07 00:00:00+00:00
[2024-04-17T00:20:01.776+0000] {processor.py:183} INFO - Processing /opt/airflow/dags/Dag_clima.py took 0.196 seconds
[2024-04-17T00:20:34.200+0000] {processor.py:161} INFO - Started process (PID=423) to work on /opt/airflow/dags/Dag_clima.py
[2024-04-17T00:20:34.212+0000] {processor.py:830} INFO - Processing file /opt/airflow/dags/Dag_clima.py for tasks to queue
[2024-04-17T00:20:34.216+0000] {logging_mixin.py:188} INFO - [2024-04-17T00:20:34.215+0000] {dagbag.py:540} INFO - Filling up the DagBag from /opt/airflow/dags/Dag_clima.py
[2024-04-17T00:20:34.278+0000] {processor.py:840} INFO - DAG(s) 'dag_clima' retrieved from /opt/airflow/dags/Dag_clima.py
[2024-04-17T00:20:34.335+0000] {logging_mixin.py:188} INFO - [2024-04-17T00:20:34.335+0000] {dag.py:3096} INFO - Sync 1 DAGs
[2024-04-17T00:20:34.379+0000] {logging_mixin.py:188} INFO - [2024-04-17T00:20:34.379+0000] {dag.py:3954} INFO - Setting next_dagrun for dag_clima to 2024-04-06 00:00:00+00:00, run_after=2024-04-07 00:00:00+00:00
[2024-04-17T00:20:35.605+0000] {processor.py:183} INFO - Processing /opt/airflow/dags/Dag_clima.py took 1.416 seconds
[2024-04-17T00:21:09.854+0000] {processor.py:161} INFO - Started process (PID=435) to work on /opt/airflow/dags/Dag_clima.py
[2024-04-17T00:21:09.859+0000] {processor.py:830} INFO - Processing file /opt/airflow/dags/Dag_clima.py for tasks to queue
[2024-04-17T00:21:09.867+0000] {logging_mixin.py:188} INFO - [2024-04-17T00:21:09.866+0000] {dagbag.py:540} INFO - Filling up the DagBag from /opt/airflow/dags/Dag_clima.py
[2024-04-17T00:21:09.991+0000] {processor.py:840} INFO - DAG(s) 'dag_clima' retrieved from /opt/airflow/dags/Dag_clima.py
[2024-04-17T00:21:10.161+0000] {logging_mixin.py:188} INFO - [2024-04-17T00:21:10.161+0000] {dag.py:3096} INFO - Sync 1 DAGs
[2024-04-17T00:21:10.300+0000] {logging_mixin.py:188} INFO - [2024-04-17T00:21:10.299+0000] {dag.py:3954} INFO - Setting next_dagrun for dag_clima to 2024-04-06 00:00:00+00:00, run_after=2024-04-07 00:00:00+00:00
[2024-04-17T00:21:10.563+0000] {processor.py:183} INFO - Processing /opt/airflow/dags/Dag_clima.py took 0.722 seconds
[2024-04-17T00:21:41.483+0000] {processor.py:161} INFO - Started process (PID=446) to work on /opt/airflow/dags/Dag_clima.py
[2024-04-17T00:21:41.498+0000] {processor.py:830} INFO - Processing file /opt/airflow/dags/Dag_clima.py for tasks to queue
[2024-04-17T00:21:41.502+0000] {logging_mixin.py:188} INFO - [2024-04-17T00:21:41.501+0000] {dagbag.py:540} INFO - Filling up the DagBag from /opt/airflow/dags/Dag_clima.py
[2024-04-17T00:21:41.651+0000] {processor.py:840} INFO - DAG(s) 'dag_clima' retrieved from /opt/airflow/dags/Dag_clima.py
[2024-04-17T00:21:41.744+0000] {logging_mixin.py:188} INFO - [2024-04-17T00:21:41.744+0000] {dag.py:3096} INFO - Sync 1 DAGs
[2024-04-17T00:21:41.806+0000] {logging_mixin.py:188} INFO - [2024-04-17T00:21:41.805+0000] {dag.py:3954} INFO - Setting next_dagrun for dag_clima to 2024-04-06 00:00:00+00:00, run_after=2024-04-07 00:00:00+00:00
[2024-04-17T00:21:42.853+0000] {processor.py:183} INFO - Processing /opt/airflow/dags/Dag_clima.py took 1.407 seconds
[2024-04-17T00:22:32.375+0000] {processor.py:161} INFO - Started process (PID=463) to work on /opt/airflow/dags/Dag_clima.py
[2024-04-17T00:22:32.387+0000] {processor.py:830} INFO - Processing file /opt/airflow/dags/Dag_clima.py for tasks to queue
[2024-04-17T00:22:32.397+0000] {logging_mixin.py:188} INFO - [2024-04-17T00:22:32.396+0000] {dagbag.py:540} INFO - Filling up the DagBag from /opt/airflow/dags/Dag_clima.py
[2024-04-17T00:22:32.483+0000] {processor.py:840} INFO - DAG(s) 'dag_clima' retrieved from /opt/airflow/dags/Dag_clima.py
[2024-04-17T00:22:32.866+0000] {logging_mixin.py:188} INFO - [2024-04-17T00:22:32.865+0000] {dag.py:3096} INFO - Sync 1 DAGs
[2024-04-17T00:22:33.455+0000] {logging_mixin.py:188} INFO - [2024-04-17T00:22:33.455+0000] {dag.py:3954} INFO - Setting next_dagrun for dag_clima to 2024-04-06 00:00:00+00:00, run_after=2024-04-07 00:00:00+00:00
[2024-04-17T00:22:35.070+0000] {processor.py:183} INFO - Processing /opt/airflow/dags/Dag_clima.py took 2.728 seconds
[2024-04-17T00:23:05.769+0000] {processor.py:161} INFO - Started process (PID=473) to work on /opt/airflow/dags/Dag_clima.py
[2024-04-17T00:23:05.790+0000] {processor.py:830} INFO - Processing file /opt/airflow/dags/Dag_clima.py for tasks to queue
[2024-04-17T00:23:05.796+0000] {logging_mixin.py:188} INFO - [2024-04-17T00:23:05.795+0000] {dagbag.py:540} INFO - Filling up the DagBag from /opt/airflow/dags/Dag_clima.py
[2024-04-17T00:23:06.406+0000] {processor.py:840} INFO - DAG(s) 'dag_clima' retrieved from /opt/airflow/dags/Dag_clima.py
[2024-04-17T00:23:06.753+0000] {logging_mixin.py:188} INFO - [2024-04-17T00:23:06.752+0000] {dag.py:3096} INFO - Sync 1 DAGs
[2024-04-17T00:23:06.922+0000] {logging_mixin.py:188} INFO - [2024-04-17T00:23:06.922+0000] {dag.py:3954} INFO - Setting next_dagrun for dag_clima to 2024-04-06 00:00:00+00:00, run_after=2024-04-07 00:00:00+00:00
[2024-04-17T00:23:07.027+0000] {processor.py:183} INFO - Processing /opt/airflow/dags/Dag_clima.py took 1.295 seconds
[2024-04-17T00:23:37.207+0000] {processor.py:161} INFO - Started process (PID=484) to work on /opt/airflow/dags/Dag_clima.py
[2024-04-17T00:23:37.216+0000] {processor.py:830} INFO - Processing file /opt/airflow/dags/Dag_clima.py for tasks to queue
[2024-04-17T00:23:37.221+0000] {logging_mixin.py:188} INFO - [2024-04-17T00:23:37.217+0000] {dagbag.py:540} INFO - Filling up the DagBag from /opt/airflow/dags/Dag_clima.py
[2024-04-17T00:23:37.353+0000] {processor.py:840} INFO - DAG(s) 'dag_clima' retrieved from /opt/airflow/dags/Dag_clima.py
[2024-04-17T00:23:37.406+0000] {logging_mixin.py:188} INFO - [2024-04-17T00:23:37.406+0000] {dag.py:3096} INFO - Sync 1 DAGs
[2024-04-17T00:23:37.487+0000] {logging_mixin.py:188} INFO - [2024-04-17T00:23:37.486+0000] {dag.py:3954} INFO - Setting next_dagrun for dag_clima to 2024-04-06 00:00:00+00:00, run_after=2024-04-07 00:00:00+00:00
[2024-04-17T00:23:37.934+0000] {processor.py:183} INFO - Processing /opt/airflow/dags/Dag_clima.py took 0.749 seconds
[2024-04-17T00:24:08.214+0000] {processor.py:161} INFO - Started process (PID=495) to work on /opt/airflow/dags/Dag_clima.py
[2024-04-17T00:24:08.225+0000] {processor.py:830} INFO - Processing file /opt/airflow/dags/Dag_clima.py for tasks to queue
[2024-04-17T00:24:08.235+0000] {logging_mixin.py:188} INFO - [2024-04-17T00:24:08.234+0000] {dagbag.py:540} INFO - Filling up the DagBag from /opt/airflow/dags/Dag_clima.py
[2024-04-17T00:24:08.310+0000] {processor.py:840} INFO - DAG(s) 'dag_clima' retrieved from /opt/airflow/dags/Dag_clima.py
[2024-04-17T00:24:08.355+0000] {logging_mixin.py:188} INFO - [2024-04-17T00:24:08.355+0000] {dag.py:3096} INFO - Sync 1 DAGs
[2024-04-17T00:24:08.391+0000] {logging_mixin.py:188} INFO - [2024-04-17T00:24:08.390+0000] {dag.py:3954} INFO - Setting next_dagrun for dag_clima to 2024-04-06 00:00:00+00:00, run_after=2024-04-07 00:00:00+00:00
[2024-04-17T00:24:09.656+0000] {processor.py:183} INFO - Processing /opt/airflow/dags/Dag_clima.py took 1.460 seconds
