[2024-04-17T00:03:23.404+0000] {processor.py:161} INFO - Started process (PID=69) to work on /opt/airflow/dags/Scraping.py
[2024-04-17T00:03:23.498+0000] {processor.py:830} INFO - Processing file /opt/airflow/dags/Scraping.py for tasks to queue
[2024-04-17T00:03:23.610+0000] {logging_mixin.py:188} INFO - [2024-04-17T00:03:23.583+0000] {dagbag.py:540} INFO - Filling up the DagBag from /opt/airflow/dags/Scraping.py
[2024-04-17T00:03:40.430+0000] {processor.py:840} INFO - DAG(s) 'm_dag_ejecutar' retrieved from /opt/airflow/dags/Scraping.py
[2024-04-17T00:03:41.734+0000] {logging_mixin.py:188} INFO - [2024-04-17T00:03:41.733+0000] {dag.py:3096} INFO - Sync 1 DAGs
[2024-04-17T00:03:42.010+0000] {logging_mixin.py:188} INFO - [2024-04-17T00:03:42.010+0000] {dag.py:3954} INFO - Setting next_dagrun for m_dag_ejecutar to 2024-04-07 00:00:00+00:00, run_after=2024-04-08 00:00:00+00:00
[2024-04-17T00:03:46.964+0000] {processor.py:183} INFO - Processing /opt/airflow/dags/Scraping.py took 26.346 seconds
[2024-04-17T00:04:18.946+0000] {processor.py:161} INFO - Started process (PID=85) to work on /opt/airflow/dags/Scraping.py
[2024-04-17T00:04:18.989+0000] {processor.py:830} INFO - Processing file /opt/airflow/dags/Scraping.py for tasks to queue
[2024-04-17T00:04:19.009+0000] {logging_mixin.py:188} INFO - [2024-04-17T00:04:19.008+0000] {dagbag.py:540} INFO - Filling up the DagBag from /opt/airflow/dags/Scraping.py
[2024-04-17T00:04:20.852+0000] {processor.py:840} INFO - DAG(s) 'm_dag_ejecutar' retrieved from /opt/airflow/dags/Scraping.py
[2024-04-17T00:04:21.075+0000] {logging_mixin.py:188} INFO - [2024-04-17T00:04:21.075+0000] {dag.py:3096} INFO - Sync 1 DAGs
[2024-04-17T00:04:21.335+0000] {logging_mixin.py:188} INFO - [2024-04-17T00:04:21.335+0000] {dag.py:3954} INFO - Setting next_dagrun for m_dag_ejecutar to 2024-04-07 00:00:00+00:00, run_after=2024-04-08 00:00:00+00:00
[2024-04-17T00:04:21.602+0000] {processor.py:183} INFO - Processing /opt/airflow/dags/Scraping.py took 2.677 seconds
[2024-04-17T00:04:54.104+0000] {processor.py:161} INFO - Started process (PID=96) to work on /opt/airflow/dags/Scraping.py
[2024-04-17T00:04:54.118+0000] {processor.py:830} INFO - Processing file /opt/airflow/dags/Scraping.py for tasks to queue
[2024-04-17T00:04:54.134+0000] {logging_mixin.py:188} INFO - [2024-04-17T00:04:54.133+0000] {dagbag.py:540} INFO - Filling up the DagBag from /opt/airflow/dags/Scraping.py
[2024-04-17T00:04:55.469+0000] {processor.py:840} INFO - DAG(s) 'm_dag_ejecutar' retrieved from /opt/airflow/dags/Scraping.py
[2024-04-17T00:04:55.731+0000] {logging_mixin.py:188} INFO - [2024-04-17T00:04:55.730+0000] {dag.py:3096} INFO - Sync 1 DAGs
[2024-04-17T00:04:55.962+0000] {logging_mixin.py:188} INFO - [2024-04-17T00:04:55.961+0000] {dag.py:3954} INFO - Setting next_dagrun for m_dag_ejecutar to 2024-04-07 00:00:00+00:00, run_after=2024-04-08 00:00:00+00:00
[2024-04-17T00:05:10.027+0000] {processor.py:183} INFO - Processing /opt/airflow/dags/Scraping.py took 15.945 seconds
[2024-04-17T00:05:40.701+0000] {processor.py:161} INFO - Started process (PID=112) to work on /opt/airflow/dags/Scraping.py
[2024-04-17T00:05:40.703+0000] {processor.py:830} INFO - Processing file /opt/airflow/dags/Scraping.py for tasks to queue
[2024-04-17T00:05:40.706+0000] {logging_mixin.py:188} INFO - [2024-04-17T00:05:40.705+0000] {dagbag.py:540} INFO - Filling up the DagBag from /opt/airflow/dags/Scraping.py
[2024-04-17T00:05:41.050+0000] {processor.py:840} INFO - DAG(s) 'm_dag_ejecutar' retrieved from /opt/airflow/dags/Scraping.py
[2024-04-17T00:05:41.721+0000] {logging_mixin.py:188} INFO - [2024-04-17T00:05:41.720+0000] {dag.py:3096} INFO - Sync 1 DAGs
[2024-04-17T00:05:41.814+0000] {logging_mixin.py:188} INFO - [2024-04-17T00:05:41.814+0000] {dag.py:3954} INFO - Setting next_dagrun for m_dag_ejecutar to 2024-04-07 00:00:00+00:00, run_after=2024-04-08 00:00:00+00:00
[2024-04-17T00:05:41.882+0000] {processor.py:183} INFO - Processing /opt/airflow/dags/Scraping.py took 1.194 seconds
[2024-04-17T00:06:18.430+0000] {processor.py:161} INFO - Started process (PID=123) to work on /opt/airflow/dags/Scraping.py
[2024-04-17T00:06:18.445+0000] {processor.py:830} INFO - Processing file /opt/airflow/dags/Scraping.py for tasks to queue
[2024-04-17T00:06:18.449+0000] {logging_mixin.py:188} INFO - [2024-04-17T00:06:18.448+0000] {dagbag.py:540} INFO - Filling up the DagBag from /opt/airflow/dags/Scraping.py
[2024-04-17T00:06:18.989+0000] {processor.py:840} INFO - DAG(s) 'm_dag_ejecutar' retrieved from /opt/airflow/dags/Scraping.py
[2024-04-17T00:06:19.050+0000] {logging_mixin.py:188} INFO - [2024-04-17T00:06:19.049+0000] {dag.py:3096} INFO - Sync 1 DAGs
[2024-04-17T00:06:19.137+0000] {logging_mixin.py:188} INFO - [2024-04-17T00:06:19.136+0000] {dag.py:3954} INFO - Setting next_dagrun for m_dag_ejecutar to 2024-04-07 00:00:00+00:00, run_after=2024-04-08 00:00:00+00:00
[2024-04-17T00:06:28.233+0000] {processor.py:183} INFO - Processing /opt/airflow/dags/Scraping.py took 9.824 seconds
[2024-04-17T00:06:59.262+0000] {processor.py:161} INFO - Started process (PID=134) to work on /opt/airflow/dags/Scraping.py
[2024-04-17T00:06:59.273+0000] {processor.py:830} INFO - Processing file /opt/airflow/dags/Scraping.py for tasks to queue
[2024-04-17T00:06:59.288+0000] {logging_mixin.py:188} INFO - [2024-04-17T00:06:59.288+0000] {dagbag.py:540} INFO - Filling up the DagBag from /opt/airflow/dags/Scraping.py
[2024-04-17T00:06:59.910+0000] {processor.py:840} INFO - DAG(s) 'm_dag_ejecutar' retrieved from /opt/airflow/dags/Scraping.py
[2024-04-17T00:07:00.044+0000] {logging_mixin.py:188} INFO - [2024-04-17T00:07:00.044+0000] {dag.py:3096} INFO - Sync 1 DAGs
[2024-04-17T00:07:00.199+0000] {logging_mixin.py:188} INFO - [2024-04-17T00:07:00.187+0000] {dag.py:3954} INFO - Setting next_dagrun for m_dag_ejecutar to 2024-04-07 00:00:00+00:00, run_after=2024-04-08 00:00:00+00:00
[2024-04-17T00:07:02.056+0000] {processor.py:183} INFO - Processing /opt/airflow/dags/Scraping.py took 2.818 seconds
[2024-04-17T00:07:32.723+0000] {processor.py:161} INFO - Started process (PID=145) to work on /opt/airflow/dags/Scraping.py
[2024-04-17T00:07:32.728+0000] {processor.py:830} INFO - Processing file /opt/airflow/dags/Scraping.py for tasks to queue
[2024-04-17T00:07:32.740+0000] {logging_mixin.py:188} INFO - [2024-04-17T00:07:32.739+0000] {dagbag.py:540} INFO - Filling up the DagBag from /opt/airflow/dags/Scraping.py
[2024-04-17T00:07:33.431+0000] {processor.py:840} INFO - DAG(s) 'm_dag_ejecutar' retrieved from /opt/airflow/dags/Scraping.py
[2024-04-17T00:07:33.694+0000] {logging_mixin.py:188} INFO - [2024-04-17T00:07:33.694+0000] {dag.py:3096} INFO - Sync 1 DAGs
[2024-04-17T00:07:33.937+0000] {logging_mixin.py:188} INFO - [2024-04-17T00:07:33.937+0000] {dag.py:3954} INFO - Setting next_dagrun for m_dag_ejecutar to 2024-04-07 00:00:00+00:00, run_after=2024-04-08 00:00:00+00:00
[2024-04-17T00:07:35.691+0000] {processor.py:183} INFO - Processing /opt/airflow/dags/Scraping.py took 2.993 seconds
[2024-04-17T00:08:09.824+0000] {processor.py:161} INFO - Started process (PID=157) to work on /opt/airflow/dags/Scraping.py
[2024-04-17T00:08:09.832+0000] {processor.py:830} INFO - Processing file /opt/airflow/dags/Scraping.py for tasks to queue
[2024-04-17T00:08:09.839+0000] {logging_mixin.py:188} INFO - [2024-04-17T00:08:09.838+0000] {dagbag.py:540} INFO - Filling up the DagBag from /opt/airflow/dags/Scraping.py
[2024-04-17T00:08:10.179+0000] {processor.py:840} INFO - DAG(s) 'm_dag_ejecutar' retrieved from /opt/airflow/dags/Scraping.py
[2024-04-17T00:08:10.209+0000] {logging_mixin.py:188} INFO - [2024-04-17T00:08:10.209+0000] {dag.py:3096} INFO - Sync 1 DAGs
[2024-04-17T00:08:10.239+0000] {logging_mixin.py:188} INFO - [2024-04-17T00:08:10.239+0000] {dag.py:3954} INFO - Setting next_dagrun for m_dag_ejecutar to 2024-04-07 00:00:00+00:00, run_after=2024-04-08 00:00:00+00:00
[2024-04-17T00:08:11.779+0000] {processor.py:183} INFO - Processing /opt/airflow/dags/Scraping.py took 1.990 seconds
[2024-04-17T00:08:42.519+0000] {processor.py:161} INFO - Started process (PID=168) to work on /opt/airflow/dags/Scraping.py
[2024-04-17T00:08:42.525+0000] {processor.py:830} INFO - Processing file /opt/airflow/dags/Scraping.py for tasks to queue
[2024-04-17T00:08:42.534+0000] {logging_mixin.py:188} INFO - [2024-04-17T00:08:42.534+0000] {dagbag.py:540} INFO - Filling up the DagBag from /opt/airflow/dags/Scraping.py
[2024-04-17T00:08:43.432+0000] {processor.py:840} INFO - DAG(s) 'm_dag_ejecutar' retrieved from /opt/airflow/dags/Scraping.py
[2024-04-17T00:08:43.549+0000] {logging_mixin.py:188} INFO - [2024-04-17T00:08:43.549+0000] {dag.py:3096} INFO - Sync 1 DAGs
[2024-04-17T00:08:43.680+0000] {logging_mixin.py:188} INFO - [2024-04-17T00:08:43.680+0000] {dag.py:3954} INFO - Setting next_dagrun for m_dag_ejecutar to 2024-04-07 00:00:00+00:00, run_after=2024-04-08 00:00:00+00:00
[2024-04-17T00:08:43.963+0000] {processor.py:183} INFO - Processing /opt/airflow/dags/Scraping.py took 1.540 seconds
[2024-04-17T00:09:14.312+0000] {processor.py:161} INFO - Started process (PID=185) to work on /opt/airflow/dags/Scraping.py
[2024-04-17T00:09:14.313+0000] {processor.py:830} INFO - Processing file /opt/airflow/dags/Scraping.py for tasks to queue
[2024-04-17T00:09:14.316+0000] {logging_mixin.py:188} INFO - [2024-04-17T00:09:14.315+0000] {dagbag.py:540} INFO - Filling up the DagBag from /opt/airflow/dags/Scraping.py
[2024-04-17T00:09:15.498+0000] {processor.py:840} INFO - DAG(s) 'm_dag_ejecutar' retrieved from /opt/airflow/dags/Scraping.py
[2024-04-17T00:09:15.534+0000] {logging_mixin.py:188} INFO - [2024-04-17T00:09:15.534+0000] {dag.py:3096} INFO - Sync 1 DAGs
[2024-04-17T00:09:15.580+0000] {logging_mixin.py:188} INFO - [2024-04-17T00:09:15.579+0000] {dag.py:3954} INFO - Setting next_dagrun for m_dag_ejecutar to 2024-04-07 00:00:00+00:00, run_after=2024-04-08 00:00:00+00:00
[2024-04-17T00:09:15.613+0000] {processor.py:183} INFO - Processing /opt/airflow/dags/Scraping.py took 1.309 seconds
[2024-04-17T00:09:46.277+0000] {processor.py:161} INFO - Started process (PID=196) to work on /opt/airflow/dags/Scraping.py
[2024-04-17T00:09:46.280+0000] {processor.py:830} INFO - Processing file /opt/airflow/dags/Scraping.py for tasks to queue
[2024-04-17T00:09:46.284+0000] {logging_mixin.py:188} INFO - [2024-04-17T00:09:46.284+0000] {dagbag.py:540} INFO - Filling up the DagBag from /opt/airflow/dags/Scraping.py
[2024-04-17T00:09:46.602+0000] {processor.py:840} INFO - DAG(s) 'm_dag_ejecutar' retrieved from /opt/airflow/dags/Scraping.py
[2024-04-17T00:09:46.744+0000] {logging_mixin.py:188} INFO - [2024-04-17T00:09:46.743+0000] {dag.py:3096} INFO - Sync 1 DAGs
[2024-04-17T00:09:46.876+0000] {logging_mixin.py:188} INFO - [2024-04-17T00:09:46.876+0000] {dag.py:3954} INFO - Setting next_dagrun for m_dag_ejecutar to 2024-04-07 00:00:00+00:00, run_after=2024-04-08 00:00:00+00:00
[2024-04-17T00:09:47.308+0000] {processor.py:183} INFO - Processing /opt/airflow/dags/Scraping.py took 1.043 seconds
[2024-04-17T00:10:36.318+0000] {processor.py:161} INFO - Started process (PID=207) to work on /opt/airflow/dags/Scraping.py
[2024-04-17T00:10:36.325+0000] {processor.py:830} INFO - Processing file /opt/airflow/dags/Scraping.py for tasks to queue
[2024-04-17T00:10:36.334+0000] {logging_mixin.py:188} INFO - [2024-04-17T00:10:36.333+0000] {dagbag.py:540} INFO - Filling up the DagBag from /opt/airflow/dags/Scraping.py
[2024-04-17T00:10:36.863+0000] {processor.py:840} INFO - DAG(s) 'm_dag_ejecutar' retrieved from /opt/airflow/dags/Scraping.py
[2024-04-17T00:10:36.920+0000] {logging_mixin.py:188} INFO - [2024-04-17T00:10:36.920+0000] {dag.py:3096} INFO - Sync 1 DAGs
[2024-04-17T00:10:36.957+0000] {logging_mixin.py:188} INFO - [2024-04-17T00:10:36.957+0000] {dag.py:3954} INFO - Setting next_dagrun for m_dag_ejecutar to 2024-04-07 00:00:00+00:00, run_after=2024-04-08 00:00:00+00:00
[2024-04-17T00:10:36.992+0000] {processor.py:183} INFO - Processing /opt/airflow/dags/Scraping.py took 0.696 seconds
[2024-04-17T00:11:07.374+0000] {processor.py:161} INFO - Started process (PID=219) to work on /opt/airflow/dags/Scraping.py
[2024-04-17T00:11:07.375+0000] {processor.py:830} INFO - Processing file /opt/airflow/dags/Scraping.py for tasks to queue
[2024-04-17T00:11:07.378+0000] {logging_mixin.py:188} INFO - [2024-04-17T00:11:07.378+0000] {dagbag.py:540} INFO - Filling up the DagBag from /opt/airflow/dags/Scraping.py
[2024-04-17T00:11:07.582+0000] {processor.py:840} INFO - DAG(s) 'm_dag_ejecutar' retrieved from /opt/airflow/dags/Scraping.py
[2024-04-17T00:11:07.634+0000] {logging_mixin.py:188} INFO - [2024-04-17T00:11:07.633+0000] {dag.py:3096} INFO - Sync 1 DAGs
[2024-04-17T00:11:07.695+0000] {logging_mixin.py:188} INFO - [2024-04-17T00:11:07.695+0000] {dag.py:3954} INFO - Setting next_dagrun for m_dag_ejecutar to 2024-04-07 00:00:00+00:00, run_after=2024-04-08 00:00:00+00:00
[2024-04-17T00:11:08.491+0000] {processor.py:183} INFO - Processing /opt/airflow/dags/Scraping.py took 1.126 seconds
[2024-04-17T00:11:42.827+0000] {processor.py:161} INFO - Started process (PID=229) to work on /opt/airflow/dags/Scraping.py
[2024-04-17T00:11:42.840+0000] {processor.py:830} INFO - Processing file /opt/airflow/dags/Scraping.py for tasks to queue
[2024-04-17T00:11:42.854+0000] {logging_mixin.py:188} INFO - [2024-04-17T00:11:42.854+0000] {dagbag.py:540} INFO - Filling up the DagBag from /opt/airflow/dags/Scraping.py
[2024-04-17T00:11:44.396+0000] {processor.py:840} INFO - DAG(s) 'm_dag_ejecutar' retrieved from /opt/airflow/dags/Scraping.py
[2024-04-17T00:11:44.563+0000] {logging_mixin.py:188} INFO - [2024-04-17T00:11:44.563+0000] {dag.py:3096} INFO - Sync 1 DAGs
[2024-04-17T00:11:44.723+0000] {logging_mixin.py:188} INFO - [2024-04-17T00:11:44.723+0000] {dag.py:3954} INFO - Setting next_dagrun for m_dag_ejecutar to 2024-04-07 00:00:00+00:00, run_after=2024-04-08 00:00:00+00:00
[2024-04-17T00:11:44.796+0000] {processor.py:183} INFO - Processing /opt/airflow/dags/Scraping.py took 1.992 seconds
[2024-04-17T00:12:14.958+0000] {processor.py:161} INFO - Started process (PID=246) to work on /opt/airflow/dags/Scraping.py
[2024-04-17T00:12:14.959+0000] {processor.py:830} INFO - Processing file /opt/airflow/dags/Scraping.py for tasks to queue
[2024-04-17T00:12:14.963+0000] {logging_mixin.py:188} INFO - [2024-04-17T00:12:14.962+0000] {dagbag.py:540} INFO - Filling up the DagBag from /opt/airflow/dags/Scraping.py
[2024-04-17T00:12:18.289+0000] {processor.py:840} INFO - DAG(s) 'm_dag_ejecutar' retrieved from /opt/airflow/dags/Scraping.py
[2024-04-17T00:12:18.346+0000] {logging_mixin.py:188} INFO - [2024-04-17T00:12:18.345+0000] {dag.py:3096} INFO - Sync 1 DAGs
[2024-04-17T00:12:18.439+0000] {logging_mixin.py:188} INFO - [2024-04-17T00:12:18.438+0000] {dag.py:3954} INFO - Setting next_dagrun for m_dag_ejecutar to 2024-04-07 00:00:00+00:00, run_after=2024-04-08 00:00:00+00:00
[2024-04-17T00:12:19.568+0000] {processor.py:183} INFO - Processing /opt/airflow/dags/Scraping.py took 4.624 seconds
[2024-04-17T00:12:50.341+0000] {processor.py:161} INFO - Started process (PID=259) to work on /opt/airflow/dags/Scraping.py
[2024-04-17T00:12:50.355+0000] {processor.py:830} INFO - Processing file /opt/airflow/dags/Scraping.py for tasks to queue
[2024-04-17T00:12:50.359+0000] {logging_mixin.py:188} INFO - [2024-04-17T00:12:50.358+0000] {dagbag.py:540} INFO - Filling up the DagBag from /opt/airflow/dags/Scraping.py
[2024-04-17T00:12:50.878+0000] {processor.py:840} INFO - DAG(s) 'm_dag_ejecutar' retrieved from /opt/airflow/dags/Scraping.py
[2024-04-17T00:12:50.952+0000] {logging_mixin.py:188} INFO - [2024-04-17T00:12:50.951+0000] {dag.py:3096} INFO - Sync 1 DAGs
[2024-04-17T00:12:51.050+0000] {logging_mixin.py:188} INFO - [2024-04-17T00:12:51.050+0000] {dag.py:3954} INFO - Setting next_dagrun for m_dag_ejecutar to 2024-04-07 00:00:00+00:00, run_after=2024-04-08 00:00:00+00:00
[2024-04-17T00:12:51.124+0000] {processor.py:183} INFO - Processing /opt/airflow/dags/Scraping.py took 0.817 seconds
[2024-04-17T00:13:21.272+0000] {processor.py:161} INFO - Started process (PID=270) to work on /opt/airflow/dags/Scraping.py
[2024-04-17T00:13:21.273+0000] {processor.py:830} INFO - Processing file /opt/airflow/dags/Scraping.py for tasks to queue
[2024-04-17T00:13:21.276+0000] {logging_mixin.py:188} INFO - [2024-04-17T00:13:21.275+0000] {dagbag.py:540} INFO - Filling up the DagBag from /opt/airflow/dags/Scraping.py
[2024-04-17T00:13:21.471+0000] {processor.py:840} INFO - DAG(s) 'm_dag_ejecutar' retrieved from /opt/airflow/dags/Scraping.py
[2024-04-17T00:13:21.523+0000] {logging_mixin.py:188} INFO - [2024-04-17T00:13:21.522+0000] {dag.py:3096} INFO - Sync 1 DAGs
[2024-04-17T00:13:21.577+0000] {logging_mixin.py:188} INFO - [2024-04-17T00:13:21.576+0000] {dag.py:3954} INFO - Setting next_dagrun for m_dag_ejecutar to 2024-04-07 00:00:00+00:00, run_after=2024-04-08 00:00:00+00:00
[2024-04-17T00:13:21.690+0000] {processor.py:183} INFO - Processing /opt/airflow/dags/Scraping.py took 0.432 seconds
[2024-04-17T00:13:52.382+0000] {processor.py:161} INFO - Started process (PID=281) to work on /opt/airflow/dags/Scraping.py
[2024-04-17T00:13:52.384+0000] {processor.py:830} INFO - Processing file /opt/airflow/dags/Scraping.py for tasks to queue
[2024-04-17T00:13:52.388+0000] {logging_mixin.py:188} INFO - [2024-04-17T00:13:52.387+0000] {dagbag.py:540} INFO - Filling up the DagBag from /opt/airflow/dags/Scraping.py
[2024-04-17T00:13:52.719+0000] {processor.py:840} INFO - DAG(s) 'm_dag_ejecutar' retrieved from /opt/airflow/dags/Scraping.py
[2024-04-17T00:13:52.779+0000] {logging_mixin.py:188} INFO - [2024-04-17T00:13:52.778+0000] {dag.py:3096} INFO - Sync 1 DAGs
[2024-04-17T00:13:52.833+0000] {logging_mixin.py:188} INFO - [2024-04-17T00:13:52.832+0000] {dag.py:3954} INFO - Setting next_dagrun for m_dag_ejecutar to 2024-04-07 00:00:00+00:00, run_after=2024-04-08 00:00:00+00:00
[2024-04-17T00:13:52.866+0000] {processor.py:183} INFO - Processing /opt/airflow/dags/Scraping.py took 0.494 seconds
[2024-04-17T00:14:22.947+0000] {processor.py:161} INFO - Started process (PID=292) to work on /opt/airflow/dags/Scraping.py
[2024-04-17T00:14:22.948+0000] {processor.py:830} INFO - Processing file /opt/airflow/dags/Scraping.py for tasks to queue
[2024-04-17T00:14:22.951+0000] {logging_mixin.py:188} INFO - [2024-04-17T00:14:22.950+0000] {dagbag.py:540} INFO - Filling up the DagBag from /opt/airflow/dags/Scraping.py
[2024-04-17T00:14:23.129+0000] {processor.py:840} INFO - DAG(s) 'm_dag_ejecutar' retrieved from /opt/airflow/dags/Scraping.py
[2024-04-17T00:14:23.167+0000] {logging_mixin.py:188} INFO - [2024-04-17T00:14:23.167+0000] {dag.py:3096} INFO - Sync 1 DAGs
[2024-04-17T00:14:23.208+0000] {logging_mixin.py:188} INFO - [2024-04-17T00:14:23.207+0000] {dag.py:3954} INFO - Setting next_dagrun for m_dag_ejecutar to 2024-04-07 00:00:00+00:00, run_after=2024-04-08 00:00:00+00:00
[2024-04-17T00:14:23.237+0000] {processor.py:183} INFO - Processing /opt/airflow/dags/Scraping.py took 0.299 seconds
[2024-04-17T00:14:53.359+0000] {processor.py:161} INFO - Started process (PID=303) to work on /opt/airflow/dags/Scraping.py
[2024-04-17T00:14:53.360+0000] {processor.py:830} INFO - Processing file /opt/airflow/dags/Scraping.py for tasks to queue
[2024-04-17T00:14:53.364+0000] {logging_mixin.py:188} INFO - [2024-04-17T00:14:53.363+0000] {dagbag.py:540} INFO - Filling up the DagBag from /opt/airflow/dags/Scraping.py
[2024-04-17T00:14:53.644+0000] {processor.py:840} INFO - DAG(s) 'm_dag_ejecutar' retrieved from /opt/airflow/dags/Scraping.py
[2024-04-17T00:14:53.708+0000] {logging_mixin.py:188} INFO - [2024-04-17T00:14:53.707+0000] {dag.py:3096} INFO - Sync 1 DAGs
[2024-04-17T00:14:53.798+0000] {logging_mixin.py:188} INFO - [2024-04-17T00:14:53.789+0000] {dag.py:3954} INFO - Setting next_dagrun for m_dag_ejecutar to 2024-04-07 00:00:00+00:00, run_after=2024-04-08 00:00:00+00:00
[2024-04-17T00:14:53.852+0000] {processor.py:183} INFO - Processing /opt/airflow/dags/Scraping.py took 0.502 seconds
[2024-04-17T00:15:24.172+0000] {processor.py:161} INFO - Started process (PID=314) to work on /opt/airflow/dags/Scraping.py
[2024-04-17T00:15:24.174+0000] {processor.py:830} INFO - Processing file /opt/airflow/dags/Scraping.py for tasks to queue
[2024-04-17T00:15:24.178+0000] {logging_mixin.py:188} INFO - [2024-04-17T00:15:24.177+0000] {dagbag.py:540} INFO - Filling up the DagBag from /opt/airflow/dags/Scraping.py
[2024-04-17T00:15:24.461+0000] {processor.py:840} INFO - DAG(s) 'm_dag_ejecutar' retrieved from /opt/airflow/dags/Scraping.py
[2024-04-17T00:15:24.502+0000] {logging_mixin.py:188} INFO - [2024-04-17T00:15:24.502+0000] {dag.py:3096} INFO - Sync 1 DAGs
[2024-04-17T00:15:24.559+0000] {logging_mixin.py:188} INFO - [2024-04-17T00:15:24.558+0000] {dag.py:3954} INFO - Setting next_dagrun for m_dag_ejecutar to 2024-04-07 00:00:00+00:00, run_after=2024-04-08 00:00:00+00:00
[2024-04-17T00:15:24.684+0000] {processor.py:183} INFO - Processing /opt/airflow/dags/Scraping.py took 0.526 seconds
[2024-04-17T00:15:55.421+0000] {processor.py:161} INFO - Started process (PID=325) to work on /opt/airflow/dags/Scraping.py
[2024-04-17T00:15:55.423+0000] {processor.py:830} INFO - Processing file /opt/airflow/dags/Scraping.py for tasks to queue
[2024-04-17T00:15:55.425+0000] {logging_mixin.py:188} INFO - [2024-04-17T00:15:55.425+0000] {dagbag.py:540} INFO - Filling up the DagBag from /opt/airflow/dags/Scraping.py
[2024-04-17T00:15:55.604+0000] {processor.py:840} INFO - DAG(s) 'm_dag_ejecutar' retrieved from /opt/airflow/dags/Scraping.py
[2024-04-17T00:15:55.663+0000] {logging_mixin.py:188} INFO - [2024-04-17T00:15:55.662+0000] {dag.py:3096} INFO - Sync 1 DAGs
[2024-04-17T00:15:55.734+0000] {logging_mixin.py:188} INFO - [2024-04-17T00:15:55.734+0000] {dag.py:3954} INFO - Setting next_dagrun for m_dag_ejecutar to 2024-04-07 00:00:00+00:00, run_after=2024-04-08 00:00:00+00:00
[2024-04-17T00:15:55.894+0000] {processor.py:183} INFO - Processing /opt/airflow/dags/Scraping.py took 0.481 seconds
[2024-04-17T00:16:26.281+0000] {processor.py:161} INFO - Started process (PID=336) to work on /opt/airflow/dags/Scraping.py
[2024-04-17T00:16:26.284+0000] {processor.py:830} INFO - Processing file /opt/airflow/dags/Scraping.py for tasks to queue
[2024-04-17T00:16:26.287+0000] {logging_mixin.py:188} INFO - [2024-04-17T00:16:26.287+0000] {dagbag.py:540} INFO - Filling up the DagBag from /opt/airflow/dags/Scraping.py
[2024-04-17T00:16:26.527+0000] {processor.py:840} INFO - DAG(s) 'm_dag_ejecutar' retrieved from /opt/airflow/dags/Scraping.py
[2024-04-17T00:16:26.561+0000] {logging_mixin.py:188} INFO - [2024-04-17T00:16:26.560+0000] {dag.py:3096} INFO - Sync 1 DAGs
[2024-04-17T00:16:26.600+0000] {logging_mixin.py:188} INFO - [2024-04-17T00:16:26.600+0000] {dag.py:3954} INFO - Setting next_dagrun for m_dag_ejecutar to 2024-04-07 00:00:00+00:00, run_after=2024-04-08 00:00:00+00:00
[2024-04-17T00:16:26.637+0000] {processor.py:183} INFO - Processing /opt/airflow/dags/Scraping.py took 0.369 seconds
[2024-04-17T00:16:56.966+0000] {processor.py:161} INFO - Started process (PID=347) to work on /opt/airflow/dags/Scraping.py
[2024-04-17T00:16:56.968+0000] {processor.py:830} INFO - Processing file /opt/airflow/dags/Scraping.py for tasks to queue
[2024-04-17T00:16:56.971+0000] {logging_mixin.py:188} INFO - [2024-04-17T00:16:56.971+0000] {dagbag.py:540} INFO - Filling up the DagBag from /opt/airflow/dags/Scraping.py
[2024-04-17T00:16:57.202+0000] {processor.py:840} INFO - DAG(s) 'm_dag_ejecutar' retrieved from /opt/airflow/dags/Scraping.py
[2024-04-17T00:16:57.244+0000] {logging_mixin.py:188} INFO - [2024-04-17T00:16:57.244+0000] {dag.py:3096} INFO - Sync 1 DAGs
[2024-04-17T00:16:57.288+0000] {logging_mixin.py:188} INFO - [2024-04-17T00:16:57.288+0000] {dag.py:3954} INFO - Setting next_dagrun for m_dag_ejecutar to 2024-04-07 00:00:00+00:00, run_after=2024-04-08 00:00:00+00:00
[2024-04-17T00:16:57.376+0000] {processor.py:183} INFO - Processing /opt/airflow/dags/Scraping.py took 0.426 seconds
[2024-04-17T00:17:27.523+0000] {processor.py:161} INFO - Started process (PID=357) to work on /opt/airflow/dags/Scraping.py
[2024-04-17T00:17:27.525+0000] {processor.py:830} INFO - Processing file /opt/airflow/dags/Scraping.py for tasks to queue
[2024-04-17T00:17:27.528+0000] {logging_mixin.py:188} INFO - [2024-04-17T00:17:27.528+0000] {dagbag.py:540} INFO - Filling up the DagBag from /opt/airflow/dags/Scraping.py
[2024-04-17T00:17:27.787+0000] {processor.py:840} INFO - DAG(s) 'm_dag_ejecutar' retrieved from /opt/airflow/dags/Scraping.py
[2024-04-17T00:17:27.848+0000] {logging_mixin.py:188} INFO - [2024-04-17T00:17:27.848+0000] {dag.py:3096} INFO - Sync 1 DAGs
[2024-04-17T00:17:27.906+0000] {logging_mixin.py:188} INFO - [2024-04-17T00:17:27.905+0000] {dag.py:3954} INFO - Setting next_dagrun for m_dag_ejecutar to 2024-04-07 00:00:00+00:00, run_after=2024-04-08 00:00:00+00:00
[2024-04-17T00:17:28.105+0000] {processor.py:183} INFO - Processing /opt/airflow/dags/Scraping.py took 0.596 seconds
[2024-04-17T00:17:58.587+0000] {processor.py:161} INFO - Started process (PID=368) to work on /opt/airflow/dags/Scraping.py
[2024-04-17T00:17:58.590+0000] {processor.py:830} INFO - Processing file /opt/airflow/dags/Scraping.py for tasks to queue
[2024-04-17T00:17:58.596+0000] {logging_mixin.py:188} INFO - [2024-04-17T00:17:58.595+0000] {dagbag.py:540} INFO - Filling up the DagBag from /opt/airflow/dags/Scraping.py
[2024-04-17T00:17:58.932+0000] {processor.py:840} INFO - DAG(s) 'm_dag_ejecutar' retrieved from /opt/airflow/dags/Scraping.py
[2024-04-17T00:17:58.988+0000] {logging_mixin.py:188} INFO - [2024-04-17T00:17:58.987+0000] {dag.py:3096} INFO - Sync 1 DAGs
[2024-04-17T00:17:59.070+0000] {logging_mixin.py:188} INFO - [2024-04-17T00:17:59.070+0000] {dag.py:3954} INFO - Setting next_dagrun for m_dag_ejecutar to 2024-04-07 00:00:00+00:00, run_after=2024-04-08 00:00:00+00:00
[2024-04-17T00:17:59.189+0000] {processor.py:183} INFO - Processing /opt/airflow/dags/Scraping.py took 0.621 seconds
[2024-04-17T00:18:29.473+0000] {processor.py:161} INFO - Started process (PID=379) to work on /opt/airflow/dags/Scraping.py
[2024-04-17T00:18:29.475+0000] {processor.py:830} INFO - Processing file /opt/airflow/dags/Scraping.py for tasks to queue
[2024-04-17T00:18:29.479+0000] {logging_mixin.py:188} INFO - [2024-04-17T00:18:29.478+0000] {dagbag.py:540} INFO - Filling up the DagBag from /opt/airflow/dags/Scraping.py
[2024-04-17T00:18:29.767+0000] {processor.py:840} INFO - DAG(s) 'm_dag_ejecutar' retrieved from /opt/airflow/dags/Scraping.py
[2024-04-17T00:18:29.809+0000] {logging_mixin.py:188} INFO - [2024-04-17T00:18:29.808+0000] {dag.py:3096} INFO - Sync 1 DAGs
[2024-04-17T00:18:29.864+0000] {logging_mixin.py:188} INFO - [2024-04-17T00:18:29.864+0000] {dag.py:3954} INFO - Setting next_dagrun for m_dag_ejecutar to 2024-04-07 00:00:00+00:00, run_after=2024-04-08 00:00:00+00:00
[2024-04-17T00:18:29.903+0000] {processor.py:183} INFO - Processing /opt/airflow/dags/Scraping.py took 0.442 seconds
[2024-04-17T00:19:00.220+0000] {processor.py:161} INFO - Started process (PID=390) to work on /opt/airflow/dags/Scraping.py
[2024-04-17T00:19:00.221+0000] {processor.py:830} INFO - Processing file /opt/airflow/dags/Scraping.py for tasks to queue
[2024-04-17T00:19:00.224+0000] {logging_mixin.py:188} INFO - [2024-04-17T00:19:00.223+0000] {dagbag.py:540} INFO - Filling up the DagBag from /opt/airflow/dags/Scraping.py
[2024-04-17T00:19:00.555+0000] {processor.py:840} INFO - DAG(s) 'm_dag_ejecutar' retrieved from /opt/airflow/dags/Scraping.py
[2024-04-17T00:19:00.603+0000] {logging_mixin.py:188} INFO - [2024-04-17T00:19:00.602+0000] {dag.py:3096} INFO - Sync 1 DAGs
[2024-04-17T00:19:00.648+0000] {logging_mixin.py:188} INFO - [2024-04-17T00:19:00.647+0000] {dag.py:3954} INFO - Setting next_dagrun for m_dag_ejecutar to 2024-04-07 00:00:00+00:00, run_after=2024-04-08 00:00:00+00:00
[2024-04-17T00:19:00.749+0000] {processor.py:183} INFO - Processing /opt/airflow/dags/Scraping.py took 0.552 seconds
[2024-04-17T00:19:31.273+0000] {processor.py:161} INFO - Started process (PID=401) to work on /opt/airflow/dags/Scraping.py
[2024-04-17T00:19:31.276+0000] {processor.py:830} INFO - Processing file /opt/airflow/dags/Scraping.py for tasks to queue
[2024-04-17T00:19:31.281+0000] {logging_mixin.py:188} INFO - [2024-04-17T00:19:31.280+0000] {dagbag.py:540} INFO - Filling up the DagBag from /opt/airflow/dags/Scraping.py
[2024-04-17T00:19:31.457+0000] {processor.py:840} INFO - DAG(s) 'm_dag_ejecutar' retrieved from /opt/airflow/dags/Scraping.py
[2024-04-17T00:19:31.502+0000] {logging_mixin.py:188} INFO - [2024-04-17T00:19:31.501+0000] {dag.py:3096} INFO - Sync 1 DAGs
[2024-04-17T00:19:31.544+0000] {logging_mixin.py:188} INFO - [2024-04-17T00:19:31.544+0000] {dag.py:3954} INFO - Setting next_dagrun for m_dag_ejecutar to 2024-04-07 00:00:00+00:00, run_after=2024-04-08 00:00:00+00:00
[2024-04-17T00:19:32.477+0000] {processor.py:183} INFO - Processing /opt/airflow/dags/Scraping.py took 1.217 seconds
[2024-04-17T00:20:02.612+0000] {processor.py:161} INFO - Started process (PID=412) to work on /opt/airflow/dags/Scraping.py
[2024-04-17T00:20:02.613+0000] {processor.py:830} INFO - Processing file /opt/airflow/dags/Scraping.py for tasks to queue
[2024-04-17T00:20:02.616+0000] {logging_mixin.py:188} INFO - [2024-04-17T00:20:02.615+0000] {dagbag.py:540} INFO - Filling up the DagBag from /opt/airflow/dags/Scraping.py
[2024-04-17T00:20:02.760+0000] {processor.py:840} INFO - DAG(s) 'm_dag_ejecutar' retrieved from /opt/airflow/dags/Scraping.py
[2024-04-17T00:20:02.793+0000] {logging_mixin.py:188} INFO - [2024-04-17T00:20:02.793+0000] {dag.py:3096} INFO - Sync 1 DAGs
[2024-04-17T00:20:02.834+0000] {logging_mixin.py:188} INFO - [2024-04-17T00:20:02.833+0000] {dag.py:3954} INFO - Setting next_dagrun for m_dag_ejecutar to 2024-04-07 00:00:00+00:00, run_after=2024-04-08 00:00:00+00:00
[2024-04-17T00:20:03.218+0000] {processor.py:183} INFO - Processing /opt/airflow/dags/Scraping.py took 0.615 seconds
[2024-04-17T00:20:35.137+0000] {processor.py:161} INFO - Started process (PID=424) to work on /opt/airflow/dags/Scraping.py
[2024-04-17T00:20:35.146+0000] {processor.py:830} INFO - Processing file /opt/airflow/dags/Scraping.py for tasks to queue
[2024-04-17T00:20:35.154+0000] {logging_mixin.py:188} INFO - [2024-04-17T00:20:35.153+0000] {dagbag.py:540} INFO - Filling up the DagBag from /opt/airflow/dags/Scraping.py
[2024-04-17T00:20:35.441+0000] {processor.py:840} INFO - DAG(s) 'm_dag_ejecutar' retrieved from /opt/airflow/dags/Scraping.py
[2024-04-17T00:20:35.528+0000] {logging_mixin.py:188} INFO - [2024-04-17T00:20:35.521+0000] {dag.py:3096} INFO - Sync 1 DAGs
[2024-04-17T00:20:35.631+0000] {logging_mixin.py:188} INFO - [2024-04-17T00:20:35.631+0000] {dag.py:3954} INFO - Setting next_dagrun for m_dag_ejecutar to 2024-04-07 00:00:00+00:00, run_after=2024-04-08 00:00:00+00:00
[2024-04-17T00:20:35.910+0000] {processor.py:183} INFO - Processing /opt/airflow/dags/Scraping.py took 0.795 seconds
[2024-04-17T00:21:09.224+0000] {processor.py:161} INFO - Started process (PID=434) to work on /opt/airflow/dags/Scraping.py
[2024-04-17T00:21:09.235+0000] {processor.py:830} INFO - Processing file /opt/airflow/dags/Scraping.py for tasks to queue
[2024-04-17T00:21:09.271+0000] {logging_mixin.py:188} INFO - [2024-04-17T00:21:09.271+0000] {dagbag.py:540} INFO - Filling up the DagBag from /opt/airflow/dags/Scraping.py
[2024-04-17T00:21:10.073+0000] {processor.py:840} INFO - DAG(s) 'm_dag_ejecutar' retrieved from /opt/airflow/dags/Scraping.py
[2024-04-17T00:21:10.266+0000] {logging_mixin.py:188} INFO - [2024-04-17T00:21:10.265+0000] {dag.py:3096} INFO - Sync 1 DAGs
[2024-04-17T00:21:10.461+0000] {logging_mixin.py:188} INFO - [2024-04-17T00:21:10.461+0000] {dag.py:3954} INFO - Setting next_dagrun for m_dag_ejecutar to 2024-04-07 00:00:00+00:00, run_after=2024-04-08 00:00:00+00:00
[2024-04-17T00:21:10.646+0000] {processor.py:183} INFO - Processing /opt/airflow/dags/Scraping.py took 1.456 seconds
[2024-04-17T00:21:41.126+0000] {processor.py:161} INFO - Started process (PID=445) to work on /opt/airflow/dags/Scraping.py
[2024-04-17T00:21:41.142+0000] {processor.py:830} INFO - Processing file /opt/airflow/dags/Scraping.py for tasks to queue
[2024-04-17T00:21:41.153+0000] {logging_mixin.py:188} INFO - [2024-04-17T00:21:41.146+0000] {dagbag.py:540} INFO - Filling up the DagBag from /opt/airflow/dags/Scraping.py
[2024-04-17T00:21:41.811+0000] {processor.py:840} INFO - DAG(s) 'm_dag_ejecutar' retrieved from /opt/airflow/dags/Scraping.py
[2024-04-17T00:21:41.859+0000] {logging_mixin.py:188} INFO - [2024-04-17T00:21:41.859+0000] {dag.py:3096} INFO - Sync 1 DAGs
[2024-04-17T00:21:41.906+0000] {logging_mixin.py:188} INFO - [2024-04-17T00:21:41.905+0000] {dag.py:3954} INFO - Setting next_dagrun for m_dag_ejecutar to 2024-04-07 00:00:00+00:00, run_after=2024-04-08 00:00:00+00:00
[2024-04-17T00:21:42.844+0000] {processor.py:183} INFO - Processing /opt/airflow/dags/Scraping.py took 1.758 seconds
[2024-04-17T00:22:23.976+0000] {processor.py:161} INFO - Started process (PID=462) to work on /opt/airflow/dags/Scraping.py
[2024-04-17T00:22:23.998+0000] {processor.py:830} INFO - Processing file /opt/airflow/dags/Scraping.py for tasks to queue
[2024-04-17T00:22:24.043+0000] {logging_mixin.py:188} INFO - [2024-04-17T00:22:24.042+0000] {dagbag.py:540} INFO - Filling up the DagBag from /opt/airflow/dags/Scraping.py
[2024-04-17T00:22:33.405+0000] {processor.py:840} INFO - DAG(s) 'm_dag_ejecutar' retrieved from /opt/airflow/dags/Scraping.py
[2024-04-17T00:22:33.887+0000] {logging_mixin.py:188} INFO - [2024-04-17T00:22:33.886+0000] {dag.py:3096} INFO - Sync 1 DAGs
[2024-04-17T00:22:33.957+0000] {logging_mixin.py:188} INFO - [2024-04-17T00:22:33.956+0000] {dag.py:3954} INFO - Setting next_dagrun for m_dag_ejecutar to 2024-04-07 00:00:00+00:00, run_after=2024-04-08 00:00:00+00:00
[2024-04-17T00:22:35.881+0000] {processor.py:183} INFO - Processing /opt/airflow/dags/Scraping.py took 11.975 seconds
[2024-04-17T00:23:06.900+0000] {processor.py:161} INFO - Started process (PID=474) to work on /opt/airflow/dags/Scraping.py
[2024-04-17T00:23:06.905+0000] {processor.py:830} INFO - Processing file /opt/airflow/dags/Scraping.py for tasks to queue
[2024-04-17T00:23:06.920+0000] {logging_mixin.py:188} INFO - [2024-04-17T00:23:06.920+0000] {dagbag.py:540} INFO - Filling up the DagBag from /opt/airflow/dags/Scraping.py
[2024-04-17T00:23:08.014+0000] {processor.py:840} INFO - DAG(s) 'm_dag_ejecutar' retrieved from /opt/airflow/dags/Scraping.py
[2024-04-17T00:23:08.178+0000] {logging_mixin.py:188} INFO - [2024-04-17T00:23:08.165+0000] {dag.py:3096} INFO - Sync 1 DAGs
[2024-04-17T00:23:08.385+0000] {logging_mixin.py:188} INFO - [2024-04-17T00:23:08.374+0000] {dag.py:3954} INFO - Setting next_dagrun for m_dag_ejecutar to 2024-04-07 00:00:00+00:00, run_after=2024-04-08 00:00:00+00:00
[2024-04-17T00:23:08.515+0000] {processor.py:183} INFO - Processing /opt/airflow/dags/Scraping.py took 1.683 seconds
[2024-04-17T00:23:39.150+0000] {processor.py:161} INFO - Started process (PID=485) to work on /opt/airflow/dags/Scraping.py
[2024-04-17T00:23:39.152+0000] {processor.py:830} INFO - Processing file /opt/airflow/dags/Scraping.py for tasks to queue
[2024-04-17T00:23:39.155+0000] {logging_mixin.py:188} INFO - [2024-04-17T00:23:39.155+0000] {dagbag.py:540} INFO - Filling up the DagBag from /opt/airflow/dags/Scraping.py
[2024-04-17T00:23:39.512+0000] {processor.py:840} INFO - DAG(s) 'm_dag_ejecutar' retrieved from /opt/airflow/dags/Scraping.py
[2024-04-17T00:23:39.620+0000] {logging_mixin.py:188} INFO - [2024-04-17T00:23:39.620+0000] {dag.py:3096} INFO - Sync 1 DAGs
[2024-04-17T00:23:39.701+0000] {logging_mixin.py:188} INFO - [2024-04-17T00:23:39.701+0000] {dag.py:3954} INFO - Setting next_dagrun for m_dag_ejecutar to 2024-04-07 00:00:00+00:00, run_after=2024-04-08 00:00:00+00:00
[2024-04-17T00:23:41.270+0000] {processor.py:183} INFO - Processing /opt/airflow/dags/Scraping.py took 2.142 seconds
[2024-04-17T00:24:12.493+0000] {processor.py:161} INFO - Started process (PID=496) to work on /opt/airflow/dags/Scraping.py
[2024-04-17T00:24:12.495+0000] {processor.py:830} INFO - Processing file /opt/airflow/dags/Scraping.py for tasks to queue
[2024-04-17T00:24:12.497+0000] {logging_mixin.py:188} INFO - [2024-04-17T00:24:12.496+0000] {dagbag.py:540} INFO - Filling up the DagBag from /opt/airflow/dags/Scraping.py
[2024-04-17T00:24:12.906+0000] {processor.py:840} INFO - DAG(s) 'm_dag_ejecutar' retrieved from /opt/airflow/dags/Scraping.py
[2024-04-17T00:24:12.961+0000] {logging_mixin.py:188} INFO - [2024-04-17T00:24:12.961+0000] {dag.py:3096} INFO - Sync 1 DAGs
[2024-04-17T00:24:13.003+0000] {logging_mixin.py:188} INFO - [2024-04-17T00:24:13.002+0000] {dag.py:3954} INFO - Setting next_dagrun for m_dag_ejecutar to 2024-04-07 00:00:00+00:00, run_after=2024-04-08 00:00:00+00:00
[2024-04-17T00:24:13.965+0000] {processor.py:183} INFO - Processing /opt/airflow/dags/Scraping.py took 1.484 seconds
