[2024-04-16T00:03:22.445+0000] {local_task_job_runner.py:120} INFO - ::group::Pre task execution logs
[2024-04-16T00:03:22.770+0000] {taskinstance.py:2073} INFO - Dependencies all met for dep_context=non-requeueable deps ti=<TaskInstance: m_dag_ejecutaap.ejecutar_script_ manual__2024-04-16T00:03:07.946568+00:00 [queued]>
[2024-04-16T00:03:22.867+0000] {taskinstance.py:2073} INFO - Dependencies all met for dep_context=requeueable deps ti=<TaskInstance: m_dag_ejecutaap.ejecutar_script_ manual__2024-04-16T00:03:07.946568+00:00 [queued]>
[2024-04-16T00:03:22.868+0000] {taskinstance.py:2303} INFO - Starting attempt 1 of 2
[2024-04-16T00:03:23.061+0000] {taskinstance.py:2327} INFO - Executing <Task(PythonOperator): ejecutar_script_> on 2024-04-16 00:03:07.946568+00:00
[2024-04-16T00:03:23.104+0000] {standard_task_runner.py:90} INFO - Running: ['***', 'tasks', 'run', 'm_dag_ejecutaap', 'ejecutar_script_', 'manual__2024-04-16T00:03:07.946568+00:00', '--job-id', '268', '--raw', '--subdir', 'DAGS_FOLDER/holaa.py', '--cfg-path', '/tmp/tmpqeutqqoz']
[2024-04-16T00:03:23.120+0000] {standard_task_runner.py:91} INFO - Job 268: Subtask ejecutar_script_
[2024-04-16T00:03:23.122+0000] {warnings.py:110} WARNING - /home/***/.local/lib/python3.12/site-packages/***/task/task_runner/standard_task_runner.py:61: DeprecationWarning: This process (pid=514) is multi-threaded, use of fork() may lead to deadlocks in the child.
  pid = os.fork()

[2024-04-16T00:03:23.132+0000] {standard_task_runner.py:63} INFO - Started process 519 to run task
[2024-04-16T00:03:23.782+0000] {task_command.py:426} INFO - Running <TaskInstance: m_dag_ejecutaap.ejecutar_script_ manual__2024-04-16T00:03:07.946568+00:00 [running]> on host b67ce4676396
[2024-04-16T00:03:24.528+0000] {taskinstance.py:2644} INFO - Exporting env vars: AIRFLOW_CTX_DAG_OWNER='usuario' AIRFLOW_CTX_DAG_ID='m_dag_ejecutaap' AIRFLOW_CTX_TASK_ID='ejecutar_script_' AIRFLOW_CTX_EXECUTION_DATE='2024-04-16T00:03:07.946568+00:00' AIRFLOW_CTX_TRY_NUMBER='1' AIRFLOW_CTX_DAG_RUN_ID='manual__2024-04-16T00:03:07.946568+00:00'
[2024-04-16T00:03:24.541+0000] {taskinstance.py:430} INFO - ::endgroup::
[2024-04-16T00:03:24.589+0000] {logging_mixin.py:188} INFO - /opt/***/script.py
[2024-04-16T00:03:24.590+0000] {python.py:237} INFO - Done. Returned value was: None
[2024-04-16T00:03:24.599+0000] {taskinstance.py:441} INFO - ::group::Post task execution logs
[2024-04-16T00:03:24.643+0000] {taskinstance.py:1205} INFO - Marking task as SUCCESS. dag_id=m_dag_ejecutaap, task_id=ejecutar_script_, execution_date=20240416T000307, start_date=20240416T000322, end_date=20240416T000324
[2024-04-16T00:03:24.822+0000] {local_task_job_runner.py:240} INFO - Task exited with return code 0
[2024-04-16T00:03:25.013+0000] {taskinstance.py:3482} INFO - 0 downstream tasks scheduled from follow-on schedule check
[2024-04-16T00:03:25.062+0000] {local_task_job_runner.py:222} INFO - ::endgroup::
