[2024-04-25T01:04:35.192+0000] {manager.py:470} INFO - Processing files using up to 2 processes at a time 
[2024-04-25T01:04:35.205+0000] {manager.py:471} INFO - Process each file at most once every 30 seconds
[2024-04-25T01:04:35.207+0000] {manager.py:472} INFO - Checking for new files in /opt/airflow/dags every 300 seconds
[2024-04-25T01:04:35.209+0000] {manager.py:737} INFO - Searching for files in /opt/airflow/dags
[2024-04-25T01:04:40.819+0000] {manager.py:740} INFO - There are 5 files in /opt/airflow/dags
[2024-04-25T01:04:44.042+0000] {manager.py:878} INFO - 
================================================================================
DAG File Processing Stats

File Path                         PID  Runtime      # DAGs    # Errors  Last Runtime    Last Run
------------------------------  -----  ---------  --------  ----------  --------------  ----------
/opt/airflow/dags/Clima_ETL.py     49  0.33s             0           0
/opt/airflow/dags/P1.py                                  0           0
/opt/airflow/dags/P2.py                                  0           0
/opt/airflow/dags/P3.py            50  0.14s             0           0
/opt/airflow/dags/Prueba.py                              0           0
================================================================================
[2024-04-25T01:05:15.055+0000] {manager.py:878} INFO - 
================================================================================
DAG File Processing Stats

File Path                         PID  Runtime      # DAGs    # Errors  Last Runtime    Last Run
------------------------------  -----  ---------  --------  ----------  --------------  -------------------
/opt/airflow/dags/Clima_ETL.py                           1           0  14.67s          2024-04-25T01:04:58
/opt/airflow/dags/P1.py                                  0           0
/opt/airflow/dags/P2.py            56  16.59s            0           0
/opt/airflow/dags/P3.py            50  31.20s            0           0
/opt/airflow/dags/Prueba.py                              0           0
================================================================================
[2024-04-25T01:05:45.412+0000] {manager.py:878} INFO - 
================================================================================
DAG File Processing Stats

File Path                       PID    Runtime      # DAGs    # Errors  Last Runtime    Last Run
------------------------------  -----  ---------  --------  ----------  --------------  -------------------
/opt/airflow/dags/P3.py                                  1           0  37.48s          2024-04-25T01:05:21
/opt/airflow/dags/P2.py                                  1           0  29.40s          2024-04-25T01:05:27
/opt/airflow/dags/P1.py                                  1           0  10.33s          2024-04-25T01:05:32
/opt/airflow/dags/Prueba.py                              1           0  7.55s           2024-04-25T01:05:35
/opt/airflow/dags/Clima_ETL.py                           1           0  4.52s           2024-04-25T01:05:37
================================================================================
[2024-04-25T01:06:16.762+0000] {manager.py:878} INFO - 
================================================================================
DAG File Processing Stats

File Path                       PID    Runtime      # DAGs    # Errors  Last Runtime    Last Run
------------------------------  -----  ---------  --------  ----------  --------------  -------------------
/opt/airflow/dags/P3.py                                  1           0  6.03s           2024-04-25T01:05:57
/opt/airflow/dags/P2.py                                  1           0  4.05s           2024-04-25T01:06:02
/opt/airflow/dags/P1.py                                  1           0  1.30s           2024-04-25T01:06:04
/opt/airflow/dags/Clima_ETL.py                           1           0  0.90s           2024-04-25T01:06:08
/opt/airflow/dags/Prueba.py                              1           0  0.77s           2024-04-25T01:06:06
================================================================================
[2024-04-25T01:06:46.941+0000] {manager.py:878} INFO - 
================================================================================
DAG File Processing Stats

File Path                       PID    Runtime      # DAGs    # Errors  Last Runtime    Last Run
------------------------------  -----  ---------  --------  ----------  --------------  -------------------
/opt/airflow/dags/P3.py                                  1           0  1.53s           2024-04-25T01:06:30
/opt/airflow/dags/Prueba.py                              1           0  0.67s           2024-04-25T01:06:37
/opt/airflow/dags/P2.py                                  1           0  0.48s           2024-04-25T01:06:33
/opt/airflow/dags/P1.py                                  1           0  0.32s           2024-04-25T01:06:34
/opt/airflow/dags/Clima_ETL.py                           1           0  0.29s           2024-04-25T01:06:38
================================================================================
[2024-04-25T01:07:17.411+0000] {manager.py:878} INFO - 
================================================================================
DAG File Processing Stats

File Path                       PID    Runtime      # DAGs    # Errors  Last Runtime    Last Run
------------------------------  -----  ---------  --------  ----------  --------------  -------------------
/opt/airflow/dags/Prueba.py                              1           0  4.98s           2024-04-25T01:07:12
/opt/airflow/dags/Clima_ETL.py                           1           0  2.94s           2024-04-25T01:07:12
/opt/airflow/dags/P3.py                                  1           0  1.22s           2024-04-25T01:07:01
/opt/airflow/dags/P1.py                                  1           0  0.71s           2024-04-25T01:07:05
/opt/airflow/dags/P2.py                                  1           0  0.65s           2024-04-25T01:07:04
================================================================================
[2024-04-25T01:07:47.777+0000] {manager.py:878} INFO - 
================================================================================
DAG File Processing Stats

File Path                         PID  Runtime      # DAGs    # Errors  Last Runtime    Last Run
------------------------------  -----  ---------  --------  ----------  --------------  -------------------
/opt/airflow/dags/P2.py                                  1           0  5.75s           2024-04-25T01:07:40
/opt/airflow/dags/Prueba.py       103  4.55s             1           0  4.98s           2024-04-25T01:07:12
/opt/airflow/dags/P1.py                                  1           0  4.61s           2024-04-25T01:07:40
/opt/airflow/dags/Clima_ETL.py    102  4.58s             1           0  2.94s           2024-04-25T01:07:12
/opt/airflow/dags/P3.py                                  1           0  2.02s           2024-04-25T01:07:34
================================================================================
[2024-04-25T01:08:07.499+0000] {manager.py:1128} WARNING - Skipping processing of missing file: /opt/airflow/dags/Prueba.py
[2024-04-25T01:08:18.688+0000] {manager.py:878} INFO - 
================================================================================
DAG File Processing Stats

File Path                       PID    Runtime      # DAGs    # Errors  Last Runtime    Last Run
------------------------------  -----  ---------  --------  ----------  --------------  -------------------
/opt/airflow/dags/Clima_ETL.py                           1           0  7.50s           2024-04-25T01:07:50
/opt/airflow/dags/P2.py                                  1           0  1.57s           2024-04-25T01:08:13
/opt/airflow/dags/P1.py                                  1           0  1.22s           2024-04-25T01:08:13
/opt/airflow/dags/P3.py                                  1           0  0.83s           2024-04-25T01:08:05
================================================================================
[2024-04-25T01:08:21.752+0000] {manager.py:1128} WARNING - Skipping processing of missing file: /opt/airflow/dags/P1.py
[2024-04-25T01:08:29.622+0000] {manager.py:1128} WARNING - Skipping processing of missing file: /opt/airflow/dags/P2.py
[2024-04-25T01:08:49.741+0000] {manager.py:878} INFO - 
================================================================================
DAG File Processing Stats

File Path                       PID    Runtime      # DAGs    # Errors  Last Runtime    Last Run
------------------------------  -----  ---------  --------  ----------  --------------  -------------------
/opt/airflow/dags/P3.py                                  1           0  5.24s           2024-04-25T01:08:40
/opt/airflow/dags/Clima_ETL.py                           1           0  2.90s           2024-04-25T01:08:23
================================================================================
[2024-04-25T01:09:19.989+0000] {manager.py:878} INFO - 
================================================================================
DAG File Processing Stats

File Path                       PID    Runtime      # DAGs    # Errors  Last Runtime    Last Run
------------------------------  -----  ---------  --------  ----------  --------------  -------------------
/opt/airflow/dags/Clima_ETL.py                           1           0  0.41s           2024-04-25T01:08:55
/opt/airflow/dags/P3.py                                  1           0  0.27s           2024-04-25T01:09:11
================================================================================
[2024-04-25T01:09:35.350+0000] {manager.py:737} INFO - Searching for files in /opt/airflow/dags
[2024-04-25T01:09:35.663+0000] {manager.py:740} INFO - There are 2 files in /opt/airflow/dags
[2024-04-25T01:09:50.035+0000] {manager.py:878} INFO - 
================================================================================
DAG File Processing Stats

File Path                       PID    Runtime      # DAGs    # Errors  Last Runtime    Last Run
------------------------------  -----  ---------  --------  ----------  --------------  -------------------
/opt/airflow/dags/P3.py                                  1           0  2.84s           2024-04-25T01:09:44
/opt/airflow/dags/Clima_ETL.py                           1           0  0.28s           2024-04-25T01:09:26
================================================================================
[2024-04-25T01:10:20.470+0000] {manager.py:878} INFO - 
================================================================================
DAG File Processing Stats

File Path                       PID    Runtime      # DAGs    # Errors  Last Runtime    Last Run
------------------------------  -----  ---------  --------  ----------  --------------  -------------------
/opt/airflow/dags/P3.py                                  1           0  3.23s           2024-04-25T01:10:18
/opt/airflow/dags/Clima_ETL.py                           1           0  0.21s           2024-04-25T01:09:56
================================================================================
[2024-04-25T01:10:50.759+0000] {manager.py:878} INFO - 
================================================================================
DAG File Processing Stats

File Path                         PID  Runtime      # DAGs    # Errors  Last Runtime    Last Run
------------------------------  -----  ---------  --------  ----------  --------------  -------------------
/opt/airflow/dags/P3.py           150  2.02s             1           0  3.23s           2024-04-25T01:10:18
/opt/airflow/dags/Clima_ETL.py                           1           0  0.39s           2024-04-25T01:10:27
================================================================================
[2024-04-25T01:11:20.889+0000] {manager.py:878} INFO - 
================================================================================
DAG File Processing Stats

File Path                       PID    Runtime      # DAGs    # Errors  Last Runtime    Last Run
------------------------------  -----  ---------  --------  ----------  --------------  -------------------
/opt/airflow/dags/Clima_ETL.py                           1           0  22.44s          2024-04-25T01:11:20
/opt/airflow/dags/P3.py                                  1           0  4.28s           2024-04-25T01:10:53
================================================================================
[2024-04-25T01:11:50.933+0000] {manager.py:878} INFO - 
================================================================================
DAG File Processing Stats

File Path                       PID    Runtime      # DAGs    # Errors  Last Runtime    Last Run
------------------------------  -----  ---------  --------  ----------  --------------  -------------------
/opt/airflow/dags/P3.py                                  1           0  1.81s           2024-04-25T01:11:25
/opt/airflow/dags/Clima_ETL.py                           1           0  0.47s           2024-04-25T01:11:50
================================================================================
[2024-04-25T01:12:21.132+0000] {manager.py:878} INFO - 
================================================================================
DAG File Processing Stats

File Path                         PID  Runtime      # DAGs    # Errors  Last Runtime    Last Run
------------------------------  -----  ---------  --------  ----------  --------------  -------------------
/opt/airflow/dags/Clima_ETL.py    179  0.02s             1           0  0.47s           2024-04-25T01:11:50
/opt/airflow/dags/P3.py                                  1           0  0.20s           2024-04-25T01:11:55
================================================================================
[2024-04-25T01:12:37.927+0000] {manager.py:1128} WARNING - Skipping processing of missing file: /opt/airflow/dags/P3.py
[2024-04-25T01:12:51.507+0000] {manager.py:878} INFO - 
================================================================================
DAG File Processing Stats

File Path                       PID    Runtime      # DAGs    # Errors  Last Runtime    Last Run
------------------------------  -----  ---------  --------  ----------  --------------  -------------------
/opt/airflow/dags/Clima_ETL.py                           1           0  1.68s           2024-04-25T01:12:22
================================================================================
