[2024-04-17T00:08:47.851+0000] {local_task_job_runner.py:120} INFO - ::group::Pre task execution logs
[2024-04-17T00:08:48.008+0000] {taskinstance.py:2073} INFO - Dependencies all met for dep_context=non-requeueable deps ti=<TaskInstance: m_dag_ejecutaap.ejecutar_script_ scheduled__2024-04-16T00:00:00+00:00 [queued]>
[2024-04-17T00:08:48.053+0000] {taskinstance.py:2073} INFO - Dependencies all met for dep_context=requeueable deps ti=<TaskInstance: m_dag_ejecutaap.ejecutar_script_ scheduled__2024-04-16T00:00:00+00:00 [queued]>
[2024-04-17T00:08:48.057+0000] {taskinstance.py:2303} INFO - Starting attempt 2 of 2
[2024-04-17T00:08:48.344+0000] {taskinstance.py:2327} INFO - Executing <Task(PythonOperator): ejecutar_script_> on 2024-04-16 00:00:00+00:00
[2024-04-17T00:08:48.365+0000] {warnings.py:110} WARNING - /home/***/.local/lib/python3.12/site-packages/***/task/task_runner/standard_task_runner.py:61: DeprecationWarning: This process (pid=136) is multi-threaded, use of fork() may lead to deadlocks in the child.
  pid = os.fork()

[2024-04-17T00:08:48.359+0000] {standard_task_runner.py:90} INFO - Running: ['***', 'tasks', 'run', 'm_dag_ejecutaap', 'ejecutar_script_', 'scheduled__2024-04-16T00:00:00+00:00', '--job-id', '279', '--raw', '--subdir', 'DAGS_FOLDER/holaa.py', '--cfg-path', '/tmp/tmpmov55rji']
[2024-04-17T00:08:48.376+0000] {standard_task_runner.py:63} INFO - Started process 137 to run task
[2024-04-17T00:08:48.377+0000] {standard_task_runner.py:91} INFO - Job 279: Subtask ejecutar_script_
[2024-04-17T00:08:48.603+0000] {task_command.py:426} INFO - Running <TaskInstance: m_dag_ejecutaap.ejecutar_script_ scheduled__2024-04-16T00:00:00+00:00 [running]> on host 016d8c81e0c3
[2024-04-17T00:08:49.150+0000] {taskinstance.py:2644} INFO - Exporting env vars: AIRFLOW_CTX_DAG_OWNER='usuario' AIRFLOW_CTX_DAG_ID='m_dag_ejecutaap' AIRFLOW_CTX_TASK_ID='ejecutar_script_' AIRFLOW_CTX_EXECUTION_DATE='2024-04-16T00:00:00+00:00' AIRFLOW_CTX_TRY_NUMBER='2' AIRFLOW_CTX_DAG_RUN_ID='scheduled__2024-04-16T00:00:00+00:00'
[2024-04-17T00:08:49.195+0000] {taskinstance.py:430} INFO - ::endgroup::
[2024-04-17T00:08:49.578+0000] {logging_mixin.py:188} INFO - /opt/***/script.py
[2024-04-17T00:08:49.593+0000] {python.py:237} INFO - Done. Returned value was: None
[2024-04-17T00:08:49.609+0000] {taskinstance.py:441} INFO - ::group::Post task execution logs
[2024-04-17T00:08:49.642+0000] {taskinstance.py:1205} INFO - Marking task as SUCCESS. dag_id=m_dag_ejecutaap, task_id=ejecutar_script_, execution_date=20240416T000000, start_date=20240417T000848, end_date=20240417T000849
[2024-04-17T00:08:49.887+0000] {local_task_job_runner.py:240} INFO - Task exited with return code 0
[2024-04-17T00:08:50.107+0000] {taskinstance.py:3482} INFO - 0 downstream tasks scheduled from follow-on schedule check
[2024-04-17T00:08:50.187+0000] {local_task_job_runner.py:222} INFO - ::endgroup::
