[2024-04-07T14:37:08.731+0000] {processor.py:161} INFO - Started process (PID=48) to work on /opt/airflow/dags/Dag2.py
[2024-04-07T14:37:08.739+0000] {processor.py:830} INFO - Processing file /opt/airflow/dags/Dag2.py for tasks to queue
[2024-04-07T14:37:08.757+0000] {logging_mixin.py:188} INFO - [2024-04-07T14:37:08.757+0000] {dagbag.py:540} INFO - Filling up the DagBag from /opt/airflow/dags/Dag2.py
[2024-04-07T14:37:08.917+0000] {processor.py:840} INFO - DAG(s) 'dag2' retrieved from /opt/airflow/dags/Dag2.py
[2024-04-07T14:37:09.903+0000] {logging_mixin.py:188} INFO - [2024-04-07T14:37:09.902+0000] {dag.py:3047} INFO - Sync 1 DAGs
[2024-04-07T14:37:10.902+0000] {logging_mixin.py:188} INFO - [2024-04-07T14:37:10.901+0000] {dag.py:3834} INFO - Setting next_dagrun for dag2 to 2024-04-06 00:00:00+00:00, run_after=2024-04-07 00:00:00+00:00
[2024-04-07T14:37:12.922+0000] {processor.py:183} INFO - Processing /opt/airflow/dags/Dag2.py took 4.203 seconds
[2024-04-07T14:39:11.083+0000] {processor.py:161} INFO - Started process (PID=38) to work on /opt/airflow/dags/Dag2.py
[2024-04-07T14:39:11.086+0000] {processor.py:830} INFO - Processing file /opt/airflow/dags/Dag2.py for tasks to queue
[2024-04-07T14:39:11.095+0000] {logging_mixin.py:188} INFO - [2024-04-07T14:39:11.093+0000] {dagbag.py:540} INFO - Filling up the DagBag from /opt/airflow/dags/Dag2.py
[2024-04-07T14:39:11.147+0000] {processor.py:840} INFO - DAG(s) 'dag2' retrieved from /opt/airflow/dags/Dag2.py
[2024-04-07T14:39:11.321+0000] {logging_mixin.py:188} INFO - [2024-04-07T14:39:11.320+0000] {dag.py:3047} INFO - Sync 1 DAGs
[2024-04-07T14:39:11.422+0000] {logging_mixin.py:188} INFO - [2024-04-07T14:39:11.421+0000] {dag.py:3834} INFO - Setting next_dagrun for dag2 to 2024-04-06 00:00:00+00:00, run_after=2024-04-07 00:00:00+00:00
[2024-04-07T14:39:11.580+0000] {processor.py:183} INFO - Processing /opt/airflow/dags/Dag2.py took 0.508 seconds
[2024-04-07T14:39:46.476+0000] {processor.py:161} INFO - Started process (PID=95) to work on /opt/airflow/dags/Dag2.py
[2024-04-07T14:39:46.483+0000] {processor.py:830} INFO - Processing file /opt/airflow/dags/Dag2.py for tasks to queue
[2024-04-07T14:39:46.488+0000] {logging_mixin.py:188} INFO - [2024-04-07T14:39:46.487+0000] {dagbag.py:540} INFO - Filling up the DagBag from /opt/airflow/dags/Dag2.py
[2024-04-07T14:39:46.524+0000] {processor.py:840} INFO - DAG(s) 'dag2' retrieved from /opt/airflow/dags/Dag2.py
[2024-04-07T14:39:46.593+0000] {logging_mixin.py:188} INFO - [2024-04-07T14:39:46.592+0000] {dag.py:3047} INFO - Sync 1 DAGs
[2024-04-07T14:39:46.692+0000] {logging_mixin.py:188} INFO - [2024-04-07T14:39:46.691+0000] {dag.py:3834} INFO - Setting next_dagrun for dag2 to 2024-04-06 00:00:00+00:00, run_after=2024-04-07 00:00:00+00:00
[2024-04-07T14:39:47.464+0000] {processor.py:183} INFO - Processing /opt/airflow/dags/Dag2.py took 0.995 seconds
[2024-04-07T14:40:20.128+0000] {processor.py:161} INFO - Started process (PID=152) to work on /opt/airflow/dags/Dag2.py
[2024-04-07T14:40:20.131+0000] {processor.py:830} INFO - Processing file /opt/airflow/dags/Dag2.py for tasks to queue
[2024-04-07T14:40:20.145+0000] {logging_mixin.py:188} INFO - [2024-04-07T14:40:20.144+0000] {dagbag.py:540} INFO - Filling up the DagBag from /opt/airflow/dags/Dag2.py
[2024-04-07T14:40:20.197+0000] {processor.py:840} INFO - DAG(s) 'dag2' retrieved from /opt/airflow/dags/Dag2.py
[2024-04-07T14:40:20.304+0000] {logging_mixin.py:188} INFO - [2024-04-07T14:40:20.303+0000] {dag.py:3047} INFO - Sync 1 DAGs
[2024-04-07T14:40:20.512+0000] {logging_mixin.py:188} INFO - [2024-04-07T14:40:20.501+0000] {dag.py:3834} INFO - Setting next_dagrun for dag2 to 2024-04-06 00:00:00+00:00, run_after=2024-04-07 00:00:00+00:00
[2024-04-07T14:40:20.634+0000] {processor.py:183} INFO - Processing /opt/airflow/dags/Dag2.py took 0.526 seconds
[2024-04-07T14:40:51.126+0000] {processor.py:161} INFO - Started process (PID=207) to work on /opt/airflow/dags/Dag2.py
[2024-04-07T14:40:51.138+0000] {processor.py:830} INFO - Processing file /opt/airflow/dags/Dag2.py for tasks to queue
[2024-04-07T14:40:51.143+0000] {logging_mixin.py:188} INFO - [2024-04-07T14:40:51.142+0000] {dagbag.py:540} INFO - Filling up the DagBag from /opt/airflow/dags/Dag2.py
[2024-04-07T14:40:51.212+0000] {processor.py:840} INFO - DAG(s) 'dag2' retrieved from /opt/airflow/dags/Dag2.py
[2024-04-07T14:40:51.306+0000] {logging_mixin.py:188} INFO - [2024-04-07T14:40:51.305+0000] {dag.py:3047} INFO - Sync 1 DAGs
[2024-04-07T14:40:51.374+0000] {logging_mixin.py:188} INFO - [2024-04-07T14:40:51.374+0000] {dag.py:3834} INFO - Setting next_dagrun for dag2 to 2024-04-06 00:00:00+00:00, run_after=2024-04-07 00:00:00+00:00
[2024-04-07T14:40:51.677+0000] {processor.py:183} INFO - Processing /opt/airflow/dags/Dag2.py took 0.567 seconds
[2024-04-07T14:41:21.833+0000] {processor.py:161} INFO - Started process (PID=262) to work on /opt/airflow/dags/Dag2.py
[2024-04-07T14:41:21.838+0000] {processor.py:830} INFO - Processing file /opt/airflow/dags/Dag2.py for tasks to queue
[2024-04-07T14:41:21.847+0000] {logging_mixin.py:188} INFO - [2024-04-07T14:41:21.846+0000] {dagbag.py:540} INFO - Filling up the DagBag from /opt/airflow/dags/Dag2.py
[2024-04-07T14:41:21.936+0000] {processor.py:840} INFO - DAG(s) 'dag2' retrieved from /opt/airflow/dags/Dag2.py
[2024-04-07T14:41:22.013+0000] {logging_mixin.py:188} INFO - [2024-04-07T14:41:22.009+0000] {dag.py:3047} INFO - Sync 1 DAGs
[2024-04-07T14:41:22.146+0000] {logging_mixin.py:188} INFO - [2024-04-07T14:41:22.145+0000] {dag.py:3834} INFO - Setting next_dagrun for dag2 to 2024-04-06 00:00:00+00:00, run_after=2024-04-07 00:00:00+00:00
[2024-04-07T14:41:22.344+0000] {processor.py:183} INFO - Processing /opt/airflow/dags/Dag2.py took 0.523 seconds
[2024-04-07T14:41:52.871+0000] {processor.py:161} INFO - Started process (PID=319) to work on /opt/airflow/dags/Dag2.py
[2024-04-07T14:41:52.874+0000] {processor.py:830} INFO - Processing file /opt/airflow/dags/Dag2.py for tasks to queue
[2024-04-07T14:41:52.883+0000] {logging_mixin.py:188} INFO - [2024-04-07T14:41:52.883+0000] {dagbag.py:540} INFO - Filling up the DagBag from /opt/airflow/dags/Dag2.py
[2024-04-07T14:41:52.938+0000] {processor.py:840} INFO - DAG(s) 'dag2' retrieved from /opt/airflow/dags/Dag2.py
[2024-04-07T14:41:53.006+0000] {logging_mixin.py:188} INFO - [2024-04-07T14:41:53.006+0000] {dag.py:3047} INFO - Sync 1 DAGs
[2024-04-07T14:41:53.080+0000] {logging_mixin.py:188} INFO - [2024-04-07T14:41:53.080+0000] {dag.py:3834} INFO - Setting next_dagrun for dag2 to 2024-04-06 00:00:00+00:00, run_after=2024-04-07 00:00:00+00:00
[2024-04-07T14:41:53.137+0000] {processor.py:183} INFO - Processing /opt/airflow/dags/Dag2.py took 0.279 seconds
[2024-04-07T14:42:23.333+0000] {processor.py:161} INFO - Started process (PID=376) to work on /opt/airflow/dags/Dag2.py
[2024-04-07T14:42:23.335+0000] {processor.py:830} INFO - Processing file /opt/airflow/dags/Dag2.py for tasks to queue
[2024-04-07T14:42:23.340+0000] {logging_mixin.py:188} INFO - [2024-04-07T14:42:23.339+0000] {dagbag.py:540} INFO - Filling up the DagBag from /opt/airflow/dags/Dag2.py
[2024-04-07T14:42:23.372+0000] {processor.py:840} INFO - DAG(s) 'dag2' retrieved from /opt/airflow/dags/Dag2.py
[2024-04-07T14:42:23.420+0000] {logging_mixin.py:188} INFO - [2024-04-07T14:42:23.420+0000] {dag.py:3047} INFO - Sync 1 DAGs
[2024-04-07T14:42:23.474+0000] {logging_mixin.py:188} INFO - [2024-04-07T14:42:23.474+0000] {dag.py:3834} INFO - Setting next_dagrun for dag2 to 2024-04-06 00:00:00+00:00, run_after=2024-04-07 00:00:00+00:00
[2024-04-07T14:42:23.541+0000] {processor.py:183} INFO - Processing /opt/airflow/dags/Dag2.py took 0.214 seconds
[2024-04-07T14:42:54.402+0000] {processor.py:161} INFO - Started process (PID=433) to work on /opt/airflow/dags/Dag2.py
[2024-04-07T14:42:54.405+0000] {processor.py:830} INFO - Processing file /opt/airflow/dags/Dag2.py for tasks to queue
[2024-04-07T14:42:54.411+0000] {logging_mixin.py:188} INFO - [2024-04-07T14:42:54.411+0000] {dagbag.py:540} INFO - Filling up the DagBag from /opt/airflow/dags/Dag2.py
[2024-04-07T14:42:54.464+0000] {processor.py:840} INFO - DAG(s) 'dag2' retrieved from /opt/airflow/dags/Dag2.py
[2024-04-07T14:42:54.525+0000] {logging_mixin.py:188} INFO - [2024-04-07T14:42:54.525+0000] {dag.py:3047} INFO - Sync 1 DAGs
[2024-04-07T14:42:54.585+0000] {logging_mixin.py:188} INFO - [2024-04-07T14:42:54.585+0000] {dag.py:3834} INFO - Setting next_dagrun for dag2 to 2024-04-06 00:00:00+00:00, run_after=2024-04-07 00:00:00+00:00
[2024-04-07T14:42:54.639+0000] {processor.py:183} INFO - Processing /opt/airflow/dags/Dag2.py took 0.247 seconds
[2024-04-07T14:43:25.930+0000] {processor.py:161} INFO - Started process (PID=491) to work on /opt/airflow/dags/Dag2.py
[2024-04-07T14:43:25.938+0000] {processor.py:830} INFO - Processing file /opt/airflow/dags/Dag2.py for tasks to queue
[2024-04-07T14:43:25.955+0000] {logging_mixin.py:188} INFO - [2024-04-07T14:43:25.955+0000] {dagbag.py:540} INFO - Filling up the DagBag from /opt/airflow/dags/Dag2.py
[2024-04-07T14:43:26.035+0000] {processor.py:840} INFO - DAG(s) 'dag2' retrieved from /opt/airflow/dags/Dag2.py
[2024-04-07T14:43:26.193+0000] {logging_mixin.py:188} INFO - [2024-04-07T14:43:26.192+0000] {dag.py:3047} INFO - Sync 1 DAGs
[2024-04-07T14:43:26.366+0000] {logging_mixin.py:188} INFO - [2024-04-07T14:43:26.365+0000] {dag.py:3834} INFO - Setting next_dagrun for dag2 to 2024-04-06 00:00:00+00:00, run_after=2024-04-07 00:00:00+00:00
[2024-04-07T14:43:26.462+0000] {processor.py:183} INFO - Processing /opt/airflow/dags/Dag2.py took 0.550 seconds
[2024-04-07T14:43:57.353+0000] {processor.py:161} INFO - Started process (PID=548) to work on /opt/airflow/dags/Dag2.py
[2024-04-07T14:43:57.355+0000] {processor.py:830} INFO - Processing file /opt/airflow/dags/Dag2.py for tasks to queue
[2024-04-07T14:43:57.370+0000] {logging_mixin.py:188} INFO - [2024-04-07T14:43:57.369+0000] {dagbag.py:540} INFO - Filling up the DagBag from /opt/airflow/dags/Dag2.py
[2024-04-07T14:43:57.459+0000] {processor.py:840} INFO - DAG(s) 'dag2' retrieved from /opt/airflow/dags/Dag2.py
[2024-04-07T14:43:57.548+0000] {logging_mixin.py:188} INFO - [2024-04-07T14:43:57.547+0000] {dag.py:3047} INFO - Sync 1 DAGs
[2024-04-07T14:43:57.700+0000] {logging_mixin.py:188} INFO - [2024-04-07T14:43:57.699+0000] {dag.py:3834} INFO - Setting next_dagrun for dag2 to 2024-04-06 00:00:00+00:00, run_after=2024-04-07 00:00:00+00:00
[2024-04-07T14:43:57.990+0000] {processor.py:183} INFO - Processing /opt/airflow/dags/Dag2.py took 0.642 seconds
[2024-04-07T14:44:28.561+0000] {processor.py:161} INFO - Started process (PID=605) to work on /opt/airflow/dags/Dag2.py
[2024-04-07T14:44:28.564+0000] {processor.py:830} INFO - Processing file /opt/airflow/dags/Dag2.py for tasks to queue
[2024-04-07T14:44:28.579+0000] {logging_mixin.py:188} INFO - [2024-04-07T14:44:28.578+0000] {dagbag.py:540} INFO - Filling up the DagBag from /opt/airflow/dags/Dag2.py
[2024-04-07T14:44:28.635+0000] {processor.py:840} INFO - DAG(s) 'dag2' retrieved from /opt/airflow/dags/Dag2.py
[2024-04-07T14:44:28.711+0000] {logging_mixin.py:188} INFO - [2024-04-07T14:44:28.710+0000] {dag.py:3047} INFO - Sync 1 DAGs
[2024-04-07T14:44:28.764+0000] {logging_mixin.py:188} INFO - [2024-04-07T14:44:28.763+0000] {dag.py:3834} INFO - Setting next_dagrun for dag2 to 2024-04-06 00:00:00+00:00, run_after=2024-04-07 00:00:00+00:00
[2024-04-07T14:44:28.967+0000] {processor.py:183} INFO - Processing /opt/airflow/dags/Dag2.py took 0.423 seconds
[2024-04-07T14:45:03.657+0000] {processor.py:161} INFO - Started process (PID=658) to work on /opt/airflow/dags/Dag2.py
[2024-04-07T14:45:03.660+0000] {processor.py:830} INFO - Processing file /opt/airflow/dags/Dag2.py for tasks to queue
[2024-04-07T14:45:03.664+0000] {logging_mixin.py:188} INFO - [2024-04-07T14:45:03.664+0000] {dagbag.py:540} INFO - Filling up the DagBag from /opt/airflow/dags/Dag2.py
[2024-04-07T14:45:03.707+0000] {processor.py:840} INFO - DAG(s) 'dag2' retrieved from /opt/airflow/dags/Dag2.py
[2024-04-07T14:45:03.790+0000] {logging_mixin.py:188} INFO - [2024-04-07T14:45:03.790+0000] {dag.py:3047} INFO - Sync 1 DAGs
[2024-04-07T14:45:03.855+0000] {logging_mixin.py:188} INFO - [2024-04-07T14:45:03.855+0000] {dag.py:3834} INFO - Setting next_dagrun for dag2 to 2024-04-06 00:00:00+00:00, run_after=2024-04-07 00:00:00+00:00
[2024-04-07T14:45:04.474+0000] {processor.py:183} INFO - Processing /opt/airflow/dags/Dag2.py took 0.849 seconds
[2024-04-07T14:45:34.930+0000] {processor.py:161} INFO - Started process (PID=715) to work on /opt/airflow/dags/Dag2.py
[2024-04-07T14:45:34.933+0000] {processor.py:830} INFO - Processing file /opt/airflow/dags/Dag2.py for tasks to queue
[2024-04-07T14:45:34.945+0000] {logging_mixin.py:188} INFO - [2024-04-07T14:45:34.945+0000] {dagbag.py:540} INFO - Filling up the DagBag from /opt/airflow/dags/Dag2.py
[2024-04-07T14:45:34.999+0000] {processor.py:840} INFO - DAG(s) 'dag2' retrieved from /opt/airflow/dags/Dag2.py
[2024-04-07T14:45:35.065+0000] {logging_mixin.py:188} INFO - [2024-04-07T14:45:35.064+0000] {dag.py:3047} INFO - Sync 1 DAGs
[2024-04-07T14:45:35.125+0000] {logging_mixin.py:188} INFO - [2024-04-07T14:45:35.125+0000] {dag.py:3834} INFO - Setting next_dagrun for dag2 to 2024-04-06 00:00:00+00:00, run_after=2024-04-07 00:00:00+00:00
[2024-04-07T14:45:35.330+0000] {processor.py:183} INFO - Processing /opt/airflow/dags/Dag2.py took 0.412 seconds
[2024-04-07T14:46:05.412+0000] {processor.py:161} INFO - Started process (PID=772) to work on /opt/airflow/dags/Dag2.py
[2024-04-07T14:46:05.413+0000] {processor.py:830} INFO - Processing file /opt/airflow/dags/Dag2.py for tasks to queue
[2024-04-07T14:46:05.416+0000] {logging_mixin.py:188} INFO - [2024-04-07T14:46:05.416+0000] {dagbag.py:540} INFO - Filling up the DagBag from /opt/airflow/dags/Dag2.py
[2024-04-07T14:46:05.448+0000] {processor.py:840} INFO - DAG(s) 'dag2' retrieved from /opt/airflow/dags/Dag2.py
[2024-04-07T14:46:05.483+0000] {logging_mixin.py:188} INFO - [2024-04-07T14:46:05.483+0000] {dag.py:3047} INFO - Sync 1 DAGs
[2024-04-07T14:46:05.525+0000] {logging_mixin.py:188} INFO - [2024-04-07T14:46:05.525+0000] {dag.py:3834} INFO - Setting next_dagrun for dag2 to 2024-04-06 00:00:00+00:00, run_after=2024-04-07 00:00:00+00:00
[2024-04-07T14:46:05.565+0000] {processor.py:183} INFO - Processing /opt/airflow/dags/Dag2.py took 0.158 seconds
[2024-04-07T14:46:36.772+0000] {processor.py:161} INFO - Started process (PID=829) to work on /opt/airflow/dags/Dag2.py
[2024-04-07T14:46:36.774+0000] {processor.py:830} INFO - Processing file /opt/airflow/dags/Dag2.py for tasks to queue
[2024-04-07T14:46:36.789+0000] {logging_mixin.py:188} INFO - [2024-04-07T14:46:36.789+0000] {dagbag.py:540} INFO - Filling up the DagBag from /opt/airflow/dags/Dag2.py
[2024-04-07T14:46:36.842+0000] {processor.py:840} INFO - DAG(s) 'dag2' retrieved from /opt/airflow/dags/Dag2.py
[2024-04-07T14:46:36.959+0000] {logging_mixin.py:188} INFO - [2024-04-07T14:46:36.958+0000] {dag.py:3047} INFO - Sync 1 DAGs
[2024-04-07T14:46:37.119+0000] {logging_mixin.py:188} INFO - [2024-04-07T14:46:37.107+0000] {dag.py:3834} INFO - Setting next_dagrun for dag2 to 2024-04-06 00:00:00+00:00, run_after=2024-04-07 00:00:00+00:00
[2024-04-07T14:46:37.414+0000] {processor.py:183} INFO - Processing /opt/airflow/dags/Dag2.py took 0.665 seconds
[2024-04-07T14:47:08.339+0000] {processor.py:161} INFO - Started process (PID=886) to work on /opt/airflow/dags/Dag2.py
[2024-04-07T14:47:08.341+0000] {processor.py:830} INFO - Processing file /opt/airflow/dags/Dag2.py for tasks to queue
[2024-04-07T14:47:08.346+0000] {logging_mixin.py:188} INFO - [2024-04-07T14:47:08.345+0000] {dagbag.py:540} INFO - Filling up the DagBag from /opt/airflow/dags/Dag2.py
[2024-04-07T14:47:08.370+0000] {processor.py:840} INFO - DAG(s) 'dag2' retrieved from /opt/airflow/dags/Dag2.py
[2024-04-07T14:47:08.401+0000] {logging_mixin.py:188} INFO - [2024-04-07T14:47:08.401+0000] {dag.py:3047} INFO - Sync 1 DAGs
[2024-04-07T14:47:08.444+0000] {logging_mixin.py:188} INFO - [2024-04-07T14:47:08.444+0000] {dag.py:3834} INFO - Setting next_dagrun for dag2 to 2024-04-06 00:00:00+00:00, run_after=2024-04-07 00:00:00+00:00
[2024-04-07T14:47:08.483+0000] {processor.py:183} INFO - Processing /opt/airflow/dags/Dag2.py took 0.150 seconds
[2024-04-07T14:47:38.773+0000] {processor.py:161} INFO - Started process (PID=943) to work on /opt/airflow/dags/Dag2.py
[2024-04-07T14:47:38.793+0000] {processor.py:830} INFO - Processing file /opt/airflow/dags/Dag2.py for tasks to queue
[2024-04-07T14:47:38.809+0000] {logging_mixin.py:188} INFO - [2024-04-07T14:47:38.808+0000] {dagbag.py:540} INFO - Filling up the DagBag from /opt/airflow/dags/Dag2.py
[2024-04-07T14:47:38.842+0000] {processor.py:840} INFO - DAG(s) 'dag2' retrieved from /opt/airflow/dags/Dag2.py
[2024-04-07T14:47:38.880+0000] {logging_mixin.py:188} INFO - [2024-04-07T14:47:38.880+0000] {dag.py:3047} INFO - Sync 1 DAGs
[2024-04-07T14:47:38.927+0000] {logging_mixin.py:188} INFO - [2024-04-07T14:47:38.927+0000] {dag.py:3834} INFO - Setting next_dagrun for dag2 to 2024-04-06 00:00:00+00:00, run_after=2024-04-07 00:00:00+00:00
[2024-04-07T14:47:38.976+0000] {processor.py:183} INFO - Processing /opt/airflow/dags/Dag2.py took 0.209 seconds
[2024-04-07T14:48:09.631+0000] {processor.py:161} INFO - Started process (PID=1000) to work on /opt/airflow/dags/Dag2.py
[2024-04-07T14:48:09.633+0000] {processor.py:830} INFO - Processing file /opt/airflow/dags/Dag2.py for tasks to queue
[2024-04-07T14:48:09.637+0000] {logging_mixin.py:188} INFO - [2024-04-07T14:48:09.636+0000] {dagbag.py:540} INFO - Filling up the DagBag from /opt/airflow/dags/Dag2.py
[2024-04-07T14:48:09.663+0000] {processor.py:840} INFO - DAG(s) 'dag2' retrieved from /opt/airflow/dags/Dag2.py
[2024-04-07T14:48:09.699+0000] {logging_mixin.py:188} INFO - [2024-04-07T14:48:09.698+0000] {dag.py:3047} INFO - Sync 1 DAGs
[2024-04-07T14:48:09.735+0000] {logging_mixin.py:188} INFO - [2024-04-07T14:48:09.734+0000] {dag.py:3834} INFO - Setting next_dagrun for dag2 to 2024-04-06 00:00:00+00:00, run_after=2024-04-07 00:00:00+00:00
[2024-04-07T14:48:09.778+0000] {processor.py:183} INFO - Processing /opt/airflow/dags/Dag2.py took 0.152 seconds
[2024-04-07T14:48:40.133+0000] {processor.py:161} INFO - Started process (PID=1057) to work on /opt/airflow/dags/Dag2.py
[2024-04-07T14:48:40.136+0000] {processor.py:830} INFO - Processing file /opt/airflow/dags/Dag2.py for tasks to queue
[2024-04-07T14:48:40.139+0000] {logging_mixin.py:188} INFO - [2024-04-07T14:48:40.138+0000] {dagbag.py:540} INFO - Filling up the DagBag from /opt/airflow/dags/Dag2.py
[2024-04-07T14:48:40.169+0000] {processor.py:840} INFO - DAG(s) 'dag2' retrieved from /opt/airflow/dags/Dag2.py
[2024-04-07T14:48:40.215+0000] {logging_mixin.py:188} INFO - [2024-04-07T14:48:40.215+0000] {dag.py:3047} INFO - Sync 1 DAGs
[2024-04-07T14:48:40.279+0000] {logging_mixin.py:188} INFO - [2024-04-07T14:48:40.279+0000] {dag.py:3834} INFO - Setting next_dagrun for dag2 to 2024-04-06 00:00:00+00:00, run_after=2024-04-07 00:00:00+00:00
[2024-04-07T14:48:40.503+0000] {processor.py:183} INFO - Processing /opt/airflow/dags/Dag2.py took 0.375 seconds
[2024-04-07T14:49:11.168+0000] {processor.py:161} INFO - Started process (PID=1114) to work on /opt/airflow/dags/Dag2.py
[2024-04-07T14:49:11.170+0000] {processor.py:830} INFO - Processing file /opt/airflow/dags/Dag2.py for tasks to queue
[2024-04-07T14:49:11.175+0000] {logging_mixin.py:188} INFO - [2024-04-07T14:49:11.174+0000] {dagbag.py:540} INFO - Filling up the DagBag from /opt/airflow/dags/Dag2.py
[2024-04-07T14:49:11.218+0000] {processor.py:840} INFO - DAG(s) 'dag2' retrieved from /opt/airflow/dags/Dag2.py
[2024-04-07T14:49:11.340+0000] {logging_mixin.py:188} INFO - [2024-04-07T14:49:11.339+0000] {dag.py:3047} INFO - Sync 1 DAGs
[2024-04-07T14:49:11.493+0000] {logging_mixin.py:188} INFO - [2024-04-07T14:49:11.492+0000] {dag.py:3834} INFO - Setting next_dagrun for dag2 to 2024-04-06 00:00:00+00:00, run_after=2024-04-07 00:00:00+00:00
[2024-04-07T14:49:11.789+0000] {processor.py:183} INFO - Processing /opt/airflow/dags/Dag2.py took 0.632 seconds
[2024-04-07T14:49:42.548+0000] {processor.py:161} INFO - Started process (PID=1171) to work on /opt/airflow/dags/Dag2.py
[2024-04-07T14:49:42.558+0000] {processor.py:830} INFO - Processing file /opt/airflow/dags/Dag2.py for tasks to queue
[2024-04-07T14:49:42.567+0000] {logging_mixin.py:188} INFO - [2024-04-07T14:49:42.567+0000] {dagbag.py:540} INFO - Filling up the DagBag from /opt/airflow/dags/Dag2.py
[2024-04-07T14:49:42.768+0000] {processor.py:840} INFO - DAG(s) 'dag2' retrieved from /opt/airflow/dags/Dag2.py
[2024-04-07T14:49:42.830+0000] {logging_mixin.py:188} INFO - [2024-04-07T14:49:42.829+0000] {dag.py:3047} INFO - Sync 1 DAGs
[2024-04-07T14:49:42.945+0000] {logging_mixin.py:188} INFO - [2024-04-07T14:49:42.943+0000] {dag.py:3834} INFO - Setting next_dagrun for dag2 to 2024-04-06 00:00:00+00:00, run_after=2024-04-07 00:00:00+00:00
[2024-04-07T14:49:43.048+0000] {processor.py:183} INFO - Processing /opt/airflow/dags/Dag2.py took 0.506 seconds
[2024-04-07T14:50:13.404+0000] {processor.py:161} INFO - Started process (PID=1228) to work on /opt/airflow/dags/Dag2.py
[2024-04-07T14:50:13.406+0000] {processor.py:830} INFO - Processing file /opt/airflow/dags/Dag2.py for tasks to queue
[2024-04-07T14:50:13.413+0000] {logging_mixin.py:188} INFO - [2024-04-07T14:50:13.411+0000] {dagbag.py:540} INFO - Filling up the DagBag from /opt/airflow/dags/Dag2.py
[2024-04-07T14:50:13.440+0000] {processor.py:840} INFO - DAG(s) 'dag2' retrieved from /opt/airflow/dags/Dag2.py
[2024-04-07T14:50:13.492+0000] {logging_mixin.py:188} INFO - [2024-04-07T14:50:13.492+0000] {dag.py:3047} INFO - Sync 1 DAGs
[2024-04-07T14:50:13.553+0000] {logging_mixin.py:188} INFO - [2024-04-07T14:50:13.552+0000] {dag.py:3834} INFO - Setting next_dagrun for dag2 to 2024-04-06 00:00:00+00:00, run_after=2024-04-07 00:00:00+00:00
[2024-04-07T14:50:13.614+0000] {processor.py:183} INFO - Processing /opt/airflow/dags/Dag2.py took 0.216 seconds
[2024-04-07T14:50:44.094+0000] {processor.py:161} INFO - Started process (PID=1286) to work on /opt/airflow/dags/Dag2.py
[2024-04-07T14:50:44.098+0000] {processor.py:830} INFO - Processing file /opt/airflow/dags/Dag2.py for tasks to queue
[2024-04-07T14:50:44.112+0000] {logging_mixin.py:188} INFO - [2024-04-07T14:50:44.111+0000] {dagbag.py:540} INFO - Filling up the DagBag from /opt/airflow/dags/Dag2.py
[2024-04-07T14:50:44.199+0000] {processor.py:840} INFO - DAG(s) 'dag2' retrieved from /opt/airflow/dags/Dag2.py
[2024-04-07T14:50:44.260+0000] {logging_mixin.py:188} INFO - [2024-04-07T14:50:44.259+0000] {dag.py:3047} INFO - Sync 1 DAGs
[2024-04-07T14:50:44.315+0000] {logging_mixin.py:188} INFO - [2024-04-07T14:50:44.314+0000] {dag.py:3834} INFO - Setting next_dagrun for dag2 to 2024-04-06 00:00:00+00:00, run_after=2024-04-07 00:00:00+00:00
[2024-04-07T14:50:44.542+0000] {processor.py:183} INFO - Processing /opt/airflow/dags/Dag2.py took 0.455 seconds
[2024-04-07T14:51:14.689+0000] {processor.py:161} INFO - Started process (PID=1342) to work on /opt/airflow/dags/Dag2.py
[2024-04-07T14:51:14.693+0000] {processor.py:830} INFO - Processing file /opt/airflow/dags/Dag2.py for tasks to queue
[2024-04-07T14:51:14.697+0000] {logging_mixin.py:188} INFO - [2024-04-07T14:51:14.696+0000] {dagbag.py:540} INFO - Filling up the DagBag from /opt/airflow/dags/Dag2.py
[2024-04-07T14:51:14.738+0000] {processor.py:840} INFO - DAG(s) 'dag2' retrieved from /opt/airflow/dags/Dag2.py
[2024-04-07T14:51:14.779+0000] {logging_mixin.py:188} INFO - [2024-04-07T14:51:14.779+0000] {dag.py:3047} INFO - Sync 1 DAGs
[2024-04-07T14:51:14.824+0000] {logging_mixin.py:188} INFO - [2024-04-07T14:51:14.824+0000] {dag.py:3834} INFO - Setting next_dagrun for dag2 to 2024-04-06 00:00:00+00:00, run_after=2024-04-07 00:00:00+00:00
[2024-04-07T14:51:14.893+0000] {processor.py:183} INFO - Processing /opt/airflow/dags/Dag2.py took 0.211 seconds
[2024-04-07T14:51:45.574+0000] {processor.py:161} INFO - Started process (PID=1398) to work on /opt/airflow/dags/Dag2.py
[2024-04-07T14:51:45.582+0000] {processor.py:830} INFO - Processing file /opt/airflow/dags/Dag2.py for tasks to queue
[2024-04-07T14:51:45.586+0000] {logging_mixin.py:188} INFO - [2024-04-07T14:51:45.585+0000] {dagbag.py:540} INFO - Filling up the DagBag from /opt/airflow/dags/Dag2.py
[2024-04-07T14:51:45.679+0000] {processor.py:840} INFO - DAG(s) 'dag2' retrieved from /opt/airflow/dags/Dag2.py
[2024-04-07T14:51:45.843+0000] {logging_mixin.py:188} INFO - [2024-04-07T14:51:45.842+0000] {dag.py:3047} INFO - Sync 1 DAGs
[2024-04-07T14:51:45.938+0000] {logging_mixin.py:188} INFO - [2024-04-07T14:51:45.937+0000] {dag.py:3834} INFO - Setting next_dagrun for dag2 to 2024-04-06 00:00:00+00:00, run_after=2024-04-07 00:00:00+00:00
[2024-04-07T14:51:46.065+0000] {processor.py:183} INFO - Processing /opt/airflow/dags/Dag2.py took 0.508 seconds
[2024-04-07T14:52:16.621+0000] {processor.py:161} INFO - Started process (PID=1455) to work on /opt/airflow/dags/Dag2.py
[2024-04-07T14:52:16.624+0000] {processor.py:830} INFO - Processing file /opt/airflow/dags/Dag2.py for tasks to queue
[2024-04-07T14:52:16.628+0000] {logging_mixin.py:188} INFO - [2024-04-07T14:52:16.627+0000] {dagbag.py:540} INFO - Filling up the DagBag from /opt/airflow/dags/Dag2.py
[2024-04-07T14:52:16.662+0000] {processor.py:840} INFO - DAG(s) 'dag2' retrieved from /opt/airflow/dags/Dag2.py
[2024-04-07T14:52:16.714+0000] {logging_mixin.py:188} INFO - [2024-04-07T14:52:16.713+0000] {dag.py:3047} INFO - Sync 1 DAGs
[2024-04-07T14:52:16.760+0000] {logging_mixin.py:188} INFO - [2024-04-07T14:52:16.760+0000] {dag.py:3834} INFO - Setting next_dagrun for dag2 to 2024-04-06 00:00:00+00:00, run_after=2024-04-07 00:00:00+00:00
[2024-04-07T14:52:16.959+0000] {processor.py:183} INFO - Processing /opt/airflow/dags/Dag2.py took 0.346 seconds
[2024-04-07T14:52:47.139+0000] {processor.py:161} INFO - Started process (PID=1512) to work on /opt/airflow/dags/Dag2.py
[2024-04-07T14:52:47.142+0000] {processor.py:830} INFO - Processing file /opt/airflow/dags/Dag2.py for tasks to queue
[2024-04-07T14:52:47.146+0000] {logging_mixin.py:188} INFO - [2024-04-07T14:52:47.145+0000] {dagbag.py:540} INFO - Filling up the DagBag from /opt/airflow/dags/Dag2.py
[2024-04-07T14:52:47.177+0000] {processor.py:840} INFO - DAG(s) 'dag2' retrieved from /opt/airflow/dags/Dag2.py
[2024-04-07T14:52:47.216+0000] {logging_mixin.py:188} INFO - [2024-04-07T14:52:47.216+0000] {dag.py:3047} INFO - Sync 1 DAGs
[2024-04-07T14:52:47.276+0000] {logging_mixin.py:188} INFO - [2024-04-07T14:52:47.275+0000] {dag.py:3834} INFO - Setting next_dagrun for dag2 to 2024-04-06 00:00:00+00:00, run_after=2024-04-07 00:00:00+00:00
[2024-04-07T14:52:47.332+0000] {processor.py:183} INFO - Processing /opt/airflow/dags/Dag2.py took 0.199 seconds
[2024-04-07T14:53:17.499+0000] {processor.py:161} INFO - Started process (PID=1569) to work on /opt/airflow/dags/Dag2.py
[2024-04-07T14:53:17.500+0000] {processor.py:830} INFO - Processing file /opt/airflow/dags/Dag2.py for tasks to queue
[2024-04-07T14:53:17.503+0000] {logging_mixin.py:188} INFO - [2024-04-07T14:53:17.503+0000] {dagbag.py:540} INFO - Filling up the DagBag from /opt/airflow/dags/Dag2.py
[2024-04-07T14:53:17.554+0000] {processor.py:840} INFO - DAG(s) 'dag2' retrieved from /opt/airflow/dags/Dag2.py
[2024-04-07T14:53:17.586+0000] {logging_mixin.py:188} INFO - [2024-04-07T14:53:17.585+0000] {dag.py:3047} INFO - Sync 1 DAGs
[2024-04-07T14:53:17.629+0000] {logging_mixin.py:188} INFO - [2024-04-07T14:53:17.628+0000] {dag.py:3834} INFO - Setting next_dagrun for dag2 to 2024-04-06 00:00:00+00:00, run_after=2024-04-07 00:00:00+00:00
[2024-04-07T14:53:17.685+0000] {processor.py:183} INFO - Processing /opt/airflow/dags/Dag2.py took 0.195 seconds
[2024-04-07T14:53:48.266+0000] {processor.py:161} INFO - Started process (PID=1626) to work on /opt/airflow/dags/Dag2.py
[2024-04-07T14:53:48.269+0000] {processor.py:830} INFO - Processing file /opt/airflow/dags/Dag2.py for tasks to queue
[2024-04-07T14:53:48.272+0000] {logging_mixin.py:188} INFO - [2024-04-07T14:53:48.272+0000] {dagbag.py:540} INFO - Filling up the DagBag from /opt/airflow/dags/Dag2.py
[2024-04-07T14:53:48.307+0000] {processor.py:840} INFO - DAG(s) 'dag2' retrieved from /opt/airflow/dags/Dag2.py
[2024-04-07T14:53:48.351+0000] {logging_mixin.py:188} INFO - [2024-04-07T14:53:48.351+0000] {dag.py:3047} INFO - Sync 1 DAGs
[2024-04-07T14:53:48.405+0000] {logging_mixin.py:188} INFO - [2024-04-07T14:53:48.405+0000] {dag.py:3834} INFO - Setting next_dagrun for dag2 to 2024-04-06 00:00:00+00:00, run_after=2024-04-07 00:00:00+00:00
[2024-04-07T14:53:48.444+0000] {processor.py:183} INFO - Processing /opt/airflow/dags/Dag2.py took 0.184 seconds
[2024-04-07T14:54:19.314+0000] {processor.py:161} INFO - Started process (PID=1683) to work on /opt/airflow/dags/Dag2.py
[2024-04-07T14:54:19.317+0000] {processor.py:830} INFO - Processing file /opt/airflow/dags/Dag2.py for tasks to queue
[2024-04-07T14:54:19.321+0000] {logging_mixin.py:188} INFO - [2024-04-07T14:54:19.320+0000] {dagbag.py:540} INFO - Filling up the DagBag from /opt/airflow/dags/Dag2.py
[2024-04-07T14:54:19.346+0000] {processor.py:840} INFO - DAG(s) 'dag2' retrieved from /opt/airflow/dags/Dag2.py
[2024-04-07T14:54:19.383+0000] {logging_mixin.py:188} INFO - [2024-04-07T14:54:19.382+0000] {dag.py:3047} INFO - Sync 1 DAGs
[2024-04-07T14:54:19.424+0000] {logging_mixin.py:188} INFO - [2024-04-07T14:54:19.423+0000] {dag.py:3834} INFO - Setting next_dagrun for dag2 to 2024-04-06 00:00:00+00:00, run_after=2024-04-07 00:00:00+00:00
[2024-04-07T14:54:19.463+0000] {processor.py:183} INFO - Processing /opt/airflow/dags/Dag2.py took 0.154 seconds
[2024-04-07T14:54:49.705+0000] {processor.py:161} INFO - Started process (PID=1740) to work on /opt/airflow/dags/Dag2.py
[2024-04-07T14:54:49.707+0000] {processor.py:830} INFO - Processing file /opt/airflow/dags/Dag2.py for tasks to queue
[2024-04-07T14:54:49.710+0000] {logging_mixin.py:188} INFO - [2024-04-07T14:54:49.710+0000] {dagbag.py:540} INFO - Filling up the DagBag from /opt/airflow/dags/Dag2.py
[2024-04-07T14:54:49.737+0000] {processor.py:840} INFO - DAG(s) 'dag2' retrieved from /opt/airflow/dags/Dag2.py
[2024-04-07T14:54:49.766+0000] {logging_mixin.py:188} INFO - [2024-04-07T14:54:49.766+0000] {dag.py:3047} INFO - Sync 1 DAGs
[2024-04-07T14:54:49.808+0000] {logging_mixin.py:188} INFO - [2024-04-07T14:54:49.808+0000] {dag.py:3834} INFO - Setting next_dagrun for dag2 to 2024-04-06 00:00:00+00:00, run_after=2024-04-07 00:00:00+00:00
[2024-04-07T14:54:49.859+0000] {processor.py:183} INFO - Processing /opt/airflow/dags/Dag2.py took 0.162 seconds
[2024-04-07T14:55:20.215+0000] {processor.py:161} INFO - Started process (PID=1796) to work on /opt/airflow/dags/Dag2.py
[2024-04-07T14:55:20.218+0000] {processor.py:830} INFO - Processing file /opt/airflow/dags/Dag2.py for tasks to queue
[2024-04-07T14:55:20.224+0000] {logging_mixin.py:188} INFO - [2024-04-07T14:55:20.224+0000] {dagbag.py:540} INFO - Filling up the DagBag from /opt/airflow/dags/Dag2.py
[2024-04-07T14:55:20.258+0000] {processor.py:840} INFO - DAG(s) 'dag2' retrieved from /opt/airflow/dags/Dag2.py
[2024-04-07T14:55:20.288+0000] {logging_mixin.py:188} INFO - [2024-04-07T14:55:20.287+0000] {dag.py:3047} INFO - Sync 1 DAGs
[2024-04-07T14:55:20.320+0000] {logging_mixin.py:188} INFO - [2024-04-07T14:55:20.320+0000] {dag.py:3834} INFO - Setting next_dagrun for dag2 to 2024-04-06 00:00:00+00:00, run_after=2024-04-07 00:00:00+00:00
[2024-04-07T14:55:20.356+0000] {processor.py:183} INFO - Processing /opt/airflow/dags/Dag2.py took 0.148 seconds
[2024-04-07T14:55:50.777+0000] {processor.py:161} INFO - Started process (PID=1853) to work on /opt/airflow/dags/Dag2.py
[2024-04-07T14:55:50.778+0000] {processor.py:830} INFO - Processing file /opt/airflow/dags/Dag2.py for tasks to queue
[2024-04-07T14:55:50.781+0000] {logging_mixin.py:188} INFO - [2024-04-07T14:55:50.781+0000] {dagbag.py:540} INFO - Filling up the DagBag from /opt/airflow/dags/Dag2.py
[2024-04-07T14:55:50.805+0000] {processor.py:840} INFO - DAG(s) 'dag2' retrieved from /opt/airflow/dags/Dag2.py
[2024-04-07T14:55:50.834+0000] {logging_mixin.py:188} INFO - [2024-04-07T14:55:50.834+0000] {dag.py:3047} INFO - Sync 1 DAGs
[2024-04-07T14:55:50.867+0000] {logging_mixin.py:188} INFO - [2024-04-07T14:55:50.867+0000] {dag.py:3834} INFO - Setting next_dagrun for dag2 to 2024-04-06 00:00:00+00:00, run_after=2024-04-07 00:00:00+00:00
[2024-04-07T14:55:50.905+0000] {processor.py:183} INFO - Processing /opt/airflow/dags/Dag2.py took 0.133 seconds
[2024-04-07T14:56:20.981+0000] {processor.py:161} INFO - Started process (PID=1911) to work on /opt/airflow/dags/Dag2.py
[2024-04-07T14:56:20.983+0000] {processor.py:830} INFO - Processing file /opt/airflow/dags/Dag2.py for tasks to queue
[2024-04-07T14:56:20.986+0000] {logging_mixin.py:188} INFO - [2024-04-07T14:56:20.985+0000] {dagbag.py:540} INFO - Filling up the DagBag from /opt/airflow/dags/Dag2.py
[2024-04-07T14:56:21.012+0000] {processor.py:840} INFO - DAG(s) 'dag2' retrieved from /opt/airflow/dags/Dag2.py
[2024-04-07T14:56:21.042+0000] {logging_mixin.py:188} INFO - [2024-04-07T14:56:21.041+0000] {dag.py:3047} INFO - Sync 1 DAGs
[2024-04-07T14:56:21.083+0000] {logging_mixin.py:188} INFO - [2024-04-07T14:56:21.082+0000] {dag.py:3834} INFO - Setting next_dagrun for dag2 to 2024-04-06 00:00:00+00:00, run_after=2024-04-07 00:00:00+00:00
[2024-04-07T14:56:21.113+0000] {processor.py:183} INFO - Processing /opt/airflow/dags/Dag2.py took 0.137 seconds
[2024-04-07T14:56:51.609+0000] {processor.py:161} INFO - Started process (PID=1967) to work on /opt/airflow/dags/Dag2.py
[2024-04-07T14:56:51.612+0000] {processor.py:830} INFO - Processing file /opt/airflow/dags/Dag2.py for tasks to queue
[2024-04-07T14:56:51.617+0000] {logging_mixin.py:188} INFO - [2024-04-07T14:56:51.616+0000] {dagbag.py:540} INFO - Filling up the DagBag from /opt/airflow/dags/Dag2.py
[2024-04-07T14:56:51.646+0000] {processor.py:840} INFO - DAG(s) 'dag2' retrieved from /opt/airflow/dags/Dag2.py
[2024-04-07T14:56:51.677+0000] {logging_mixin.py:188} INFO - [2024-04-07T14:56:51.676+0000] {dag.py:3047} INFO - Sync 1 DAGs
[2024-04-07T14:56:51.708+0000] {logging_mixin.py:188} INFO - [2024-04-07T14:56:51.708+0000] {dag.py:3834} INFO - Setting next_dagrun for dag2 to 2024-04-06 00:00:00+00:00, run_after=2024-04-07 00:00:00+00:00
[2024-04-07T14:56:51.743+0000] {processor.py:183} INFO - Processing /opt/airflow/dags/Dag2.py took 0.141 seconds
[2024-04-07T14:57:21.894+0000] {processor.py:161} INFO - Started process (PID=2024) to work on /opt/airflow/dags/Dag2.py
[2024-04-07T14:57:21.896+0000] {processor.py:830} INFO - Processing file /opt/airflow/dags/Dag2.py for tasks to queue
[2024-04-07T14:57:21.899+0000] {logging_mixin.py:188} INFO - [2024-04-07T14:57:21.899+0000] {dagbag.py:540} INFO - Filling up the DagBag from /opt/airflow/dags/Dag2.py
[2024-04-07T14:57:21.924+0000] {processor.py:840} INFO - DAG(s) 'dag2' retrieved from /opt/airflow/dags/Dag2.py
[2024-04-07T14:57:21.954+0000] {logging_mixin.py:188} INFO - [2024-04-07T14:57:21.954+0000] {dag.py:3047} INFO - Sync 1 DAGs
[2024-04-07T14:57:21.986+0000] {logging_mixin.py:188} INFO - [2024-04-07T14:57:21.986+0000] {dag.py:3834} INFO - Setting next_dagrun for dag2 to 2024-04-06 00:00:00+00:00, run_after=2024-04-07 00:00:00+00:00
[2024-04-07T14:57:22.044+0000] {processor.py:183} INFO - Processing /opt/airflow/dags/Dag2.py took 0.154 seconds
[2024-04-07T14:57:52.630+0000] {processor.py:161} INFO - Started process (PID=2082) to work on /opt/airflow/dags/Dag2.py
[2024-04-07T14:57:52.633+0000] {processor.py:830} INFO - Processing file /opt/airflow/dags/Dag2.py for tasks to queue
[2024-04-07T14:57:52.637+0000] {logging_mixin.py:188} INFO - [2024-04-07T14:57:52.636+0000] {dagbag.py:540} INFO - Filling up the DagBag from /opt/airflow/dags/Dag2.py
[2024-04-07T14:57:52.671+0000] {processor.py:840} INFO - DAG(s) 'dag2' retrieved from /opt/airflow/dags/Dag2.py
[2024-04-07T14:57:52.711+0000] {logging_mixin.py:188} INFO - [2024-04-07T14:57:52.711+0000] {dag.py:3047} INFO - Sync 1 DAGs
[2024-04-07T14:57:52.749+0000] {logging_mixin.py:188} INFO - [2024-04-07T14:57:52.749+0000] {dag.py:3834} INFO - Setting next_dagrun for dag2 to 2024-04-06 00:00:00+00:00, run_after=2024-04-07 00:00:00+00:00
[2024-04-07T14:57:52.795+0000] {processor.py:183} INFO - Processing /opt/airflow/dags/Dag2.py took 0.173 seconds
[2024-04-07T14:58:23.034+0000] {processor.py:161} INFO - Started process (PID=2139) to work on /opt/airflow/dags/Dag2.py
[2024-04-07T14:58:23.038+0000] {processor.py:830} INFO - Processing file /opt/airflow/dags/Dag2.py for tasks to queue
[2024-04-07T14:58:23.041+0000] {logging_mixin.py:188} INFO - [2024-04-07T14:58:23.041+0000] {dagbag.py:540} INFO - Filling up the DagBag from /opt/airflow/dags/Dag2.py
[2024-04-07T14:58:23.073+0000] {processor.py:840} INFO - DAG(s) 'dag2' retrieved from /opt/airflow/dags/Dag2.py
[2024-04-07T14:58:23.115+0000] {logging_mixin.py:188} INFO - [2024-04-07T14:58:23.115+0000] {dag.py:3047} INFO - Sync 1 DAGs
[2024-04-07T14:58:23.167+0000] {logging_mixin.py:188} INFO - [2024-04-07T14:58:23.167+0000] {dag.py:3834} INFO - Setting next_dagrun for dag2 to 2024-04-06 00:00:00+00:00, run_after=2024-04-07 00:00:00+00:00
[2024-04-07T14:58:23.213+0000] {processor.py:183} INFO - Processing /opt/airflow/dags/Dag2.py took 0.186 seconds
[2024-04-07T14:58:54.060+0000] {processor.py:161} INFO - Started process (PID=2196) to work on /opt/airflow/dags/Dag2.py
[2024-04-07T14:58:54.062+0000] {processor.py:830} INFO - Processing file /opt/airflow/dags/Dag2.py for tasks to queue
[2024-04-07T14:58:54.065+0000] {logging_mixin.py:188} INFO - [2024-04-07T14:58:54.065+0000] {dagbag.py:540} INFO - Filling up the DagBag from /opt/airflow/dags/Dag2.py
[2024-04-07T14:58:54.093+0000] {processor.py:840} INFO - DAG(s) 'dag2' retrieved from /opt/airflow/dags/Dag2.py
[2024-04-07T14:58:54.130+0000] {logging_mixin.py:188} INFO - [2024-04-07T14:58:54.129+0000] {dag.py:3047} INFO - Sync 1 DAGs
[2024-04-07T14:58:54.178+0000] {logging_mixin.py:188} INFO - [2024-04-07T14:58:54.178+0000] {dag.py:3834} INFO - Setting next_dagrun for dag2 to 2024-04-06 00:00:00+00:00, run_after=2024-04-07 00:00:00+00:00
[2024-04-07T14:58:54.215+0000] {processor.py:183} INFO - Processing /opt/airflow/dags/Dag2.py took 0.162 seconds
[2024-04-07T14:59:24.727+0000] {processor.py:161} INFO - Started process (PID=2253) to work on /opt/airflow/dags/Dag2.py
[2024-04-07T14:59:24.729+0000] {processor.py:830} INFO - Processing file /opt/airflow/dags/Dag2.py for tasks to queue
[2024-04-07T14:59:24.733+0000] {logging_mixin.py:188} INFO - [2024-04-07T14:59:24.732+0000] {dagbag.py:540} INFO - Filling up the DagBag from /opt/airflow/dags/Dag2.py
[2024-04-07T14:59:24.768+0000] {processor.py:840} INFO - DAG(s) 'dag2' retrieved from /opt/airflow/dags/Dag2.py
[2024-04-07T14:59:24.804+0000] {logging_mixin.py:188} INFO - [2024-04-07T14:59:24.804+0000] {dag.py:3047} INFO - Sync 1 DAGs
[2024-04-07T14:59:24.840+0000] {logging_mixin.py:188} INFO - [2024-04-07T14:59:24.840+0000] {dag.py:3834} INFO - Setting next_dagrun for dag2 to 2024-04-06 00:00:00+00:00, run_after=2024-04-07 00:00:00+00:00
[2024-04-07T14:59:24.880+0000] {processor.py:183} INFO - Processing /opt/airflow/dags/Dag2.py took 0.159 seconds
[2024-04-07T14:59:54.964+0000] {processor.py:161} INFO - Started process (PID=2309) to work on /opt/airflow/dags/Dag2.py
[2024-04-07T14:59:54.966+0000] {processor.py:830} INFO - Processing file /opt/airflow/dags/Dag2.py for tasks to queue
[2024-04-07T14:59:54.973+0000] {logging_mixin.py:188} INFO - [2024-04-07T14:59:54.972+0000] {dagbag.py:540} INFO - Filling up the DagBag from /opt/airflow/dags/Dag2.py
[2024-04-07T14:59:55.003+0000] {processor.py:840} INFO - DAG(s) 'dag2' retrieved from /opt/airflow/dags/Dag2.py
[2024-04-07T14:59:55.042+0000] {logging_mixin.py:188} INFO - [2024-04-07T14:59:55.042+0000] {dag.py:3047} INFO - Sync 1 DAGs
[2024-04-07T14:59:55.088+0000] {logging_mixin.py:188} INFO - [2024-04-07T14:59:55.087+0000] {dag.py:3834} INFO - Setting next_dagrun for dag2 to 2024-04-06 00:00:00+00:00, run_after=2024-04-07 00:00:00+00:00
[2024-04-07T14:59:55.135+0000] {processor.py:183} INFO - Processing /opt/airflow/dags/Dag2.py took 0.179 seconds
[2024-04-07T15:00:25.725+0000] {processor.py:161} INFO - Started process (PID=2365) to work on /opt/airflow/dags/Dag2.py
[2024-04-07T15:00:25.730+0000] {processor.py:830} INFO - Processing file /opt/airflow/dags/Dag2.py for tasks to queue
[2024-04-07T15:00:25.740+0000] {logging_mixin.py:188} INFO - [2024-04-07T15:00:25.740+0000] {dagbag.py:540} INFO - Filling up the DagBag from /opt/airflow/dags/Dag2.py
[2024-04-07T15:00:25.789+0000] {processor.py:840} INFO - DAG(s) 'dag2' retrieved from /opt/airflow/dags/Dag2.py
[2024-04-07T15:00:25.837+0000] {logging_mixin.py:188} INFO - [2024-04-07T15:00:25.836+0000] {dag.py:3047} INFO - Sync 1 DAGs
[2024-04-07T15:00:25.888+0000] {logging_mixin.py:188} INFO - [2024-04-07T15:00:25.887+0000] {dag.py:3834} INFO - Setting next_dagrun for dag2 to 2024-04-06 00:00:00+00:00, run_after=2024-04-07 00:00:00+00:00
[2024-04-07T15:00:25.934+0000] {processor.py:183} INFO - Processing /opt/airflow/dags/Dag2.py took 0.216 seconds
