[2024-04-07T14:37:08.608+0000] {processor.py:161} INFO - Started process (PID=47) to work on /opt/airflow/dags/Dag_clima.py
[2024-04-07T14:37:08.639+0000] {processor.py:830} INFO - Processing file /opt/airflow/dags/Dag_clima.py for tasks to queue
[2024-04-07T14:37:08.664+0000] {logging_mixin.py:188} INFO - [2024-04-07T14:37:08.663+0000] {dagbag.py:540} INFO - Filling up the DagBag from /opt/airflow/dags/Dag_clima.py
[2024-04-07T14:37:08.816+0000] {processor.py:840} INFO - DAG(s) 'dag_clima' retrieved from /opt/airflow/dags/Dag_clima.py
[2024-04-07T14:37:09.881+0000] {logging_mixin.py:188} INFO - [2024-04-07T14:37:09.880+0000] {dag.py:3047} INFO - Sync 1 DAGs
[2024-04-07T14:37:10.928+0000] {logging_mixin.py:188} INFO - [2024-04-07T14:37:10.928+0000] {dag.py:3834} INFO - Setting next_dagrun for dag_clima to 2024-04-07 00:00:00+00:00, run_after=2024-04-08 00:00:00+00:00
[2024-04-07T14:37:12.882+0000] {processor.py:183} INFO - Processing /opt/airflow/dags/Dag_clima.py took 4.362 seconds
[2024-04-07T14:39:11.085+0000] {processor.py:161} INFO - Started process (PID=37) to work on /opt/airflow/dags/Dag_clima.py
[2024-04-07T14:39:11.089+0000] {processor.py:830} INFO - Processing file /opt/airflow/dags/Dag_clima.py for tasks to queue
[2024-04-07T14:39:11.099+0000] {logging_mixin.py:188} INFO - [2024-04-07T14:39:11.099+0000] {dagbag.py:540} INFO - Filling up the DagBag from /opt/airflow/dags/Dag_clima.py
[2024-04-07T14:39:11.200+0000] {processor.py:840} INFO - DAG(s) 'dag_clima' retrieved from /opt/airflow/dags/Dag_clima.py
[2024-04-07T14:39:11.328+0000] {logging_mixin.py:188} INFO - [2024-04-07T14:39:11.327+0000] {dag.py:3047} INFO - Sync 1 DAGs
[2024-04-07T14:39:11.426+0000] {logging_mixin.py:188} INFO - [2024-04-07T14:39:11.425+0000] {dag.py:3834} INFO - Setting next_dagrun for dag_clima to 2024-04-07 00:00:00+00:00, run_after=2024-04-08 00:00:00+00:00
[2024-04-07T14:39:11.573+0000] {processor.py:183} INFO - Processing /opt/airflow/dags/Dag_clima.py took 0.506 seconds
[2024-04-07T14:39:44.799+0000] {processor.py:161} INFO - Started process (PID=94) to work on /opt/airflow/dags/Dag_clima.py
[2024-04-07T14:39:44.801+0000] {processor.py:830} INFO - Processing file /opt/airflow/dags/Dag_clima.py for tasks to queue
[2024-04-07T14:39:44.804+0000] {logging_mixin.py:188} INFO - [2024-04-07T14:39:44.804+0000] {dagbag.py:540} INFO - Filling up the DagBag from /opt/airflow/dags/Dag_clima.py
[2024-04-07T14:39:44.832+0000] {processor.py:840} INFO - DAG(s) 'dag_clima' retrieved from /opt/airflow/dags/Dag_clima.py
[2024-04-07T14:39:45.115+0000] {logging_mixin.py:188} INFO - [2024-04-07T14:39:45.114+0000] {dag.py:3047} INFO - Sync 1 DAGs
[2024-04-07T14:39:45.200+0000] {logging_mixin.py:188} INFO - [2024-04-07T14:39:45.200+0000] {dag.py:3834} INFO - Setting next_dagrun for dag_clima to 2024-04-07 00:00:00+00:00, run_after=2024-04-08 00:00:00+00:00
[2024-04-07T14:39:46.439+0000] {processor.py:183} INFO - Processing /opt/airflow/dags/Dag_clima.py took 1.647 seconds
[2024-04-07T14:40:18.276+0000] {processor.py:161} INFO - Started process (PID=148) to work on /opt/airflow/dags/Dag_clima.py
[2024-04-07T14:40:18.280+0000] {processor.py:830} INFO - Processing file /opt/airflow/dags/Dag_clima.py for tasks to queue
[2024-04-07T14:40:18.295+0000] {logging_mixin.py:188} INFO - [2024-04-07T14:40:18.294+0000] {dagbag.py:540} INFO - Filling up the DagBag from /opt/airflow/dags/Dag_clima.py
[2024-04-07T14:40:18.401+0000] {processor.py:840} INFO - DAG(s) 'dag_clima' retrieved from /opt/airflow/dags/Dag_clima.py
[2024-04-07T14:40:18.608+0000] {logging_mixin.py:188} INFO - [2024-04-07T14:40:18.607+0000] {dag.py:3047} INFO - Sync 1 DAGs
[2024-04-07T14:40:18.960+0000] {logging_mixin.py:188} INFO - [2024-04-07T14:40:18.960+0000] {dag.py:3834} INFO - Setting next_dagrun for dag_clima to 2024-04-07 00:00:00+00:00, run_after=2024-04-08 00:00:00+00:00
[2024-04-07T14:40:19.196+0000] {processor.py:183} INFO - Processing /opt/airflow/dags/Dag_clima.py took 0.960 seconds
[2024-04-07T14:40:49.464+0000] {processor.py:161} INFO - Started process (PID=205) to work on /opt/airflow/dags/Dag_clima.py
[2024-04-07T14:40:49.466+0000] {processor.py:830} INFO - Processing file /opt/airflow/dags/Dag_clima.py for tasks to queue
[2024-04-07T14:40:49.471+0000] {logging_mixin.py:188} INFO - [2024-04-07T14:40:49.469+0000] {dagbag.py:540} INFO - Filling up the DagBag from /opt/airflow/dags/Dag_clima.py
[2024-04-07T14:40:49.496+0000] {processor.py:840} INFO - DAG(s) 'dag_clima' retrieved from /opt/airflow/dags/Dag_clima.py
[2024-04-07T14:40:49.527+0000] {logging_mixin.py:188} INFO - [2024-04-07T14:40:49.526+0000] {dag.py:3047} INFO - Sync 1 DAGs
[2024-04-07T14:40:49.566+0000] {logging_mixin.py:188} INFO - [2024-04-07T14:40:49.565+0000] {dag.py:3834} INFO - Setting next_dagrun for dag_clima to 2024-04-07 00:00:00+00:00, run_after=2024-04-08 00:00:00+00:00
[2024-04-07T14:40:50.937+0000] {processor.py:183} INFO - Processing /opt/airflow/dags/Dag_clima.py took 1.478 seconds
[2024-04-07T14:41:21.823+0000] {processor.py:161} INFO - Started process (PID=261) to work on /opt/airflow/dags/Dag_clima.py
[2024-04-07T14:41:21.835+0000] {processor.py:830} INFO - Processing file /opt/airflow/dags/Dag_clima.py for tasks to queue
[2024-04-07T14:41:21.845+0000] {logging_mixin.py:188} INFO - [2024-04-07T14:41:21.841+0000] {dagbag.py:540} INFO - Filling up the DagBag from /opt/airflow/dags/Dag_clima.py
[2024-04-07T14:41:21.982+0000] {processor.py:840} INFO - DAG(s) 'dag_clima' retrieved from /opt/airflow/dags/Dag_clima.py
[2024-04-07T14:41:22.069+0000] {logging_mixin.py:188} INFO - [2024-04-07T14:41:22.068+0000] {dag.py:3047} INFO - Sync 1 DAGs
[2024-04-07T14:41:22.197+0000] {logging_mixin.py:188} INFO - [2024-04-07T14:41:22.196+0000] {dag.py:3834} INFO - Setting next_dagrun for dag_clima to 2024-04-07 00:00:00+00:00, run_after=2024-04-08 00:00:00+00:00
[2024-04-07T14:41:22.506+0000] {processor.py:183} INFO - Processing /opt/airflow/dags/Dag_clima.py took 0.690 seconds
[2024-04-07T14:41:52.802+0000] {processor.py:161} INFO - Started process (PID=318) to work on /opt/airflow/dags/Dag_clima.py
[2024-04-07T14:41:52.808+0000] {processor.py:830} INFO - Processing file /opt/airflow/dags/Dag_clima.py for tasks to queue
[2024-04-07T14:41:52.815+0000] {logging_mixin.py:188} INFO - [2024-04-07T14:41:52.813+0000] {dagbag.py:540} INFO - Filling up the DagBag from /opt/airflow/dags/Dag_clima.py
[2024-04-07T14:41:52.928+0000] {processor.py:840} INFO - DAG(s) 'dag_clima' retrieved from /opt/airflow/dags/Dag_clima.py
[2024-04-07T14:41:52.997+0000] {logging_mixin.py:188} INFO - [2024-04-07T14:41:52.996+0000] {dag.py:3047} INFO - Sync 1 DAGs
[2024-04-07T14:41:53.072+0000] {logging_mixin.py:188} INFO - [2024-04-07T14:41:53.071+0000] {dag.py:3834} INFO - Setting next_dagrun for dag_clima to 2024-04-07 00:00:00+00:00, run_after=2024-04-08 00:00:00+00:00
[2024-04-07T14:41:53.128+0000] {processor.py:183} INFO - Processing /opt/airflow/dags/Dag_clima.py took 0.333 seconds
[2024-04-07T14:42:23.325+0000] {processor.py:161} INFO - Started process (PID=375) to work on /opt/airflow/dags/Dag_clima.py
[2024-04-07T14:42:23.327+0000] {processor.py:830} INFO - Processing file /opt/airflow/dags/Dag_clima.py for tasks to queue
[2024-04-07T14:42:23.330+0000] {logging_mixin.py:188} INFO - [2024-04-07T14:42:23.330+0000] {dagbag.py:540} INFO - Filling up the DagBag from /opt/airflow/dags/Dag_clima.py
[2024-04-07T14:42:23.365+0000] {processor.py:840} INFO - DAG(s) 'dag_clima' retrieved from /opt/airflow/dags/Dag_clima.py
[2024-04-07T14:42:23.400+0000] {logging_mixin.py:188} INFO - [2024-04-07T14:42:23.400+0000] {dag.py:3047} INFO - Sync 1 DAGs
[2024-04-07T14:42:23.445+0000] {logging_mixin.py:188} INFO - [2024-04-07T14:42:23.445+0000] {dag.py:3834} INFO - Setting next_dagrun for dag_clima to 2024-04-07 00:00:00+00:00, run_after=2024-04-08 00:00:00+00:00
[2024-04-07T14:42:23.507+0000] {processor.py:183} INFO - Processing /opt/airflow/dags/Dag_clima.py took 0.189 seconds
[2024-04-07T14:42:54.393+0000] {processor.py:161} INFO - Started process (PID=432) to work on /opt/airflow/dags/Dag_clima.py
[2024-04-07T14:42:54.400+0000] {processor.py:830} INFO - Processing file /opt/airflow/dags/Dag_clima.py for tasks to queue
[2024-04-07T14:42:54.406+0000] {logging_mixin.py:188} INFO - [2024-04-07T14:42:54.405+0000] {dagbag.py:540} INFO - Filling up the DagBag from /opt/airflow/dags/Dag_clima.py
[2024-04-07T14:42:54.455+0000] {processor.py:840} INFO - DAG(s) 'dag_clima' retrieved from /opt/airflow/dags/Dag_clima.py
[2024-04-07T14:42:54.519+0000] {logging_mixin.py:188} INFO - [2024-04-07T14:42:54.518+0000] {dag.py:3047} INFO - Sync 1 DAGs
[2024-04-07T14:42:54.583+0000] {logging_mixin.py:188} INFO - [2024-04-07T14:42:54.583+0000] {dag.py:3834} INFO - Setting next_dagrun for dag_clima to 2024-04-07 00:00:00+00:00, run_after=2024-04-08 00:00:00+00:00
[2024-04-07T14:42:54.641+0000] {processor.py:183} INFO - Processing /opt/airflow/dags/Dag_clima.py took 0.255 seconds
[2024-04-07T14:43:25.919+0000] {processor.py:161} INFO - Started process (PID=490) to work on /opt/airflow/dags/Dag_clima.py
[2024-04-07T14:43:25.923+0000] {processor.py:830} INFO - Processing file /opt/airflow/dags/Dag_clima.py for tasks to queue
[2024-04-07T14:43:25.938+0000] {logging_mixin.py:188} INFO - [2024-04-07T14:43:25.927+0000] {dagbag.py:540} INFO - Filling up the DagBag from /opt/airflow/dags/Dag_clima.py
[2024-04-07T14:43:26.027+0000] {processor.py:840} INFO - DAG(s) 'dag_clima' retrieved from /opt/airflow/dags/Dag_clima.py
[2024-04-07T14:43:26.164+0000] {logging_mixin.py:188} INFO - [2024-04-07T14:43:26.164+0000] {dag.py:3047} INFO - Sync 1 DAGs
[2024-04-07T14:43:26.297+0000] {logging_mixin.py:188} INFO - [2024-04-07T14:43:26.297+0000] {dag.py:3834} INFO - Setting next_dagrun for dag_clima to 2024-04-07 00:00:00+00:00, run_after=2024-04-08 00:00:00+00:00
[2024-04-07T14:43:26.419+0000] {processor.py:183} INFO - Processing /opt/airflow/dags/Dag_clima.py took 0.513 seconds
[2024-04-07T14:43:57.342+0000] {processor.py:161} INFO - Started process (PID=547) to work on /opt/airflow/dags/Dag_clima.py
[2024-04-07T14:43:57.345+0000] {processor.py:830} INFO - Processing file /opt/airflow/dags/Dag_clima.py for tasks to queue
[2024-04-07T14:43:57.357+0000] {logging_mixin.py:188} INFO - [2024-04-07T14:43:57.349+0000] {dagbag.py:540} INFO - Filling up the DagBag from /opt/airflow/dags/Dag_clima.py
[2024-04-07T14:43:57.451+0000] {processor.py:840} INFO - DAG(s) 'dag_clima' retrieved from /opt/airflow/dags/Dag_clima.py
[2024-04-07T14:43:57.542+0000] {logging_mixin.py:188} INFO - [2024-04-07T14:43:57.542+0000] {dag.py:3047} INFO - Sync 1 DAGs
[2024-04-07T14:43:57.734+0000] {logging_mixin.py:188} INFO - [2024-04-07T14:43:57.733+0000] {dag.py:3834} INFO - Setting next_dagrun for dag_clima to 2024-04-07 00:00:00+00:00, run_after=2024-04-08 00:00:00+00:00
[2024-04-07T14:43:58.117+0000] {processor.py:183} INFO - Processing /opt/airflow/dags/Dag_clima.py took 0.781 seconds
[2024-04-07T14:44:28.483+0000] {processor.py:161} INFO - Started process (PID=604) to work on /opt/airflow/dags/Dag_clima.py
[2024-04-07T14:44:28.492+0000] {processor.py:830} INFO - Processing file /opt/airflow/dags/Dag_clima.py for tasks to queue
[2024-04-07T14:44:28.501+0000] {logging_mixin.py:188} INFO - [2024-04-07T14:44:28.500+0000] {dagbag.py:540} INFO - Filling up the DagBag from /opt/airflow/dags/Dag_clima.py
[2024-04-07T14:44:28.591+0000] {processor.py:840} INFO - DAG(s) 'dag_clima' retrieved from /opt/airflow/dags/Dag_clima.py
[2024-04-07T14:44:28.684+0000] {logging_mixin.py:188} INFO - [2024-04-07T14:44:28.683+0000] {dag.py:3047} INFO - Sync 1 DAGs
[2024-04-07T14:44:28.741+0000] {logging_mixin.py:188} INFO - [2024-04-07T14:44:28.740+0000] {dag.py:3834} INFO - Setting next_dagrun for dag_clima to 2024-04-07 00:00:00+00:00, run_after=2024-04-08 00:00:00+00:00
[2024-04-07T14:44:28.798+0000] {processor.py:183} INFO - Processing /opt/airflow/dags/Dag_clima.py took 0.322 seconds
[2024-04-07T14:45:02.101+0000] {processor.py:161} INFO - Started process (PID=657) to work on /opt/airflow/dags/Dag_clima.py
[2024-04-07T14:45:02.103+0000] {processor.py:830} INFO - Processing file /opt/airflow/dags/Dag_clima.py for tasks to queue
[2024-04-07T14:45:02.107+0000] {logging_mixin.py:188} INFO - [2024-04-07T14:45:02.106+0000] {dagbag.py:540} INFO - Filling up the DagBag from /opt/airflow/dags/Dag_clima.py
[2024-04-07T14:45:02.138+0000] {processor.py:840} INFO - DAG(s) 'dag_clima' retrieved from /opt/airflow/dags/Dag_clima.py
[2024-04-07T14:45:02.207+0000] {logging_mixin.py:188} INFO - [2024-04-07T14:45:02.207+0000] {dag.py:3047} INFO - Sync 1 DAGs
[2024-04-07T14:45:02.328+0000] {logging_mixin.py:188} INFO - [2024-04-07T14:45:02.328+0000] {dag.py:3834} INFO - Setting next_dagrun for dag_clima to 2024-04-07 00:00:00+00:00, run_after=2024-04-08 00:00:00+00:00
[2024-04-07T14:45:03.605+0000] {processor.py:183} INFO - Processing /opt/airflow/dags/Dag_clima.py took 1.509 seconds
[2024-04-07T14:45:33.802+0000] {processor.py:161} INFO - Started process (PID=713) to work on /opt/airflow/dags/Dag_clima.py
[2024-04-07T14:45:33.806+0000] {processor.py:830} INFO - Processing file /opt/airflow/dags/Dag_clima.py for tasks to queue
[2024-04-07T14:45:33.810+0000] {logging_mixin.py:188} INFO - [2024-04-07T14:45:33.809+0000] {dagbag.py:540} INFO - Filling up the DagBag from /opt/airflow/dags/Dag_clima.py
[2024-04-07T14:45:33.835+0000] {processor.py:840} INFO - DAG(s) 'dag_clima' retrieved from /opt/airflow/dags/Dag_clima.py
[2024-04-07T14:45:33.873+0000] {logging_mixin.py:188} INFO - [2024-04-07T14:45:33.872+0000] {dag.py:3047} INFO - Sync 1 DAGs
[2024-04-07T14:45:33.919+0000] {logging_mixin.py:188} INFO - [2024-04-07T14:45:33.918+0000] {dag.py:3834} INFO - Setting next_dagrun for dag_clima to 2024-04-07 00:00:00+00:00, run_after=2024-04-08 00:00:00+00:00
[2024-04-07T14:45:33.965+0000] {processor.py:183} INFO - Processing /opt/airflow/dags/Dag_clima.py took 0.170 seconds
[2024-04-07T14:46:04.149+0000] {processor.py:161} INFO - Started process (PID=770) to work on /opt/airflow/dags/Dag_clima.py
[2024-04-07T14:46:04.151+0000] {processor.py:830} INFO - Processing file /opt/airflow/dags/Dag_clima.py for tasks to queue
[2024-04-07T14:46:04.157+0000] {logging_mixin.py:188} INFO - [2024-04-07T14:46:04.156+0000] {dagbag.py:540} INFO - Filling up the DagBag from /opt/airflow/dags/Dag_clima.py
[2024-04-07T14:46:04.182+0000] {processor.py:840} INFO - DAG(s) 'dag_clima' retrieved from /opt/airflow/dags/Dag_clima.py
[2024-04-07T14:46:04.221+0000] {logging_mixin.py:188} INFO - [2024-04-07T14:46:04.219+0000] {dag.py:3047} INFO - Sync 1 DAGs
[2024-04-07T14:46:04.263+0000] {logging_mixin.py:188} INFO - [2024-04-07T14:46:04.263+0000] {dag.py:3834} INFO - Setting next_dagrun for dag_clima to 2024-04-07 00:00:00+00:00, run_after=2024-04-08 00:00:00+00:00
[2024-04-07T14:46:04.306+0000] {processor.py:183} INFO - Processing /opt/airflow/dags/Dag_clima.py took 0.164 seconds
[2024-04-07T14:46:34.920+0000] {processor.py:161} INFO - Started process (PID=827) to work on /opt/airflow/dags/Dag_clima.py
[2024-04-07T14:46:34.948+0000] {processor.py:830} INFO - Processing file /opt/airflow/dags/Dag_clima.py for tasks to queue
[2024-04-07T14:46:34.990+0000] {logging_mixin.py:188} INFO - [2024-04-07T14:46:34.989+0000] {dagbag.py:540} INFO - Filling up the DagBag from /opt/airflow/dags/Dag_clima.py
[2024-04-07T14:46:35.824+0000] {processor.py:840} INFO - DAG(s) 'dag_clima' retrieved from /opt/airflow/dags/Dag_clima.py
[2024-04-07T14:46:35.982+0000] {logging_mixin.py:188} INFO - [2024-04-07T14:46:35.981+0000] {dag.py:3047} INFO - Sync 1 DAGs
[2024-04-07T14:46:36.235+0000] {logging_mixin.py:188} INFO - [2024-04-07T14:46:36.235+0000] {dag.py:3834} INFO - Setting next_dagrun for dag_clima to 2024-04-07 00:00:00+00:00, run_after=2024-04-08 00:00:00+00:00
[2024-04-07T14:46:36.550+0000] {processor.py:183} INFO - Processing /opt/airflow/dags/Dag_clima.py took 1.662 seconds
[2024-04-07T14:47:07.085+0000] {processor.py:161} INFO - Started process (PID=884) to work on /opt/airflow/dags/Dag_clima.py
[2024-04-07T14:47:07.087+0000] {processor.py:830} INFO - Processing file /opt/airflow/dags/Dag_clima.py for tasks to queue
[2024-04-07T14:47:07.091+0000] {logging_mixin.py:188} INFO - [2024-04-07T14:47:07.090+0000] {dagbag.py:540} INFO - Filling up the DagBag from /opt/airflow/dags/Dag_clima.py
[2024-04-07T14:47:07.145+0000] {processor.py:840} INFO - DAG(s) 'dag_clima' retrieved from /opt/airflow/dags/Dag_clima.py
[2024-04-07T14:47:07.189+0000] {logging_mixin.py:188} INFO - [2024-04-07T14:47:07.188+0000] {dag.py:3047} INFO - Sync 1 DAGs
[2024-04-07T14:47:07.239+0000] {logging_mixin.py:188} INFO - [2024-04-07T14:47:07.239+0000] {dag.py:3834} INFO - Setting next_dagrun for dag_clima to 2024-04-07 00:00:00+00:00, run_after=2024-04-08 00:00:00+00:00
[2024-04-07T14:47:07.301+0000] {processor.py:183} INFO - Processing /opt/airflow/dags/Dag_clima.py took 0.224 seconds
[2024-04-07T14:47:37.480+0000] {processor.py:161} INFO - Started process (PID=941) to work on /opt/airflow/dags/Dag_clima.py
[2024-04-07T14:47:37.483+0000] {processor.py:830} INFO - Processing file /opt/airflow/dags/Dag_clima.py for tasks to queue
[2024-04-07T14:47:37.488+0000] {logging_mixin.py:188} INFO - [2024-04-07T14:47:37.487+0000] {dagbag.py:540} INFO - Filling up the DagBag from /opt/airflow/dags/Dag_clima.py
[2024-04-07T14:47:37.519+0000] {processor.py:840} INFO - DAG(s) 'dag_clima' retrieved from /opt/airflow/dags/Dag_clima.py
[2024-04-07T14:47:37.573+0000] {logging_mixin.py:188} INFO - [2024-04-07T14:47:37.573+0000] {dag.py:3047} INFO - Sync 1 DAGs
[2024-04-07T14:47:37.627+0000] {logging_mixin.py:188} INFO - [2024-04-07T14:47:37.626+0000] {dag.py:3834} INFO - Setting next_dagrun for dag_clima to 2024-04-07 00:00:00+00:00, run_after=2024-04-08 00:00:00+00:00
[2024-04-07T14:47:37.662+0000] {processor.py:183} INFO - Processing /opt/airflow/dags/Dag_clima.py took 0.190 seconds
[2024-04-07T14:48:08.506+0000] {processor.py:161} INFO - Started process (PID=998) to work on /opt/airflow/dags/Dag_clima.py
[2024-04-07T14:48:08.508+0000] {processor.py:830} INFO - Processing file /opt/airflow/dags/Dag_clima.py for tasks to queue
[2024-04-07T14:48:08.512+0000] {logging_mixin.py:188} INFO - [2024-04-07T14:48:08.511+0000] {dagbag.py:540} INFO - Filling up the DagBag from /opt/airflow/dags/Dag_clima.py
[2024-04-07T14:48:08.541+0000] {processor.py:840} INFO - DAG(s) 'dag_clima' retrieved from /opt/airflow/dags/Dag_clima.py
[2024-04-07T14:48:08.591+0000] {logging_mixin.py:188} INFO - [2024-04-07T14:48:08.591+0000] {dag.py:3047} INFO - Sync 1 DAGs
[2024-04-07T14:48:08.649+0000] {logging_mixin.py:188} INFO - [2024-04-07T14:48:08.649+0000] {dag.py:3834} INFO - Setting next_dagrun for dag_clima to 2024-04-07 00:00:00+00:00, run_after=2024-04-08 00:00:00+00:00
[2024-04-07T14:48:08.702+0000] {processor.py:183} INFO - Processing /opt/airflow/dags/Dag_clima.py took 0.204 seconds
[2024-04-07T14:48:38.800+0000] {processor.py:161} INFO - Started process (PID=1055) to work on /opt/airflow/dags/Dag_clima.py
[2024-04-07T14:48:38.803+0000] {processor.py:830} INFO - Processing file /opt/airflow/dags/Dag_clima.py for tasks to queue
[2024-04-07T14:48:38.807+0000] {logging_mixin.py:188} INFO - [2024-04-07T14:48:38.806+0000] {dagbag.py:540} INFO - Filling up the DagBag from /opt/airflow/dags/Dag_clima.py
[2024-04-07T14:48:38.833+0000] {processor.py:840} INFO - DAG(s) 'dag_clima' retrieved from /opt/airflow/dags/Dag_clima.py
[2024-04-07T14:48:38.873+0000] {logging_mixin.py:188} INFO - [2024-04-07T14:48:38.873+0000] {dag.py:3047} INFO - Sync 1 DAGs
[2024-04-07T14:48:38.953+0000] {logging_mixin.py:188} INFO - [2024-04-07T14:48:38.952+0000] {dag.py:3834} INFO - Setting next_dagrun for dag_clima to 2024-04-07 00:00:00+00:00, run_after=2024-04-08 00:00:00+00:00
[2024-04-07T14:48:39.024+0000] {processor.py:183} INFO - Processing /opt/airflow/dags/Dag_clima.py took 0.233 seconds
[2024-04-07T14:49:09.303+0000] {processor.py:161} INFO - Started process (PID=1112) to work on /opt/airflow/dags/Dag_clima.py
[2024-04-07T14:49:09.305+0000] {processor.py:830} INFO - Processing file /opt/airflow/dags/Dag_clima.py for tasks to queue
[2024-04-07T14:49:09.319+0000] {logging_mixin.py:188} INFO - [2024-04-07T14:49:09.318+0000] {dagbag.py:540} INFO - Filling up the DagBag from /opt/airflow/dags/Dag_clima.py
[2024-04-07T14:49:09.467+0000] {processor.py:840} INFO - DAG(s) 'dag_clima' retrieved from /opt/airflow/dags/Dag_clima.py
[2024-04-07T14:49:09.543+0000] {logging_mixin.py:188} INFO - [2024-04-07T14:49:09.543+0000] {dag.py:3047} INFO - Sync 1 DAGs
[2024-04-07T14:49:09.643+0000] {logging_mixin.py:188} INFO - [2024-04-07T14:49:09.642+0000] {dag.py:3834} INFO - Setting next_dagrun for dag_clima to 2024-04-07 00:00:00+00:00, run_after=2024-04-08 00:00:00+00:00
[2024-04-07T14:49:09.818+0000] {processor.py:183} INFO - Processing /opt/airflow/dags/Dag_clima.py took 0.523 seconds
[2024-04-07T14:49:40.422+0000] {processor.py:161} INFO - Started process (PID=1169) to work on /opt/airflow/dags/Dag_clima.py
[2024-04-07T14:49:40.427+0000] {processor.py:830} INFO - Processing file /opt/airflow/dags/Dag_clima.py for tasks to queue
[2024-04-07T14:49:40.432+0000] {logging_mixin.py:188} INFO - [2024-04-07T14:49:40.431+0000] {dagbag.py:540} INFO - Filling up the DagBag from /opt/airflow/dags/Dag_clima.py
[2024-04-07T14:49:40.462+0000] {processor.py:840} INFO - DAG(s) 'dag_clima' retrieved from /opt/airflow/dags/Dag_clima.py
[2024-04-07T14:49:40.494+0000] {logging_mixin.py:188} INFO - [2024-04-07T14:49:40.494+0000] {dag.py:3047} INFO - Sync 1 DAGs
[2024-04-07T14:49:40.534+0000] {logging_mixin.py:188} INFO - [2024-04-07T14:49:40.534+0000] {dag.py:3834} INFO - Setting next_dagrun for dag_clima to 2024-04-07 00:00:00+00:00, run_after=2024-04-08 00:00:00+00:00
[2024-04-07T14:49:40.648+0000] {processor.py:183} INFO - Processing /opt/airflow/dags/Dag_clima.py took 0.234 seconds
[2024-04-07T14:50:11.008+0000] {processor.py:161} INFO - Started process (PID=1224) to work on /opt/airflow/dags/Dag_clima.py
[2024-04-07T14:50:11.020+0000] {processor.py:830} INFO - Processing file /opt/airflow/dags/Dag_clima.py for tasks to queue
[2024-04-07T14:50:11.026+0000] {logging_mixin.py:188} INFO - [2024-04-07T14:50:11.025+0000] {dagbag.py:540} INFO - Filling up the DagBag from /opt/airflow/dags/Dag_clima.py
[2024-04-07T14:50:11.110+0000] {processor.py:840} INFO - DAG(s) 'dag_clima' retrieved from /opt/airflow/dags/Dag_clima.py
[2024-04-07T14:50:11.170+0000] {logging_mixin.py:188} INFO - [2024-04-07T14:50:11.170+0000] {dag.py:3047} INFO - Sync 1 DAGs
[2024-04-07T14:50:11.246+0000] {logging_mixin.py:188} INFO - [2024-04-07T14:50:11.245+0000] {dag.py:3834} INFO - Setting next_dagrun for dag_clima to 2024-04-07 00:00:00+00:00, run_after=2024-04-08 00:00:00+00:00
[2024-04-07T14:50:11.298+0000] {processor.py:183} INFO - Processing /opt/airflow/dags/Dag_clima.py took 0.297 seconds
[2024-04-07T14:50:41.868+0000] {processor.py:161} INFO - Started process (PID=1282) to work on /opt/airflow/dags/Dag_clima.py
[2024-04-07T14:50:41.871+0000] {processor.py:830} INFO - Processing file /opt/airflow/dags/Dag_clima.py for tasks to queue
[2024-04-07T14:50:41.874+0000] {logging_mixin.py:188} INFO - [2024-04-07T14:50:41.873+0000] {dagbag.py:540} INFO - Filling up the DagBag from /opt/airflow/dags/Dag_clima.py
[2024-04-07T14:50:41.916+0000] {processor.py:840} INFO - DAG(s) 'dag_clima' retrieved from /opt/airflow/dags/Dag_clima.py
[2024-04-07T14:50:41.957+0000] {logging_mixin.py:188} INFO - [2024-04-07T14:50:41.956+0000] {dag.py:3047} INFO - Sync 1 DAGs
[2024-04-07T14:50:42.009+0000] {logging_mixin.py:188} INFO - [2024-04-07T14:50:42.009+0000] {dag.py:3834} INFO - Setting next_dagrun for dag_clima to 2024-04-07 00:00:00+00:00, run_after=2024-04-08 00:00:00+00:00
[2024-04-07T14:50:42.570+0000] {processor.py:183} INFO - Processing /opt/airflow/dags/Dag_clima.py took 0.712 seconds
[2024-04-07T14:51:13.146+0000] {processor.py:161} INFO - Started process (PID=1338) to work on /opt/airflow/dags/Dag_clima.py
[2024-04-07T14:51:13.150+0000] {processor.py:830} INFO - Processing file /opt/airflow/dags/Dag_clima.py for tasks to queue
[2024-04-07T14:51:13.156+0000] {logging_mixin.py:188} INFO - [2024-04-07T14:51:13.155+0000] {dagbag.py:540} INFO - Filling up the DagBag from /opt/airflow/dags/Dag_clima.py
[2024-04-07T14:51:13.212+0000] {processor.py:840} INFO - DAG(s) 'dag_clima' retrieved from /opt/airflow/dags/Dag_clima.py
[2024-04-07T14:51:13.269+0000] {logging_mixin.py:188} INFO - [2024-04-07T14:51:13.268+0000] {dag.py:3047} INFO - Sync 1 DAGs
[2024-04-07T14:51:13.352+0000] {logging_mixin.py:188} INFO - [2024-04-07T14:51:13.352+0000] {dag.py:3834} INFO - Setting next_dagrun for dag_clima to 2024-04-07 00:00:00+00:00, run_after=2024-04-08 00:00:00+00:00
[2024-04-07T14:51:13.562+0000] {processor.py:183} INFO - Processing /opt/airflow/dags/Dag_clima.py took 0.424 seconds
[2024-04-07T14:51:43.942+0000] {processor.py:161} INFO - Started process (PID=1396) to work on /opt/airflow/dags/Dag_clima.py
[2024-04-07T14:51:43.955+0000] {processor.py:830} INFO - Processing file /opt/airflow/dags/Dag_clima.py for tasks to queue
[2024-04-07T14:51:43.961+0000] {logging_mixin.py:188} INFO - [2024-04-07T14:51:43.960+0000] {dagbag.py:540} INFO - Filling up the DagBag from /opt/airflow/dags/Dag_clima.py
[2024-04-07T14:51:44.135+0000] {processor.py:840} INFO - DAG(s) 'dag_clima' retrieved from /opt/airflow/dags/Dag_clima.py
[2024-04-07T14:51:44.210+0000] {logging_mixin.py:188} INFO - [2024-04-07T14:51:44.209+0000] {dag.py:3047} INFO - Sync 1 DAGs
[2024-04-07T14:51:44.315+0000] {logging_mixin.py:188} INFO - [2024-04-07T14:51:44.314+0000] {dag.py:3834} INFO - Setting next_dagrun for dag_clima to 2024-04-07 00:00:00+00:00, run_after=2024-04-08 00:00:00+00:00
[2024-04-07T14:51:44.380+0000] {processor.py:183} INFO - Processing /opt/airflow/dags/Dag_clima.py took 0.455 seconds
[2024-04-07T14:52:15.213+0000] {processor.py:161} INFO - Started process (PID=1453) to work on /opt/airflow/dags/Dag_clima.py
[2024-04-07T14:52:15.226+0000] {processor.py:830} INFO - Processing file /opt/airflow/dags/Dag_clima.py for tasks to queue
[2024-04-07T14:52:15.239+0000] {logging_mixin.py:188} INFO - [2024-04-07T14:52:15.234+0000] {dagbag.py:540} INFO - Filling up the DagBag from /opt/airflow/dags/Dag_clima.py
[2024-04-07T14:52:15.297+0000] {processor.py:840} INFO - DAG(s) 'dag_clima' retrieved from /opt/airflow/dags/Dag_clima.py
[2024-04-07T14:52:15.379+0000] {logging_mixin.py:188} INFO - [2024-04-07T14:52:15.379+0000] {dag.py:3047} INFO - Sync 1 DAGs
[2024-04-07T14:52:15.446+0000] {logging_mixin.py:188} INFO - [2024-04-07T14:52:15.445+0000] {dag.py:3834} INFO - Setting next_dagrun for dag_clima to 2024-04-07 00:00:00+00:00, run_after=2024-04-08 00:00:00+00:00
[2024-04-07T14:52:15.508+0000] {processor.py:183} INFO - Processing /opt/airflow/dags/Dag_clima.py took 0.304 seconds
[2024-04-07T14:52:45.839+0000] {processor.py:161} INFO - Started process (PID=1510) to work on /opt/airflow/dags/Dag_clima.py
[2024-04-07T14:52:45.842+0000] {processor.py:830} INFO - Processing file /opt/airflow/dags/Dag_clima.py for tasks to queue
[2024-04-07T14:52:45.849+0000] {logging_mixin.py:188} INFO - [2024-04-07T14:52:45.848+0000] {dagbag.py:540} INFO - Filling up the DagBag from /opt/airflow/dags/Dag_clima.py
[2024-04-07T14:52:45.884+0000] {processor.py:840} INFO - DAG(s) 'dag_clima' retrieved from /opt/airflow/dags/Dag_clima.py
[2024-04-07T14:52:45.935+0000] {logging_mixin.py:188} INFO - [2024-04-07T14:52:45.934+0000] {dag.py:3047} INFO - Sync 1 DAGs
[2024-04-07T14:52:45.992+0000] {logging_mixin.py:188} INFO - [2024-04-07T14:52:45.991+0000] {dag.py:3834} INFO - Setting next_dagrun for dag_clima to 2024-04-07 00:00:00+00:00, run_after=2024-04-08 00:00:00+00:00
[2024-04-07T14:52:46.045+0000] {processor.py:183} INFO - Processing /opt/airflow/dags/Dag_clima.py took 0.213 seconds
[2024-04-07T14:53:16.200+0000] {processor.py:161} INFO - Started process (PID=1567) to work on /opt/airflow/dags/Dag_clima.py
[2024-04-07T14:53:16.202+0000] {processor.py:830} INFO - Processing file /opt/airflow/dags/Dag_clima.py for tasks to queue
[2024-04-07T14:53:16.208+0000] {logging_mixin.py:188} INFO - [2024-04-07T14:53:16.207+0000] {dagbag.py:540} INFO - Filling up the DagBag from /opt/airflow/dags/Dag_clima.py
[2024-04-07T14:53:16.241+0000] {processor.py:840} INFO - DAG(s) 'dag_clima' retrieved from /opt/airflow/dags/Dag_clima.py
[2024-04-07T14:53:16.285+0000] {logging_mixin.py:188} INFO - [2024-04-07T14:53:16.285+0000] {dag.py:3047} INFO - Sync 1 DAGs
[2024-04-07T14:53:16.336+0000] {logging_mixin.py:188} INFO - [2024-04-07T14:53:16.335+0000] {dag.py:3834} INFO - Setting next_dagrun for dag_clima to 2024-04-07 00:00:00+00:00, run_after=2024-04-08 00:00:00+00:00
[2024-04-07T14:53:16.395+0000] {processor.py:183} INFO - Processing /opt/airflow/dags/Dag_clima.py took 0.203 seconds
[2024-04-07T14:53:47.039+0000] {processor.py:161} INFO - Started process (PID=1624) to work on /opt/airflow/dags/Dag_clima.py
[2024-04-07T14:53:47.043+0000] {processor.py:830} INFO - Processing file /opt/airflow/dags/Dag_clima.py for tasks to queue
[2024-04-07T14:53:47.054+0000] {logging_mixin.py:188} INFO - [2024-04-07T14:53:47.052+0000] {dagbag.py:540} INFO - Filling up the DagBag from /opt/airflow/dags/Dag_clima.py
[2024-04-07T14:53:47.109+0000] {processor.py:840} INFO - DAG(s) 'dag_clima' retrieved from /opt/airflow/dags/Dag_clima.py
[2024-04-07T14:53:47.172+0000] {logging_mixin.py:188} INFO - [2024-04-07T14:53:47.171+0000] {dag.py:3047} INFO - Sync 1 DAGs
[2024-04-07T14:53:47.245+0000] {logging_mixin.py:188} INFO - [2024-04-07T14:53:47.245+0000] {dag.py:3834} INFO - Setting next_dagrun for dag_clima to 2024-04-07 00:00:00+00:00, run_after=2024-04-08 00:00:00+00:00
[2024-04-07T14:53:47.301+0000] {processor.py:183} INFO - Processing /opt/airflow/dags/Dag_clima.py took 0.279 seconds
[2024-04-07T14:54:17.897+0000] {processor.py:161} INFO - Started process (PID=1681) to work on /opt/airflow/dags/Dag_clima.py
[2024-04-07T14:54:17.907+0000] {processor.py:830} INFO - Processing file /opt/airflow/dags/Dag_clima.py for tasks to queue
[2024-04-07T14:54:17.912+0000] {logging_mixin.py:188} INFO - [2024-04-07T14:54:17.911+0000] {dagbag.py:540} INFO - Filling up the DagBag from /opt/airflow/dags/Dag_clima.py
[2024-04-07T14:54:18.018+0000] {processor.py:840} INFO - DAG(s) 'dag_clima' retrieved from /opt/airflow/dags/Dag_clima.py
[2024-04-07T14:54:18.087+0000] {logging_mixin.py:188} INFO - [2024-04-07T14:54:18.087+0000] {dag.py:3047} INFO - Sync 1 DAGs
[2024-04-07T14:54:18.160+0000] {logging_mixin.py:188} INFO - [2024-04-07T14:54:18.159+0000] {dag.py:3834} INFO - Setting next_dagrun for dag_clima to 2024-04-07 00:00:00+00:00, run_after=2024-04-08 00:00:00+00:00
[2024-04-07T14:54:18.221+0000] {processor.py:183} INFO - Processing /opt/airflow/dags/Dag_clima.py took 0.334 seconds
[2024-04-07T14:54:48.376+0000] {processor.py:161} INFO - Started process (PID=1738) to work on /opt/airflow/dags/Dag_clima.py
[2024-04-07T14:54:48.378+0000] {processor.py:830} INFO - Processing file /opt/airflow/dags/Dag_clima.py for tasks to queue
[2024-04-07T14:54:48.383+0000] {logging_mixin.py:188} INFO - [2024-04-07T14:54:48.382+0000] {dagbag.py:540} INFO - Filling up the DagBag from /opt/airflow/dags/Dag_clima.py
[2024-04-07T14:54:48.414+0000] {processor.py:840} INFO - DAG(s) 'dag_clima' retrieved from /opt/airflow/dags/Dag_clima.py
[2024-04-07T14:54:48.454+0000] {logging_mixin.py:188} INFO - [2024-04-07T14:54:48.454+0000] {dag.py:3047} INFO - Sync 1 DAGs
[2024-04-07T14:54:48.524+0000] {logging_mixin.py:188} INFO - [2024-04-07T14:54:48.523+0000] {dag.py:3834} INFO - Setting next_dagrun for dag_clima to 2024-04-07 00:00:00+00:00, run_after=2024-04-08 00:00:00+00:00
[2024-04-07T14:54:48.588+0000] {processor.py:183} INFO - Processing /opt/airflow/dags/Dag_clima.py took 0.227 seconds
[2024-04-07T14:55:18.807+0000] {processor.py:161} INFO - Started process (PID=1794) to work on /opt/airflow/dags/Dag_clima.py
[2024-04-07T14:55:18.810+0000] {processor.py:830} INFO - Processing file /opt/airflow/dags/Dag_clima.py for tasks to queue
[2024-04-07T14:55:18.815+0000] {logging_mixin.py:188} INFO - [2024-04-07T14:55:18.814+0000] {dagbag.py:540} INFO - Filling up the DagBag from /opt/airflow/dags/Dag_clima.py
[2024-04-07T14:55:18.844+0000] {processor.py:840} INFO - DAG(s) 'dag_clima' retrieved from /opt/airflow/dags/Dag_clima.py
[2024-04-07T14:55:18.892+0000] {logging_mixin.py:188} INFO - [2024-04-07T14:55:18.892+0000] {dag.py:3047} INFO - Sync 1 DAGs
[2024-04-07T14:55:18.991+0000] {logging_mixin.py:188} INFO - [2024-04-07T14:55:18.990+0000] {dag.py:3834} INFO - Setting next_dagrun for dag_clima to 2024-04-07 00:00:00+00:00, run_after=2024-04-08 00:00:00+00:00
[2024-04-07T14:55:19.085+0000] {processor.py:183} INFO - Processing /opt/airflow/dags/Dag_clima.py took 0.287 seconds
[2024-04-07T14:55:49.564+0000] {processor.py:161} INFO - Started process (PID=1851) to work on /opt/airflow/dags/Dag_clima.py
[2024-04-07T14:55:49.566+0000] {processor.py:830} INFO - Processing file /opt/airflow/dags/Dag_clima.py for tasks to queue
[2024-04-07T14:55:49.570+0000] {logging_mixin.py:188} INFO - [2024-04-07T14:55:49.570+0000] {dagbag.py:540} INFO - Filling up the DagBag from /opt/airflow/dags/Dag_clima.py
[2024-04-07T14:55:49.600+0000] {processor.py:840} INFO - DAG(s) 'dag_clima' retrieved from /opt/airflow/dags/Dag_clima.py
[2024-04-07T14:55:49.636+0000] {logging_mixin.py:188} INFO - [2024-04-07T14:55:49.635+0000] {dag.py:3047} INFO - Sync 1 DAGs
[2024-04-07T14:55:49.677+0000] {logging_mixin.py:188} INFO - [2024-04-07T14:55:49.677+0000] {dag.py:3834} INFO - Setting next_dagrun for dag_clima to 2024-04-07 00:00:00+00:00, run_after=2024-04-08 00:00:00+00:00
[2024-04-07T14:55:49.708+0000] {processor.py:183} INFO - Processing /opt/airflow/dags/Dag_clima.py took 0.150 seconds
[2024-04-07T14:56:19.793+0000] {processor.py:161} INFO - Started process (PID=1909) to work on /opt/airflow/dags/Dag_clima.py
[2024-04-07T14:56:19.797+0000] {processor.py:830} INFO - Processing file /opt/airflow/dags/Dag_clima.py for tasks to queue
[2024-04-07T14:56:19.804+0000] {logging_mixin.py:188} INFO - [2024-04-07T14:56:19.803+0000] {dagbag.py:540} INFO - Filling up the DagBag from /opt/airflow/dags/Dag_clima.py
[2024-04-07T14:56:19.839+0000] {processor.py:840} INFO - DAG(s) 'dag_clima' retrieved from /opt/airflow/dags/Dag_clima.py
[2024-04-07T14:56:19.889+0000] {logging_mixin.py:188} INFO - [2024-04-07T14:56:19.888+0000] {dag.py:3047} INFO - Sync 1 DAGs
[2024-04-07T14:56:19.946+0000] {logging_mixin.py:188} INFO - [2024-04-07T14:56:19.946+0000] {dag.py:3834} INFO - Setting next_dagrun for dag_clima to 2024-04-07 00:00:00+00:00, run_after=2024-04-08 00:00:00+00:00
[2024-04-07T14:56:20.028+0000] {processor.py:183} INFO - Processing /opt/airflow/dags/Dag_clima.py took 0.242 seconds
[2024-04-07T14:56:50.559+0000] {processor.py:161} INFO - Started process (PID=1965) to work on /opt/airflow/dags/Dag_clima.py
[2024-04-07T14:56:50.562+0000] {processor.py:830} INFO - Processing file /opt/airflow/dags/Dag_clima.py for tasks to queue
[2024-04-07T14:56:50.567+0000] {logging_mixin.py:188} INFO - [2024-04-07T14:56:50.566+0000] {dagbag.py:540} INFO - Filling up the DagBag from /opt/airflow/dags/Dag_clima.py
[2024-04-07T14:56:50.596+0000] {processor.py:840} INFO - DAG(s) 'dag_clima' retrieved from /opt/airflow/dags/Dag_clima.py
[2024-04-07T14:56:50.630+0000] {logging_mixin.py:188} INFO - [2024-04-07T14:56:50.630+0000] {dag.py:3047} INFO - Sync 1 DAGs
[2024-04-07T14:56:50.670+0000] {logging_mixin.py:188} INFO - [2024-04-07T14:56:50.670+0000] {dag.py:3834} INFO - Setting next_dagrun for dag_clima to 2024-04-07 00:00:00+00:00, run_after=2024-04-08 00:00:00+00:00
[2024-04-07T14:56:50.732+0000] {processor.py:183} INFO - Processing /opt/airflow/dags/Dag_clima.py took 0.185 seconds
[2024-04-07T14:57:20.841+0000] {processor.py:161} INFO - Started process (PID=2022) to work on /opt/airflow/dags/Dag_clima.py
[2024-04-07T14:57:20.843+0000] {processor.py:830} INFO - Processing file /opt/airflow/dags/Dag_clima.py for tasks to queue
[2024-04-07T14:57:20.848+0000] {logging_mixin.py:188} INFO - [2024-04-07T14:57:20.847+0000] {dagbag.py:540} INFO - Filling up the DagBag from /opt/airflow/dags/Dag_clima.py
[2024-04-07T14:57:20.878+0000] {processor.py:840} INFO - DAG(s) 'dag_clima' retrieved from /opt/airflow/dags/Dag_clima.py
[2024-04-07T14:57:20.905+0000] {logging_mixin.py:188} INFO - [2024-04-07T14:57:20.905+0000] {dag.py:3047} INFO - Sync 1 DAGs
[2024-04-07T14:57:20.942+0000] {logging_mixin.py:188} INFO - [2024-04-07T14:57:20.942+0000] {dag.py:3834} INFO - Setting next_dagrun for dag_clima to 2024-04-07 00:00:00+00:00, run_after=2024-04-08 00:00:00+00:00
[2024-04-07T14:57:21.001+0000] {processor.py:183} INFO - Processing /opt/airflow/dags/Dag_clima.py took 0.166 seconds
[2024-04-07T14:57:51.113+0000] {processor.py:161} INFO - Started process (PID=2080) to work on /opt/airflow/dags/Dag_clima.py
[2024-04-07T14:57:51.121+0000] {processor.py:830} INFO - Processing file /opt/airflow/dags/Dag_clima.py for tasks to queue
[2024-04-07T14:57:51.128+0000] {logging_mixin.py:188} INFO - [2024-04-07T14:57:51.127+0000] {dagbag.py:540} INFO - Filling up the DagBag from /opt/airflow/dags/Dag_clima.py
[2024-04-07T14:57:51.222+0000] {processor.py:840} INFO - DAG(s) 'dag_clima' retrieved from /opt/airflow/dags/Dag_clima.py
[2024-04-07T14:57:51.318+0000] {logging_mixin.py:188} INFO - [2024-04-07T14:57:51.318+0000] {dag.py:3047} INFO - Sync 1 DAGs
[2024-04-07T14:57:51.414+0000] {logging_mixin.py:188} INFO - [2024-04-07T14:57:51.412+0000] {dag.py:3834} INFO - Setting next_dagrun for dag_clima to 2024-04-07 00:00:00+00:00, run_after=2024-04-08 00:00:00+00:00
[2024-04-07T14:57:51.524+0000] {processor.py:183} INFO - Processing /opt/airflow/dags/Dag_clima.py took 0.417 seconds
[2024-04-07T14:58:21.609+0000] {processor.py:161} INFO - Started process (PID=2137) to work on /opt/airflow/dags/Dag_clima.py
[2024-04-07T14:58:21.611+0000] {processor.py:830} INFO - Processing file /opt/airflow/dags/Dag_clima.py for tasks to queue
[2024-04-07T14:58:21.614+0000] {logging_mixin.py:188} INFO - [2024-04-07T14:58:21.613+0000] {dagbag.py:540} INFO - Filling up the DagBag from /opt/airflow/dags/Dag_clima.py
[2024-04-07T14:58:21.635+0000] {processor.py:840} INFO - DAG(s) 'dag_clima' retrieved from /opt/airflow/dags/Dag_clima.py
[2024-04-07T14:58:21.663+0000] {logging_mixin.py:188} INFO - [2024-04-07T14:58:21.663+0000] {dag.py:3047} INFO - Sync 1 DAGs
[2024-04-07T14:58:21.695+0000] {logging_mixin.py:188} INFO - [2024-04-07T14:58:21.694+0000] {dag.py:3834} INFO - Setting next_dagrun for dag_clima to 2024-04-07 00:00:00+00:00, run_after=2024-04-08 00:00:00+00:00
[2024-04-07T14:58:21.729+0000] {processor.py:183} INFO - Processing /opt/airflow/dags/Dag_clima.py took 0.125 seconds
[2024-04-07T14:58:51.828+0000] {processor.py:161} INFO - Started process (PID=2194) to work on /opt/airflow/dags/Dag_clima.py
[2024-04-07T14:58:51.830+0000] {processor.py:830} INFO - Processing file /opt/airflow/dags/Dag_clima.py for tasks to queue
[2024-04-07T14:58:51.835+0000] {logging_mixin.py:188} INFO - [2024-04-07T14:58:51.835+0000] {dagbag.py:540} INFO - Filling up the DagBag from /opt/airflow/dags/Dag_clima.py
[2024-04-07T14:58:51.868+0000] {processor.py:840} INFO - DAG(s) 'dag_clima' retrieved from /opt/airflow/dags/Dag_clima.py
[2024-04-07T14:58:51.904+0000] {logging_mixin.py:188} INFO - [2024-04-07T14:58:51.903+0000] {dag.py:3047} INFO - Sync 1 DAGs
[2024-04-07T14:58:51.937+0000] {logging_mixin.py:188} INFO - [2024-04-07T14:58:51.937+0000] {dag.py:3834} INFO - Setting next_dagrun for dag_clima to 2024-04-07 00:00:00+00:00, run_after=2024-04-08 00:00:00+00:00
[2024-04-07T14:58:51.965+0000] {processor.py:183} INFO - Processing /opt/airflow/dags/Dag_clima.py took 0.143 seconds
[2024-04-07T14:59:23.497+0000] {processor.py:161} INFO - Started process (PID=2249) to work on /opt/airflow/dags/Dag_clima.py
[2024-04-07T14:59:23.502+0000] {processor.py:830} INFO - Processing file /opt/airflow/dags/Dag_clima.py for tasks to queue
[2024-04-07T14:59:23.518+0000] {logging_mixin.py:188} INFO - [2024-04-07T14:59:23.517+0000] {dagbag.py:540} INFO - Filling up the DagBag from /opt/airflow/dags/Dag_clima.py
[2024-04-07T14:59:23.862+0000] {processor.py:840} INFO - DAG(s) 'dag_clima' retrieved from /opt/airflow/dags/Dag_clima.py
[2024-04-07T14:59:23.949+0000] {logging_mixin.py:188} INFO - [2024-04-07T14:59:23.948+0000] {dag.py:3047} INFO - Sync 1 DAGs
[2024-04-07T14:59:24.109+0000] {logging_mixin.py:188} INFO - [2024-04-07T14:59:24.108+0000] {dag.py:3834} INFO - Setting next_dagrun for dag_clima to 2024-04-07 00:00:00+00:00, run_after=2024-04-08 00:00:00+00:00
[2024-04-07T14:59:24.238+0000] {processor.py:183} INFO - Processing /opt/airflow/dags/Dag_clima.py took 0.759 seconds
[2024-04-07T14:59:54.726+0000] {processor.py:161} INFO - Started process (PID=2306) to work on /opt/airflow/dags/Dag_clima.py
[2024-04-07T14:59:54.729+0000] {processor.py:830} INFO - Processing file /opt/airflow/dags/Dag_clima.py for tasks to queue
[2024-04-07T14:59:54.733+0000] {logging_mixin.py:188} INFO - [2024-04-07T14:59:54.732+0000] {dagbag.py:540} INFO - Filling up the DagBag from /opt/airflow/dags/Dag_clima.py
[2024-04-07T14:59:54.759+0000] {processor.py:840} INFO - DAG(s) 'dag_clima' retrieved from /opt/airflow/dags/Dag_clima.py
[2024-04-07T14:59:54.790+0000] {logging_mixin.py:188} INFO - [2024-04-07T14:59:54.790+0000] {dag.py:3047} INFO - Sync 1 DAGs
[2024-04-07T14:59:54.830+0000] {logging_mixin.py:188} INFO - [2024-04-07T14:59:54.830+0000] {dag.py:3834} INFO - Setting next_dagrun for dag_clima to 2024-04-07 00:00:00+00:00, run_after=2024-04-08 00:00:00+00:00
[2024-04-07T14:59:54.870+0000] {processor.py:183} INFO - Processing /opt/airflow/dags/Dag_clima.py took 0.149 seconds
[2024-04-07T15:00:25.131+0000] {processor.py:161} INFO - Started process (PID=2363) to work on /opt/airflow/dags/Dag_clima.py
[2024-04-07T15:00:25.144+0000] {processor.py:830} INFO - Processing file /opt/airflow/dags/Dag_clima.py for tasks to queue
[2024-04-07T15:00:25.152+0000] {logging_mixin.py:188} INFO - [2024-04-07T15:00:25.151+0000] {dagbag.py:540} INFO - Filling up the DagBag from /opt/airflow/dags/Dag_clima.py
[2024-04-07T15:00:25.308+0000] {processor.py:840} INFO - DAG(s) 'dag_clima' retrieved from /opt/airflow/dags/Dag_clima.py
[2024-04-07T15:00:25.369+0000] {logging_mixin.py:188} INFO - [2024-04-07T15:00:25.369+0000] {dag.py:3047} INFO - Sync 1 DAGs
[2024-04-07T15:00:25.446+0000] {logging_mixin.py:188} INFO - [2024-04-07T15:00:25.445+0000] {dag.py:3834} INFO - Setting next_dagrun for dag_clima to 2024-04-07 00:00:00+00:00, run_after=2024-04-08 00:00:00+00:00
[2024-04-07T15:00:25.495+0000] {processor.py:183} INFO - Processing /opt/airflow/dags/Dag_clima.py took 0.371 seconds
