[2024-04-23T18:23:53.704+0000] {local_task_job_runner.py:120} INFO - ::group::Pre task execution logs
[2024-04-23T18:23:53.843+0000] {taskinstance.py:2073} INFO - Dependencies all met for dep_context=non-requeueable deps ti=<TaskInstance: nombre_del_dag.tarea_mi_funcion manual__2024-04-23T18:18:14.946028+00:00 [queued]>
[2024-04-23T18:23:53.895+0000] {taskinstance.py:2073} INFO - Dependencies all met for dep_context=requeueable deps ti=<TaskInstance: nombre_del_dag.tarea_mi_funcion manual__2024-04-23T18:18:14.946028+00:00 [queued]>
[2024-04-23T18:23:53.910+0000] {taskinstance.py:2303} INFO - Starting attempt 2 of 2
[2024-04-23T18:23:53.989+0000] {taskinstance.py:2327} INFO - Executing <Task(PythonOperator): tarea_mi_funcion> on 2024-04-23 18:18:14.946028+00:00
[2024-04-23T18:23:54.021+0000] {standard_task_runner.py:90} INFO - Running: ['***', 'tasks', 'run', 'nombre_del_dag', 'tarea_mi_funcion', 'manual__2024-04-23T18:18:14.946028+00:00', '--job-id', '401', '--raw', '--subdir', 'DAGS_FOLDER/P3.py', '--cfg-path', '/tmp/tmpqryttxcf']
[2024-04-23T18:23:54.057+0000] {standard_task_runner.py:91} INFO - Job 401: Subtask tarea_mi_funcion
[2024-04-23T18:23:54.798+0000] {warnings.py:110} WARNING - /home/***/.local/lib/python3.12/site-packages/***/task/task_runner/standard_task_runner.py:61: DeprecationWarning: This process (pid=388) is multi-threaded, use of fork() may lead to deadlocks in the child.
  pid = os.fork()

[2024-04-23T18:23:54.807+0000] {standard_task_runner.py:63} INFO - Started process 391 to run task
[2024-04-23T18:23:55.678+0000] {task_command.py:426} INFO - Running <TaskInstance: nombre_del_dag.tarea_mi_funcion manual__2024-04-23T18:18:14.946028+00:00 [running]> on host 26fbc25bb53c
[2024-04-23T18:23:56.802+0000] {taskinstance.py:2644} INFO - Exporting env vars: AIRFLOW_CTX_DAG_OWNER='tu_nombre' AIRFLOW_CTX_DAG_ID='nombre_del_dag' AIRFLOW_CTX_TASK_ID='tarea_mi_funcion' AIRFLOW_CTX_EXECUTION_DATE='2024-04-23T18:18:14.946028+00:00' AIRFLOW_CTX_TRY_NUMBER='2' AIRFLOW_CTX_DAG_RUN_ID='manual__2024-04-23T18:18:14.946028+00:00'
[2024-04-23T18:23:56.814+0000] {taskinstance.py:430} INFO - ::endgroup::
[2024-04-23T18:27:00.461+0000] {taskinstance.py:441} INFO - ::group::Post task execution logs
[2024-04-23T18:27:00.478+0000] {taskinstance.py:2890} ERROR - Task failed with exception
Traceback (most recent call last):
  File "/home/airflow/.local/lib/python3.12/site-packages/airflow/models/taskinstance.py", line 465, in _execute_task
    result = _execute_callable(context=context, **execute_callable_kwargs)
             ^^^^^^^^^^^^^^^^^^^^^^^^^^^^^^^^^^^^^^^^^^^^^^^^^^^^^^^^^^^^^
  File "/home/airflow/.local/lib/python3.12/site-packages/airflow/models/taskinstance.py", line 432, in _execute_callable
    return execute_callable(context=context, **execute_callable_kwargs)
           ^^^^^^^^^^^^^^^^^^^^^^^^^^^^^^^^^^^^^^^^^^^^^^^^^^^^^^^^^^^^
  File "/home/airflow/.local/lib/python3.12/site-packages/airflow/models/baseoperator.py", line 400, in wrapper
    return func(self, *args, **kwargs)
           ^^^^^^^^^^^^^^^^^^^^^^^^^^^
  File "/home/airflow/.local/lib/python3.12/site-packages/airflow/operators/python.py", line 235, in execute
    return_value = self.execute_callable()
                   ^^^^^^^^^^^^^^^^^^^^^^^
  File "/home/airflow/.local/lib/python3.12/site-packages/airflow/operators/python.py", line 252, in execute_callable
    return self.python_callable(*self.op_args, **self.op_kwargs)
           ^^^^^^^^^^^^^^^^^^^^^^^^^^^^^^^^^^^^^^^^^^^^^^^^^^^^^
  File "/opt/airflow/plugins/Script.py", line 87, in ETL
    conn = psycopg2.connect(
           ^^^^^^^^^^^^^^^^^
  File "/home/airflow/.local/lib/python3.12/site-packages/psycopg2/__init__.py", line 122, in connect
    conn = _connect(dsn, connection_factory=connection_factory, **kwasync)
           ^^^^^^^^^^^^^^^^^^^^^^^^^^^^^^^^^^^^^^^^^^^^^^^^^^^^^^^^^^^^^^^
psycopg2.OperationalError: connection to server at "data-engineer-cluster.cyhh5bfevlmn.us-east-1.redshift.amazonaws.com" (52.44.43.227), port 5439 failed: server closed the connection unexpectedly
	This probably means the server terminated abnormally
	before or while processing the request.

[2024-04-23T18:27:00.764+0000] {taskinstance.py:1205} INFO - Marking task as FAILED. dag_id=nombre_del_dag, task_id=tarea_mi_funcion, execution_date=20240423T181814, start_date=20240423T182353, end_date=20240423T182700
[2024-04-23T18:27:00.894+0000] {standard_task_runner.py:110} ERROR - Failed to execute job 401 for task tarea_mi_funcion (connection to server at "data-engineer-cluster.cyhh5bfevlmn.us-east-1.redshift.amazonaws.com" (52.44.43.227), port 5439 failed: server closed the connection unexpectedly
	This probably means the server terminated abnormally
	before or while processing the request.
; 391)
[2024-04-23T18:27:01.012+0000] {local_task_job_runner.py:240} INFO - Task exited with return code 1
[2024-04-23T18:27:01.165+0000] {taskinstance.py:3482} INFO - 0 downstream tasks scheduled from follow-on schedule check
[2024-04-23T18:27:03.744+0000] {local_task_job_runner.py:222} INFO - ::endgroup::
