[2024-04-15T23:32:33.378+0000] {processor.py:161} INFO - Started process (PID=62) to work on /opt/airflow/dags/holaa.py
[2024-04-15T23:32:33.392+0000] {processor.py:830} INFO - Processing file /opt/airflow/dags/holaa.py for tasks to queue
[2024-04-15T23:32:33.478+0000] {logging_mixin.py:188} INFO - [2024-04-15T23:32:33.467+0000] {dagbag.py:540} INFO - Filling up the DagBag from /opt/airflow/dags/holaa.py
[2024-04-15T23:32:35.094+0000] {processor.py:840} INFO - DAG(s) 'm_dag_ejecutar' retrieved from /opt/airflow/dags/holaa.py
[2024-04-15T23:32:40.081+0000] {logging_mixin.py:188} INFO - [2024-04-15T23:32:40.057+0000] {dag.py:3096} INFO - Sync 1 DAGs
[2024-04-15T23:32:40.615+0000] {logging_mixin.py:188} INFO - [2024-04-15T23:32:40.614+0000] {dag.py:3954} INFO - Setting next_dagrun for m_dag_ejecutar to 2024-04-14 00:00:00+00:00, run_after=2024-04-15 00:00:00+00:00
[2024-04-15T23:32:41.425+0000] {processor.py:183} INFO - Processing /opt/airflow/dags/holaa.py took 8.215 seconds
[2024-04-15T23:33:12.224+0000] {processor.py:161} INFO - Started process (PID=82) to work on /opt/airflow/dags/holaa.py
[2024-04-15T23:33:12.295+0000] {processor.py:830} INFO - Processing file /opt/airflow/dags/holaa.py for tasks to queue
[2024-04-15T23:33:12.312+0000] {logging_mixin.py:188} INFO - [2024-04-15T23:33:12.311+0000] {dagbag.py:540} INFO - Filling up the DagBag from /opt/airflow/dags/holaa.py
[2024-04-15T23:33:12.667+0000] {processor.py:840} INFO - DAG(s) 'm_dag_ejecutar' retrieved from /opt/airflow/dags/holaa.py
[2024-04-15T23:33:12.871+0000] {logging_mixin.py:188} INFO - [2024-04-15T23:33:12.870+0000] {dag.py:3096} INFO - Sync 1 DAGs
[2024-04-15T23:33:13.087+0000] {logging_mixin.py:188} INFO - [2024-04-15T23:33:13.087+0000] {dag.py:3954} INFO - Setting next_dagrun for m_dag_ejecutar to 2024-04-14 00:00:00+00:00, run_after=2024-04-15 00:00:00+00:00
[2024-04-15T23:33:13.266+0000] {processor.py:183} INFO - Processing /opt/airflow/dags/holaa.py took 1.119 seconds
[2024-04-15T23:33:43.681+0000] {processor.py:161} INFO - Started process (PID=92) to work on /opt/airflow/dags/holaa.py
[2024-04-15T23:33:43.697+0000] {processor.py:830} INFO - Processing file /opt/airflow/dags/holaa.py for tasks to queue
[2024-04-15T23:33:43.705+0000] {logging_mixin.py:188} INFO - [2024-04-15T23:33:43.704+0000] {dagbag.py:540} INFO - Filling up the DagBag from /opt/airflow/dags/holaa.py
[2024-04-15T23:33:44.258+0000] {processor.py:840} INFO - DAG(s) 'm_dag_ejecutar' retrieved from /opt/airflow/dags/holaa.py
[2024-04-15T23:33:44.327+0000] {logging_mixin.py:188} INFO - [2024-04-15T23:33:44.326+0000] {dag.py:3096} INFO - Sync 1 DAGs
[2024-04-15T23:33:44.445+0000] {logging_mixin.py:188} INFO - [2024-04-15T23:33:44.445+0000] {dag.py:3954} INFO - Setting next_dagrun for m_dag_ejecutar to 2024-04-14 00:00:00+00:00, run_after=2024-04-15 00:00:00+00:00
[2024-04-15T23:33:44.772+0000] {processor.py:183} INFO - Processing /opt/airflow/dags/holaa.py took 1.116 seconds
[2024-04-15T23:34:15.418+0000] {processor.py:161} INFO - Started process (PID=101) to work on /opt/airflow/dags/holaa.py
[2024-04-15T23:34:15.420+0000] {processor.py:830} INFO - Processing file /opt/airflow/dags/holaa.py for tasks to queue
[2024-04-15T23:34:15.425+0000] {logging_mixin.py:188} INFO - [2024-04-15T23:34:15.424+0000] {dagbag.py:540} INFO - Filling up the DagBag from /opt/airflow/dags/holaa.py
[2024-04-15T23:34:15.632+0000] {processor.py:840} INFO - DAG(s) 'm_dag_ejecutar' retrieved from /opt/airflow/dags/holaa.py
[2024-04-15T23:34:16.252+0000] {logging_mixin.py:188} INFO - [2024-04-15T23:34:16.252+0000] {dag.py:3096} INFO - Sync 1 DAGs
[2024-04-15T23:34:16.303+0000] {logging_mixin.py:188} INFO - [2024-04-15T23:34:16.302+0000] {dag.py:3954} INFO - Setting next_dagrun for m_dag_ejecutar to 2024-04-14 00:00:00+00:00, run_after=2024-04-15 00:00:00+00:00
[2024-04-15T23:34:16.473+0000] {processor.py:183} INFO - Processing /opt/airflow/dags/holaa.py took 1.065 seconds
[2024-04-15T23:34:46.566+0000] {processor.py:161} INFO - Started process (PID=112) to work on /opt/airflow/dags/holaa.py
[2024-04-15T23:34:46.567+0000] {processor.py:830} INFO - Processing file /opt/airflow/dags/holaa.py for tasks to queue
[2024-04-15T23:34:46.570+0000] {logging_mixin.py:188} INFO - [2024-04-15T23:34:46.570+0000] {dagbag.py:540} INFO - Filling up the DagBag from /opt/airflow/dags/holaa.py
[2024-04-15T23:34:46.614+0000] {processor.py:840} INFO - DAG(s) 'm_dag_ejecutar' retrieved from /opt/airflow/dags/holaa.py
[2024-04-15T23:34:46.877+0000] {logging_mixin.py:188} INFO - [2024-04-15T23:34:46.876+0000] {dag.py:3096} INFO - Sync 1 DAGs
[2024-04-15T23:34:47.036+0000] {logging_mixin.py:188} INFO - [2024-04-15T23:34:47.036+0000] {dag.py:3954} INFO - Setting next_dagrun for m_dag_ejecutar to 2024-04-14 00:00:00+00:00, run_after=2024-04-15 00:00:00+00:00
[2024-04-15T23:34:47.396+0000] {processor.py:183} INFO - Processing /opt/airflow/dags/holaa.py took 0.844 seconds
[2024-04-15T23:35:18.273+0000] {processor.py:161} INFO - Started process (PID=123) to work on /opt/airflow/dags/holaa.py
[2024-04-15T23:35:18.275+0000] {processor.py:830} INFO - Processing file /opt/airflow/dags/holaa.py for tasks to queue
[2024-04-15T23:35:18.278+0000] {logging_mixin.py:188} INFO - [2024-04-15T23:35:18.277+0000] {dagbag.py:540} INFO - Filling up the DagBag from /opt/airflow/dags/holaa.py
[2024-04-15T23:35:18.317+0000] {processor.py:840} INFO - DAG(s) 'm_dag_ejecutar' retrieved from /opt/airflow/dags/holaa.py
[2024-04-15T23:35:18.333+0000] {logging_mixin.py:188} INFO - [2024-04-15T23:35:18.333+0000] {dag.py:3096} INFO - Sync 1 DAGs
[2024-04-15T23:35:18.579+0000] {logging_mixin.py:188} INFO - [2024-04-15T23:35:18.579+0000] {dag.py:3954} INFO - Setting next_dagrun for m_dag_ejecutar to 2024-04-14 00:00:00+00:00, run_after=2024-04-15 00:00:00+00:00
[2024-04-15T23:35:19.563+0000] {processor.py:183} INFO - Processing /opt/airflow/dags/holaa.py took 1.298 seconds
[2024-04-15T23:35:50.510+0000] {processor.py:161} INFO - Started process (PID=133) to work on /opt/airflow/dags/holaa.py
[2024-04-15T23:35:50.512+0000] {processor.py:830} INFO - Processing file /opt/airflow/dags/holaa.py for tasks to queue
[2024-04-15T23:35:50.515+0000] {logging_mixin.py:188} INFO - [2024-04-15T23:35:50.514+0000] {dagbag.py:540} INFO - Filling up the DagBag from /opt/airflow/dags/holaa.py
[2024-04-15T23:35:50.556+0000] {processor.py:840} INFO - DAG(s) 'm_dag_ejecutar' retrieved from /opt/airflow/dags/holaa.py
[2024-04-15T23:35:51.307+0000] {logging_mixin.py:188} INFO - [2024-04-15T23:35:51.306+0000] {dag.py:3096} INFO - Sync 1 DAGs
[2024-04-15T23:35:51.610+0000] {logging_mixin.py:188} INFO - [2024-04-15T23:35:51.609+0000] {dag.py:3954} INFO - Setting next_dagrun for m_dag_ejecutar to 2024-04-14 00:00:00+00:00, run_after=2024-04-15 00:00:00+00:00
[2024-04-15T23:35:52.810+0000] {processor.py:183} INFO - Processing /opt/airflow/dags/holaa.py took 2.308 seconds
[2024-04-15T23:36:23.365+0000] {processor.py:161} INFO - Started process (PID=144) to work on /opt/airflow/dags/holaa.py
[2024-04-15T23:36:23.367+0000] {processor.py:830} INFO - Processing file /opt/airflow/dags/holaa.py for tasks to queue
[2024-04-15T23:36:23.371+0000] {logging_mixin.py:188} INFO - [2024-04-15T23:36:23.371+0000] {dagbag.py:540} INFO - Filling up the DagBag from /opt/airflow/dags/holaa.py
[2024-04-15T23:36:23.416+0000] {processor.py:840} INFO - DAG(s) 'm_dag_ejecutar' retrieved from /opt/airflow/dags/holaa.py
[2024-04-15T23:36:23.450+0000] {logging_mixin.py:188} INFO - [2024-04-15T23:36:23.450+0000] {dag.py:3096} INFO - Sync 1 DAGs
[2024-04-15T23:36:23.486+0000] {logging_mixin.py:188} INFO - [2024-04-15T23:36:23.486+0000] {dag.py:3954} INFO - Setting next_dagrun for m_dag_ejecutar to 2024-04-14 00:00:00+00:00, run_after=2024-04-15 00:00:00+00:00
[2024-04-15T23:36:25.697+0000] {processor.py:183} INFO - Processing /opt/airflow/dags/holaa.py took 2.347 seconds
[2024-04-15T23:36:56.286+0000] {processor.py:161} INFO - Started process (PID=160) to work on /opt/airflow/dags/holaa.py
[2024-04-15T23:36:56.288+0000] {processor.py:830} INFO - Processing file /opt/airflow/dags/holaa.py for tasks to queue
[2024-04-15T23:36:56.291+0000] {logging_mixin.py:188} INFO - [2024-04-15T23:36:56.291+0000] {dagbag.py:540} INFO - Filling up the DagBag from /opt/airflow/dags/holaa.py
[2024-04-15T23:36:56.385+0000] {processor.py:840} INFO - DAG(s) 'm_dag_ejecutar' retrieved from /opt/airflow/dags/holaa.py
[2024-04-15T23:36:56.415+0000] {logging_mixin.py:188} INFO - [2024-04-15T23:36:56.414+0000] {dag.py:3096} INFO - Sync 1 DAGs
[2024-04-15T23:36:56.478+0000] {logging_mixin.py:188} INFO - [2024-04-15T23:36:56.476+0000] {dag.py:3954} INFO - Setting next_dagrun for m_dag_ejecutar to 2024-04-14 00:00:00+00:00, run_after=2024-04-15 00:00:00+00:00
[2024-04-15T23:36:56.750+0000] {processor.py:183} INFO - Processing /opt/airflow/dags/holaa.py took 0.474 seconds
[2024-04-15T23:37:27.099+0000] {processor.py:161} INFO - Started process (PID=170) to work on /opt/airflow/dags/holaa.py
[2024-04-15T23:37:27.101+0000] {processor.py:830} INFO - Processing file /opt/airflow/dags/holaa.py for tasks to queue
[2024-04-15T23:37:27.105+0000] {logging_mixin.py:188} INFO - [2024-04-15T23:37:27.104+0000] {dagbag.py:540} INFO - Filling up the DagBag from /opt/airflow/dags/holaa.py
[2024-04-15T23:37:27.159+0000] {processor.py:840} INFO - DAG(s) 'm_dag_ejecutar' retrieved from /opt/airflow/dags/holaa.py
[2024-04-15T23:37:27.608+0000] {logging_mixin.py:188} INFO - [2024-04-15T23:37:27.608+0000] {dag.py:3096} INFO - Sync 1 DAGs
[2024-04-15T23:37:27.665+0000] {logging_mixin.py:188} INFO - [2024-04-15T23:37:27.665+0000] {dag.py:3954} INFO - Setting next_dagrun for m_dag_ejecutar to 2024-04-14 00:00:00+00:00, run_after=2024-04-15 00:00:00+00:00
[2024-04-15T23:37:27.754+0000] {processor.py:183} INFO - Processing /opt/airflow/dags/holaa.py took 0.672 seconds
[2024-04-15T23:37:58.510+0000] {processor.py:161} INFO - Started process (PID=181) to work on /opt/airflow/dags/holaa.py
[2024-04-15T23:37:58.513+0000] {processor.py:830} INFO - Processing file /opt/airflow/dags/holaa.py for tasks to queue
[2024-04-15T23:37:58.518+0000] {logging_mixin.py:188} INFO - [2024-04-15T23:37:58.517+0000] {dagbag.py:540} INFO - Filling up the DagBag from /opt/airflow/dags/holaa.py
[2024-04-15T23:37:58.590+0000] {processor.py:840} INFO - DAG(s) 'm_dag_ejecutar' retrieved from /opt/airflow/dags/holaa.py
[2024-04-15T23:37:58.659+0000] {logging_mixin.py:188} INFO - [2024-04-15T23:37:58.658+0000] {dag.py:3096} INFO - Sync 1 DAGs
[2024-04-15T23:37:58.724+0000] {logging_mixin.py:188} INFO - [2024-04-15T23:37:58.724+0000] {dag.py:3954} INFO - Setting next_dagrun for m_dag_ejecutar to 2024-04-14 00:00:00+00:00, run_after=2024-04-15 00:00:00+00:00
[2024-04-15T23:37:58.775+0000] {processor.py:183} INFO - Processing /opt/airflow/dags/holaa.py took 0.279 seconds
[2024-04-15T23:38:29.229+0000] {processor.py:161} INFO - Started process (PID=190) to work on /opt/airflow/dags/holaa.py
[2024-04-15T23:38:29.236+0000] {processor.py:830} INFO - Processing file /opt/airflow/dags/holaa.py for tasks to queue
[2024-04-15T23:38:29.238+0000] {logging_mixin.py:188} INFO - [2024-04-15T23:38:29.238+0000] {dagbag.py:540} INFO - Filling up the DagBag from /opt/airflow/dags/holaa.py
[2024-04-15T23:38:29.299+0000] {processor.py:840} INFO - DAG(s) 'm_dag_ejecutar' retrieved from /opt/airflow/dags/holaa.py
[2024-04-15T23:38:29.342+0000] {logging_mixin.py:188} INFO - [2024-04-15T23:38:29.341+0000] {dag.py:3096} INFO - Sync 1 DAGs
[2024-04-15T23:38:29.419+0000] {logging_mixin.py:188} INFO - [2024-04-15T23:38:29.419+0000] {dag.py:3954} INFO - Setting next_dagrun for m_dag_ejecutar to 2024-04-14 00:00:00+00:00, run_after=2024-04-15 00:00:00+00:00
[2024-04-15T23:38:29.516+0000] {processor.py:183} INFO - Processing /opt/airflow/dags/holaa.py took 0.306 seconds
[2024-04-15T23:38:59.907+0000] {processor.py:161} INFO - Started process (PID=199) to work on /opt/airflow/dags/holaa.py
[2024-04-15T23:38:59.909+0000] {processor.py:830} INFO - Processing file /opt/airflow/dags/holaa.py for tasks to queue
[2024-04-15T23:38:59.911+0000] {logging_mixin.py:188} INFO - [2024-04-15T23:38:59.911+0000] {dagbag.py:540} INFO - Filling up the DagBag from /opt/airflow/dags/holaa.py
[2024-04-15T23:38:59.969+0000] {processor.py:840} INFO - DAG(s) 'm_dag_ejecutar' retrieved from /opt/airflow/dags/holaa.py
[2024-04-15T23:39:00.219+0000] {logging_mixin.py:188} INFO - [2024-04-15T23:39:00.219+0000] {dag.py:3096} INFO - Sync 1 DAGs
[2024-04-15T23:39:00.265+0000] {logging_mixin.py:188} INFO - [2024-04-15T23:39:00.265+0000] {dag.py:3954} INFO - Setting next_dagrun for m_dag_ejecutar to 2024-04-14 00:00:00+00:00, run_after=2024-04-15 00:00:00+00:00
[2024-04-15T23:39:00.304+0000] {processor.py:183} INFO - Processing /opt/airflow/dags/holaa.py took 0.417 seconds
[2024-04-15T23:39:30.839+0000] {processor.py:161} INFO - Started process (PID=209) to work on /opt/airflow/dags/holaa.py
[2024-04-15T23:39:30.842+0000] {processor.py:830} INFO - Processing file /opt/airflow/dags/holaa.py for tasks to queue
[2024-04-15T23:39:30.844+0000] {logging_mixin.py:188} INFO - [2024-04-15T23:39:30.844+0000] {dagbag.py:540} INFO - Filling up the DagBag from /opt/airflow/dags/holaa.py
[2024-04-15T23:39:30.965+0000] {processor.py:840} INFO - DAG(s) 'm_dag_ejecutar' retrieved from /opt/airflow/dags/holaa.py
[2024-04-15T23:39:31.096+0000] {logging_mixin.py:188} INFO - [2024-04-15T23:39:31.096+0000] {dag.py:3096} INFO - Sync 1 DAGs
[2024-04-15T23:39:31.209+0000] {logging_mixin.py:188} INFO - [2024-04-15T23:39:31.206+0000] {dag.py:3954} INFO - Setting next_dagrun for m_dag_ejecutar to 2024-04-14 00:00:00+00:00, run_after=2024-04-15 00:00:00+00:00
[2024-04-15T23:39:31.334+0000] {processor.py:183} INFO - Processing /opt/airflow/dags/holaa.py took 0.515 seconds
[2024-04-15T23:40:02.013+0000] {processor.py:161} INFO - Started process (PID=219) to work on /opt/airflow/dags/holaa.py
[2024-04-15T23:40:02.015+0000] {processor.py:830} INFO - Processing file /opt/airflow/dags/holaa.py for tasks to queue
[2024-04-15T23:40:02.018+0000] {logging_mixin.py:188} INFO - [2024-04-15T23:40:02.017+0000] {dagbag.py:540} INFO - Filling up the DagBag from /opt/airflow/dags/holaa.py
[2024-04-15T23:40:02.090+0000] {processor.py:840} INFO - DAG(s) 'm_dag_ejecutar' retrieved from /opt/airflow/dags/holaa.py
[2024-04-15T23:40:02.122+0000] {logging_mixin.py:188} INFO - [2024-04-15T23:40:02.121+0000] {dag.py:3096} INFO - Sync 1 DAGs
[2024-04-15T23:40:02.246+0000] {logging_mixin.py:188} INFO - [2024-04-15T23:40:02.246+0000] {dag.py:3954} INFO - Setting next_dagrun for m_dag_ejecutar to 2024-04-14 00:00:00+00:00, run_after=2024-04-15 00:00:00+00:00
[2024-04-15T23:40:02.435+0000] {processor.py:183} INFO - Processing /opt/airflow/dags/holaa.py took 0.436 seconds
[2024-04-15T23:40:33.790+0000] {processor.py:161} INFO - Started process (PID=230) to work on /opt/airflow/dags/holaa.py
[2024-04-15T23:40:33.814+0000] {processor.py:830} INFO - Processing file /opt/airflow/dags/holaa.py for tasks to queue
[2024-04-15T23:40:33.846+0000] {logging_mixin.py:188} INFO - [2024-04-15T23:40:33.830+0000] {dagbag.py:540} INFO - Filling up the DagBag from /opt/airflow/dags/holaa.py
[2024-04-15T23:40:34.425+0000] {processor.py:840} INFO - DAG(s) 'm_dag_ejecutar' retrieved from /opt/airflow/dags/holaa.py
[2024-04-15T23:40:38.878+0000] {logging_mixin.py:188} INFO - [2024-04-15T23:40:38.878+0000] {dag.py:3096} INFO - Sync 1 DAGs
[2024-04-15T23:40:39.389+0000] {logging_mixin.py:188} INFO - [2024-04-15T23:40:39.389+0000] {dag.py:3954} INFO - Setting next_dagrun for m_dag_ejecutar to 2024-04-14 00:00:00+00:00, run_after=2024-04-15 00:00:00+00:00
[2024-04-15T23:40:41.450+0000] {processor.py:183} INFO - Processing /opt/airflow/dags/holaa.py took 7.764 seconds
[2024-04-15T23:41:12.474+0000] {processor.py:161} INFO - Started process (PID=240) to work on /opt/airflow/dags/holaa.py
[2024-04-15T23:41:12.475+0000] {processor.py:830} INFO - Processing file /opt/airflow/dags/holaa.py for tasks to queue
[2024-04-15T23:41:12.477+0000] {logging_mixin.py:188} INFO - [2024-04-15T23:41:12.477+0000] {dagbag.py:540} INFO - Filling up the DagBag from /opt/airflow/dags/holaa.py
[2024-04-15T23:41:12.533+0000] {processor.py:840} INFO - DAG(s) 'm_dag_ejecutar' retrieved from /opt/airflow/dags/holaa.py
[2024-04-15T23:41:12.575+0000] {logging_mixin.py:188} INFO - [2024-04-15T23:41:12.575+0000] {dag.py:3096} INFO - Sync 1 DAGs
[2024-04-15T23:41:12.620+0000] {logging_mixin.py:188} INFO - [2024-04-15T23:41:12.620+0000] {dag.py:3954} INFO - Setting next_dagrun for m_dag_ejecutar to 2024-04-14 00:00:00+00:00, run_after=2024-04-15 00:00:00+00:00
[2024-04-15T23:41:12.658+0000] {processor.py:183} INFO - Processing /opt/airflow/dags/holaa.py took 0.196 seconds
[2024-04-15T23:41:43.083+0000] {processor.py:161} INFO - Started process (PID=249) to work on /opt/airflow/dags/holaa.py
[2024-04-15T23:41:43.086+0000] {processor.py:830} INFO - Processing file /opt/airflow/dags/holaa.py for tasks to queue
[2024-04-15T23:41:43.087+0000] {logging_mixin.py:188} INFO - [2024-04-15T23:41:43.087+0000] {dagbag.py:540} INFO - Filling up the DagBag from /opt/airflow/dags/holaa.py
[2024-04-15T23:41:43.128+0000] {processor.py:840} INFO - DAG(s) 'm_dag_ejecutar' retrieved from /opt/airflow/dags/holaa.py
[2024-04-15T23:41:43.166+0000] {logging_mixin.py:188} INFO - [2024-04-15T23:41:43.166+0000] {dag.py:3096} INFO - Sync 1 DAGs
[2024-04-15T23:41:43.200+0000] {logging_mixin.py:188} INFO - [2024-04-15T23:41:43.200+0000] {dag.py:3954} INFO - Setting next_dagrun for m_dag_ejecutar to 2024-04-14 00:00:00+00:00, run_after=2024-04-15 00:00:00+00:00
[2024-04-15T23:41:45.035+0000] {processor.py:183} INFO - Processing /opt/airflow/dags/holaa.py took 1.964 seconds
[2024-04-15T23:42:15.296+0000] {processor.py:161} INFO - Started process (PID=258) to work on /opt/airflow/dags/holaa.py
[2024-04-15T23:42:15.299+0000] {processor.py:830} INFO - Processing file /opt/airflow/dags/holaa.py for tasks to queue
[2024-04-15T23:42:15.302+0000] {logging_mixin.py:188} INFO - [2024-04-15T23:42:15.301+0000] {dagbag.py:540} INFO - Filling up the DagBag from /opt/airflow/dags/holaa.py
[2024-04-15T23:42:15.348+0000] {processor.py:840} INFO - DAG(s) 'm_dag_ejecutar' retrieved from /opt/airflow/dags/holaa.py
[2024-04-15T23:42:15.645+0000] {logging_mixin.py:188} INFO - [2024-04-15T23:42:15.645+0000] {dag.py:3096} INFO - Sync 1 DAGs
[2024-04-15T23:42:15.685+0000] {logging_mixin.py:188} INFO - [2024-04-15T23:42:15.684+0000] {dag.py:3954} INFO - Setting next_dagrun for m_dag_ejecutar to 2024-04-14 00:00:00+00:00, run_after=2024-04-15 00:00:00+00:00
[2024-04-15T23:42:15.730+0000] {processor.py:183} INFO - Processing /opt/airflow/dags/holaa.py took 0.442 seconds
[2024-04-15T23:42:46.123+0000] {processor.py:161} INFO - Started process (PID=269) to work on /opt/airflow/dags/holaa.py
[2024-04-15T23:42:46.125+0000] {processor.py:830} INFO - Processing file /opt/airflow/dags/holaa.py for tasks to queue
[2024-04-15T23:42:46.128+0000] {logging_mixin.py:188} INFO - [2024-04-15T23:42:46.127+0000] {dagbag.py:540} INFO - Filling up the DagBag from /opt/airflow/dags/holaa.py
[2024-04-15T23:42:46.201+0000] {processor.py:840} INFO - DAG(s) 'm_dag_ejecutar' retrieved from /opt/airflow/dags/holaa.py
[2024-04-15T23:42:46.248+0000] {logging_mixin.py:188} INFO - [2024-04-15T23:42:46.247+0000] {dag.py:3096} INFO - Sync 1 DAGs
[2024-04-15T23:42:46.297+0000] {logging_mixin.py:188} INFO - [2024-04-15T23:42:46.297+0000] {dag.py:3954} INFO - Setting next_dagrun for m_dag_ejecutar to 2024-04-14 00:00:00+00:00, run_after=2024-04-15 00:00:00+00:00
[2024-04-15T23:42:46.343+0000] {processor.py:183} INFO - Processing /opt/airflow/dags/holaa.py took 0.237 seconds
[2024-04-15T23:43:16.548+0000] {processor.py:161} INFO - Started process (PID=279) to work on /opt/airflow/dags/holaa.py
[2024-04-15T23:43:16.550+0000] {processor.py:830} INFO - Processing file /opt/airflow/dags/holaa.py for tasks to queue
[2024-04-15T23:43:16.552+0000] {logging_mixin.py:188} INFO - [2024-04-15T23:43:16.552+0000] {dagbag.py:540} INFO - Filling up the DagBag from /opt/airflow/dags/holaa.py
[2024-04-15T23:43:16.601+0000] {processor.py:840} INFO - DAG(s) 'm_dag_ejecutar' retrieved from /opt/airflow/dags/holaa.py
[2024-04-15T23:43:16.652+0000] {logging_mixin.py:188} INFO - [2024-04-15T23:43:16.647+0000] {dag.py:3096} INFO - Sync 1 DAGs
[2024-04-15T23:43:17.288+0000] {logging_mixin.py:188} INFO - [2024-04-15T23:43:17.288+0000] {dag.py:3954} INFO - Setting next_dagrun for m_dag_ejecutar to 2024-04-14 00:00:00+00:00, run_after=2024-04-15 00:00:00+00:00
[2024-04-15T23:43:19.034+0000] {processor.py:183} INFO - Processing /opt/airflow/dags/holaa.py took 2.497 seconds
[2024-04-15T23:43:49.840+0000] {processor.py:161} INFO - Started process (PID=290) to work on /opt/airflow/dags/holaa.py
[2024-04-15T23:43:49.848+0000] {processor.py:830} INFO - Processing file /opt/airflow/dags/holaa.py for tasks to queue
[2024-04-15T23:43:49.851+0000] {logging_mixin.py:188} INFO - [2024-04-15T23:43:49.850+0000] {dagbag.py:540} INFO - Filling up the DagBag from /opt/airflow/dags/holaa.py
[2024-04-15T23:43:49.955+0000] {processor.py:840} INFO - DAG(s) 'm_dag_ejecutar' retrieved from /opt/airflow/dags/holaa.py
[2024-04-15T23:43:50.221+0000] {logging_mixin.py:188} INFO - [2024-04-15T23:43:50.220+0000] {dag.py:3096} INFO - Sync 1 DAGs
[2024-04-15T23:43:50.265+0000] {logging_mixin.py:188} INFO - [2024-04-15T23:43:50.265+0000] {dag.py:3954} INFO - Setting next_dagrun for m_dag_ejecutar to 2024-04-14 00:00:00+00:00, run_after=2024-04-15 00:00:00+00:00
[2024-04-15T23:43:50.302+0000] {processor.py:183} INFO - Processing /opt/airflow/dags/holaa.py took 0.482 seconds
[2024-04-15T23:44:20.432+0000] {processor.py:161} INFO - Started process (PID=300) to work on /opt/airflow/dags/holaa.py
[2024-04-15T23:44:20.433+0000] {processor.py:830} INFO - Processing file /opt/airflow/dags/holaa.py for tasks to queue
[2024-04-15T23:44:20.435+0000] {logging_mixin.py:188} INFO - [2024-04-15T23:44:20.434+0000] {dagbag.py:540} INFO - Filling up the DagBag from /opt/airflow/dags/holaa.py
[2024-04-15T23:44:20.470+0000] {processor.py:840} INFO - DAG(s) 'm_dag_ejecutar' retrieved from /opt/airflow/dags/holaa.py
[2024-04-15T23:44:20.502+0000] {logging_mixin.py:188} INFO - [2024-04-15T23:44:20.501+0000] {dag.py:3096} INFO - Sync 1 DAGs
[2024-04-15T23:44:20.532+0000] {logging_mixin.py:188} INFO - [2024-04-15T23:44:20.532+0000] {dag.py:3954} INFO - Setting next_dagrun for m_dag_ejecutar to 2024-04-14 00:00:00+00:00, run_after=2024-04-15 00:00:00+00:00
[2024-04-15T23:44:20.570+0000] {processor.py:183} INFO - Processing /opt/airflow/dags/holaa.py took 0.147 seconds
[2024-04-15T23:44:51.422+0000] {processor.py:161} INFO - Started process (PID=310) to work on /opt/airflow/dags/holaa.py
[2024-04-15T23:44:51.427+0000] {processor.py:830} INFO - Processing file /opt/airflow/dags/holaa.py for tasks to queue
[2024-04-15T23:44:51.430+0000] {logging_mixin.py:188} INFO - [2024-04-15T23:44:51.430+0000] {dagbag.py:540} INFO - Filling up the DagBag from /opt/airflow/dags/holaa.py
[2024-04-15T23:44:51.476+0000] {processor.py:840} INFO - DAG(s) 'm_dag_ejecutar' retrieved from /opt/airflow/dags/holaa.py
[2024-04-15T23:44:51.491+0000] {logging_mixin.py:188} INFO - [2024-04-15T23:44:51.491+0000] {dag.py:3096} INFO - Sync 1 DAGs
[2024-04-15T23:44:51.684+0000] {logging_mixin.py:188} INFO - [2024-04-15T23:44:51.683+0000] {dag.py:3954} INFO - Setting next_dagrun for m_dag_ejecutar to 2024-04-14 00:00:00+00:00, run_after=2024-04-15 00:00:00+00:00
[2024-04-15T23:44:51.766+0000] {processor.py:183} INFO - Processing /opt/airflow/dags/holaa.py took 0.357 seconds
[2024-04-15T23:45:21.856+0000] {processor.py:161} INFO - Started process (PID=320) to work on /opt/airflow/dags/holaa.py
[2024-04-15T23:45:21.858+0000] {processor.py:830} INFO - Processing file /opt/airflow/dags/holaa.py for tasks to queue
[2024-04-15T23:45:21.859+0000] {logging_mixin.py:188} INFO - [2024-04-15T23:45:21.859+0000] {dagbag.py:540} INFO - Filling up the DagBag from /opt/airflow/dags/holaa.py
[2024-04-15T23:45:21.899+0000] {processor.py:840} INFO - DAG(s) 'm_dag_ejecutar' retrieved from /opt/airflow/dags/holaa.py
[2024-04-15T23:45:22.061+0000] {logging_mixin.py:188} INFO - [2024-04-15T23:45:22.061+0000] {dag.py:3096} INFO - Sync 1 DAGs
[2024-04-15T23:45:22.093+0000] {logging_mixin.py:188} INFO - [2024-04-15T23:45:22.093+0000] {dag.py:3954} INFO - Setting next_dagrun for m_dag_ejecutar to 2024-04-14 00:00:00+00:00, run_after=2024-04-15 00:00:00+00:00
[2024-04-15T23:45:22.128+0000] {processor.py:183} INFO - Processing /opt/airflow/dags/holaa.py took 0.281 seconds
[2024-04-15T23:45:52.380+0000] {processor.py:161} INFO - Started process (PID=330) to work on /opt/airflow/dags/holaa.py
[2024-04-15T23:45:52.382+0000] {processor.py:830} INFO - Processing file /opt/airflow/dags/holaa.py for tasks to queue
[2024-04-15T23:45:52.385+0000] {logging_mixin.py:188} INFO - [2024-04-15T23:45:52.384+0000] {dagbag.py:540} INFO - Filling up the DagBag from /opt/airflow/dags/holaa.py
[2024-04-15T23:45:52.436+0000] {processor.py:840} INFO - DAG(s) 'm_dag_ejecutar' retrieved from /opt/airflow/dags/holaa.py
[2024-04-15T23:45:52.479+0000] {logging_mixin.py:188} INFO - [2024-04-15T23:45:52.479+0000] {dag.py:3096} INFO - Sync 1 DAGs
[2024-04-15T23:45:52.532+0000] {logging_mixin.py:188} INFO - [2024-04-15T23:45:52.531+0000] {dag.py:3954} INFO - Setting next_dagrun for m_dag_ejecutar to 2024-04-14 00:00:00+00:00, run_after=2024-04-15 00:00:00+00:00
[2024-04-15T23:45:52.588+0000] {processor.py:183} INFO - Processing /opt/airflow/dags/holaa.py took 0.216 seconds
[2024-04-15T23:46:22.757+0000] {processor.py:161} INFO - Started process (PID=340) to work on /opt/airflow/dags/holaa.py
[2024-04-15T23:46:22.759+0000] {processor.py:830} INFO - Processing file /opt/airflow/dags/holaa.py for tasks to queue
[2024-04-15T23:46:22.761+0000] {logging_mixin.py:188} INFO - [2024-04-15T23:46:22.760+0000] {dagbag.py:540} INFO - Filling up the DagBag from /opt/airflow/dags/holaa.py
[2024-04-15T23:46:22.804+0000] {processor.py:840} INFO - DAG(s) 'm_dag_ejecutar' retrieved from /opt/airflow/dags/holaa.py
[2024-04-15T23:46:22.821+0000] {logging_mixin.py:188} INFO - [2024-04-15T23:46:22.821+0000] {dag.py:3096} INFO - Sync 1 DAGs
[2024-04-15T23:46:22.856+0000] {logging_mixin.py:188} INFO - [2024-04-15T23:46:22.856+0000] {dag.py:3954} INFO - Setting next_dagrun for m_dag_ejecutar to 2024-04-14 00:00:00+00:00, run_after=2024-04-15 00:00:00+00:00
[2024-04-15T23:46:22.897+0000] {processor.py:183} INFO - Processing /opt/airflow/dags/holaa.py took 0.148 seconds
[2024-04-15T23:46:53.083+0000] {processor.py:161} INFO - Started process (PID=350) to work on /opt/airflow/dags/holaa.py
[2024-04-15T23:46:53.093+0000] {processor.py:830} INFO - Processing file /opt/airflow/dags/holaa.py for tasks to queue
[2024-04-15T23:46:53.098+0000] {logging_mixin.py:188} INFO - [2024-04-15T23:46:53.095+0000] {dagbag.py:540} INFO - Filling up the DagBag from /opt/airflow/dags/holaa.py
[2024-04-15T23:46:53.224+0000] {processor.py:840} INFO - DAG(s) 'm_dag_ejecutar' retrieved from /opt/airflow/dags/holaa.py
[2024-04-15T23:46:53.501+0000] {logging_mixin.py:188} INFO - [2024-04-15T23:46:53.500+0000] {dag.py:3096} INFO - Sync 1 DAGs
[2024-04-15T23:46:53.545+0000] {logging_mixin.py:188} INFO - [2024-04-15T23:46:53.545+0000] {dag.py:3954} INFO - Setting next_dagrun for m_dag_ejecutar to 2024-04-14 00:00:00+00:00, run_after=2024-04-15 00:00:00+00:00
[2024-04-15T23:46:53.583+0000] {processor.py:183} INFO - Processing /opt/airflow/dags/holaa.py took 0.548 seconds
[2024-04-15T23:47:24.025+0000] {processor.py:161} INFO - Started process (PID=360) to work on /opt/airflow/dags/holaa.py
[2024-04-15T23:47:24.027+0000] {processor.py:830} INFO - Processing file /opt/airflow/dags/holaa.py for tasks to queue
[2024-04-15T23:47:24.030+0000] {logging_mixin.py:188} INFO - [2024-04-15T23:47:24.029+0000] {dagbag.py:540} INFO - Filling up the DagBag from /opt/airflow/dags/holaa.py
[2024-04-15T23:47:24.102+0000] {processor.py:840} INFO - DAG(s) 'm_dag_ejecutar' retrieved from /opt/airflow/dags/holaa.py
[2024-04-15T23:47:24.154+0000] {logging_mixin.py:188} INFO - [2024-04-15T23:47:24.154+0000] {dag.py:3096} INFO - Sync 1 DAGs
[2024-04-15T23:47:24.213+0000] {logging_mixin.py:188} INFO - [2024-04-15T23:47:24.213+0000] {dag.py:3954} INFO - Setting next_dagrun for m_dag_ejecutar to 2024-04-14 00:00:00+00:00, run_after=2024-04-15 00:00:00+00:00
[2024-04-15T23:47:24.269+0000] {processor.py:183} INFO - Processing /opt/airflow/dags/holaa.py took 0.265 seconds
[2024-04-15T23:47:54.968+0000] {processor.py:161} INFO - Started process (PID=370) to work on /opt/airflow/dags/holaa.py
[2024-04-15T23:47:54.970+0000] {processor.py:830} INFO - Processing file /opt/airflow/dags/holaa.py for tasks to queue
[2024-04-15T23:47:54.972+0000] {logging_mixin.py:188} INFO - [2024-04-15T23:47:54.971+0000] {dagbag.py:540} INFO - Filling up the DagBag from /opt/airflow/dags/holaa.py
[2024-04-15T23:47:55.453+0000] {processor.py:840} INFO - DAG(s) 'm_dag_ejecutar' retrieved from /opt/airflow/dags/holaa.py
[2024-04-15T23:47:55.547+0000] {logging_mixin.py:188} INFO - [2024-04-15T23:47:55.547+0000] {dag.py:3096} INFO - Sync 1 DAGs
[2024-04-15T23:47:55.590+0000] {logging_mixin.py:188} INFO - [2024-04-15T23:47:55.589+0000] {dag.py:3954} INFO - Setting next_dagrun for m_dag_ejecutar to 2024-04-14 00:00:00+00:00, run_after=2024-04-15 00:00:00+00:00
[2024-04-15T23:47:58.955+0000] {processor.py:183} INFO - Processing /opt/airflow/dags/holaa.py took 4.227 seconds
[2024-04-15T23:48:29.684+0000] {processor.py:161} INFO - Started process (PID=380) to work on /opt/airflow/dags/holaa.py
[2024-04-15T23:48:29.686+0000] {processor.py:830} INFO - Processing file /opt/airflow/dags/holaa.py for tasks to queue
[2024-04-15T23:48:29.689+0000] {logging_mixin.py:188} INFO - [2024-04-15T23:48:29.688+0000] {dagbag.py:540} INFO - Filling up the DagBag from /opt/airflow/dags/holaa.py
[2024-04-15T23:48:30.005+0000] {processor.py:840} INFO - DAG(s) 'm_dag_ejecutar' retrieved from /opt/airflow/dags/holaa.py
[2024-04-15T23:48:31.238+0000] {logging_mixin.py:188} INFO - [2024-04-15T23:48:31.237+0000] {dag.py:3096} INFO - Sync 1 DAGs
[2024-04-15T23:48:31.442+0000] {logging_mixin.py:188} INFO - [2024-04-15T23:48:31.442+0000] {dag.py:3954} INFO - Setting next_dagrun for m_dag_ejecutar to 2024-04-15 00:00:00+00:00, run_after=2024-04-16 00:00:00+00:00
[2024-04-15T23:48:31.639+0000] {processor.py:183} INFO - Processing /opt/airflow/dags/holaa.py took 1.971 seconds
[2024-04-15T23:49:03.817+0000] {processor.py:161} INFO - Started process (PID=394) to work on /opt/airflow/dags/holaa.py
[2024-04-15T23:49:03.823+0000] {processor.py:830} INFO - Processing file /opt/airflow/dags/holaa.py for tasks to queue
[2024-04-15T23:49:03.828+0000] {logging_mixin.py:188} INFO - [2024-04-15T23:49:03.825+0000] {dagbag.py:540} INFO - Filling up the DagBag from /opt/airflow/dags/holaa.py
[2024-04-15T23:49:03.875+0000] {processor.py:840} INFO - DAG(s) 'm_dag_ejecutar' retrieved from /opt/airflow/dags/holaa.py
[2024-04-15T23:49:04.728+0000] {logging_mixin.py:188} INFO - [2024-04-15T23:49:04.728+0000] {dag.py:3096} INFO - Sync 1 DAGs
[2024-04-15T23:49:05.158+0000] {logging_mixin.py:188} INFO - [2024-04-15T23:49:05.158+0000] {dag.py:3954} INFO - Setting next_dagrun for m_dag_ejecutar to 2024-04-15 00:00:00+00:00, run_after=2024-04-16 00:00:00+00:00
[2024-04-15T23:49:05.210+0000] {processor.py:183} INFO - Processing /opt/airflow/dags/holaa.py took 1.409 seconds
[2024-04-15T23:49:35.798+0000] {processor.py:161} INFO - Started process (PID=409) to work on /opt/airflow/dags/holaa.py
[2024-04-15T23:49:35.800+0000] {processor.py:830} INFO - Processing file /opt/airflow/dags/holaa.py for tasks to queue
[2024-04-15T23:49:35.802+0000] {logging_mixin.py:188} INFO - [2024-04-15T23:49:35.801+0000] {dagbag.py:540} INFO - Filling up the DagBag from /opt/airflow/dags/holaa.py
[2024-04-15T23:49:35.854+0000] {processor.py:840} INFO - DAG(s) 'm_dag_ejecutar' retrieved from /opt/airflow/dags/holaa.py
[2024-04-15T23:49:36.361+0000] {logging_mixin.py:188} INFO - [2024-04-15T23:49:36.360+0000] {dag.py:3096} INFO - Sync 1 DAGs
[2024-04-15T23:49:36.435+0000] {logging_mixin.py:188} INFO - [2024-04-15T23:49:36.434+0000] {dag.py:3954} INFO - Setting next_dagrun for m_dag_ejecutar to 2024-04-15 00:00:00+00:00, run_after=2024-04-16 00:00:00+00:00
[2024-04-15T23:49:37.482+0000] {processor.py:183} INFO - Processing /opt/airflow/dags/holaa.py took 1.698 seconds
[2024-04-15T23:50:08.116+0000] {processor.py:161} INFO - Started process (PID=419) to work on /opt/airflow/dags/holaa.py
[2024-04-15T23:50:08.118+0000] {processor.py:830} INFO - Processing file /opt/airflow/dags/holaa.py for tasks to queue
[2024-04-15T23:50:08.120+0000] {logging_mixin.py:188} INFO - [2024-04-15T23:50:08.120+0000] {dagbag.py:540} INFO - Filling up the DagBag from /opt/airflow/dags/holaa.py
[2024-04-15T23:50:08.238+0000] {processor.py:840} INFO - DAG(s) 'm_dag_ejecutar' retrieved from /opt/airflow/dags/holaa.py
[2024-04-15T23:50:08.535+0000] {logging_mixin.py:188} INFO - [2024-04-15T23:50:08.535+0000] {dag.py:3096} INFO - Sync 1 DAGs
[2024-04-15T23:50:08.759+0000] {logging_mixin.py:188} INFO - [2024-04-15T23:50:08.758+0000] {dag.py:3954} INFO - Setting next_dagrun for m_dag_ejecutar to 2024-04-15 00:00:00+00:00, run_after=2024-04-16 00:00:00+00:00
[2024-04-15T23:50:09.043+0000] {processor.py:183} INFO - Processing /opt/airflow/dags/holaa.py took 0.970 seconds
[2024-04-15T23:50:39.659+0000] {processor.py:161} INFO - Started process (PID=430) to work on /opt/airflow/dags/holaa.py
[2024-04-15T23:50:39.667+0000] {processor.py:830} INFO - Processing file /opt/airflow/dags/holaa.py for tasks to queue
[2024-04-15T23:50:39.671+0000] {logging_mixin.py:188} INFO - [2024-04-15T23:50:39.669+0000] {dagbag.py:540} INFO - Filling up the DagBag from /opt/airflow/dags/holaa.py
[2024-04-15T23:50:39.753+0000] {processor.py:840} INFO - DAG(s) 'm_dag_ejecutar' retrieved from /opt/airflow/dags/holaa.py
[2024-04-15T23:50:39.829+0000] {logging_mixin.py:188} INFO - [2024-04-15T23:50:39.829+0000] {dag.py:3096} INFO - Sync 1 DAGs
[2024-04-15T23:50:39.895+0000] {logging_mixin.py:188} INFO - [2024-04-15T23:50:39.895+0000] {dag.py:3954} INFO - Setting next_dagrun for m_dag_ejecutar to 2024-04-15 00:00:00+00:00, run_after=2024-04-16 00:00:00+00:00
[2024-04-15T23:50:39.947+0000] {processor.py:183} INFO - Processing /opt/airflow/dags/holaa.py took 0.311 seconds
[2024-04-15T23:51:10.054+0000] {processor.py:161} INFO - Started process (PID=440) to work on /opt/airflow/dags/holaa.py
[2024-04-15T23:51:10.057+0000] {processor.py:830} INFO - Processing file /opt/airflow/dags/holaa.py for tasks to queue
[2024-04-15T23:51:10.059+0000] {logging_mixin.py:188} INFO - [2024-04-15T23:51:10.059+0000] {dagbag.py:540} INFO - Filling up the DagBag from /opt/airflow/dags/holaa.py
[2024-04-15T23:51:10.107+0000] {processor.py:840} INFO - DAG(s) 'm_dag_ejecutar' retrieved from /opt/airflow/dags/holaa.py
[2024-04-15T23:51:10.123+0000] {logging_mixin.py:188} INFO - [2024-04-15T23:51:10.123+0000] {dag.py:3096} INFO - Sync 1 DAGs
[2024-04-15T23:51:10.163+0000] {logging_mixin.py:188} INFO - [2024-04-15T23:51:10.163+0000] {dag.py:3954} INFO - Setting next_dagrun for m_dag_ejecutar to 2024-04-15 00:00:00+00:00, run_after=2024-04-16 00:00:00+00:00
[2024-04-15T23:51:10.194+0000] {processor.py:183} INFO - Processing /opt/airflow/dags/holaa.py took 0.158 seconds
[2024-04-15T23:51:41.308+0000] {processor.py:161} INFO - Started process (PID=450) to work on /opt/airflow/dags/holaa.py
[2024-04-15T23:51:41.312+0000] {processor.py:830} INFO - Processing file /opt/airflow/dags/holaa.py for tasks to queue
[2024-04-15T23:51:41.317+0000] {logging_mixin.py:188} INFO - [2024-04-15T23:51:41.316+0000] {dagbag.py:540} INFO - Filling up the DagBag from /opt/airflow/dags/holaa.py
[2024-04-15T23:51:41.459+0000] {processor.py:840} INFO - DAG(s) 'm_dag_ejecutar' retrieved from /opt/airflow/dags/holaa.py
[2024-04-15T23:51:42.071+0000] {logging_mixin.py:188} INFO - [2024-04-15T23:51:42.071+0000] {dag.py:3096} INFO - Sync 1 DAGs
[2024-04-15T23:51:42.263+0000] {logging_mixin.py:188} INFO - [2024-04-15T23:51:42.263+0000] {dag.py:3954} INFO - Setting next_dagrun for m_dag_ejecutar to 2024-04-15 00:00:00+00:00, run_after=2024-04-16 00:00:00+00:00
[2024-04-15T23:51:42.365+0000] {processor.py:183} INFO - Processing /opt/airflow/dags/holaa.py took 1.100 seconds
[2024-04-15T23:52:12.462+0000] {processor.py:161} INFO - Started process (PID=460) to work on /opt/airflow/dags/holaa.py
[2024-04-15T23:52:12.466+0000] {processor.py:830} INFO - Processing file /opt/airflow/dags/holaa.py for tasks to queue
[2024-04-15T23:52:12.468+0000] {logging_mixin.py:188} INFO - [2024-04-15T23:52:12.468+0000] {dagbag.py:540} INFO - Filling up the DagBag from /opt/airflow/dags/holaa.py
[2024-04-15T23:52:12.519+0000] {processor.py:840} INFO - DAG(s) 'm_dag_ejecutar' retrieved from /opt/airflow/dags/holaa.py
[2024-04-15T23:52:12.562+0000] {logging_mixin.py:188} INFO - [2024-04-15T23:52:12.562+0000] {dag.py:3096} INFO - Sync 1 DAGs
[2024-04-15T23:52:12.696+0000] {logging_mixin.py:188} INFO - [2024-04-15T23:52:12.696+0000] {dag.py:3954} INFO - Setting next_dagrun for m_dag_ejecutar to 2024-04-15 00:00:00+00:00, run_after=2024-04-16 00:00:00+00:00
[2024-04-15T23:52:12.750+0000] {processor.py:183} INFO - Processing /opt/airflow/dags/holaa.py took 0.303 seconds
[2024-04-15T23:52:43.354+0000] {processor.py:161} INFO - Started process (PID=470) to work on /opt/airflow/dags/holaa.py
[2024-04-15T23:52:43.356+0000] {processor.py:830} INFO - Processing file /opt/airflow/dags/holaa.py for tasks to queue
[2024-04-15T23:52:43.358+0000] {logging_mixin.py:188} INFO - [2024-04-15T23:52:43.357+0000] {dagbag.py:540} INFO - Filling up the DagBag from /opt/airflow/dags/holaa.py
[2024-04-15T23:52:43.401+0000] {processor.py:840} INFO - DAG(s) 'm_dag_ejecutar' retrieved from /opt/airflow/dags/holaa.py
[2024-04-15T23:52:43.418+0000] {logging_mixin.py:188} INFO - [2024-04-15T23:52:43.417+0000] {dag.py:3096} INFO - Sync 1 DAGs
[2024-04-15T23:52:43.457+0000] {logging_mixin.py:188} INFO - [2024-04-15T23:52:43.456+0000] {dag.py:3954} INFO - Setting next_dagrun for m_dag_ejecutar to 2024-04-15 00:00:00+00:00, run_after=2024-04-16 00:00:00+00:00
[2024-04-15T23:52:43.496+0000] {processor.py:183} INFO - Processing /opt/airflow/dags/holaa.py took 0.152 seconds
[2024-04-15T23:53:14.075+0000] {processor.py:161} INFO - Started process (PID=480) to work on /opt/airflow/dags/holaa.py
[2024-04-15T23:53:14.077+0000] {processor.py:830} INFO - Processing file /opt/airflow/dags/holaa.py for tasks to queue
[2024-04-15T23:53:14.079+0000] {logging_mixin.py:188} INFO - [2024-04-15T23:53:14.078+0000] {dagbag.py:540} INFO - Filling up the DagBag from /opt/airflow/dags/holaa.py
[2024-04-15T23:53:14.159+0000] {processor.py:840} INFO - DAG(s) 'm_dag_ejecutar' retrieved from /opt/airflow/dags/holaa.py
[2024-04-15T23:53:14.465+0000] {logging_mixin.py:188} INFO - [2024-04-15T23:53:14.465+0000] {dag.py:3096} INFO - Sync 1 DAGs
[2024-04-15T23:53:14.545+0000] {logging_mixin.py:188} INFO - [2024-04-15T23:53:14.545+0000] {dag.py:3954} INFO - Setting next_dagrun for m_dag_ejecutar to 2024-04-15 00:00:00+00:00, run_after=2024-04-16 00:00:00+00:00
[2024-04-15T23:53:14.631+0000] {processor.py:183} INFO - Processing /opt/airflow/dags/holaa.py took 0.578 seconds
[2024-04-15T23:53:44.718+0000] {processor.py:161} INFO - Started process (PID=490) to work on /opt/airflow/dags/holaa.py
[2024-04-15T23:53:44.719+0000] {processor.py:830} INFO - Processing file /opt/airflow/dags/holaa.py for tasks to queue
[2024-04-15T23:53:44.721+0000] {logging_mixin.py:188} INFO - [2024-04-15T23:53:44.720+0000] {dagbag.py:540} INFO - Filling up the DagBag from /opt/airflow/dags/holaa.py
[2024-04-15T23:53:44.758+0000] {processor.py:840} INFO - DAG(s) 'm_dag_ejecutar' retrieved from /opt/airflow/dags/holaa.py
[2024-04-15T23:53:44.791+0000] {logging_mixin.py:188} INFO - [2024-04-15T23:53:44.791+0000] {dag.py:3096} INFO - Sync 1 DAGs
[2024-04-15T23:53:44.824+0000] {logging_mixin.py:188} INFO - [2024-04-15T23:53:44.824+0000] {dag.py:3954} INFO - Setting next_dagrun for m_dag_ejecutar to 2024-04-15 00:00:00+00:00, run_after=2024-04-16 00:00:00+00:00
[2024-04-15T23:53:44.858+0000] {processor.py:183} INFO - Processing /opt/airflow/dags/holaa.py took 0.148 seconds
[2024-04-15T23:54:14.948+0000] {processor.py:161} INFO - Started process (PID=501) to work on /opt/airflow/dags/holaa.py
[2024-04-15T23:54:14.950+0000] {processor.py:830} INFO - Processing file /opt/airflow/dags/holaa.py for tasks to queue
[2024-04-15T23:54:14.951+0000] {logging_mixin.py:188} INFO - [2024-04-15T23:54:14.951+0000] {dagbag.py:540} INFO - Filling up the DagBag from /opt/airflow/dags/holaa.py
[2024-04-15T23:54:14.988+0000] {processor.py:840} INFO - DAG(s) 'm_dag_ejecutar' retrieved from /opt/airflow/dags/holaa.py
[2024-04-15T23:54:15.008+0000] {logging_mixin.py:188} INFO - [2024-04-15T23:54:15.008+0000] {dag.py:3096} INFO - Sync 1 DAGs
[2024-04-15T23:54:15.043+0000] {logging_mixin.py:188} INFO - [2024-04-15T23:54:15.042+0000] {dag.py:3954} INFO - Setting next_dagrun for m_dag_ejecutar to 2024-04-15 00:00:00+00:00, run_after=2024-04-16 00:00:00+00:00
[2024-04-15T23:54:15.075+0000] {processor.py:183} INFO - Processing /opt/airflow/dags/holaa.py took 0.135 seconds
[2024-04-15T23:54:20.231+0000] {processor.py:161} INFO - Started process (PID=502) to work on /opt/airflow/dags/holaa.py
[2024-04-15T23:54:20.232+0000] {processor.py:830} INFO - Processing file /opt/airflow/dags/holaa.py for tasks to queue
[2024-04-15T23:54:20.234+0000] {logging_mixin.py:188} INFO - [2024-04-15T23:54:20.233+0000] {dagbag.py:540} INFO - Filling up the DagBag from /opt/airflow/dags/holaa.py
[2024-04-15T23:54:20.284+0000] {processor.py:840} INFO - DAG(s) 'm_dag_ejecutar' retrieved from /opt/airflow/dags/holaa.py
[2024-04-15T23:54:20.300+0000] {logging_mixin.py:188} INFO - [2024-04-15T23:54:20.300+0000] {dag.py:3096} INFO - Sync 1 DAGs
[2024-04-15T23:54:20.336+0000] {logging_mixin.py:188} INFO - [2024-04-15T23:54:20.336+0000] {dag.py:3954} INFO - Setting next_dagrun for m_dag_ejecutar to 2024-04-15 00:00:00+00:00, run_after=2024-04-16 00:00:00+00:00
[2024-04-15T23:54:20.370+0000] {processor.py:183} INFO - Processing /opt/airflow/dags/holaa.py took 0.149 seconds
[2024-04-15T23:54:33.018+0000] {processor.py:161} INFO - Started process (PID=506) to work on /opt/airflow/dags/holaa.py
[2024-04-15T23:54:33.021+0000] {processor.py:830} INFO - Processing file /opt/airflow/dags/holaa.py for tasks to queue
[2024-04-15T23:54:33.024+0000] {logging_mixin.py:188} INFO - [2024-04-15T23:54:33.023+0000] {dagbag.py:540} INFO - Filling up the DagBag from /opt/airflow/dags/holaa.py
[2024-04-15T23:54:33.177+0000] {processor.py:840} INFO - DAG(s) 'm_dag_ejecutaa' retrieved from /opt/airflow/dags/holaa.py
[2024-04-15T23:54:33.389+0000] {logging_mixin.py:188} INFO - [2024-04-15T23:54:33.388+0000] {override.py:1829} INFO - Created Permission View: can edit on DAG:m_dag_ejecutaa
[2024-04-15T23:54:33.642+0000] {logging_mixin.py:188} INFO - [2024-04-15T23:54:33.641+0000] {override.py:1829} INFO - Created Permission View: can delete on DAG:m_dag_ejecutaa
[2024-04-15T23:54:33.676+0000] {logging_mixin.py:188} INFO - [2024-04-15T23:54:33.675+0000] {override.py:1829} INFO - Created Permission View: can read on DAG:m_dag_ejecutaa
[2024-04-15T23:54:33.678+0000] {logging_mixin.py:188} INFO - [2024-04-15T23:54:33.677+0000] {dag.py:3096} INFO - Sync 1 DAGs
[2024-04-15T23:54:33.770+0000] {logging_mixin.py:188} INFO - [2024-04-15T23:54:33.764+0000] {dag.py:3118} INFO - Creating ORM DAG for m_dag_ejecutaa
[2024-04-15T23:54:33.857+0000] {logging_mixin.py:188} INFO - [2024-04-15T23:54:33.857+0000] {dag.py:3954} INFO - Setting next_dagrun for m_dag_ejecutaa to 2024-04-07 00:00:00+00:00, run_after=2024-04-08 00:00:00+00:00
[2024-04-15T23:54:33.912+0000] {processor.py:183} INFO - Processing /opt/airflow/dags/holaa.py took 0.914 seconds
[2024-04-15T23:55:32.467+0000] {processor.py:161} INFO - Started process (PID=521) to work on /opt/airflow/dags/holaa.py
[2024-04-15T23:55:32.480+0000] {processor.py:830} INFO - Processing file /opt/airflow/dags/holaa.py for tasks to queue
[2024-04-15T23:55:32.518+0000] {logging_mixin.py:188} INFO - [2024-04-15T23:55:32.517+0000] {dagbag.py:540} INFO - Filling up the DagBag from /opt/airflow/dags/holaa.py
[2024-04-15T23:55:32.842+0000] {processor.py:840} INFO - DAG(s) 'm_dag_ejecutaa' retrieved from /opt/airflow/dags/holaa.py
[2024-04-15T23:55:33.445+0000] {logging_mixin.py:188} INFO - [2024-04-15T23:55:33.444+0000] {dag.py:3096} INFO - Sync 1 DAGs
[2024-04-15T23:55:33.757+0000] {logging_mixin.py:188} INFO - [2024-04-15T23:55:33.755+0000] {dag.py:3954} INFO - Setting next_dagrun for m_dag_ejecutaa to 2024-04-15 00:00:00+00:00, run_after=2024-04-16 00:00:00+00:00
[2024-04-15T23:55:34.023+0000] {processor.py:183} INFO - Processing /opt/airflow/dags/holaa.py took 1.593 seconds
[2024-04-15T23:56:04.799+0000] {processor.py:161} INFO - Started process (PID=530) to work on /opt/airflow/dags/holaa.py
[2024-04-15T23:56:04.801+0000] {processor.py:830} INFO - Processing file /opt/airflow/dags/holaa.py for tasks to queue
[2024-04-15T23:56:04.803+0000] {logging_mixin.py:188} INFO - [2024-04-15T23:56:04.802+0000] {dagbag.py:540} INFO - Filling up the DagBag from /opt/airflow/dags/holaa.py
[2024-04-15T23:56:04.892+0000] {processor.py:840} INFO - DAG(s) 'm_dag_ejecutaa' retrieved from /opt/airflow/dags/holaa.py
[2024-04-15T23:56:04.982+0000] {logging_mixin.py:188} INFO - [2024-04-15T23:56:04.982+0000] {dag.py:3096} INFO - Sync 1 DAGs
[2024-04-15T23:56:05.064+0000] {logging_mixin.py:188} INFO - [2024-04-15T23:56:05.064+0000] {dag.py:3954} INFO - Setting next_dagrun for m_dag_ejecutaa to 2024-04-15 00:00:00+00:00, run_after=2024-04-16 00:00:00+00:00
[2024-04-15T23:56:06.844+0000] {processor.py:183} INFO - Processing /opt/airflow/dags/holaa.py took 2.056 seconds
[2024-04-15T23:56:37.752+0000] {processor.py:161} INFO - Started process (PID=540) to work on /opt/airflow/dags/holaa.py
[2024-04-15T23:56:37.753+0000] {processor.py:830} INFO - Processing file /opt/airflow/dags/holaa.py for tasks to queue
[2024-04-15T23:56:37.755+0000] {logging_mixin.py:188} INFO - [2024-04-15T23:56:37.754+0000] {dagbag.py:540} INFO - Filling up the DagBag from /opt/airflow/dags/holaa.py
[2024-04-15T23:56:37.793+0000] {processor.py:840} INFO - DAG(s) 'm_dag_ejecutaa' retrieved from /opt/airflow/dags/holaa.py
[2024-04-15T23:56:37.832+0000] {logging_mixin.py:188} INFO - [2024-04-15T23:56:37.832+0000] {dag.py:3096} INFO - Sync 1 DAGs
[2024-04-15T23:56:37.869+0000] {logging_mixin.py:188} INFO - [2024-04-15T23:56:37.868+0000] {dag.py:3954} INFO - Setting next_dagrun for m_dag_ejecutaa to 2024-04-15 00:00:00+00:00, run_after=2024-04-16 00:00:00+00:00
[2024-04-15T23:56:37.909+0000] {processor.py:183} INFO - Processing /opt/airflow/dags/holaa.py took 0.167 seconds
[2024-04-15T23:57:08.263+0000] {processor.py:161} INFO - Started process (PID=550) to work on /opt/airflow/dags/holaa.py
[2024-04-15T23:57:08.267+0000] {processor.py:830} INFO - Processing file /opt/airflow/dags/holaa.py for tasks to queue
[2024-04-15T23:57:08.272+0000] {logging_mixin.py:188} INFO - [2024-04-15T23:57:08.270+0000] {dagbag.py:540} INFO - Filling up the DagBag from /opt/airflow/dags/holaa.py
[2024-04-15T23:57:08.326+0000] {processor.py:840} INFO - DAG(s) 'm_dag_ejecutaa' retrieved from /opt/airflow/dags/holaa.py
[2024-04-15T23:57:08.377+0000] {logging_mixin.py:188} INFO - [2024-04-15T23:57:08.376+0000] {dag.py:3096} INFO - Sync 1 DAGs
[2024-04-15T23:57:08.430+0000] {logging_mixin.py:188} INFO - [2024-04-15T23:57:08.429+0000] {dag.py:3954} INFO - Setting next_dagrun for m_dag_ejecutaa to 2024-04-15 00:00:00+00:00, run_after=2024-04-16 00:00:00+00:00
[2024-04-15T23:57:08.485+0000] {processor.py:183} INFO - Processing /opt/airflow/dags/holaa.py took 0.239 seconds
[2024-04-15T23:57:38.920+0000] {processor.py:161} INFO - Started process (PID=561) to work on /opt/airflow/dags/holaa.py
[2024-04-15T23:57:38.922+0000] {processor.py:830} INFO - Processing file /opt/airflow/dags/holaa.py for tasks to queue
[2024-04-15T23:57:38.923+0000] {logging_mixin.py:188} INFO - [2024-04-15T23:57:38.923+0000] {dagbag.py:540} INFO - Filling up the DagBag from /opt/airflow/dags/holaa.py
[2024-04-15T23:57:38.984+0000] {processor.py:840} INFO - DAG(s) 'm_dag_ejecutaa' retrieved from /opt/airflow/dags/holaa.py
[2024-04-15T23:57:39.058+0000] {logging_mixin.py:188} INFO - [2024-04-15T23:57:39.057+0000] {dag.py:3096} INFO - Sync 1 DAGs
[2024-04-15T23:57:39.185+0000] {logging_mixin.py:188} INFO - [2024-04-15T23:57:39.184+0000] {dag.py:3954} INFO - Setting next_dagrun for m_dag_ejecutaa to 2024-04-15 00:00:00+00:00, run_after=2024-04-16 00:00:00+00:00
[2024-04-15T23:57:39.283+0000] {processor.py:183} INFO - Processing /opt/airflow/dags/holaa.py took 0.371 seconds
[2024-04-15T23:58:09.593+0000] {processor.py:161} INFO - Started process (PID=577) to work on /opt/airflow/dags/holaa.py
[2024-04-15T23:58:09.594+0000] {processor.py:830} INFO - Processing file /opt/airflow/dags/holaa.py for tasks to queue
[2024-04-15T23:58:09.596+0000] {logging_mixin.py:188} INFO - [2024-04-15T23:58:09.596+0000] {dagbag.py:540} INFO - Filling up the DagBag from /opt/airflow/dags/holaa.py
[2024-04-15T23:58:09.641+0000] {processor.py:840} INFO - DAG(s) 'm_dag_ejecutaa' retrieved from /opt/airflow/dags/holaa.py
[2024-04-15T23:58:09.677+0000] {logging_mixin.py:188} INFO - [2024-04-15T23:58:09.676+0000] {dag.py:3096} INFO - Sync 1 DAGs
[2024-04-15T23:58:09.725+0000] {logging_mixin.py:188} INFO - [2024-04-15T23:58:09.724+0000] {dag.py:3954} INFO - Setting next_dagrun for m_dag_ejecutaa to 2024-04-15 00:00:00+00:00, run_after=2024-04-16 00:00:00+00:00
[2024-04-15T23:58:09.763+0000] {processor.py:183} INFO - Processing /opt/airflow/dags/holaa.py took 0.183 seconds
[2024-04-15T23:58:40.112+0000] {processor.py:161} INFO - Started process (PID=587) to work on /opt/airflow/dags/holaa.py
[2024-04-15T23:58:40.113+0000] {processor.py:830} INFO - Processing file /opt/airflow/dags/holaa.py for tasks to queue
[2024-04-15T23:58:40.116+0000] {logging_mixin.py:188} INFO - [2024-04-15T23:58:40.115+0000] {dagbag.py:540} INFO - Filling up the DagBag from /opt/airflow/dags/holaa.py
[2024-04-15T23:58:40.160+0000] {processor.py:840} INFO - DAG(s) 'm_dag_ejecutaa' retrieved from /opt/airflow/dags/holaa.py
[2024-04-15T23:58:40.196+0000] {logging_mixin.py:188} INFO - [2024-04-15T23:58:40.196+0000] {dag.py:3096} INFO - Sync 1 DAGs
[2024-04-15T23:58:40.233+0000] {logging_mixin.py:188} INFO - [2024-04-15T23:58:40.233+0000] {dag.py:3954} INFO - Setting next_dagrun for m_dag_ejecutaa to 2024-04-15 00:00:00+00:00, run_after=2024-04-16 00:00:00+00:00
[2024-04-15T23:58:40.275+0000] {processor.py:183} INFO - Processing /opt/airflow/dags/holaa.py took 0.174 seconds
[2024-04-15T23:59:10.722+0000] {processor.py:161} INFO - Started process (PID=597) to work on /opt/airflow/dags/holaa.py
[2024-04-15T23:59:10.724+0000] {processor.py:830} INFO - Processing file /opt/airflow/dags/holaa.py for tasks to queue
[2024-04-15T23:59:10.726+0000] {logging_mixin.py:188} INFO - [2024-04-15T23:59:10.726+0000] {dagbag.py:540} INFO - Filling up the DagBag from /opt/airflow/dags/holaa.py
[2024-04-15T23:59:10.771+0000] {processor.py:840} INFO - DAG(s) 'm_dag_ejecutaa' retrieved from /opt/airflow/dags/holaa.py
[2024-04-15T23:59:10.836+0000] {logging_mixin.py:188} INFO - [2024-04-15T23:59:10.835+0000] {dag.py:3096} INFO - Sync 1 DAGs
[2024-04-15T23:59:10.929+0000] {logging_mixin.py:188} INFO - [2024-04-15T23:59:10.929+0000] {dag.py:3954} INFO - Setting next_dagrun for m_dag_ejecutaa to 2024-04-15 00:00:00+00:00, run_after=2024-04-16 00:00:00+00:00
[2024-04-15T23:59:10.981+0000] {processor.py:183} INFO - Processing /opt/airflow/dags/holaa.py took 0.272 seconds
[2024-04-15T23:59:41.210+0000] {processor.py:161} INFO - Started process (PID=607) to work on /opt/airflow/dags/holaa.py
[2024-04-15T23:59:41.212+0000] {processor.py:830} INFO - Processing file /opt/airflow/dags/holaa.py for tasks to queue
[2024-04-15T23:59:41.214+0000] {logging_mixin.py:188} INFO - [2024-04-15T23:59:41.213+0000] {dagbag.py:540} INFO - Filling up the DagBag from /opt/airflow/dags/holaa.py
[2024-04-15T23:59:41.257+0000] {processor.py:840} INFO - DAG(s) 'm_dag_ejecutaa' retrieved from /opt/airflow/dags/holaa.py
[2024-04-15T23:59:41.296+0000] {logging_mixin.py:188} INFO - [2024-04-15T23:59:41.296+0000] {dag.py:3096} INFO - Sync 1 DAGs
[2024-04-15T23:59:41.330+0000] {logging_mixin.py:188} INFO - [2024-04-15T23:59:41.330+0000] {dag.py:3954} INFO - Setting next_dagrun for m_dag_ejecutaa to 2024-04-15 00:00:00+00:00, run_after=2024-04-16 00:00:00+00:00
[2024-04-15T23:59:41.366+0000] {processor.py:183} INFO - Processing /opt/airflow/dags/holaa.py took 0.167 seconds
