[2024-04-15T23:32:41.774+0000] {processor.py:161} INFO - Started process (PID=63) to work on /opt/airflow/dags/Scraping.py
[2024-04-15T23:32:41.788+0000] {processor.py:830} INFO - Processing file /opt/airflow/dags/Scraping.py for tasks to queue
[2024-04-15T23:32:41.839+0000] {logging_mixin.py:188} INFO - [2024-04-15T23:32:41.838+0000] {dagbag.py:540} INFO - Filling up the DagBag from /opt/airflow/dags/Scraping.py
[2024-04-15T23:32:48.896+0000] {processor.py:840} INFO - DAG(s) 'm_dag_ejecutar' retrieved from /opt/airflow/dags/Scraping.py
[2024-04-15T23:32:49.360+0000] {logging_mixin.py:188} INFO - [2024-04-15T23:32:49.360+0000] {dag.py:3096} INFO - Sync 1 DAGs
[2024-04-15T23:32:49.610+0000] {logging_mixin.py:188} INFO - [2024-04-15T23:32:49.604+0000] {dag.py:3954} INFO - Setting next_dagrun for m_dag_ejecutar to 2024-04-14 00:00:00+00:00, run_after=2024-04-15 00:00:00+00:00
[2024-04-15T23:32:49.835+0000] {processor.py:183} INFO - Processing /opt/airflow/dags/Scraping.py took 8.176 seconds
[2024-04-15T23:33:20.496+0000] {processor.py:161} INFO - Started process (PID=83) to work on /opt/airflow/dags/Scraping.py
[2024-04-15T23:33:20.511+0000] {processor.py:830} INFO - Processing file /opt/airflow/dags/Scraping.py for tasks to queue
[2024-04-15T23:33:20.528+0000] {logging_mixin.py:188} INFO - [2024-04-15T23:33:20.527+0000] {dagbag.py:540} INFO - Filling up the DagBag from /opt/airflow/dags/Scraping.py
[2024-04-15T23:33:21.964+0000] {processor.py:840} INFO - DAG(s) 'm_dag_ejecutar' retrieved from /opt/airflow/dags/Scraping.py
[2024-04-15T23:33:24.761+0000] {logging_mixin.py:188} INFO - [2024-04-15T23:33:24.760+0000] {dag.py:3096} INFO - Sync 1 DAGs
[2024-04-15T23:33:24.985+0000] {logging_mixin.py:188} INFO - [2024-04-15T23:33:24.984+0000] {dag.py:3954} INFO - Setting next_dagrun for m_dag_ejecutar to 2024-04-14 00:00:00+00:00, run_after=2024-04-15 00:00:00+00:00
[2024-04-15T23:33:25.182+0000] {processor.py:183} INFO - Processing /opt/airflow/dags/Scraping.py took 4.754 seconds
[2024-04-15T23:33:55.316+0000] {processor.py:161} INFO - Started process (PID=99) to work on /opt/airflow/dags/Scraping.py
[2024-04-15T23:33:55.318+0000] {processor.py:830} INFO - Processing file /opt/airflow/dags/Scraping.py for tasks to queue
[2024-04-15T23:33:55.323+0000] {logging_mixin.py:188} INFO - [2024-04-15T23:33:55.322+0000] {dagbag.py:540} INFO - Filling up the DagBag from /opt/airflow/dags/Scraping.py
[2024-04-15T23:33:55.758+0000] {processor.py:840} INFO - DAG(s) 'm_dag_ejecutar' retrieved from /opt/airflow/dags/Scraping.py
[2024-04-15T23:33:55.815+0000] {logging_mixin.py:188} INFO - [2024-04-15T23:33:55.814+0000] {dag.py:3096} INFO - Sync 1 DAGs
[2024-04-15T23:33:55.873+0000] {logging_mixin.py:188} INFO - [2024-04-15T23:33:55.872+0000] {dag.py:3954} INFO - Setting next_dagrun for m_dag_ejecutar to 2024-04-14 00:00:00+00:00, run_after=2024-04-15 00:00:00+00:00
[2024-04-15T23:33:56.111+0000] {processor.py:183} INFO - Processing /opt/airflow/dags/Scraping.py took 0.811 seconds
[2024-04-15T23:34:26.310+0000] {processor.py:161} INFO - Started process (PID=110) to work on /opt/airflow/dags/Scraping.py
[2024-04-15T23:34:26.315+0000] {processor.py:830} INFO - Processing file /opt/airflow/dags/Scraping.py for tasks to queue
[2024-04-15T23:34:26.320+0000] {logging_mixin.py:188} INFO - [2024-04-15T23:34:26.318+0000] {dagbag.py:540} INFO - Filling up the DagBag from /opt/airflow/dags/Scraping.py
[2024-04-15T23:34:26.704+0000] {processor.py:840} INFO - DAG(s) 'm_dag_ejecutar' retrieved from /opt/airflow/dags/Scraping.py
[2024-04-15T23:34:26.738+0000] {logging_mixin.py:188} INFO - [2024-04-15T23:34:26.737+0000] {dag.py:3096} INFO - Sync 1 DAGs
[2024-04-15T23:34:26.811+0000] {logging_mixin.py:188} INFO - [2024-04-15T23:34:26.810+0000] {dag.py:3954} INFO - Setting next_dagrun for m_dag_ejecutar to 2024-04-14 00:00:00+00:00, run_after=2024-04-15 00:00:00+00:00
[2024-04-15T23:34:27.075+0000] {processor.py:183} INFO - Processing /opt/airflow/dags/Scraping.py took 0.783 seconds
[2024-04-15T23:34:57.457+0000] {processor.py:161} INFO - Started process (PID=121) to work on /opt/airflow/dags/Scraping.py
[2024-04-15T23:34:57.459+0000] {processor.py:830} INFO - Processing file /opt/airflow/dags/Scraping.py for tasks to queue
[2024-04-15T23:34:57.464+0000] {logging_mixin.py:188} INFO - [2024-04-15T23:34:57.463+0000] {dagbag.py:540} INFO - Filling up the DagBag from /opt/airflow/dags/Scraping.py
[2024-04-15T23:34:57.907+0000] {processor.py:840} INFO - DAG(s) 'm_dag_ejecutar' retrieved from /opt/airflow/dags/Scraping.py
[2024-04-15T23:34:58.978+0000] {logging_mixin.py:188} INFO - [2024-04-15T23:34:58.977+0000] {dag.py:3096} INFO - Sync 1 DAGs
[2024-04-15T23:34:59.158+0000] {logging_mixin.py:188} INFO - [2024-04-15T23:34:59.157+0000] {dag.py:3954} INFO - Setting next_dagrun for m_dag_ejecutar to 2024-04-14 00:00:00+00:00, run_after=2024-04-15 00:00:00+00:00
[2024-04-15T23:34:59.404+0000] {processor.py:183} INFO - Processing /opt/airflow/dags/Scraping.py took 1.958 seconds
[2024-04-15T23:35:29.798+0000] {processor.py:161} INFO - Started process (PID=131) to work on /opt/airflow/dags/Scraping.py
[2024-04-15T23:35:29.811+0000] {processor.py:830} INFO - Processing file /opt/airflow/dags/Scraping.py for tasks to queue
[2024-04-15T23:35:29.814+0000] {logging_mixin.py:188} INFO - [2024-04-15T23:35:29.814+0000] {dagbag.py:540} INFO - Filling up the DagBag from /opt/airflow/dags/Scraping.py
[2024-04-15T23:35:30.301+0000] {processor.py:840} INFO - DAG(s) 'm_dag_ejecutar' retrieved from /opt/airflow/dags/Scraping.py
[2024-04-15T23:35:30.401+0000] {logging_mixin.py:188} INFO - [2024-04-15T23:35:30.400+0000] {dag.py:3096} INFO - Sync 1 DAGs
[2024-04-15T23:35:30.525+0000] {logging_mixin.py:188} INFO - [2024-04-15T23:35:30.525+0000] {dag.py:3954} INFO - Setting next_dagrun for m_dag_ejecutar to 2024-04-14 00:00:00+00:00, run_after=2024-04-15 00:00:00+00:00
[2024-04-15T23:35:30.622+0000] {processor.py:183} INFO - Processing /opt/airflow/dags/Scraping.py took 0.846 seconds
[2024-04-15T23:36:00.724+0000] {processor.py:161} INFO - Started process (PID=142) to work on /opt/airflow/dags/Scraping.py
[2024-04-15T23:36:00.725+0000] {processor.py:830} INFO - Processing file /opt/airflow/dags/Scraping.py for tasks to queue
[2024-04-15T23:36:00.729+0000] {logging_mixin.py:188} INFO - [2024-04-15T23:36:00.728+0000] {dagbag.py:540} INFO - Filling up the DagBag from /opt/airflow/dags/Scraping.py
[2024-04-15T23:36:00.918+0000] {processor.py:840} INFO - DAG(s) 'm_dag_ejecutar' retrieved from /opt/airflow/dags/Scraping.py
[2024-04-15T23:36:01.277+0000] {logging_mixin.py:188} INFO - [2024-04-15T23:36:01.276+0000] {dag.py:3096} INFO - Sync 1 DAGs
[2024-04-15T23:36:01.345+0000] {logging_mixin.py:188} INFO - [2024-04-15T23:36:01.345+0000] {dag.py:3954} INFO - Setting next_dagrun for m_dag_ejecutar to 2024-04-14 00:00:00+00:00, run_after=2024-04-15 00:00:00+00:00
[2024-04-15T23:36:04.267+0000] {processor.py:183} INFO - Processing /opt/airflow/dags/Scraping.py took 3.553 seconds
[2024-04-15T23:36:35.030+0000] {processor.py:161} INFO - Started process (PID=153) to work on /opt/airflow/dags/Scraping.py
[2024-04-15T23:36:35.033+0000] {processor.py:830} INFO - Processing file /opt/airflow/dags/Scraping.py for tasks to queue
[2024-04-15T23:36:35.037+0000] {logging_mixin.py:188} INFO - [2024-04-15T23:36:35.036+0000] {dagbag.py:540} INFO - Filling up the DagBag from /opt/airflow/dags/Scraping.py
[2024-04-15T23:36:35.216+0000] {processor.py:840} INFO - DAG(s) 'm_dag_ejecutar' retrieved from /opt/airflow/dags/Scraping.py
[2024-04-15T23:36:35.409+0000] {logging_mixin.py:188} INFO - [2024-04-15T23:36:35.409+0000] {dag.py:3096} INFO - Sync 1 DAGs
[2024-04-15T23:36:35.440+0000] {logging_mixin.py:188} INFO - [2024-04-15T23:36:35.440+0000] {dag.py:3954} INFO - Setting next_dagrun for m_dag_ejecutar to 2024-04-14 00:00:00+00:00, run_after=2024-04-15 00:00:00+00:00
[2024-04-15T23:36:36.963+0000] {processor.py:183} INFO - Processing /opt/airflow/dags/Scraping.py took 1.946 seconds
[2024-04-15T23:37:07.262+0000] {processor.py:161} INFO - Started process (PID=162) to work on /opt/airflow/dags/Scraping.py
[2024-04-15T23:37:07.264+0000] {processor.py:830} INFO - Processing file /opt/airflow/dags/Scraping.py for tasks to queue
[2024-04-15T23:37:07.269+0000] {logging_mixin.py:188} INFO - [2024-04-15T23:37:07.268+0000] {dagbag.py:540} INFO - Filling up the DagBag from /opt/airflow/dags/Scraping.py
[2024-04-15T23:37:07.493+0000] {processor.py:840} INFO - DAG(s) 'm_dag_ejecutar' retrieved from /opt/airflow/dags/Scraping.py
[2024-04-15T23:37:07.566+0000] {logging_mixin.py:188} INFO - [2024-04-15T23:37:07.565+0000] {dag.py:3096} INFO - Sync 1 DAGs
[2024-04-15T23:37:07.621+0000] {logging_mixin.py:188} INFO - [2024-04-15T23:37:07.621+0000] {dag.py:3954} INFO - Setting next_dagrun for m_dag_ejecutar to 2024-04-14 00:00:00+00:00, run_after=2024-04-15 00:00:00+00:00
[2024-04-15T23:37:07.670+0000] {processor.py:183} INFO - Processing /opt/airflow/dags/Scraping.py took 0.429 seconds
[2024-04-15T23:37:38.045+0000] {processor.py:161} INFO - Started process (PID=172) to work on /opt/airflow/dags/Scraping.py
[2024-04-15T23:37:38.047+0000] {processor.py:830} INFO - Processing file /opt/airflow/dags/Scraping.py for tasks to queue
[2024-04-15T23:37:38.050+0000] {logging_mixin.py:188} INFO - [2024-04-15T23:37:38.049+0000] {dagbag.py:540} INFO - Filling up the DagBag from /opt/airflow/dags/Scraping.py
[2024-04-15T23:37:38.397+0000] {processor.py:840} INFO - DAG(s) 'm_dag_ejecutar' retrieved from /opt/airflow/dags/Scraping.py
[2024-04-15T23:37:38.418+0000] {logging_mixin.py:188} INFO - [2024-04-15T23:37:38.417+0000] {dag.py:3096} INFO - Sync 1 DAGs
[2024-04-15T23:37:38.460+0000] {logging_mixin.py:188} INFO - [2024-04-15T23:37:38.460+0000] {dag.py:3954} INFO - Setting next_dagrun for m_dag_ejecutar to 2024-04-14 00:00:00+00:00, run_after=2024-04-15 00:00:00+00:00
[2024-04-15T23:37:41.951+0000] {processor.py:183} INFO - Processing /opt/airflow/dags/Scraping.py took 3.916 seconds
[2024-04-15T23:38:12.292+0000] {processor.py:161} INFO - Started process (PID=183) to work on /opt/airflow/dags/Scraping.py
[2024-04-15T23:38:12.294+0000] {processor.py:830} INFO - Processing file /opt/airflow/dags/Scraping.py for tasks to queue
[2024-04-15T23:38:12.295+0000] {logging_mixin.py:188} INFO - [2024-04-15T23:38:12.295+0000] {dagbag.py:540} INFO - Filling up the DagBag from /opt/airflow/dags/Scraping.py
[2024-04-15T23:38:12.740+0000] {processor.py:840} INFO - DAG(s) 'm_dag_ejecutar' retrieved from /opt/airflow/dags/Scraping.py
[2024-04-15T23:38:13.289+0000] {logging_mixin.py:188} INFO - [2024-04-15T23:38:13.288+0000] {dag.py:3096} INFO - Sync 1 DAGs
[2024-04-15T23:38:13.439+0000] {logging_mixin.py:188} INFO - [2024-04-15T23:38:13.438+0000] {dag.py:3954} INFO - Setting next_dagrun for m_dag_ejecutar to 2024-04-14 00:00:00+00:00, run_after=2024-04-15 00:00:00+00:00
[2024-04-15T23:38:15.122+0000] {processor.py:183} INFO - Processing /opt/airflow/dags/Scraping.py took 2.839 seconds
[2024-04-15T23:38:45.826+0000] {processor.py:161} INFO - Started process (PID=192) to work on /opt/airflow/dags/Scraping.py
[2024-04-15T23:38:45.828+0000] {processor.py:830} INFO - Processing file /opt/airflow/dags/Scraping.py for tasks to queue
[2024-04-15T23:38:45.830+0000] {logging_mixin.py:188} INFO - [2024-04-15T23:38:45.830+0000] {dagbag.py:540} INFO - Filling up the DagBag from /opt/airflow/dags/Scraping.py
[2024-04-15T23:38:46.145+0000] {processor.py:840} INFO - DAG(s) 'm_dag_ejecutar' retrieved from /opt/airflow/dags/Scraping.py
[2024-04-15T23:38:46.236+0000] {logging_mixin.py:188} INFO - [2024-04-15T23:38:46.236+0000] {dag.py:3096} INFO - Sync 1 DAGs
[2024-04-15T23:38:46.366+0000] {logging_mixin.py:188} INFO - [2024-04-15T23:38:46.366+0000] {dag.py:3954} INFO - Setting next_dagrun for m_dag_ejecutar to 2024-04-14 00:00:00+00:00, run_after=2024-04-15 00:00:00+00:00
[2024-04-15T23:38:46.478+0000] {processor.py:183} INFO - Processing /opt/airflow/dags/Scraping.py took 0.664 seconds
[2024-04-15T23:39:16.741+0000] {processor.py:161} INFO - Started process (PID=201) to work on /opt/airflow/dags/Scraping.py
[2024-04-15T23:39:16.744+0000] {processor.py:830} INFO - Processing file /opt/airflow/dags/Scraping.py for tasks to queue
[2024-04-15T23:39:16.747+0000] {logging_mixin.py:188} INFO - [2024-04-15T23:39:16.746+0000] {dagbag.py:540} INFO - Filling up the DagBag from /opt/airflow/dags/Scraping.py
[2024-04-15T23:39:17.027+0000] {processor.py:840} INFO - DAG(s) 'm_dag_ejecutar' retrieved from /opt/airflow/dags/Scraping.py
[2024-04-15T23:39:17.050+0000] {logging_mixin.py:188} INFO - [2024-04-15T23:39:17.049+0000] {dag.py:3096} INFO - Sync 1 DAGs
[2024-04-15T23:39:17.096+0000] {logging_mixin.py:188} INFO - [2024-04-15T23:39:17.095+0000] {dag.py:3954} INFO - Setting next_dagrun for m_dag_ejecutar to 2024-04-14 00:00:00+00:00, run_after=2024-04-15 00:00:00+00:00
[2024-04-15T23:39:17.135+0000] {processor.py:183} INFO - Processing /opt/airflow/dags/Scraping.py took 0.409 seconds
[2024-04-15T23:39:47.705+0000] {processor.py:161} INFO - Started process (PID=211) to work on /opt/airflow/dags/Scraping.py
[2024-04-15T23:39:47.707+0000] {processor.py:830} INFO - Processing file /opt/airflow/dags/Scraping.py for tasks to queue
[2024-04-15T23:39:47.709+0000] {logging_mixin.py:188} INFO - [2024-04-15T23:39:47.709+0000] {dagbag.py:540} INFO - Filling up the DagBag from /opt/airflow/dags/Scraping.py
[2024-04-15T23:39:47.944+0000] {processor.py:840} INFO - DAG(s) 'm_dag_ejecutar' retrieved from /opt/airflow/dags/Scraping.py
[2024-04-15T23:39:48.426+0000] {logging_mixin.py:188} INFO - [2024-04-15T23:39:48.426+0000] {dag.py:3096} INFO - Sync 1 DAGs
[2024-04-15T23:39:48.493+0000] {logging_mixin.py:188} INFO - [2024-04-15T23:39:48.493+0000] {dag.py:3954} INFO - Setting next_dagrun for m_dag_ejecutar to 2024-04-14 00:00:00+00:00, run_after=2024-04-15 00:00:00+00:00
[2024-04-15T23:39:48.562+0000] {processor.py:183} INFO - Processing /opt/airflow/dags/Scraping.py took 0.871 seconds
[2024-04-15T23:40:19.519+0000] {processor.py:161} INFO - Started process (PID=222) to work on /opt/airflow/dags/Scraping.py
[2024-04-15T23:40:19.617+0000] {processor.py:830} INFO - Processing file /opt/airflow/dags/Scraping.py for tasks to queue
[2024-04-15T23:40:19.619+0000] {logging_mixin.py:188} INFO - [2024-04-15T23:40:19.618+0000] {dagbag.py:540} INFO - Filling up the DagBag from /opt/airflow/dags/Scraping.py
[2024-04-15T23:40:19.764+0000] {processor.py:840} INFO - DAG(s) 'm_dag_ejecutar' retrieved from /opt/airflow/dags/Scraping.py
[2024-04-15T23:40:19.802+0000] {logging_mixin.py:188} INFO - [2024-04-15T23:40:19.802+0000] {dag.py:3096} INFO - Sync 1 DAGs
[2024-04-15T23:40:19.836+0000] {logging_mixin.py:188} INFO - [2024-04-15T23:40:19.835+0000] {dag.py:3954} INFO - Setting next_dagrun for m_dag_ejecutar to 2024-04-14 00:00:00+00:00, run_after=2024-04-15 00:00:00+00:00
[2024-04-15T23:40:21.254+0000] {processor.py:183} INFO - Processing /opt/airflow/dags/Scraping.py took 1.741 seconds
[2024-04-15T23:40:53.808+0000] {processor.py:161} INFO - Started process (PID=233) to work on /opt/airflow/dags/Scraping.py
[2024-04-15T23:40:53.822+0000] {processor.py:830} INFO - Processing file /opt/airflow/dags/Scraping.py for tasks to queue
[2024-04-15T23:40:53.839+0000] {logging_mixin.py:188} INFO - [2024-04-15T23:40:53.838+0000] {dagbag.py:540} INFO - Filling up the DagBag from /opt/airflow/dags/Scraping.py
[2024-04-15T23:41:02.554+0000] {processor.py:840} INFO - DAG(s) 'm_dag_ejecutar' retrieved from /opt/airflow/dags/Scraping.py
[2024-04-15T23:41:02.994+0000] {logging_mixin.py:188} INFO - [2024-04-15T23:41:02.993+0000] {dag.py:3096} INFO - Sync 1 DAGs
[2024-04-15T23:41:03.243+0000] {logging_mixin.py:188} INFO - [2024-04-15T23:41:03.243+0000] {dag.py:3954} INFO - Setting next_dagrun for m_dag_ejecutar to 2024-04-14 00:00:00+00:00, run_after=2024-04-15 00:00:00+00:00
[2024-04-15T23:41:03.947+0000] {processor.py:183} INFO - Processing /opt/airflow/dags/Scraping.py took 10.175 seconds
[2024-04-15T23:41:34.956+0000] {processor.py:161} INFO - Started process (PID=248) to work on /opt/airflow/dags/Scraping.py
[2024-04-15T23:41:34.958+0000] {processor.py:830} INFO - Processing file /opt/airflow/dags/Scraping.py for tasks to queue
[2024-04-15T23:41:34.959+0000] {logging_mixin.py:188} INFO - [2024-04-15T23:41:34.959+0000] {dagbag.py:540} INFO - Filling up the DagBag from /opt/airflow/dags/Scraping.py
[2024-04-15T23:41:35.147+0000] {processor.py:840} INFO - DAG(s) 'm_dag_ejecutar' retrieved from /opt/airflow/dags/Scraping.py
[2024-04-15T23:41:47.484+0000] {logging_mixin.py:188} INFO - [2024-04-15T23:41:47.484+0000] {dag.py:3096} INFO - Sync 1 DAGs
[2024-04-15T23:41:47.514+0000] {logging_mixin.py:188} INFO - [2024-04-15T23:41:47.514+0000] {dag.py:3954} INFO - Setting next_dagrun for m_dag_ejecutar to 2024-04-14 00:00:00+00:00, run_after=2024-04-15 00:00:00+00:00
[2024-04-15T23:41:49.258+0000] {processor.py:183} INFO - Processing /opt/airflow/dags/Scraping.py took 14.312 seconds
[2024-04-15T23:42:19.416+0000] {processor.py:161} INFO - Started process (PID=260) to work on /opt/airflow/dags/Scraping.py
[2024-04-15T23:42:19.418+0000] {processor.py:830} INFO - Processing file /opt/airflow/dags/Scraping.py for tasks to queue
[2024-04-15T23:42:19.419+0000] {logging_mixin.py:188} INFO - [2024-04-15T23:42:19.419+0000] {dagbag.py:540} INFO - Filling up the DagBag from /opt/airflow/dags/Scraping.py
[2024-04-15T23:42:19.599+0000] {processor.py:840} INFO - DAG(s) 'm_dag_ejecutar' retrieved from /opt/airflow/dags/Scraping.py
[2024-04-15T23:42:19.620+0000] {logging_mixin.py:188} INFO - [2024-04-15T23:42:19.619+0000] {dag.py:3096} INFO - Sync 1 DAGs
[2024-04-15T23:42:19.673+0000] {logging_mixin.py:188} INFO - [2024-04-15T23:42:19.673+0000] {dag.py:3954} INFO - Setting next_dagrun for m_dag_ejecutar to 2024-04-14 00:00:00+00:00, run_after=2024-04-15 00:00:00+00:00
[2024-04-15T23:42:19.707+0000] {processor.py:183} INFO - Processing /opt/airflow/dags/Scraping.py took 0.302 seconds
[2024-04-15T23:42:50.467+0000] {processor.py:161} INFO - Started process (PID=271) to work on /opt/airflow/dags/Scraping.py
[2024-04-15T23:42:50.469+0000] {processor.py:830} INFO - Processing file /opt/airflow/dags/Scraping.py for tasks to queue
[2024-04-15T23:42:50.471+0000] {logging_mixin.py:188} INFO - [2024-04-15T23:42:50.470+0000] {dagbag.py:540} INFO - Filling up the DagBag from /opt/airflow/dags/Scraping.py
[2024-04-15T23:42:50.744+0000] {processor.py:840} INFO - DAG(s) 'm_dag_ejecutar' retrieved from /opt/airflow/dags/Scraping.py
[2024-04-15T23:42:50.966+0000] {logging_mixin.py:188} INFO - [2024-04-15T23:42:50.966+0000] {dag.py:3096} INFO - Sync 1 DAGs
[2024-04-15T23:42:51.000+0000] {logging_mixin.py:188} INFO - [2024-04-15T23:42:51.000+0000] {dag.py:3954} INFO - Setting next_dagrun for m_dag_ejecutar to 2024-04-14 00:00:00+00:00, run_after=2024-04-15 00:00:00+00:00
[2024-04-15T23:42:51.032+0000] {processor.py:183} INFO - Processing /opt/airflow/dags/Scraping.py took 0.574 seconds
[2024-04-15T23:43:21.137+0000] {processor.py:161} INFO - Started process (PID=281) to work on /opt/airflow/dags/Scraping.py
[2024-04-15T23:43:21.140+0000] {processor.py:830} INFO - Processing file /opt/airflow/dags/Scraping.py for tasks to queue
[2024-04-15T23:43:21.143+0000] {logging_mixin.py:188} INFO - [2024-04-15T23:43:21.142+0000] {dagbag.py:540} INFO - Filling up the DagBag from /opt/airflow/dags/Scraping.py
[2024-04-15T23:43:21.330+0000] {processor.py:840} INFO - DAG(s) 'm_dag_ejecutar' retrieved from /opt/airflow/dags/Scraping.py
[2024-04-15T23:43:21.371+0000] {logging_mixin.py:188} INFO - [2024-04-15T23:43:21.371+0000] {dag.py:3096} INFO - Sync 1 DAGs
[2024-04-15T23:43:21.420+0000] {logging_mixin.py:188} INFO - [2024-04-15T23:43:21.420+0000] {dag.py:3954} INFO - Setting next_dagrun for m_dag_ejecutar to 2024-04-14 00:00:00+00:00, run_after=2024-04-15 00:00:00+00:00
[2024-04-15T23:43:23.345+0000] {processor.py:183} INFO - Processing /opt/airflow/dags/Scraping.py took 2.223 seconds
[2024-04-15T23:43:54.350+0000] {processor.py:161} INFO - Started process (PID=291) to work on /opt/airflow/dags/Scraping.py
[2024-04-15T23:43:54.352+0000] {processor.py:830} INFO - Processing file /opt/airflow/dags/Scraping.py for tasks to queue
[2024-04-15T23:43:54.354+0000] {logging_mixin.py:188} INFO - [2024-04-15T23:43:54.353+0000] {dagbag.py:540} INFO - Filling up the DagBag from /opt/airflow/dags/Scraping.py
[2024-04-15T23:43:54.756+0000] {processor.py:840} INFO - DAG(s) 'm_dag_ejecutar' retrieved from /opt/airflow/dags/Scraping.py
[2024-04-15T23:43:54.771+0000] {logging_mixin.py:188} INFO - [2024-04-15T23:43:54.771+0000] {dag.py:3096} INFO - Sync 1 DAGs
[2024-04-15T23:43:54.806+0000] {logging_mixin.py:188} INFO - [2024-04-15T23:43:54.806+0000] {dag.py:3954} INFO - Setting next_dagrun for m_dag_ejecutar to 2024-04-14 00:00:00+00:00, run_after=2024-04-15 00:00:00+00:00
[2024-04-15T23:43:54.840+0000] {processor.py:183} INFO - Processing /opt/airflow/dags/Scraping.py took 0.504 seconds
[2024-04-15T23:44:25.621+0000] {processor.py:161} INFO - Started process (PID=301) to work on /opt/airflow/dags/Scraping.py
[2024-04-15T23:44:25.623+0000] {processor.py:830} INFO - Processing file /opt/airflow/dags/Scraping.py for tasks to queue
[2024-04-15T23:44:25.625+0000] {logging_mixin.py:188} INFO - [2024-04-15T23:44:25.624+0000] {dagbag.py:540} INFO - Filling up the DagBag from /opt/airflow/dags/Scraping.py
[2024-04-15T23:44:25.981+0000] {processor.py:840} INFO - DAG(s) 'm_dag_ejecutar' retrieved from /opt/airflow/dags/Scraping.py
[2024-04-15T23:44:26.197+0000] {logging_mixin.py:188} INFO - [2024-04-15T23:44:26.197+0000] {dag.py:3096} INFO - Sync 1 DAGs
[2024-04-15T23:44:26.242+0000] {logging_mixin.py:188} INFO - [2024-04-15T23:44:26.242+0000] {dag.py:3954} INFO - Setting next_dagrun for m_dag_ejecutar to 2024-04-14 00:00:00+00:00, run_after=2024-04-15 00:00:00+00:00
[2024-04-15T23:44:26.287+0000] {processor.py:183} INFO - Processing /opt/airflow/dags/Scraping.py took 0.678 seconds
[2024-04-15T23:44:57.527+0000] {processor.py:161} INFO - Started process (PID=311) to work on /opt/airflow/dags/Scraping.py
[2024-04-15T23:44:57.548+0000] {processor.py:830} INFO - Processing file /opt/airflow/dags/Scraping.py for tasks to queue
[2024-04-15T23:44:57.566+0000] {logging_mixin.py:188} INFO - [2024-04-15T23:44:57.565+0000] {dagbag.py:540} INFO - Filling up the DagBag from /opt/airflow/dags/Scraping.py
[2024-04-15T23:44:58.457+0000] {processor.py:840} INFO - DAG(s) 'm_dag_ejecutar' retrieved from /opt/airflow/dags/Scraping.py
[2024-04-15T23:44:58.620+0000] {logging_mixin.py:188} INFO - [2024-04-15T23:44:58.619+0000] {dag.py:3096} INFO - Sync 1 DAGs
[2024-04-15T23:44:58.822+0000] {logging_mixin.py:188} INFO - [2024-04-15T23:44:58.821+0000] {dag.py:3954} INFO - Setting next_dagrun for m_dag_ejecutar to 2024-04-14 00:00:00+00:00, run_after=2024-04-15 00:00:00+00:00
[2024-04-15T23:44:59.058+0000] {processor.py:183} INFO - Processing /opt/airflow/dags/Scraping.py took 1.571 seconds
[2024-04-15T23:45:29.293+0000] {processor.py:161} INFO - Started process (PID=321) to work on /opt/airflow/dags/Scraping.py
[2024-04-15T23:45:29.295+0000] {processor.py:830} INFO - Processing file /opt/airflow/dags/Scraping.py for tasks to queue
[2024-04-15T23:45:29.298+0000] {logging_mixin.py:188} INFO - [2024-04-15T23:45:29.296+0000] {dagbag.py:540} INFO - Filling up the DagBag from /opt/airflow/dags/Scraping.py
[2024-04-15T23:45:29.505+0000] {processor.py:840} INFO - DAG(s) 'm_dag_ejecutar' retrieved from /opt/airflow/dags/Scraping.py
[2024-04-15T23:45:29.532+0000] {logging_mixin.py:188} INFO - [2024-04-15T23:45:29.531+0000] {dag.py:3096} INFO - Sync 1 DAGs
[2024-04-15T23:45:29.603+0000] {logging_mixin.py:188} INFO - [2024-04-15T23:45:29.602+0000] {dag.py:3954} INFO - Setting next_dagrun for m_dag_ejecutar to 2024-04-14 00:00:00+00:00, run_after=2024-04-15 00:00:00+00:00
[2024-04-15T23:45:29.666+0000] {processor.py:183} INFO - Processing /opt/airflow/dags/Scraping.py took 0.391 seconds
[2024-04-15T23:46:00.672+0000] {processor.py:161} INFO - Started process (PID=332) to work on /opt/airflow/dags/Scraping.py
[2024-04-15T23:46:00.674+0000] {processor.py:830} INFO - Processing file /opt/airflow/dags/Scraping.py for tasks to queue
[2024-04-15T23:46:00.676+0000] {logging_mixin.py:188} INFO - [2024-04-15T23:46:00.676+0000] {dagbag.py:540} INFO - Filling up the DagBag from /opt/airflow/dags/Scraping.py
[2024-04-15T23:46:00.960+0000] {processor.py:840} INFO - DAG(s) 'm_dag_ejecutar' retrieved from /opt/airflow/dags/Scraping.py
[2024-04-15T23:46:01.193+0000] {logging_mixin.py:188} INFO - [2024-04-15T23:46:01.193+0000] {dag.py:3096} INFO - Sync 1 DAGs
[2024-04-15T23:46:01.234+0000] {logging_mixin.py:188} INFO - [2024-04-15T23:46:01.233+0000] {dag.py:3954} INFO - Setting next_dagrun for m_dag_ejecutar to 2024-04-14 00:00:00+00:00, run_after=2024-04-15 00:00:00+00:00
[2024-04-15T23:46:01.279+0000] {processor.py:183} INFO - Processing /opt/airflow/dags/Scraping.py took 0.623 seconds
[2024-04-15T23:46:32.066+0000] {processor.py:161} INFO - Started process (PID=342) to work on /opt/airflow/dags/Scraping.py
[2024-04-15T23:46:32.067+0000] {processor.py:830} INFO - Processing file /opt/airflow/dags/Scraping.py for tasks to queue
[2024-04-15T23:46:32.069+0000] {logging_mixin.py:188} INFO - [2024-04-15T23:46:32.068+0000] {dagbag.py:540} INFO - Filling up the DagBag from /opt/airflow/dags/Scraping.py
[2024-04-15T23:46:32.346+0000] {processor.py:840} INFO - DAG(s) 'm_dag_ejecutar' retrieved from /opt/airflow/dags/Scraping.py
[2024-04-15T23:46:32.393+0000] {logging_mixin.py:188} INFO - [2024-04-15T23:46:32.392+0000] {dag.py:3096} INFO - Sync 1 DAGs
[2024-04-15T23:46:32.471+0000] {logging_mixin.py:188} INFO - [2024-04-15T23:46:32.471+0000] {dag.py:3954} INFO - Setting next_dagrun for m_dag_ejecutar to 2024-04-14 00:00:00+00:00, run_after=2024-04-15 00:00:00+00:00
[2024-04-15T23:46:32.527+0000] {processor.py:183} INFO - Processing /opt/airflow/dags/Scraping.py took 0.474 seconds
[2024-04-15T23:47:02.664+0000] {processor.py:161} INFO - Started process (PID=358) to work on /opt/airflow/dags/Scraping.py
[2024-04-15T23:47:02.666+0000] {processor.py:830} INFO - Processing file /opt/airflow/dags/Scraping.py for tasks to queue
[2024-04-15T23:47:02.667+0000] {logging_mixin.py:188} INFO - [2024-04-15T23:47:02.667+0000] {dagbag.py:540} INFO - Filling up the DagBag from /opt/airflow/dags/Scraping.py
[2024-04-15T23:47:02.810+0000] {processor.py:840} INFO - DAG(s) 'm_dag_ejecutar' retrieved from /opt/airflow/dags/Scraping.py
[2024-04-15T23:47:02.826+0000] {logging_mixin.py:188} INFO - [2024-04-15T23:47:02.826+0000] {dag.py:3096} INFO - Sync 1 DAGs
[2024-04-15T23:47:02.871+0000] {logging_mixin.py:188} INFO - [2024-04-15T23:47:02.870+0000] {dag.py:3954} INFO - Setting next_dagrun for m_dag_ejecutar to 2024-04-14 00:00:00+00:00, run_after=2024-04-15 00:00:00+00:00
[2024-04-15T23:47:02.907+0000] {processor.py:183} INFO - Processing /opt/airflow/dags/Scraping.py took 0.251 seconds
[2024-04-15T23:47:33.501+0000] {processor.py:161} INFO - Started process (PID=368) to work on /opt/airflow/dags/Scraping.py
[2024-04-15T23:47:33.503+0000] {processor.py:830} INFO - Processing file /opt/airflow/dags/Scraping.py for tasks to queue
[2024-04-15T23:47:33.505+0000] {logging_mixin.py:188} INFO - [2024-04-15T23:47:33.504+0000] {dagbag.py:540} INFO - Filling up the DagBag from /opt/airflow/dags/Scraping.py
[2024-04-15T23:47:33.843+0000] {processor.py:840} INFO - DAG(s) 'm_dag_ejecutar' retrieved from /opt/airflow/dags/Scraping.py
[2024-04-15T23:47:35.146+0000] {logging_mixin.py:188} INFO - [2024-04-15T23:47:35.137+0000] {dag.py:3096} INFO - Sync 1 DAGs
[2024-04-15T23:47:35.830+0000] {logging_mixin.py:188} INFO - [2024-04-15T23:47:35.829+0000] {dag.py:3954} INFO - Setting next_dagrun for m_dag_ejecutar to 2024-04-14 00:00:00+00:00, run_after=2024-04-15 00:00:00+00:00
[2024-04-15T23:47:37.014+0000] {processor.py:183} INFO - Processing /opt/airflow/dags/Scraping.py took 3.531 seconds
[2024-04-15T23:48:07.844+0000] {processor.py:161} INFO - Started process (PID=378) to work on /opt/airflow/dags/Scraping.py
[2024-04-15T23:48:07.870+0000] {processor.py:830} INFO - Processing file /opt/airflow/dags/Scraping.py for tasks to queue
[2024-04-15T23:48:07.878+0000] {logging_mixin.py:188} INFO - [2024-04-15T23:48:07.877+0000] {dagbag.py:540} INFO - Filling up the DagBag from /opt/airflow/dags/Scraping.py
[2024-04-15T23:48:12.907+0000] {processor.py:840} INFO - DAG(s) 'm_dag_ejecutar' retrieved from /opt/airflow/dags/Scraping.py
[2024-04-15T23:48:12.976+0000] {logging_mixin.py:188} INFO - [2024-04-15T23:48:12.973+0000] {dag.py:3096} INFO - Sync 1 DAGs
[2024-04-15T23:48:13.199+0000] {logging_mixin.py:188} INFO - [2024-04-15T23:48:13.199+0000] {dag.py:3954} INFO - Setting next_dagrun for m_dag_ejecutar to 2024-04-15 00:00:00+00:00, run_after=2024-04-16 00:00:00+00:00
[2024-04-15T23:48:13.302+0000] {processor.py:183} INFO - Processing /opt/airflow/dags/Scraping.py took 5.590 seconds
[2024-04-15T23:48:43.799+0000] {processor.py:161} INFO - Started process (PID=392) to work on /opt/airflow/dags/Scraping.py
[2024-04-15T23:48:43.857+0000] {processor.py:830} INFO - Processing file /opt/airflow/dags/Scraping.py for tasks to queue
[2024-04-15T23:48:43.903+0000] {logging_mixin.py:188} INFO - [2024-04-15T23:48:43.888+0000] {dagbag.py:540} INFO - Filling up the DagBag from /opt/airflow/dags/Scraping.py
[2024-04-15T23:48:45.269+0000] {processor.py:840} INFO - DAG(s) 'm_dag_ejecutar' retrieved from /opt/airflow/dags/Scraping.py
[2024-04-15T23:48:45.298+0000] {logging_mixin.py:188} INFO - [2024-04-15T23:48:45.298+0000] {dag.py:3096} INFO - Sync 1 DAGs
[2024-04-15T23:48:45.487+0000] {logging_mixin.py:188} INFO - [2024-04-15T23:48:45.486+0000] {dag.py:3954} INFO - Setting next_dagrun for m_dag_ejecutar to 2024-04-15 00:00:00+00:00, run_after=2024-04-16 00:00:00+00:00
[2024-04-15T23:48:46.735+0000] {processor.py:183} INFO - Processing /opt/airflow/dags/Scraping.py took 3.132 seconds
[2024-04-15T23:49:16.937+0000] {processor.py:161} INFO - Started process (PID=401) to work on /opt/airflow/dags/Scraping.py
[2024-04-15T23:49:16.939+0000] {processor.py:830} INFO - Processing file /opt/airflow/dags/Scraping.py for tasks to queue
[2024-04-15T23:49:16.941+0000] {logging_mixin.py:188} INFO - [2024-04-15T23:49:16.940+0000] {dagbag.py:540} INFO - Filling up the DagBag from /opt/airflow/dags/Scraping.py
[2024-04-15T23:49:17.173+0000] {processor.py:840} INFO - DAG(s) 'm_dag_ejecutar' retrieved from /opt/airflow/dags/Scraping.py
[2024-04-15T23:49:19.658+0000] {logging_mixin.py:188} INFO - [2024-04-15T23:49:19.657+0000] {dag.py:3096} INFO - Sync 1 DAGs
[2024-04-15T23:49:20.215+0000] {logging_mixin.py:188} INFO - [2024-04-15T23:49:20.215+0000] {dag.py:3954} INFO - Setting next_dagrun for m_dag_ejecutar to 2024-04-15 00:00:00+00:00, run_after=2024-04-16 00:00:00+00:00
[2024-04-15T23:49:22.896+0000] {processor.py:183} INFO - Processing /opt/airflow/dags/Scraping.py took 5.976 seconds
[2024-04-15T23:49:53.347+0000] {processor.py:161} INFO - Started process (PID=412) to work on /opt/airflow/dags/Scraping.py
[2024-04-15T23:49:53.348+0000] {processor.py:830} INFO - Processing file /opt/airflow/dags/Scraping.py for tasks to queue
[2024-04-15T23:49:53.350+0000] {logging_mixin.py:188} INFO - [2024-04-15T23:49:53.349+0000] {dagbag.py:540} INFO - Filling up the DagBag from /opt/airflow/dags/Scraping.py
[2024-04-15T23:49:53.494+0000] {processor.py:840} INFO - DAG(s) 'm_dag_ejecutar' retrieved from /opt/airflow/dags/Scraping.py
[2024-04-15T23:49:53.536+0000] {logging_mixin.py:188} INFO - [2024-04-15T23:49:53.536+0000] {dag.py:3096} INFO - Sync 1 DAGs
[2024-04-15T23:49:53.585+0000] {logging_mixin.py:188} INFO - [2024-04-15T23:49:53.585+0000] {dag.py:3954} INFO - Setting next_dagrun for m_dag_ejecutar to 2024-04-15 00:00:00+00:00, run_after=2024-04-16 00:00:00+00:00
[2024-04-15T23:49:54.656+0000] {processor.py:183} INFO - Processing /opt/airflow/dags/Scraping.py took 1.318 seconds
[2024-04-15T23:50:25.225+0000] {processor.py:161} INFO - Started process (PID=422) to work on /opt/airflow/dags/Scraping.py
[2024-04-15T23:50:25.227+0000] {processor.py:830} INFO - Processing file /opt/airflow/dags/Scraping.py for tasks to queue
[2024-04-15T23:50:25.228+0000] {logging_mixin.py:188} INFO - [2024-04-15T23:50:25.228+0000] {dagbag.py:540} INFO - Filling up the DagBag from /opt/airflow/dags/Scraping.py
[2024-04-15T23:50:25.503+0000] {processor.py:840} INFO - DAG(s) 'm_dag_ejecutar' retrieved from /opt/airflow/dags/Scraping.py
[2024-04-15T23:50:25.526+0000] {logging_mixin.py:188} INFO - [2024-04-15T23:50:25.525+0000] {dag.py:3096} INFO - Sync 1 DAGs
[2024-04-15T23:50:25.587+0000] {logging_mixin.py:188} INFO - [2024-04-15T23:50:25.586+0000] {dag.py:3954} INFO - Setting next_dagrun for m_dag_ejecutar to 2024-04-15 00:00:00+00:00, run_after=2024-04-16 00:00:00+00:00
[2024-04-15T23:50:25.638+0000] {processor.py:183} INFO - Processing /opt/airflow/dags/Scraping.py took 0.424 seconds
[2024-04-15T23:50:55.853+0000] {processor.py:161} INFO - Started process (PID=433) to work on /opt/airflow/dags/Scraping.py
[2024-04-15T23:50:55.855+0000] {processor.py:830} INFO - Processing file /opt/airflow/dags/Scraping.py for tasks to queue
[2024-04-15T23:50:55.859+0000] {logging_mixin.py:188} INFO - [2024-04-15T23:50:55.858+0000] {dagbag.py:540} INFO - Filling up the DagBag from /opt/airflow/dags/Scraping.py
[2024-04-15T23:50:56.213+0000] {processor.py:840} INFO - DAG(s) 'm_dag_ejecutar' retrieved from /opt/airflow/dags/Scraping.py
[2024-04-15T23:50:56.662+0000] {logging_mixin.py:188} INFO - [2024-04-15T23:50:56.659+0000] {dag.py:3096} INFO - Sync 1 DAGs
[2024-04-15T23:50:56.748+0000] {logging_mixin.py:188} INFO - [2024-04-15T23:50:56.748+0000] {dag.py:3954} INFO - Setting next_dagrun for m_dag_ejecutar to 2024-04-15 00:00:00+00:00, run_after=2024-04-16 00:00:00+00:00
[2024-04-15T23:50:56.844+0000] {processor.py:183} INFO - Processing /opt/airflow/dags/Scraping.py took 1.006 seconds
[2024-04-15T23:51:27.342+0000] {processor.py:161} INFO - Started process (PID=443) to work on /opt/airflow/dags/Scraping.py
[2024-04-15T23:51:27.344+0000] {processor.py:830} INFO - Processing file /opt/airflow/dags/Scraping.py for tasks to queue
[2024-04-15T23:51:27.347+0000] {logging_mixin.py:188} INFO - [2024-04-15T23:51:27.346+0000] {dagbag.py:540} INFO - Filling up the DagBag from /opt/airflow/dags/Scraping.py
[2024-04-15T23:51:27.603+0000] {processor.py:840} INFO - DAG(s) 'm_dag_ejecutar' retrieved from /opt/airflow/dags/Scraping.py
[2024-04-15T23:51:27.655+0000] {logging_mixin.py:188} INFO - [2024-04-15T23:51:27.655+0000] {dag.py:3096} INFO - Sync 1 DAGs
[2024-04-15T23:51:27.711+0000] {logging_mixin.py:188} INFO - [2024-04-15T23:51:27.711+0000] {dag.py:3954} INFO - Setting next_dagrun for m_dag_ejecutar to 2024-04-15 00:00:00+00:00, run_after=2024-04-16 00:00:00+00:00
[2024-04-15T23:51:27.758+0000] {processor.py:183} INFO - Processing /opt/airflow/dags/Scraping.py took 0.435 seconds
[2024-04-15T23:51:57.930+0000] {processor.py:161} INFO - Started process (PID=453) to work on /opt/airflow/dags/Scraping.py
[2024-04-15T23:51:57.932+0000] {processor.py:830} INFO - Processing file /opt/airflow/dags/Scraping.py for tasks to queue
[2024-04-15T23:51:57.934+0000] {logging_mixin.py:188} INFO - [2024-04-15T23:51:57.933+0000] {dagbag.py:540} INFO - Filling up the DagBag from /opt/airflow/dags/Scraping.py
[2024-04-15T23:51:58.137+0000] {processor.py:840} INFO - DAG(s) 'm_dag_ejecutar' retrieved from /opt/airflow/dags/Scraping.py
[2024-04-15T23:51:58.152+0000] {logging_mixin.py:188} INFO - [2024-04-15T23:51:58.152+0000] {dag.py:3096} INFO - Sync 1 DAGs
[2024-04-15T23:51:58.193+0000] {logging_mixin.py:188} INFO - [2024-04-15T23:51:58.193+0000] {dag.py:3954} INFO - Setting next_dagrun for m_dag_ejecutar to 2024-04-15 00:00:00+00:00, run_after=2024-04-16 00:00:00+00:00
[2024-04-15T23:51:58.238+0000] {processor.py:183} INFO - Processing /opt/airflow/dags/Scraping.py took 0.318 seconds
[2024-04-15T23:52:28.341+0000] {processor.py:161} INFO - Started process (PID=463) to work on /opt/airflow/dags/Scraping.py
[2024-04-15T23:52:28.343+0000] {processor.py:830} INFO - Processing file /opt/airflow/dags/Scraping.py for tasks to queue
[2024-04-15T23:52:28.344+0000] {logging_mixin.py:188} INFO - [2024-04-15T23:52:28.343+0000] {dagbag.py:540} INFO - Filling up the DagBag from /opt/airflow/dags/Scraping.py
[2024-04-15T23:52:28.631+0000] {processor.py:840} INFO - DAG(s) 'm_dag_ejecutar' retrieved from /opt/airflow/dags/Scraping.py
[2024-04-15T23:52:28.842+0000] {logging_mixin.py:188} INFO - [2024-04-15T23:52:28.841+0000] {dag.py:3096} INFO - Sync 1 DAGs
[2024-04-15T23:52:28.905+0000] {logging_mixin.py:188} INFO - [2024-04-15T23:52:28.904+0000] {dag.py:3954} INFO - Setting next_dagrun for m_dag_ejecutar to 2024-04-15 00:00:00+00:00, run_after=2024-04-16 00:00:00+00:00
[2024-04-15T23:52:28.960+0000] {processor.py:183} INFO - Processing /opt/airflow/dags/Scraping.py took 0.630 seconds
[2024-04-15T23:52:59.167+0000] {processor.py:161} INFO - Started process (PID=473) to work on /opt/airflow/dags/Scraping.py
[2024-04-15T23:52:59.170+0000] {processor.py:830} INFO - Processing file /opt/airflow/dags/Scraping.py for tasks to queue
[2024-04-15T23:52:59.181+0000] {logging_mixin.py:188} INFO - [2024-04-15T23:52:59.180+0000] {dagbag.py:540} INFO - Filling up the DagBag from /opt/airflow/dags/Scraping.py
[2024-04-15T23:52:59.631+0000] {processor.py:840} INFO - DAG(s) 'm_dag_ejecutar' retrieved from /opt/airflow/dags/Scraping.py
[2024-04-15T23:52:59.688+0000] {logging_mixin.py:188} INFO - [2024-04-15T23:52:59.688+0000] {dag.py:3096} INFO - Sync 1 DAGs
[2024-04-15T23:52:59.733+0000] {logging_mixin.py:188} INFO - [2024-04-15T23:52:59.733+0000] {dag.py:3954} INFO - Setting next_dagrun for m_dag_ejecutar to 2024-04-15 00:00:00+00:00, run_after=2024-04-16 00:00:00+00:00
[2024-04-15T23:52:59.785+0000] {processor.py:183} INFO - Processing /opt/airflow/dags/Scraping.py took 0.653 seconds
[2024-04-15T23:53:30.196+0000] {processor.py:161} INFO - Started process (PID=483) to work on /opt/airflow/dags/Scraping.py
[2024-04-15T23:53:30.198+0000] {processor.py:830} INFO - Processing file /opt/airflow/dags/Scraping.py for tasks to queue
[2024-04-15T23:53:30.200+0000] {logging_mixin.py:188} INFO - [2024-04-15T23:53:30.199+0000] {dagbag.py:540} INFO - Filling up the DagBag from /opt/airflow/dags/Scraping.py
[2024-04-15T23:53:30.349+0000] {processor.py:840} INFO - DAG(s) 'm_dag_ejecutar' retrieved from /opt/airflow/dags/Scraping.py
[2024-04-15T23:53:30.368+0000] {logging_mixin.py:188} INFO - [2024-04-15T23:53:30.367+0000] {dag.py:3096} INFO - Sync 1 DAGs
[2024-04-15T23:53:30.413+0000] {logging_mixin.py:188} INFO - [2024-04-15T23:53:30.412+0000] {dag.py:3954} INFO - Setting next_dagrun for m_dag_ejecutar to 2024-04-15 00:00:00+00:00, run_after=2024-04-16 00:00:00+00:00
[2024-04-15T23:53:30.447+0000] {processor.py:183} INFO - Processing /opt/airflow/dags/Scraping.py took 0.260 seconds
[2024-04-15T23:54:01.125+0000] {processor.py:161} INFO - Started process (PID=493) to work on /opt/airflow/dags/Scraping.py
[2024-04-15T23:54:01.129+0000] {processor.py:830} INFO - Processing file /opt/airflow/dags/Scraping.py for tasks to queue
[2024-04-15T23:54:01.132+0000] {logging_mixin.py:188} INFO - [2024-04-15T23:54:01.131+0000] {dagbag.py:540} INFO - Filling up the DagBag from /opt/airflow/dags/Scraping.py
[2024-04-15T23:54:01.394+0000] {processor.py:840} INFO - DAG(s) 'm_dag_ejecutar' retrieved from /opt/airflow/dags/Scraping.py
[2024-04-15T23:54:01.753+0000] {logging_mixin.py:188} INFO - [2024-04-15T23:54:01.752+0000] {dag.py:3096} INFO - Sync 1 DAGs
[2024-04-15T23:54:01.789+0000] {logging_mixin.py:188} INFO - [2024-04-15T23:54:01.789+0000] {dag.py:3954} INFO - Setting next_dagrun for m_dag_ejecutar to 2024-04-15 00:00:00+00:00, run_after=2024-04-16 00:00:00+00:00
[2024-04-15T23:54:01.826+0000] {processor.py:183} INFO - Processing /opt/airflow/dags/Scraping.py took 0.714 seconds
[2024-04-15T23:54:32.070+0000] {processor.py:161} INFO - Started process (PID=505) to work on /opt/airflow/dags/Scraping.py
[2024-04-15T23:54:32.071+0000] {processor.py:830} INFO - Processing file /opt/airflow/dags/Scraping.py for tasks to queue
[2024-04-15T23:54:32.073+0000] {logging_mixin.py:188} INFO - [2024-04-15T23:54:32.072+0000] {dagbag.py:540} INFO - Filling up the DagBag from /opt/airflow/dags/Scraping.py
[2024-04-15T23:54:32.257+0000] {processor.py:840} INFO - DAG(s) 'm_dag_ejecutar' retrieved from /opt/airflow/dags/Scraping.py
[2024-04-15T23:54:32.307+0000] {logging_mixin.py:188} INFO - [2024-04-15T23:54:32.307+0000] {dag.py:3096} INFO - Sync 1 DAGs
[2024-04-15T23:54:32.399+0000] {logging_mixin.py:188} INFO - [2024-04-15T23:54:32.399+0000] {dag.py:3954} INFO - Setting next_dagrun for m_dag_ejecutar to 2024-04-15 00:00:00+00:00, run_after=2024-04-16 00:00:00+00:00
[2024-04-15T23:54:32.725+0000] {processor.py:183} INFO - Processing /opt/airflow/dags/Scraping.py took 0.668 seconds
[2024-04-15T23:55:31.760+0000] {processor.py:161} INFO - Started process (PID=520) to work on /opt/airflow/dags/Scraping.py
[2024-04-15T23:55:31.890+0000] {processor.py:830} INFO - Processing file /opt/airflow/dags/Scraping.py for tasks to queue
[2024-04-15T23:55:31.955+0000] {logging_mixin.py:188} INFO - [2024-04-15T23:55:31.954+0000] {dagbag.py:540} INFO - Filling up the DagBag from /opt/airflow/dags/Scraping.py
[2024-04-15T23:55:34.846+0000] {processor.py:840} INFO - DAG(s) 'm_dag_ejecutar' retrieved from /opt/airflow/dags/Scraping.py
[2024-04-15T23:55:34.947+0000] {logging_mixin.py:188} INFO - [2024-04-15T23:55:34.947+0000] {dag.py:3096} INFO - Sync 1 DAGs
[2024-04-15T23:55:35.113+0000] {logging_mixin.py:188} INFO - [2024-04-15T23:55:35.100+0000] {dag.py:3954} INFO - Setting next_dagrun for m_dag_ejecutar to 2024-04-15 00:00:00+00:00, run_after=2024-04-16 00:00:00+00:00
[2024-04-15T23:55:35.183+0000] {processor.py:183} INFO - Processing /opt/airflow/dags/Scraping.py took 3.515 seconds
[2024-04-15T23:56:05.814+0000] {processor.py:161} INFO - Started process (PID=531) to work on /opt/airflow/dags/Scraping.py
[2024-04-15T23:56:05.815+0000] {processor.py:830} INFO - Processing file /opt/airflow/dags/Scraping.py for tasks to queue
[2024-04-15T23:56:05.816+0000] {logging_mixin.py:188} INFO - [2024-04-15T23:56:05.816+0000] {dagbag.py:540} INFO - Filling up the DagBag from /opt/airflow/dags/Scraping.py
[2024-04-15T23:56:05.992+0000] {processor.py:840} INFO - DAG(s) 'm_dag_ejecutar' retrieved from /opt/airflow/dags/Scraping.py
[2024-04-15T23:56:06.030+0000] {logging_mixin.py:188} INFO - [2024-04-15T23:56:06.029+0000] {dag.py:3096} INFO - Sync 1 DAGs
[2024-04-15T23:56:06.066+0000] {logging_mixin.py:188} INFO - [2024-04-15T23:56:06.066+0000] {dag.py:3954} INFO - Setting next_dagrun for m_dag_ejecutar to 2024-04-15 00:00:00+00:00, run_after=2024-04-16 00:00:00+00:00
[2024-04-15T23:56:07.863+0000] {processor.py:183} INFO - Processing /opt/airflow/dags/Scraping.py took 2.060 seconds
[2024-04-15T23:56:37.966+0000] {processor.py:161} INFO - Started process (PID=541) to work on /opt/airflow/dags/Scraping.py
[2024-04-15T23:56:37.967+0000] {processor.py:830} INFO - Processing file /opt/airflow/dags/Scraping.py for tasks to queue
[2024-04-15T23:56:37.969+0000] {logging_mixin.py:188} INFO - [2024-04-15T23:56:37.969+0000] {dagbag.py:540} INFO - Filling up the DagBag from /opt/airflow/dags/Scraping.py
[2024-04-15T23:56:38.195+0000] {processor.py:840} INFO - DAG(s) 'm_dag_ejecutar' retrieved from /opt/airflow/dags/Scraping.py
[2024-04-15T23:56:38.236+0000] {logging_mixin.py:188} INFO - [2024-04-15T23:56:38.235+0000] {dag.py:3096} INFO - Sync 1 DAGs
[2024-04-15T23:56:38.272+0000] {logging_mixin.py:188} INFO - [2024-04-15T23:56:38.271+0000] {dag.py:3954} INFO - Setting next_dagrun for m_dag_ejecutar to 2024-04-15 00:00:00+00:00, run_after=2024-04-16 00:00:00+00:00
[2024-04-15T23:56:38.304+0000] {processor.py:183} INFO - Processing /opt/airflow/dags/Scraping.py took 0.348 seconds
[2024-04-15T23:57:08.587+0000] {processor.py:161} INFO - Started process (PID=551) to work on /opt/airflow/dags/Scraping.py
[2024-04-15T23:57:08.590+0000] {processor.py:830} INFO - Processing file /opt/airflow/dags/Scraping.py for tasks to queue
[2024-04-15T23:57:08.592+0000] {logging_mixin.py:188} INFO - [2024-04-15T23:57:08.591+0000] {dagbag.py:540} INFO - Filling up the DagBag from /opt/airflow/dags/Scraping.py
[2024-04-15T23:57:08.772+0000] {processor.py:840} INFO - DAG(s) 'm_dag_ejecutar' retrieved from /opt/airflow/dags/Scraping.py
[2024-04-15T23:57:08.806+0000] {logging_mixin.py:188} INFO - [2024-04-15T23:57:08.806+0000] {dag.py:3096} INFO - Sync 1 DAGs
[2024-04-15T23:57:08.844+0000] {logging_mixin.py:188} INFO - [2024-04-15T23:57:08.843+0000] {dag.py:3954} INFO - Setting next_dagrun for m_dag_ejecutar to 2024-04-15 00:00:00+00:00, run_after=2024-04-16 00:00:00+00:00
[2024-04-15T23:57:09.086+0000] {processor.py:183} INFO - Processing /opt/airflow/dags/Scraping.py took 0.517 seconds
[2024-04-15T23:57:39.352+0000] {processor.py:161} INFO - Started process (PID=568) to work on /opt/airflow/dags/Scraping.py
[2024-04-15T23:57:39.355+0000] {processor.py:830} INFO - Processing file /opt/airflow/dags/Scraping.py for tasks to queue
[2024-04-15T23:57:39.357+0000] {logging_mixin.py:188} INFO - [2024-04-15T23:57:39.356+0000] {dagbag.py:540} INFO - Filling up the DagBag from /opt/airflow/dags/Scraping.py
[2024-04-15T23:57:39.610+0000] {processor.py:840} INFO - DAG(s) 'm_dag_ejecutar' retrieved from /opt/airflow/dags/Scraping.py
[2024-04-15T23:57:39.652+0000] {logging_mixin.py:188} INFO - [2024-04-15T23:57:39.652+0000] {dag.py:3096} INFO - Sync 1 DAGs
[2024-04-15T23:57:39.707+0000] {logging_mixin.py:188} INFO - [2024-04-15T23:57:39.706+0000] {dag.py:3954} INFO - Setting next_dagrun for m_dag_ejecutar to 2024-04-15 00:00:00+00:00, run_after=2024-04-16 00:00:00+00:00
[2024-04-15T23:57:39.751+0000] {processor.py:183} INFO - Processing /opt/airflow/dags/Scraping.py took 0.423 seconds
[2024-04-15T23:58:09.870+0000] {processor.py:161} INFO - Started process (PID=578) to work on /opt/airflow/dags/Scraping.py
[2024-04-15T23:58:09.873+0000] {processor.py:830} INFO - Processing file /opt/airflow/dags/Scraping.py for tasks to queue
[2024-04-15T23:58:09.875+0000] {logging_mixin.py:188} INFO - [2024-04-15T23:58:09.874+0000] {dagbag.py:540} INFO - Filling up the DagBag from /opt/airflow/dags/Scraping.py
[2024-04-15T23:58:10.045+0000] {processor.py:840} INFO - DAG(s) 'm_dag_ejecutar' retrieved from /opt/airflow/dags/Scraping.py
[2024-04-15T23:58:10.110+0000] {logging_mixin.py:188} INFO - [2024-04-15T23:58:10.110+0000] {dag.py:3096} INFO - Sync 1 DAGs
[2024-04-15T23:58:10.173+0000] {logging_mixin.py:188} INFO - [2024-04-15T23:58:10.172+0000] {dag.py:3954} INFO - Setting next_dagrun for m_dag_ejecutar to 2024-04-15 00:00:00+00:00, run_after=2024-04-16 00:00:00+00:00
[2024-04-15T23:58:10.216+0000] {processor.py:183} INFO - Processing /opt/airflow/dags/Scraping.py took 0.360 seconds
[2024-04-15T23:58:40.335+0000] {processor.py:161} INFO - Started process (PID=588) to work on /opt/airflow/dags/Scraping.py
[2024-04-15T23:58:40.337+0000] {processor.py:830} INFO - Processing file /opt/airflow/dags/Scraping.py for tasks to queue
[2024-04-15T23:58:40.338+0000] {logging_mixin.py:188} INFO - [2024-04-15T23:58:40.338+0000] {dagbag.py:540} INFO - Filling up the DagBag from /opt/airflow/dags/Scraping.py
[2024-04-15T23:58:40.507+0000] {processor.py:840} INFO - DAG(s) 'm_dag_ejecutar' retrieved from /opt/airflow/dags/Scraping.py
[2024-04-15T23:58:40.547+0000] {logging_mixin.py:188} INFO - [2024-04-15T23:58:40.547+0000] {dag.py:3096} INFO - Sync 1 DAGs
[2024-04-15T23:58:40.587+0000] {logging_mixin.py:188} INFO - [2024-04-15T23:58:40.587+0000] {dag.py:3954} INFO - Setting next_dagrun for m_dag_ejecutar to 2024-04-15 00:00:00+00:00, run_after=2024-04-16 00:00:00+00:00
[2024-04-15T23:58:40.620+0000] {processor.py:183} INFO - Processing /opt/airflow/dags/Scraping.py took 0.294 seconds
[2024-04-15T23:59:10.727+0000] {processor.py:161} INFO - Started process (PID=598) to work on /opt/airflow/dags/Scraping.py
[2024-04-15T23:59:10.729+0000] {processor.py:830} INFO - Processing file /opt/airflow/dags/Scraping.py for tasks to queue
[2024-04-15T23:59:10.731+0000] {logging_mixin.py:188} INFO - [2024-04-15T23:59:10.730+0000] {dagbag.py:540} INFO - Filling up the DagBag from /opt/airflow/dags/Scraping.py
[2024-04-15T23:59:11.048+0000] {processor.py:840} INFO - DAG(s) 'm_dag_ejecutar' retrieved from /opt/airflow/dags/Scraping.py
[2024-04-15T23:59:11.110+0000] {logging_mixin.py:188} INFO - [2024-04-15T23:59:11.110+0000] {dag.py:3096} INFO - Sync 1 DAGs
[2024-04-15T23:59:11.160+0000] {logging_mixin.py:188} INFO - [2024-04-15T23:59:11.159+0000] {dag.py:3954} INFO - Setting next_dagrun for m_dag_ejecutar to 2024-04-15 00:00:00+00:00, run_after=2024-04-16 00:00:00+00:00
[2024-04-15T23:59:11.191+0000] {processor.py:183} INFO - Processing /opt/airflow/dags/Scraping.py took 0.474 seconds
[2024-04-15T23:59:41.431+0000] {processor.py:161} INFO - Started process (PID=608) to work on /opt/airflow/dags/Scraping.py
[2024-04-15T23:59:41.433+0000] {processor.py:830} INFO - Processing file /opt/airflow/dags/Scraping.py for tasks to queue
[2024-04-15T23:59:41.434+0000] {logging_mixin.py:188} INFO - [2024-04-15T23:59:41.434+0000] {dagbag.py:540} INFO - Filling up the DagBag from /opt/airflow/dags/Scraping.py
[2024-04-15T23:59:41.581+0000] {processor.py:840} INFO - DAG(s) 'm_dag_ejecutar' retrieved from /opt/airflow/dags/Scraping.py
[2024-04-15T23:59:41.617+0000] {logging_mixin.py:188} INFO - [2024-04-15T23:59:41.616+0000] {dag.py:3096} INFO - Sync 1 DAGs
[2024-04-15T23:59:41.650+0000] {logging_mixin.py:188} INFO - [2024-04-15T23:59:41.650+0000] {dag.py:3954} INFO - Setting next_dagrun for m_dag_ejecutar to 2024-04-15 00:00:00+00:00, run_after=2024-04-16 00:00:00+00:00
[2024-04-15T23:59:41.694+0000] {processor.py:183} INFO - Processing /opt/airflow/dags/Scraping.py took 0.270 seconds
