[2024-04-23T12:10:27.313+0000] {processor.py:161} INFO - Started process (PID=48) to work on /opt/airflow/dags/P1.py
[2024-04-23T12:10:27.338+0000] {processor.py:830} INFO - Processing file /opt/airflow/dags/P1.py for tasks to queue
[2024-04-23T12:10:27.355+0000] {logging_mixin.py:188} INFO - [2024-04-23T12:10:27.355+0000] {dagbag.py:540} INFO - Filling up the DagBag from /opt/airflow/dags/P1.py
[2024-04-23T12:10:32.330+0000] {processor.py:840} INFO - DAG(s) 'hola_mundo' retrieved from /opt/airflow/dags/P1.py
[2024-04-23T12:10:33.431+0000] {logging_mixin.py:188} INFO - [2024-04-23T12:10:33.407+0000] {dag.py:3096} INFO - Sync 1 DAGs
[2024-04-23T12:10:34.161+0000] {logging_mixin.py:188} INFO - [2024-04-23T12:10:34.161+0000] {dag.py:3954} INFO - Setting next_dagrun for hola_mundo to None, run_after=None
[2024-04-23T12:10:35.253+0000] {processor.py:183} INFO - Processing /opt/airflow/dags/P1.py took 7.975 seconds
[2024-04-23T12:11:07.121+0000] {processor.py:161} INFO - Started process (PID=66) to work on /opt/airflow/dags/P1.py
[2024-04-23T12:11:07.123+0000] {processor.py:830} INFO - Processing file /opt/airflow/dags/P1.py for tasks to queue
[2024-04-23T12:11:07.125+0000] {logging_mixin.py:188} INFO - [2024-04-23T12:11:07.125+0000] {dagbag.py:540} INFO - Filling up the DagBag from /opt/airflow/dags/P1.py
[2024-04-23T12:11:08.012+0000] {processor.py:840} INFO - DAG(s) 'hola_mundo' retrieved from /opt/airflow/dags/P1.py
[2024-04-23T12:11:08.057+0000] {logging_mixin.py:188} INFO - [2024-04-23T12:11:08.056+0000] {dag.py:3096} INFO - Sync 1 DAGs
[2024-04-23T12:11:08.081+0000] {logging_mixin.py:188} INFO - [2024-04-23T12:11:08.080+0000] {dag.py:3954} INFO - Setting next_dagrun for hola_mundo to None, run_after=None
[2024-04-23T12:11:09.664+0000] {processor.py:183} INFO - Processing /opt/airflow/dags/P1.py took 2.551 seconds
[2024-04-23T12:11:43.162+0000] {processor.py:161} INFO - Started process (PID=81) to work on /opt/airflow/dags/P1.py
[2024-04-23T12:11:43.173+0000] {processor.py:830} INFO - Processing file /opt/airflow/dags/P1.py for tasks to queue
[2024-04-23T12:11:43.180+0000] {logging_mixin.py:188} INFO - [2024-04-23T12:11:43.179+0000] {dagbag.py:540} INFO - Filling up the DagBag from /opt/airflow/dags/P1.py
[2024-04-23T12:11:44.484+0000] {processor.py:840} INFO - DAG(s) 'hola_mundo' retrieved from /opt/airflow/dags/P1.py
[2024-04-23T12:11:44.654+0000] {logging_mixin.py:188} INFO - [2024-04-23T12:11:44.651+0000] {dag.py:3096} INFO - Sync 1 DAGs
[2024-04-23T12:11:44.685+0000] {logging_mixin.py:188} INFO - [2024-04-23T12:11:44.684+0000] {dag.py:3954} INFO - Setting next_dagrun for hola_mundo to None, run_after=None
[2024-04-23T12:11:45.706+0000] {processor.py:183} INFO - Processing /opt/airflow/dags/P1.py took 2.566 seconds
[2024-04-23T12:12:16.990+0000] {processor.py:161} INFO - Started process (PID=97) to work on /opt/airflow/dags/P1.py
[2024-04-23T12:12:16.994+0000] {processor.py:830} INFO - Processing file /opt/airflow/dags/P1.py for tasks to queue
[2024-04-23T12:12:17.027+0000] {logging_mixin.py:188} INFO - [2024-04-23T12:12:17.026+0000] {dagbag.py:540} INFO - Filling up the DagBag from /opt/airflow/dags/P1.py
[2024-04-23T12:12:20.853+0000] {processor.py:840} INFO - DAG(s) 'hola_mundo' retrieved from /opt/airflow/dags/P1.py
[2024-04-23T12:12:20.926+0000] {logging_mixin.py:188} INFO - [2024-04-23T12:12:20.925+0000] {dag.py:3096} INFO - Sync 1 DAGs
[2024-04-23T12:12:20.982+0000] {logging_mixin.py:188} INFO - [2024-04-23T12:12:20.982+0000] {dag.py:3954} INFO - Setting next_dagrun for hola_mundo to None, run_after=None
[2024-04-23T12:12:21.092+0000] {processor.py:183} INFO - Processing /opt/airflow/dags/P1.py took 4.164 seconds
[2024-04-23T12:12:52.149+0000] {processor.py:161} INFO - Started process (PID=114) to work on /opt/airflow/dags/P1.py
[2024-04-23T12:12:52.164+0000] {processor.py:830} INFO - Processing file /opt/airflow/dags/P1.py for tasks to queue
[2024-04-23T12:12:52.168+0000] {logging_mixin.py:188} INFO - [2024-04-23T12:12:52.167+0000] {dagbag.py:540} INFO - Filling up the DagBag from /opt/airflow/dags/P1.py
[2024-04-23T12:12:54.803+0000] {processor.py:840} INFO - DAG(s) 'hola_mundo' retrieved from /opt/airflow/dags/P1.py
[2024-04-23T12:12:55.412+0000] {logging_mixin.py:188} INFO - [2024-04-23T12:12:55.411+0000] {dag.py:3096} INFO - Sync 1 DAGs
[2024-04-23T12:12:55.529+0000] {logging_mixin.py:188} INFO - [2024-04-23T12:12:55.529+0000] {dag.py:3954} INFO - Setting next_dagrun for hola_mundo to None, run_after=None
[2024-04-23T12:12:55.846+0000] {processor.py:183} INFO - Processing /opt/airflow/dags/P1.py took 3.719 seconds
[2024-04-23T12:13:26.299+0000] {processor.py:161} INFO - Started process (PID=131) to work on /opt/airflow/dags/P1.py
[2024-04-23T12:13:26.301+0000] {processor.py:830} INFO - Processing file /opt/airflow/dags/P1.py for tasks to queue
[2024-04-23T12:13:26.308+0000] {logging_mixin.py:188} INFO - [2024-04-23T12:13:26.307+0000] {dagbag.py:540} INFO - Filling up the DagBag from /opt/airflow/dags/P1.py
[2024-04-23T12:13:27.526+0000] {processor.py:840} INFO - DAG(s) 'hola_mundo' retrieved from /opt/airflow/dags/P1.py
[2024-04-23T12:13:27.679+0000] {logging_mixin.py:188} INFO - [2024-04-23T12:13:27.678+0000] {dag.py:3096} INFO - Sync 1 DAGs
[2024-04-23T12:13:27.761+0000] {logging_mixin.py:188} INFO - [2024-04-23T12:13:27.760+0000] {dag.py:3954} INFO - Setting next_dagrun for hola_mundo to None, run_after=None
[2024-04-23T12:13:27.897+0000] {processor.py:183} INFO - Processing /opt/airflow/dags/P1.py took 1.610 seconds
[2024-04-23T12:13:59.421+0000] {processor.py:161} INFO - Started process (PID=149) to work on /opt/airflow/dags/P1.py
[2024-04-23T12:13:59.423+0000] {processor.py:830} INFO - Processing file /opt/airflow/dags/P1.py for tasks to queue
[2024-04-23T12:13:59.426+0000] {logging_mixin.py:188} INFO - [2024-04-23T12:13:59.425+0000] {dagbag.py:540} INFO - Filling up the DagBag from /opt/airflow/dags/P1.py
[2024-04-23T12:14:04.256+0000] {processor.py:840} INFO - DAG(s) 'hola_mundo' retrieved from /opt/airflow/dags/P1.py
[2024-04-23T12:14:05.063+0000] {logging_mixin.py:188} INFO - [2024-04-23T12:14:05.062+0000] {dag.py:3096} INFO - Sync 1 DAGs
[2024-04-23T12:14:05.128+0000] {logging_mixin.py:188} INFO - [2024-04-23T12:14:05.128+0000] {dag.py:3954} INFO - Setting next_dagrun for hola_mundo to None, run_after=None
[2024-04-23T12:14:12.500+0000] {processor.py:183} INFO - Processing /opt/airflow/dags/P1.py took 13.100 seconds
[2024-04-23T12:14:43.371+0000] {processor.py:161} INFO - Started process (PID=172) to work on /opt/airflow/dags/P1.py
[2024-04-23T12:14:43.373+0000] {processor.py:830} INFO - Processing file /opt/airflow/dags/P1.py for tasks to queue
[2024-04-23T12:14:43.379+0000] {logging_mixin.py:188} INFO - [2024-04-23T12:14:43.379+0000] {dagbag.py:540} INFO - Filling up the DagBag from /opt/airflow/dags/P1.py
[2024-04-23T12:14:44.563+0000] {processor.py:840} INFO - DAG(s) 'hola_mundo' retrieved from /opt/airflow/dags/P1.py
[2024-04-23T12:14:44.616+0000] {logging_mixin.py:188} INFO - [2024-04-23T12:14:44.612+0000] {dag.py:3096} INFO - Sync 1 DAGs
[2024-04-23T12:14:44.644+0000] {logging_mixin.py:188} INFO - [2024-04-23T12:14:44.643+0000] {dag.py:3954} INFO - Setting next_dagrun for hola_mundo to None, run_after=None
[2024-04-23T12:14:44.685+0000] {processor.py:183} INFO - Processing /opt/airflow/dags/P1.py took 1.342 seconds
[2024-04-23T12:15:14.999+0000] {processor.py:161} INFO - Started process (PID=188) to work on /opt/airflow/dags/P1.py
[2024-04-23T12:15:15.001+0000] {processor.py:830} INFO - Processing file /opt/airflow/dags/P1.py for tasks to queue
[2024-04-23T12:15:15.006+0000] {logging_mixin.py:188} INFO - [2024-04-23T12:15:15.004+0000] {dagbag.py:540} INFO - Filling up the DagBag from /opt/airflow/dags/P1.py
[2024-04-23T12:15:15.968+0000] {processor.py:840} INFO - DAG(s) 'hola_mundo' retrieved from /opt/airflow/dags/P1.py
[2024-04-23T12:15:16.003+0000] {logging_mixin.py:188} INFO - [2024-04-23T12:15:16.002+0000] {dag.py:3096} INFO - Sync 1 DAGs
[2024-04-23T12:15:16.021+0000] {logging_mixin.py:188} INFO - [2024-04-23T12:15:16.020+0000] {dag.py:3954} INFO - Setting next_dagrun for hola_mundo to None, run_after=None
[2024-04-23T12:15:16.060+0000] {processor.py:183} INFO - Processing /opt/airflow/dags/P1.py took 1.071 seconds
[2024-04-23T12:15:46.841+0000] {processor.py:161} INFO - Started process (PID=205) to work on /opt/airflow/dags/P1.py
[2024-04-23T12:15:46.843+0000] {processor.py:830} INFO - Processing file /opt/airflow/dags/P1.py for tasks to queue
[2024-04-23T12:15:46.847+0000] {logging_mixin.py:188} INFO - [2024-04-23T12:15:46.846+0000] {dagbag.py:540} INFO - Filling up the DagBag from /opt/airflow/dags/P1.py
[2024-04-23T12:15:47.736+0000] {processor.py:840} INFO - DAG(s) 'hola_mundo' retrieved from /opt/airflow/dags/P1.py
[2024-04-23T12:15:47.765+0000] {logging_mixin.py:188} INFO - [2024-04-23T12:15:47.764+0000] {dag.py:3096} INFO - Sync 1 DAGs
[2024-04-23T12:15:47.778+0000] {logging_mixin.py:188} INFO - [2024-04-23T12:15:47.778+0000] {dag.py:3954} INFO - Setting next_dagrun for hola_mundo to None, run_after=None
[2024-04-23T12:15:47.805+0000] {processor.py:183} INFO - Processing /opt/airflow/dags/P1.py took 0.973 seconds
[2024-04-23T12:16:18.096+0000] {processor.py:161} INFO - Started process (PID=223) to work on /opt/airflow/dags/P1.py
[2024-04-23T12:16:18.097+0000] {processor.py:830} INFO - Processing file /opt/airflow/dags/P1.py for tasks to queue
[2024-04-23T12:16:18.100+0000] {logging_mixin.py:188} INFO - [2024-04-23T12:16:18.099+0000] {dagbag.py:540} INFO - Filling up the DagBag from /opt/airflow/dags/P1.py
[2024-04-23T12:16:19.066+0000] {processor.py:840} INFO - DAG(s) 'hola_mundo' retrieved from /opt/airflow/dags/P1.py
[2024-04-23T12:16:19.117+0000] {logging_mixin.py:188} INFO - [2024-04-23T12:16:19.116+0000] {dag.py:3096} INFO - Sync 1 DAGs
[2024-04-23T12:16:19.141+0000] {logging_mixin.py:188} INFO - [2024-04-23T12:16:19.141+0000] {dag.py:3954} INFO - Setting next_dagrun for hola_mundo to None, run_after=None
[2024-04-23T12:16:19.204+0000] {processor.py:183} INFO - Processing /opt/airflow/dags/P1.py took 1.121 seconds
[2024-04-23T12:16:49.702+0000] {processor.py:161} INFO - Started process (PID=239) to work on /opt/airflow/dags/P1.py
[2024-04-23T12:16:49.703+0000] {processor.py:830} INFO - Processing file /opt/airflow/dags/P1.py for tasks to queue
[2024-04-23T12:16:49.706+0000] {logging_mixin.py:188} INFO - [2024-04-23T12:16:49.705+0000] {dagbag.py:540} INFO - Filling up the DagBag from /opt/airflow/dags/P1.py
[2024-04-23T12:16:50.399+0000] {processor.py:840} INFO - DAG(s) 'hola_mundo' retrieved from /opt/airflow/dags/P1.py
[2024-04-23T12:16:50.435+0000] {logging_mixin.py:188} INFO - [2024-04-23T12:16:50.434+0000] {dag.py:3096} INFO - Sync 1 DAGs
[2024-04-23T12:16:50.454+0000] {logging_mixin.py:188} INFO - [2024-04-23T12:16:50.453+0000] {dag.py:3954} INFO - Setting next_dagrun for hola_mundo to None, run_after=None
[2024-04-23T12:16:50.487+0000] {processor.py:183} INFO - Processing /opt/airflow/dags/P1.py took 0.795 seconds
[2024-04-23T12:17:20.572+0000] {processor.py:161} INFO - Started process (PID=256) to work on /opt/airflow/dags/P1.py
[2024-04-23T12:17:20.573+0000] {processor.py:830} INFO - Processing file /opt/airflow/dags/P1.py for tasks to queue
[2024-04-23T12:17:20.577+0000] {logging_mixin.py:188} INFO - [2024-04-23T12:17:20.577+0000] {dagbag.py:540} INFO - Filling up the DagBag from /opt/airflow/dags/P1.py
[2024-04-23T12:17:22.058+0000] {processor.py:840} INFO - DAG(s) 'hola_mundo' retrieved from /opt/airflow/dags/P1.py
[2024-04-23T12:17:22.090+0000] {logging_mixin.py:188} INFO - [2024-04-23T12:17:22.087+0000] {dag.py:3096} INFO - Sync 1 DAGs
[2024-04-23T12:17:22.111+0000] {logging_mixin.py:188} INFO - [2024-04-23T12:17:22.111+0000] {dag.py:3954} INFO - Setting next_dagrun for hola_mundo to None, run_after=None
[2024-04-23T12:17:22.169+0000] {processor.py:183} INFO - Processing /opt/airflow/dags/P1.py took 1.611 seconds
[2024-04-23T12:17:52.489+0000] {processor.py:161} INFO - Started process (PID=271) to work on /opt/airflow/dags/P1.py
[2024-04-23T12:17:52.497+0000] {processor.py:830} INFO - Processing file /opt/airflow/dags/P1.py for tasks to queue
[2024-04-23T12:17:52.505+0000] {logging_mixin.py:188} INFO - [2024-04-23T12:17:52.504+0000] {dagbag.py:540} INFO - Filling up the DagBag from /opt/airflow/dags/P1.py
[2024-04-23T12:17:53.451+0000] {processor.py:840} INFO - DAG(s) 'hola_mundo' retrieved from /opt/airflow/dags/P1.py
[2024-04-23T12:17:53.489+0000] {logging_mixin.py:188} INFO - [2024-04-23T12:17:53.488+0000] {dag.py:3096} INFO - Sync 1 DAGs
[2024-04-23T12:17:53.509+0000] {logging_mixin.py:188} INFO - [2024-04-23T12:17:53.508+0000] {dag.py:3954} INFO - Setting next_dagrun for hola_mundo to None, run_after=None
[2024-04-23T12:17:53.557+0000] {processor.py:183} INFO - Processing /opt/airflow/dags/P1.py took 1.091 seconds
[2024-04-23T12:18:24.334+0000] {processor.py:161} INFO - Started process (PID=288) to work on /opt/airflow/dags/P1.py
[2024-04-23T12:18:24.337+0000] {processor.py:830} INFO - Processing file /opt/airflow/dags/P1.py for tasks to queue
[2024-04-23T12:18:24.343+0000] {logging_mixin.py:188} INFO - [2024-04-23T12:18:24.342+0000] {dagbag.py:540} INFO - Filling up the DagBag from /opt/airflow/dags/P1.py
[2024-04-23T12:18:25.392+0000] {processor.py:840} INFO - DAG(s) 'hola_mundo' retrieved from /opt/airflow/dags/P1.py
[2024-04-23T12:18:25.434+0000] {logging_mixin.py:188} INFO - [2024-04-23T12:18:25.433+0000] {dag.py:3096} INFO - Sync 1 DAGs
[2024-04-23T12:18:25.449+0000] {logging_mixin.py:188} INFO - [2024-04-23T12:18:25.448+0000] {dag.py:3954} INFO - Setting next_dagrun for hola_mundo to None, run_after=None
[2024-04-23T12:18:25.475+0000] {processor.py:183} INFO - Processing /opt/airflow/dags/P1.py took 1.172 seconds
[2024-04-23T12:18:55.700+0000] {processor.py:161} INFO - Started process (PID=303) to work on /opt/airflow/dags/P1.py
[2024-04-23T12:18:55.704+0000] {processor.py:830} INFO - Processing file /opt/airflow/dags/P1.py for tasks to queue
[2024-04-23T12:18:55.709+0000] {logging_mixin.py:188} INFO - [2024-04-23T12:18:55.709+0000] {dagbag.py:540} INFO - Filling up the DagBag from /opt/airflow/dags/P1.py
[2024-04-23T12:18:58.031+0000] {processor.py:840} INFO - DAG(s) 'hola_mundo' retrieved from /opt/airflow/dags/P1.py
[2024-04-23T12:18:58.121+0000] {logging_mixin.py:188} INFO - [2024-04-23T12:18:58.119+0000] {dag.py:3096} INFO - Sync 1 DAGs
[2024-04-23T12:18:58.213+0000] {logging_mixin.py:188} INFO - [2024-04-23T12:18:58.210+0000] {dag.py:3954} INFO - Setting next_dagrun for hola_mundo to None, run_after=None
[2024-04-23T12:18:58.328+0000] {processor.py:183} INFO - Processing /opt/airflow/dags/P1.py took 2.645 seconds
[2024-04-23T12:19:28.795+0000] {processor.py:161} INFO - Started process (PID=319) to work on /opt/airflow/dags/P1.py
[2024-04-23T12:19:28.796+0000] {processor.py:830} INFO - Processing file /opt/airflow/dags/P1.py for tasks to queue
[2024-04-23T12:19:28.800+0000] {logging_mixin.py:188} INFO - [2024-04-23T12:19:28.799+0000] {dagbag.py:540} INFO - Filling up the DagBag from /opt/airflow/dags/P1.py
[2024-04-23T12:19:29.962+0000] {processor.py:840} INFO - DAG(s) 'hola_mundo' retrieved from /opt/airflow/dags/P1.py
[2024-04-23T12:19:30.014+0000] {logging_mixin.py:188} INFO - [2024-04-23T12:19:30.013+0000] {dag.py:3096} INFO - Sync 1 DAGs
[2024-04-23T12:19:30.040+0000] {logging_mixin.py:188} INFO - [2024-04-23T12:19:30.039+0000] {dag.py:3954} INFO - Setting next_dagrun for hola_mundo to None, run_after=None
[2024-04-23T12:19:30.116+0000] {processor.py:183} INFO - Processing /opt/airflow/dags/P1.py took 1.335 seconds
[2024-04-23T12:20:00.415+0000] {processor.py:161} INFO - Started process (PID=336) to work on /opt/airflow/dags/P1.py
[2024-04-23T12:20:00.417+0000] {processor.py:830} INFO - Processing file /opt/airflow/dags/P1.py for tasks to queue
[2024-04-23T12:20:00.425+0000] {logging_mixin.py:188} INFO - [2024-04-23T12:20:00.422+0000] {dagbag.py:540} INFO - Filling up the DagBag from /opt/airflow/dags/P1.py
[2024-04-23T12:20:01.322+0000] {processor.py:840} INFO - DAG(s) 'hola_mundo' retrieved from /opt/airflow/dags/P1.py
[2024-04-23T12:20:01.352+0000] {logging_mixin.py:188} INFO - [2024-04-23T12:20:01.351+0000] {dag.py:3096} INFO - Sync 1 DAGs
[2024-04-23T12:20:01.373+0000] {logging_mixin.py:188} INFO - [2024-04-23T12:20:01.372+0000] {dag.py:3954} INFO - Setting next_dagrun for hola_mundo to None, run_after=None
[2024-04-23T12:20:01.405+0000] {processor.py:183} INFO - Processing /opt/airflow/dags/P1.py took 1.009 seconds
[2024-04-23T12:20:31.783+0000] {processor.py:161} INFO - Started process (PID=352) to work on /opt/airflow/dags/P1.py
[2024-04-23T12:20:31.785+0000] {processor.py:830} INFO - Processing file /opt/airflow/dags/P1.py for tasks to queue
[2024-04-23T12:20:31.788+0000] {logging_mixin.py:188} INFO - [2024-04-23T12:20:31.788+0000] {dagbag.py:540} INFO - Filling up the DagBag from /opt/airflow/dags/P1.py
[2024-04-23T12:20:32.605+0000] {processor.py:840} INFO - DAG(s) 'hola_mundo' retrieved from /opt/airflow/dags/P1.py
[2024-04-23T12:20:32.686+0000] {logging_mixin.py:188} INFO - [2024-04-23T12:20:32.685+0000] {dag.py:3096} INFO - Sync 1 DAGs
[2024-04-23T12:20:32.708+0000] {logging_mixin.py:188} INFO - [2024-04-23T12:20:32.707+0000] {dag.py:3954} INFO - Setting next_dagrun for hola_mundo to None, run_after=None
[2024-04-23T12:20:32.749+0000] {processor.py:183} INFO - Processing /opt/airflow/dags/P1.py took 0.975 seconds
[2024-04-23T12:21:03.241+0000] {processor.py:161} INFO - Started process (PID=373) to work on /opt/airflow/dags/P1.py
[2024-04-23T12:21:03.242+0000] {processor.py:830} INFO - Processing file /opt/airflow/dags/P1.py for tasks to queue
[2024-04-23T12:21:03.249+0000] {logging_mixin.py:188} INFO - [2024-04-23T12:21:03.248+0000] {dagbag.py:540} INFO - Filling up the DagBag from /opt/airflow/dags/P1.py
[2024-04-23T12:21:04.270+0000] {processor.py:840} INFO - DAG(s) 'hola_mundo' retrieved from /opt/airflow/dags/P1.py
[2024-04-23T12:21:04.317+0000] {logging_mixin.py:188} INFO - [2024-04-23T12:21:04.316+0000] {dag.py:3096} INFO - Sync 1 DAGs
[2024-04-23T12:21:04.338+0000] {logging_mixin.py:188} INFO - [2024-04-23T12:21:04.338+0000] {dag.py:3954} INFO - Setting next_dagrun for hola_mundo to None, run_after=None
[2024-04-23T12:21:04.465+0000] {processor.py:183} INFO - Processing /opt/airflow/dags/P1.py took 1.234 seconds
[2024-04-23T12:21:34.799+0000] {processor.py:161} INFO - Started process (PID=389) to work on /opt/airflow/dags/P1.py
[2024-04-23T12:21:34.804+0000] {processor.py:830} INFO - Processing file /opt/airflow/dags/P1.py for tasks to queue
[2024-04-23T12:21:34.818+0000] {logging_mixin.py:188} INFO - [2024-04-23T12:21:34.817+0000] {dagbag.py:540} INFO - Filling up the DagBag from /opt/airflow/dags/P1.py
[2024-04-23T12:21:36.856+0000] {processor.py:840} INFO - DAG(s) 'hola_mundo' retrieved from /opt/airflow/dags/P1.py
[2024-04-23T12:21:36.916+0000] {logging_mixin.py:188} INFO - [2024-04-23T12:21:36.914+0000] {dag.py:3096} INFO - Sync 1 DAGs
[2024-04-23T12:21:37.024+0000] {logging_mixin.py:188} INFO - [2024-04-23T12:21:37.023+0000] {dag.py:3954} INFO - Setting next_dagrun for hola_mundo to None, run_after=None
[2024-04-23T12:21:37.304+0000] {processor.py:183} INFO - Processing /opt/airflow/dags/P1.py took 2.540 seconds
[2024-04-23T12:22:07.466+0000] {processor.py:161} INFO - Started process (PID=404) to work on /opt/airflow/dags/P1.py
[2024-04-23T12:22:07.468+0000] {processor.py:830} INFO - Processing file /opt/airflow/dags/P1.py for tasks to queue
[2024-04-23T12:22:07.470+0000] {logging_mixin.py:188} INFO - [2024-04-23T12:22:07.470+0000] {dagbag.py:540} INFO - Filling up the DagBag from /opt/airflow/dags/P1.py
[2024-04-23T12:22:08.221+0000] {processor.py:840} INFO - DAG(s) 'hola_mundo' retrieved from /opt/airflow/dags/P1.py
[2024-04-23T12:22:08.259+0000] {logging_mixin.py:188} INFO - [2024-04-23T12:22:08.258+0000] {dag.py:3096} INFO - Sync 1 DAGs
[2024-04-23T12:22:08.278+0000] {logging_mixin.py:188} INFO - [2024-04-23T12:22:08.278+0000] {dag.py:3954} INFO - Setting next_dagrun for hola_mundo to None, run_after=None
[2024-04-23T12:22:08.440+0000] {processor.py:183} INFO - Processing /opt/airflow/dags/P1.py took 0.981 seconds
[2024-04-23T12:22:38.937+0000] {processor.py:161} INFO - Started process (PID=421) to work on /opt/airflow/dags/P1.py
[2024-04-23T12:22:38.939+0000] {processor.py:830} INFO - Processing file /opt/airflow/dags/P1.py for tasks to queue
[2024-04-23T12:22:38.943+0000] {logging_mixin.py:188} INFO - [2024-04-23T12:22:38.943+0000] {dagbag.py:540} INFO - Filling up the DagBag from /opt/airflow/dags/P1.py
[2024-04-23T12:22:39.825+0000] {processor.py:840} INFO - DAG(s) 'hola_mundo' retrieved from /opt/airflow/dags/P1.py
[2024-04-23T12:22:39.863+0000] {logging_mixin.py:188} INFO - [2024-04-23T12:22:39.862+0000] {dag.py:3096} INFO - Sync 1 DAGs
[2024-04-23T12:22:39.884+0000] {logging_mixin.py:188} INFO - [2024-04-23T12:22:39.884+0000] {dag.py:3954} INFO - Setting next_dagrun for hola_mundo to None, run_after=None
[2024-04-23T12:22:39.926+0000] {processor.py:183} INFO - Processing /opt/airflow/dags/P1.py took 1.000 seconds
[2024-04-23T12:23:10.868+0000] {processor.py:161} INFO - Started process (PID=437) to work on /opt/airflow/dags/P1.py
[2024-04-23T12:23:10.873+0000] {processor.py:830} INFO - Processing file /opt/airflow/dags/P1.py for tasks to queue
[2024-04-23T12:23:10.879+0000] {logging_mixin.py:188} INFO - [2024-04-23T12:23:10.879+0000] {dagbag.py:540} INFO - Filling up the DagBag from /opt/airflow/dags/P1.py
[2024-04-23T12:23:14.438+0000] {processor.py:840} INFO - DAG(s) 'hola_mundo' retrieved from /opt/airflow/dags/P1.py
[2024-04-23T12:23:14.522+0000] {logging_mixin.py:188} INFO - [2024-04-23T12:23:14.511+0000] {dag.py:3096} INFO - Sync 1 DAGs
[2024-04-23T12:23:14.557+0000] {logging_mixin.py:188} INFO - [2024-04-23T12:23:14.557+0000] {dag.py:3954} INFO - Setting next_dagrun for hola_mundo to None, run_after=None
[2024-04-23T12:23:14.609+0000] {processor.py:183} INFO - Processing /opt/airflow/dags/P1.py took 3.762 seconds
[2024-04-23T12:23:45.039+0000] {processor.py:161} INFO - Started process (PID=453) to work on /opt/airflow/dags/P1.py
[2024-04-23T12:23:45.042+0000] {processor.py:830} INFO - Processing file /opt/airflow/dags/P1.py for tasks to queue
[2024-04-23T12:23:45.046+0000] {logging_mixin.py:188} INFO - [2024-04-23T12:23:45.045+0000] {dagbag.py:540} INFO - Filling up the DagBag from /opt/airflow/dags/P1.py
[2024-04-23T12:23:48.063+0000] {processor.py:840} INFO - DAG(s) 'hola_mundo' retrieved from /opt/airflow/dags/P1.py
[2024-04-23T12:23:48.309+0000] {logging_mixin.py:188} INFO - [2024-04-23T12:23:48.308+0000] {dag.py:3096} INFO - Sync 1 DAGs
[2024-04-23T12:23:48.387+0000] {logging_mixin.py:188} INFO - [2024-04-23T12:23:48.387+0000] {dag.py:3954} INFO - Setting next_dagrun for hola_mundo to None, run_after=None
[2024-04-23T12:23:48.448+0000] {processor.py:183} INFO - Processing /opt/airflow/dags/P1.py took 3.432 seconds
[2024-04-23T12:24:19.000+0000] {processor.py:161} INFO - Started process (PID=468) to work on /opt/airflow/dags/P1.py
[2024-04-23T12:24:19.003+0000] {processor.py:830} INFO - Processing file /opt/airflow/dags/P1.py for tasks to queue
[2024-04-23T12:24:19.007+0000] {logging_mixin.py:188} INFO - [2024-04-23T12:24:19.006+0000] {dagbag.py:540} INFO - Filling up the DagBag from /opt/airflow/dags/P1.py
[2024-04-23T12:24:20.097+0000] {processor.py:840} INFO - DAG(s) 'hola_mundo' retrieved from /opt/airflow/dags/P1.py
[2024-04-23T12:24:20.142+0000] {logging_mixin.py:188} INFO - [2024-04-23T12:24:20.140+0000] {dag.py:3096} INFO - Sync 1 DAGs
[2024-04-23T12:24:20.162+0000] {logging_mixin.py:188} INFO - [2024-04-23T12:24:20.161+0000] {dag.py:3954} INFO - Setting next_dagrun for hola_mundo to None, run_after=None
[2024-04-23T12:24:20.200+0000] {processor.py:183} INFO - Processing /opt/airflow/dags/P1.py took 1.215 seconds
[2024-04-23T12:24:51.003+0000] {processor.py:161} INFO - Started process (PID=484) to work on /opt/airflow/dags/P1.py
[2024-04-23T12:24:51.013+0000] {processor.py:830} INFO - Processing file /opt/airflow/dags/P1.py for tasks to queue
[2024-04-23T12:24:51.022+0000] {logging_mixin.py:188} INFO - [2024-04-23T12:24:51.019+0000] {dagbag.py:540} INFO - Filling up the DagBag from /opt/airflow/dags/P1.py
[2024-04-23T12:24:54.764+0000] {processor.py:840} INFO - DAG(s) 'hola_mundo' retrieved from /opt/airflow/dags/P1.py
[2024-04-23T12:24:55.049+0000] {logging_mixin.py:188} INFO - [2024-04-23T12:24:55.048+0000] {dag.py:3096} INFO - Sync 1 DAGs
[2024-04-23T12:24:55.321+0000] {logging_mixin.py:188} INFO - [2024-04-23T12:24:55.320+0000] {dag.py:3954} INFO - Setting next_dagrun for hola_mundo to None, run_after=None
[2024-04-23T12:24:55.661+0000] {processor.py:183} INFO - Processing /opt/airflow/dags/P1.py took 4.710 seconds
[2024-04-23T12:25:26.925+0000] {processor.py:161} INFO - Started process (PID=501) to work on /opt/airflow/dags/P1.py
[2024-04-23T12:25:26.934+0000] {processor.py:830} INFO - Processing file /opt/airflow/dags/P1.py for tasks to queue
[2024-04-23T12:25:26.975+0000] {logging_mixin.py:188} INFO - [2024-04-23T12:25:26.972+0000] {dagbag.py:540} INFO - Filling up the DagBag from /opt/airflow/dags/P1.py
[2024-04-23T12:25:35.443+0000] {processor.py:840} INFO - DAG(s) 'hola_mundo' retrieved from /opt/airflow/dags/P1.py
[2024-04-23T12:25:35.606+0000] {logging_mixin.py:188} INFO - [2024-04-23T12:25:35.605+0000] {dag.py:3096} INFO - Sync 1 DAGs
[2024-04-23T12:25:35.676+0000] {logging_mixin.py:188} INFO - [2024-04-23T12:25:35.676+0000] {dag.py:3954} INFO - Setting next_dagrun for hola_mundo to None, run_after=None
[2024-04-23T12:25:35.926+0000] {processor.py:183} INFO - Processing /opt/airflow/dags/P1.py took 9.193 seconds
[2024-04-23T12:26:06.511+0000] {processor.py:161} INFO - Started process (PID=523) to work on /opt/airflow/dags/P1.py
[2024-04-23T12:26:06.516+0000] {processor.py:830} INFO - Processing file /opt/airflow/dags/P1.py for tasks to queue
[2024-04-23T12:26:06.533+0000] {logging_mixin.py:188} INFO - [2024-04-23T12:26:06.532+0000] {dagbag.py:540} INFO - Filling up the DagBag from /opt/airflow/dags/P1.py
[2024-04-23T12:26:08.283+0000] {processor.py:840} INFO - DAG(s) 'hola_mundo' retrieved from /opt/airflow/dags/P1.py
[2024-04-23T12:26:08.423+0000] {logging_mixin.py:188} INFO - [2024-04-23T12:26:08.409+0000] {dag.py:3096} INFO - Sync 1 DAGs
[2024-04-23T12:26:08.483+0000] {logging_mixin.py:188} INFO - [2024-04-23T12:26:08.482+0000] {dag.py:3954} INFO - Setting next_dagrun for hola_mundo to None, run_after=None
[2024-04-23T12:26:08.553+0000] {processor.py:183} INFO - Processing /opt/airflow/dags/P1.py took 2.065 seconds
[2024-04-23T12:26:41.245+0000] {processor.py:161} INFO - Started process (PID=539) to work on /opt/airflow/dags/P1.py
[2024-04-23T12:26:41.346+0000] {processor.py:830} INFO - Processing file /opt/airflow/dags/P1.py for tasks to queue
[2024-04-23T12:26:41.363+0000] {logging_mixin.py:188} INFO - [2024-04-23T12:26:41.361+0000] {dagbag.py:540} INFO - Filling up the DagBag from /opt/airflow/dags/P1.py
[2024-04-23T12:26:47.887+0000] {processor.py:840} INFO - DAG(s) 'hola_mundo' retrieved from /opt/airflow/dags/P1.py
[2024-04-23T12:26:48.066+0000] {logging_mixin.py:188} INFO - [2024-04-23T12:26:48.065+0000] {dag.py:3096} INFO - Sync 1 DAGs
[2024-04-23T12:26:48.177+0000] {logging_mixin.py:188} INFO - [2024-04-23T12:26:48.176+0000] {dag.py:3954} INFO - Setting next_dagrun for hola_mundo to None, run_after=None
[2024-04-23T12:26:48.294+0000] {processor.py:183} INFO - Processing /opt/airflow/dags/P1.py took 7.400 seconds
[2024-04-23T17:37:31.213+0000] {processor.py:161} INFO - Started process (PID=556) to work on /opt/airflow/dags/P1.py
[2024-04-23T17:37:31.283+0000] {processor.py:830} INFO - Processing file /opt/airflow/dags/P1.py for tasks to queue
[2024-04-23T17:37:31.348+0000] {logging_mixin.py:188} INFO - [2024-04-23T17:37:31.347+0000] {dagbag.py:540} INFO - Filling up the DagBag from /opt/airflow/dags/P1.py
[2024-04-23T17:37:38.583+0000] {processor.py:840} INFO - DAG(s) 'hola_mundo' retrieved from /opt/airflow/dags/P1.py
[2024-04-23T17:37:38.762+0000] {logging_mixin.py:188} INFO - [2024-04-23T17:37:38.761+0000] {dag.py:3096} INFO - Sync 1 DAGs
[2024-04-23T17:37:38.893+0000] {logging_mixin.py:188} INFO - [2024-04-23T17:37:38.893+0000] {dag.py:3954} INFO - Setting next_dagrun for hola_mundo to None, run_after=None
[2024-04-23T17:37:39.459+0000] {processor.py:183} INFO - Processing /opt/airflow/dags/P1.py took 8.286 seconds
[2024-04-23T17:38:10.404+0000] {processor.py:161} INFO - Started process (PID=572) to work on /opt/airflow/dags/P1.py
[2024-04-23T17:38:15.204+0000] {processor.py:830} INFO - Processing file /opt/airflow/dags/P1.py for tasks to queue
[2024-04-23T17:38:15.250+0000] {logging_mixin.py:188} INFO - [2024-04-23T17:38:15.249+0000] {dagbag.py:540} INFO - Filling up the DagBag from /opt/airflow/dags/P1.py
[2024-04-23T17:38:18.195+0000] {processor.py:840} INFO - DAG(s) 'hola_mundo' retrieved from /opt/airflow/dags/P1.py
[2024-04-23T17:38:18.234+0000] {logging_mixin.py:188} INFO - [2024-04-23T17:38:18.232+0000] {dag.py:3096} INFO - Sync 1 DAGs
[2024-04-23T17:38:18.266+0000] {logging_mixin.py:188} INFO - [2024-04-23T17:38:18.265+0000] {dag.py:3954} INFO - Setting next_dagrun for hola_mundo to None, run_after=None
[2024-04-23T17:38:19.307+0000] {processor.py:183} INFO - Processing /opt/airflow/dags/P1.py took 8.911 seconds
[2024-04-23T17:38:49.855+0000] {processor.py:161} INFO - Started process (PID=589) to work on /opt/airflow/dags/P1.py
[2024-04-23T17:38:49.858+0000] {processor.py:830} INFO - Processing file /opt/airflow/dags/P1.py for tasks to queue
[2024-04-23T17:38:49.861+0000] {logging_mixin.py:188} INFO - [2024-04-23T17:38:49.860+0000] {dagbag.py:540} INFO - Filling up the DagBag from /opt/airflow/dags/P1.py
[2024-04-23T17:38:50.685+0000] {processor.py:840} INFO - DAG(s) 'hola_mundo' retrieved from /opt/airflow/dags/P1.py
[2024-04-23T17:38:50.752+0000] {logging_mixin.py:188} INFO - [2024-04-23T17:38:50.751+0000] {dag.py:3096} INFO - Sync 1 DAGs
[2024-04-23T17:38:50.793+0000] {logging_mixin.py:188} INFO - [2024-04-23T17:38:50.793+0000] {dag.py:3954} INFO - Setting next_dagrun for hola_mundo to None, run_after=None
[2024-04-23T17:38:52.871+0000] {processor.py:183} INFO - Processing /opt/airflow/dags/P1.py took 3.033 seconds
[2024-04-23T17:39:23.291+0000] {processor.py:161} INFO - Started process (PID=606) to work on /opt/airflow/dags/P1.py
[2024-04-23T17:39:23.293+0000] {processor.py:830} INFO - Processing file /opt/airflow/dags/P1.py for tasks to queue
[2024-04-23T17:39:23.304+0000] {logging_mixin.py:188} INFO - [2024-04-23T17:39:23.294+0000] {dagbag.py:540} INFO - Filling up the DagBag from /opt/airflow/dags/P1.py
[2024-04-23T17:39:25.866+0000] {processor.py:840} INFO - DAG(s) 'hola_mundo' retrieved from /opt/airflow/dags/P1.py
[2024-04-23T17:39:25.976+0000] {logging_mixin.py:188} INFO - [2024-04-23T17:39:25.965+0000] {dag.py:3096} INFO - Sync 1 DAGs
[2024-04-23T17:39:26.044+0000] {logging_mixin.py:188} INFO - [2024-04-23T17:39:26.043+0000] {dag.py:3954} INFO - Setting next_dagrun for hola_mundo to None, run_after=None
[2024-04-23T17:39:26.348+0000] {processor.py:183} INFO - Processing /opt/airflow/dags/P1.py took 3.088 seconds
[2024-04-23T17:39:56.489+0000] {processor.py:161} INFO - Started process (PID=629) to work on /opt/airflow/dags/P1.py
[2024-04-23T17:39:56.492+0000] {processor.py:830} INFO - Processing file /opt/airflow/dags/P1.py for tasks to queue
[2024-04-23T17:39:56.494+0000] {logging_mixin.py:188} INFO - [2024-04-23T17:39:56.493+0000] {dagbag.py:540} INFO - Filling up the DagBag from /opt/airflow/dags/P1.py
[2024-04-23T17:39:58.183+0000] {processor.py:840} INFO - DAG(s) 'hola_mundo' retrieved from /opt/airflow/dags/P1.py
[2024-04-23T17:39:58.254+0000] {logging_mixin.py:188} INFO - [2024-04-23T17:39:58.253+0000] {dag.py:3096} INFO - Sync 1 DAGs
[2024-04-23T17:39:58.301+0000] {logging_mixin.py:188} INFO - [2024-04-23T17:39:58.300+0000] {dag.py:3954} INFO - Setting next_dagrun for hola_mundo to None, run_after=None
[2024-04-23T17:39:58.379+0000] {processor.py:183} INFO - Processing /opt/airflow/dags/P1.py took 1.902 seconds
[2024-04-23T17:40:28.963+0000] {processor.py:161} INFO - Started process (PID=645) to work on /opt/airflow/dags/P1.py
[2024-04-23T17:40:28.964+0000] {processor.py:830} INFO - Processing file /opt/airflow/dags/P1.py for tasks to queue
[2024-04-23T17:40:28.966+0000] {logging_mixin.py:188} INFO - [2024-04-23T17:40:28.965+0000] {dagbag.py:540} INFO - Filling up the DagBag from /opt/airflow/dags/P1.py
[2024-04-23T17:40:29.692+0000] {processor.py:840} INFO - DAG(s) 'hola_mundo' retrieved from /opt/airflow/dags/P1.py
[2024-04-23T17:40:30.001+0000] {logging_mixin.py:188} INFO - [2024-04-23T17:40:29.999+0000] {dag.py:3096} INFO - Sync 1 DAGs
[2024-04-23T17:40:30.063+0000] {logging_mixin.py:188} INFO - [2024-04-23T17:40:30.063+0000] {dag.py:3954} INFO - Setting next_dagrun for hola_mundo to None, run_after=None
[2024-04-23T17:40:30.895+0000] {processor.py:183} INFO - Processing /opt/airflow/dags/P1.py took 1.941 seconds
[2024-04-23T17:41:01.266+0000] {processor.py:161} INFO - Started process (PID=662) to work on /opt/airflow/dags/P1.py
[2024-04-23T17:41:01.281+0000] {processor.py:830} INFO - Processing file /opt/airflow/dags/P1.py for tasks to queue
[2024-04-23T17:41:01.289+0000] {logging_mixin.py:188} INFO - [2024-04-23T17:41:01.288+0000] {dagbag.py:540} INFO - Filling up the DagBag from /opt/airflow/dags/P1.py
[2024-04-23T17:41:04.971+0000] {processor.py:840} INFO - DAG(s) 'hola_mundo' retrieved from /opt/airflow/dags/P1.py
[2024-04-23T17:41:05.192+0000] {logging_mixin.py:188} INFO - [2024-04-23T17:41:05.191+0000] {dag.py:3096} INFO - Sync 1 DAGs
[2024-04-23T17:41:05.289+0000] {logging_mixin.py:188} INFO - [2024-04-23T17:41:05.289+0000] {dag.py:3954} INFO - Setting next_dagrun for hola_mundo to None, run_after=None
[2024-04-23T17:41:05.479+0000] {processor.py:183} INFO - Processing /opt/airflow/dags/P1.py took 4.253 seconds
[2024-04-23T17:41:36.093+0000] {processor.py:161} INFO - Started process (PID=679) to work on /opt/airflow/dags/P1.py
[2024-04-23T17:41:36.095+0000] {processor.py:830} INFO - Processing file /opt/airflow/dags/P1.py for tasks to queue
[2024-04-23T17:41:36.096+0000] {logging_mixin.py:188} INFO - [2024-04-23T17:41:36.096+0000] {dagbag.py:540} INFO - Filling up the DagBag from /opt/airflow/dags/P1.py
[2024-04-23T17:41:37.878+0000] {processor.py:840} INFO - DAG(s) 'hola_mundo' retrieved from /opt/airflow/dags/P1.py
[2024-04-23T17:41:38.005+0000] {logging_mixin.py:188} INFO - [2024-04-23T17:41:38.003+0000] {dag.py:3096} INFO - Sync 1 DAGs
[2024-04-23T17:41:38.040+0000] {logging_mixin.py:188} INFO - [2024-04-23T17:41:38.040+0000] {dag.py:3954} INFO - Setting next_dagrun for hola_mundo to None, run_after=None
[2024-04-23T17:41:38.092+0000] {processor.py:183} INFO - Processing /opt/airflow/dags/P1.py took 2.014 seconds
[2024-04-23T17:42:08.538+0000] {processor.py:161} INFO - Started process (PID=695) to work on /opt/airflow/dags/P1.py
[2024-04-23T17:42:08.544+0000] {processor.py:830} INFO - Processing file /opt/airflow/dags/P1.py for tasks to queue
[2024-04-23T17:42:08.548+0000] {logging_mixin.py:188} INFO - [2024-04-23T17:42:08.547+0000] {dagbag.py:540} INFO - Filling up the DagBag from /opt/airflow/dags/P1.py
[2024-04-23T17:42:10.481+0000] {processor.py:840} INFO - DAG(s) 'hola_mundo' retrieved from /opt/airflow/dags/P1.py
[2024-04-23T17:42:10.590+0000] {logging_mixin.py:188} INFO - [2024-04-23T17:42:10.589+0000] {dag.py:3096} INFO - Sync 1 DAGs
[2024-04-23T17:42:10.724+0000] {logging_mixin.py:188} INFO - [2024-04-23T17:42:10.724+0000] {dag.py:3954} INFO - Setting next_dagrun for hola_mundo to None, run_after=None
[2024-04-23T17:42:10.876+0000] {processor.py:183} INFO - Processing /opt/airflow/dags/P1.py took 2.353 seconds
[2024-04-23T17:42:53.003+0000] {processor.py:161} INFO - Started process (PID=711) to work on /opt/airflow/dags/P1.py
[2024-04-23T17:42:53.031+0000] {processor.py:830} INFO - Processing file /opt/airflow/dags/P1.py for tasks to queue
[2024-04-23T17:42:53.064+0000] {logging_mixin.py:188} INFO - [2024-04-23T17:42:53.063+0000] {dagbag.py:540} INFO - Filling up the DagBag from /opt/airflow/dags/P1.py
[2024-04-23T17:42:56.985+0000] {processor.py:840} INFO - DAG(s) 'hola_mundo' retrieved from /opt/airflow/dags/P1.py
[2024-04-23T17:42:57.061+0000] {logging_mixin.py:188} INFO - [2024-04-23T17:42:57.060+0000] {dag.py:3096} INFO - Sync 1 DAGs
[2024-04-23T17:42:57.100+0000] {logging_mixin.py:188} INFO - [2024-04-23T17:42:57.100+0000] {dag.py:3954} INFO - Setting next_dagrun for hola_mundo to None, run_after=None
[2024-04-23T17:42:57.390+0000] {processor.py:183} INFO - Processing /opt/airflow/dags/P1.py took 4.413 seconds
[2024-04-23T17:43:27.829+0000] {processor.py:161} INFO - Started process (PID=727) to work on /opt/airflow/dags/P1.py
[2024-04-23T17:43:27.831+0000] {processor.py:830} INFO - Processing file /opt/airflow/dags/P1.py for tasks to queue
[2024-04-23T17:43:27.832+0000] {logging_mixin.py:188} INFO - [2024-04-23T17:43:27.832+0000] {dagbag.py:540} INFO - Filling up the DagBag from /opt/airflow/dags/P1.py
[2024-04-23T17:43:29.179+0000] {processor.py:840} INFO - DAG(s) 'hola_mundo' retrieved from /opt/airflow/dags/P1.py
[2024-04-23T17:43:29.381+0000] {logging_mixin.py:188} INFO - [2024-04-23T17:43:29.380+0000] {dag.py:3096} INFO - Sync 1 DAGs
[2024-04-23T17:43:29.396+0000] {logging_mixin.py:188} INFO - [2024-04-23T17:43:29.396+0000] {dag.py:3954} INFO - Setting next_dagrun for hola_mundo to None, run_after=None
[2024-04-23T17:43:31.953+0000] {processor.py:183} INFO - Processing /opt/airflow/dags/P1.py took 4.133 seconds
[2024-04-23T17:46:38.251+0000] {processor.py:161} INFO - Started process (PID=53) to work on /opt/airflow/dags/P1.py
[2024-04-23T17:46:38.324+0000] {processor.py:830} INFO - Processing file /opt/airflow/dags/P1.py for tasks to queue
[2024-04-23T17:46:38.395+0000] {logging_mixin.py:188} INFO - [2024-04-23T17:46:38.394+0000] {dagbag.py:540} INFO - Filling up the DagBag from /opt/airflow/dags/P1.py
[2024-04-23T17:46:44.243+0000] {processor.py:840} INFO - DAG(s) 'hola_mundo' retrieved from /opt/airflow/dags/P1.py
[2024-04-23T17:46:45.788+0000] {logging_mixin.py:188} INFO - [2024-04-23T17:46:45.787+0000] {dag.py:3096} INFO - Sync 1 DAGs
[2024-04-23T17:46:45.880+0000] {logging_mixin.py:188} INFO - [2024-04-23T17:46:45.879+0000] {dag.py:3954} INFO - Setting next_dagrun for hola_mundo to None, run_after=None
[2024-04-23T17:46:47.976+0000] {processor.py:183} INFO - Processing /opt/airflow/dags/P1.py took 10.793 seconds
[2024-04-23T17:47:27.502+0000] {processor.py:161} INFO - Started process (PID=85) to work on /opt/airflow/dags/P1.py
[2024-04-23T17:47:27.506+0000] {processor.py:830} INFO - Processing file /opt/airflow/dags/P1.py for tasks to queue
[2024-04-23T17:47:27.521+0000] {logging_mixin.py:188} INFO - [2024-04-23T17:47:27.520+0000] {dagbag.py:540} INFO - Filling up the DagBag from /opt/airflow/dags/P1.py
[2024-04-23T17:47:39.783+0000] {processor.py:840} INFO - DAG(s) 'hola_mundo' retrieved from /opt/airflow/dags/P1.py
[2024-04-23T17:47:40.052+0000] {logging_mixin.py:188} INFO - [2024-04-23T17:47:40.050+0000] {dag.py:3096} INFO - Sync 1 DAGs
[2024-04-23T17:47:40.189+0000] {logging_mixin.py:188} INFO - [2024-04-23T17:47:40.188+0000] {dag.py:3954} INFO - Setting next_dagrun for hola_mundo to None, run_after=None
[2024-04-23T17:47:40.723+0000] {processor.py:183} INFO - Processing /opt/airflow/dags/P1.py took 13.295 seconds
[2024-04-23T17:48:10.916+0000] {processor.py:161} INFO - Started process (PID=109) to work on /opt/airflow/dags/P1.py
[2024-04-23T17:48:10.918+0000] {processor.py:830} INFO - Processing file /opt/airflow/dags/P1.py for tasks to queue
[2024-04-23T17:48:10.923+0000] {logging_mixin.py:188} INFO - [2024-04-23T17:48:10.922+0000] {dagbag.py:540} INFO - Filling up the DagBag from /opt/airflow/dags/P1.py
[2024-04-23T17:48:12.018+0000] {processor.py:840} INFO - DAG(s) 'hola_mundo' retrieved from /opt/airflow/dags/P1.py
[2024-04-23T17:48:12.049+0000] {logging_mixin.py:188} INFO - [2024-04-23T17:48:12.048+0000] {dag.py:3096} INFO - Sync 1 DAGs
[2024-04-23T17:48:12.066+0000] {logging_mixin.py:188} INFO - [2024-04-23T17:48:12.065+0000] {dag.py:3954} INFO - Setting next_dagrun for hola_mundo to None, run_after=None
[2024-04-23T17:48:14.020+0000] {processor.py:183} INFO - Processing /opt/airflow/dags/P1.py took 3.116 seconds
[2024-04-23T17:58:12.519+0000] {processor.py:161} INFO - Started process (PID=106) to work on /opt/airflow/dags/P1.py
[2024-04-23T17:58:12.679+0000] {processor.py:830} INFO - Processing file /opt/airflow/dags/P1.py for tasks to queue
[2024-04-23T17:58:12.710+0000] {logging_mixin.py:188} INFO - [2024-04-23T17:58:12.709+0000] {dagbag.py:540} INFO - Filling up the DagBag from /opt/airflow/dags/P1.py
[2024-04-23T17:58:28.058+0000] {processor.py:840} INFO - DAG(s) 'hola_mundo' retrieved from /opt/airflow/dags/P1.py
[2024-04-23T17:58:28.154+0000] {logging_mixin.py:188} INFO - [2024-04-23T17:58:28.153+0000] {dag.py:3096} INFO - Sync 1 DAGs
[2024-04-23T17:58:28.239+0000] {logging_mixin.py:188} INFO - [2024-04-23T17:58:28.238+0000] {dag.py:3954} INFO - Setting next_dagrun for hola_mundo to None, run_after=None
[2024-04-23T17:58:29.883+0000] {processor.py:183} INFO - Processing /opt/airflow/dags/P1.py took 17.375 seconds
[2024-04-23T17:59:04.710+0000] {processor.py:161} INFO - Started process (PID=130) to work on /opt/airflow/dags/P1.py
[2024-04-23T17:59:05.187+0000] {processor.py:830} INFO - Processing file /opt/airflow/dags/P1.py for tasks to queue
[2024-04-23T17:59:05.197+0000] {logging_mixin.py:188} INFO - [2024-04-23T17:59:05.196+0000] {dagbag.py:540} INFO - Filling up the DagBag from /opt/airflow/dags/P1.py
[2024-04-23T17:59:06.688+0000] {processor.py:840} INFO - DAG(s) 'hola_mundo' retrieved from /opt/airflow/dags/P1.py
[2024-04-23T17:59:06.720+0000] {logging_mixin.py:188} INFO - [2024-04-23T17:59:06.719+0000] {dag.py:3096} INFO - Sync 1 DAGs
[2024-04-23T17:59:06.736+0000] {logging_mixin.py:188} INFO - [2024-04-23T17:59:06.736+0000] {dag.py:3954} INFO - Setting next_dagrun for hola_mundo to None, run_after=None
[2024-04-23T17:59:10.276+0000] {processor.py:183} INFO - Processing /opt/airflow/dags/P1.py took 5.576 seconds
[2024-04-23T17:59:46.614+0000] {processor.py:161} INFO - Started process (PID=147) to work on /opt/airflow/dags/P1.py
[2024-04-23T17:59:46.736+0000] {processor.py:830} INFO - Processing file /opt/airflow/dags/P1.py for tasks to queue
[2024-04-23T17:59:46.767+0000] {logging_mixin.py:188} INFO - [2024-04-23T17:59:46.766+0000] {dagbag.py:540} INFO - Filling up the DagBag from /opt/airflow/dags/P1.py
[2024-04-23T17:59:58.033+0000] {processor.py:840} INFO - DAG(s) 'hola_mundo' retrieved from /opt/airflow/dags/P1.py
[2024-04-23T17:59:58.730+0000] {logging_mixin.py:188} INFO - [2024-04-23T17:59:58.729+0000] {dag.py:3096} INFO - Sync 1 DAGs
[2024-04-23T17:59:59.033+0000] {logging_mixin.py:188} INFO - [2024-04-23T17:59:59.033+0000] {dag.py:3954} INFO - Setting next_dagrun for hola_mundo to None, run_after=None
[2024-04-23T17:59:59.377+0000] {processor.py:183} INFO - Processing /opt/airflow/dags/P1.py took 12.846 seconds
[2024-04-23T18:00:31.747+0000] {processor.py:161} INFO - Started process (PID=171) to work on /opt/airflow/dags/P1.py
[2024-04-23T18:00:32.171+0000] {processor.py:830} INFO - Processing file /opt/airflow/dags/P1.py for tasks to queue
[2024-04-23T18:00:32.177+0000] {logging_mixin.py:188} INFO - [2024-04-23T18:00:32.175+0000] {dagbag.py:540} INFO - Filling up the DagBag from /opt/airflow/dags/P1.py
[2024-04-23T18:00:33.851+0000] {processor.py:840} INFO - DAG(s) 'hola_mundo' retrieved from /opt/airflow/dags/P1.py
[2024-04-23T18:00:34.072+0000] {logging_mixin.py:188} INFO - [2024-04-23T18:00:34.071+0000] {dag.py:3096} INFO - Sync 1 DAGs
[2024-04-23T18:00:34.104+0000] {logging_mixin.py:188} INFO - [2024-04-23T18:00:34.104+0000] {dag.py:3954} INFO - Setting next_dagrun for hola_mundo to None, run_after=None
[2024-04-23T18:00:35.505+0000] {processor.py:183} INFO - Processing /opt/airflow/dags/P1.py took 3.791 seconds
[2024-04-23T18:01:09.457+0000] {processor.py:161} INFO - Started process (PID=186) to work on /opt/airflow/dags/P1.py
[2024-04-23T18:01:09.459+0000] {processor.py:830} INFO - Processing file /opt/airflow/dags/P1.py for tasks to queue
[2024-04-23T18:01:09.471+0000] {logging_mixin.py:188} INFO - [2024-04-23T18:01:09.470+0000] {dagbag.py:540} INFO - Filling up the DagBag from /opt/airflow/dags/P1.py
[2024-04-23T18:01:14.070+0000] {processor.py:840} INFO - DAG(s) 'hola_mundo' retrieved from /opt/airflow/dags/P1.py
[2024-04-23T18:01:14.264+0000] {logging_mixin.py:188} INFO - [2024-04-23T18:01:14.252+0000] {dag.py:3096} INFO - Sync 1 DAGs
[2024-04-23T18:01:14.349+0000] {logging_mixin.py:188} INFO - [2024-04-23T18:01:14.348+0000] {dag.py:3954} INFO - Setting next_dagrun for hola_mundo to None, run_after=None
[2024-04-23T18:01:14.649+0000] {processor.py:183} INFO - Processing /opt/airflow/dags/P1.py took 5.253 seconds
[2024-04-23T18:01:54.536+0000] {processor.py:161} INFO - Started process (PID=201) to work on /opt/airflow/dags/P1.py
[2024-04-23T18:01:54.537+0000] {processor.py:830} INFO - Processing file /opt/airflow/dags/P1.py for tasks to queue
[2024-04-23T18:01:54.572+0000] {logging_mixin.py:188} INFO - [2024-04-23T18:01:54.571+0000] {dagbag.py:540} INFO - Filling up the DagBag from /opt/airflow/dags/P1.py
[2024-04-23T18:01:57.478+0000] {processor.py:840} INFO - DAG(s) 'hola_mundo' retrieved from /opt/airflow/dags/P1.py
[2024-04-23T18:01:58.038+0000] {logging_mixin.py:188} INFO - [2024-04-23T18:01:58.037+0000] {dag.py:3096} INFO - Sync 1 DAGs
[2024-04-23T18:01:58.098+0000] {logging_mixin.py:188} INFO - [2024-04-23T18:01:58.097+0000] {dag.py:3954} INFO - Setting next_dagrun for hola_mundo to None, run_after=None
[2024-04-23T18:02:02.104+0000] {processor.py:183} INFO - Processing /opt/airflow/dags/P1.py took 7.591 seconds
[2024-04-23T18:02:42.799+0000] {processor.py:161} INFO - Started process (PID=223) to work on /opt/airflow/dags/P1.py
[2024-04-23T18:02:42.802+0000] {processor.py:830} INFO - Processing file /opt/airflow/dags/P1.py for tasks to queue
[2024-04-23T18:02:42.805+0000] {logging_mixin.py:188} INFO - [2024-04-23T18:02:42.804+0000] {dagbag.py:540} INFO - Filling up the DagBag from /opt/airflow/dags/P1.py
[2024-04-23T18:02:48.258+0000] {processor.py:840} INFO - DAG(s) 'hola_mundo' retrieved from /opt/airflow/dags/P1.py
[2024-04-23T18:02:48.686+0000] {logging_mixin.py:188} INFO - [2024-04-23T18:02:48.685+0000] {dag.py:3096} INFO - Sync 1 DAGs
[2024-04-23T18:02:48.791+0000] {logging_mixin.py:188} INFO - [2024-04-23T18:02:48.791+0000] {dag.py:3954} INFO - Setting next_dagrun for hola_mundo to None, run_after=None
[2024-04-23T18:02:48.992+0000] {processor.py:183} INFO - Processing /opt/airflow/dags/P1.py took 6.236 seconds
[2024-04-23T18:03:19.988+0000] {processor.py:161} INFO - Started process (PID=240) to work on /opt/airflow/dags/P1.py
[2024-04-23T18:03:19.991+0000] {processor.py:830} INFO - Processing file /opt/airflow/dags/P1.py for tasks to queue
[2024-04-23T18:03:19.993+0000] {logging_mixin.py:188} INFO - [2024-04-23T18:03:19.992+0000] {dagbag.py:540} INFO - Filling up the DagBag from /opt/airflow/dags/P1.py
[2024-04-23T18:03:21.577+0000] {processor.py:840} INFO - DAG(s) 'hola_mundo' retrieved from /opt/airflow/dags/P1.py
[2024-04-23T18:03:21.698+0000] {logging_mixin.py:188} INFO - [2024-04-23T18:03:21.697+0000] {dag.py:3096} INFO - Sync 1 DAGs
[2024-04-23T18:03:21.778+0000] {logging_mixin.py:188} INFO - [2024-04-23T18:03:21.777+0000] {dag.py:3954} INFO - Setting next_dagrun for hola_mundo to None, run_after=None
[2024-04-23T18:03:22.535+0000] {processor.py:183} INFO - Processing /opt/airflow/dags/P1.py took 2.559 seconds
[2024-04-23T18:03:53.886+0000] {processor.py:161} INFO - Started process (PID=256) to work on /opt/airflow/dags/P1.py
[2024-04-23T18:03:53.893+0000] {processor.py:830} INFO - Processing file /opt/airflow/dags/P1.py for tasks to queue
[2024-04-23T18:03:53.911+0000] {logging_mixin.py:188} INFO - [2024-04-23T18:03:53.907+0000] {dagbag.py:540} INFO - Filling up the DagBag from /opt/airflow/dags/P1.py
[2024-04-23T18:03:56.205+0000] {processor.py:840} INFO - DAG(s) 'hola_mundo' retrieved from /opt/airflow/dags/P1.py
[2024-04-23T18:03:56.260+0000] {logging_mixin.py:188} INFO - [2024-04-23T18:03:56.259+0000] {dag.py:3096} INFO - Sync 1 DAGs
[2024-04-23T18:03:56.283+0000] {logging_mixin.py:188} INFO - [2024-04-23T18:03:56.283+0000] {dag.py:3954} INFO - Setting next_dagrun for hola_mundo to None, run_after=None
[2024-04-23T18:03:57.362+0000] {processor.py:183} INFO - Processing /opt/airflow/dags/P1.py took 3.494 seconds
[2024-04-23T18:04:29.094+0000] {processor.py:161} INFO - Started process (PID=272) to work on /opt/airflow/dags/P1.py
[2024-04-23T18:04:29.098+0000] {processor.py:830} INFO - Processing file /opt/airflow/dags/P1.py for tasks to queue
[2024-04-23T18:04:29.101+0000] {logging_mixin.py:188} INFO - [2024-04-23T18:04:29.100+0000] {dagbag.py:540} INFO - Filling up the DagBag from /opt/airflow/dags/P1.py
[2024-04-23T18:04:30.653+0000] {processor.py:840} INFO - DAG(s) 'hola_mundo' retrieved from /opt/airflow/dags/P1.py
[2024-04-23T18:04:30.687+0000] {logging_mixin.py:188} INFO - [2024-04-23T18:04:30.686+0000] {dag.py:3096} INFO - Sync 1 DAGs
[2024-04-23T18:04:30.707+0000] {logging_mixin.py:188} INFO - [2024-04-23T18:04:30.707+0000] {dag.py:3954} INFO - Setting next_dagrun for hola_mundo to None, run_after=None
[2024-04-23T18:04:30.874+0000] {processor.py:183} INFO - Processing /opt/airflow/dags/P1.py took 1.788 seconds
[2024-04-23T18:05:03.983+0000] {processor.py:161} INFO - Started process (PID=287) to work on /opt/airflow/dags/P1.py
[2024-04-23T18:05:04.006+0000] {processor.py:830} INFO - Processing file /opt/airflow/dags/P1.py for tasks to queue
[2024-04-23T18:05:04.025+0000] {logging_mixin.py:188} INFO - [2024-04-23T18:05:04.024+0000] {dagbag.py:540} INFO - Filling up the DagBag from /opt/airflow/dags/P1.py
[2024-04-23T18:05:06.796+0000] {processor.py:840} INFO - DAG(s) 'hola_mundo' retrieved from /opt/airflow/dags/P1.py
[2024-04-23T18:05:06.919+0000] {logging_mixin.py:188} INFO - [2024-04-23T18:05:06.918+0000] {dag.py:3096} INFO - Sync 1 DAGs
[2024-04-23T18:05:06.969+0000] {logging_mixin.py:188} INFO - [2024-04-23T18:05:06.968+0000] {dag.py:3954} INFO - Setting next_dagrun for hola_mundo to None, run_after=None
[2024-04-23T18:05:08.757+0000] {processor.py:183} INFO - Processing /opt/airflow/dags/P1.py took 4.796 seconds
[2024-04-23T18:05:40.986+0000] {processor.py:161} INFO - Started process (PID=308) to work on /opt/airflow/dags/P1.py
[2024-04-23T18:05:41.000+0000] {processor.py:830} INFO - Processing file /opt/airflow/dags/P1.py for tasks to queue
[2024-04-23T18:05:41.017+0000] {logging_mixin.py:188} INFO - [2024-04-23T18:05:41.016+0000] {dagbag.py:540} INFO - Filling up the DagBag from /opt/airflow/dags/P1.py
[2024-04-23T18:05:53.791+0000] {processor.py:840} INFO - DAG(s) 'hola_mundo' retrieved from /opt/airflow/dags/P1.py
[2024-04-23T18:05:54.046+0000] {logging_mixin.py:188} INFO - [2024-04-23T18:05:54.045+0000] {dag.py:3096} INFO - Sync 1 DAGs
[2024-04-23T18:05:54.133+0000] {logging_mixin.py:188} INFO - [2024-04-23T18:05:54.132+0000] {dag.py:3954} INFO - Setting next_dagrun for hola_mundo to None, run_after=None
[2024-04-23T18:05:54.997+0000] {processor.py:183} INFO - Processing /opt/airflow/dags/P1.py took 14.051 seconds
[2024-04-23T18:06:28.001+0000] {processor.py:161} INFO - Started process (PID=325) to work on /opt/airflow/dags/P1.py
[2024-04-23T18:06:28.003+0000] {processor.py:830} INFO - Processing file /opt/airflow/dags/P1.py for tasks to queue
[2024-04-23T18:06:28.005+0000] {logging_mixin.py:188} INFO - [2024-04-23T18:06:28.004+0000] {dagbag.py:540} INFO - Filling up the DagBag from /opt/airflow/dags/P1.py
[2024-04-23T18:06:33.985+0000] {processor.py:840} INFO - DAG(s) 'hola_mundo' retrieved from /opt/airflow/dags/P1.py
[2024-04-23T18:06:36.268+0000] {logging_mixin.py:188} INFO - [2024-04-23T18:06:36.266+0000] {dag.py:3096} INFO - Sync 1 DAGs
[2024-04-23T18:06:36.429+0000] {logging_mixin.py:188} INFO - [2024-04-23T18:06:36.428+0000] {dag.py:3954} INFO - Setting next_dagrun for hola_mundo to None, run_after=None
[2024-04-23T18:06:36.919+0000] {processor.py:183} INFO - Processing /opt/airflow/dags/P1.py took 8.966 seconds
[2024-04-23T18:07:10.395+0000] {processor.py:161} INFO - Started process (PID=348) to work on /opt/airflow/dags/P1.py
[2024-04-23T18:07:10.406+0000] {processor.py:830} INFO - Processing file /opt/airflow/dags/P1.py for tasks to queue
[2024-04-23T18:07:10.423+0000] {logging_mixin.py:188} INFO - [2024-04-23T18:07:10.422+0000] {dagbag.py:540} INFO - Filling up the DagBag from /opt/airflow/dags/P1.py
[2024-04-23T18:07:18.097+0000] {processor.py:840} INFO - DAG(s) 'hola_mundo' retrieved from /opt/airflow/dags/P1.py
[2024-04-23T18:07:18.231+0000] {logging_mixin.py:188} INFO - [2024-04-23T18:07:18.230+0000] {dag.py:3096} INFO - Sync 1 DAGs
[2024-04-23T18:07:18.274+0000] {logging_mixin.py:188} INFO - [2024-04-23T18:07:18.274+0000] {dag.py:3954} INFO - Setting next_dagrun for hola_mundo to None, run_after=None
[2024-04-23T18:07:28.571+0000] {processor.py:183} INFO - Processing /opt/airflow/dags/P1.py took 18.206 seconds
[2024-04-23T18:07:59.259+0000] {processor.py:161} INFO - Started process (PID=363) to work on /opt/airflow/dags/P1.py
[2024-04-23T18:07:59.263+0000] {processor.py:830} INFO - Processing file /opt/airflow/dags/P1.py for tasks to queue
[2024-04-23T18:07:59.265+0000] {logging_mixin.py:188} INFO - [2024-04-23T18:07:59.264+0000] {dagbag.py:540} INFO - Filling up the DagBag from /opt/airflow/dags/P1.py
[2024-04-23T18:08:00.977+0000] {processor.py:840} INFO - DAG(s) 'hola_mundo' retrieved from /opt/airflow/dags/P1.py
[2024-04-23T18:08:01.057+0000] {logging_mixin.py:188} INFO - [2024-04-23T18:08:01.056+0000] {dag.py:3096} INFO - Sync 1 DAGs
[2024-04-23T18:08:01.116+0000] {logging_mixin.py:188} INFO - [2024-04-23T18:08:01.108+0000] {dag.py:3954} INFO - Setting next_dagrun for hola_mundo to None, run_after=None
[2024-04-23T18:08:01.473+0000] {processor.py:183} INFO - Processing /opt/airflow/dags/P1.py took 2.248 seconds
[2024-04-23T18:08:31.827+0000] {processor.py:161} INFO - Started process (PID=380) to work on /opt/airflow/dags/P1.py
[2024-04-23T18:08:31.834+0000] {processor.py:830} INFO - Processing file /opt/airflow/dags/P1.py for tasks to queue
[2024-04-23T18:08:31.836+0000] {logging_mixin.py:188} INFO - [2024-04-23T18:08:31.835+0000] {dagbag.py:540} INFO - Filling up the DagBag from /opt/airflow/dags/P1.py
[2024-04-23T18:08:34.389+0000] {processor.py:840} INFO - DAG(s) 'hola_mundo' retrieved from /opt/airflow/dags/P1.py
[2024-04-23T18:08:34.537+0000] {logging_mixin.py:188} INFO - [2024-04-23T18:08:34.536+0000] {dag.py:3096} INFO - Sync 1 DAGs
[2024-04-23T18:08:34.592+0000] {logging_mixin.py:188} INFO - [2024-04-23T18:08:34.592+0000] {dag.py:3954} INFO - Setting next_dagrun for hola_mundo to None, run_after=None
[2024-04-23T18:08:34.652+0000] {processor.py:183} INFO - Processing /opt/airflow/dags/P1.py took 2.835 seconds
[2024-04-23T18:09:05.814+0000] {processor.py:161} INFO - Started process (PID=397) to work on /opt/airflow/dags/P1.py
[2024-04-23T18:09:05.820+0000] {processor.py:830} INFO - Processing file /opt/airflow/dags/P1.py for tasks to queue
[2024-04-23T18:09:05.823+0000] {logging_mixin.py:188} INFO - [2024-04-23T18:09:05.823+0000] {dagbag.py:540} INFO - Filling up the DagBag from /opt/airflow/dags/P1.py
[2024-04-23T18:09:07.397+0000] {processor.py:840} INFO - DAG(s) 'hola_mundo' retrieved from /opt/airflow/dags/P1.py
[2024-04-23T18:09:07.454+0000] {logging_mixin.py:188} INFO - [2024-04-23T18:09:07.453+0000] {dag.py:3096} INFO - Sync 1 DAGs
[2024-04-23T18:09:07.503+0000] {logging_mixin.py:188} INFO - [2024-04-23T18:09:07.503+0000] {dag.py:3954} INFO - Setting next_dagrun for hola_mundo to None, run_after=None
[2024-04-23T18:09:09.028+0000] {processor.py:183} INFO - Processing /opt/airflow/dags/P1.py took 3.238 seconds
[2024-04-23T18:09:39.490+0000] {processor.py:161} INFO - Started process (PID=419) to work on /opt/airflow/dags/P1.py
[2024-04-23T18:09:39.501+0000] {processor.py:830} INFO - Processing file /opt/airflow/dags/P1.py for tasks to queue
[2024-04-23T18:09:39.514+0000] {logging_mixin.py:188} INFO - [2024-04-23T18:09:39.511+0000] {dagbag.py:540} INFO - Filling up the DagBag from /opt/airflow/dags/P1.py
[2024-04-23T18:09:43.381+0000] {processor.py:840} INFO - DAG(s) 'hola_mundo' retrieved from /opt/airflow/dags/P1.py
[2024-04-23T18:09:43.922+0000] {logging_mixin.py:188} INFO - [2024-04-23T18:09:43.921+0000] {dag.py:3096} INFO - Sync 1 DAGs
[2024-04-23T18:09:44.043+0000] {logging_mixin.py:188} INFO - [2024-04-23T18:09:44.043+0000] {dag.py:3954} INFO - Setting next_dagrun for hola_mundo to None, run_after=None
[2024-04-23T18:09:44.275+0000] {processor.py:183} INFO - Processing /opt/airflow/dags/P1.py took 4.833 seconds
[2024-04-23T18:10:14.755+0000] {processor.py:161} INFO - Started process (PID=436) to work on /opt/airflow/dags/P1.py
[2024-04-23T18:10:14.764+0000] {processor.py:830} INFO - Processing file /opt/airflow/dags/P1.py for tasks to queue
[2024-04-23T18:10:14.766+0000] {logging_mixin.py:188} INFO - [2024-04-23T18:10:14.765+0000] {dagbag.py:540} INFO - Filling up the DagBag from /opt/airflow/dags/P1.py
[2024-04-23T18:10:17.256+0000] {processor.py:840} INFO - DAG(s) 'hola_mundo' retrieved from /opt/airflow/dags/P1.py
[2024-04-23T18:10:17.484+0000] {logging_mixin.py:188} INFO - [2024-04-23T18:10:17.483+0000] {dag.py:3096} INFO - Sync 1 DAGs
[2024-04-23T18:10:17.538+0000] {logging_mixin.py:188} INFO - [2024-04-23T18:10:17.538+0000] {dag.py:3954} INFO - Setting next_dagrun for hola_mundo to None, run_after=None
[2024-04-23T18:10:19.281+0000] {processor.py:183} INFO - Processing /opt/airflow/dags/P1.py took 4.560 seconds
[2024-04-23T18:10:49.940+0000] {processor.py:161} INFO - Started process (PID=454) to work on /opt/airflow/dags/P1.py
[2024-04-23T18:10:49.971+0000] {processor.py:830} INFO - Processing file /opt/airflow/dags/P1.py for tasks to queue
[2024-04-23T18:10:49.974+0000] {logging_mixin.py:188} INFO - [2024-04-23T18:10:49.973+0000] {dagbag.py:540} INFO - Filling up the DagBag from /opt/airflow/dags/P1.py
[2024-04-23T18:10:51.599+0000] {processor.py:840} INFO - DAG(s) 'hola_mundo' retrieved from /opt/airflow/dags/P1.py
[2024-04-23T18:10:51.670+0000] {logging_mixin.py:188} INFO - [2024-04-23T18:10:51.670+0000] {dag.py:3096} INFO - Sync 1 DAGs
[2024-04-23T18:10:51.692+0000] {logging_mixin.py:188} INFO - [2024-04-23T18:10:51.691+0000] {dag.py:3954} INFO - Setting next_dagrun for hola_mundo to None, run_after=None
[2024-04-23T18:10:51.724+0000] {processor.py:183} INFO - Processing /opt/airflow/dags/P1.py took 1.817 seconds
[2024-04-23T18:11:23.783+0000] {processor.py:161} INFO - Started process (PID=470) to work on /opt/airflow/dags/P1.py
[2024-04-23T18:11:23.978+0000] {processor.py:830} INFO - Processing file /opt/airflow/dags/P1.py for tasks to queue
[2024-04-23T18:11:23.981+0000] {logging_mixin.py:188} INFO - [2024-04-23T18:11:23.980+0000] {dagbag.py:540} INFO - Filling up the DagBag from /opt/airflow/dags/P1.py
[2024-04-23T18:11:26.866+0000] {processor.py:840} INFO - DAG(s) 'hola_mundo' retrieved from /opt/airflow/dags/P1.py
[2024-04-23T18:11:26.972+0000] {logging_mixin.py:188} INFO - [2024-04-23T18:11:26.971+0000] {dag.py:3096} INFO - Sync 1 DAGs
[2024-04-23T18:11:27.019+0000] {logging_mixin.py:188} INFO - [2024-04-23T18:11:27.018+0000] {dag.py:3954} INFO - Setting next_dagrun for hola_mundo to None, run_after=None
[2024-04-23T18:11:27.681+0000] {processor.py:183} INFO - Processing /opt/airflow/dags/P1.py took 3.913 seconds
[2024-04-23T18:11:59.134+0000] {processor.py:161} INFO - Started process (PID=485) to work on /opt/airflow/dags/P1.py
[2024-04-23T18:11:59.157+0000] {processor.py:830} INFO - Processing file /opt/airflow/dags/P1.py for tasks to queue
[2024-04-23T18:11:59.174+0000] {logging_mixin.py:188} INFO - [2024-04-23T18:11:59.173+0000] {dagbag.py:540} INFO - Filling up the DagBag from /opt/airflow/dags/P1.py
[2024-04-23T18:12:01.120+0000] {processor.py:840} INFO - DAG(s) 'hola_mundo' retrieved from /opt/airflow/dags/P1.py
[2024-04-23T18:12:01.169+0000] {logging_mixin.py:188} INFO - [2024-04-23T18:12:01.168+0000] {dag.py:3096} INFO - Sync 1 DAGs
[2024-04-23T18:12:01.215+0000] {logging_mixin.py:188} INFO - [2024-04-23T18:12:01.215+0000] {dag.py:3954} INFO - Setting next_dagrun for hola_mundo to None, run_after=None
[2024-04-23T18:12:01.253+0000] {processor.py:183} INFO - Processing /opt/airflow/dags/P1.py took 2.134 seconds
[2024-04-23T18:12:32.041+0000] {processor.py:161} INFO - Started process (PID=501) to work on /opt/airflow/dags/P1.py
[2024-04-23T18:12:32.043+0000] {processor.py:830} INFO - Processing file /opt/airflow/dags/P1.py for tasks to queue
[2024-04-23T18:12:32.054+0000] {logging_mixin.py:188} INFO - [2024-04-23T18:12:32.053+0000] {dagbag.py:540} INFO - Filling up the DagBag from /opt/airflow/dags/P1.py
[2024-04-23T18:12:33.746+0000] {processor.py:840} INFO - DAG(s) 'hola_mundo' retrieved from /opt/airflow/dags/P1.py
[2024-04-23T18:12:33.796+0000] {logging_mixin.py:188} INFO - [2024-04-23T18:12:33.796+0000] {dag.py:3096} INFO - Sync 1 DAGs
[2024-04-23T18:12:33.823+0000] {logging_mixin.py:188} INFO - [2024-04-23T18:12:33.822+0000] {dag.py:3954} INFO - Setting next_dagrun for hola_mundo to None, run_after=None
[2024-04-23T18:12:35.353+0000] {processor.py:183} INFO - Processing /opt/airflow/dags/P1.py took 3.333 seconds
[2024-04-23T18:13:06.058+0000] {processor.py:161} INFO - Started process (PID=517) to work on /opt/airflow/dags/P1.py
[2024-04-23T18:13:06.062+0000] {processor.py:830} INFO - Processing file /opt/airflow/dags/P1.py for tasks to queue
[2024-04-23T18:13:06.073+0000] {logging_mixin.py:188} INFO - [2024-04-23T18:13:06.072+0000] {dagbag.py:540} INFO - Filling up the DagBag from /opt/airflow/dags/P1.py
[2024-04-23T18:13:08.730+0000] {processor.py:840} INFO - DAG(s) 'hola_mundo' retrieved from /opt/airflow/dags/P1.py
[2024-04-23T18:13:08.758+0000] {logging_mixin.py:188} INFO - [2024-04-23T18:13:08.757+0000] {dag.py:3096} INFO - Sync 1 DAGs
[2024-04-23T18:13:08.798+0000] {logging_mixin.py:188} INFO - [2024-04-23T18:13:08.798+0000] {dag.py:3954} INFO - Setting next_dagrun for hola_mundo to None, run_after=None
[2024-04-23T18:13:09.705+0000] {processor.py:183} INFO - Processing /opt/airflow/dags/P1.py took 3.677 seconds
[2024-04-23T18:13:40.241+0000] {processor.py:161} INFO - Started process (PID=533) to work on /opt/airflow/dags/P1.py
[2024-04-23T18:13:40.253+0000] {processor.py:830} INFO - Processing file /opt/airflow/dags/P1.py for tasks to queue
[2024-04-23T18:13:40.268+0000] {logging_mixin.py:188} INFO - [2024-04-23T18:13:40.267+0000] {dagbag.py:540} INFO - Filling up the DagBag from /opt/airflow/dags/P1.py
[2024-04-23T18:13:43.984+0000] {processor.py:840} INFO - DAG(s) 'hola_mundo' retrieved from /opt/airflow/dags/P1.py
[2024-04-23T18:13:44.095+0000] {logging_mixin.py:188} INFO - [2024-04-23T18:13:44.095+0000] {dag.py:3096} INFO - Sync 1 DAGs
[2024-04-23T18:13:44.160+0000] {logging_mixin.py:188} INFO - [2024-04-23T18:13:44.159+0000] {dag.py:3954} INFO - Setting next_dagrun for hola_mundo to None, run_after=None
[2024-04-23T18:13:45.827+0000] {processor.py:183} INFO - Processing /opt/airflow/dags/P1.py took 5.685 seconds
[2024-04-23T18:14:16.980+0000] {processor.py:161} INFO - Started process (PID=555) to work on /opt/airflow/dags/P1.py
[2024-04-23T18:14:16.983+0000] {processor.py:830} INFO - Processing file /opt/airflow/dags/P1.py for tasks to queue
[2024-04-23T18:14:16.995+0000] {logging_mixin.py:188} INFO - [2024-04-23T18:14:16.985+0000] {dagbag.py:540} INFO - Filling up the DagBag from /opt/airflow/dags/P1.py
[2024-04-23T18:14:35.571+0000] {processor.py:840} INFO - DAG(s) 'hola_mundo' retrieved from /opt/airflow/dags/P1.py
[2024-04-23T18:14:35.661+0000] {logging_mixin.py:188} INFO - [2024-04-23T18:14:35.660+0000] {dag.py:3096} INFO - Sync 1 DAGs
[2024-04-23T18:14:35.705+0000] {logging_mixin.py:188} INFO - [2024-04-23T18:14:35.705+0000] {dag.py:3954} INFO - Setting next_dagrun for hola_mundo to None, run_after=None
[2024-04-23T18:14:36.192+0000] {processor.py:183} INFO - Processing /opt/airflow/dags/P1.py took 19.252 seconds
[2024-04-23T18:15:06.712+0000] {processor.py:161} INFO - Started process (PID=574) to work on /opt/airflow/dags/P1.py
[2024-04-23T18:15:06.714+0000] {processor.py:830} INFO - Processing file /opt/airflow/dags/P1.py for tasks to queue
[2024-04-23T18:15:06.724+0000] {logging_mixin.py:188} INFO - [2024-04-23T18:15:06.715+0000] {dagbag.py:540} INFO - Filling up the DagBag from /opt/airflow/dags/P1.py
[2024-04-23T18:15:09.895+0000] {processor.py:840} INFO - DAG(s) 'hola_mundo' retrieved from /opt/airflow/dags/P1.py
[2024-04-23T18:15:09.991+0000] {logging_mixin.py:188} INFO - [2024-04-23T18:15:09.980+0000] {dag.py:3096} INFO - Sync 1 DAGs
[2024-04-23T18:15:10.056+0000] {logging_mixin.py:188} INFO - [2024-04-23T18:15:10.055+0000] {dag.py:3954} INFO - Setting next_dagrun for hola_mundo to None, run_after=None
[2024-04-23T18:15:10.123+0000] {processor.py:183} INFO - Processing /opt/airflow/dags/P1.py took 3.436 seconds
[2024-04-23T18:15:41.028+0000] {processor.py:161} INFO - Started process (PID=590) to work on /opt/airflow/dags/P1.py
[2024-04-23T18:15:41.033+0000] {processor.py:830} INFO - Processing file /opt/airflow/dags/P1.py for tasks to queue
[2024-04-23T18:15:41.036+0000] {logging_mixin.py:188} INFO - [2024-04-23T18:15:41.036+0000] {dagbag.py:540} INFO - Filling up the DagBag from /opt/airflow/dags/P1.py
[2024-04-23T18:15:45.671+0000] {processor.py:840} INFO - DAG(s) 'hola_mundo' retrieved from /opt/airflow/dags/P1.py
[2024-04-23T18:15:45.910+0000] {logging_mixin.py:188} INFO - [2024-04-23T18:15:45.909+0000] {dag.py:3096} INFO - Sync 1 DAGs
[2024-04-23T18:15:45.991+0000] {logging_mixin.py:188} INFO - [2024-04-23T18:15:45.990+0000] {dag.py:3954} INFO - Setting next_dagrun for hola_mundo to None, run_after=None
[2024-04-23T18:15:46.128+0000] {processor.py:183} INFO - Processing /opt/airflow/dags/P1.py took 5.116 seconds
[2024-04-23T18:16:25.787+0000] {processor.py:161} INFO - Started process (PID=613) to work on /opt/airflow/dags/P1.py
[2024-04-23T18:16:25.811+0000] {processor.py:830} INFO - Processing file /opt/airflow/dags/P1.py for tasks to queue
[2024-04-23T18:16:25.815+0000] {logging_mixin.py:188} INFO - [2024-04-23T18:16:25.814+0000] {dagbag.py:540} INFO - Filling up the DagBag from /opt/airflow/dags/P1.py
[2024-04-23T18:16:30.363+0000] {processor.py:840} INFO - DAG(s) 'hola_mundo' retrieved from /opt/airflow/dags/P1.py
[2024-04-23T18:16:30.506+0000] {logging_mixin.py:188} INFO - [2024-04-23T18:16:30.505+0000] {dag.py:3096} INFO - Sync 1 DAGs
[2024-04-23T18:16:30.658+0000] {logging_mixin.py:188} INFO - [2024-04-23T18:16:30.657+0000] {dag.py:3954} INFO - Setting next_dagrun for hola_mundo to None, run_after=None
[2024-04-23T18:16:31.007+0000] {processor.py:183} INFO - Processing /opt/airflow/dags/P1.py took 5.266 seconds
[2024-04-23T18:17:01.797+0000] {processor.py:161} INFO - Started process (PID=631) to work on /opt/airflow/dags/P1.py
[2024-04-23T18:17:01.811+0000] {processor.py:830} INFO - Processing file /opt/airflow/dags/P1.py for tasks to queue
[2024-04-23T18:17:01.828+0000] {logging_mixin.py:188} INFO - [2024-04-23T18:17:01.827+0000] {dagbag.py:540} INFO - Filling up the DagBag from /opt/airflow/dags/P1.py
[2024-04-23T18:17:05.491+0000] {processor.py:840} INFO - DAG(s) 'hola_mundo' retrieved from /opt/airflow/dags/P1.py
[2024-04-23T18:17:05.567+0000] {logging_mixin.py:188} INFO - [2024-04-23T18:17:05.566+0000] {dag.py:3096} INFO - Sync 1 DAGs
[2024-04-23T18:17:05.635+0000] {logging_mixin.py:188} INFO - [2024-04-23T18:17:05.635+0000] {dag.py:3954} INFO - Setting next_dagrun for hola_mundo to None, run_after=None
[2024-04-23T18:17:06.238+0000] {processor.py:183} INFO - Processing /opt/airflow/dags/P1.py took 4.464 seconds
[2024-04-23T18:17:36.859+0000] {processor.py:161} INFO - Started process (PID=647) to work on /opt/airflow/dags/P1.py
[2024-04-23T18:17:36.890+0000] {processor.py:830} INFO - Processing file /opt/airflow/dags/P1.py for tasks to queue
[2024-04-23T18:17:36.918+0000] {logging_mixin.py:188} INFO - [2024-04-23T18:17:36.913+0000] {dagbag.py:540} INFO - Filling up the DagBag from /opt/airflow/dags/P1.py
[2024-04-23T18:17:40.672+0000] {processor.py:840} INFO - DAG(s) 'hola_mundo' retrieved from /opt/airflow/dags/P1.py
[2024-04-23T18:17:40.789+0000] {logging_mixin.py:188} INFO - [2024-04-23T18:17:40.788+0000] {dag.py:3096} INFO - Sync 1 DAGs
[2024-04-23T18:17:40.859+0000] {logging_mixin.py:188} INFO - [2024-04-23T18:17:40.858+0000] {dag.py:3954} INFO - Setting next_dagrun for hola_mundo to None, run_after=None
[2024-04-23T18:17:40.974+0000] {processor.py:183} INFO - Processing /opt/airflow/dags/P1.py took 4.145 seconds
[2024-04-23T18:18:12.206+0000] {processor.py:161} INFO - Started process (PID=662) to work on /opt/airflow/dags/P1.py
[2024-04-23T18:18:12.236+0000] {processor.py:830} INFO - Processing file /opt/airflow/dags/P1.py for tasks to queue
[2024-04-23T18:18:12.266+0000] {logging_mixin.py:188} INFO - [2024-04-23T18:18:12.265+0000] {dagbag.py:540} INFO - Filling up the DagBag from /opt/airflow/dags/P1.py
[2024-04-23T18:18:16.342+0000] {processor.py:840} INFO - DAG(s) 'hola_mundo' retrieved from /opt/airflow/dags/P1.py
[2024-04-23T18:18:16.493+0000] {logging_mixin.py:188} INFO - [2024-04-23T18:18:16.492+0000] {dag.py:3096} INFO - Sync 1 DAGs
[2024-04-23T18:18:16.590+0000] {logging_mixin.py:188} INFO - [2024-04-23T18:18:16.590+0000] {dag.py:3954} INFO - Setting next_dagrun for hola_mundo to None, run_after=None
[2024-04-23T18:18:16.863+0000] {processor.py:183} INFO - Processing /opt/airflow/dags/P1.py took 4.695 seconds
[2024-04-23T18:18:47.685+0000] {processor.py:161} INFO - Started process (PID=679) to work on /opt/airflow/dags/P1.py
[2024-04-23T18:18:47.734+0000] {processor.py:830} INFO - Processing file /opt/airflow/dags/P1.py for tasks to queue
[2024-04-23T18:18:47.736+0000] {logging_mixin.py:188} INFO - [2024-04-23T18:18:47.736+0000] {dagbag.py:540} INFO - Filling up the DagBag from /opt/airflow/dags/P1.py
[2024-04-23T18:18:50.349+0000] {processor.py:840} INFO - DAG(s) 'hola_mundo' retrieved from /opt/airflow/dags/P1.py
[2024-04-23T18:18:50.447+0000] {logging_mixin.py:188} INFO - [2024-04-23T18:18:50.446+0000] {dag.py:3096} INFO - Sync 1 DAGs
[2024-04-23T18:18:50.508+0000] {logging_mixin.py:188} INFO - [2024-04-23T18:18:50.508+0000] {dag.py:3954} INFO - Setting next_dagrun for hola_mundo to None, run_after=None
[2024-04-23T18:18:50.595+0000] {processor.py:183} INFO - Processing /opt/airflow/dags/P1.py took 2.951 seconds
[2024-04-23T18:19:23.371+0000] {processor.py:161} INFO - Started process (PID=694) to work on /opt/airflow/dags/P1.py
[2024-04-23T18:19:23.388+0000] {processor.py:830} INFO - Processing file /opt/airflow/dags/P1.py for tasks to queue
[2024-04-23T18:19:23.399+0000] {logging_mixin.py:188} INFO - [2024-04-23T18:19:23.398+0000] {dagbag.py:540} INFO - Filling up the DagBag from /opt/airflow/dags/P1.py
[2024-04-23T18:19:26.808+0000] {processor.py:840} INFO - DAG(s) 'hola_mundo' retrieved from /opt/airflow/dags/P1.py
[2024-04-23T18:19:26.964+0000] {logging_mixin.py:188} INFO - [2024-04-23T18:19:26.963+0000] {dag.py:3096} INFO - Sync 1 DAGs
[2024-04-23T18:19:27.039+0000] {logging_mixin.py:188} INFO - [2024-04-23T18:19:27.039+0000] {dag.py:3954} INFO - Setting next_dagrun for hola_mundo to None, run_after=None
[2024-04-23T18:19:27.134+0000] {processor.py:183} INFO - Processing /opt/airflow/dags/P1.py took 3.791 seconds
[2024-04-23T18:19:57.437+0000] {processor.py:161} INFO - Started process (PID=716) to work on /opt/airflow/dags/P1.py
[2024-04-23T18:19:57.444+0000] {processor.py:830} INFO - Processing file /opt/airflow/dags/P1.py for tasks to queue
[2024-04-23T18:19:57.446+0000] {logging_mixin.py:188} INFO - [2024-04-23T18:19:57.445+0000] {dagbag.py:540} INFO - Filling up the DagBag from /opt/airflow/dags/P1.py
[2024-04-23T18:20:00.806+0000] {processor.py:840} INFO - DAG(s) 'hola_mundo' retrieved from /opt/airflow/dags/P1.py
[2024-04-23T18:20:00.990+0000] {logging_mixin.py:188} INFO - [2024-04-23T18:20:00.989+0000] {dag.py:3096} INFO - Sync 1 DAGs
[2024-04-23T18:20:01.086+0000] {logging_mixin.py:188} INFO - [2024-04-23T18:20:01.086+0000] {dag.py:3954} INFO - Setting next_dagrun for hola_mundo to None, run_after=None
[2024-04-23T18:20:04.235+0000] {processor.py:183} INFO - Processing /opt/airflow/dags/P1.py took 6.831 seconds
[2024-04-23T18:20:36.591+0000] {processor.py:161} INFO - Started process (PID=732) to work on /opt/airflow/dags/P1.py
[2024-04-23T18:20:36.593+0000] {processor.py:830} INFO - Processing file /opt/airflow/dags/P1.py for tasks to queue
[2024-04-23T18:20:36.606+0000] {logging_mixin.py:188} INFO - [2024-04-23T18:20:36.605+0000] {dagbag.py:540} INFO - Filling up the DagBag from /opt/airflow/dags/P1.py
[2024-04-23T18:20:39.875+0000] {processor.py:840} INFO - DAG(s) 'hola_mundo' retrieved from /opt/airflow/dags/P1.py
[2024-04-23T18:20:39.986+0000] {logging_mixin.py:188} INFO - [2024-04-23T18:20:39.985+0000] {dag.py:3096} INFO - Sync 1 DAGs
[2024-04-23T18:20:40.064+0000] {logging_mixin.py:188} INFO - [2024-04-23T18:20:40.063+0000] {dag.py:3954} INFO - Setting next_dagrun for hola_mundo to None, run_after=None
[2024-04-23T18:20:45.750+0000] {processor.py:183} INFO - Processing /opt/airflow/dags/P1.py took 9.182 seconds
[2024-04-23T18:21:16.706+0000] {processor.py:161} INFO - Started process (PID=747) to work on /opt/airflow/dags/P1.py
[2024-04-23T18:21:16.715+0000] {processor.py:830} INFO - Processing file /opt/airflow/dags/P1.py for tasks to queue
[2024-04-23T18:21:16.720+0000] {logging_mixin.py:188} INFO - [2024-04-23T18:21:16.719+0000] {dagbag.py:540} INFO - Filling up the DagBag from /opt/airflow/dags/P1.py
[2024-04-23T18:21:19.862+0000] {processor.py:840} INFO - DAG(s) 'hola_mundo' retrieved from /opt/airflow/dags/P1.py
[2024-04-23T18:21:20.011+0000] {logging_mixin.py:188} INFO - [2024-04-23T18:21:20.011+0000] {dag.py:3096} INFO - Sync 1 DAGs
[2024-04-23T18:21:20.519+0000] {logging_mixin.py:188} INFO - [2024-04-23T18:21:20.518+0000] {dag.py:3954} INFO - Setting next_dagrun for hola_mundo to None, run_after=None
[2024-04-23T18:21:22.334+0000] {processor.py:183} INFO - Processing /opt/airflow/dags/P1.py took 5.656 seconds
[2024-04-23T18:21:53.713+0000] {processor.py:161} INFO - Started process (PID=764) to work on /opt/airflow/dags/P1.py
[2024-04-23T18:21:53.723+0000] {processor.py:830} INFO - Processing file /opt/airflow/dags/P1.py for tasks to queue
[2024-04-23T18:21:53.740+0000] {logging_mixin.py:188} INFO - [2024-04-23T18:21:53.739+0000] {dagbag.py:540} INFO - Filling up the DagBag from /opt/airflow/dags/P1.py
[2024-04-23T18:21:57.522+0000] {processor.py:840} INFO - DAG(s) 'hola_mundo' retrieved from /opt/airflow/dags/P1.py
[2024-04-23T18:21:57.615+0000] {logging_mixin.py:188} INFO - [2024-04-23T18:21:57.614+0000] {dag.py:3096} INFO - Sync 1 DAGs
[2024-04-23T18:21:57.713+0000] {logging_mixin.py:188} INFO - [2024-04-23T18:21:57.713+0000] {dag.py:3954} INFO - Setting next_dagrun for hola_mundo to None, run_after=None
[2024-04-23T18:21:58.353+0000] {processor.py:183} INFO - Processing /opt/airflow/dags/P1.py took 4.915 seconds
[2024-04-23T18:22:29.435+0000] {processor.py:161} INFO - Started process (PID=788) to work on /opt/airflow/dags/P1.py
[2024-04-23T18:22:29.449+0000] {processor.py:830} INFO - Processing file /opt/airflow/dags/P1.py for tasks to queue
[2024-04-23T18:22:29.458+0000] {logging_mixin.py:188} INFO - [2024-04-23T18:22:29.457+0000] {dagbag.py:540} INFO - Filling up the DagBag from /opt/airflow/dags/P1.py
[2024-04-23T18:22:37.719+0000] {processor.py:840} INFO - DAG(s) 'hola_mundo' retrieved from /opt/airflow/dags/P1.py
[2024-04-23T18:22:37.759+0000] {logging_mixin.py:188} INFO - [2024-04-23T18:22:37.758+0000] {dag.py:3096} INFO - Sync 1 DAGs
[2024-04-23T18:22:37.780+0000] {logging_mixin.py:188} INFO - [2024-04-23T18:22:37.780+0000] {dag.py:3954} INFO - Setting next_dagrun for hola_mundo to None, run_after=None
[2024-04-23T18:22:40.798+0000] {processor.py:183} INFO - Processing /opt/airflow/dags/P1.py took 11.380 seconds
[2024-04-23T18:23:11.526+0000] {processor.py:161} INFO - Started process (PID=804) to work on /opt/airflow/dags/P1.py
[2024-04-23T18:23:11.663+0000] {processor.py:830} INFO - Processing file /opt/airflow/dags/P1.py for tasks to queue
[2024-04-23T18:23:11.665+0000] {logging_mixin.py:188} INFO - [2024-04-23T18:23:11.664+0000] {dagbag.py:540} INFO - Filling up the DagBag from /opt/airflow/dags/P1.py
[2024-04-23T18:23:17.767+0000] {processor.py:840} INFO - DAG(s) 'hola_mundo' retrieved from /opt/airflow/dags/P1.py
[2024-04-23T18:23:17.880+0000] {logging_mixin.py:188} INFO - [2024-04-23T18:23:17.870+0000] {dag.py:3096} INFO - Sync 1 DAGs
[2024-04-23T18:23:17.931+0000] {logging_mixin.py:188} INFO - [2024-04-23T18:23:17.931+0000] {dag.py:3954} INFO - Setting next_dagrun for hola_mundo to None, run_after=None
[2024-04-23T18:23:20.231+0000] {processor.py:183} INFO - Processing /opt/airflow/dags/P1.py took 8.977 seconds
[2024-04-23T18:23:51.465+0000] {processor.py:161} INFO - Started process (PID=820) to work on /opt/airflow/dags/P1.py
[2024-04-23T18:23:51.520+0000] {processor.py:830} INFO - Processing file /opt/airflow/dags/P1.py for tasks to queue
[2024-04-23T18:23:51.528+0000] {logging_mixin.py:188} INFO - [2024-04-23T18:23:51.527+0000] {dagbag.py:540} INFO - Filling up the DagBag from /opt/airflow/dags/P1.py
[2024-04-23T18:23:55.372+0000] {processor.py:840} INFO - DAG(s) 'hola_mundo' retrieved from /opt/airflow/dags/P1.py
[2024-04-23T18:23:55.567+0000] {logging_mixin.py:188} INFO - [2024-04-23T18:23:55.566+0000] {dag.py:3096} INFO - Sync 1 DAGs
[2024-04-23T18:23:55.744+0000] {logging_mixin.py:188} INFO - [2024-04-23T18:23:55.744+0000] {dag.py:3954} INFO - Setting next_dagrun for hola_mundo to None, run_after=None
[2024-04-23T18:23:56.300+0000] {processor.py:183} INFO - Processing /opt/airflow/dags/P1.py took 4.856 seconds
[2024-04-23T18:24:26.904+0000] {processor.py:161} INFO - Started process (PID=838) to work on /opt/airflow/dags/P1.py
[2024-04-23T18:24:26.907+0000] {processor.py:830} INFO - Processing file /opt/airflow/dags/P1.py for tasks to queue
[2024-04-23T18:24:26.917+0000] {logging_mixin.py:188} INFO - [2024-04-23T18:24:26.916+0000] {dagbag.py:540} INFO - Filling up the DagBag from /opt/airflow/dags/P1.py
[2024-04-23T18:24:29.357+0000] {processor.py:840} INFO - DAG(s) 'hola_mundo' retrieved from /opt/airflow/dags/P1.py
[2024-04-23T18:24:29.503+0000] {logging_mixin.py:188} INFO - [2024-04-23T18:24:29.502+0000] {dag.py:3096} INFO - Sync 1 DAGs
[2024-04-23T18:24:29.555+0000] {logging_mixin.py:188} INFO - [2024-04-23T18:24:29.554+0000] {dag.py:3954} INFO - Setting next_dagrun for hola_mundo to None, run_after=None
[2024-04-23T18:24:29.646+0000] {processor.py:183} INFO - Processing /opt/airflow/dags/P1.py took 2.773 seconds
[2024-04-23T18:25:01.009+0000] {processor.py:161} INFO - Started process (PID=861) to work on /opt/airflow/dags/P1.py
[2024-04-23T18:25:01.039+0000] {processor.py:830} INFO - Processing file /opt/airflow/dags/P1.py for tasks to queue
[2024-04-23T18:25:01.056+0000] {logging_mixin.py:188} INFO - [2024-04-23T18:25:01.055+0000] {dagbag.py:540} INFO - Filling up the DagBag from /opt/airflow/dags/P1.py
[2024-04-23T18:25:06.383+0000] {processor.py:840} INFO - DAG(s) 'hola_mundo' retrieved from /opt/airflow/dags/P1.py
[2024-04-23T18:25:06.520+0000] {logging_mixin.py:188} INFO - [2024-04-23T18:25:06.520+0000] {dag.py:3096} INFO - Sync 1 DAGs
[2024-04-23T18:25:06.583+0000] {logging_mixin.py:188} INFO - [2024-04-23T18:25:06.583+0000] {dag.py:3954} INFO - Setting next_dagrun for hola_mundo to None, run_after=None
[2024-04-23T18:25:06.665+0000] {processor.py:183} INFO - Processing /opt/airflow/dags/P1.py took 5.679 seconds
[2024-04-23T18:25:37.872+0000] {processor.py:161} INFO - Started process (PID=878) to work on /opt/airflow/dags/P1.py
[2024-04-23T18:25:37.885+0000] {processor.py:830} INFO - Processing file /opt/airflow/dags/P1.py for tasks to queue
[2024-04-23T18:25:37.887+0000] {logging_mixin.py:188} INFO - [2024-04-23T18:25:37.886+0000] {dagbag.py:540} INFO - Filling up the DagBag from /opt/airflow/dags/P1.py
[2024-04-23T18:25:44.692+0000] {processor.py:840} INFO - DAG(s) 'hola_mundo' retrieved from /opt/airflow/dags/P1.py
[2024-04-23T18:25:44.771+0000] {logging_mixin.py:188} INFO - [2024-04-23T18:25:44.770+0000] {dag.py:3096} INFO - Sync 1 DAGs
[2024-04-23T18:25:44.825+0000] {logging_mixin.py:188} INFO - [2024-04-23T18:25:44.824+0000] {dag.py:3954} INFO - Setting next_dagrun for hola_mundo to None, run_after=None
[2024-04-23T18:25:45.797+0000] {processor.py:183} INFO - Processing /opt/airflow/dags/P1.py took 7.955 seconds
[2024-04-23T18:26:16.615+0000] {processor.py:161} INFO - Started process (PID=892) to work on /opt/airflow/dags/P1.py
[2024-04-23T18:26:16.616+0000] {processor.py:830} INFO - Processing file /opt/airflow/dags/P1.py for tasks to queue
[2024-04-23T18:26:16.618+0000] {logging_mixin.py:188} INFO - [2024-04-23T18:26:16.617+0000] {dagbag.py:540} INFO - Filling up the DagBag from /opt/airflow/dags/P1.py
[2024-04-23T18:26:19.270+0000] {processor.py:840} INFO - DAG(s) 'hola_mundo' retrieved from /opt/airflow/dags/P1.py
[2024-04-23T18:26:19.367+0000] {logging_mixin.py:188} INFO - [2024-04-23T18:26:19.366+0000] {dag.py:3096} INFO - Sync 1 DAGs
[2024-04-23T18:26:19.430+0000] {logging_mixin.py:188} INFO - [2024-04-23T18:26:19.430+0000] {dag.py:3954} INFO - Setting next_dagrun for hola_mundo to None, run_after=None
[2024-04-23T18:26:26.098+0000] {processor.py:183} INFO - Processing /opt/airflow/dags/P1.py took 9.492 seconds
[2024-04-23T18:26:57.017+0000] {processor.py:161} INFO - Started process (PID=909) to work on /opt/airflow/dags/P1.py
[2024-04-23T18:26:57.067+0000] {processor.py:830} INFO - Processing file /opt/airflow/dags/P1.py for tasks to queue
[2024-04-23T18:26:57.115+0000] {logging_mixin.py:188} INFO - [2024-04-23T18:26:57.114+0000] {dagbag.py:540} INFO - Filling up the DagBag from /opt/airflow/dags/P1.py
[2024-04-23T18:27:01.168+0000] {processor.py:840} INFO - DAG(s) 'hola_mundo' retrieved from /opt/airflow/dags/P1.py
[2024-04-23T18:27:01.273+0000] {logging_mixin.py:188} INFO - [2024-04-23T18:27:01.272+0000] {dag.py:3096} INFO - Sync 1 DAGs
[2024-04-23T18:27:01.357+0000] {logging_mixin.py:188} INFO - [2024-04-23T18:27:01.356+0000] {dag.py:3954} INFO - Setting next_dagrun for hola_mundo to None, run_after=None
[2024-04-23T18:27:03.799+0000] {processor.py:183} INFO - Processing /opt/airflow/dags/P1.py took 6.805 seconds
[2024-04-23T18:27:35.363+0000] {processor.py:161} INFO - Started process (PID=934) to work on /opt/airflow/dags/P1.py
[2024-04-23T18:27:35.377+0000] {processor.py:830} INFO - Processing file /opt/airflow/dags/P1.py for tasks to queue
[2024-04-23T18:27:35.380+0000] {logging_mixin.py:188} INFO - [2024-04-23T18:27:35.379+0000] {dagbag.py:540} INFO - Filling up the DagBag from /opt/airflow/dags/P1.py
[2024-04-23T18:27:37.542+0000] {processor.py:840} INFO - DAG(s) 'hola_mundo' retrieved from /opt/airflow/dags/P1.py
[2024-04-23T18:27:37.600+0000] {logging_mixin.py:188} INFO - [2024-04-23T18:27:37.597+0000] {dag.py:3096} INFO - Sync 1 DAGs
[2024-04-23T18:27:37.633+0000] {logging_mixin.py:188} INFO - [2024-04-23T18:27:37.633+0000] {dag.py:3954} INFO - Setting next_dagrun for hola_mundo to None, run_after=None
[2024-04-23T18:27:39.058+0000] {processor.py:183} INFO - Processing /opt/airflow/dags/P1.py took 3.727 seconds
[2024-04-23T18:28:09.740+0000] {processor.py:161} INFO - Started process (PID=950) to work on /opt/airflow/dags/P1.py
[2024-04-23T18:28:09.742+0000] {processor.py:830} INFO - Processing file /opt/airflow/dags/P1.py for tasks to queue
[2024-04-23T18:28:09.744+0000] {logging_mixin.py:188} INFO - [2024-04-23T18:28:09.743+0000] {dagbag.py:540} INFO - Filling up the DagBag from /opt/airflow/dags/P1.py
[2024-04-23T18:28:12.231+0000] {processor.py:840} INFO - DAG(s) 'hola_mundo' retrieved from /opt/airflow/dags/P1.py
[2024-04-23T18:28:12.327+0000] {logging_mixin.py:188} INFO - [2024-04-23T18:28:12.326+0000] {dag.py:3096} INFO - Sync 1 DAGs
[2024-04-23T18:28:12.366+0000] {logging_mixin.py:188} INFO - [2024-04-23T18:28:12.365+0000] {dag.py:3954} INFO - Setting next_dagrun for hola_mundo to None, run_after=None
[2024-04-23T18:28:12.480+0000] {processor.py:183} INFO - Processing /opt/airflow/dags/P1.py took 2.769 seconds
[2024-04-23T18:28:49.483+0000] {processor.py:161} INFO - Started process (PID=969) to work on /opt/airflow/dags/P1.py
[2024-04-23T18:28:49.498+0000] {processor.py:830} INFO - Processing file /opt/airflow/dags/P1.py for tasks to queue
[2024-04-23T18:28:49.509+0000] {logging_mixin.py:188} INFO - [2024-04-23T18:28:49.508+0000] {dagbag.py:540} INFO - Filling up the DagBag from /opt/airflow/dags/P1.py
[2024-04-23T18:28:53.719+0000] {processor.py:840} INFO - DAG(s) 'hola_mundo' retrieved from /opt/airflow/dags/P1.py
[2024-04-23T18:28:53.835+0000] {logging_mixin.py:188} INFO - [2024-04-23T18:28:53.823+0000] {dag.py:3096} INFO - Sync 1 DAGs
[2024-04-23T18:28:53.895+0000] {logging_mixin.py:188} INFO - [2024-04-23T18:28:53.894+0000] {dag.py:3954} INFO - Setting next_dagrun for hola_mundo to None, run_after=None
[2024-04-23T18:28:55.047+0000] {processor.py:183} INFO - Processing /opt/airflow/dags/P1.py took 5.599 seconds
[2024-04-23T18:29:25.628+0000] {processor.py:161} INFO - Started process (PID=988) to work on /opt/airflow/dags/P1.py
[2024-04-23T18:29:25.630+0000] {processor.py:830} INFO - Processing file /opt/airflow/dags/P1.py for tasks to queue
[2024-04-23T18:29:25.632+0000] {logging_mixin.py:188} INFO - [2024-04-23T18:29:25.631+0000] {dagbag.py:540} INFO - Filling up the DagBag from /opt/airflow/dags/P1.py
[2024-04-23T18:29:28.342+0000] {processor.py:840} INFO - DAG(s) 'hola_mundo' retrieved from /opt/airflow/dags/P1.py
[2024-04-23T18:29:28.444+0000] {logging_mixin.py:188} INFO - [2024-04-23T18:29:28.443+0000] {dag.py:3096} INFO - Sync 1 DAGs
[2024-04-23T18:29:28.537+0000] {logging_mixin.py:188} INFO - [2024-04-23T18:29:28.537+0000] {dag.py:3954} INFO - Setting next_dagrun for hola_mundo to None, run_after=None
[2024-04-23T18:29:28.848+0000] {processor.py:183} INFO - Processing /opt/airflow/dags/P1.py took 3.234 seconds
[2024-04-23T18:29:59.128+0000] {processor.py:161} INFO - Started process (PID=1005) to work on /opt/airflow/dags/P1.py
[2024-04-23T18:29:59.130+0000] {processor.py:830} INFO - Processing file /opt/airflow/dags/P1.py for tasks to queue
[2024-04-23T18:29:59.135+0000] {logging_mixin.py:188} INFO - [2024-04-23T18:29:59.134+0000] {dagbag.py:540} INFO - Filling up the DagBag from /opt/airflow/dags/P1.py
[2024-04-23T18:30:01.007+0000] {processor.py:840} INFO - DAG(s) 'hola_mundo' retrieved from /opt/airflow/dags/P1.py
[2024-04-23T18:30:01.125+0000] {logging_mixin.py:188} INFO - [2024-04-23T18:30:01.124+0000] {dag.py:3096} INFO - Sync 1 DAGs
[2024-04-23T18:30:01.146+0000] {logging_mixin.py:188} INFO - [2024-04-23T18:30:01.145+0000] {dag.py:3954} INFO - Setting next_dagrun for hola_mundo to None, run_after=None
[2024-04-23T18:30:01.671+0000] {processor.py:183} INFO - Processing /opt/airflow/dags/P1.py took 2.562 seconds
[2024-04-23T18:30:32.159+0000] {processor.py:161} INFO - Started process (PID=1021) to work on /opt/airflow/dags/P1.py
[2024-04-23T18:30:32.174+0000] {processor.py:830} INFO - Processing file /opt/airflow/dags/P1.py for tasks to queue
[2024-04-23T18:30:32.176+0000] {logging_mixin.py:188} INFO - [2024-04-23T18:30:32.175+0000] {dagbag.py:540} INFO - Filling up the DagBag from /opt/airflow/dags/P1.py
[2024-04-23T18:30:35.066+0000] {processor.py:840} INFO - DAG(s) 'hola_mundo' retrieved from /opt/airflow/dags/P1.py
[2024-04-23T18:30:35.515+0000] {logging_mixin.py:188} INFO - [2024-04-23T18:30:35.515+0000] {dag.py:3096} INFO - Sync 1 DAGs
[2024-04-23T18:30:35.558+0000] {logging_mixin.py:188} INFO - [2024-04-23T18:30:35.557+0000] {dag.py:3954} INFO - Setting next_dagrun for hola_mundo to None, run_after=None
[2024-04-23T18:30:38.259+0000] {processor.py:183} INFO - Processing /opt/airflow/dags/P1.py took 6.129 seconds
[2024-04-23T18:31:09.941+0000] {processor.py:161} INFO - Started process (PID=1043) to work on /opt/airflow/dags/P1.py
[2024-04-23T18:31:10.005+0000] {processor.py:830} INFO - Processing file /opt/airflow/dags/P1.py for tasks to queue
[2024-04-23T18:31:10.019+0000] {logging_mixin.py:188} INFO - [2024-04-23T18:31:10.018+0000] {dagbag.py:540} INFO - Filling up the DagBag from /opt/airflow/dags/P1.py
[2024-04-23T18:31:16.500+0000] {processor.py:840} INFO - DAG(s) 'hola_mundo' retrieved from /opt/airflow/dags/P1.py
[2024-04-23T18:31:16.743+0000] {logging_mixin.py:188} INFO - [2024-04-23T18:31:16.742+0000] {dag.py:3096} INFO - Sync 1 DAGs
[2024-04-23T18:31:16.833+0000] {logging_mixin.py:188} INFO - [2024-04-23T18:31:16.833+0000] {dag.py:3954} INFO - Setting next_dagrun for hola_mundo to None, run_after=None
[2024-04-23T18:31:17.006+0000] {processor.py:183} INFO - Processing /opt/airflow/dags/P1.py took 7.097 seconds
[2024-04-23T18:31:47.432+0000] {processor.py:161} INFO - Started process (PID=1059) to work on /opt/airflow/dags/P1.py
[2024-04-23T18:31:47.441+0000] {processor.py:830} INFO - Processing file /opt/airflow/dags/P1.py for tasks to queue
[2024-04-23T18:31:47.446+0000] {logging_mixin.py:188} INFO - [2024-04-23T18:31:47.443+0000] {dagbag.py:540} INFO - Filling up the DagBag from /opt/airflow/dags/P1.py
[2024-04-23T18:31:48.958+0000] {processor.py:840} INFO - DAG(s) 'hola_mundo' retrieved from /opt/airflow/dags/P1.py
[2024-04-23T18:31:49.048+0000] {logging_mixin.py:188} INFO - [2024-04-23T18:31:49.047+0000] {dag.py:3096} INFO - Sync 1 DAGs
[2024-04-23T18:31:49.086+0000] {logging_mixin.py:188} INFO - [2024-04-23T18:31:49.086+0000] {dag.py:3954} INFO - Setting next_dagrun for hola_mundo to None, run_after=None
[2024-04-23T18:31:49.643+0000] {processor.py:183} INFO - Processing /opt/airflow/dags/P1.py took 2.233 seconds
[2024-04-23T18:32:21.735+0000] {processor.py:161} INFO - Started process (PID=1074) to work on /opt/airflow/dags/P1.py
[2024-04-23T18:32:21.781+0000] {processor.py:830} INFO - Processing file /opt/airflow/dags/P1.py for tasks to queue
[2024-04-23T18:32:21.857+0000] {logging_mixin.py:188} INFO - [2024-04-23T18:32:21.857+0000] {dagbag.py:540} INFO - Filling up the DagBag from /opt/airflow/dags/P1.py
[2024-04-23T18:32:31.508+0000] {processor.py:840} INFO - DAG(s) 'hola_mundo' retrieved from /opt/airflow/dags/P1.py
[2024-04-23T18:32:31.581+0000] {logging_mixin.py:188} INFO - [2024-04-23T18:32:31.580+0000] {dag.py:3096} INFO - Sync 1 DAGs
[2024-04-23T18:32:31.632+0000] {logging_mixin.py:188} INFO - [2024-04-23T18:32:31.631+0000] {dag.py:3954} INFO - Setting next_dagrun for hola_mundo to None, run_after=None
[2024-04-23T18:32:34.718+0000] {processor.py:183} INFO - Processing /opt/airflow/dags/P1.py took 13.015 seconds
[2024-04-23T18:33:05.001+0000] {processor.py:161} INFO - Started process (PID=1094) to work on /opt/airflow/dags/P1.py
[2024-04-23T18:33:05.019+0000] {processor.py:830} INFO - Processing file /opt/airflow/dags/P1.py for tasks to queue
[2024-04-23T18:33:05.038+0000] {logging_mixin.py:188} INFO - [2024-04-23T18:33:05.037+0000] {dagbag.py:540} INFO - Filling up the DagBag from /opt/airflow/dags/P1.py
[2024-04-23T18:33:07.280+0000] {processor.py:840} INFO - DAG(s) 'hola_mundo' retrieved from /opt/airflow/dags/P1.py
[2024-04-23T18:33:07.395+0000] {logging_mixin.py:188} INFO - [2024-04-23T18:33:07.394+0000] {dag.py:3096} INFO - Sync 1 DAGs
[2024-04-23T18:33:07.510+0000] {logging_mixin.py:188} INFO - [2024-04-23T18:33:07.510+0000] {dag.py:3954} INFO - Setting next_dagrun for hola_mundo to None, run_after=None
[2024-04-23T18:33:08.590+0000] {processor.py:183} INFO - Processing /opt/airflow/dags/P1.py took 3.613 seconds
[2024-04-23T18:33:39.689+0000] {processor.py:161} INFO - Started process (PID=1112) to work on /opt/airflow/dags/P1.py
[2024-04-23T18:33:39.692+0000] {processor.py:830} INFO - Processing file /opt/airflow/dags/P1.py for tasks to queue
[2024-04-23T18:33:39.695+0000] {logging_mixin.py:188} INFO - [2024-04-23T18:33:39.694+0000] {dagbag.py:540} INFO - Filling up the DagBag from /opt/airflow/dags/P1.py
[2024-04-23T18:33:40.840+0000] {processor.py:840} INFO - DAG(s) 'hola_mundo' retrieved from /opt/airflow/dags/P1.py
[2024-04-23T18:33:40.923+0000] {logging_mixin.py:188} INFO - [2024-04-23T18:33:40.922+0000] {dag.py:3096} INFO - Sync 1 DAGs
[2024-04-23T18:33:40.963+0000] {logging_mixin.py:188} INFO - [2024-04-23T18:33:40.962+0000] {dag.py:3954} INFO - Setting next_dagrun for hola_mundo to None, run_after=None
[2024-04-23T18:33:41.011+0000] {processor.py:183} INFO - Processing /opt/airflow/dags/P1.py took 1.338 seconds
[2024-04-23T18:34:11.325+0000] {processor.py:161} INFO - Started process (PID=1128) to work on /opt/airflow/dags/P1.py
[2024-04-23T18:34:11.471+0000] {processor.py:830} INFO - Processing file /opt/airflow/dags/P1.py for tasks to queue
[2024-04-23T18:34:11.479+0000] {logging_mixin.py:188} INFO - [2024-04-23T18:34:11.478+0000] {dagbag.py:540} INFO - Filling up the DagBag from /opt/airflow/dags/P1.py
[2024-04-23T18:34:15.928+0000] {processor.py:840} INFO - DAG(s) 'hola_mundo' retrieved from /opt/airflow/dags/P1.py
[2024-04-23T18:34:16.062+0000] {logging_mixin.py:188} INFO - [2024-04-23T18:34:16.061+0000] {dag.py:3096} INFO - Sync 1 DAGs
[2024-04-23T18:34:16.119+0000] {logging_mixin.py:188} INFO - [2024-04-23T18:34:16.118+0000] {dag.py:3954} INFO - Setting next_dagrun for hola_mundo to None, run_after=None
[2024-04-23T18:34:16.356+0000] {processor.py:183} INFO - Processing /opt/airflow/dags/P1.py took 5.065 seconds
[2024-04-23T18:34:47.060+0000] {processor.py:161} INFO - Started process (PID=1142) to work on /opt/airflow/dags/P1.py
[2024-04-23T18:34:47.483+0000] {processor.py:830} INFO - Processing file /opt/airflow/dags/P1.py for tasks to queue
[2024-04-23T18:34:47.492+0000] {logging_mixin.py:188} INFO - [2024-04-23T18:34:47.491+0000] {dagbag.py:540} INFO - Filling up the DagBag from /opt/airflow/dags/P1.py
[2024-04-23T18:35:19.879+0000] {logging_mixin.py:188} INFO - [2024-04-23T18:35:19.878+0000] {timeout.py:68} ERROR - Process timed out, PID: 1142
[2024-04-23T18:35:19.879+0000] {logging_mixin.py:188} WARNING - Exception ignored in: <function WeakKeyDictionary.__init__.<locals>.remove at 0x7fea9f001580>
[2024-04-23T18:35:20.036+0000] {logging_mixin.py:188} WARNING - Traceback (most recent call last):
[2024-04-23T18:35:20.039+0000] {logging_mixin.py:188} WARNING -   File "/usr/local/lib/python3.12/weakref.py", line 369, in remove
[2024-04-23T18:35:20.203+0000] {logging_mixin.py:188} WARNING -     def remove(k, selfref=ref(self)):
[2024-04-23T18:35:20.209+0000] {logging_mixin.py:188} WARNING -   File "/home/airflow/.local/lib/python3.12/site-packages/airflow/utils/timeout.py", line 69, in handle_timeout
[2024-04-23T18:35:20.213+0000] {logging_mixin.py:188} WARNING -     raise AirflowTaskTimeout(self.error_message)
[2024-04-23T18:35:20.223+0000] {logging_mixin.py:188} WARNING - airflow.exceptions.AirflowTaskTimeout: DagBag import timeout for /opt/airflow/dags/P1.py after 30.0s.
Please take a look at these docs to improve your DAG import time:
* https://airflow.apache.org/docs/apache-airflow/2.9.0/best-practices.html#top-level-python-code
* https://airflow.apache.org/docs/apache-airflow/2.9.0/best-practices.html#reducing-dag-complexity, PID: 1142
[2024-04-23T18:35:23.470+0000] {processor.py:840} INFO - DAG(s) 'hola_mundo' retrieved from /opt/airflow/dags/P1.py
[2024-04-23T18:35:23.577+0000] {logging_mixin.py:188} INFO - [2024-04-23T18:35:23.576+0000] {dag.py:3096} INFO - Sync 1 DAGs
[2024-04-23T18:35:23.634+0000] {logging_mixin.py:188} INFO - [2024-04-23T18:35:23.634+0000] {dag.py:3954} INFO - Setting next_dagrun for hola_mundo to None, run_after=None
[2024-04-23T18:35:29.700+0000] {processor.py:183} INFO - Processing /opt/airflow/dags/P1.py took 42.649 seconds
[2024-04-23T18:36:01.204+0000] {processor.py:161} INFO - Started process (PID=1165) to work on /opt/airflow/dags/P1.py
[2024-04-23T18:36:01.208+0000] {processor.py:830} INFO - Processing file /opt/airflow/dags/P1.py for tasks to queue
[2024-04-23T18:36:01.221+0000] {logging_mixin.py:188} INFO - [2024-04-23T18:36:01.220+0000] {dagbag.py:540} INFO - Filling up the DagBag from /opt/airflow/dags/P1.py
[2024-04-23T18:36:02.751+0000] {processor.py:840} INFO - DAG(s) 'hola_mundo' retrieved from /opt/airflow/dags/P1.py
[2024-04-23T18:36:02.803+0000] {logging_mixin.py:188} INFO - [2024-04-23T18:36:02.802+0000] {dag.py:3096} INFO - Sync 1 DAGs
[2024-04-23T18:36:02.823+0000] {logging_mixin.py:188} INFO - [2024-04-23T18:36:02.823+0000] {dag.py:3954} INFO - Setting next_dagrun for hola_mundo to None, run_after=None
[2024-04-23T18:36:02.933+0000] {processor.py:183} INFO - Processing /opt/airflow/dags/P1.py took 1.750 seconds
[2024-04-23T18:36:50.204+0000] {processor.py:161} INFO - Started process (PID=1187) to work on /opt/airflow/dags/P1.py
[2024-04-23T18:36:50.240+0000] {processor.py:830} INFO - Processing file /opt/airflow/dags/P1.py for tasks to queue
[2024-04-23T18:36:50.256+0000] {logging_mixin.py:188} INFO - [2024-04-23T18:36:50.255+0000] {dagbag.py:540} INFO - Filling up the DagBag from /opt/airflow/dags/P1.py
[2024-04-23T18:36:54.708+0000] {processor.py:840} INFO - DAG(s) 'hola_mundo' retrieved from /opt/airflow/dags/P1.py
[2024-04-23T18:36:54.880+0000] {logging_mixin.py:188} INFO - [2024-04-23T18:36:54.879+0000] {dag.py:3096} INFO - Sync 1 DAGs
[2024-04-23T18:36:55.016+0000] {logging_mixin.py:188} INFO - [2024-04-23T18:36:54.985+0000] {dag.py:3954} INFO - Setting next_dagrun for hola_mundo to None, run_after=None
[2024-04-23T18:36:55.162+0000] {processor.py:183} INFO - Processing /opt/airflow/dags/P1.py took 4.980 seconds
[2024-04-23T18:37:25.640+0000] {processor.py:161} INFO - Started process (PID=1203) to work on /opt/airflow/dags/P1.py
[2024-04-23T18:37:25.642+0000] {processor.py:830} INFO - Processing file /opt/airflow/dags/P1.py for tasks to queue
[2024-04-23T18:37:25.644+0000] {logging_mixin.py:188} INFO - [2024-04-23T18:37:25.643+0000] {dagbag.py:540} INFO - Filling up the DagBag from /opt/airflow/dags/P1.py
[2024-04-23T18:37:29.246+0000] {processor.py:840} INFO - DAG(s) 'hola_mundo' retrieved from /opt/airflow/dags/P1.py
[2024-04-23T18:37:29.408+0000] {logging_mixin.py:188} INFO - [2024-04-23T18:37:29.407+0000] {dag.py:3096} INFO - Sync 1 DAGs
[2024-04-23T18:37:29.458+0000] {logging_mixin.py:188} INFO - [2024-04-23T18:37:29.458+0000] {dag.py:3954} INFO - Setting next_dagrun for hola_mundo to None, run_after=None
[2024-04-23T18:37:29.575+0000] {processor.py:183} INFO - Processing /opt/airflow/dags/P1.py took 3.953 seconds
