[2024-04-23T12:10:16.525+0000] {processor.py:161} INFO - Started process (PID=39) to work on /opt/airflow/dags/P2.py
[2024-04-23T12:10:16.529+0000] {processor.py:830} INFO - Processing file /opt/airflow/dags/P2.py for tasks to queue
[2024-04-23T12:10:16.535+0000] {logging_mixin.py:188} INFO - [2024-04-23T12:10:16.533+0000] {dagbag.py:540} INFO - Filling up the DagBag from /opt/airflow/dags/P2.py
[2024-04-23T12:10:25.368+0000] {processor.py:840} INFO - DAG(s) 'hola_mundo2' retrieved from /opt/airflow/dags/P2.py
[2024-04-23T12:10:26.074+0000] {logging_mixin.py:188} INFO - [2024-04-23T12:10:26.073+0000] {dag.py:3096} INFO - Sync 1 DAGs
[2024-04-23T12:10:26.296+0000] {logging_mixin.py:188} INFO - [2024-04-23T12:10:26.296+0000] {dag.py:3954} INFO - Setting next_dagrun for hola_mundo2 to None, run_after=None
[2024-04-23T12:10:26.743+0000] {processor.py:183} INFO - Processing /opt/airflow/dags/P2.py took 10.250 seconds
[2024-04-23T12:10:58.215+0000] {processor.py:161} INFO - Started process (PID=61) to work on /opt/airflow/dags/P2.py
[2024-04-23T12:10:58.217+0000] {processor.py:830} INFO - Processing file /opt/airflow/dags/P2.py for tasks to queue
[2024-04-23T12:10:58.220+0000] {logging_mixin.py:188} INFO - [2024-04-23T12:10:58.220+0000] {dagbag.py:540} INFO - Filling up the DagBag from /opt/airflow/dags/P2.py
[2024-04-23T12:11:01.146+0000] {processor.py:840} INFO - DAG(s) 'hola_mundo2' retrieved from /opt/airflow/dags/P2.py
[2024-04-23T12:11:01.305+0000] {logging_mixin.py:188} INFO - [2024-04-23T12:11:01.303+0000] {dag.py:3096} INFO - Sync 1 DAGs
[2024-04-23T12:11:01.356+0000] {logging_mixin.py:188} INFO - [2024-04-23T12:11:01.356+0000] {dag.py:3954} INFO - Setting next_dagrun for hola_mundo2 to None, run_after=None
[2024-04-23T12:11:01.711+0000] {processor.py:183} INFO - Processing /opt/airflow/dags/P2.py took 3.503 seconds
[2024-04-23T12:11:33.559+0000] {processor.py:161} INFO - Started process (PID=78) to work on /opt/airflow/dags/P2.py
[2024-04-23T12:11:33.575+0000] {processor.py:830} INFO - Processing file /opt/airflow/dags/P2.py for tasks to queue
[2024-04-23T12:11:33.598+0000] {logging_mixin.py:188} INFO - [2024-04-23T12:11:33.597+0000] {dagbag.py:540} INFO - Filling up the DagBag from /opt/airflow/dags/P2.py
[2024-04-23T12:11:40.368+0000] {processor.py:840} INFO - DAG(s) 'hola_mundo2' retrieved from /opt/airflow/dags/P2.py
[2024-04-23T12:11:40.796+0000] {logging_mixin.py:188} INFO - [2024-04-23T12:11:40.795+0000] {dag.py:3096} INFO - Sync 1 DAGs
[2024-04-23T12:11:41.021+0000] {logging_mixin.py:188} INFO - [2024-04-23T12:11:41.021+0000] {dag.py:3954} INFO - Setting next_dagrun for hola_mundo2 to None, run_after=None
[2024-04-23T12:11:42.141+0000] {processor.py:183} INFO - Processing /opt/airflow/dags/P2.py took 8.622 seconds
[2024-04-23T12:12:12.975+0000] {processor.py:161} INFO - Started process (PID=94) to work on /opt/airflow/dags/P2.py
[2024-04-23T12:12:12.978+0000] {processor.py:830} INFO - Processing file /opt/airflow/dags/P2.py for tasks to queue
[2024-04-23T12:12:13.007+0000] {logging_mixin.py:188} INFO - [2024-04-23T12:12:13.006+0000] {dagbag.py:540} INFO - Filling up the DagBag from /opt/airflow/dags/P2.py
[2024-04-23T12:12:16.026+0000] {processor.py:840} INFO - DAG(s) 'hola_mundo2' retrieved from /opt/airflow/dags/P2.py
[2024-04-23T12:12:16.242+0000] {logging_mixin.py:188} INFO - [2024-04-23T12:12:16.216+0000] {dag.py:3096} INFO - Sync 1 DAGs
[2024-04-23T12:12:16.433+0000] {logging_mixin.py:188} INFO - [2024-04-23T12:12:16.432+0000] {dag.py:3954} INFO - Setting next_dagrun for hola_mundo2 to None, run_after=None
[2024-04-23T12:12:16.558+0000] {processor.py:183} INFO - Processing /opt/airflow/dags/P2.py took 3.653 seconds
[2024-04-23T12:12:47.400+0000] {processor.py:161} INFO - Started process (PID=110) to work on /opt/airflow/dags/P2.py
[2024-04-23T12:12:47.416+0000] {processor.py:830} INFO - Processing file /opt/airflow/dags/P2.py for tasks to queue
[2024-04-23T12:12:47.420+0000] {logging_mixin.py:188} INFO - [2024-04-23T12:12:47.419+0000] {dagbag.py:540} INFO - Filling up the DagBag from /opt/airflow/dags/P2.py
[2024-04-23T12:12:50.250+0000] {processor.py:840} INFO - DAG(s) 'hola_mundo2' retrieved from /opt/airflow/dags/P2.py
[2024-04-23T12:12:51.287+0000] {logging_mixin.py:188} INFO - [2024-04-23T12:12:51.286+0000] {dag.py:3096} INFO - Sync 1 DAGs
[2024-04-23T12:12:51.331+0000] {logging_mixin.py:188} INFO - [2024-04-23T12:12:51.330+0000] {dag.py:3954} INFO - Setting next_dagrun for hola_mundo2 to None, run_after=None
[2024-04-23T12:12:51.462+0000] {processor.py:183} INFO - Processing /opt/airflow/dags/P2.py took 4.075 seconds
[2024-04-23T12:13:21.995+0000] {processor.py:161} INFO - Started process (PID=126) to work on /opt/airflow/dags/P2.py
[2024-04-23T12:13:21.997+0000] {processor.py:830} INFO - Processing file /opt/airflow/dags/P2.py for tasks to queue
[2024-04-23T12:13:22.007+0000] {logging_mixin.py:188} INFO - [2024-04-23T12:13:22.005+0000] {dagbag.py:540} INFO - Filling up the DagBag from /opt/airflow/dags/P2.py
[2024-04-23T12:13:23.509+0000] {processor.py:840} INFO - DAG(s) 'hola_mundo2' retrieved from /opt/airflow/dags/P2.py
[2024-04-23T12:13:23.597+0000] {logging_mixin.py:188} INFO - [2024-04-23T12:13:23.594+0000] {dag.py:3096} INFO - Sync 1 DAGs
[2024-04-23T12:13:23.637+0000] {logging_mixin.py:188} INFO - [2024-04-23T12:13:23.634+0000] {dag.py:3954} INFO - Setting next_dagrun for hola_mundo2 to None, run_after=None
[2024-04-23T12:13:23.723+0000] {processor.py:183} INFO - Processing /opt/airflow/dags/P2.py took 1.749 seconds
[2024-04-23T12:13:54.430+0000] {processor.py:161} INFO - Started process (PID=144) to work on /opt/airflow/dags/P2.py
[2024-04-23T12:13:54.432+0000] {processor.py:830} INFO - Processing file /opt/airflow/dags/P2.py for tasks to queue
[2024-04-23T12:13:54.435+0000] {logging_mixin.py:188} INFO - [2024-04-23T12:13:54.435+0000] {dagbag.py:540} INFO - Filling up the DagBag from /opt/airflow/dags/P2.py
[2024-04-23T12:13:55.481+0000] {processor.py:840} INFO - DAG(s) 'hola_mundo2' retrieved from /opt/airflow/dags/P2.py
[2024-04-23T12:13:55.529+0000] {logging_mixin.py:188} INFO - [2024-04-23T12:13:55.528+0000] {dag.py:3096} INFO - Sync 1 DAGs
[2024-04-23T12:13:55.548+0000] {logging_mixin.py:188} INFO - [2024-04-23T12:13:55.547+0000] {dag.py:3954} INFO - Setting next_dagrun for hola_mundo2 to None, run_after=None
[2024-04-23T12:13:56.811+0000] {processor.py:183} INFO - Processing /opt/airflow/dags/P2.py took 2.390 seconds
[2024-04-23T12:14:27.964+0000] {processor.py:161} INFO - Started process (PID=160) to work on /opt/airflow/dags/P2.py
[2024-04-23T12:14:27.971+0000] {processor.py:830} INFO - Processing file /opt/airflow/dags/P2.py for tasks to queue
[2024-04-23T12:14:27.981+0000] {logging_mixin.py:188} INFO - [2024-04-23T12:14:27.981+0000] {dagbag.py:540} INFO - Filling up the DagBag from /opt/airflow/dags/P2.py
[2024-04-23T12:14:29.251+0000] {processor.py:840} INFO - DAG(s) 'hola_mundo2' retrieved from /opt/airflow/dags/P2.py
[2024-04-23T12:14:29.280+0000] {logging_mixin.py:188} INFO - [2024-04-23T12:14:29.279+0000] {dag.py:3096} INFO - Sync 1 DAGs
[2024-04-23T12:14:29.294+0000] {logging_mixin.py:188} INFO - [2024-04-23T12:14:29.293+0000] {dag.py:3954} INFO - Setting next_dagrun for hola_mundo2 to None, run_after=None
[2024-04-23T12:14:29.319+0000] {processor.py:183} INFO - Processing /opt/airflow/dags/P2.py took 1.388 seconds
[2024-04-23T12:15:00.148+0000] {processor.py:161} INFO - Started process (PID=178) to work on /opt/airflow/dags/P2.py
[2024-04-23T12:15:00.161+0000] {processor.py:830} INFO - Processing file /opt/airflow/dags/P2.py for tasks to queue
[2024-04-23T12:15:00.167+0000] {logging_mixin.py:188} INFO - [2024-04-23T12:15:00.166+0000] {dagbag.py:540} INFO - Filling up the DagBag from /opt/airflow/dags/P2.py
[2024-04-23T12:15:02.341+0000] {processor.py:840} INFO - DAG(s) 'hola_mundo2' retrieved from /opt/airflow/dags/P2.py
[2024-04-23T12:15:02.479+0000] {logging_mixin.py:188} INFO - [2024-04-23T12:15:02.477+0000] {dag.py:3096} INFO - Sync 1 DAGs
[2024-04-23T12:15:02.572+0000] {logging_mixin.py:188} INFO - [2024-04-23T12:15:02.564+0000] {dag.py:3954} INFO - Setting next_dagrun for hola_mundo2 to None, run_after=None
[2024-04-23T12:15:02.653+0000] {processor.py:183} INFO - Processing /opt/airflow/dags/P2.py took 2.523 seconds
[2024-04-23T12:15:33.485+0000] {processor.py:161} INFO - Started process (PID=203) to work on /opt/airflow/dags/P2.py
[2024-04-23T12:15:33.487+0000] {processor.py:830} INFO - Processing file /opt/airflow/dags/P2.py for tasks to queue
[2024-04-23T12:15:33.490+0000] {logging_mixin.py:188} INFO - [2024-04-23T12:15:33.489+0000] {dagbag.py:540} INFO - Filling up the DagBag from /opt/airflow/dags/P2.py
[2024-04-23T12:15:34.321+0000] {processor.py:840} INFO - DAG(s) 'hola_mundo2' retrieved from /opt/airflow/dags/P2.py
[2024-04-23T12:15:34.356+0000] {logging_mixin.py:188} INFO - [2024-04-23T12:15:34.355+0000] {dag.py:3096} INFO - Sync 1 DAGs
[2024-04-23T12:15:34.378+0000] {logging_mixin.py:188} INFO - [2024-04-23T12:15:34.377+0000] {dag.py:3954} INFO - Setting next_dagrun for hola_mundo2 to None, run_after=None
[2024-04-23T12:15:34.430+0000] {processor.py:183} INFO - Processing /opt/airflow/dags/P2.py took 0.956 seconds
[2024-04-23T12:16:04.743+0000] {processor.py:161} INFO - Started process (PID=219) to work on /opt/airflow/dags/P2.py
[2024-04-23T12:16:04.745+0000] {processor.py:830} INFO - Processing file /opt/airflow/dags/P2.py for tasks to queue
[2024-04-23T12:16:04.758+0000] {logging_mixin.py:188} INFO - [2024-04-23T12:16:04.757+0000] {dagbag.py:540} INFO - Filling up the DagBag from /opt/airflow/dags/P2.py
[2024-04-23T12:16:05.807+0000] {processor.py:840} INFO - DAG(s) 'hola_mundo2' retrieved from /opt/airflow/dags/P2.py
[2024-04-23T12:16:05.890+0000] {logging_mixin.py:188} INFO - [2024-04-23T12:16:05.889+0000] {dag.py:3096} INFO - Sync 1 DAGs
[2024-04-23T12:16:05.932+0000] {logging_mixin.py:188} INFO - [2024-04-23T12:16:05.931+0000] {dag.py:3954} INFO - Setting next_dagrun for hola_mundo2 to None, run_after=None
[2024-04-23T12:16:05.969+0000] {processor.py:183} INFO - Processing /opt/airflow/dags/P2.py took 1.250 seconds
[2024-04-23T12:16:36.329+0000] {processor.py:161} INFO - Started process (PID=235) to work on /opt/airflow/dags/P2.py
[2024-04-23T12:16:36.331+0000] {processor.py:830} INFO - Processing file /opt/airflow/dags/P2.py for tasks to queue
[2024-04-23T12:16:36.338+0000] {logging_mixin.py:188} INFO - [2024-04-23T12:16:36.337+0000] {dagbag.py:540} INFO - Filling up the DagBag from /opt/airflow/dags/P2.py
[2024-04-23T12:16:37.325+0000] {processor.py:840} INFO - DAG(s) 'hola_mundo2' retrieved from /opt/airflow/dags/P2.py
[2024-04-23T12:16:37.389+0000] {logging_mixin.py:188} INFO - [2024-04-23T12:16:37.388+0000] {dag.py:3096} INFO - Sync 1 DAGs
[2024-04-23T12:16:37.435+0000] {logging_mixin.py:188} INFO - [2024-04-23T12:16:37.434+0000] {dag.py:3954} INFO - Setting next_dagrun for hola_mundo2 to None, run_after=None
[2024-04-23T12:16:37.528+0000] {processor.py:183} INFO - Processing /opt/airflow/dags/P2.py took 1.214 seconds
[2024-04-23T12:17:07.849+0000] {processor.py:161} INFO - Started process (PID=251) to work on /opt/airflow/dags/P2.py
[2024-04-23T12:17:07.851+0000] {processor.py:830} INFO - Processing file /opt/airflow/dags/P2.py for tasks to queue
[2024-04-23T12:17:07.854+0000] {logging_mixin.py:188} INFO - [2024-04-23T12:17:07.854+0000] {dagbag.py:540} INFO - Filling up the DagBag from /opt/airflow/dags/P2.py
[2024-04-23T12:17:08.745+0000] {processor.py:840} INFO - DAG(s) 'hola_mundo2' retrieved from /opt/airflow/dags/P2.py
[2024-04-23T12:17:08.778+0000] {logging_mixin.py:188} INFO - [2024-04-23T12:17:08.776+0000] {dag.py:3096} INFO - Sync 1 DAGs
[2024-04-23T12:17:08.794+0000] {logging_mixin.py:188} INFO - [2024-04-23T12:17:08.794+0000] {dag.py:3954} INFO - Setting next_dagrun for hola_mundo2 to None, run_after=None
[2024-04-23T12:17:08.832+0000] {processor.py:183} INFO - Processing /opt/airflow/dags/P2.py took 0.996 seconds
[2024-04-23T12:17:39.102+0000] {processor.py:161} INFO - Started process (PID=266) to work on /opt/airflow/dags/P2.py
[2024-04-23T12:17:39.103+0000] {processor.py:830} INFO - Processing file /opt/airflow/dags/P2.py for tasks to queue
[2024-04-23T12:17:39.105+0000] {logging_mixin.py:188} INFO - [2024-04-23T12:17:39.105+0000] {dagbag.py:540} INFO - Filling up the DagBag from /opt/airflow/dags/P2.py
[2024-04-23T12:17:39.766+0000] {processor.py:840} INFO - DAG(s) 'hola_mundo2' retrieved from /opt/airflow/dags/P2.py
[2024-04-23T12:17:39.801+0000] {logging_mixin.py:188} INFO - [2024-04-23T12:17:39.801+0000] {dag.py:3096} INFO - Sync 1 DAGs
[2024-04-23T12:17:39.818+0000] {logging_mixin.py:188} INFO - [2024-04-23T12:17:39.817+0000] {dag.py:3954} INFO - Setting next_dagrun for hola_mundo2 to None, run_after=None
[2024-04-23T12:17:39.842+0000] {processor.py:183} INFO - Processing /opt/airflow/dags/P2.py took 0.748 seconds
[2024-04-23T12:18:10.823+0000] {processor.py:161} INFO - Started process (PID=283) to work on /opt/airflow/dags/P2.py
[2024-04-23T12:18:10.850+0000] {processor.py:830} INFO - Processing file /opt/airflow/dags/P2.py for tasks to queue
[2024-04-23T12:18:10.865+0000] {logging_mixin.py:188} INFO - [2024-04-23T12:18:10.864+0000] {dagbag.py:540} INFO - Filling up the DagBag from /opt/airflow/dags/P2.py
[2024-04-23T12:18:12.768+0000] {processor.py:840} INFO - DAG(s) 'hola_mundo2' retrieved from /opt/airflow/dags/P2.py
[2024-04-23T12:18:12.824+0000] {logging_mixin.py:188} INFO - [2024-04-23T12:18:12.822+0000] {dag.py:3096} INFO - Sync 1 DAGs
[2024-04-23T12:18:12.866+0000] {logging_mixin.py:188} INFO - [2024-04-23T12:18:12.865+0000] {dag.py:3954} INFO - Setting next_dagrun for hola_mundo2 to None, run_after=None
[2024-04-23T12:18:12.914+0000] {processor.py:183} INFO - Processing /opt/airflow/dags/P2.py took 2.115 seconds
[2024-04-23T12:18:43.105+0000] {processor.py:161} INFO - Started process (PID=299) to work on /opt/airflow/dags/P2.py
[2024-04-23T12:18:43.108+0000] {processor.py:830} INFO - Processing file /opt/airflow/dags/P2.py for tasks to queue
[2024-04-23T12:18:43.115+0000] {logging_mixin.py:188} INFO - [2024-04-23T12:18:43.114+0000] {dagbag.py:540} INFO - Filling up the DagBag from /opt/airflow/dags/P2.py
[2024-04-23T12:18:44.165+0000] {processor.py:840} INFO - DAG(s) 'hola_mundo2' retrieved from /opt/airflow/dags/P2.py
[2024-04-23T12:18:44.256+0000] {logging_mixin.py:188} INFO - [2024-04-23T12:18:44.255+0000] {dag.py:3096} INFO - Sync 1 DAGs
[2024-04-23T12:18:44.281+0000] {logging_mixin.py:188} INFO - [2024-04-23T12:18:44.281+0000] {dag.py:3954} INFO - Setting next_dagrun for hola_mundo2 to None, run_after=None
[2024-04-23T12:18:44.309+0000] {processor.py:183} INFO - Processing /opt/airflow/dags/P2.py took 1.222 seconds
[2024-04-23T12:19:15.207+0000] {processor.py:161} INFO - Started process (PID=315) to work on /opt/airflow/dags/P2.py
[2024-04-23T12:19:15.210+0000] {processor.py:830} INFO - Processing file /opt/airflow/dags/P2.py for tasks to queue
[2024-04-23T12:19:15.213+0000] {logging_mixin.py:188} INFO - [2024-04-23T12:19:15.213+0000] {dagbag.py:540} INFO - Filling up the DagBag from /opt/airflow/dags/P2.py
[2024-04-23T12:19:16.321+0000] {processor.py:840} INFO - DAG(s) 'hola_mundo2' retrieved from /opt/airflow/dags/P2.py
[2024-04-23T12:19:16.350+0000] {logging_mixin.py:188} INFO - [2024-04-23T12:19:16.350+0000] {dag.py:3096} INFO - Sync 1 DAGs
[2024-04-23T12:19:16.369+0000] {logging_mixin.py:188} INFO - [2024-04-23T12:19:16.369+0000] {dag.py:3954} INFO - Setting next_dagrun for hola_mundo2 to None, run_after=None
[2024-04-23T12:19:16.412+0000] {processor.py:183} INFO - Processing /opt/airflow/dags/P2.py took 1.216 seconds
[2024-04-23T12:19:46.805+0000] {processor.py:161} INFO - Started process (PID=332) to work on /opt/airflow/dags/P2.py
[2024-04-23T12:19:46.809+0000] {processor.py:830} INFO - Processing file /opt/airflow/dags/P2.py for tasks to queue
[2024-04-23T12:19:46.820+0000] {logging_mixin.py:188} INFO - [2024-04-23T12:19:46.819+0000] {dagbag.py:540} INFO - Filling up the DagBag from /opt/airflow/dags/P2.py
[2024-04-23T12:19:47.883+0000] {processor.py:840} INFO - DAG(s) 'hola_mundo2' retrieved from /opt/airflow/dags/P2.py
[2024-04-23T12:19:47.952+0000] {logging_mixin.py:188} INFO - [2024-04-23T12:19:47.951+0000] {dag.py:3096} INFO - Sync 1 DAGs
[2024-04-23T12:19:48.023+0000] {logging_mixin.py:188} INFO - [2024-04-23T12:19:48.023+0000] {dag.py:3954} INFO - Setting next_dagrun for hola_mundo2 to None, run_after=None
[2024-04-23T12:19:48.101+0000] {processor.py:183} INFO - Processing /opt/airflow/dags/P2.py took 1.318 seconds
[2024-04-23T12:20:18.269+0000] {processor.py:161} INFO - Started process (PID=348) to work on /opt/airflow/dags/P2.py
[2024-04-23T12:20:18.270+0000] {processor.py:830} INFO - Processing file /opt/airflow/dags/P2.py for tasks to queue
[2024-04-23T12:20:18.273+0000] {logging_mixin.py:188} INFO - [2024-04-23T12:20:18.272+0000] {dagbag.py:540} INFO - Filling up the DagBag from /opt/airflow/dags/P2.py
[2024-04-23T12:20:19.219+0000] {processor.py:840} INFO - DAG(s) 'hola_mundo2' retrieved from /opt/airflow/dags/P2.py
[2024-04-23T12:20:19.254+0000] {logging_mixin.py:188} INFO - [2024-04-23T12:20:19.253+0000] {dag.py:3096} INFO - Sync 1 DAGs
[2024-04-23T12:20:19.299+0000] {logging_mixin.py:188} INFO - [2024-04-23T12:20:19.298+0000] {dag.py:3954} INFO - Setting next_dagrun for hola_mundo2 to None, run_after=None
[2024-04-23T12:20:19.334+0000] {processor.py:183} INFO - Processing /opt/airflow/dags/P2.py took 1.076 seconds
[2024-04-23T12:20:49.441+0000] {processor.py:161} INFO - Started process (PID=363) to work on /opt/airflow/dags/P2.py
[2024-04-23T12:20:49.443+0000] {processor.py:830} INFO - Processing file /opt/airflow/dags/P2.py for tasks to queue
[2024-04-23T12:20:49.446+0000] {logging_mixin.py:188} INFO - [2024-04-23T12:20:49.445+0000] {dagbag.py:540} INFO - Filling up the DagBag from /opt/airflow/dags/P2.py
[2024-04-23T12:20:50.814+0000] {processor.py:840} INFO - DAG(s) 'hola_mundo2' retrieved from /opt/airflow/dags/P2.py
[2024-04-23T12:20:50.854+0000] {logging_mixin.py:188} INFO - [2024-04-23T12:20:50.853+0000] {dag.py:3096} INFO - Sync 1 DAGs
[2024-04-23T12:20:50.891+0000] {logging_mixin.py:188} INFO - [2024-04-23T12:20:50.891+0000] {dag.py:3954} INFO - Setting next_dagrun for hola_mundo2 to None, run_after=None
[2024-04-23T12:20:50.917+0000] {processor.py:183} INFO - Processing /opt/airflow/dags/P2.py took 1.487 seconds
[2024-04-23T12:21:21.286+0000] {processor.py:161} INFO - Started process (PID=379) to work on /opt/airflow/dags/P2.py
[2024-04-23T12:21:21.288+0000] {processor.py:830} INFO - Processing file /opt/airflow/dags/P2.py for tasks to queue
[2024-04-23T12:21:21.293+0000] {logging_mixin.py:188} INFO - [2024-04-23T12:21:21.292+0000] {dagbag.py:540} INFO - Filling up the DagBag from /opt/airflow/dags/P2.py
[2024-04-23T12:21:23.151+0000] {processor.py:840} INFO - DAG(s) 'hola_mundo2' retrieved from /opt/airflow/dags/P2.py
[2024-04-23T12:21:23.264+0000] {logging_mixin.py:188} INFO - [2024-04-23T12:21:23.263+0000] {dag.py:3096} INFO - Sync 1 DAGs
[2024-04-23T12:21:23.343+0000] {logging_mixin.py:188} INFO - [2024-04-23T12:21:23.332+0000] {dag.py:3954} INFO - Setting next_dagrun for hola_mundo2 to None, run_after=None
[2024-04-23T12:21:23.446+0000] {processor.py:183} INFO - Processing /opt/airflow/dags/P2.py took 2.172 seconds
[2024-04-23T12:21:53.562+0000] {processor.py:161} INFO - Started process (PID=395) to work on /opt/airflow/dags/P2.py
[2024-04-23T12:21:53.564+0000] {processor.py:830} INFO - Processing file /opt/airflow/dags/P2.py for tasks to queue
[2024-04-23T12:21:53.568+0000] {logging_mixin.py:188} INFO - [2024-04-23T12:21:53.567+0000] {dagbag.py:540} INFO - Filling up the DagBag from /opt/airflow/dags/P2.py
[2024-04-23T12:21:54.410+0000] {processor.py:840} INFO - DAG(s) 'hola_mundo2' retrieved from /opt/airflow/dags/P2.py
[2024-04-23T12:21:54.440+0000] {logging_mixin.py:188} INFO - [2024-04-23T12:21:54.440+0000] {dag.py:3096} INFO - Sync 1 DAGs
[2024-04-23T12:21:54.455+0000] {logging_mixin.py:188} INFO - [2024-04-23T12:21:54.455+0000] {dag.py:3954} INFO - Setting next_dagrun for hola_mundo2 to None, run_after=None
[2024-04-23T12:21:54.524+0000] {processor.py:183} INFO - Processing /opt/airflow/dags/P2.py took 0.971 seconds
[2024-04-23T12:22:24.851+0000] {processor.py:161} INFO - Started process (PID=411) to work on /opt/airflow/dags/P2.py
[2024-04-23T12:22:24.853+0000] {processor.py:830} INFO - Processing file /opt/airflow/dags/P2.py for tasks to queue
[2024-04-23T12:22:24.856+0000] {logging_mixin.py:188} INFO - [2024-04-23T12:22:24.855+0000] {dagbag.py:540} INFO - Filling up the DagBag from /opt/airflow/dags/P2.py
[2024-04-23T12:22:25.555+0000] {processor.py:840} INFO - DAG(s) 'hola_mundo2' retrieved from /opt/airflow/dags/P2.py
[2024-04-23T12:22:25.583+0000] {logging_mixin.py:188} INFO - [2024-04-23T12:22:25.583+0000] {dag.py:3096} INFO - Sync 1 DAGs
[2024-04-23T12:22:25.602+0000] {logging_mixin.py:188} INFO - [2024-04-23T12:22:25.602+0000] {dag.py:3954} INFO - Setting next_dagrun for hola_mundo2 to None, run_after=None
[2024-04-23T12:22:25.636+0000] {processor.py:183} INFO - Processing /opt/airflow/dags/P2.py took 0.794 seconds
[2024-04-23T12:22:55.964+0000] {processor.py:161} INFO - Started process (PID=427) to work on /opt/airflow/dags/P2.py
[2024-04-23T12:22:55.966+0000] {processor.py:830} INFO - Processing file /opt/airflow/dags/P2.py for tasks to queue
[2024-04-23T12:22:55.969+0000] {logging_mixin.py:188} INFO - [2024-04-23T12:22:55.969+0000] {dagbag.py:540} INFO - Filling up the DagBag from /opt/airflow/dags/P2.py
[2024-04-23T12:22:56.706+0000] {processor.py:840} INFO - DAG(s) 'hola_mundo2' retrieved from /opt/airflow/dags/P2.py
[2024-04-23T12:22:56.735+0000] {logging_mixin.py:188} INFO - [2024-04-23T12:22:56.733+0000] {dag.py:3096} INFO - Sync 1 DAGs
[2024-04-23T12:22:56.756+0000] {logging_mixin.py:188} INFO - [2024-04-23T12:22:56.755+0000] {dag.py:3954} INFO - Setting next_dagrun for hola_mundo2 to None, run_after=None
[2024-04-23T12:22:56.863+0000] {processor.py:183} INFO - Processing /opt/airflow/dags/P2.py took 0.908 seconds
[2024-04-23T12:23:27.369+0000] {processor.py:161} INFO - Started process (PID=443) to work on /opt/airflow/dags/P2.py
[2024-04-23T12:23:27.370+0000] {processor.py:830} INFO - Processing file /opt/airflow/dags/P2.py for tasks to queue
[2024-04-23T12:23:27.373+0000] {logging_mixin.py:188} INFO - [2024-04-23T12:23:27.373+0000] {dagbag.py:540} INFO - Filling up the DagBag from /opt/airflow/dags/P2.py
[2024-04-23T12:23:28.408+0000] {processor.py:840} INFO - DAG(s) 'hola_mundo2' retrieved from /opt/airflow/dags/P2.py
[2024-04-23T12:23:28.459+0000] {logging_mixin.py:188} INFO - [2024-04-23T12:23:28.458+0000] {dag.py:3096} INFO - Sync 1 DAGs
[2024-04-23T12:23:28.496+0000] {logging_mixin.py:188} INFO - [2024-04-23T12:23:28.496+0000] {dag.py:3954} INFO - Setting next_dagrun for hola_mundo2 to None, run_after=None
[2024-04-23T12:23:28.551+0000] {processor.py:183} INFO - Processing /opt/airflow/dags/P2.py took 1.196 seconds
[2024-04-23T12:23:58.715+0000] {processor.py:161} INFO - Started process (PID=459) to work on /opt/airflow/dags/P2.py
[2024-04-23T12:23:58.717+0000] {processor.py:830} INFO - Processing file /opt/airflow/dags/P2.py for tasks to queue
[2024-04-23T12:23:58.720+0000] {logging_mixin.py:188} INFO - [2024-04-23T12:23:58.719+0000] {dagbag.py:540} INFO - Filling up the DagBag from /opt/airflow/dags/P2.py
[2024-04-23T12:23:59.527+0000] {processor.py:840} INFO - DAG(s) 'hola_mundo2' retrieved from /opt/airflow/dags/P2.py
[2024-04-23T12:23:59.564+0000] {logging_mixin.py:188} INFO - [2024-04-23T12:23:59.563+0000] {dag.py:3096} INFO - Sync 1 DAGs
[2024-04-23T12:23:59.579+0000] {logging_mixin.py:188} INFO - [2024-04-23T12:23:59.578+0000] {dag.py:3954} INFO - Setting next_dagrun for hola_mundo2 to None, run_after=None
[2024-04-23T12:23:59.609+0000] {processor.py:183} INFO - Processing /opt/airflow/dags/P2.py took 0.907 seconds
[2024-04-23T12:24:30.267+0000] {processor.py:161} INFO - Started process (PID=474) to work on /opt/airflow/dags/P2.py
[2024-04-23T12:24:30.274+0000] {processor.py:830} INFO - Processing file /opt/airflow/dags/P2.py for tasks to queue
[2024-04-23T12:24:30.282+0000] {logging_mixin.py:188} INFO - [2024-04-23T12:24:30.277+0000] {dagbag.py:540} INFO - Filling up the DagBag from /opt/airflow/dags/P2.py
[2024-04-23T12:24:31.857+0000] {processor.py:840} INFO - DAG(s) 'hola_mundo2' retrieved from /opt/airflow/dags/P2.py
[2024-04-23T12:24:31.921+0000] {logging_mixin.py:188} INFO - [2024-04-23T12:24:31.920+0000] {dag.py:3096} INFO - Sync 1 DAGs
[2024-04-23T12:24:31.962+0000] {logging_mixin.py:188} INFO - [2024-04-23T12:24:31.962+0000] {dag.py:3954} INFO - Setting next_dagrun for hola_mundo2 to None, run_after=None
[2024-04-23T12:24:32.018+0000] {processor.py:183} INFO - Processing /opt/airflow/dags/P2.py took 1.783 seconds
[2024-04-23T12:25:02.851+0000] {processor.py:161} INFO - Started process (PID=490) to work on /opt/airflow/dags/P2.py
[2024-04-23T12:25:02.858+0000] {processor.py:830} INFO - Processing file /opt/airflow/dags/P2.py for tasks to queue
[2024-04-23T12:25:02.862+0000] {logging_mixin.py:188} INFO - [2024-04-23T12:25:02.861+0000] {dagbag.py:540} INFO - Filling up the DagBag from /opt/airflow/dags/P2.py
[2024-04-23T12:25:05.061+0000] {processor.py:840} INFO - DAG(s) 'hola_mundo2' retrieved from /opt/airflow/dags/P2.py
[2024-04-23T12:25:05.113+0000] {logging_mixin.py:188} INFO - [2024-04-23T12:25:05.112+0000] {dag.py:3096} INFO - Sync 1 DAGs
[2024-04-23T12:25:05.131+0000] {logging_mixin.py:188} INFO - [2024-04-23T12:25:05.131+0000] {dag.py:3954} INFO - Setting next_dagrun for hola_mundo2 to None, run_after=None
[2024-04-23T12:25:05.161+0000] {processor.py:183} INFO - Processing /opt/airflow/dags/P2.py took 2.346 seconds
[2024-04-23T12:25:36.003+0000] {processor.py:161} INFO - Started process (PID=512) to work on /opt/airflow/dags/P2.py
[2024-04-23T12:25:36.005+0000] {processor.py:830} INFO - Processing file /opt/airflow/dags/P2.py for tasks to queue
[2024-04-23T12:25:36.009+0000] {logging_mixin.py:188} INFO - [2024-04-23T12:25:36.008+0000] {dagbag.py:540} INFO - Filling up the DagBag from /opt/airflow/dags/P2.py
[2024-04-23T12:25:37.006+0000] {processor.py:840} INFO - DAG(s) 'hola_mundo2' retrieved from /opt/airflow/dags/P2.py
[2024-04-23T12:25:37.047+0000] {logging_mixin.py:188} INFO - [2024-04-23T12:25:37.046+0000] {dag.py:3096} INFO - Sync 1 DAGs
[2024-04-23T12:25:37.074+0000] {logging_mixin.py:188} INFO - [2024-04-23T12:25:37.074+0000] {dag.py:3954} INFO - Setting next_dagrun for hola_mundo2 to None, run_after=None
[2024-04-23T12:25:37.120+0000] {processor.py:183} INFO - Processing /opt/airflow/dags/P2.py took 1.125 seconds
[2024-04-23T12:26:09.298+0000] {processor.py:161} INFO - Started process (PID=527) to work on /opt/airflow/dags/P2.py
[2024-04-23T12:26:09.300+0000] {processor.py:830} INFO - Processing file /opt/airflow/dags/P2.py for tasks to queue
[2024-04-23T12:26:09.304+0000] {logging_mixin.py:188} INFO - [2024-04-23T12:26:09.303+0000] {dagbag.py:540} INFO - Filling up the DagBag from /opt/airflow/dags/P2.py
[2024-04-23T12:26:10.750+0000] {processor.py:840} INFO - DAG(s) 'hola_mundo2' retrieved from /opt/airflow/dags/P2.py
[2024-04-23T12:26:10.921+0000] {logging_mixin.py:188} INFO - [2024-04-23T12:26:10.918+0000] {dag.py:3096} INFO - Sync 1 DAGs
[2024-04-23T12:26:11.036+0000] {logging_mixin.py:188} INFO - [2024-04-23T12:26:11.036+0000] {dag.py:3954} INFO - Setting next_dagrun for hola_mundo2 to None, run_after=None
[2024-04-23T12:26:11.206+0000] {processor.py:183} INFO - Processing /opt/airflow/dags/P2.py took 1.919 seconds
[2024-04-23T12:26:48.791+0000] {processor.py:161} INFO - Started process (PID=544) to work on /opt/airflow/dags/P2.py
[2024-04-23T12:26:48.794+0000] {processor.py:830} INFO - Processing file /opt/airflow/dags/P2.py for tasks to queue
[2024-04-23T12:26:48.809+0000] {logging_mixin.py:188} INFO - [2024-04-23T12:26:48.808+0000] {dagbag.py:540} INFO - Filling up the DagBag from /opt/airflow/dags/P2.py
[2024-04-23T17:37:20.829+0000] {processor.py:840} INFO - DAG(s) 'hola_mundo2' retrieved from /opt/airflow/dags/P2.py
[2024-04-23T17:37:21.742+0000] {logging_mixin.py:188} INFO - [2024-04-23T17:37:21.740+0000] {dag.py:3096} INFO - Sync 1 DAGs
[2024-04-23T17:37:21.905+0000] {logging_mixin.py:188} INFO - [2024-04-23T17:37:21.905+0000] {dag.py:3954} INFO - Setting next_dagrun for hola_mundo2 to None, run_after=None
[2024-04-23T17:37:23.250+0000] {processor.py:183} INFO - Processing /opt/airflow/dags/P2.py took 13.985 seconds
[2024-04-23T17:37:59.055+0000] {processor.py:161} INFO - Started process (PID=567) to work on /opt/airflow/dags/P2.py
[2024-04-23T17:37:59.068+0000] {processor.py:830} INFO - Processing file /opt/airflow/dags/P2.py for tasks to queue
[2024-04-23T17:37:59.070+0000] {logging_mixin.py:188} INFO - [2024-04-23T17:37:59.070+0000] {dagbag.py:540} INFO - Filling up the DagBag from /opt/airflow/dags/P2.py
[2024-04-23T17:38:02.443+0000] {processor.py:840} INFO - DAG(s) 'hola_mundo2' retrieved from /opt/airflow/dags/P2.py
[2024-04-23T17:38:02.557+0000] {logging_mixin.py:188} INFO - [2024-04-23T17:38:02.549+0000] {dag.py:3096} INFO - Sync 1 DAGs
[2024-04-23T17:38:02.664+0000] {logging_mixin.py:188} INFO - [2024-04-23T17:38:02.663+0000] {dag.py:3954} INFO - Setting next_dagrun for hola_mundo2 to None, run_after=None
[2024-04-23T17:38:04.595+0000] {processor.py:183} INFO - Processing /opt/airflow/dags/P2.py took 5.599 seconds
[2024-04-23T17:38:35.222+0000] {processor.py:161} INFO - Started process (PID=583) to work on /opt/airflow/dags/P2.py
[2024-04-23T17:38:35.224+0000] {processor.py:830} INFO - Processing file /opt/airflow/dags/P2.py for tasks to queue
[2024-04-23T17:38:35.227+0000] {logging_mixin.py:188} INFO - [2024-04-23T17:38:35.226+0000] {dagbag.py:540} INFO - Filling up the DagBag from /opt/airflow/dags/P2.py
[2024-04-23T17:38:36.888+0000] {processor.py:840} INFO - DAG(s) 'hola_mundo2' retrieved from /opt/airflow/dags/P2.py
[2024-04-23T17:38:36.918+0000] {logging_mixin.py:188} INFO - [2024-04-23T17:38:36.917+0000] {dag.py:3096} INFO - Sync 1 DAGs
[2024-04-23T17:38:36.934+0000] {logging_mixin.py:188} INFO - [2024-04-23T17:38:36.933+0000] {dag.py:3954} INFO - Setting next_dagrun for hola_mundo2 to None, run_after=None
[2024-04-23T17:38:37.598+0000] {processor.py:183} INFO - Processing /opt/airflow/dags/P2.py took 2.412 seconds
[2024-04-23T17:39:07.981+0000] {processor.py:161} INFO - Started process (PID=600) to work on /opt/airflow/dags/P2.py
[2024-04-23T17:39:07.982+0000] {processor.py:830} INFO - Processing file /opt/airflow/dags/P2.py for tasks to queue
[2024-04-23T17:39:07.984+0000] {logging_mixin.py:188} INFO - [2024-04-23T17:39:07.983+0000] {dagbag.py:540} INFO - Filling up the DagBag from /opt/airflow/dags/P2.py
[2024-04-23T17:39:09.301+0000] {processor.py:840} INFO - DAG(s) 'hola_mundo2' retrieved from /opt/airflow/dags/P2.py
[2024-04-23T17:39:09.378+0000] {logging_mixin.py:188} INFO - [2024-04-23T17:39:09.377+0000] {dag.py:3096} INFO - Sync 1 DAGs
[2024-04-23T17:39:09.440+0000] {logging_mixin.py:188} INFO - [2024-04-23T17:39:09.440+0000] {dag.py:3954} INFO - Setting next_dagrun for hola_mundo2 to None, run_after=None
[2024-04-23T17:39:11.887+0000] {processor.py:183} INFO - Processing /opt/airflow/dags/P2.py took 3.914 seconds
[2024-04-23T17:39:43.344+0000] {processor.py:161} INFO - Started process (PID=618) to work on /opt/airflow/dags/P2.py
[2024-04-23T17:39:43.358+0000] {processor.py:830} INFO - Processing file /opt/airflow/dags/P2.py for tasks to queue
[2024-04-23T17:39:43.361+0000] {logging_mixin.py:188} INFO - [2024-04-23T17:39:43.360+0000] {dagbag.py:540} INFO - Filling up the DagBag from /opt/airflow/dags/P2.py
[2024-04-23T17:39:49.473+0000] {processor.py:840} INFO - DAG(s) 'hola_mundo2' retrieved from /opt/airflow/dags/P2.py
[2024-04-23T17:39:49.620+0000] {logging_mixin.py:188} INFO - [2024-04-23T17:39:49.612+0000] {dag.py:3096} INFO - Sync 1 DAGs
[2024-04-23T17:39:49.697+0000] {logging_mixin.py:188} INFO - [2024-04-23T17:39:49.696+0000] {dag.py:3954} INFO - Setting next_dagrun for hola_mundo2 to None, run_after=None
[2024-04-23T17:39:49.840+0000] {processor.py:183} INFO - Processing /opt/airflow/dags/P2.py took 6.517 seconds
[2024-04-23T17:40:20.698+0000] {processor.py:161} INFO - Started process (PID=635) to work on /opt/airflow/dags/P2.py
[2024-04-23T17:40:20.701+0000] {processor.py:830} INFO - Processing file /opt/airflow/dags/P2.py for tasks to queue
[2024-04-23T17:40:20.704+0000] {logging_mixin.py:188} INFO - [2024-04-23T17:40:20.702+0000] {dagbag.py:540} INFO - Filling up the DagBag from /opt/airflow/dags/P2.py
[2024-04-23T17:40:21.841+0000] {processor.py:840} INFO - DAG(s) 'hola_mundo2' retrieved from /opt/airflow/dags/P2.py
[2024-04-23T17:40:21.873+0000] {logging_mixin.py:188} INFO - [2024-04-23T17:40:21.873+0000] {dag.py:3096} INFO - Sync 1 DAGs
[2024-04-23T17:40:21.888+0000] {logging_mixin.py:188} INFO - [2024-04-23T17:40:21.887+0000] {dag.py:3954} INFO - Setting next_dagrun for hola_mundo2 to None, run_after=None
[2024-04-23T17:40:23.357+0000] {processor.py:183} INFO - Processing /opt/airflow/dags/P2.py took 2.679 seconds
[2024-04-23T17:40:53.658+0000] {processor.py:161} INFO - Started process (PID=652) to work on /opt/airflow/dags/P2.py
[2024-04-23T17:40:53.661+0000] {processor.py:830} INFO - Processing file /opt/airflow/dags/P2.py for tasks to queue
[2024-04-23T17:40:53.671+0000] {logging_mixin.py:188} INFO - [2024-04-23T17:40:53.663+0000] {dagbag.py:540} INFO - Filling up the DagBag from /opt/airflow/dags/P2.py
[2024-04-23T17:40:55.384+0000] {processor.py:840} INFO - DAG(s) 'hola_mundo2' retrieved from /opt/airflow/dags/P2.py
[2024-04-23T17:40:55.450+0000] {logging_mixin.py:188} INFO - [2024-04-23T17:40:55.450+0000] {dag.py:3096} INFO - Sync 1 DAGs
[2024-04-23T17:40:55.505+0000] {logging_mixin.py:188} INFO - [2024-04-23T17:40:55.504+0000] {dag.py:3954} INFO - Setting next_dagrun for hola_mundo2 to None, run_after=None
[2024-04-23T17:40:55.620+0000] {processor.py:183} INFO - Processing /opt/airflow/dags/P2.py took 1.985 seconds
[2024-04-23T17:41:26.313+0000] {processor.py:161} INFO - Started process (PID=669) to work on /opt/airflow/dags/P2.py
[2024-04-23T17:41:26.315+0000] {processor.py:830} INFO - Processing file /opt/airflow/dags/P2.py for tasks to queue
[2024-04-23T17:41:26.317+0000] {logging_mixin.py:188} INFO - [2024-04-23T17:41:26.316+0000] {dagbag.py:540} INFO - Filling up the DagBag from /opt/airflow/dags/P2.py
[2024-04-23T17:41:27.454+0000] {processor.py:840} INFO - DAG(s) 'hola_mundo2' retrieved from /opt/airflow/dags/P2.py
[2024-04-23T17:41:27.492+0000] {logging_mixin.py:188} INFO - [2024-04-23T17:41:27.491+0000] {dag.py:3096} INFO - Sync 1 DAGs
[2024-04-23T17:41:27.514+0000] {logging_mixin.py:188} INFO - [2024-04-23T17:41:27.514+0000] {dag.py:3954} INFO - Setting next_dagrun for hola_mundo2 to None, run_after=None
[2024-04-23T17:41:27.546+0000] {processor.py:183} INFO - Processing /opt/airflow/dags/P2.py took 1.249 seconds
[2024-04-23T17:41:57.817+0000] {processor.py:161} INFO - Started process (PID=692) to work on /opt/airflow/dags/P2.py
[2024-04-23T17:41:57.832+0000] {processor.py:830} INFO - Processing file /opt/airflow/dags/P2.py for tasks to queue
[2024-04-23T17:41:57.845+0000] {logging_mixin.py:188} INFO - [2024-04-23T17:41:57.835+0000] {dagbag.py:540} INFO - Filling up the DagBag from /opt/airflow/dags/P2.py
[2024-04-23T17:42:01.195+0000] {processor.py:840} INFO - DAG(s) 'hola_mundo2' retrieved from /opt/airflow/dags/P2.py
[2024-04-23T17:42:01.320+0000] {logging_mixin.py:188} INFO - [2024-04-23T17:42:01.319+0000] {dag.py:3096} INFO - Sync 1 DAGs
[2024-04-23T17:42:01.368+0000] {logging_mixin.py:188} INFO - [2024-04-23T17:42:01.367+0000] {dag.py:3954} INFO - Setting next_dagrun for hola_mundo2 to None, run_after=None
[2024-04-23T17:42:01.468+0000] {processor.py:183} INFO - Processing /opt/airflow/dags/P2.py took 3.681 seconds
[2024-04-23T17:42:39.163+0000] {processor.py:161} INFO - Started process (PID=707) to work on /opt/airflow/dags/P2.py
[2024-04-23T17:42:39.207+0000] {processor.py:830} INFO - Processing file /opt/airflow/dags/P2.py for tasks to queue
[2024-04-23T17:42:39.209+0000] {logging_mixin.py:188} INFO - [2024-04-23T17:42:39.209+0000] {dagbag.py:540} INFO - Filling up the DagBag from /opt/airflow/dags/P2.py
[2024-04-23T17:42:51.641+0000] {processor.py:840} INFO - DAG(s) 'hola_mundo2' retrieved from /opt/airflow/dags/P2.py
[2024-04-23T17:42:51.974+0000] {logging_mixin.py:188} INFO - [2024-04-23T17:42:51.973+0000] {dag.py:3096} INFO - Sync 1 DAGs
[2024-04-23T17:42:52.188+0000] {logging_mixin.py:188} INFO - [2024-04-23T17:42:52.187+0000] {dag.py:3954} INFO - Setting next_dagrun for hola_mundo2 to None, run_after=None
[2024-04-23T17:42:52.802+0000] {processor.py:183} INFO - Processing /opt/airflow/dags/P2.py took 13.679 seconds
[2024-04-23T17:43:23.594+0000] {processor.py:161} INFO - Started process (PID=724) to work on /opt/airflow/dags/P2.py
[2024-04-23T17:43:23.596+0000] {processor.py:830} INFO - Processing file /opt/airflow/dags/P2.py for tasks to queue
[2024-04-23T17:43:23.598+0000] {logging_mixin.py:188} INFO - [2024-04-23T17:43:23.597+0000] {dagbag.py:540} INFO - Filling up the DagBag from /opt/airflow/dags/P2.py
[2024-04-23T17:43:26.007+0000] {processor.py:840} INFO - DAG(s) 'hola_mundo2' retrieved from /opt/airflow/dags/P2.py
[2024-04-23T17:43:26.779+0000] {logging_mixin.py:188} INFO - [2024-04-23T17:43:26.778+0000] {dag.py:3096} INFO - Sync 1 DAGs
[2024-04-23T17:43:27.017+0000] {logging_mixin.py:188} INFO - [2024-04-23T17:43:27.017+0000] {dag.py:3954} INFO - Setting next_dagrun for hola_mundo2 to None, run_after=None
[2024-04-23T17:43:27.630+0000] {processor.py:183} INFO - Processing /opt/airflow/dags/P2.py took 4.055 seconds
[2024-04-23T17:46:09.024+0000] {processor.py:161} INFO - Started process (PID=44) to work on /opt/airflow/dags/P2.py
[2024-04-23T17:46:09.038+0000] {processor.py:830} INFO - Processing file /opt/airflow/dags/P2.py for tasks to queue
[2024-04-23T17:46:09.059+0000] {logging_mixin.py:188} INFO - [2024-04-23T17:46:09.059+0000] {dagbag.py:540} INFO - Filling up the DagBag from /opt/airflow/dags/P2.py
[2024-04-23T17:46:25.332+0000] {processor.py:840} INFO - DAG(s) 'hola_mundo2' retrieved from /opt/airflow/dags/P2.py
[2024-04-23T17:46:32.069+0000] {logging_mixin.py:188} INFO - [2024-04-23T17:46:32.069+0000] {dag.py:3096} INFO - Sync 1 DAGs
[2024-04-23T17:46:32.628+0000] {logging_mixin.py:188} INFO - [2024-04-23T17:46:32.627+0000] {dag.py:3954} INFO - Setting next_dagrun for hola_mundo2 to None, run_after=None
[2024-04-23T17:46:35.585+0000] {processor.py:183} INFO - Processing /opt/airflow/dags/P2.py took 26.701 seconds
[2024-04-23T17:47:08.377+0000] {processor.py:161} INFO - Started process (PID=81) to work on /opt/airflow/dags/P2.py
[2024-04-23T17:47:08.380+0000] {processor.py:830} INFO - Processing file /opt/airflow/dags/P2.py for tasks to queue
[2024-04-23T17:47:08.384+0000] {logging_mixin.py:188} INFO - [2024-04-23T17:47:08.384+0000] {dagbag.py:540} INFO - Filling up the DagBag from /opt/airflow/dags/P2.py
[2024-04-23T17:47:26.364+0000] {processor.py:840} INFO - DAG(s) 'hola_mundo2' retrieved from /opt/airflow/dags/P2.py
[2024-04-23T17:47:26.477+0000] {logging_mixin.py:188} INFO - [2024-04-23T17:47:26.476+0000] {dag.py:3096} INFO - Sync 1 DAGs
[2024-04-23T17:47:26.516+0000] {logging_mixin.py:188} INFO - [2024-04-23T17:47:26.515+0000] {dag.py:3954} INFO - Setting next_dagrun for hola_mundo2 to None, run_after=None
[2024-04-23T17:47:26.716+0000] {processor.py:183} INFO - Processing /opt/airflow/dags/P2.py took 18.487 seconds
[2024-04-23T17:47:57.374+0000] {processor.py:161} INFO - Started process (PID=98) to work on /opt/airflow/dags/P2.py
[2024-04-23T17:47:57.388+0000] {processor.py:830} INFO - Processing file /opt/airflow/dags/P2.py for tasks to queue
[2024-04-23T17:47:57.406+0000] {logging_mixin.py:188} INFO - [2024-04-23T17:47:57.405+0000] {dagbag.py:540} INFO - Filling up the DagBag from /opt/airflow/dags/P2.py
[2024-04-23T17:48:02.051+0000] {processor.py:840} INFO - DAG(s) 'hola_mundo2' retrieved from /opt/airflow/dags/P2.py
[2024-04-23T17:48:02.234+0000] {logging_mixin.py:188} INFO - [2024-04-23T17:48:02.233+0000] {dag.py:3096} INFO - Sync 1 DAGs
[2024-04-23T17:48:02.294+0000] {logging_mixin.py:188} INFO - [2024-04-23T17:48:02.294+0000] {dag.py:3954} INFO - Setting next_dagrun for hola_mundo2 to None, run_after=None
[2024-04-23T17:48:03.970+0000] {processor.py:183} INFO - Processing /opt/airflow/dags/P2.py took 6.632 seconds
[2024-04-23T17:57:22.720+0000] {processor.py:161} INFO - Started process (PID=92) to work on /opt/airflow/dags/P2.py
[2024-04-23T17:57:22.740+0000] {processor.py:830} INFO - Processing file /opt/airflow/dags/P2.py for tasks to queue
[2024-04-23T17:57:22.755+0000] {logging_mixin.py:188} INFO - [2024-04-23T17:57:22.755+0000] {dagbag.py:540} INFO - Filling up the DagBag from /opt/airflow/dags/P2.py
[2024-04-23T17:58:02.776+0000] {logging_mixin.py:188} INFO - [2024-04-23T17:58:02.775+0000] {timeout.py:68} ERROR - Process timed out, PID: 92
[2024-04-23T17:58:54.793+0000] {processor.py:161} INFO - Started process (PID=120) to work on /opt/airflow/dags/P2.py
[2024-04-23T17:58:54.797+0000] {processor.py:830} INFO - Processing file /opt/airflow/dags/P2.py for tasks to queue
[2024-04-23T17:58:54.799+0000] {logging_mixin.py:188} INFO - [2024-04-23T17:58:54.798+0000] {dagbag.py:540} INFO - Filling up the DagBag from /opt/airflow/dags/P2.py
[2024-04-23T17:58:58.757+0000] {processor.py:840} INFO - DAG(s) 'hola_mundo2' retrieved from /opt/airflow/dags/P2.py
[2024-04-23T17:58:59.857+0000] {logging_mixin.py:188} INFO - [2024-04-23T17:58:59.856+0000] {dag.py:3096} INFO - Sync 1 DAGs
[2024-04-23T17:58:59.885+0000] {logging_mixin.py:188} INFO - [2024-04-23T17:58:59.884+0000] {dag.py:3954} INFO - Setting next_dagrun for hola_mundo2 to None, run_after=None
[2024-04-23T17:59:03.304+0000] {processor.py:183} INFO - Processing /opt/airflow/dags/P2.py took 8.535 seconds
[2024-04-23T17:59:35.583+0000] {processor.py:161} INFO - Started process (PID=143) to work on /opt/airflow/dags/P2.py
[2024-04-23T17:59:35.614+0000] {processor.py:830} INFO - Processing file /opt/airflow/dags/P2.py for tasks to queue
[2024-04-23T17:59:35.617+0000] {logging_mixin.py:188} INFO - [2024-04-23T17:59:35.616+0000] {dagbag.py:540} INFO - Filling up the DagBag from /opt/airflow/dags/P2.py
[2024-04-23T17:59:42.637+0000] {processor.py:840} INFO - DAG(s) 'hola_mundo2' retrieved from /opt/airflow/dags/P2.py
[2024-04-23T17:59:42.810+0000] {logging_mixin.py:188} INFO - [2024-04-23T17:59:42.809+0000] {dag.py:3096} INFO - Sync 1 DAGs
[2024-04-23T17:59:42.988+0000] {logging_mixin.py:188} INFO - [2024-04-23T17:59:42.987+0000] {dag.py:3954} INFO - Setting next_dagrun for hola_mundo2 to None, run_after=None
[2024-04-23T17:59:43.228+0000] {processor.py:183} INFO - Processing /opt/airflow/dags/P2.py took 7.700 seconds
[2024-04-23T18:00:16.137+0000] {processor.py:161} INFO - Started process (PID=160) to work on /opt/airflow/dags/P2.py
[2024-04-23T18:00:16.151+0000] {processor.py:830} INFO - Processing file /opt/airflow/dags/P2.py for tasks to queue
[2024-04-23T18:00:16.162+0000] {logging_mixin.py:188} INFO - [2024-04-23T18:00:16.161+0000] {dagbag.py:540} INFO - Filling up the DagBag from /opt/airflow/dags/P2.py
[2024-04-23T18:00:22.714+0000] {processor.py:840} INFO - DAG(s) 'hola_mundo2' retrieved from /opt/airflow/dags/P2.py
[2024-04-23T18:00:23.147+0000] {logging_mixin.py:188} INFO - [2024-04-23T18:00:23.146+0000] {dag.py:3096} INFO - Sync 1 DAGs
[2024-04-23T18:00:23.510+0000] {logging_mixin.py:188} INFO - [2024-04-23T18:00:23.509+0000] {dag.py:3954} INFO - Setting next_dagrun for hola_mundo2 to None, run_after=None
[2024-04-23T18:00:25.534+0000] {processor.py:183} INFO - Processing /opt/airflow/dags/P2.py took 9.450 seconds
[2024-04-23T18:00:57.586+0000] {processor.py:161} INFO - Started process (PID=176) to work on /opt/airflow/dags/P2.py
[2024-04-23T18:00:57.605+0000] {processor.py:830} INFO - Processing file /opt/airflow/dags/P2.py for tasks to queue
[2024-04-23T18:00:57.636+0000] {logging_mixin.py:188} INFO - [2024-04-23T18:00:57.635+0000] {dagbag.py:540} INFO - Filling up the DagBag from /opt/airflow/dags/P2.py
[2024-04-23T18:01:07.840+0000] {processor.py:840} INFO - DAG(s) 'hola_mundo2' retrieved from /opt/airflow/dags/P2.py
[2024-04-23T18:01:08.057+0000] {logging_mixin.py:188} INFO - [2024-04-23T18:01:08.045+0000] {dag.py:3096} INFO - Sync 1 DAGs
[2024-04-23T18:01:08.171+0000] {logging_mixin.py:188} INFO - [2024-04-23T18:01:08.171+0000] {dag.py:3954} INFO - Setting next_dagrun for hola_mundo2 to None, run_after=None
[2024-04-23T18:01:08.348+0000] {processor.py:183} INFO - Processing /opt/airflow/dags/P2.py took 10.780 seconds
[2024-04-23T18:01:41.102+0000] {processor.py:161} INFO - Started process (PID=197) to work on /opt/airflow/dags/P2.py
[2024-04-23T18:01:41.104+0000] {processor.py:830} INFO - Processing file /opt/airflow/dags/P2.py for tasks to queue
[2024-04-23T18:01:41.120+0000] {logging_mixin.py:188} INFO - [2024-04-23T18:01:41.120+0000] {dagbag.py:540} INFO - Filling up the DagBag from /opt/airflow/dags/P2.py
[2024-04-23T18:01:52.074+0000] {processor.py:840} INFO - DAG(s) 'hola_mundo2' retrieved from /opt/airflow/dags/P2.py
[2024-04-23T18:01:52.377+0000] {logging_mixin.py:188} INFO - [2024-04-23T18:01:52.376+0000] {dag.py:3096} INFO - Sync 1 DAGs
[2024-04-23T18:01:52.405+0000] {logging_mixin.py:188} INFO - [2024-04-23T18:01:52.404+0000] {dag.py:3954} INFO - Setting next_dagrun for hola_mundo2 to None, run_after=None
[2024-04-23T18:01:54.264+0000] {processor.py:183} INFO - Processing /opt/airflow/dags/P2.py took 13.289 seconds
[2024-04-23T18:02:26.302+0000] {processor.py:161} INFO - Started process (PID=214) to work on /opt/airflow/dags/P2.py
[2024-04-23T18:02:26.352+0000] {processor.py:830} INFO - Processing file /opt/airflow/dags/P2.py for tasks to queue
[2024-04-23T18:02:34.390+0000] {logging_mixin.py:188} INFO - [2024-04-23T18:02:26.432+0000] {dagbag.py:540} INFO - Filling up the DagBag from /opt/airflow/dags/P2.py
[2024-04-23T18:02:41.612+0000] {processor.py:840} INFO - DAG(s) 'hola_mundo2' retrieved from /opt/airflow/dags/P2.py
[2024-04-23T18:02:42.191+0000] {logging_mixin.py:188} INFO - [2024-04-23T18:02:42.190+0000] {dag.py:3096} INFO - Sync 1 DAGs
[2024-04-23T18:02:42.239+0000] {logging_mixin.py:188} INFO - [2024-04-23T18:02:42.239+0000] {dag.py:3954} INFO - Setting next_dagrun for hola_mundo2 to None, run_after=None
[2024-04-23T18:02:42.605+0000] {processor.py:183} INFO - Processing /opt/airflow/dags/P2.py took 16.345 seconds
[2024-04-23T18:03:13.507+0000] {processor.py:161} INFO - Started process (PID=236) to work on /opt/airflow/dags/P2.py
[2024-04-23T18:03:13.540+0000] {processor.py:830} INFO - Processing file /opt/airflow/dags/P2.py for tasks to queue
[2024-04-23T18:03:13.548+0000] {logging_mixin.py:188} INFO - [2024-04-23T18:03:13.548+0000] {dagbag.py:540} INFO - Filling up the DagBag from /opt/airflow/dags/P2.py
[2024-04-23T18:03:17.596+0000] {processor.py:840} INFO - DAG(s) 'hola_mundo2' retrieved from /opt/airflow/dags/P2.py
[2024-04-23T18:03:17.702+0000] {logging_mixin.py:188} INFO - [2024-04-23T18:03:17.701+0000] {dag.py:3096} INFO - Sync 1 DAGs
[2024-04-23T18:03:17.763+0000] {logging_mixin.py:188} INFO - [2024-04-23T18:03:17.763+0000] {dag.py:3954} INFO - Setting next_dagrun for hola_mundo2 to None, run_after=None
[2024-04-23T18:03:17.845+0000] {processor.py:183} INFO - Processing /opt/airflow/dags/P2.py took 4.373 seconds
[2024-04-23T18:03:48.139+0000] {processor.py:161} INFO - Started process (PID=252) to work on /opt/airflow/dags/P2.py
[2024-04-23T18:03:48.150+0000] {processor.py:830} INFO - Processing file /opt/airflow/dags/P2.py for tasks to queue
[2024-04-23T18:03:48.168+0000] {logging_mixin.py:188} INFO - [2024-04-23T18:03:48.167+0000] {dagbag.py:540} INFO - Filling up the DagBag from /opt/airflow/dags/P2.py
[2024-04-23T18:03:51.862+0000] {processor.py:840} INFO - DAG(s) 'hola_mundo2' retrieved from /opt/airflow/dags/P2.py
[2024-04-23T18:03:51.990+0000] {logging_mixin.py:188} INFO - [2024-04-23T18:03:51.989+0000] {dag.py:3096} INFO - Sync 1 DAGs
[2024-04-23T18:03:52.060+0000] {logging_mixin.py:188} INFO - [2024-04-23T18:03:52.060+0000] {dag.py:3954} INFO - Setting next_dagrun for hola_mundo2 to None, run_after=None
[2024-04-23T18:03:53.701+0000] {processor.py:183} INFO - Processing /opt/airflow/dags/P2.py took 5.582 seconds
[2024-04-23T18:04:26.314+0000] {processor.py:161} INFO - Started process (PID=269) to work on /opt/airflow/dags/P2.py
[2024-04-23T18:04:26.320+0000] {processor.py:830} INFO - Processing file /opt/airflow/dags/P2.py for tasks to queue
[2024-04-23T18:04:26.323+0000] {logging_mixin.py:188} INFO - [2024-04-23T18:04:26.322+0000] {dagbag.py:540} INFO - Filling up the DagBag from /opt/airflow/dags/P2.py
[2024-04-23T18:04:28.129+0000] {processor.py:840} INFO - DAG(s) 'hola_mundo2' retrieved from /opt/airflow/dags/P2.py
[2024-04-23T18:04:28.190+0000] {logging_mixin.py:188} INFO - [2024-04-23T18:04:28.189+0000] {dag.py:3096} INFO - Sync 1 DAGs
[2024-04-23T18:04:28.205+0000] {logging_mixin.py:188} INFO - [2024-04-23T18:04:28.204+0000] {dag.py:3954} INFO - Setting next_dagrun for hola_mundo2 to None, run_after=None
[2024-04-23T18:04:29.013+0000] {processor.py:183} INFO - Processing /opt/airflow/dags/P2.py took 2.759 seconds
[2024-04-23T18:05:03.887+0000] {processor.py:161} INFO - Started process (PID=286) to work on /opt/airflow/dags/P2.py
[2024-04-23T18:05:03.889+0000] {processor.py:830} INFO - Processing file /opt/airflow/dags/P2.py for tasks to queue
[2024-04-23T18:05:03.900+0000] {logging_mixin.py:188} INFO - [2024-04-23T18:05:03.890+0000] {dagbag.py:540} INFO - Filling up the DagBag from /opt/airflow/dags/P2.py
[2024-04-23T18:05:06.824+0000] {processor.py:840} INFO - DAG(s) 'hola_mundo2' retrieved from /opt/airflow/dags/P2.py
[2024-04-23T18:05:06.920+0000] {logging_mixin.py:188} INFO - [2024-04-23T18:05:06.909+0000] {dag.py:3096} INFO - Sync 1 DAGs
[2024-04-23T18:05:06.959+0000] {logging_mixin.py:188} INFO - [2024-04-23T18:05:06.958+0000] {dag.py:3954} INFO - Setting next_dagrun for hola_mundo2 to None, run_after=None
[2024-04-23T18:05:07.955+0000] {processor.py:183} INFO - Processing /opt/airflow/dags/P2.py took 4.109 seconds
[2024-04-23T18:05:40.857+0000] {processor.py:161} INFO - Started process (PID=307) to work on /opt/airflow/dags/P2.py
[2024-04-23T18:05:40.870+0000] {processor.py:830} INFO - Processing file /opt/airflow/dags/P2.py for tasks to queue
[2024-04-23T18:05:40.915+0000] {logging_mixin.py:188} INFO - [2024-04-23T18:05:40.915+0000] {dagbag.py:540} INFO - Filling up the DagBag from /opt/airflow/dags/P2.py
[2024-04-23T18:05:54.036+0000] {processor.py:840} INFO - DAG(s) 'hola_mundo2' retrieved from /opt/airflow/dags/P2.py
[2024-04-23T18:05:54.164+0000] {logging_mixin.py:188} INFO - [2024-04-23T18:05:54.162+0000] {dag.py:3096} INFO - Sync 1 DAGs
[2024-04-23T18:05:54.256+0000] {logging_mixin.py:188} INFO - [2024-04-23T18:05:54.256+0000] {dag.py:3954} INFO - Setting next_dagrun for hola_mundo2 to None, run_after=None
[2024-04-23T18:05:54.918+0000] {processor.py:183} INFO - Processing /opt/airflow/dags/P2.py took 14.104 seconds
[2024-04-23T18:06:26.444+0000] {processor.py:161} INFO - Started process (PID=323) to work on /opt/airflow/dags/P2.py
[2024-04-23T18:06:26.464+0000] {processor.py:830} INFO - Processing file /opt/airflow/dags/P2.py for tasks to queue
[2024-04-23T18:06:26.471+0000] {logging_mixin.py:188} INFO - [2024-04-23T18:06:26.470+0000] {dagbag.py:540} INFO - Filling up the DagBag from /opt/airflow/dags/P2.py
[2024-04-23T18:06:30.795+0000] {processor.py:840} INFO - DAG(s) 'hola_mundo2' retrieved from /opt/airflow/dags/P2.py
[2024-04-23T18:06:30.911+0000] {logging_mixin.py:188} INFO - [2024-04-23T18:06:30.910+0000] {dag.py:3096} INFO - Sync 1 DAGs
[2024-04-23T18:06:30.991+0000] {logging_mixin.py:188} INFO - [2024-04-23T18:06:30.991+0000] {dag.py:3954} INFO - Setting next_dagrun for hola_mundo2 to None, run_after=None
[2024-04-23T18:06:36.890+0000] {processor.py:183} INFO - Processing /opt/airflow/dags/P2.py took 10.475 seconds
[2024-04-23T18:07:07.404+0000] {processor.py:161} INFO - Started process (PID=346) to work on /opt/airflow/dags/P2.py
[2024-04-23T18:07:07.408+0000] {processor.py:830} INFO - Processing file /opt/airflow/dags/P2.py for tasks to queue
[2024-04-23T18:07:07.468+0000] {logging_mixin.py:188} INFO - [2024-04-23T18:07:07.468+0000] {dagbag.py:540} INFO - Filling up the DagBag from /opt/airflow/dags/P2.py
[2024-04-23T18:07:14.137+0000] {processor.py:840} INFO - DAG(s) 'hola_mundo2' retrieved from /opt/airflow/dags/P2.py
[2024-04-23T18:07:14.204+0000] {logging_mixin.py:188} INFO - [2024-04-23T18:07:14.203+0000] {dag.py:3096} INFO - Sync 1 DAGs
[2024-04-23T18:07:14.247+0000] {logging_mixin.py:188} INFO - [2024-04-23T18:07:14.246+0000] {dag.py:3954} INFO - Setting next_dagrun for hola_mundo2 to None, run_after=None
[2024-04-23T18:07:15.661+0000] {processor.py:183} INFO - Processing /opt/airflow/dags/P2.py took 8.350 seconds
[2024-04-23T18:07:45.952+0000] {processor.py:161} INFO - Started process (PID=361) to work on /opt/airflow/dags/P2.py
[2024-04-23T18:07:45.965+0000] {processor.py:830} INFO - Processing file /opt/airflow/dags/P2.py for tasks to queue
[2024-04-23T18:07:45.967+0000] {logging_mixin.py:188} INFO - [2024-04-23T18:07:45.966+0000] {dagbag.py:540} INFO - Filling up the DagBag from /opt/airflow/dags/P2.py
[2024-04-23T18:07:51.306+0000] {processor.py:840} INFO - DAG(s) 'hola_mundo2' retrieved from /opt/airflow/dags/P2.py
[2024-04-23T18:07:51.458+0000] {logging_mixin.py:188} INFO - [2024-04-23T18:07:51.447+0000] {dag.py:3096} INFO - Sync 1 DAGs
[2024-04-23T18:07:51.507+0000] {logging_mixin.py:188} INFO - [2024-04-23T18:07:51.507+0000] {dag.py:3954} INFO - Setting next_dagrun for hola_mundo2 to None, run_after=None
[2024-04-23T18:07:51.608+0000] {processor.py:183} INFO - Processing /opt/airflow/dags/P2.py took 5.677 seconds
[2024-04-23T18:08:22.042+0000] {processor.py:161} INFO - Started process (PID=377) to work on /opt/airflow/dags/P2.py
[2024-04-23T18:08:22.056+0000] {processor.py:830} INFO - Processing file /opt/airflow/dags/P2.py for tasks to queue
[2024-04-23T18:08:22.074+0000] {logging_mixin.py:188} INFO - [2024-04-23T18:08:22.073+0000] {dagbag.py:540} INFO - Filling up the DagBag from /opt/airflow/dags/P2.py
[2024-04-23T18:08:24.016+0000] {processor.py:840} INFO - DAG(s) 'hola_mundo2' retrieved from /opt/airflow/dags/P2.py
[2024-04-23T18:08:24.097+0000] {logging_mixin.py:188} INFO - [2024-04-23T18:08:24.096+0000] {dag.py:3096} INFO - Sync 1 DAGs
[2024-04-23T18:08:24.155+0000] {logging_mixin.py:188} INFO - [2024-04-23T18:08:24.149+0000] {dag.py:3954} INFO - Setting next_dagrun for hola_mundo2 to None, run_after=None
[2024-04-23T18:08:24.204+0000] {processor.py:183} INFO - Processing /opt/airflow/dags/P2.py took 2.180 seconds
[2024-04-23T18:08:54.647+0000] {processor.py:161} INFO - Started process (PID=393) to work on /opt/airflow/dags/P2.py
[2024-04-23T18:08:54.660+0000] {processor.py:830} INFO - Processing file /opt/airflow/dags/P2.py for tasks to queue
[2024-04-23T18:08:54.682+0000] {logging_mixin.py:188} INFO - [2024-04-23T18:08:54.681+0000] {dagbag.py:540} INFO - Filling up the DagBag from /opt/airflow/dags/P2.py
[2024-04-23T18:08:58.668+0000] {processor.py:840} INFO - DAG(s) 'hola_mundo2' retrieved from /opt/airflow/dags/P2.py
[2024-04-23T18:08:58.829+0000] {logging_mixin.py:188} INFO - [2024-04-23T18:08:58.828+0000] {dag.py:3096} INFO - Sync 1 DAGs
[2024-04-23T18:08:58.911+0000] {logging_mixin.py:188} INFO - [2024-04-23T18:08:58.908+0000] {dag.py:3954} INFO - Setting next_dagrun for hola_mundo2 to None, run_after=None
[2024-04-23T18:09:00.268+0000] {processor.py:183} INFO - Processing /opt/airflow/dags/P2.py took 5.657 seconds
[2024-04-23T18:09:31.048+0000] {processor.py:161} INFO - Started process (PID=409) to work on /opt/airflow/dags/P2.py
[2024-04-23T18:09:31.073+0000] {processor.py:830} INFO - Processing file /opt/airflow/dags/P2.py for tasks to queue
[2024-04-23T18:09:31.078+0000] {logging_mixin.py:188} INFO - [2024-04-23T18:09:31.077+0000] {dagbag.py:540} INFO - Filling up the DagBag from /opt/airflow/dags/P2.py
[2024-04-23T18:09:33.680+0000] {processor.py:840} INFO - DAG(s) 'hola_mundo2' retrieved from /opt/airflow/dags/P2.py
[2024-04-23T18:09:33.868+0000] {logging_mixin.py:188} INFO - [2024-04-23T18:09:33.853+0000] {dag.py:3096} INFO - Sync 1 DAGs
[2024-04-23T18:09:33.999+0000] {logging_mixin.py:188} INFO - [2024-04-23T18:09:33.998+0000] {dag.py:3954} INFO - Setting next_dagrun for hola_mundo2 to None, run_after=None
[2024-04-23T18:09:34.439+0000] {processor.py:183} INFO - Processing /opt/airflow/dags/P2.py took 3.412 seconds
[2024-04-23T18:10:04.738+0000] {processor.py:161} INFO - Started process (PID=425) to work on /opt/airflow/dags/P2.py
[2024-04-23T18:10:04.740+0000] {processor.py:830} INFO - Processing file /opt/airflow/dags/P2.py for tasks to queue
[2024-04-23T18:10:04.741+0000] {logging_mixin.py:188} INFO - [2024-04-23T18:10:04.741+0000] {dagbag.py:540} INFO - Filling up the DagBag from /opt/airflow/dags/P2.py
[2024-04-23T18:10:06.300+0000] {processor.py:840} INFO - DAG(s) 'hola_mundo2' retrieved from /opt/airflow/dags/P2.py
[2024-04-23T18:10:06.348+0000] {logging_mixin.py:188} INFO - [2024-04-23T18:10:06.347+0000] {dag.py:3096} INFO - Sync 1 DAGs
[2024-04-23T18:10:06.371+0000] {logging_mixin.py:188} INFO - [2024-04-23T18:10:06.370+0000] {dag.py:3954} INFO - Setting next_dagrun for hola_mundo2 to None, run_after=None
[2024-04-23T18:10:06.423+0000] {processor.py:183} INFO - Processing /opt/airflow/dags/P2.py took 1.693 seconds
[2024-04-23T18:10:36.959+0000] {processor.py:161} INFO - Started process (PID=441) to work on /opt/airflow/dags/P2.py
[2024-04-23T18:10:37.107+0000] {processor.py:830} INFO - Processing file /opt/airflow/dags/P2.py for tasks to queue
[2024-04-23T18:10:37.110+0000] {logging_mixin.py:188} INFO - [2024-04-23T18:10:37.109+0000] {dagbag.py:540} INFO - Filling up the DagBag from /opt/airflow/dags/P2.py
[2024-04-23T18:10:38.293+0000] {processor.py:840} INFO - DAG(s) 'hola_mundo2' retrieved from /opt/airflow/dags/P2.py
[2024-04-23T18:10:38.331+0000] {logging_mixin.py:188} INFO - [2024-04-23T18:10:38.330+0000] {dag.py:3096} INFO - Sync 1 DAGs
[2024-04-23T18:10:38.355+0000] {logging_mixin.py:188} INFO - [2024-04-23T18:10:38.354+0000] {dag.py:3954} INFO - Setting next_dagrun for hola_mundo2 to None, run_after=None
[2024-04-23T18:10:39.186+0000] {processor.py:183} INFO - Processing /opt/airflow/dags/P2.py took 2.242 seconds
[2024-04-23T18:11:09.912+0000] {processor.py:161} INFO - Started process (PID=464) to work on /opt/airflow/dags/P2.py
[2024-04-23T18:11:09.930+0000] {processor.py:830} INFO - Processing file /opt/airflow/dags/P2.py for tasks to queue
[2024-04-23T18:11:09.936+0000] {logging_mixin.py:188} INFO - [2024-04-23T18:11:09.934+0000] {dagbag.py:540} INFO - Filling up the DagBag from /opt/airflow/dags/P2.py
[2024-04-23T18:11:11.802+0000] {processor.py:840} INFO - DAG(s) 'hola_mundo2' retrieved from /opt/airflow/dags/P2.py
[2024-04-23T18:11:12.349+0000] {logging_mixin.py:188} INFO - [2024-04-23T18:11:12.348+0000] {dag.py:3096} INFO - Sync 1 DAGs
[2024-04-23T18:11:12.571+0000] {logging_mixin.py:188} INFO - [2024-04-23T18:11:12.571+0000] {dag.py:3954} INFO - Setting next_dagrun for hola_mundo2 to None, run_after=None
[2024-04-23T18:11:13.583+0000] {processor.py:183} INFO - Processing /opt/airflow/dags/P2.py took 3.696 seconds
[2024-04-23T18:11:44.523+0000] {processor.py:161} INFO - Started process (PID=479) to work on /opt/airflow/dags/P2.py
[2024-04-23T18:11:44.535+0000] {processor.py:830} INFO - Processing file /opt/airflow/dags/P2.py for tasks to queue
[2024-04-23T18:11:44.538+0000] {logging_mixin.py:188} INFO - [2024-04-23T18:11:44.537+0000] {dagbag.py:540} INFO - Filling up the DagBag from /opt/airflow/dags/P2.py
[2024-04-23T18:11:45.922+0000] {processor.py:840} INFO - DAG(s) 'hola_mundo2' retrieved from /opt/airflow/dags/P2.py
[2024-04-23T18:11:45.963+0000] {logging_mixin.py:188} INFO - [2024-04-23T18:11:45.962+0000] {dag.py:3096} INFO - Sync 1 DAGs
[2024-04-23T18:11:45.980+0000] {logging_mixin.py:188} INFO - [2024-04-23T18:11:45.980+0000] {dag.py:3954} INFO - Setting next_dagrun for hola_mundo2 to None, run_after=None
[2024-04-23T18:11:46.003+0000] {processor.py:183} INFO - Processing /opt/airflow/dags/P2.py took 1.502 seconds
[2024-04-23T18:12:18.636+0000] {processor.py:161} INFO - Started process (PID=497) to work on /opt/airflow/dags/P2.py
[2024-04-23T18:12:18.640+0000] {processor.py:830} INFO - Processing file /opt/airflow/dags/P2.py for tasks to queue
[2024-04-23T18:12:18.649+0000] {logging_mixin.py:188} INFO - [2024-04-23T18:12:18.649+0000] {dagbag.py:540} INFO - Filling up the DagBag from /opt/airflow/dags/P2.py
[2024-04-23T18:12:21.632+0000] {processor.py:840} INFO - DAG(s) 'hola_mundo2' retrieved from /opt/airflow/dags/P2.py
[2024-04-23T18:12:21.744+0000] {logging_mixin.py:188} INFO - [2024-04-23T18:12:21.743+0000] {dag.py:3096} INFO - Sync 1 DAGs
[2024-04-23T18:12:21.806+0000] {logging_mixin.py:188} INFO - [2024-04-23T18:12:21.806+0000] {dag.py:3954} INFO - Setting next_dagrun for hola_mundo2 to None, run_after=None
[2024-04-23T18:12:21.913+0000] {processor.py:183} INFO - Processing /opt/airflow/dags/P2.py took 3.312 seconds
[2024-04-23T18:12:52.890+0000] {processor.py:161} INFO - Started process (PID=514) to work on /opt/airflow/dags/P2.py
[2024-04-23T18:12:52.892+0000] {processor.py:830} INFO - Processing file /opt/airflow/dags/P2.py for tasks to queue
[2024-04-23T18:12:52.904+0000] {logging_mixin.py:188} INFO - [2024-04-23T18:12:52.903+0000] {dagbag.py:540} INFO - Filling up the DagBag from /opt/airflow/dags/P2.py
[2024-04-23T18:12:55.630+0000] {processor.py:840} INFO - DAG(s) 'hola_mundo2' retrieved from /opt/airflow/dags/P2.py
[2024-04-23T18:12:56.202+0000] {logging_mixin.py:188} INFO - [2024-04-23T18:12:56.201+0000] {dag.py:3096} INFO - Sync 1 DAGs
[2024-04-23T18:12:56.274+0000] {logging_mixin.py:188} INFO - [2024-04-23T18:12:56.274+0000] {dag.py:3954} INFO - Setting next_dagrun for hola_mundo2 to None, run_after=None
[2024-04-23T18:12:58.377+0000] {processor.py:183} INFO - Processing /opt/airflow/dags/P2.py took 5.511 seconds
[2024-04-23T18:13:29.787+0000] {processor.py:161} INFO - Started process (PID=530) to work on /opt/airflow/dags/P2.py
[2024-04-23T18:13:29.789+0000] {processor.py:830} INFO - Processing file /opt/airflow/dags/P2.py for tasks to queue
[2024-04-23T18:13:29.791+0000] {logging_mixin.py:188} INFO - [2024-04-23T18:13:29.791+0000] {dagbag.py:540} INFO - Filling up the DagBag from /opt/airflow/dags/P2.py
[2024-04-23T18:13:33.019+0000] {processor.py:840} INFO - DAG(s) 'hola_mundo2' retrieved from /opt/airflow/dags/P2.py
[2024-04-23T18:13:33.124+0000] {logging_mixin.py:188} INFO - [2024-04-23T18:13:33.123+0000] {dag.py:3096} INFO - Sync 1 DAGs
[2024-04-23T18:13:33.191+0000] {logging_mixin.py:188} INFO - [2024-04-23T18:13:33.191+0000] {dag.py:3954} INFO - Setting next_dagrun for hola_mundo2 to None, run_after=None
[2024-04-23T18:13:34.353+0000] {processor.py:183} INFO - Processing /opt/airflow/dags/P2.py took 4.584 seconds
[2024-04-23T18:14:06.445+0000] {processor.py:161} INFO - Started process (PID=546) to work on /opt/airflow/dags/P2.py
[2024-04-23T18:14:06.448+0000] {processor.py:830} INFO - Processing file /opt/airflow/dags/P2.py for tasks to queue
[2024-04-23T18:14:06.450+0000] {logging_mixin.py:188} INFO - [2024-04-23T18:14:06.449+0000] {dagbag.py:540} INFO - Filling up the DagBag from /opt/airflow/dags/P2.py
[2024-04-23T18:14:09.784+0000] {processor.py:840} INFO - DAG(s) 'hola_mundo2' retrieved from /opt/airflow/dags/P2.py
[2024-04-23T18:14:09.904+0000] {logging_mixin.py:188} INFO - [2024-04-23T18:14:09.903+0000] {dag.py:3096} INFO - Sync 1 DAGs
[2024-04-23T18:14:09.958+0000] {logging_mixin.py:188} INFO - [2024-04-23T18:14:09.957+0000] {dag.py:3954} INFO - Setting next_dagrun for hola_mundo2 to None, run_after=None
[2024-04-23T18:14:10.288+0000] {processor.py:183} INFO - Processing /opt/airflow/dags/P2.py took 3.873 seconds
[2024-04-23T18:14:40.914+0000] {processor.py:161} INFO - Started process (PID=563) to work on /opt/airflow/dags/P2.py
[2024-04-23T18:14:40.926+0000] {processor.py:830} INFO - Processing file /opt/airflow/dags/P2.py for tasks to queue
[2024-04-23T18:14:40.936+0000] {logging_mixin.py:188} INFO - [2024-04-23T18:14:40.935+0000] {dagbag.py:540} INFO - Filling up the DagBag from /opt/airflow/dags/P2.py
[2024-04-23T18:14:42.881+0000] {processor.py:840} INFO - DAG(s) 'hola_mundo2' retrieved from /opt/airflow/dags/P2.py
[2024-04-23T18:14:42.919+0000] {logging_mixin.py:188} INFO - [2024-04-23T18:14:42.918+0000] {dag.py:3096} INFO - Sync 1 DAGs
[2024-04-23T18:14:42.936+0000] {logging_mixin.py:188} INFO - [2024-04-23T18:14:42.936+0000] {dag.py:3954} INFO - Setting next_dagrun for hola_mundo2 to None, run_after=None
[2024-04-23T18:14:43.529+0000] {processor.py:183} INFO - Processing /opt/airflow/dags/P2.py took 2.626 seconds
[2024-04-23T18:15:14.620+0000] {processor.py:161} INFO - Started process (PID=585) to work on /opt/airflow/dags/P2.py
[2024-04-23T18:15:14.666+0000] {processor.py:830} INFO - Processing file /opt/airflow/dags/P2.py for tasks to queue
[2024-04-23T18:15:14.709+0000] {logging_mixin.py:188} INFO - [2024-04-23T18:15:14.708+0000] {dagbag.py:540} INFO - Filling up the DagBag from /opt/airflow/dags/P2.py
[2024-04-23T18:15:17.212+0000] {processor.py:840} INFO - DAG(s) 'hola_mundo2' retrieved from /opt/airflow/dags/P2.py
[2024-04-23T18:15:17.394+0000] {logging_mixin.py:188} INFO - [2024-04-23T18:15:17.393+0000] {dag.py:3096} INFO - Sync 1 DAGs
[2024-04-23T18:15:17.541+0000] {logging_mixin.py:188} INFO - [2024-04-23T18:15:17.541+0000] {dag.py:3954} INFO - Setting next_dagrun for hola_mundo2 to None, run_after=None
[2024-04-23T18:15:17.635+0000] {processor.py:183} INFO - Processing /opt/airflow/dags/P2.py took 3.034 seconds
[2024-04-23T18:15:49.261+0000] {processor.py:161} INFO - Started process (PID=600) to work on /opt/airflow/dags/P2.py
[2024-04-23T18:15:49.272+0000] {processor.py:830} INFO - Processing file /opt/airflow/dags/P2.py for tasks to queue
[2024-04-23T18:15:49.285+0000] {logging_mixin.py:188} INFO - [2024-04-23T18:15:49.284+0000] {dagbag.py:540} INFO - Filling up the DagBag from /opt/airflow/dags/P2.py
[2024-04-23T18:15:53.648+0000] {processor.py:840} INFO - DAG(s) 'hola_mundo2' retrieved from /opt/airflow/dags/P2.py
[2024-04-23T18:15:53.770+0000] {logging_mixin.py:188} INFO - [2024-04-23T18:15:53.769+0000] {dag.py:3096} INFO - Sync 1 DAGs
[2024-04-23T18:15:53.817+0000] {logging_mixin.py:188} INFO - [2024-04-23T18:15:53.816+0000] {dag.py:3954} INFO - Setting next_dagrun for hola_mundo2 to None, run_after=None
[2024-04-23T18:15:54.059+0000] {processor.py:183} INFO - Processing /opt/airflow/dags/P2.py took 5.058 seconds
[2024-04-23T18:16:31.963+0000] {processor.py:161} INFO - Started process (PID=617) to work on /opt/airflow/dags/P2.py
[2024-04-23T18:16:31.996+0000] {processor.py:830} INFO - Processing file /opt/airflow/dags/P2.py for tasks to queue
[2024-04-23T18:16:32.008+0000] {logging_mixin.py:188} INFO - [2024-04-23T18:16:32.007+0000] {dagbag.py:540} INFO - Filling up the DagBag from /opt/airflow/dags/P2.py
[2024-04-23T18:16:35.382+0000] {processor.py:840} INFO - DAG(s) 'hola_mundo2' retrieved from /opt/airflow/dags/P2.py
[2024-04-23T18:16:35.487+0000] {logging_mixin.py:188} INFO - [2024-04-23T18:16:35.486+0000] {dag.py:3096} INFO - Sync 1 DAGs
[2024-04-23T18:16:35.572+0000] {logging_mixin.py:188} INFO - [2024-04-23T18:16:35.571+0000] {dag.py:3954} INFO - Setting next_dagrun for hola_mundo2 to None, run_after=None
[2024-04-23T18:16:41.303+0000] {processor.py:183} INFO - Processing /opt/airflow/dags/P2.py took 9.383 seconds
[2024-04-23T18:17:11.602+0000] {processor.py:161} INFO - Started process (PID=634) to work on /opt/airflow/dags/P2.py
[2024-04-23T18:17:11.605+0000] {processor.py:830} INFO - Processing file /opt/airflow/dags/P2.py for tasks to queue
[2024-04-23T18:17:11.608+0000] {logging_mixin.py:188} INFO - [2024-04-23T18:17:11.608+0000] {dagbag.py:540} INFO - Filling up the DagBag from /opt/airflow/dags/P2.py
[2024-04-23T18:17:14.503+0000] {processor.py:840} INFO - DAG(s) 'hola_mundo2' retrieved from /opt/airflow/dags/P2.py
[2024-04-23T18:17:14.624+0000] {logging_mixin.py:188} INFO - [2024-04-23T18:17:14.623+0000] {dag.py:3096} INFO - Sync 1 DAGs
[2024-04-23T18:17:14.682+0000] {logging_mixin.py:188} INFO - [2024-04-23T18:17:14.669+0000] {dag.py:3954} INFO - Setting next_dagrun for hola_mundo2 to None, run_after=None
[2024-04-23T18:17:14.936+0000] {processor.py:183} INFO - Processing /opt/airflow/dags/P2.py took 3.352 seconds
[2024-04-23T18:17:46.268+0000] {processor.py:161} INFO - Started process (PID=651) to work on /opt/airflow/dags/P2.py
[2024-04-23T18:17:46.270+0000] {processor.py:830} INFO - Processing file /opt/airflow/dags/P2.py for tasks to queue
[2024-04-23T18:17:46.272+0000] {logging_mixin.py:188} INFO - [2024-04-23T18:17:46.271+0000] {dagbag.py:540} INFO - Filling up the DagBag from /opt/airflow/dags/P2.py
[2024-04-23T18:17:48.469+0000] {processor.py:840} INFO - DAG(s) 'hola_mundo2' retrieved from /opt/airflow/dags/P2.py
[2024-04-23T18:17:48.562+0000] {logging_mixin.py:188} INFO - [2024-04-23T18:17:48.561+0000] {dag.py:3096} INFO - Sync 1 DAGs
[2024-04-23T18:17:48.582+0000] {logging_mixin.py:188} INFO - [2024-04-23T18:17:48.582+0000] {dag.py:3954} INFO - Setting next_dagrun for hola_mundo2 to None, run_after=None
[2024-04-23T18:17:50.048+0000] {processor.py:183} INFO - Processing /opt/airflow/dags/P2.py took 3.812 seconds
[2024-04-23T18:18:23.701+0000] {processor.py:161} INFO - Started process (PID=667) to work on /opt/airflow/dags/P2.py
[2024-04-23T18:18:23.721+0000] {processor.py:830} INFO - Processing file /opt/airflow/dags/P2.py for tasks to queue
[2024-04-23T18:18:23.740+0000] {logging_mixin.py:188} INFO - [2024-04-23T18:18:23.739+0000] {dagbag.py:540} INFO - Filling up the DagBag from /opt/airflow/dags/P2.py
[2024-04-23T18:18:28.154+0000] {processor.py:840} INFO - DAG(s) 'hola_mundo2' retrieved from /opt/airflow/dags/P2.py
[2024-04-23T18:18:28.324+0000] {logging_mixin.py:188} INFO - [2024-04-23T18:18:28.323+0000] {dag.py:3096} INFO - Sync 1 DAGs
[2024-04-23T18:18:28.379+0000] {logging_mixin.py:188} INFO - [2024-04-23T18:18:28.378+0000] {dag.py:3954} INFO - Setting next_dagrun for hola_mundo2 to None, run_after=None
[2024-04-23T18:18:28.682+0000] {processor.py:183} INFO - Processing /opt/airflow/dags/P2.py took 5.012 seconds
[2024-04-23T18:18:58.971+0000] {processor.py:161} INFO - Started process (PID=689) to work on /opt/airflow/dags/P2.py
[2024-04-23T18:18:58.996+0000] {processor.py:830} INFO - Processing file /opt/airflow/dags/P2.py for tasks to queue
[2024-04-23T18:18:59.003+0000] {logging_mixin.py:188} INFO - [2024-04-23T18:18:59.002+0000] {dagbag.py:540} INFO - Filling up the DagBag from /opt/airflow/dags/P2.py
[2024-04-23T18:19:00.968+0000] {processor.py:840} INFO - DAG(s) 'hola_mundo2' retrieved from /opt/airflow/dags/P2.py
[2024-04-23T18:19:01.083+0000] {logging_mixin.py:188} INFO - [2024-04-23T18:19:01.082+0000] {dag.py:3096} INFO - Sync 1 DAGs
[2024-04-23T18:19:01.135+0000] {logging_mixin.py:188} INFO - [2024-04-23T18:19:01.134+0000] {dag.py:3954} INFO - Setting next_dagrun for hola_mundo2 to None, run_after=None
[2024-04-23T18:19:01.247+0000] {processor.py:183} INFO - Processing /opt/airflow/dags/P2.py took 2.300 seconds
[2024-04-23T18:19:32.126+0000] {processor.py:161} INFO - Started process (PID=705) to work on /opt/airflow/dags/P2.py
[2024-04-23T18:19:32.130+0000] {processor.py:830} INFO - Processing file /opt/airflow/dags/P2.py for tasks to queue
[2024-04-23T18:19:32.140+0000] {logging_mixin.py:188} INFO - [2024-04-23T18:19:32.139+0000] {dagbag.py:540} INFO - Filling up the DagBag from /opt/airflow/dags/P2.py
[2024-04-23T18:19:35.020+0000] {processor.py:840} INFO - DAG(s) 'hola_mundo2' retrieved from /opt/airflow/dags/P2.py
[2024-04-23T18:19:35.124+0000] {logging_mixin.py:188} INFO - [2024-04-23T18:19:35.122+0000] {dag.py:3096} INFO - Sync 1 DAGs
[2024-04-23T18:19:35.175+0000] {logging_mixin.py:188} INFO - [2024-04-23T18:19:35.175+0000] {dag.py:3954} INFO - Setting next_dagrun for hola_mundo2 to None, run_after=None
[2024-04-23T18:19:35.353+0000] {processor.py:183} INFO - Processing /opt/airflow/dags/P2.py took 3.261 seconds
[2024-04-23T18:20:05.684+0000] {processor.py:161} INFO - Started process (PID=722) to work on /opt/airflow/dags/P2.py
[2024-04-23T18:20:05.687+0000] {processor.py:830} INFO - Processing file /opt/airflow/dags/P2.py for tasks to queue
[2024-04-23T18:20:05.699+0000] {logging_mixin.py:188} INFO - [2024-04-23T18:20:05.698+0000] {dagbag.py:540} INFO - Filling up the DagBag from /opt/airflow/dags/P2.py
[2024-04-23T18:20:08.338+0000] {processor.py:840} INFO - DAG(s) 'hola_mundo2' retrieved from /opt/airflow/dags/P2.py
[2024-04-23T18:20:08.449+0000] {logging_mixin.py:188} INFO - [2024-04-23T18:20:08.438+0000] {dag.py:3096} INFO - Sync 1 DAGs
[2024-04-23T18:20:08.604+0000] {logging_mixin.py:188} INFO - [2024-04-23T18:20:08.604+0000] {dag.py:3954} INFO - Setting next_dagrun for hola_mundo2 to None, run_after=None
[2024-04-23T18:20:08.836+0000] {processor.py:183} INFO - Processing /opt/airflow/dags/P2.py took 3.186 seconds
[2024-04-23T18:20:49.389+0000] {processor.py:161} INFO - Started process (PID=736) to work on /opt/airflow/dags/P2.py
[2024-04-23T18:20:49.454+0000] {processor.py:830} INFO - Processing file /opt/airflow/dags/P2.py for tasks to queue
[2024-04-23T18:20:49.456+0000] {logging_mixin.py:188} INFO - [2024-04-23T18:20:49.456+0000] {dagbag.py:540} INFO - Filling up the DagBag from /opt/airflow/dags/P2.py
[2024-04-23T18:20:53.544+0000] {processor.py:840} INFO - DAG(s) 'hola_mundo2' retrieved from /opt/airflow/dags/P2.py
[2024-04-23T18:20:53.693+0000] {logging_mixin.py:188} INFO - [2024-04-23T18:20:53.682+0000] {dag.py:3096} INFO - Sync 1 DAGs
[2024-04-23T18:20:53.761+0000] {logging_mixin.py:188} INFO - [2024-04-23T18:20:53.760+0000] {dag.py:3954} INFO - Setting next_dagrun for hola_mundo2 to None, run_after=None
[2024-04-23T18:20:53.871+0000] {processor.py:183} INFO - Processing /opt/airflow/dags/P2.py took 4.504 seconds
[2024-04-23T18:21:24.336+0000] {processor.py:161} INFO - Started process (PID=752) to work on /opt/airflow/dags/P2.py
[2024-04-23T18:21:24.338+0000] {processor.py:830} INFO - Processing file /opt/airflow/dags/P2.py for tasks to queue
[2024-04-23T18:21:24.339+0000] {logging_mixin.py:188} INFO - [2024-04-23T18:21:24.339+0000] {dagbag.py:540} INFO - Filling up the DagBag from /opt/airflow/dags/P2.py
[2024-04-23T18:21:25.585+0000] {processor.py:840} INFO - DAG(s) 'hola_mundo2' retrieved from /opt/airflow/dags/P2.py
[2024-04-23T18:21:25.621+0000] {logging_mixin.py:188} INFO - [2024-04-23T18:21:25.620+0000] {dag.py:3096} INFO - Sync 1 DAGs
[2024-04-23T18:21:25.642+0000] {logging_mixin.py:188} INFO - [2024-04-23T18:21:25.642+0000] {dag.py:3954} INFO - Setting next_dagrun for hola_mundo2 to None, run_after=None
[2024-04-23T18:21:25.672+0000] {processor.py:183} INFO - Processing /opt/airflow/dags/P2.py took 1.347 seconds
[2024-04-23T18:21:59.122+0000] {processor.py:161} INFO - Started process (PID=774) to work on /opt/airflow/dags/P2.py
[2024-04-23T18:21:59.154+0000] {processor.py:830} INFO - Processing file /opt/airflow/dags/P2.py for tasks to queue
[2024-04-23T18:21:59.171+0000] {logging_mixin.py:188} INFO - [2024-04-23T18:21:59.170+0000] {dagbag.py:540} INFO - Filling up the DagBag from /opt/airflow/dags/P2.py
[2024-04-23T18:22:02.042+0000] {processor.py:840} INFO - DAG(s) 'hola_mundo2' retrieved from /opt/airflow/dags/P2.py
[2024-04-23T18:22:02.091+0000] {logging_mixin.py:188} INFO - [2024-04-23T18:22:02.090+0000] {dag.py:3096} INFO - Sync 1 DAGs
[2024-04-23T18:22:02.142+0000] {logging_mixin.py:188} INFO - [2024-04-23T18:22:02.141+0000] {dag.py:3954} INFO - Setting next_dagrun for hola_mundo2 to None, run_after=None
[2024-04-23T18:22:02.674+0000] {processor.py:183} INFO - Processing /opt/airflow/dags/P2.py took 3.573 seconds
[2024-04-23T18:22:40.970+0000] {processor.py:161} INFO - Started process (PID=791) to work on /opt/airflow/dags/P2.py
[2024-04-23T18:22:40.972+0000] {processor.py:830} INFO - Processing file /opt/airflow/dags/P2.py for tasks to queue
[2024-04-23T18:22:40.974+0000] {logging_mixin.py:188} INFO - [2024-04-23T18:22:40.973+0000] {dagbag.py:540} INFO - Filling up the DagBag from /opt/airflow/dags/P2.py
[2024-04-23T18:22:43.727+0000] {processor.py:840} INFO - DAG(s) 'hola_mundo2' retrieved from /opt/airflow/dags/P2.py
[2024-04-23T18:22:43.797+0000] {logging_mixin.py:188} INFO - [2024-04-23T18:22:43.796+0000] {dag.py:3096} INFO - Sync 1 DAGs
[2024-04-23T18:22:43.835+0000] {logging_mixin.py:188} INFO - [2024-04-23T18:22:43.835+0000] {dag.py:3954} INFO - Setting next_dagrun for hola_mundo2 to None, run_after=None
[2024-04-23T18:22:45.206+0000] {processor.py:183} INFO - Processing /opt/airflow/dags/P2.py took 4.256 seconds
[2024-04-23T18:23:20.976+0000] {processor.py:161} INFO - Started process (PID=808) to work on /opt/airflow/dags/P2.py
[2024-04-23T18:23:20.981+0000] {processor.py:830} INFO - Processing file /opt/airflow/dags/P2.py for tasks to queue
[2024-04-23T18:23:20.983+0000] {logging_mixin.py:188} INFO - [2024-04-23T18:23:20.982+0000] {dagbag.py:540} INFO - Filling up the DagBag from /opt/airflow/dags/P2.py
[2024-04-23T18:23:23.791+0000] {processor.py:840} INFO - DAG(s) 'hola_mundo2' retrieved from /opt/airflow/dags/P2.py
[2024-04-23T18:23:23.900+0000] {logging_mixin.py:188} INFO - [2024-04-23T18:23:23.899+0000] {dag.py:3096} INFO - Sync 1 DAGs
[2024-04-23T18:23:23.961+0000] {logging_mixin.py:188} INFO - [2024-04-23T18:23:23.952+0000] {dag.py:3954} INFO - Setting next_dagrun for hola_mundo2 to None, run_after=None
[2024-04-23T18:23:24.053+0000] {processor.py:183} INFO - Processing /opt/airflow/dags/P2.py took 3.114 seconds
[2024-04-23T18:23:57.587+0000] {processor.py:161} INFO - Started process (PID=825) to work on /opt/airflow/dags/P2.py
[2024-04-23T18:23:57.609+0000] {processor.py:830} INFO - Processing file /opt/airflow/dags/P2.py for tasks to queue
[2024-04-23T18:23:57.643+0000] {logging_mixin.py:188} INFO - [2024-04-23T18:23:57.632+0000] {dagbag.py:540} INFO - Filling up the DagBag from /opt/airflow/dags/P2.py
[2024-04-23T18:24:02.598+0000] {processor.py:840} INFO - DAG(s) 'hola_mundo2' retrieved from /opt/airflow/dags/P2.py
[2024-04-23T18:24:02.739+0000] {logging_mixin.py:188} INFO - [2024-04-23T18:24:02.728+0000] {dag.py:3096} INFO - Sync 1 DAGs
[2024-04-23T18:24:02.856+0000] {logging_mixin.py:188} INFO - [2024-04-23T18:24:02.855+0000] {dag.py:3954} INFO - Setting next_dagrun for hola_mundo2 to None, run_after=None
[2024-04-23T18:24:03.015+0000] {processor.py:183} INFO - Processing /opt/airflow/dags/P2.py took 5.459 seconds
[2024-04-23T18:24:33.869+0000] {processor.py:161} INFO - Started process (PID=849) to work on /opt/airflow/dags/P2.py
[2024-04-23T18:24:33.871+0000] {processor.py:830} INFO - Processing file /opt/airflow/dags/P2.py for tasks to queue
[2024-04-23T18:24:33.874+0000] {logging_mixin.py:188} INFO - [2024-04-23T18:24:33.873+0000] {dagbag.py:540} INFO - Filling up the DagBag from /opt/airflow/dags/P2.py
[2024-04-23T18:24:36.223+0000] {processor.py:840} INFO - DAG(s) 'hola_mundo2' retrieved from /opt/airflow/dags/P2.py
[2024-04-23T18:24:36.315+0000] {logging_mixin.py:188} INFO - [2024-04-23T18:24:36.314+0000] {dag.py:3096} INFO - Sync 1 DAGs
[2024-04-23T18:24:36.360+0000] {logging_mixin.py:188} INFO - [2024-04-23T18:24:36.355+0000] {dag.py:3954} INFO - Setting next_dagrun for hola_mundo2 to None, run_after=None
[2024-04-23T18:24:36.430+0000] {processor.py:183} INFO - Processing /opt/airflow/dags/P2.py took 2.584 seconds
[2024-04-23T18:25:06.922+0000] {processor.py:161} INFO - Started process (PID=865) to work on /opt/airflow/dags/P2.py
[2024-04-23T18:25:06.924+0000] {processor.py:830} INFO - Processing file /opt/airflow/dags/P2.py for tasks to queue
[2024-04-23T18:25:06.926+0000] {logging_mixin.py:188} INFO - [2024-04-23T18:25:06.925+0000] {dagbag.py:540} INFO - Filling up the DagBag from /opt/airflow/dags/P2.py
[2024-04-23T18:25:09.452+0000] {processor.py:840} INFO - DAG(s) 'hola_mundo2' retrieved from /opt/airflow/dags/P2.py
[2024-04-23T18:25:09.564+0000] {logging_mixin.py:188} INFO - [2024-04-23T18:25:09.563+0000] {dag.py:3096} INFO - Sync 1 DAGs
[2024-04-23T18:25:09.616+0000] {logging_mixin.py:188} INFO - [2024-04-23T18:25:09.616+0000] {dag.py:3954} INFO - Setting next_dagrun for hola_mundo2 to None, run_after=None
[2024-04-23T18:25:09.710+0000] {processor.py:183} INFO - Processing /opt/airflow/dags/P2.py took 2.822 seconds
[2024-04-23T18:25:47.109+0000] {processor.py:161} INFO - Started process (PID=881) to work on /opt/airflow/dags/P2.py
[2024-04-23T18:25:47.112+0000] {processor.py:830} INFO - Processing file /opt/airflow/dags/P2.py for tasks to queue
[2024-04-23T18:25:47.123+0000] {logging_mixin.py:188} INFO - [2024-04-23T18:25:47.122+0000] {dagbag.py:540} INFO - Filling up the DagBag from /opt/airflow/dags/P2.py
[2024-04-23T18:25:50.209+0000] {processor.py:840} INFO - DAG(s) 'hola_mundo2' retrieved from /opt/airflow/dags/P2.py
[2024-04-23T18:25:50.289+0000] {logging_mixin.py:188} INFO - [2024-04-23T18:25:50.289+0000] {dag.py:3096} INFO - Sync 1 DAGs
[2024-04-23T18:25:50.357+0000] {logging_mixin.py:188} INFO - [2024-04-23T18:25:50.356+0000] {dag.py:3954} INFO - Setting next_dagrun for hola_mundo2 to None, run_after=None
[2024-04-23T18:25:50.847+0000] {processor.py:183} INFO - Processing /opt/airflow/dags/P2.py took 3.760 seconds
[2024-04-23T18:26:26.480+0000] {processor.py:161} INFO - Started process (PID=896) to work on /opt/airflow/dags/P2.py
[2024-04-23T18:26:26.482+0000] {processor.py:830} INFO - Processing file /opt/airflow/dags/P2.py for tasks to queue
[2024-04-23T18:26:26.485+0000] {logging_mixin.py:188} INFO - [2024-04-23T18:26:26.484+0000] {dagbag.py:540} INFO - Filling up the DagBag from /opt/airflow/dags/P2.py
[2024-04-23T18:26:27.748+0000] {processor.py:840} INFO - DAG(s) 'hola_mundo2' retrieved from /opt/airflow/dags/P2.py
[2024-04-23T18:26:27.799+0000] {logging_mixin.py:188} INFO - [2024-04-23T18:26:27.799+0000] {dag.py:3096} INFO - Sync 1 DAGs
[2024-04-23T18:26:27.833+0000] {logging_mixin.py:188} INFO - [2024-04-23T18:26:27.832+0000] {dag.py:3954} INFO - Setting next_dagrun for hola_mundo2 to None, run_after=None
[2024-04-23T18:26:28.313+0000] {processor.py:183} INFO - Processing /opt/airflow/dags/P2.py took 1.864 seconds
[2024-04-23T18:26:59.453+0000] {processor.py:161} INFO - Started process (PID=912) to work on /opt/airflow/dags/P2.py
[2024-04-23T18:26:59.455+0000] {processor.py:830} INFO - Processing file /opt/airflow/dags/P2.py for tasks to queue
[2024-04-23T18:26:59.467+0000] {logging_mixin.py:188} INFO - [2024-04-23T18:26:59.466+0000] {dagbag.py:540} INFO - Filling up the DagBag from /opt/airflow/dags/P2.py
[2024-04-23T18:27:02.933+0000] {processor.py:840} INFO - DAG(s) 'hola_mundo2' retrieved from /opt/airflow/dags/P2.py
[2024-04-23T18:27:03.033+0000] {logging_mixin.py:188} INFO - [2024-04-23T18:27:03.032+0000] {dag.py:3096} INFO - Sync 1 DAGs
[2024-04-23T18:27:03.081+0000] {logging_mixin.py:188} INFO - [2024-04-23T18:27:03.081+0000] {dag.py:3954} INFO - Setting next_dagrun for hola_mundo2 to None, run_after=None
[2024-04-23T18:27:03.804+0000] {processor.py:183} INFO - Processing /opt/airflow/dags/P2.py took 4.387 seconds
[2024-04-23T18:27:34.023+0000] {processor.py:161} INFO - Started process (PID=932) to work on /opt/airflow/dags/P2.py
[2024-04-23T18:27:34.027+0000] {processor.py:830} INFO - Processing file /opt/airflow/dags/P2.py for tasks to queue
[2024-04-23T18:27:34.037+0000] {logging_mixin.py:188} INFO - [2024-04-23T18:27:34.037+0000] {dagbag.py:540} INFO - Filling up the DagBag from /opt/airflow/dags/P2.py
[2024-04-23T18:27:36.534+0000] {processor.py:840} INFO - DAG(s) 'hola_mundo2' retrieved from /opt/airflow/dags/P2.py
[2024-04-23T18:27:36.610+0000] {logging_mixin.py:188} INFO - [2024-04-23T18:27:36.609+0000] {dag.py:3096} INFO - Sync 1 DAGs
[2024-04-23T18:27:36.646+0000] {logging_mixin.py:188} INFO - [2024-04-23T18:27:36.645+0000] {dag.py:3954} INFO - Setting next_dagrun for hola_mundo2 to None, run_after=None
[2024-04-23T18:27:37.567+0000] {processor.py:183} INFO - Processing /opt/airflow/dags/P2.py took 3.569 seconds
[2024-04-23T18:28:07.832+0000] {processor.py:161} INFO - Started process (PID=948) to work on /opt/airflow/dags/P2.py
[2024-04-23T18:28:07.848+0000] {processor.py:830} INFO - Processing file /opt/airflow/dags/P2.py for tasks to queue
[2024-04-23T18:28:07.860+0000] {logging_mixin.py:188} INFO - [2024-04-23T18:28:07.852+0000] {dagbag.py:540} INFO - Filling up the DagBag from /opt/airflow/dags/P2.py
[2024-04-23T18:28:09.970+0000] {processor.py:840} INFO - DAG(s) 'hola_mundo2' retrieved from /opt/airflow/dags/P2.py
[2024-04-23T18:28:10.053+0000] {logging_mixin.py:188} INFO - [2024-04-23T18:28:10.052+0000] {dag.py:3096} INFO - Sync 1 DAGs
[2024-04-23T18:28:10.101+0000] {logging_mixin.py:188} INFO - [2024-04-23T18:28:10.100+0000] {dag.py:3954} INFO - Setting next_dagrun for hola_mundo2 to None, run_after=None
[2024-04-23T18:28:10.426+0000] {processor.py:183} INFO - Processing /opt/airflow/dags/P2.py took 2.625 seconds
[2024-04-23T18:28:40.818+0000] {processor.py:161} INFO - Started process (PID=966) to work on /opt/airflow/dags/P2.py
[2024-04-23T18:28:40.821+0000] {processor.py:830} INFO - Processing file /opt/airflow/dags/P2.py for tasks to queue
[2024-04-23T18:28:40.824+0000] {logging_mixin.py:188} INFO - [2024-04-23T18:28:40.823+0000] {dagbag.py:540} INFO - Filling up the DagBag from /opt/airflow/dags/P2.py
[2024-04-23T18:28:47.400+0000] {processor.py:840} INFO - DAG(s) 'hola_mundo2' retrieved from /opt/airflow/dags/P2.py
[2024-04-23T18:28:47.825+0000] {logging_mixin.py:188} INFO - [2024-04-23T18:28:47.824+0000] {dag.py:3096} INFO - Sync 1 DAGs
[2024-04-23T18:28:48.015+0000] {logging_mixin.py:188} INFO - [2024-04-23T18:28:48.015+0000] {dag.py:3954} INFO - Setting next_dagrun for hola_mundo2 to None, run_after=None
[2024-04-23T18:28:48.864+0000] {processor.py:183} INFO - Processing /opt/airflow/dags/P2.py took 8.061 seconds
[2024-04-23T18:29:19.243+0000] {processor.py:161} INFO - Started process (PID=984) to work on /opt/airflow/dags/P2.py
[2024-04-23T18:29:19.255+0000] {processor.py:830} INFO - Processing file /opt/airflow/dags/P2.py for tasks to queue
[2024-04-23T18:29:19.257+0000] {logging_mixin.py:188} INFO - [2024-04-23T18:29:19.257+0000] {dagbag.py:540} INFO - Filling up the DagBag from /opt/airflow/dags/P2.py
[2024-04-23T18:29:20.878+0000] {processor.py:840} INFO - DAG(s) 'hola_mundo2' retrieved from /opt/airflow/dags/P2.py
[2024-04-23T18:29:20.941+0000] {logging_mixin.py:188} INFO - [2024-04-23T18:29:20.939+0000] {dag.py:3096} INFO - Sync 1 DAGs
[2024-04-23T18:29:20.977+0000] {logging_mixin.py:188} INFO - [2024-04-23T18:29:20.976+0000] {dag.py:3954} INFO - Setting next_dagrun for hola_mundo2 to None, run_after=None
[2024-04-23T18:29:21.035+0000] {processor.py:183} INFO - Processing /opt/airflow/dags/P2.py took 1.820 seconds
[2024-04-23T18:29:51.431+0000] {processor.py:161} INFO - Started process (PID=1001) to work on /opt/airflow/dags/P2.py
[2024-04-23T18:29:51.433+0000] {processor.py:830} INFO - Processing file /opt/airflow/dags/P2.py for tasks to queue
[2024-04-23T18:29:51.435+0000] {logging_mixin.py:188} INFO - [2024-04-23T18:29:51.434+0000] {dagbag.py:540} INFO - Filling up the DagBag from /opt/airflow/dags/P2.py
[2024-04-23T18:29:53.407+0000] {processor.py:840} INFO - DAG(s) 'hola_mundo2' retrieved from /opt/airflow/dags/P2.py
[2024-04-23T18:29:53.490+0000] {logging_mixin.py:188} INFO - [2024-04-23T18:29:53.489+0000] {dag.py:3096} INFO - Sync 1 DAGs
[2024-04-23T18:29:53.576+0000] {logging_mixin.py:188} INFO - [2024-04-23T18:29:53.576+0000] {dag.py:3954} INFO - Setting next_dagrun for hola_mundo2 to None, run_after=None
[2024-04-23T18:29:53.707+0000] {processor.py:183} INFO - Processing /opt/airflow/dags/P2.py took 2.293 seconds
[2024-04-23T18:30:24.548+0000] {processor.py:161} INFO - Started process (PID=1018) to work on /opt/airflow/dags/P2.py
[2024-04-23T18:30:24.556+0000] {processor.py:830} INFO - Processing file /opt/airflow/dags/P2.py for tasks to queue
[2024-04-23T18:30:24.557+0000] {logging_mixin.py:188} INFO - [2024-04-23T18:30:24.557+0000] {dagbag.py:540} INFO - Filling up the DagBag from /opt/airflow/dags/P2.py
[2024-04-23T18:30:25.809+0000] {processor.py:840} INFO - DAG(s) 'hola_mundo2' retrieved from /opt/airflow/dags/P2.py
[2024-04-23T18:30:25.851+0000] {logging_mixin.py:188} INFO - [2024-04-23T18:30:25.851+0000] {dag.py:3096} INFO - Sync 1 DAGs
[2024-04-23T18:30:25.872+0000] {logging_mixin.py:188} INFO - [2024-04-23T18:30:25.871+0000] {dag.py:3954} INFO - Setting next_dagrun for hola_mundo2 to None, run_after=None
[2024-04-23T18:30:28.648+0000] {processor.py:183} INFO - Processing /opt/airflow/dags/P2.py took 4.113 seconds
[2024-04-23T18:30:58.970+0000] {processor.py:161} INFO - Started process (PID=1034) to work on /opt/airflow/dags/P2.py
[2024-04-23T18:30:58.973+0000] {processor.py:830} INFO - Processing file /opt/airflow/dags/P2.py for tasks to queue
[2024-04-23T18:30:58.980+0000] {logging_mixin.py:188} INFO - [2024-04-23T18:30:58.978+0000] {dagbag.py:540} INFO - Filling up the DagBag from /opt/airflow/dags/P2.py
[2024-04-23T18:31:01.023+0000] {processor.py:840} INFO - DAG(s) 'hola_mundo2' retrieved from /opt/airflow/dags/P2.py
[2024-04-23T18:31:01.142+0000] {logging_mixin.py:188} INFO - [2024-04-23T18:31:01.142+0000] {dag.py:3096} INFO - Sync 1 DAGs
[2024-04-23T18:31:01.195+0000] {logging_mixin.py:188} INFO - [2024-04-23T18:31:01.195+0000] {dag.py:3954} INFO - Setting next_dagrun for hola_mundo2 to None, run_after=None
[2024-04-23T18:31:01.262+0000] {processor.py:183} INFO - Processing /opt/airflow/dags/P2.py took 2.316 seconds
[2024-04-23T18:31:32.046+0000] {processor.py:161} INFO - Started process (PID=1050) to work on /opt/airflow/dags/P2.py
[2024-04-23T18:31:32.070+0000] {processor.py:830} INFO - Processing file /opt/airflow/dags/P2.py for tasks to queue
[2024-04-23T18:31:32.073+0000] {logging_mixin.py:188} INFO - [2024-04-23T18:31:32.072+0000] {dagbag.py:540} INFO - Filling up the DagBag from /opt/airflow/dags/P2.py
[2024-04-23T18:31:34.126+0000] {processor.py:840} INFO - DAG(s) 'hola_mundo2' retrieved from /opt/airflow/dags/P2.py
[2024-04-23T18:31:34.279+0000] {logging_mixin.py:188} INFO - [2024-04-23T18:31:34.278+0000] {dag.py:3096} INFO - Sync 1 DAGs
[2024-04-23T18:31:34.346+0000] {logging_mixin.py:188} INFO - [2024-04-23T18:31:34.345+0000] {dag.py:3954} INFO - Setting next_dagrun for hola_mundo2 to None, run_after=None
[2024-04-23T18:31:37.107+0000] {processor.py:183} INFO - Processing /opt/airflow/dags/P2.py took 5.083 seconds
[2024-04-23T18:32:07.918+0000] {processor.py:161} INFO - Started process (PID=1071) to work on /opt/airflow/dags/P2.py
[2024-04-23T18:32:07.923+0000] {processor.py:830} INFO - Processing file /opt/airflow/dags/P2.py for tasks to queue
[2024-04-23T18:32:07.925+0000] {logging_mixin.py:188} INFO - [2024-04-23T18:32:07.924+0000] {dagbag.py:540} INFO - Filling up the DagBag from /opt/airflow/dags/P2.py
[2024-04-23T18:32:10.368+0000] {processor.py:840} INFO - DAG(s) 'hola_mundo2' retrieved from /opt/airflow/dags/P2.py
[2024-04-23T18:32:10.465+0000] {logging_mixin.py:188} INFO - [2024-04-23T18:32:10.463+0000] {dag.py:3096} INFO - Sync 1 DAGs
[2024-04-23T18:32:10.510+0000] {logging_mixin.py:188} INFO - [2024-04-23T18:32:10.510+0000] {dag.py:3954} INFO - Setting next_dagrun for hola_mundo2 to None, run_after=None
[2024-04-23T18:32:11.164+0000] {processor.py:183} INFO - Processing /opt/airflow/dags/P2.py took 3.267 seconds
[2024-04-23T18:32:41.816+0000] {processor.py:161} INFO - Started process (PID=1086) to work on /opt/airflow/dags/P2.py
[2024-04-23T18:32:41.829+0000] {processor.py:830} INFO - Processing file /opt/airflow/dags/P2.py for tasks to queue
[2024-04-23T18:32:41.830+0000] {logging_mixin.py:188} INFO - [2024-04-23T18:32:41.830+0000] {dagbag.py:540} INFO - Filling up the DagBag from /opt/airflow/dags/P2.py
[2024-04-23T18:32:43.446+0000] {processor.py:840} INFO - DAG(s) 'hola_mundo2' retrieved from /opt/airflow/dags/P2.py
[2024-04-23T18:32:43.544+0000] {logging_mixin.py:188} INFO - [2024-04-23T18:32:43.543+0000] {dag.py:3096} INFO - Sync 1 DAGs
[2024-04-23T18:32:43.577+0000] {logging_mixin.py:188} INFO - [2024-04-23T18:32:43.576+0000] {dag.py:3954} INFO - Setting next_dagrun for hola_mundo2 to None, run_after=None
[2024-04-23T18:32:44.770+0000] {processor.py:183} INFO - Processing /opt/airflow/dags/P2.py took 2.988 seconds
[2024-04-23T18:33:15.770+0000] {processor.py:161} INFO - Started process (PID=1102) to work on /opt/airflow/dags/P2.py
[2024-04-23T18:33:15.782+0000] {processor.py:830} INFO - Processing file /opt/airflow/dags/P2.py for tasks to queue
[2024-04-23T18:33:15.790+0000] {logging_mixin.py:188} INFO - [2024-04-23T18:33:15.789+0000] {dagbag.py:540} INFO - Filling up the DagBag from /opt/airflow/dags/P2.py
[2024-04-23T18:33:18.153+0000] {processor.py:840} INFO - DAG(s) 'hola_mundo2' retrieved from /opt/airflow/dags/P2.py
[2024-04-23T18:33:18.251+0000] {logging_mixin.py:188} INFO - [2024-04-23T18:33:18.250+0000] {dag.py:3096} INFO - Sync 1 DAGs
[2024-04-23T18:33:18.308+0000] {logging_mixin.py:188} INFO - [2024-04-23T18:33:18.307+0000] {dag.py:3954} INFO - Setting next_dagrun for hola_mundo2 to None, run_after=None
[2024-04-23T18:33:19.171+0000] {processor.py:183} INFO - Processing /opt/airflow/dags/P2.py took 3.424 seconds
[2024-04-23T18:33:50.207+0000] {processor.py:161} INFO - Started process (PID=1117) to work on /opt/airflow/dags/P2.py
[2024-04-23T18:33:50.225+0000] {processor.py:830} INFO - Processing file /opt/airflow/dags/P2.py for tasks to queue
[2024-04-23T18:33:50.244+0000] {logging_mixin.py:188} INFO - [2024-04-23T18:33:50.243+0000] {dagbag.py:540} INFO - Filling up the DagBag from /opt/airflow/dags/P2.py
[2024-04-23T18:33:51.319+0000] {processor.py:840} INFO - DAG(s) 'hola_mundo2' retrieved from /opt/airflow/dags/P2.py
[2024-04-23T18:33:51.373+0000] {logging_mixin.py:188} INFO - [2024-04-23T18:33:51.372+0000] {dag.py:3096} INFO - Sync 1 DAGs
[2024-04-23T18:33:51.408+0000] {logging_mixin.py:188} INFO - [2024-04-23T18:33:51.407+0000] {dag.py:3954} INFO - Setting next_dagrun for hola_mundo2 to None, run_after=None
[2024-04-23T18:33:53.777+0000] {processor.py:183} INFO - Processing /opt/airflow/dags/P2.py took 3.589 seconds
[2024-04-23T18:34:28.258+0000] {processor.py:161} INFO - Started process (PID=1133) to work on /opt/airflow/dags/P2.py
[2024-04-23T18:34:28.285+0000] {processor.py:830} INFO - Processing file /opt/airflow/dags/P2.py for tasks to queue
[2024-04-23T18:34:28.296+0000] {logging_mixin.py:188} INFO - [2024-04-23T18:34:28.295+0000] {dagbag.py:540} INFO - Filling up the DagBag from /opt/airflow/dags/P2.py
[2024-04-23T18:34:35.078+0000] {processor.py:840} INFO - DAG(s) 'hola_mundo2' retrieved from /opt/airflow/dags/P2.py
[2024-04-23T18:34:35.127+0000] {logging_mixin.py:188} INFO - [2024-04-23T18:34:35.126+0000] {dag.py:3096} INFO - Sync 1 DAGs
[2024-04-23T18:34:35.151+0000] {logging_mixin.py:188} INFO - [2024-04-23T18:34:35.150+0000] {dag.py:3954} INFO - Setting next_dagrun for hola_mundo2 to None, run_after=None
[2024-04-23T18:34:35.242+0000] {processor.py:183} INFO - Processing /opt/airflow/dags/P2.py took 7.019 seconds
[2024-04-23T18:35:42.027+0000] {processor.py:161} INFO - Started process (PID=1160) to work on /opt/airflow/dags/P2.py
[2024-04-23T18:35:42.029+0000] {processor.py:830} INFO - Processing file /opt/airflow/dags/P2.py for tasks to queue
[2024-04-23T18:35:42.039+0000] {logging_mixin.py:188} INFO - [2024-04-23T18:35:42.037+0000] {dagbag.py:540} INFO - Filling up the DagBag from /opt/airflow/dags/P2.py
[2024-04-23T18:35:48.928+0000] {processor.py:840} INFO - DAG(s) 'hola_mundo2' retrieved from /opt/airflow/dags/P2.py
[2024-04-23T18:35:48.957+0000] {logging_mixin.py:188} INFO - [2024-04-23T18:35:48.957+0000] {dag.py:3096} INFO - Sync 1 DAGs
[2024-04-23T18:35:48.971+0000] {logging_mixin.py:188} INFO - [2024-04-23T18:35:48.971+0000] {dag.py:3954} INFO - Setting next_dagrun for hola_mundo2 to None, run_after=None
[2024-04-23T18:35:49.025+0000] {processor.py:183} INFO - Processing /opt/airflow/dags/P2.py took 7.031 seconds
[2024-04-23T18:36:19.406+0000] {processor.py:161} INFO - Started process (PID=1178) to work on /opt/airflow/dags/P2.py
[2024-04-23T18:36:19.408+0000] {processor.py:830} INFO - Processing file /opt/airflow/dags/P2.py for tasks to queue
[2024-04-23T18:36:19.410+0000] {logging_mixin.py:188} INFO - [2024-04-23T18:36:19.409+0000] {dagbag.py:540} INFO - Filling up the DagBag from /opt/airflow/dags/P2.py
[2024-04-23T18:36:21.621+0000] {processor.py:840} INFO - DAG(s) 'hola_mundo2' retrieved from /opt/airflow/dags/P2.py
[2024-04-23T18:36:21.715+0000] {logging_mixin.py:188} INFO - [2024-04-23T18:36:21.705+0000] {dag.py:3096} INFO - Sync 1 DAGs
[2024-04-23T18:36:21.767+0000] {logging_mixin.py:188} INFO - [2024-04-23T18:36:21.767+0000] {dag.py:3954} INFO - Setting next_dagrun for hola_mundo2 to None, run_after=None
[2024-04-23T18:36:26.892+0000] {processor.py:183} INFO - Processing /opt/airflow/dags/P2.py took 7.500 seconds
[2024-04-23T18:36:57.663+0000] {processor.py:161} INFO - Started process (PID=1193) to work on /opt/airflow/dags/P2.py
[2024-04-23T18:36:57.679+0000] {processor.py:830} INFO - Processing file /opt/airflow/dags/P2.py for tasks to queue
[2024-04-23T18:36:57.697+0000] {logging_mixin.py:188} INFO - [2024-04-23T18:36:57.696+0000] {dagbag.py:540} INFO - Filling up the DagBag from /opt/airflow/dags/P2.py
[2024-04-23T18:37:02.948+0000] {processor.py:840} INFO - DAG(s) 'hola_mundo2' retrieved from /opt/airflow/dags/P2.py
[2024-04-23T18:37:03.024+0000] {logging_mixin.py:188} INFO - [2024-04-23T18:37:03.019+0000] {dag.py:3096} INFO - Sync 1 DAGs
[2024-04-23T18:37:03.066+0000] {logging_mixin.py:188} INFO - [2024-04-23T18:37:03.065+0000] {dag.py:3954} INFO - Setting next_dagrun for hola_mundo2 to None, run_after=None
[2024-04-23T18:37:03.152+0000] {processor.py:183} INFO - Processing /opt/airflow/dags/P2.py took 5.532 seconds
[2024-04-23T18:37:33.983+0000] {processor.py:161} INFO - Started process (PID=1210) to work on /opt/airflow/dags/P2.py
[2024-04-23T18:37:33.990+0000] {processor.py:830} INFO - Processing file /opt/airflow/dags/P2.py for tasks to queue
[2024-04-23T18:37:33.997+0000] {logging_mixin.py:188} INFO - [2024-04-23T18:37:33.992+0000] {dagbag.py:540} INFO - Filling up the DagBag from /opt/airflow/dags/P2.py
[2024-04-23T18:37:36.680+0000] {processor.py:840} INFO - DAG(s) 'hola_mundo2' retrieved from /opt/airflow/dags/P2.py
[2024-04-23T18:37:36.811+0000] {logging_mixin.py:188} INFO - [2024-04-23T18:37:36.804+0000] {dag.py:3096} INFO - Sync 1 DAGs
[2024-04-23T18:37:36.853+0000] {logging_mixin.py:188} INFO - [2024-04-23T18:37:36.853+0000] {dag.py:3954} INFO - Setting next_dagrun for hola_mundo2 to None, run_after=None
[2024-04-23T18:37:36.926+0000] {processor.py:183} INFO - Processing /opt/airflow/dags/P2.py took 2.966 seconds
